[I 2026-05-29 00:05:46,700] Trial 396 finished with value: 1.87058190153704 and parameters: {'ISTN': 61.25360141935458, 'I_gpe': 0.8405944589899379, 'I_gpi': 2.2435847869089085, 'noise_stn_sigma': 3.8315474033559673, 'noise_gpe_sigma': 117.78864077904241, 'noise_gpi_sigma': 54.28245809266915, 'g_stn_gpe_mult': 2.6539465720273916, 'g_gpe_stn_mult': 0.15780831118937627, 'g_stn_gpi_mult': 2.4505510734146743, 'g_gpe_gpi_mult': 0.44729999518064534}. Best is trial 341 with value: 0.2554296067222772.
[I 2026-05-29 00:05:47,710] Trial 397 finished with value: 0.26172741544246475 and parameters: {'ISTN': 62.00953259884878, 'I_gpe': 0.7721120008051169, 'I_gpi': 1.857495458310547, 'noise_stn_sigma': 3.1274890659249457, 'noise_gpe_sigma': 117.12764372734863, 'noise_gpi_sigma': 59.03967967541544, 'g_stn_gpe_mult': 2.877430532556542, 'g_gpe_stn_mult': 0.12065682662108167, 'g_stn_gpi_mult': 2.6969401408076794, 'g_gpe_gpi_mult': 0.43733207101184457}. Best is trial 341 with value: 0.2554296067222772.
[I 2026-05-29 00:05:48,717] Trial 398 finished with value: 1.8181951631129554 and parameters: {'ISTN': 64.91615938093784, 'I_gpe': 0.8548115858138629, 'I_gpi': 1.9967091379401818, 'noise_stn_sigma': 4.492002622017894, 'noise_gpe_sigma': 110.90984415628611, 'noise_gpi_sigma': 54.33143482235051, 'g_stn_gpe_mult': 2.9543829739661467, 'g_gpe_stn_mult': 0.14232670047077456, 'g_stn_gpi_mult': 2.440949541026029, 'g_gpe_gpi_mult': 0.4608471590872243}. Best is trial 341 with value: 0.2554296067222772.
[I 2026-05-29 00:05:49,728] Trial 399 finished with value: 0.5646950239298543 and parameters: {'ISTN': 61.256068375778504, 'I_gpe': 0.7608601606582106, 'I_gpi': 2.095159304714157, 'noise_stn_sigma': 3.0414875055393367, 'noise_gpe_sigma': 120.69587741428502, 'noise_gpi_sigma': 45.540972454703706, 'g_stn_gpe_mult': 2.810727719445344, 'g_gpe_stn_mult': 0.10037070806502055, 'g_stn_gpi_mult': 2.6449816531860058, 'g_gpe_gpi_mult': 0.44227236779342377}. Best is trial 341 with value: 0.2554296067222772.
[I 2026-05-29 00:05:50,738] Trial 400 finished with value: 6.862155526142988 and parameters: {'ISTN': 69.07005893794678, 'I_gpe': 1.0522903843738227, 'I_gpi': 1.6415100381291077, 'noise_stn_sigma': 3.5354307261878635, 'noise_gpe_sigma': 100.51704973796316, 'noise_gpi_sigma': 54.386004247602486, 'g_stn_gpe_mult': 2.7732247953068088, 'g_gpe_stn_mult': 0.1386193393158267, 'g_stn_gpi_mult': 2.514467853385737, 'g_gpe_gpi_mult': 0.3965547474118396}. Best is trial 341 with value: 0.2554296067222772.
[I 2026-05-29 00:05:51,748] Trial 401 finished with value: 0.3729423105612465 and parameters: {'ISTN': 63.81957763092609, 'I_gpe': 0.7661888935357387, 'I_gpi': 1.595226990620445, 'noise_stn_sigma': 2.5650786815588393, 'noise_gpe_sigma': 109.12526391129927, 'noise_gpi_sigma': 70.27794485965616, 'g_stn_gpe_mult': 3.09461889255065, 'g_gpe_stn_mult': 0.1475447235277118, 'g_stn_gpi_mult': 2.575131650636146, 'g_gpe_gpi_mult': 0.34852402241657615}. Best is trial 341 with value: 0.2554296067222772.
[I 2026-05-29 00:05:52,757] Trial 402 finished with value: 0.4348025366778362 and parameters: {'ISTN': 63.80134022719109, 'I_gpe': 0.8556008740362682, 'I_gpi': 1.93435877411829, 'noise_stn_sigma': 3.7282298295396012, 'noise_gpe_sigma': 118.30841095643828, 'noise_gpi_sigma': 48.03630465994738, 'g_stn_gpe_mult': 3.132182823986081, 'g_gpe_stn_mult': 0.17920046688187485, 'g_stn_gpi_mult': 2.7256027764917716, 'g_gpe_gpi_mult': 0.43562844358068875}. Best is trial 341 with value: 0.2554296067222772.
[I 2026-05-29 00:05:53,765] Trial 403 finished with value: 0.7566888105821794 and parameters: {'ISTN': 61.210439576873334, 'I_gpe': 0.8314628869107894, 'I_gpi': 2.07016602964287, 'noise_stn_sigma': 2.8834596705025675, 'noise_gpe_sigma': 114.76782849230784, 'noise_gpi_sigma': 49.476406664382125, 'g_stn_gpe_mult': 3.196049137682439, 'g_gpe_stn_mult': 0.11345411801588128, 'g_stn_gpi_mult': 2.440733806922071, 'g_gpe_gpi_mult': 0.5041642426398555}. Best is trial 341 with value: 0.2554296067222772.
[I 2026-05-29 00:05:54,774] Trial 404 finished with value: 0.23922886649122332 and parameters: {'ISTN': 61.04085841471952, 'I_gpe': 0.913967142719323, 'I_gpi': 2.1551338094908923, 'noise_stn_sigma': 3.392464001342975, 'noise_gpe_sigma': 110.56707573532508, 'noise_gpi_sigma': 55.756869230105394, 'g_stn_gpe_mult': 2.5615541957011, 'g_gpe_stn_mult': 0.18309193409482746, 'g_stn_gpi_mult': 2.553816201435059, 'g_gpe_gpi_mult': 0.49588970504996194}. Best is trial 404 with value: 0.23922886649122332.
[I 2026-05-29 00:05:55,785] Trial 405 finished with value: 0.9219092300262512 and parameters: {'ISTN': 64.19819556075969, 'I_gpe': 0.8539650815339093, 'I_gpi': 2.3739962756209403, 'noise_stn_sigma': 4.012840203061986, 'noise_gpe_sigma': 106.45083322252827, 'noise_gpi_sigma': 52.53634522352016, 'g_stn_gpe_mult': 2.8649307320550097, 'g_gpe_stn_mult': 0.16161714360213303, 'g_stn_gpi_mult': 2.6136818902957017, 'g_gpe_gpi_mult': 0.5625309856577898}. Best is trial 404 with value: 0.23922886649122332.
[I 2026-05-29 00:05:56,792] Trial 406 finished with value: 0.5854568827445052 and parameters: {'ISTN': 60.359897826749204, 'I_gpe': 0.690983897485256, 'I_gpi': 2.034412067427576, 'noise_stn_sigma': 3.469364514420394, 'noise_gpe_sigma': 108.69145425832698, 'noise_gpi_sigma': 54.08614347857417, 'g_stn_gpe_mult': 2.8023390679956255, 'g_gpe_stn_mult': 0.12903523633346065, 'g_stn_gpi_mult': 2.4847835099358466, 'g_gpe_gpi_mult': 0.43937579358152956}. Best is trial 404 with value: 0.23922886649122332.
[I 2026-05-29 00:05:57,800] Trial 407 finished with value: 0.25317387926232404 and parameters: {'ISTN': 61.67234010484818, 'I_gpe': 0.9453196145605618, 'I_gpi': 1.6846517218464314, 'noise_stn_sigma': 3.254776142938769, 'noise_gpe_sigma': 112.8822987158879, 'noise_gpi_sigma': 58.31481745157289, 'g_stn_gpe_mult': 2.7195884542598137, 'g_gpe_stn_mult': 0.1614709493500405, 'g_stn_gpi_mult': 2.7632938590271254, 'g_gpe_gpi_mult': 0.3732110797417058}. Best is trial 404 with value: 0.23922886649122332.
[I 2026-05-29 00:05:58,749] Trial 408 finished with value: 1000000.0 and parameters: {'ISTN': 63.74048678233655, 'I_gpe': 0.8009135123974911, 'I_gpi': 2.0985000225734494, 'noise_stn_sigma': 2.9851786262719164, 'noise_gpe_sigma': 103.3733330395211, 'noise_gpi_sigma': 54.744582359889385, 'g_stn_gpe_mult': 3.0770109661356093, 'g_gpe_stn_mult': 0.112763581671029, 'g_stn_gpi_mult': 2.495724172603994, 'g_gpe_gpi_mult': 0.42981959922828694}. Best is trial 404 with value: 0.23922886649122332.
[I 2026-05-29 00:05:59,759] Trial 409 finished with value: 0.7833172352875414 and parameters: {'ISTN': 62.37691249355989, 'I_gpe': 0.8103953731727788, 'I_gpi': 1.8843893951796242, 'noise_stn_sigma': 3.8906966326201435, 'noise_gpe_sigma': 109.6315992367983, 'noise_gpi_sigma': 57.72983702757018, 'g_stn_gpe_mult': 2.8242253624940368, 'g_gpe_stn_mult': 0.1407193126369422, 'g_stn_gpi_mult': 2.334745518826022, 'g_gpe_gpi_mult': 0.4715367198688987}. Best is trial 404 with value: 0.23922886649122332.
[I 2026-05-29 00:06:00,766] Trial 410 finished with value: 0.5882337577659542 and parameters: {'ISTN': 62.257617549232286, 'I_gpe': 0.8425477321122687, 'I_gpi': 2.36476032713007, 'noise_stn_sigma': 3.876426703363209, 'noise_gpe_sigma': 110.53904684029791, 'noise_gpi_sigma': 54.34229206527524, 'g_stn_gpe_mult': 2.8140242089240903, 'g_gpe_stn_mult': 0.15558940641564267, 'g_stn_gpi_mult': 2.218160446300664, 'g_gpe_gpi_mult': 0.5466330421471995}. Best is trial 404 with value: 0.23922886649122332.
[I 2026-05-29 00:06:01,775] Trial 411 finished with value: 0.33898464925380106 and parameters: {'ISTN': 64.00219578791543, 'I_gpe': 0.7872476227351526, 'I_gpi': 1.5297706555716937, 'noise_stn_sigma': 3.24249686432736, 'noise_gpe_sigma': 99.7870336071509, 'noise_gpi_sigma': 60.09144734215744, 'g_stn_gpe_mult': 2.739958392786919, 'g_gpe_stn_mult': 0.1410282598826071, 'g_stn_gpi_mult': 2.742481790230945, 'g_gpe_gpi_mult': 0.46557971437097184}. Best is trial 404 with value: 0.23922886649122332.
[I 2026-05-29 00:06:02,782] Trial 412 finished with value: 0.23716983372535058 and parameters: {'ISTN': 63.72258173420272, 'I_gpe': 0.9052847600493681, 'I_gpi': 2.100031469864953, 'noise_stn_sigma': 3.034752999656047, 'noise_gpe_sigma': 115.6433019599033, 'noise_gpi_sigma': 60.80256287085606, 'g_stn_gpe_mult': 2.866361614147407, 'g_gpe_stn_mult': 0.11726107933692315, 'g_stn_gpi_mult': 2.5912850131927647, 'g_gpe_gpi_mult': 0.46683075926055184}. Best is trial 412 with value: 0.23716983372535058.
[I 2026-05-29 00:06:03,789] Trial 413 finished with value: 0.27572634372198707 and parameters: {'ISTN': 61.07782322946669, 'I_gpe': 0.7885421147345824, 'I_gpi': 1.8127123182887848, 'noise_stn_sigma': 3.654451049384486, 'noise_gpe_sigma': 111.39727352926774, 'noise_gpi_sigma': 60.59719663280988, 'g_stn_gpe_mult': 2.66892221835577, 'g_gpe_stn_mult': 0.15843137293473958, 'g_stn_gpi_mult': 2.398336951409905, 'g_gpe_gpi_mult': 0.5151437983929309}. Best is trial 412 with value: 0.23716983372535058.
[I 2026-05-29 00:06:04,796] Trial 414 finished with value: 2.1343778639782096 and parameters: {'ISTN': 67.2700581356947, 'I_gpe': 0.9906752811817576, 'I_gpi': 2.3877337163413834, 'noise_stn_sigma': 3.1375080407489193, 'noise_gpe_sigma': 96.46336210523592, 'noise_gpi_sigma': 58.77897395412679, 'g_stn_gpe_mult': 2.656472802852017, 'g_gpe_stn_mult': 0.16093487841274134, 'g_stn_gpi_mult': 2.543268437509625, 'g_gpe_gpi_mult': 0.5212538584971795}. Best is trial 412 with value: 0.23716983372535058.
[I 2026-05-29 00:06:05,804] Trial 415 finished with value: 0.3040855082242916 and parameters: {'ISTN': 62.93770408280292, 'I_gpe': 0.7311834233299739, 'I_gpi': 2.091943351264087, 'noise_stn_sigma': 2.8468180369473433, 'noise_gpe_sigma': 114.8744873654192, 'noise_gpi_sigma': 49.17084125910534, 'g_stn_gpe_mult': 2.935769718755017, 'g_gpe_stn_mult': 0.14686763022569158, 'g_stn_gpi_mult': 2.8599258396474907, 'g_gpe_gpi_mult': 0.4670368326552262}. Best is trial 412 with value: 0.23716983372535058.
[I 2026-05-29 00:06:06,813] Trial 416 finished with value: 0.6101690500359045 and parameters: {'ISTN': 61.45068476609203, 'I_gpe': 0.7453891520991027, 'I_gpi': 1.6455715058798774, 'noise_stn_sigma': 3.276579804462082, 'noise_gpe_sigma': 99.94219183918688, 'noise_gpi_sigma': 49.98780868099063, 'g_stn_gpe_mult': 2.7372496099700423, 'g_gpe_stn_mult': 0.19727771007369838, 'g_stn_gpi_mult': 2.500510986149198, 'g_gpe_gpi_mult': 0.3983706191338275}. Best is trial 412 with value: 0.23716983372535058.
[I 2026-05-29 00:06:07,822] Trial 417 finished with value: 0.5712647662358737 and parameters: {'ISTN': 63.99136484997894, 'I_gpe': 0.8686582090365282, 'I_gpi': 1.9387339597339546, 'noise_stn_sigma': 2.873874536666251, 'noise_gpe_sigma': 122.35869665251977, 'noise_gpi_sigma': 58.170159567130504, 'g_stn_gpe_mult': 2.9973954184021445, 'g_gpe_stn_mult': 0.19396535580233576, 'g_stn_gpi_mult': 2.804307036426672, 'g_gpe_gpi_mult': 0.4733026365649588}. Best is trial 412 with value: 0.23716983372535058.
[I 2026-05-29 00:06:08,828] Trial 418 finished with value: 5.445664574283223 and parameters: {'ISTN': 67.11188566605601, 'I_gpe': 1.0081273258304029, 'I_gpi': 2.0168581877332312, 'noise_stn_sigma': 3.1270761037488333, 'noise_gpe_sigma': 104.01272488682262, 'noise_gpi_sigma': 54.416500018611295, 'g_stn_gpe_mult': 2.5824669941908964, 'g_gpe_stn_mult': 0.17639479325129548, 'g_stn_gpi_mult': 2.2464425953045684, 'g_gpe_gpi_mult': 0.5033791322632253}. Best is trial 412 with value: 0.23716983372535058.
[I 2026-05-29 00:06:09,836] Trial 419 finished with value: 0.3403123547484399 and parameters: {'ISTN': 62.49277871269602, 'I_gpe': 0.9500150947322468, 'I_gpi': 1.8780384075160867, 'noise_stn_sigma': 3.3399816035477223, 'noise_gpe_sigma': 114.27724039011257, 'noise_gpi_sigma': 58.187850721361976, 'g_stn_gpe_mult': 2.856110296420286, 'g_gpe_stn_mult': 0.22000862577577945, 'g_stn_gpi_mult': 2.2552295824564386, 'g_gpe_gpi_mult': 0.3812199794593828}. Best is trial 412 with value: 0.23716983372535058.
[I 2026-05-29 00:06:10,844] Trial 420 finished with value: 0.2792630129808369 and parameters: {'ISTN': 64.91996987409364, 'I_gpe': 0.9109528760072493, 'I_gpi': 1.5860225682677949, 'noise_stn_sigma': 2.8372169796297855, 'noise_gpe_sigma': 110.01716210447255, 'noise_gpi_sigma': 62.962063555453696, 'g_stn_gpe_mult': 2.663742566720516, 'g_gpe_stn_mult': 0.16376411121795154, 'g_stn_gpi_mult': 2.957571713890228, 'g_gpe_gpi_mult': 0.2717715276344671}. Best is trial 412 with value: 0.23716983372535058.
[I 2026-05-29 00:06:11,854] Trial 421 finished with value: 3.80750747856359 and parameters: {'ISTN': 68.06799118411872, 'I_gpe': 1.1630698146057163, 'I_gpi': 2.095824910176127, 'noise_stn_sigma': 3.3693031682018226, 'noise_gpe_sigma': 109.64266145566273, 'noise_gpi_sigma': 73.08214837855076, 'g_stn_gpe_mult': 3.349652729243242, 'g_gpe_stn_mult': 0.18219360830743003, 'g_stn_gpi_mult': 2.5340409991229973, 'g_gpe_gpi_mult': 0.412726310732661}. Best is trial 412 with value: 0.23716983372535058.
[I 2026-05-29 00:06:12,862] Trial 422 finished with value: 2.731672069608842 and parameters: {'ISTN': 69.24985029219607, 'I_gpe': 0.851185804070403, 'I_gpi': 1.7928069091666823, 'noise_stn_sigma': 2.8986391366632094, 'noise_gpe_sigma': 112.08282936577976, 'noise_gpi_sigma': 65.81731189303093, 'g_stn_gpe_mult': 2.6318197568130337, 'g_gpe_stn_mult': 0.13066303699257092, 'g_stn_gpi_mult': 2.5339560370479037, 'g_gpe_gpi_mult': 0.5258303984541083}. Best is trial 412 with value: 0.23716983372535058.
[I 2026-05-29 00:06:13,811] Trial 423 finished with value: 1000000.0 and parameters: {'ISTN': 67.05138478499464, 'I_gpe': 0.9074819273977763, 'I_gpi': 1.9814150496282985, 'noise_stn_sigma': 3.0071195775455224, 'noise_gpe_sigma': 110.41075269574698, 'noise_gpi_sigma': 59.95923442953808, 'g_stn_gpe_mult': 2.6733503644138636, 'g_gpe_stn_mult': 0.19872282470708125, 'g_stn_gpi_mult': 2.614897269863091, 'g_gpe_gpi_mult': 0.44800120757915535}. Best is trial 412 with value: 0.23716983372535058.
[I 2026-05-29 00:06:14,817] Trial 424 finished with value: 0.2861162448446711 and parameters: {'ISTN': 64.0932367219662, 'I_gpe': 0.8334379627421896, 'I_gpi': 2.19377933151929, 'noise_stn_sigma': 2.818728315890669, 'noise_gpe_sigma': 106.55549194743743, 'noise_gpi_sigma': 55.016842282082884, 'g_stn_gpe_mult': 2.781148761591626, 'g_gpe_stn_mult': 0.15523306770761602, 'g_stn_gpi_mult': 2.4100215183236084, 'g_gpe_gpi_mult': 0.49516967772600246}. Best is trial 412 with value: 0.23716983372535058.
[I 2026-05-29 00:06:15,824] Trial 425 finished with value: 0.26092344110153454 and parameters: {'ISTN': 61.74146890913046, 'I_gpe': 0.8679559514565138, 'I_gpi': 2.2381809084441118, 'noise_stn_sigma': 3.1057724725872844, 'noise_gpe_sigma': 116.9151581483418, 'noise_gpi_sigma': 57.75178212845341, 'g_stn_gpe_mult': 2.6266595601562104, 'g_gpe_stn_mult': 0.10790737287230263, 'g_stn_gpi_mult': 2.3832030278083196, 'g_gpe_gpi_mult': 0.4891152047406048}. Best is trial 412 with value: 0.23716983372535058.
[I 2026-05-29 00:06:16,830] Trial 426 finished with value: 0.6596917982912279 and parameters: {'ISTN': 64.28796557142714, 'I_gpe': 1.1816424299997, 'I_gpi': 2.738410706611255, 'noise_stn_sigma': 3.6220624155705026, 'noise_gpe_sigma': 123.53979706324326, 'noise_gpi_sigma': 46.230288676257125, 'g_stn_gpe_mult': 2.9146410689001874, 'g_gpe_stn_mult': 0.1255424419695059, 'g_stn_gpi_mult': 2.776577657472829, 'g_gpe_gpi_mult': 0.5570518947019558}. Best is trial 412 with value: 0.23716983372535058.
[I 2026-05-29 00:06:17,837] Trial 427 finished with value: 0.2691829971997639 and parameters: {'ISTN': 61.792179048233834, 'I_gpe': 0.7687138169772372, 'I_gpi': 2.0626620826234046, 'noise_stn_sigma': 3.6036320040579284, 'noise_gpe_sigma': 110.47872174861116, 'noise_gpi_sigma': 62.90445156935418, 'g_stn_gpe_mult': 2.8755682199090686, 'g_gpe_stn_mult': 0.10545405142429667, 'g_stn_gpi_mult': 2.3059263288659517, 'g_gpe_gpi_mult': 0.5254522506434867}. Best is trial 412 with value: 0.23716983372535058.
[I 2026-05-29 00:06:18,845] Trial 428 finished with value: 0.30628212100297514 and parameters: {'ISTN': 63.5443690142421, 'I_gpe': 0.7709312860168436, 'I_gpi': 1.8389132068285388, 'noise_stn_sigma': 3.693838932183552, 'noise_gpe_sigma': 111.13429301701193, 'noise_gpi_sigma': 54.02570952585977, 'g_stn_gpe_mult': 2.79925907345288, 'g_gpe_stn_mult': 0.15765156078453094, 'g_stn_gpi_mult': 2.4359428467862276, 'g_gpe_gpi_mult': 0.45639863436673467}. Best is trial 412 with value: 0.23716983372535058.
[I 2026-05-29 00:06:19,854] Trial 429 finished with value: 1.061705510827278 and parameters: {'ISTN': 64.83169194849685, 'I_gpe': 0.634013543895726, 'I_gpi': 1.5196123984752539, 'noise_stn_sigma': 2.5118233214233636, 'noise_gpe_sigma': 105.41931057373891, 'noise_gpi_sigma': 58.79279687780426, 'g_stn_gpe_mult': 2.816653485526381, 'g_gpe_stn_mult': 0.10012385212964886, 'g_stn_gpi_mult': 2.69372410109039, 'g_gpe_gpi_mult': 0.417799798451284}. Best is trial 412 with value: 0.23716983372535058.
[I 2026-05-29 00:06:20,863] Trial 430 finished with value: 0.31552490061854827 and parameters: {'ISTN': 65.20103257567443, 'I_gpe': 0.801076350349554, 'I_gpi': 2.1923015623071747, 'noise_stn_sigma': 3.2078449274130625, 'noise_gpe_sigma': 109.1618461412133, 'noise_gpi_sigma': 57.47062678976301, 'g_stn_gpe_mult': 2.679083549671965, 'g_gpe_stn_mult': 0.1510957724804252, 'g_stn_gpi_mult': 2.6212070534925402, 'g_gpe_gpi_mult': 0.47109697483785307}. Best is trial 412 with value: 0.23716983372535058.
[I 2026-05-29 00:06:21,872] Trial 431 finished with value: 1.8067807298709588 and parameters: {'ISTN': 62.65506306524188, 'I_gpe': 1.162845495618233, 'I_gpi': 2.4808954660209688, 'noise_stn_sigma': 3.461534400689862, 'noise_gpe_sigma': 115.37731291658118, 'noise_gpi_sigma': 52.87297293634486, 'g_stn_gpe_mult': 2.620888909782269, 'g_gpe_stn_mult': 0.13639528812754775, 'g_stn_gpi_mult': 2.339890492218701, 'g_gpe_gpi_mult': 0.5240046848832614}. Best is trial 412 with value: 0.23716983372535058.
[I 2026-05-29 00:06:22,881] Trial 432 finished with value: 1.3393435401208649 and parameters: {'ISTN': 62.75603655738846, 'I_gpe': 1.1487798133478522, 'I_gpi': 2.3784790134271776, 'noise_stn_sigma': 3.243078278698035, 'noise_gpe_sigma': 115.65933663192921, 'noise_gpi_sigma': 58.720207991129996, 'g_stn_gpe_mult': 2.781931644119928, 'g_gpe_stn_mult': 0.16916851661876517, 'g_stn_gpi_mult': 2.470217882521113, 'g_gpe_gpi_mult': 0.4478701208841991}. Best is trial 412 with value: 0.23716983372535058.
[I 2026-05-29 00:06:23,893] Trial 433 finished with value: 0.2520148133778468 and parameters: {'ISTN': 60.44451894969693, 'I_gpe': 0.9306129559239326, 'I_gpi': 2.0810181665117584, 'noise_stn_sigma': 2.680989517411239, 'noise_gpe_sigma': 122.50410283480697, 'noise_gpi_sigma': 49.534407942060554, 'g_stn_gpe_mult': 2.525908466879754, 'g_gpe_stn_mult': 0.11617617982898079, 'g_stn_gpi_mult': 2.5722272145744154, 'g_gpe_gpi_mult': 0.5279187697621588}. Best is trial 412 with value: 0.23716983372535058.
[I 2026-05-29 00:06:24,901] Trial 434 finished with value: 0.432538619718783 and parameters: {'ISTN': 64.75866071748082, 'I_gpe': 0.5019390525896938, 'I_gpi': 2.1914364704843026, 'noise_stn_sigma': 2.8274549168750336, 'noise_gpe_sigma': 102.2913163131272, 'noise_gpi_sigma': 57.92308417982593, 'g_stn_gpe_mult': 2.6304959741113993, 'g_gpe_stn_mult': 0.11602887655167168, 'g_stn_gpi_mult': 2.3350957054478343, 'g_gpe_gpi_mult': 0.46914402106029174}. Best is trial 412 with value: 0.23716983372535058.
[I 2026-05-29 00:06:25,909] Trial 435 finished with value: 0.25736298665672613 and parameters: {'ISTN': 62.3804982992677, 'I_gpe': 0.8971330793065759, 'I_gpi': 2.2487176231258093, 'noise_stn_sigma': 2.709200095086809, 'noise_gpe_sigma': 107.61556928678186, 'noise_gpi_sigma': 50.51515013480995, 'g_stn_gpe_mult': 2.7072110786539842, 'g_gpe_stn_mult': 0.12616958241254297, 'g_stn_gpi_mult': 2.0723821874638997, 'g_gpe_gpi_mult': 0.5429557300254828}. Best is trial 412 with value: 0.23716983372535058.
[I 2026-05-29 00:06:26,918] Trial 436 finished with value: 2.0867806802654885 and parameters: {'ISTN': 67.35994569354764, 'I_gpe': 0.6650440260218028, 'I_gpi': 2.1347681247604484, 'noise_stn_sigma': 3.4052101737583156, 'noise_gpe_sigma': 106.78091923349231, 'noise_gpi_sigma': 63.23054126695917, 'g_stn_gpe_mult': 2.7883048904444667, 'g_gpe_stn_mult': 0.15880444516288378, 'g_stn_gpi_mult': 2.323282998200315, 'g_gpe_gpi_mult': 0.3951131249017575}. Best is trial 412 with value: 0.23716983372535058.
[I 2026-05-29 00:06:27,926] Trial 437 finished with value: 0.25341330348834135 and parameters: {'ISTN': 62.726463739224585, 'I_gpe': 0.8198164418412237, 'I_gpi': 2.0388352361481314, 'noise_stn_sigma': 3.0044407010083267, 'noise_gpe_sigma': 113.5420031959379, 'noise_gpi_sigma': 66.54103927274855, 'g_stn_gpe_mult': 2.8244058656247994, 'g_gpe_stn_mult': 0.14474559909558465, 'g_stn_gpi_mult': 2.488810471936293, 'g_gpe_gpi_mult': 0.41585487463967863}. Best is trial 412 with value: 0.23716983372535058.
[I 2026-05-29 00:06:28,933] Trial 438 finished with value: 0.22309983787259802 and parameters: {'ISTN': 63.293321316035254, 'I_gpe': 1.0669548286717059, 'I_gpi': 2.3591916224848846, 'noise_stn_sigma': 3.3166639112347367, 'noise_gpe_sigma': 109.37151369193813, 'noise_gpi_sigma': 61.28766349036602, 'g_stn_gpe_mult': 2.7879673246206442, 'g_gpe_stn_mult': 0.10161855952391684, 'g_stn_gpi_mult': 2.341248216595832, 'g_gpe_gpi_mult': 0.5816007023561731}. Best is trial 438 with value: 0.22309983787259802.
[I 2026-05-29 00:06:29,939] Trial 439 finished with value: 0.29964195529621507 and parameters: {'ISTN': 60.75266504000833, 'I_gpe': 0.79449514517421, 'I_gpi': 1.7317843440307434, 'noise_stn_sigma': 3.0722192281639877, 'noise_gpe_sigma': 110.13739277142649, 'noise_gpi_sigma': 67.75130612080727, 'g_stn_gpe_mult': 2.5387875636516526, 'g_gpe_stn_mult': 0.1326767065092926, 'g_stn_gpi_mult': 2.4389500501897965, 'g_gpe_gpi_mult': 0.3423738790682772}. Best is trial 438 with value: 0.22309983787259802.
