[I 2026-05-28 23:53:58,444] Trial 704 finished with value: 0.1527802429012111 and parameters: {'ISTN': 60.67525248058819, 'I_gpe': 1.4736641210778703, 'I_gpi': 2.105266826128199, 'noise_stn_sigma': 2.9737885266165396, 'noise_gpe_sigma': 92.37721990873892, 'noise_gpi_sigma': 76.50483322435369, 'g_stn_gpe_mult': 2.605668425417485, 'g_gpe_stn_mult': 0.11755150053210084, 'g_stn_gpi_mult': 2.0509303695743384, 'g_gpe_gpi_mult': 0.9846222073522088}. Best is trial 671 with value: 0.12601243048775554.
[I 2026-05-28 23:53:59,453] Trial 705 finished with value: 0.14245830921703206 and parameters: {'ISTN': 62.88993993346767, 'I_gpe': 1.3124185045433159, 'I_gpi': 2.26934975570619, 'noise_stn_sigma': 3.1578086260377014, 'noise_gpe_sigma': 102.48443046661109, 'noise_gpi_sigma': 85.38147911927881, 'g_stn_gpe_mult': 2.7237152010757573, 'g_gpe_stn_mult': 0.11986650127990926, 'g_stn_gpi_mult': 1.676312423264087, 'g_gpe_gpi_mult': 1.0551534888481657}. Best is trial 671 with value: 0.12601243048775554.
[I 2026-05-28 23:54:00,461] Trial 706 finished with value: 0.13882998227786908 and parameters: {'ISTN': 61.710939151976056, 'I_gpe': 1.3601419198526952, 'I_gpi': 2.151058671815922, 'noise_stn_sigma': 3.24162017063524, 'noise_gpe_sigma': 93.50651299822867, 'noise_gpi_sigma': 79.6384972609103, 'g_stn_gpe_mult': 2.654293832307636, 'g_gpe_stn_mult': 0.1218071640272113, 'g_stn_gpi_mult': 1.8843108639961423, 'g_gpe_gpi_mult': 1.0641340275505036}. Best is trial 671 with value: 0.12601243048775554.
[I 2026-05-28 23:54:01,407] Trial 707 finished with value: 1000000.0 and parameters: {'ISTN': 61.783157829033925, 'I_gpe': 1.4753175664359612, 'I_gpi': 2.0814014956161584, 'noise_stn_sigma': 3.0158145393828875, 'noise_gpe_sigma': 94.51559808731442, 'noise_gpi_sigma': 79.6362470508563, 'g_stn_gpe_mult': 2.5369177086870107, 'g_gpe_stn_mult': 0.12344062598861166, 'g_stn_gpi_mult': 1.9851745131413647, 'g_gpe_gpi_mult': 1.0483386756811641}. Best is trial 671 with value: 0.12601243048775554.
[I 2026-05-28 23:54:02,415] Trial 708 finished with value: 0.14913303260844854 and parameters: {'ISTN': 63.38423951297436, 'I_gpe': 1.420762808576526, 'I_gpi': 2.144050095938934, 'noise_stn_sigma': 3.050250767748219, 'noise_gpe_sigma': 101.16186446220402, 'noise_gpi_sigma': 86.70546211981468, 'g_stn_gpe_mult': 2.6382665113809347, 'g_gpe_stn_mult': 0.12297106499378999, 'g_stn_gpi_mult': 2.021134252465673, 'g_gpe_gpi_mult': 1.0313099162275572}. Best is trial 671 with value: 0.12601243048775554.
[I 2026-05-28 23:54:03,422] Trial 709 finished with value: 0.13198219156664023 and parameters: {'ISTN': 61.030166581792415, 'I_gpe': 1.3105543340559196, 'I_gpi': 2.0884229792647813, 'noise_stn_sigma': 2.956479329259352, 'noise_gpe_sigma': 102.70311101829915, 'noise_gpi_sigma': 82.22258469699429, 'g_stn_gpe_mult': 2.5943462581488577, 'g_gpe_stn_mult': 0.14303768149455487, 'g_stn_gpi_mult': 2.067203705176288, 'g_gpe_gpi_mult': 1.1029256737436355}. Best is trial 671 with value: 0.12601243048775554.
[I 2026-05-28 23:54:04,428] Trial 710 finished with value: 0.15909318320774463 and parameters: {'ISTN': 61.40542211123057, 'I_gpe': 1.5465827571402662, 'I_gpi': 2.0858490472285123, 'noise_stn_sigma': 3.291262357536638, 'noise_gpe_sigma': 94.4554376278839, 'noise_gpi_sigma': 87.8883774958419, 'g_stn_gpe_mult': 2.580309397863672, 'g_gpe_stn_mult': 0.108497745855943, 'g_stn_gpi_mult': 1.8876095168701388, 'g_gpe_gpi_mult': 1.0041663742952398}. Best is trial 671 with value: 0.12601243048775554.
[I 2026-05-28 23:54:05,436] Trial 711 finished with value: 0.1387041529630716 and parameters: {'ISTN': 62.47633973619797, 'I_gpe': 1.3180836348762193, 'I_gpi': 2.2233315604421464, 'noise_stn_sigma': 2.9032079437476135, 'noise_gpe_sigma': 100.57517626192842, 'noise_gpi_sigma': 85.07041238647831, 'g_stn_gpe_mult': 2.6939198764875387, 'g_gpe_stn_mult': 0.12607527899489368, 'g_stn_gpi_mult': 1.9539222066646575, 'g_gpe_gpi_mult': 1.1148420413653441}. Best is trial 671 with value: 0.12601243048775554.
[I 2026-05-28 23:54:06,445] Trial 712 finished with value: 0.7013891251772455 and parameters: {'ISTN': 63.010079592250555, 'I_gpe': 1.419587722179057, 'I_gpi': 2.2483430208421513, 'noise_stn_sigma': 3.0376854513076417, 'noise_gpe_sigma': 96.05141760284056, 'noise_gpi_sigma': 76.54400904917149, 'g_stn_gpe_mult': 2.619526978798022, 'g_gpe_stn_mult': 0.13985745020008458, 'g_stn_gpi_mult': 2.1502778025428935, 'g_gpe_gpi_mult': 1.051708872739416}. Best is trial 671 with value: 0.12601243048775554.
[I 2026-05-28 23:54:07,452] Trial 713 finished with value: 0.13957558056223726 and parameters: {'ISTN': 62.28364371036037, 'I_gpe': 1.307552937048608, 'I_gpi': 2.1566495024379124, 'noise_stn_sigma': 3.1044554387794756, 'noise_gpe_sigma': 100.34185438104522, 'noise_gpi_sigma': 83.77402305525487, 'g_stn_gpe_mult': 2.5987687173758207, 'g_gpe_stn_mult': 0.13366838101893824, 'g_stn_gpi_mult': 2.0354862315241258, 'g_gpe_gpi_mult': 1.049659697555906}. Best is trial 671 with value: 0.12601243048775554.
[I 2026-05-28 23:54:08,461] Trial 714 finished with value: 0.13931577352585867 and parameters: {'ISTN': 60.92722898221824, 'I_gpe': 1.4417588873291114, 'I_gpi': 2.070413779652788, 'noise_stn_sigma': 3.365306226166065, 'noise_gpe_sigma': 96.75981622045454, 'noise_gpi_sigma': 85.59462945014772, 'g_stn_gpe_mult': 2.8232600571346413, 'g_gpe_stn_mult': 0.1453442533267868, 'g_stn_gpi_mult': 1.9276297451220386, 'g_gpe_gpi_mult': 1.0637218992578636}. Best is trial 671 with value: 0.12601243048775554.
[I 2026-05-28 23:54:09,468] Trial 715 finished with value: 0.14187500902903463 and parameters: {'ISTN': 63.025123819878054, 'I_gpe': 1.348468976363141, 'I_gpi': 2.127913263030699, 'noise_stn_sigma': 2.849651856080699, 'noise_gpe_sigma': 104.39363886889299, 'noise_gpi_sigma': 73.01298224813765, 'g_stn_gpe_mult': 2.754391936984293, 'g_gpe_stn_mult': 0.1348662885626777, 'g_stn_gpi_mult': 1.9900594261872315, 'g_gpe_gpi_mult': 1.0847311991381245}. Best is trial 671 with value: 0.12601243048775554.
[I 2026-05-28 23:54:10,473] Trial 716 finished with value: 0.1446169441354102 and parameters: {'ISTN': 61.344761148590955, 'I_gpe': 1.3126578216886964, 'I_gpi': 2.273748689377297, 'noise_stn_sigma': 3.020327511312969, 'noise_gpe_sigma': 98.1570045205047, 'noise_gpi_sigma': 87.94814446816206, 'g_stn_gpe_mult': 2.7073320760629183, 'g_gpe_stn_mult': 0.13734529117698027, 'g_stn_gpi_mult': 2.067688222680834, 'g_gpe_gpi_mult': 1.0658465926921714}. Best is trial 671 with value: 0.12601243048775554.
[I 2026-05-28 23:54:11,480] Trial 717 finished with value: 0.13019023248922096 and parameters: {'ISTN': 61.609281725884514, 'I_gpe': 1.3337875650846895, 'I_gpi': 2.1399835917491608, 'noise_stn_sigma': 2.9159932122417414, 'noise_gpe_sigma': 94.68208829146171, 'noise_gpi_sigma': 87.67982123371765, 'g_stn_gpe_mult': 2.68863735629338, 'g_gpe_stn_mult': 0.1384707684001173, 'g_stn_gpi_mult': 1.9416702231173861, 'g_gpe_gpi_mult': 1.0727112502756633}. Best is trial 671 with value: 0.12601243048775554.
[I 2026-05-28 23:54:12,484] Trial 718 finished with value: 0.14415274664328573 and parameters: {'ISTN': 63.02219050401165, 'I_gpe': 1.3912419922404307, 'I_gpi': 2.1946240210543477, 'noise_stn_sigma': 3.06303171769189, 'noise_gpe_sigma': 102.50821799702166, 'noise_gpi_sigma': 85.05848271621575, 'g_stn_gpe_mult': 2.7344788093241696, 'g_gpe_stn_mult': 0.11923052406320923, 'g_stn_gpi_mult': 1.930821590815982, 'g_gpe_gpi_mult': 1.0311975269247904}. Best is trial 671 with value: 0.12601243048775554.
[I 2026-05-28 23:54:13,492] Trial 719 finished with value: 0.13313770012312962 and parameters: {'ISTN': 62.35093096969896, 'I_gpe': 1.3507125184306892, 'I_gpi': 2.1841143250589345, 'noise_stn_sigma': 2.680297343474157, 'noise_gpe_sigma': 98.90402101364003, 'noise_gpi_sigma': 79.1569323631546, 'g_stn_gpe_mult': 2.574416270516413, 'g_gpe_stn_mult': 0.12909633480232915, 'g_stn_gpi_mult': 2.058679946980726, 'g_gpe_gpi_mult': 1.0935261731828494}. Best is trial 671 with value: 0.12601243048775554.
[I 2026-05-28 23:54:14,499] Trial 720 finished with value: 0.13296868222232264 and parameters: {'ISTN': 61.045272027156344, 'I_gpe': 1.2363326228093061, 'I_gpi': 2.1422096452467123, 'noise_stn_sigma': 3.323101333579758, 'noise_gpe_sigma': 103.64151567620097, 'noise_gpi_sigma': 85.11410505932585, 'g_stn_gpe_mult': 2.6825282823857304, 'g_gpe_stn_mult': 0.1343396567674913, 'g_stn_gpi_mult': 1.9393406375854916, 'g_gpe_gpi_mult': 1.0878773252830995}. Best is trial 671 with value: 0.12601243048775554.
[I 2026-05-28 23:54:15,446] Trial 721 finished with value: 1000000.0 and parameters: {'ISTN': 60.398479004898306, 'I_gpe': 1.294215760999411, 'I_gpi': 2.1564086656450003, 'noise_stn_sigma': 2.8639361843953064, 'noise_gpe_sigma': 99.83802553219819, 'noise_gpi_sigma': 82.18539968560134, 'g_stn_gpe_mult': 2.7392764604940876, 'g_gpe_stn_mult': 0.13639188766458826, 'g_stn_gpi_mult': 1.9835413300438982, 'g_gpe_gpi_mult': 1.1458854777855778}. Best is trial 671 with value: 0.12601243048775554.
[I 2026-05-28 23:54:16,454] Trial 722 finished with value: 0.9591987484612419 and parameters: {'ISTN': 62.896258007957314, 'I_gpe': 1.23371393256136, 'I_gpi': 2.1141874226671082, 'noise_stn_sigma': 2.6502133770103002, 'noise_gpe_sigma': 104.7237493698628, 'noise_gpi_sigma': 82.42303531110198, 'g_stn_gpe_mult': 2.6502167849794938, 'g_gpe_stn_mult': 0.14743040697201176, 'g_stn_gpi_mult': 2.0218664772797847, 'g_gpe_gpi_mult': 1.1165804909650865}. Best is trial 671 with value: 0.12601243048775554.
[I 2026-05-28 23:54:17,460] Trial 723 finished with value: 1.4603048024964513 and parameters: {'ISTN': 62.84157712268225, 'I_gpe': 1.2600893948065601, 'I_gpi': 2.1809436989322126, 'noise_stn_sigma': 3.143029594002142, 'noise_gpe_sigma': 97.90568341323674, 'noise_gpi_sigma': 77.74509536297741, 'g_stn_gpe_mult': 2.686841924350504, 'g_gpe_stn_mult': 0.13974872261295931, 'g_stn_gpi_mult': 1.96610132178002, 'g_gpe_gpi_mult': 1.0839747361950895}. Best is trial 671 with value: 0.12601243048775554.
[I 2026-05-28 23:54:18,466] Trial 724 finished with value: 0.12867524125543314 and parameters: {'ISTN': 60.550330969805465, 'I_gpe': 1.3242003899380188, 'I_gpi': 2.2000768774020836, 'noise_stn_sigma': 3.0236022622207925, 'noise_gpe_sigma': 103.16008716890246, 'noise_gpi_sigma': 93.73235115284217, 'g_stn_gpe_mult': 2.6571978906323652, 'g_gpe_stn_mult': 0.1598550653760981, 'g_stn_gpi_mult': 1.9227090499093893, 'g_gpe_gpi_mult': 1.0880170684439145}. Best is trial 671 with value: 0.12601243048775554.
[I 2026-05-28 23:54:19,474] Trial 725 finished with value: 0.1439493062163985 and parameters: {'ISTN': 62.869445469020995, 'I_gpe': 1.3898407796582926, 'I_gpi': 2.1508687582593984, 'noise_stn_sigma': 3.20438372245177, 'noise_gpe_sigma': 100.50057174082052, 'noise_gpi_sigma': 89.67958958989432, 'g_stn_gpe_mult': 2.7440235067679013, 'g_gpe_stn_mult': 0.1269195212174361, 'g_stn_gpi_mult': 1.8152383204222022, 'g_gpe_gpi_mult': 1.054014524316461}. Best is trial 671 with value: 0.12601243048775554.
[I 2026-05-28 23:54:20,481] Trial 726 finished with value: 0.13308914788597395 and parameters: {'ISTN': 62.21226284520807, 'I_gpe': 1.267691350376615, 'I_gpi': 2.189803947279688, 'noise_stn_sigma': 2.263379761609204, 'noise_gpe_sigma': 101.96755869831524, 'noise_gpi_sigma': 82.21982495097674, 'g_stn_gpe_mult': 2.7631366602530445, 'g_gpe_stn_mult': 0.14881721471874096, 'g_stn_gpi_mult': 1.80156459813495, 'g_gpe_gpi_mult': 1.1174799823880708}. Best is trial 671 with value: 0.12601243048775554.
[I 2026-05-28 23:54:21,487] Trial 727 finished with value: 0.12443175695097565 and parameters: {'ISTN': 60.2082977541877, 'I_gpe': 1.3155291106124936, 'I_gpi': 2.230611361202386, 'noise_stn_sigma': 2.9902777901475432, 'noise_gpe_sigma': 99.22476994013817, 'noise_gpi_sigma': 90.54538844821825, 'g_stn_gpe_mult': 2.686913366893455, 'g_gpe_stn_mult': 0.16517973645944056, 'g_stn_gpi_mult': 1.917020524496721, 'g_gpe_gpi_mult': 1.1106346520939268}. Best is trial 727 with value: 0.12443175695097565.
[I 2026-05-28 23:54:22,493] Trial 728 finished with value: 0.1780790093248077 and parameters: {'ISTN': 62.94225559888404, 'I_gpe': 1.3056783041033762, 'I_gpi': 2.126781661969564, 'noise_stn_sigma': 3.0248103366050705, 'noise_gpe_sigma': 99.32126873888679, 'noise_gpi_sigma': 90.79179341761056, 'g_stn_gpe_mult': 2.5294256255247687, 'g_gpe_stn_mult': 0.13014249194806685, 'g_stn_gpi_mult': 1.9322792898541326, 'g_gpe_gpi_mult': 1.0817609299373847}. Best is trial 727 with value: 0.12443175695097565.
[I 2026-05-28 23:54:23,499] Trial 729 finished with value: 0.13638916115879218 and parameters: {'ISTN': 61.5515744612449, 'I_gpe': 1.279501265765888, 'I_gpi': 2.1070627779777027, 'noise_stn_sigma': 3.0901877518190695, 'noise_gpe_sigma': 99.43030941297108, 'noise_gpi_sigma': 78.48215026499696, 'g_stn_gpe_mult': 2.703641126889975, 'g_gpe_stn_mult': 0.1400606554532472, 'g_stn_gpi_mult': 1.9820985506504565, 'g_gpe_gpi_mult': 1.0808013004586554}. Best is trial 727 with value: 0.12443175695097565.
[I 2026-05-28 23:54:24,508] Trial 730 finished with value: 0.14169370170038176 and parameters: {'ISTN': 60.85132104971181, 'I_gpe': 1.2626999457938624, 'I_gpi': 2.197081153276145, 'noise_stn_sigma': 3.249290346337146, 'noise_gpe_sigma': 91.53965395084929, 'noise_gpi_sigma': 89.16672071090602, 'g_stn_gpe_mult': 2.6331773765353943, 'g_gpe_stn_mult': 0.13446419918499591, 'g_stn_gpi_mult': 1.788611855186699, 'g_gpe_gpi_mult': 1.073363934353204}. Best is trial 727 with value: 0.12443175695097565.
[I 2026-05-28 23:54:25,518] Trial 731 finished with value: 0.13921608420301143 and parameters: {'ISTN': 61.190015712019374, 'I_gpe': 1.3322515321640847, 'I_gpi': 2.2362638223255398, 'noise_stn_sigma': 2.774605911660874, 'noise_gpe_sigma': 94.17164944086147, 'noise_gpi_sigma': 88.37876012701207, 'g_stn_gpe_mult': 2.6001731813704856, 'g_gpe_stn_mult': 0.13297530970741503, 'g_stn_gpi_mult': 1.967811181805136, 'g_gpe_gpi_mult': 1.0407706848060059}. Best is trial 727 with value: 0.12443175695097565.
[I 2026-05-28 23:54:26,526] Trial 732 finished with value: 0.13208448443065796 and parameters: {'ISTN': 60.24711014395284, 'I_gpe': 1.3817347276621637, 'I_gpi': 2.2499871037171335, 'noise_stn_sigma': 2.7745984681588043, 'noise_gpe_sigma': 104.5356114027731, 'noise_gpi_sigma': 85.59139662509259, 'g_stn_gpe_mult': 2.6293894486884777, 'g_gpe_stn_mult': 0.15808176830798723, 'g_stn_gpi_mult': 1.9729699013004462, 'g_gpe_gpi_mult': 1.1330343377101235}. Best is trial 727 with value: 0.12443175695097565.
[I 2026-05-28 23:54:27,533] Trial 733 finished with value: 0.1288788214602765 and parameters: {'ISTN': 60.03819421004443, 'I_gpe': 1.314004409415321, 'I_gpi': 2.1783088171559832, 'noise_stn_sigma': 2.9809295632668817, 'noise_gpe_sigma': 101.2620554114969, 'noise_gpi_sigma': 91.81196340080567, 'g_stn_gpe_mult': 2.989225685554496, 'g_gpe_stn_mult': 0.16122260047955908, 'g_stn_gpi_mult': 1.6930831241941002, 'g_gpe_gpi_mult': 1.1382499775055281}. Best is trial 727 with value: 0.12443175695097565.
[I 2026-05-28 23:54:28,541] Trial 734 finished with value: 0.1409487893668328 and parameters: {'ISTN': 61.3860911946565, 'I_gpe': 1.208535638694004, 'I_gpi': 2.3031788689484953, 'noise_stn_sigma': 3.0757477250333918, 'noise_gpe_sigma': 97.59880898094025, 'noise_gpi_sigma': 92.90104847180322, 'g_stn_gpe_mult': 2.784844611841237, 'g_gpe_stn_mult': 0.15240873407588001, 'g_stn_gpi_mult': 1.8870967479924765, 'g_gpe_gpi_mult': 1.1354260780340932}. Best is trial 727 with value: 0.12443175695097565.
[I 2026-05-28 23:54:29,548] Trial 735 finished with value: 0.3731716444072729 and parameters: {'ISTN': 60.979812434934495, 'I_gpe': 1.3919378086852134, 'I_gpi': 2.2839655438152584, 'noise_stn_sigma': 2.744328711083497, 'noise_gpe_sigma': 101.22514016673563, 'noise_gpi_sigma': 88.35832553442411, 'g_stn_gpe_mult': 2.747983780428264, 'g_gpe_stn_mult': 0.1638875465278296, 'g_stn_gpi_mult': 1.8367256446396572, 'g_gpe_gpi_mult': 1.174786854058549}. Best is trial 727 with value: 0.12443175695097565.
[I 2026-05-28 23:54:30,555] Trial 736 finished with value: 0.21269678870171124 and parameters: {'ISTN': 62.14592152392596, 'I_gpe': 1.2273021451552624, 'I_gpi': 2.229914406847298, 'noise_stn_sigma': 2.5424158031870316, 'noise_gpe_sigma': 110.07750265718977, 'noise_gpi_sigma': 86.96422646116493, 'g_stn_gpe_mult': 2.6920871411414935, 'g_gpe_stn_mult': 0.1738431093209558, 'g_stn_gpi_mult': 1.9775119365267675, 'g_gpe_gpi_mult': 1.1925131180768207}. Best is trial 727 with value: 0.12443175695097565.
[I 2026-05-28 23:54:31,565] Trial 737 finished with value: 0.14404077423151737 and parameters: {'ISTN': 62.22315102455903, 'I_gpe': 1.2872154186065494, 'I_gpi': 2.18052522115081, 'noise_stn_sigma': 2.6949447891692704, 'noise_gpe_sigma': 100.75611169096968, 'noise_gpi_sigma': 87.09992408498759, 'g_stn_gpe_mult': 2.746676266945976, 'g_gpe_stn_mult': 0.15269335192461256, 'g_stn_gpi_mult': 1.8384279985000331, 'g_gpe_gpi_mult': 1.1460400713712209}. Best is trial 727 with value: 0.12443175695097565.
[I 2026-05-28 23:54:32,573] Trial 738 finished with value: 0.13315629779181076 and parameters: {'ISTN': 60.78685771217805, 'I_gpe': 1.2488616296257078, 'I_gpi': 2.090963492356228, 'noise_stn_sigma': 3.3364291026774997, 'noise_gpe_sigma': 98.05346904112129, 'noise_gpi_sigma': 87.14626149023387, 'g_stn_gpe_mult': 2.765953619696403, 'g_gpe_stn_mult': 0.14926345982753333, 'g_stn_gpi_mult': 1.921773612513562, 'g_gpe_gpi_mult': 1.0976214570525955}. Best is trial 727 with value: 0.12443175695097565.
[I 2026-05-28 23:54:33,582] Trial 739 finished with value: 0.12506431003610474 and parameters: {'ISTN': 60.58262504525536, 'I_gpe': 1.363757419800312, 'I_gpi': 2.169180616080052, 'noise_stn_sigma': 2.8315387616551577, 'noise_gpe_sigma': 97.42775027296983, 'noise_gpi_sigma': 85.75986464696187, 'g_stn_gpe_mult': 2.7109861073995236, 'g_gpe_stn_mult': 0.177815545306377, 'g_stn_gpi_mult': 1.953422439680971, 'g_gpe_gpi_mult': 1.1087015832312168}. Best is trial 727 with value: 0.12443175695097565.
[I 2026-05-28 23:54:34,591] Trial 740 finished with value: 0.14279623907884595 and parameters: {'ISTN': 61.810456069259786, 'I_gpe': 1.3916945383786798, 'I_gpi': 2.1947336242217963, 'noise_stn_sigma': 3.3813084907395248, 'noise_gpe_sigma': 95.38884251530014, 'noise_gpi_sigma': 91.84428343002308, 'g_stn_gpe_mult': 2.6448989088857253, 'g_gpe_stn_mult': 0.13173267366510397, 'g_stn_gpi_mult': 1.9679201048455361, 'g_gpe_gpi_mult': 1.0465744163001276}. Best is trial 727 with value: 0.12443175695097565.
[I 2026-05-28 23:54:35,601] Trial 741 finished with value: 0.4582664031768033 and parameters: {'ISTN': 60.64753614983827, 'I_gpe': 1.3276889221456345, 'I_gpi': 2.1420416372805815, 'noise_stn_sigma': 3.070118653859249, 'noise_gpe_sigma': 105.6768448876878, 'noise_gpi_sigma': 88.91907207051473, 'g_stn_gpe_mult': 2.7252708243521058, 'g_gpe_stn_mult': 0.16847730072306719, 'g_stn_gpi_mult': 1.9441915697335073, 'g_gpe_gpi_mult': 1.135204705137504}. Best is trial 727 with value: 0.12443175695097565.
[I 2026-05-28 23:54:36,547] Trial 742 finished with value: 1000000.0 and parameters: {'ISTN': 60.54858332599554, 'I_gpe': 1.2664774816628106, 'I_gpi': 2.134336576409429, 'noise_stn_sigma': 3.0750621758432843, 'noise_gpe_sigma': 99.19176185451217, 'noise_gpi_sigma': 85.82276232533289, 'g_stn_gpe_mult': 2.8767348377399085, 'g_gpe_stn_mult': 0.17443579722495156, 'g_stn_gpi_mult': 2.0175845507226775, 'g_gpe_gpi_mult': 1.0745452912498452}. Best is trial 727 with value: 0.12443175695097565.
[I 2026-05-28 23:54:37,556] Trial 743 finished with value: 0.20711197399377615 and parameters: {'ISTN': 60.97715152281073, 'I_gpe': 1.2860714324055844, 'I_gpi': 2.2344264940754344, 'noise_stn_sigma': 2.7895774112577545, 'noise_gpe_sigma': 105.51066869781542, 'noise_gpi_sigma': 85.20404476929768, 'g_stn_gpe_mult': 2.958551767875532, 'g_gpe_stn_mult': 0.16489599417308193, 'g_stn_gpi_mult': 1.6887434447872791, 'g_gpe_gpi_mult': 1.165551019366404}. Best is trial 727 with value: 0.12443175695097565.
[I 2026-05-28 23:54:38,562] Trial 744 finished with value: 0.16188800945599274 and parameters: {'ISTN': 62.72092958810891, 'I_gpe': 1.3602923517694174, 'I_gpi': 2.1360861250697294, 'noise_stn_sigma': 2.872768952537245, 'noise_gpe_sigma': 92.60798038371793, 'noise_gpi_sigma': 81.64884141430247, 'g_stn_gpe_mult': 2.74123477901689, 'g_gpe_stn_mult': 0.1598811261197281, 'g_stn_gpi_mult': 1.831290482344954, 'g_gpe_gpi_mult': 1.0807604729030056}. Best is trial 727 with value: 0.12443175695097565.
[I 2026-05-28 23:54:39,570] Trial 745 finished with value: 0.590556933096741 and parameters: {'ISTN': 60.21348584552874, 'I_gpe': 1.2429539274773225, 'I_gpi': 2.161846526717289, 'noise_stn_sigma': 2.9409113072736117, 'noise_gpe_sigma': 101.4465613867486, 'noise_gpi_sigma': 85.72783373774682, 'g_stn_gpe_mult': 2.854631997087469, 'g_gpe_stn_mult': 0.18854677924884003, 'g_stn_gpi_mult': 1.905712497079073, 'g_gpe_gpi_mult': 1.1569997322362455}. Best is trial 727 with value: 0.12443175695097565.
[I 2026-05-28 23:54:40,575] Trial 746 finished with value: 0.1438009936297608 and parameters: {'ISTN': 60.87425409531917, 'I_gpe': 1.2914858345277076, 'I_gpi': 2.115594535424493, 'noise_stn_sigma': 2.7436394992953144, 'noise_gpe_sigma': 101.92171403037051, 'noise_gpi_sigma': 94.35433049123593, 'g_stn_gpe_mult': 2.7797407680793613, 'g_gpe_stn_mult': 0.17826807751372165, 'g_stn_gpi_mult': 1.7334312876557512, 'g_gpe_gpi_mult': 1.1181648760850056}. Best is trial 727 with value: 0.12443175695097565.
[I 2026-05-28 23:54:41,585] Trial 747 finished with value: 0.272251677726863 and parameters: {'ISTN': 60.049315706137, 'I_gpe': 1.297656646222351, 'I_gpi': 2.1639251238961146, 'noise_stn_sigma': 2.7446712690029536, 'noise_gpe_sigma': 99.58312604501467, 'noise_gpi_sigma': 86.54954722711095, 'g_stn_gpe_mult': 2.8182837624455965, 'g_gpe_stn_mult': 0.16053217590028648, 'g_stn_gpi_mult': 1.7743556768644293, 'g_gpe_gpi_mult': 1.1069321447423175}. Best is trial 727 with value: 0.12443175695097565.
