[I 2026-05-28 23:59:52,119] Trial 44 finished with value: 17.942833990095373 and parameters: {'ISTN': 75.8075716572618, 'I_gpe': 3.064134879370142, 'I_gpi': 2.301817292996889, 'noise_stn_sigma': 6.816906839584973, 'noise_gpe_sigma': 83.7246114198685, 'noise_gpi_sigma': 128.09039095604794, 'g_stn_gpe_mult': 3.5347595274179278, 'g_gpe_stn_mult': 0.1814960694056077, 'g_stn_gpi_mult': 1.9575400410421695, 'g_gpe_gpi_mult': 0.9672880026123076}. Best is trial 24 with value: 0.5317873240560836.
[I 2026-05-28 23:59:53,127] Trial 45 finished with value: 13.283155051094013 and parameters: {'ISTN': 77.68199515791753, 'I_gpe': 2.098440869695325, 'I_gpi': 2.9900974882762896, 'noise_stn_sigma': 4.4576748829782025, 'noise_gpe_sigma': 109.17917189720316, 'noise_gpi_sigma': 72.70338331876201, 'g_stn_gpe_mult': 2.68349523337106, 'g_gpe_stn_mult': 0.23764010364780935, 'g_stn_gpi_mult': 2.38529228351301, 'g_gpe_gpi_mult': 0.8363729751869164}. Best is trial 24 with value: 0.5317873240560836.
[I 2026-05-28 23:59:54,136] Trial 46 finished with value: 14.619811208865782 and parameters: {'ISTN': 61.07310478551633, 'I_gpe': 2.102011670139074, 'I_gpi': 3.725282763635112, 'noise_stn_sigma': 4.800146265179851, 'noise_gpe_sigma': 97.92678062849761, 'noise_gpi_sigma': 110.51644587681784, 'g_stn_gpe_mult': 4.06494492346814, 'g_gpe_stn_mult': 0.345128428317779, 'g_stn_gpi_mult': 2.064451668553677, 'g_gpe_gpi_mult': 0.8774173713510878}. Best is trial 24 with value: 0.5317873240560836.
[I 2026-05-28 23:59:55,143] Trial 47 finished with value: 14.74058941285526 and parameters: {'ISTN': 92.58022106118916, 'I_gpe': 2.4379461170881, 'I_gpi': 1.8650528210699155, 'noise_stn_sigma': 4.263461489979498, 'noise_gpe_sigma': 125.17481424461695, 'noise_gpi_sigma': 115.54779370814747, 'g_stn_gpe_mult': 3.5386900867231055, 'g_gpe_stn_mult': 0.19299470111959463, 'g_stn_gpi_mult': 1.5973618443774733, 'g_gpe_gpi_mult': 0.6016892032731709}. Best is trial 24 with value: 0.5317873240560836.
[I 2026-05-28 23:59:56,150] Trial 48 finished with value: 15.523792625445116 and parameters: {'ISTN': 85.50451770711041, 'I_gpe': 2.206457394815383, 'I_gpi': 2.5540583040662552, 'noise_stn_sigma': 4.813675864894933, 'noise_gpe_sigma': 118.70834767830078, 'noise_gpi_sigma': 112.77886273364497, 'g_stn_gpe_mult': 3.0868577788493283, 'g_gpe_stn_mult': 0.1578887322139741, 'g_stn_gpi_mult': 2.075319246281947, 'g_gpe_gpi_mult': 0.6750362293273129}. Best is trial 24 with value: 0.5317873240560836.
[I 2026-05-28 23:59:57,158] Trial 49 finished with value: 11.971598035944663 and parameters: {'ISTN': 73.81830158159698, 'I_gpe': 0.9904598240365563, 'I_gpi': 4.0615103999627, 'noise_stn_sigma': 4.457048036641723, 'noise_gpe_sigma': 125.34086764415736, 'noise_gpi_sigma': 116.71081062275734, 'g_stn_gpe_mult': 4.2935850083818075, 'g_gpe_stn_mult': 0.16414406507868928, 'g_stn_gpi_mult': 2.9395353214265665, 'g_gpe_gpi_mult': 0.4695670887973428}. Best is trial 24 with value: 0.5317873240560836.
[I 2026-05-28 23:59:58,165] Trial 50 finished with value: 7.361190700970274 and parameters: {'ISTN': 62.50368554778241, 'I_gpe': 2.216349812323811, 'I_gpi': 2.1083467810898044, 'noise_stn_sigma': 4.480836771619754, 'noise_gpe_sigma': 128.3951978480719, 'noise_gpi_sigma': 105.20452774427945, 'g_stn_gpe_mult': 3.733019213739795, 'g_gpe_stn_mult': 0.2647275494747173, 'g_stn_gpi_mult': 2.2312446861128574, 'g_gpe_gpi_mult': 0.8598736383226737}. Best is trial 24 with value: 0.5317873240560836.
[I 2026-05-28 23:59:59,173] Trial 51 finished with value: 10.975151004286548 and parameters: {'ISTN': 69.65183009621427, 'I_gpe': 1.7019222809048362, 'I_gpi': 2.3413448088572757, 'noise_stn_sigma': 6.051432152887714, 'noise_gpe_sigma': 125.50750607166202, 'noise_gpi_sigma': 142.2106685688933, 'g_stn_gpe_mult': 4.399891536949006, 'g_gpe_stn_mult': 0.42547770021911224, 'g_stn_gpi_mult': 2.507596047104128, 'g_gpe_gpi_mult': 0.7415930377267925}. Best is trial 24 with value: 0.5317873240560836.
[I 2026-05-29 00:00:00,180] Trial 52 finished with value: 14.576796121854754 and parameters: {'ISTN': 89.26640753538337, 'I_gpe': 1.7920717002592532, 'I_gpi': 2.072000929185849, 'noise_stn_sigma': 3.1963174891888175, 'noise_gpe_sigma': 132.9553134775348, 'noise_gpi_sigma': 84.74043609434723, 'g_stn_gpe_mult': 3.237703793154444, 'g_gpe_stn_mult': 0.22742138469328807, 'g_stn_gpi_mult': 2.2790255095857272, 'g_gpe_gpi_mult': 1.0729670724202587}. Best is trial 24 with value: 0.5317873240560836.
[I 2026-05-29 00:00:01,186] Trial 53 finished with value: 12.405734360391214 and parameters: {'ISTN': 74.0190194729898, 'I_gpe': 2.3897061770926014, 'I_gpi': 2.4117876136218763, 'noise_stn_sigma': 3.637439973501278, 'noise_gpe_sigma': 127.36797787754297, 'noise_gpi_sigma': 64.03710237674314, 'g_stn_gpe_mult': 3.0208496705115673, 'g_gpe_stn_mult': 0.31036148451417567, 'g_stn_gpi_mult': 2.4618908085683753, 'g_gpe_gpi_mult': 0.791643463571589}. Best is trial 24 with value: 0.5317873240560836.
[I 2026-05-29 00:00:02,191] Trial 54 finished with value: 9.003907878470063 and parameters: {'ISTN': 77.88788978567267, 'I_gpe': 2.3279293522645337, 'I_gpi': 2.215333581178453, 'noise_stn_sigma': 5.29379354946021, 'noise_gpe_sigma': 133.66450557495267, 'noise_gpi_sigma': 80.77146845377706, 'g_stn_gpe_mult': 3.610168651076974, 'g_gpe_stn_mult': 0.33882569349123454, 'g_stn_gpi_mult': 2.3207816570856172, 'g_gpe_gpi_mult': 0.5683067482111328}. Best is trial 24 with value: 0.5317873240560836.
[I 2026-05-29 00:00:03,198] Trial 55 finished with value: 11.162290103734085 and parameters: {'ISTN': 73.287865132056, 'I_gpe': 1.6925341959361355, 'I_gpi': 2.9897972784328206, 'noise_stn_sigma': 6.058834528347093, 'noise_gpe_sigma': 98.97235008588757, 'noise_gpi_sigma': 91.84437288556956, 'g_stn_gpe_mult': 4.197305671956498, 'g_gpe_stn_mult': 0.23036276781003176, 'g_stn_gpi_mult': 2.4766601917321482, 'g_gpe_gpi_mult': 0.5706548396556426}. Best is trial 24 with value: 0.5317873240560836.
[I 2026-05-29 00:00:04,206] Trial 56 finished with value: 11.691084672099368 and parameters: {'ISTN': 61.37571453591804, 'I_gpe': 1.9544664298548247, 'I_gpi': 3.307424451594417, 'noise_stn_sigma': 3.527306940975887, 'noise_gpe_sigma': 105.89361025072753, 'noise_gpi_sigma': 92.78562587147634, 'g_stn_gpe_mult': 3.4646349741613642, 'g_gpe_stn_mult': 0.2667326067559551, 'g_stn_gpi_mult': 2.4295118284292214, 'g_gpe_gpi_mult': 0.7713548566606041}. Best is trial 24 with value: 0.5317873240560836.
[I 2026-05-29 00:00:05,211] Trial 57 finished with value: 11.293020618849107 and parameters: {'ISTN': 73.58504109406638, 'I_gpe': 2.4602512654124693, 'I_gpi': 2.6687622115840215, 'noise_stn_sigma': 4.19897671997197, 'noise_gpe_sigma': 122.83427543508056, 'noise_gpi_sigma': 119.92202946168393, 'g_stn_gpe_mult': 3.3245930994378554, 'g_gpe_stn_mult': 0.19905598313180228, 'g_stn_gpi_mult': 2.5347279757643637, 'g_gpe_gpi_mult': 0.6015101146624484}. Best is trial 24 with value: 0.5317873240560836.
[I 2026-05-29 00:00:06,218] Trial 58 finished with value: 9.424514730736563 and parameters: {'ISTN': 78.92209433875922, 'I_gpe': 2.4963491316123205, 'I_gpi': 3.1488749195299377, 'noise_stn_sigma': 4.53641831753969, 'noise_gpe_sigma': 137.75685058427734, 'noise_gpi_sigma': 127.94541358057346, 'g_stn_gpe_mult': 3.814651506727162, 'g_gpe_stn_mult': 0.12283492946019256, 'g_stn_gpi_mult': 3.188587801161886, 'g_gpe_gpi_mult': 0.5874703056364825}. Best is trial 24 with value: 0.5317873240560836.
[I 2026-05-29 00:00:07,225] Trial 59 finished with value: 13.503556318376262 and parameters: {'ISTN': 67.52343368365835, 'I_gpe': 2.7691376146087054, 'I_gpi': 2.4941581377148996, 'noise_stn_sigma': 3.3988377180953413, 'noise_gpe_sigma': 144.56970300649047, 'noise_gpi_sigma': 81.45138383874999, 'g_stn_gpe_mult': 3.410724400046873, 'g_gpe_stn_mult': 0.3472522503486355, 'g_stn_gpi_mult': 1.932587794966992, 'g_gpe_gpi_mult': 0.5638769181373164}. Best is trial 24 with value: 0.5317873240560836.
[I 2026-05-29 00:00:08,233] Trial 60 finished with value: 9.99890134208632 and parameters: {'ISTN': 71.21796202199243, 'I_gpe': 2.195193313732889, 'I_gpi': 3.930001674651614, 'noise_stn_sigma': 4.048405972810006, 'noise_gpe_sigma': 128.13468218232242, 'noise_gpi_sigma': 112.79944247942186, 'g_stn_gpe_mult': 3.489202509226107, 'g_gpe_stn_mult': 0.3188018765576288, 'g_stn_gpi_mult': 2.7217518348806373, 'g_gpe_gpi_mult': 0.453322224871181}. Best is trial 24 with value: 0.5317873240560836.
[I 2026-05-29 00:00:09,243] Trial 61 finished with value: 14.8414898603541 and parameters: {'ISTN': 72.9237194480944, 'I_gpe': 2.170156011328969, 'I_gpi': 3.5137317009331888, 'noise_stn_sigma': 4.446453089768703, 'noise_gpe_sigma': 124.44035686118644, 'noise_gpi_sigma': 71.1989749754866, 'g_stn_gpe_mult': 2.981885804086363, 'g_gpe_stn_mult': 0.3162754421635321, 'g_stn_gpi_mult': 2.9563282887873426, 'g_gpe_gpi_mult': 0.5185454348398431}. Best is trial 24 with value: 0.5317873240560836.
[I 2026-05-29 00:00:10,252] Trial 62 finished with value: 9.122007308805575 and parameters: {'ISTN': 72.90387774422439, 'I_gpe': 2.14520555367209, 'I_gpi': 2.55269663301099, 'noise_stn_sigma': 6.17578060177084, 'noise_gpe_sigma': 132.5637708799253, 'noise_gpi_sigma': 104.89852852245582, 'g_stn_gpe_mult': 4.038694330161133, 'g_gpe_stn_mult': 0.46421095705289317, 'g_stn_gpi_mult': 2.468666193647005, 'g_gpe_gpi_mult': 0.39486371448322855}. Best is trial 24 with value: 0.5317873240560836.
[I 2026-05-29 00:00:11,259] Trial 63 finished with value: 8.771665837547564 and parameters: {'ISTN': 71.89511670471059, 'I_gpe': 1.8453593659119414, 'I_gpi': 2.3694053688350993, 'noise_stn_sigma': 5.16667477277489, 'noise_gpe_sigma': 132.14322069744844, 'noise_gpi_sigma': 125.60873595589264, 'g_stn_gpe_mult': 3.462579834367072, 'g_gpe_stn_mult': 0.30772701237349753, 'g_stn_gpi_mult': 2.227824929755348, 'g_gpe_gpi_mult': 0.5296517127763289}. Best is trial 24 with value: 0.5317873240560836.
[I 2026-05-29 00:00:12,267] Trial 64 finished with value: 18.33237194163905 and parameters: {'ISTN': 89.97833318466681, 'I_gpe': 2.2946428276689517, 'I_gpi': 3.9093440949173917, 'noise_stn_sigma': 4.421117834024852, 'noise_gpe_sigma': 125.53276444622115, 'noise_gpi_sigma': 98.50012579932707, 'g_stn_gpe_mult': 3.099767701832361, 'g_gpe_stn_mult': 0.20093154924756326, 'g_stn_gpi_mult': 2.5921916825821496, 'g_gpe_gpi_mult': 0.438464846912632}. Best is trial 24 with value: 0.5317873240560836.
[I 2026-05-29 00:00:13,276] Trial 65 finished with value: 15.4399023973741 and parameters: {'ISTN': 75.36196093906659, 'I_gpe': 2.4611136911936273, 'I_gpi': 2.3542186812805945, 'noise_stn_sigma': 6.570830586783291, 'noise_gpe_sigma': 110.08372225847916, 'noise_gpi_sigma': 97.9351856101534, 'g_stn_gpe_mult': 3.9074536370134876, 'g_gpe_stn_mult': 0.20769705210980383, 'g_stn_gpi_mult': 2.9897688803502915, 'g_gpe_gpi_mult': 0.5362744593890267}. Best is trial 24 with value: 0.5317873240560836.
[I 2026-05-29 00:00:14,284] Trial 66 finished with value: 11.99935624469026 and parameters: {'ISTN': 87.34819832747527, 'I_gpe': 2.469285837099307, 'I_gpi': 3.17964518858188, 'noise_stn_sigma': 5.305592240126757, 'noise_gpe_sigma': 140.33258018800552, 'noise_gpi_sigma': 67.57140214176978, 'g_stn_gpe_mult': 3.7988979021932443, 'g_gpe_stn_mult': 0.36453666327995027, 'g_stn_gpi_mult': 1.743318055305946, 'g_gpe_gpi_mult': 0.4733507756810866}. Best is trial 24 with value: 0.5317873240560836.
[I 2026-05-29 00:00:15,292] Trial 67 finished with value: 9.099690632224942 and parameters: {'ISTN': 72.67041894864887, 'I_gpe': 2.349226421820771, 'I_gpi': 3.2114534678983904, 'noise_stn_sigma': 3.237691551634389, 'noise_gpe_sigma': 135.4539177209239, 'noise_gpi_sigma': 95.36236735333908, 'g_stn_gpe_mult': 3.940783722199342, 'g_gpe_stn_mult': 0.4214440095778489, 'g_stn_gpi_mult': 2.748047145768626, 'g_gpe_gpi_mult': 0.4616075924169363}. Best is trial 24 with value: 0.5317873240560836.
[I 2026-05-29 00:00:16,297] Trial 68 finished with value: 13.926687926296653 and parameters: {'ISTN': 82.00702613222464, 'I_gpe': 2.151724273170965, 'I_gpi': 3.053613617234091, 'noise_stn_sigma': 6.023456235266555, 'noise_gpe_sigma': 123.10645078013269, 'noise_gpi_sigma': 97.81585930959118, 'g_stn_gpe_mult': 3.6575125798967867, 'g_gpe_stn_mult': 0.2196232185654142, 'g_stn_gpi_mult': 2.1571299727220614, 'g_gpe_gpi_mult': 0.5508453403883082}. Best is trial 24 with value: 0.5317873240560836.
[I 2026-05-29 00:00:17,303] Trial 69 finished with value: 21.256040605730256 and parameters: {'ISTN': 92.44194847190144, 'I_gpe': 2.8519463507124487, 'I_gpi': 3.3565386704945155, 'noise_stn_sigma': 4.499598266553316, 'noise_gpe_sigma': 121.38253276283433, 'noise_gpi_sigma': 91.3978410483836, 'g_stn_gpe_mult': 4.432020623533344, 'g_gpe_stn_mult': 0.2604447921913614, 'g_stn_gpi_mult': 3.059844921921875, 'g_gpe_gpi_mult': 0.4256782649217935}. Best is trial 24 with value: 0.5317873240560836.
[I 2026-05-29 00:00:18,307] Trial 70 finished with value: 6.341302659685919 and parameters: {'ISTN': 91.22835501553165, 'I_gpe': 1.5500425343983277, 'I_gpi': 2.9091388277687846, 'noise_stn_sigma': 6.272066492532651, 'noise_gpe_sigma': 140.02276993337773, 'noise_gpi_sigma': 80.20181977765395, 'g_stn_gpe_mult': 3.4746571578811327, 'g_gpe_stn_mult': 0.2072790181707161, 'g_stn_gpi_mult': 2.3904393957165, 'g_gpe_gpi_mult': 0.6418639252162952}. Best is trial 24 with value: 0.5317873240560836.
[I 2026-05-29 00:00:19,314] Trial 71 finished with value: 18.087648566411662 and parameters: {'ISTN': 90.77905358179727, 'I_gpe': 2.8015341406784335, 'I_gpi': 2.87068835548207, 'noise_stn_sigma': 5.511098206956163, 'noise_gpe_sigma': 133.03111186798574, 'noise_gpi_sigma': 115.85109063673289, 'g_stn_gpe_mult': 3.9035383374344543, 'g_gpe_stn_mult': 0.4065537396530874, 'g_stn_gpi_mult': 2.7995098507690925, 'g_gpe_gpi_mult': 0.729669772009274}. Best is trial 24 with value: 0.5317873240560836.
[I 2026-05-29 00:00:20,319] Trial 72 finished with value: 13.998455460053352 and parameters: {'ISTN': 99.9941871101768, 'I_gpe': 1.2266871297210389, 'I_gpi': 3.042810110624902, 'noise_stn_sigma': 6.914244388087149, 'noise_gpe_sigma': 128.93670902823413, 'noise_gpi_sigma': 102.83145313490317, 'g_stn_gpe_mult': 3.2931982387649357, 'g_gpe_stn_mult': 0.27731792987176995, 'g_stn_gpi_mult': 2.5344925498619233, 'g_gpe_gpi_mult': 0.4825544512923749}. Best is trial 24 with value: 0.5317873240560836.
[I 2026-05-29 00:00:21,327] Trial 73 finished with value: 10.159338028779041 and parameters: {'ISTN': 67.75275657656721, 'I_gpe': 1.2691236999573838, 'I_gpi': 1.935154410118508, 'noise_stn_sigma': 4.794742891619899, 'noise_gpe_sigma': 141.18461297161895, 'noise_gpi_sigma': 78.31519169310243, 'g_stn_gpe_mult': 3.023004733810151, 'g_gpe_stn_mult': 0.2636520753512401, 'g_stn_gpi_mult': 2.6311406719787818, 'g_gpe_gpi_mult': 0.48301403999363113}. Best is trial 24 with value: 0.5317873240560836.
[I 2026-05-29 00:00:22,335] Trial 74 finished with value: 11.318611805714069 and parameters: {'ISTN': 66.4616508715486, 'I_gpe': 2.339438091593366, 'I_gpi': 1.9946121026708712, 'noise_stn_sigma': 4.172445147943695, 'noise_gpe_sigma': 131.5272304447775, 'noise_gpi_sigma': 96.55251635102167, 'g_stn_gpe_mult': 3.8188036563532237, 'g_gpe_stn_mult': 0.2632766706884129, 'g_stn_gpi_mult': 1.800753971839363, 'g_gpe_gpi_mult': 0.594280936745273}. Best is trial 24 with value: 0.5317873240560836.
[I 2026-05-29 00:00:23,342] Trial 75 finished with value: 13.75984278920876 and parameters: {'ISTN': 95.23167203688187, 'I_gpe': 2.1763142935942663, 'I_gpi': 3.1052564503843496, 'noise_stn_sigma': 5.977939487050405, 'noise_gpe_sigma': 116.98460511723734, 'noise_gpi_sigma': 78.5597730743219, 'g_stn_gpe_mult': 3.388816605223692, 'g_gpe_stn_mult': 0.22977273765952838, 'g_stn_gpi_mult': 3.096624237028285, 'g_gpe_gpi_mult': 0.9117778816956243}. Best is trial 24 with value: 0.5317873240560836.
[I 2026-05-29 00:00:24,349] Trial 76 finished with value: 14.54202742139501 and parameters: {'ISTN': 78.89898023404947, 'I_gpe': 2.5775338301468604, 'I_gpi': 3.6693385282276507, 'noise_stn_sigma': 6.503969037983196, 'noise_gpe_sigma': 111.87436864084276, 'noise_gpi_sigma': 119.32880735733559, 'g_stn_gpe_mult': 3.366418800128264, 'g_gpe_stn_mult': 0.20537005033288036, 'g_stn_gpi_mult': 2.743385213124026, 'g_gpe_gpi_mult': 0.49153810956694255}. Best is trial 24 with value: 0.5317873240560836.
[I 2026-05-29 00:00:25,357] Trial 77 finished with value: 9.16877731794568 and parameters: {'ISTN': 81.86745759131621, 'I_gpe': 1.8916409439030237, 'I_gpi': 2.30111629147837, 'noise_stn_sigma': 5.422332622418044, 'noise_gpe_sigma': 132.4504610108229, 'noise_gpi_sigma': 83.94983408505547, 'g_stn_gpe_mult': 3.484350816046667, 'g_gpe_stn_mult': 0.30834588738945545, 'g_stn_gpi_mult': 2.513836775808983, 'g_gpe_gpi_mult': 0.5617923748391296}. Best is trial 24 with value: 0.5317873240560836.
[I 2026-05-29 00:00:26,365] Trial 78 finished with value: 14.887976858835163 and parameters: {'ISTN': 82.40962780090447, 'I_gpe': 1.454057441108076, 'I_gpi': 3.857734048029312, 'noise_stn_sigma': 4.214717504679558, 'noise_gpe_sigma': 125.5451794412928, 'noise_gpi_sigma': 89.5584927600087, 'g_stn_gpe_mult': 4.566531139231561, 'g_gpe_stn_mult': 0.31879018451869834, 'g_stn_gpi_mult': 2.5360447445002094, 'g_gpe_gpi_mult': 0.6005408927735767}. Best is trial 24 with value: 0.5317873240560836.
[I 2026-05-29 00:00:27,371] Trial 79 finished with value: 11.960800350892843 and parameters: {'ISTN': 81.8427766361854, 'I_gpe': 1.5295827118206538, 'I_gpi': 3.1725978583632446, 'noise_stn_sigma': 4.778220738906943, 'noise_gpe_sigma': 134.31984874700134, 'noise_gpi_sigma': 86.13829076541732, 'g_stn_gpe_mult': 3.062973045034899, 'g_gpe_stn_mult': 0.3266175740667224, 'g_stn_gpi_mult': 2.8520729247191374, 'g_gpe_gpi_mult': 0.3958592414095343}. Best is trial 24 with value: 0.5317873240560836.
[I 2026-05-29 00:00:28,380] Trial 80 finished with value: 4.815201453809506 and parameters: {'ISTN': 62.976500902109294, 'I_gpe': 1.2093300890306615, 'I_gpi': 2.820952143354835, 'noise_stn_sigma': 5.531598473940526, 'noise_gpe_sigma': 139.75255417230187, 'noise_gpi_sigma': 107.9840904654677, 'g_stn_gpe_mult': 4.423674146485764, 'g_gpe_stn_mult': 0.21791280886457082, 'g_stn_gpi_mult': 2.294422857937727, 'g_gpe_gpi_mult': 0.5155778953686534}. Best is trial 24 with value: 0.5317873240560836.
[I 2026-05-29 00:00:29,388] Trial 81 finished with value: 11.692604484303892 and parameters: {'ISTN': 84.6414135938214, 'I_gpe': 1.755122171605647, 'I_gpi': 2.578162316086715, 'noise_stn_sigma': 4.801558065986638, 'noise_gpe_sigma': 142.38679599723287, 'noise_gpi_sigma': 89.95932468446149, 'g_stn_gpe_mult': 4.067761700164238, 'g_gpe_stn_mult': 0.23523908915252376, 'g_stn_gpi_mult': 2.4442841044750194, 'g_gpe_gpi_mult': 0.4764529052222903}. Best is trial 24 with value: 0.5317873240560836.
[I 2026-05-29 00:00:30,394] Trial 82 finished with value: 8.724253037158036 and parameters: {'ISTN': 65.6070561440471, 'I_gpe': 1.5695584145811796, 'I_gpi': 3.1247432515368008, 'noise_stn_sigma': 5.967847654135422, 'noise_gpe_sigma': 121.36620557882705, 'noise_gpi_sigma': 95.29035816142492, 'g_stn_gpe_mult': 3.854537984017919, 'g_gpe_stn_mult': 0.16068336644011885, 'g_stn_gpi_mult': 3.4228883068871925, 'g_gpe_gpi_mult': 0.5776351057464434}. Best is trial 24 with value: 0.5317873240560836.
[I 2026-05-29 00:00:31,401] Trial 83 finished with value: 12.379519722384874 and parameters: {'ISTN': 79.82536950385996, 'I_gpe': 2.202576138827809, 'I_gpi': 1.6386879649579256, 'noise_stn_sigma': 5.659296865232391, 'noise_gpe_sigma': 129.9264577331942, 'noise_gpi_sigma': 118.6443735989079, 'g_stn_gpe_mult': 4.328979878799434, 'g_gpe_stn_mult': 0.2636243574248699, 'g_stn_gpi_mult': 2.7812878227620974, 'g_gpe_gpi_mult': 0.42165179699226124}. Best is trial 24 with value: 0.5317873240560836.
[I 2026-05-29 00:00:32,407] Trial 84 finished with value: 13.8551276087932 and parameters: {'ISTN': 90.68236134949035, 'I_gpe': 1.9750039464686369, 'I_gpi': 2.4181383835863457, 'noise_stn_sigma': 5.267515652720672, 'noise_gpe_sigma': 117.56959145553829, 'noise_gpi_sigma': 93.13839150828049, 'g_stn_gpe_mult': 3.417689775869799, 'g_gpe_stn_mult': 0.2761013874454705, 'g_stn_gpi_mult': 2.373658594443638, 'g_gpe_gpi_mult': 0.6406561966197515}. Best is trial 24 with value: 0.5317873240560836.
[I 2026-05-29 00:00:33,416] Trial 85 finished with value: 11.702984280446202 and parameters: {'ISTN': 68.30403040159145, 'I_gpe': 2.0800360306507013, 'I_gpi': 2.1083405711027003, 'noise_stn_sigma': 4.7825744585985195, 'noise_gpe_sigma': 129.41603783175668, 'noise_gpi_sigma': 108.46764301869277, 'g_stn_gpe_mult': 4.121932311927862, 'g_gpe_stn_mult': 0.399815522121861, 'g_stn_gpi_mult': 2.8936177613651908, 'g_gpe_gpi_mult': 0.4938842595965528}. Best is trial 24 with value: 0.5317873240560836.
[I 2026-05-29 00:00:34,424] Trial 86 finished with value: 10.91254142498895 and parameters: {'ISTN': 65.74659713794661, 'I_gpe': 0.9673832546881094, 'I_gpi': 3.016371015461361, 'noise_stn_sigma': 4.852688020286449, 'noise_gpe_sigma': 123.07380389671725, 'noise_gpi_sigma': 106.05043454376874, 'g_stn_gpe_mult': 3.3335902538524067, 'g_gpe_stn_mult': 0.316371303257932, 'g_stn_gpi_mult': 2.4031431339357843, 'g_gpe_gpi_mult': 0.6935502397686193}. Best is trial 24 with value: 0.5317873240560836.
[I 2026-05-29 00:00:35,432] Trial 87 finished with value: 4.701966975858274 and parameters: {'ISTN': 61.303438193919895, 'I_gpe': 1.4091334262239639, 'I_gpi': 2.626129242795473, 'noise_stn_sigma': 4.749791478847711, 'noise_gpe_sigma': 130.23273234688776, 'noise_gpi_sigma': 96.82516294381415, 'g_stn_gpe_mult': 3.662970008006451, 'g_gpe_stn_mult': 0.21518899053388554, 'g_stn_gpi_mult': 2.4168340529303096, 'g_gpe_gpi_mult': 0.6186851438118548}. Best is trial 24 with value: 0.5317873240560836.
