[I 2026-05-28 23:34:48,132] Trial 572 finished with value: 7.178848677080032 and parameters: {'ISTN': 61.47851647898538, 'I_gpe': 1.4166971362408778, 'I_gpi': 2.523514848985374, 'noise_stn_sigma': 6.860224595881865, 'noise_gpe_sigma': 131.20421372942462, 'noise_gpi_sigma': 96.52488456814376, 'g_stn_gpe_mult': 3.1165064086065843, 'g_gpe_stn_mult': 0.5078709725450439, 'g_stn_gpi_mult': 3.078868169414839, 'g_gpe_gpi_mult': 0.4788545991022213}. Best is trial 459 with value: 0.6576545468262062.
[I 2026-05-28 23:34:49,138] Trial 573 finished with value: 0.45098607789266554 and parameters: {'ISTN': 60.27821856320482, 'I_gpe': 1.336345034107629, 'I_gpi': 2.2166620432444235, 'noise_stn_sigma': 6.370273564255597, 'noise_gpe_sigma': 128.17655350563473, 'noise_gpi_sigma': 99.1575447671579, 'g_stn_gpe_mult': 3.009385875753771, 'g_gpe_stn_mult': 0.5166407534127617, 'g_stn_gpi_mult': 3.2471302577853804, 'g_gpe_gpi_mult': 0.4951000570805815}. Best is trial 573 with value: 0.45098607789266554.
[I 2026-05-28 23:34:50,144] Trial 574 finished with value: 5.36694716601259 and parameters: {'ISTN': 63.82462293653136, 'I_gpe': 1.4294257384783593, 'I_gpi': 2.365810548997157, 'noise_stn_sigma': 6.450259772222495, 'noise_gpe_sigma': 125.20265634701096, 'noise_gpi_sigma': 101.5698697683176, 'g_stn_gpe_mult': 2.7052501440063796, 'g_gpe_stn_mult': 0.5731986013708871, 'g_stn_gpi_mult': 3.186039522384418, 'g_gpe_gpi_mult': 0.45363973250762774}. Best is trial 573 with value: 0.45098607789266554.
[I 2026-05-28 23:34:51,149] Trial 575 finished with value: 1.1946997065737133 and parameters: {'ISTN': 60.32186244240918, 'I_gpe': 1.3486215825761545, 'I_gpi': 2.2465552811942686, 'noise_stn_sigma': 6.177513777663999, 'noise_gpe_sigma': 126.06787749247799, 'noise_gpi_sigma': 100.95752361475405, 'g_stn_gpe_mult': 2.9293445958806905, 'g_gpe_stn_mult': 0.5192256663022565, 'g_stn_gpi_mult': 3.441821729014375, 'g_gpe_gpi_mult': 0.4529279667633613}. Best is trial 573 with value: 0.45098607789266554.
[I 2026-05-28 23:34:52,156] Trial 576 finished with value: 12.12105895966514 and parameters: {'ISTN': 62.89292444854571, 'I_gpe': 1.3951961033337477, 'I_gpi': 2.3184644239866827, 'noise_stn_sigma': 6.04202840725888, 'noise_gpe_sigma': 123.16177048809841, 'noise_gpi_sigma': 99.64410788140128, 'g_stn_gpe_mult': 2.9316058777116782, 'g_gpe_stn_mult': 0.5121297720071545, 'g_stn_gpi_mult': 3.206632238073794, 'g_gpe_gpi_mult': 0.4385861048242222}. Best is trial 573 with value: 0.45098607789266554.
[I 2026-05-28 23:34:53,167] Trial 577 finished with value: 5.685403359185625 and parameters: {'ISTN': 61.10029646139696, 'I_gpe': 1.4617981355606475, 'I_gpi': 2.200681723557761, 'noise_stn_sigma': 6.512317791853101, 'noise_gpe_sigma': 125.28475292726996, 'noise_gpi_sigma': 103.73951841058357, 'g_stn_gpe_mult': 2.735004362661163, 'g_gpe_stn_mult': 0.4889516982534169, 'g_stn_gpi_mult': 2.9879727633935236, 'g_gpe_gpi_mult': 0.48881654164711785}. Best is trial 573 with value: 0.45098607789266554.
[I 2026-05-28 23:34:54,175] Trial 578 finished with value: 9.943477166217296 and parameters: {'ISTN': 62.77159229328048, 'I_gpe': 1.3998766789063737, 'I_gpi': 2.4363035011921, 'noise_stn_sigma': 6.356675058164033, 'noise_gpe_sigma': 122.38891662314546, 'noise_gpi_sigma': 101.38324678290847, 'g_stn_gpe_mult': 2.8299388003927586, 'g_gpe_stn_mult': 0.5190392149141742, 'g_stn_gpi_mult': 3.127705518539153, 'g_gpe_gpi_mult': 0.525419863304089}. Best is trial 573 with value: 0.45098607789266554.
[I 2026-05-28 23:34:55,183] Trial 579 finished with value: 0.4903462714317589 and parameters: {'ISTN': 60.096888281136, 'I_gpe': 1.463227592741291, 'I_gpi': 2.3068563202922294, 'noise_stn_sigma': 6.253146114548413, 'noise_gpe_sigma': 121.54979775893203, 'noise_gpi_sigma': 98.17857444275151, 'g_stn_gpe_mult': 2.7381668840509006, 'g_gpe_stn_mult': 0.5402541230216453, 'g_stn_gpi_mult': 3.1515314507311847, 'g_gpe_gpi_mult': 0.46285830327092226}. Best is trial 573 with value: 0.45098607789266554.
[I 2026-05-28 23:34:56,191] Trial 580 finished with value: 2.316867642990707 and parameters: {'ISTN': 60.63096571474695, 'I_gpe': 1.3354592201418136, 'I_gpi': 2.293864455176171, 'noise_stn_sigma': 6.380789235415383, 'noise_gpe_sigma': 121.11183360805066, 'noise_gpi_sigma': 102.50886235667095, 'g_stn_gpe_mult': 2.914895705488198, 'g_gpe_stn_mult': 0.5566861555914693, 'g_stn_gpi_mult': 3.1877753229388897, 'g_gpe_gpi_mult': 0.4438390774993769}. Best is trial 573 with value: 0.45098607789266554.
[I 2026-05-28 23:34:57,200] Trial 581 finished with value: 4.901522086549875 and parameters: {'ISTN': 61.958051290082636, 'I_gpe': 1.2489052513923222, 'I_gpi': 2.282007863878536, 'noise_stn_sigma': 6.356013682223821, 'noise_gpe_sigma': 126.89890781218485, 'noise_gpi_sigma': 94.5333654506715, 'g_stn_gpe_mult': 2.9330721154431907, 'g_gpe_stn_mult': 0.5393659122761955, 'g_stn_gpi_mult': 3.247282069478169, 'g_gpe_gpi_mult': 0.4278058061276952}. Best is trial 573 with value: 0.45098607789266554.
[I 2026-05-28 23:34:58,207] Trial 582 finished with value: 8.239023196889299 and parameters: {'ISTN': 64.6346372636721, 'I_gpe': 1.398775244573828, 'I_gpi': 2.1625508227173293, 'noise_stn_sigma': 6.479970423070267, 'noise_gpe_sigma': 124.42132685123983, 'noise_gpi_sigma': 99.42405725532082, 'g_stn_gpe_mult': 3.0614305000475994, 'g_gpe_stn_mult': 0.5542304464570569, 'g_stn_gpi_mult': 3.3329652775443877, 'g_gpe_gpi_mult': 0.46280471507472204}. Best is trial 573 with value: 0.45098607789266554.
[I 2026-05-28 23:34:59,214] Trial 583 finished with value: 5.520892667030546 and parameters: {'ISTN': 65.03125812336773, 'I_gpe': 1.2943416728303914, 'I_gpi': 2.1995213398702633, 'noise_stn_sigma': 6.539338431559328, 'noise_gpe_sigma': 122.36636043943474, 'noise_gpi_sigma': 103.81003256713674, 'g_stn_gpe_mult': 2.897428249108941, 'g_gpe_stn_mult': 0.5276883314183393, 'g_stn_gpi_mult': 3.1619814292141344, 'g_gpe_gpi_mult': 0.49576899155282095}. Best is trial 573 with value: 0.45098607789266554.
[I 2026-05-28 23:35:00,221] Trial 584 finished with value: 1.9352024601557898 and parameters: {'ISTN': 60.90748324241839, 'I_gpe': 1.3590036347336305, 'I_gpi': 2.297186954968163, 'noise_stn_sigma': 6.300149598322422, 'noise_gpe_sigma': 127.83955897000985, 'noise_gpi_sigma': 96.04837910141056, 'g_stn_gpe_mult': 2.96665286473487, 'g_gpe_stn_mult': 0.5504372002378856, 'g_stn_gpi_mult': 3.4407292312890023, 'g_gpe_gpi_mult': 0.5020367407337125}. Best is trial 573 with value: 0.45098607789266554.
[I 2026-05-28 23:35:01,231] Trial 585 finished with value: 5.542052972862925 and parameters: {'ISTN': 62.96242400629686, 'I_gpe': 1.361704004489394, 'I_gpi': 2.210905435932659, 'noise_stn_sigma': 6.157835334551859, 'noise_gpe_sigma': 125.36265121129351, 'noise_gpi_sigma': 92.52455271464815, 'g_stn_gpe_mult': 2.8122893577277495, 'g_gpe_stn_mult': 0.6003377092077551, 'g_stn_gpi_mult': 3.232011195118542, 'g_gpe_gpi_mult': 0.5246226443299056}. Best is trial 573 with value: 0.45098607789266554.
[I 2026-05-28 23:35:02,240] Trial 586 finished with value: 6.264268594858223 and parameters: {'ISTN': 62.13102859932387, 'I_gpe': 1.3572792385553138, 'I_gpi': 2.4208961558710316, 'noise_stn_sigma': 6.4570182767729705, 'noise_gpe_sigma': 125.73456285423623, 'noise_gpi_sigma': 101.690707857048, 'g_stn_gpe_mult': 2.8480294143743987, 'g_gpe_stn_mult': 0.5225845772721417, 'g_stn_gpi_mult': 3.1656328384456076, 'g_gpe_gpi_mult': 0.5092169554789905}. Best is trial 573 with value: 0.45098607789266554.
[I 2026-05-28 23:35:03,247] Trial 587 finished with value: 4.8578061782964195 and parameters: {'ISTN': 62.50785036242461, 'I_gpe': 1.3887700361100768, 'I_gpi': 2.4803068988056047, 'noise_stn_sigma': 6.575331310199943, 'noise_gpe_sigma': 125.94756988655745, 'noise_gpi_sigma': 98.98619418929329, 'g_stn_gpe_mult': 2.8212585528167136, 'g_gpe_stn_mult': 0.55545677743112, 'g_stn_gpi_mult': 3.010050166941117, 'g_gpe_gpi_mult': 0.5065995041639169}. Best is trial 573 with value: 0.45098607789266554.
[I 2026-05-28 23:35:04,256] Trial 588 finished with value: 7.2132712189054065 and parameters: {'ISTN': 63.64167794591342, 'I_gpe': 1.2750105003569914, 'I_gpi': 2.083563111543288, 'noise_stn_sigma': 5.979246057203031, 'noise_gpe_sigma': 126.52629091202047, 'noise_gpi_sigma': 94.41234917881644, 'g_stn_gpe_mult': 2.950019159994379, 'g_gpe_stn_mult': 0.5360795699292624, 'g_stn_gpi_mult': 3.4569145715617022, 'g_gpe_gpi_mult': 0.5207510012267518}. Best is trial 573 with value: 0.45098607789266554.
[I 2026-05-28 23:35:05,264] Trial 589 finished with value: 5.452421854501285 and parameters: {'ISTN': 63.784815272046195, 'I_gpe': 1.4693004109743621, 'I_gpi': 2.240449121865954, 'noise_stn_sigma': 6.21739629843114, 'noise_gpe_sigma': 125.85701084477455, 'noise_gpi_sigma': 97.7569286971396, 'g_stn_gpe_mult': 3.0078899538827373, 'g_gpe_stn_mult': 0.5530178381002829, 'g_stn_gpi_mult': 3.3480679300575784, 'g_gpe_gpi_mult': 0.43610374698102006}. Best is trial 573 with value: 0.45098607789266554.
[I 2026-05-28 23:35:06,272] Trial 590 finished with value: 5.509771481755904 and parameters: {'ISTN': 61.481979439703956, 'I_gpe': 1.3633181874562181, 'I_gpi': 2.1781347110686777, 'noise_stn_sigma': 6.223115946685459, 'noise_gpe_sigma': 131.08271139781468, 'noise_gpi_sigma': 96.3677572748248, 'g_stn_gpe_mult': 2.9602609163348372, 'g_gpe_stn_mult': 0.5480933567442242, 'g_stn_gpi_mult': 3.482898103880474, 'g_gpe_gpi_mult': 0.5103572251690578}. Best is trial 573 with value: 0.45098607789266554.
[I 2026-05-28 23:35:07,279] Trial 591 finished with value: 7.987329398491927 and parameters: {'ISTN': 64.05000994244007, 'I_gpe': 1.2998315170251438, 'I_gpi': 2.299109256525349, 'noise_stn_sigma': 6.401827048983419, 'noise_gpe_sigma': 127.995762400617, 'noise_gpi_sigma': 92.15983464215377, 'g_stn_gpe_mult': 2.940704626858463, 'g_gpe_stn_mult': 0.5361683804609063, 'g_stn_gpi_mult': 3.3076069755560003, 'g_gpe_gpi_mult': 0.5688325515115775}. Best is trial 573 with value: 0.45098607789266554.
[I 2026-05-28 23:35:08,286] Trial 592 finished with value: 2.0560305613722814 and parameters: {'ISTN': 62.90925206426609, 'I_gpe': 1.3761150781466753, 'I_gpi': 2.2966383360720157, 'noise_stn_sigma': 6.242996882153648, 'noise_gpe_sigma': 122.65255516181948, 'noise_gpi_sigma': 92.90516275516102, 'g_stn_gpe_mult': 3.054330772945555, 'g_gpe_stn_mult': 0.5688989180676319, 'g_stn_gpi_mult': 3.513887919777834, 'g_gpe_gpi_mult': 0.4621273467910984}. Best is trial 573 with value: 0.45098607789266554.
[I 2026-05-28 23:35:09,297] Trial 593 finished with value: 0.4828957070083041 and parameters: {'ISTN': 60.7786688333116, 'I_gpe': 1.3766217963751068, 'I_gpi': 2.144138926685173, 'noise_stn_sigma': 6.16390252889255, 'noise_gpe_sigma': 122.29604009461869, 'noise_gpi_sigma': 101.06681717319171, 'g_stn_gpe_mult': 2.912757558216455, 'g_gpe_stn_mult': 0.5235672378626822, 'g_stn_gpi_mult': 3.3395658508706547, 'g_gpe_gpi_mult': 0.4869479192727629}. Best is trial 573 with value: 0.45098607789266554.
[I 2026-05-28 23:35:10,303] Trial 594 finished with value: 3.3547109282101024 and parameters: {'ISTN': 61.68402547218669, 'I_gpe': 1.3848327091419486, 'I_gpi': 2.352574427150679, 'noise_stn_sigma': 6.400029913499008, 'noise_gpe_sigma': 133.4792479820219, 'noise_gpi_sigma': 95.85137143626918, 'g_stn_gpe_mult': 2.8996477560937537, 'g_gpe_stn_mult': 0.545762408660737, 'g_stn_gpi_mult': 3.329390852207231, 'g_gpe_gpi_mult': 0.5271367876162809}. Best is trial 573 with value: 0.45098607789266554.
[I 2026-05-28 23:35:11,310] Trial 595 finished with value: 3.2767598660057957 and parameters: {'ISTN': 63.61101883342981, 'I_gpe': 1.3484158016988692, 'I_gpi': 2.4584734762720255, 'noise_stn_sigma': 6.672266183900525, 'noise_gpe_sigma': 131.25768974532798, 'noise_gpi_sigma': 93.1783643759339, 'g_stn_gpe_mult': 2.818619686557483, 'g_gpe_stn_mult': 0.5852554146227541, 'g_stn_gpi_mult': 3.3191222929487276, 'g_gpe_gpi_mult': 0.4856315727421882}. Best is trial 573 with value: 0.45098607789266554.
[I 2026-05-28 23:35:12,317] Trial 596 finished with value: 2.5265379267955708 and parameters: {'ISTN': 61.373362588851556, 'I_gpe': 1.3026199135366652, 'I_gpi': 2.2988142326410284, 'noise_stn_sigma': 5.911344241832594, 'noise_gpe_sigma': 125.56237993920543, 'noise_gpi_sigma': 92.25776358949085, 'g_stn_gpe_mult': 2.911188784518623, 'g_gpe_stn_mult': 0.5627779654302798, 'g_stn_gpi_mult': 3.1727496991976887, 'g_gpe_gpi_mult': 0.5139012174050319}. Best is trial 573 with value: 0.45098607789266554.
[I 2026-05-28 23:35:13,326] Trial 597 finished with value: 2.4375067310946505 and parameters: {'ISTN': 62.217062661715005, 'I_gpe': 1.3929709650123152, 'I_gpi': 2.672780866593146, 'noise_stn_sigma': 6.098476890432411, 'noise_gpe_sigma': 125.21684331701948, 'noise_gpi_sigma': 93.66370707632701, 'g_stn_gpe_mult': 3.064123921642974, 'g_gpe_stn_mult': 0.5933057736939904, 'g_stn_gpi_mult': 3.243859009267621, 'g_gpe_gpi_mult': 0.4273176278076559}. Best is trial 573 with value: 0.45098607789266554.
[I 2026-05-28 23:35:14,336] Trial 598 finished with value: 10.837826746873853 and parameters: {'ISTN': 64.60760490930606, 'I_gpe': 1.3503884145003637, 'I_gpi': 2.466224355598885, 'noise_stn_sigma': 6.409978440945353, 'noise_gpe_sigma': 122.41697044716514, 'noise_gpi_sigma': 97.69600463392496, 'g_stn_gpe_mult': 2.890357799097554, 'g_gpe_stn_mult': 0.5282539880138691, 'g_stn_gpi_mult': 3.071598528409705, 'g_gpe_gpi_mult': 0.47794275884791}. Best is trial 573 with value: 0.45098607789266554.
[I 2026-05-28 23:35:15,343] Trial 599 finished with value: 0.987502260646265 and parameters: {'ISTN': 60.808924859934756, 'I_gpe': 1.348013736415103, 'I_gpi': 2.3816956021642883, 'noise_stn_sigma': 6.720863383697929, 'noise_gpe_sigma': 127.43544899174165, 'noise_gpi_sigma': 98.96484559795712, 'g_stn_gpe_mult': 2.807402894040468, 'g_gpe_stn_mult': 0.5164699230321602, 'g_stn_gpi_mult': 3.132364701154037, 'g_gpe_gpi_mult': 0.5061026031902356}. Best is trial 573 with value: 0.45098607789266554.
[I 2026-05-28 23:35:16,354] Trial 600 finished with value: 7.658321778500826 and parameters: {'ISTN': 63.33305829521669, 'I_gpe': 1.3010193712457303, 'I_gpi': 2.029439093440888, 'noise_stn_sigma': 6.42908260860761, 'noise_gpe_sigma': 124.65113722398654, 'noise_gpi_sigma': 96.37525124221257, 'g_stn_gpe_mult': 2.8263646579565367, 'g_gpe_stn_mult': 0.5306205873276346, 'g_stn_gpi_mult': 3.2356768165290624, 'g_gpe_gpi_mult': 0.4846412646741511}. Best is trial 573 with value: 0.45098607789266554.
[I 2026-05-28 23:35:17,363] Trial 601 finished with value: 0.835199079279116 and parameters: {'ISTN': 60.49130329640746, 'I_gpe': 1.4154558081907513, 'I_gpi': 2.2788464427734922, 'noise_stn_sigma': 6.855739862189866, 'noise_gpe_sigma': 125.94634895768924, 'noise_gpi_sigma': 100.70267047412175, 'g_stn_gpe_mult': 2.8930249246189677, 'g_gpe_stn_mult': 0.4796438285107809, 'g_stn_gpi_mult': 3.1536103309224437, 'g_gpe_gpi_mult': 0.511126422465124}. Best is trial 573 with value: 0.45098607789266554.
[I 2026-05-28 23:35:18,372] Trial 602 finished with value: 8.869546201337531 and parameters: {'ISTN': 64.17703804547374, 'I_gpe': 1.3868713782754423, 'I_gpi': 2.2883065649369696, 'noise_stn_sigma': 6.304716855433056, 'noise_gpe_sigma': 125.69024842263939, 'noise_gpi_sigma': 95.95517734695359, 'g_stn_gpe_mult': 2.874299843494634, 'g_gpe_stn_mult': 0.5591717449427887, 'g_stn_gpi_mult': 3.141720456090221, 'g_gpe_gpi_mult': 0.5018916637134232}. Best is trial 573 with value: 0.45098607789266554.
[I 2026-05-28 23:35:19,381] Trial 603 finished with value: 8.812615879097082 and parameters: {'ISTN': 62.978482610401144, 'I_gpe': 1.3475406264419258, 'I_gpi': 2.274160106815077, 'noise_stn_sigma': 6.229568847127464, 'noise_gpe_sigma': 121.25862512644447, 'noise_gpi_sigma': 99.05546956161436, 'g_stn_gpe_mult': 2.9121197474367726, 'g_gpe_stn_mult': 0.5479557232928112, 'g_stn_gpi_mult': 3.2440970224282037, 'g_gpe_gpi_mult': 0.5108386084057233}. Best is trial 573 with value: 0.45098607789266554.
[I 2026-05-28 23:35:20,387] Trial 604 finished with value: 1.945140269705253 and parameters: {'ISTN': 61.01102772815366, 'I_gpe': 1.3488354305014205, 'I_gpi': 2.2496894757549133, 'noise_stn_sigma': 6.492291490104965, 'noise_gpe_sigma': 131.794950476233, 'noise_gpi_sigma': 99.67863802934737, 'g_stn_gpe_mult': 2.8370560956966164, 'g_gpe_stn_mult': 0.5122355278802714, 'g_stn_gpi_mult': 3.268583982730815, 'g_gpe_gpi_mult': 0.4945431453725994}. Best is trial 573 with value: 0.45098607789266554.
[I 2026-05-28 23:35:21,395] Trial 605 finished with value: 9.245894630636739 and parameters: {'ISTN': 62.242107592498414, 'I_gpe': 1.3854396222208312, 'I_gpi': 2.203024471013075, 'noise_stn_sigma': 6.180423164964891, 'noise_gpe_sigma': 125.84222899015037, 'noise_gpi_sigma': 98.50837362364449, 'g_stn_gpe_mult': 2.9014608607133567, 'g_gpe_stn_mult': 0.49691763269631894, 'g_stn_gpi_mult': 3.3347589235604027, 'g_gpe_gpi_mult': 0.4643374034236759}. Best is trial 573 with value: 0.45098607789266554.
[I 2026-05-28 23:35:22,404] Trial 606 finished with value: 1.074658360286501 and parameters: {'ISTN': 60.64006531943377, 'I_gpe': 1.3228551112671285, 'I_gpi': 2.146051293433776, 'noise_stn_sigma': 6.2153246251291865, 'noise_gpe_sigma': 131.08000192364787, 'noise_gpi_sigma': 95.21737895579491, 'g_stn_gpe_mult': 2.8651896912815595, 'g_gpe_stn_mult': 0.5574121102259474, 'g_stn_gpi_mult': 3.4192973425864426, 'g_gpe_gpi_mult': 0.47123685247413516}. Best is trial 573 with value: 0.45098607789266554.
[I 2026-05-28 23:35:23,411] Trial 607 finished with value: 2.2465079968075745 and parameters: {'ISTN': 60.70018301094286, 'I_gpe': 1.3819758767113532, 'I_gpi': 2.4929310994450447, 'noise_stn_sigma': 6.403841191426609, 'noise_gpe_sigma': 128.7061967121647, 'noise_gpi_sigma': 99.71424219059921, 'g_stn_gpe_mult': 2.9790470429356195, 'g_gpe_stn_mult': 0.5330472720614758, 'g_stn_gpi_mult': 3.2586773866866254, 'g_gpe_gpi_mult': 0.47865394388494736}. Best is trial 573 with value: 0.45098607789266554.
[I 2026-05-28 23:35:24,418] Trial 608 finished with value: 8.78276971925822 and parameters: {'ISTN': 63.013195379263614, 'I_gpe': 1.3710687600673623, 'I_gpi': 2.4341717608831406, 'noise_stn_sigma': 6.239524286875471, 'noise_gpe_sigma': 122.34523155687256, 'noise_gpi_sigma': 100.44851328130068, 'g_stn_gpe_mult': 2.83610761840456, 'g_gpe_stn_mult': 0.5271259229317488, 'g_stn_gpi_mult': 3.136760138421464, 'g_gpe_gpi_mult': 0.4598210631104937}. Best is trial 573 with value: 0.45098607789266554.
[I 2026-05-28 23:35:25,428] Trial 609 finished with value: 5.212489045921002 and parameters: {'ISTN': 64.82598262110376, 'I_gpe': 1.4324604552958207, 'I_gpi': 2.245670288174936, 'noise_stn_sigma': 5.882666980465148, 'noise_gpe_sigma': 123.7440387960518, 'noise_gpi_sigma': 97.51821643831612, 'g_stn_gpe_mult': 3.0098094705428533, 'g_gpe_stn_mult': 0.5348800201117913, 'g_stn_gpi_mult': 3.2857463140617527, 'g_gpe_gpi_mult': 0.487187401618981}. Best is trial 573 with value: 0.45098607789266554.
[I 2026-05-28 23:35:26,437] Trial 610 finished with value: 3.285905208542299 and parameters: {'ISTN': 63.14421720703168, 'I_gpe': 1.4347846674783318, 'I_gpi': 2.527316333472385, 'noise_stn_sigma': 6.010888299043212, 'noise_gpe_sigma': 126.35704458148255, 'noise_gpi_sigma': 97.70166427618926, 'g_stn_gpe_mult': 2.9586499289207215, 'g_gpe_stn_mult': 0.6004543016833245, 'g_stn_gpi_mult': 3.3802452181943323, 'g_gpe_gpi_mult': 0.4763678198984102}. Best is trial 573 with value: 0.45098607789266554.
[I 2026-05-28 23:35:27,450] Trial 611 finished with value: 6.000589716760152 and parameters: {'ISTN': 62.42286593240628, 'I_gpe': 1.329102920404701, 'I_gpi': 2.282046294719545, 'noise_stn_sigma': 6.657182209340921, 'noise_gpe_sigma': 124.28550233958723, 'noise_gpi_sigma': 101.45990132806898, 'g_stn_gpe_mult': 2.800205646780531, 'g_gpe_stn_mult': 0.49311356636466974, 'g_stn_gpi_mult': 2.974933867313301, 'g_gpe_gpi_mult': 0.47552880078977827}. Best is trial 573 with value: 0.45098607789266554.
[I 2026-05-28 23:35:28,458] Trial 612 finished with value: 1.544581642941202 and parameters: {'ISTN': 61.35090567856176, 'I_gpe': 1.3365124486373787, 'I_gpi': 2.396845640739053, 'noise_stn_sigma': 6.5830410602617135, 'noise_gpe_sigma': 126.81319872889111, 'noise_gpi_sigma': 92.65177435081428, 'g_stn_gpe_mult': 2.8828609371684, 'g_gpe_stn_mult': 0.5494063571677756, 'g_stn_gpi_mult': 3.2660914036143898, 'g_gpe_gpi_mult': 0.5254738932146075}. Best is trial 573 with value: 0.45098607789266554.
[I 2026-05-28 23:35:29,464] Trial 613 finished with value: 2.858030221180613 and parameters: {'ISTN': 60.35242523082352, 'I_gpe': 1.4086520121173556, 'I_gpi': 2.265915922428001, 'noise_stn_sigma': 6.701896610949754, 'noise_gpe_sigma': 129.56105080755123, 'noise_gpi_sigma': 97.05088662630577, 'g_stn_gpe_mult': 2.886675007430194, 'g_gpe_stn_mult': 0.5159602095759296, 'g_stn_gpi_mult': 3.4154206270854193, 'g_gpe_gpi_mult': 0.5087231303475825}. Best is trial 573 with value: 0.45098607789266554.
[I 2026-05-28 23:35:30,472] Trial 614 finished with value: 5.871462013661622 and parameters: {'ISTN': 62.50207960217405, 'I_gpe': 1.3376626631152453, 'I_gpi': 2.1623503932630452, 'noise_stn_sigma': 6.770457770510281, 'noise_gpe_sigma': 124.06000296387631, 'noise_gpi_sigma': 102.92853269213359, 'g_stn_gpe_mult': 2.9482699713497116, 'g_gpe_stn_mult': 0.48251411104653985, 'g_stn_gpi_mult': 3.1967333692088644, 'g_gpe_gpi_mult': 0.48099109734296697}. Best is trial 573 with value: 0.45098607789266554.
[I 2026-05-28 23:35:31,481] Trial 615 finished with value: 7.0045290107606535 and parameters: {'ISTN': 61.52073774689759, 'I_gpe': 1.3436107471408163, 'I_gpi': 2.4039376346405827, 'noise_stn_sigma': 6.78980855246522, 'noise_gpe_sigma': 133.16000798074967, 'noise_gpi_sigma': 98.38458600024924, 'g_stn_gpe_mult': 2.906457679782183, 'g_gpe_stn_mult': 0.5094997989854778, 'g_stn_gpi_mult': 3.1222212471716997, 'g_gpe_gpi_mult': 0.506044392956865}. Best is trial 573 with value: 0.45098607789266554.
