[I 2026-05-28 23:52:29,895] Trial 616 finished with value: 0.14198677532405948 and parameters: {'ISTN': 61.80647991758059, 'I_gpe': 1.1965794011489577, 'I_gpi': 2.216546275629611, 'noise_stn_sigma': 2.9306776555046445, 'noise_gpe_sigma': 103.93912599029923, 'noise_gpi_sigma': 89.95464177740348, 'g_stn_gpe_mult': 2.6388586338701683, 'g_gpe_stn_mult': 0.15305938532980312, 'g_stn_gpi_mult': 1.768796012716133, 'g_gpe_gpi_mult': 1.06366057788237}. Best is trial 603 with value: 0.13545363363105456.
[I 2026-05-28 23:52:30,900] Trial 617 finished with value: 0.1645050816813939 and parameters: {'ISTN': 62.9237155281492, 'I_gpe': 1.117522883500489, 'I_gpi': 2.2061592566428363, 'noise_stn_sigma': 3.209425604362291, 'noise_gpe_sigma': 97.61970541980644, 'noise_gpi_sigma': 96.42225657997326, 'g_stn_gpe_mult': 2.6164558949622343, 'g_gpe_stn_mult': 0.12504826918586978, 'g_stn_gpi_mult': 1.6968648490861664, 'g_gpe_gpi_mult': 0.997473803942867}. Best is trial 603 with value: 0.13545363363105456.
[I 2026-05-28 23:52:31,907] Trial 618 finished with value: 0.1464959458862927 and parameters: {'ISTN': 61.63100222964979, 'I_gpe': 1.2180580284109712, 'I_gpi': 2.201837634560249, 'noise_stn_sigma': 3.1373669740192613, 'noise_gpe_sigma': 97.47705172534499, 'noise_gpi_sigma': 97.38627808700129, 'g_stn_gpe_mult': 2.7972712011939453, 'g_gpe_stn_mult': 0.13581807770784066, 'g_stn_gpi_mult': 1.7894105105739277, 'g_gpe_gpi_mult': 0.9950326150176936}. Best is trial 603 with value: 0.13545363363105456.
[I 2026-05-28 23:52:32,914] Trial 619 finished with value: 0.13466417943159156 and parameters: {'ISTN': 61.54034610350244, 'I_gpe': 1.247864361672785, 'I_gpi': 2.1450713368763537, 'noise_stn_sigma': 2.932084146714908, 'noise_gpe_sigma': 101.10889773814033, 'noise_gpi_sigma': 89.88706564772016, 'g_stn_gpe_mult': 2.6693677791864117, 'g_gpe_stn_mult': 0.1353783673242116, 'g_stn_gpi_mult': 1.8980465825969, 'g_gpe_gpi_mult': 1.0436853986408026}. Best is trial 619 with value: 0.13466417943159156.
[I 2026-05-28 23:52:33,920] Trial 620 finished with value: 0.15829254784456726 and parameters: {'ISTN': 60.57039872357649, 'I_gpe': 1.2015294640470744, 'I_gpi': 2.387520136874981, 'noise_stn_sigma': 2.98465146977096, 'noise_gpe_sigma': 95.71462310210866, 'noise_gpi_sigma': 97.88230655845102, 'g_stn_gpe_mult': 2.8040400534102234, 'g_gpe_stn_mult': 0.14206332841956779, 'g_stn_gpi_mult': 1.6587919862011566, 'g_gpe_gpi_mult': 1.0594582319396755}. Best is trial 619 with value: 0.13466417943159156.
[I 2026-05-28 23:52:34,925] Trial 621 finished with value: 0.1395531753900494 and parameters: {'ISTN': 61.910651942157195, 'I_gpe': 1.2300919183590504, 'I_gpi': 2.180867344280542, 'noise_stn_sigma': 2.820426781089499, 'noise_gpe_sigma': 100.85952503174792, 'noise_gpi_sigma': 89.14214992914353, 'g_stn_gpe_mult': 2.522568022482975, 'g_gpe_stn_mult': 0.1491631184054874, 'g_stn_gpi_mult': 2.0014955578159355, 'g_gpe_gpi_mult': 1.024238165268702}. Best is trial 619 with value: 0.13466417943159156.
[I 2026-05-28 23:52:35,934] Trial 622 finished with value: 0.12641382734777362 and parameters: {'ISTN': 60.327451460962656, 'I_gpe': 1.2119351960566445, 'I_gpi': 2.2238599037645717, 'noise_stn_sigma': 3.2792943307006737, 'noise_gpe_sigma': 102.172439805585, 'noise_gpi_sigma': 93.82141505734323, 'g_stn_gpe_mult': 2.829922965941261, 'g_gpe_stn_mult': 0.16449813726791523, 'g_stn_gpi_mult': 1.5885951786710102, 'g_gpe_gpi_mult': 1.0588552288908961}. Best is trial 622 with value: 0.12641382734777362.
[I 2026-05-28 23:52:36,941] Trial 623 finished with value: 0.2174836744615842 and parameters: {'ISTN': 62.59011660554205, 'I_gpe': 1.0673776007482585, 'I_gpi': 1.8036984349024099, 'noise_stn_sigma': 2.9247610557881885, 'noise_gpe_sigma': 102.34680699341229, 'noise_gpi_sigma': 86.92166519504674, 'g_stn_gpe_mult': 2.740548884404161, 'g_gpe_stn_mult': 0.1433732691569734, 'g_stn_gpi_mult': 1.6937268174935576, 'g_gpe_gpi_mult': 1.0088778094813655}. Best is trial 622 with value: 0.12641382734777362.
[I 2026-05-28 23:52:37,945] Trial 624 finished with value: 0.18163111959117995 and parameters: {'ISTN': 63.01836725617436, 'I_gpe': 1.0309127868800756, 'I_gpi': 2.182275158641808, 'noise_stn_sigma': 2.8762094543505103, 'noise_gpe_sigma': 105.1771603747102, 'noise_gpi_sigma': 89.90054818945178, 'g_stn_gpe_mult': 2.5358708201514917, 'g_gpe_stn_mult': 0.16181091194562602, 'g_stn_gpi_mult': 1.8846013541981603, 'g_gpe_gpi_mult': 1.047087515290061}. Best is trial 622 with value: 0.12641382734777362.
[I 2026-05-28 23:52:38,952] Trial 625 finished with value: 0.14682800717916578 and parameters: {'ISTN': 62.65577825287476, 'I_gpe': 1.1213678871816934, 'I_gpi': 2.192677680159674, 'noise_stn_sigma': 2.8477845160043724, 'noise_gpe_sigma': 103.88112277654191, 'noise_gpi_sigma': 87.8828647511633, 'g_stn_gpe_mult': 2.706810290740278, 'g_gpe_stn_mult': 0.14344270817648083, 'g_stn_gpi_mult': 1.7801130471832673, 'g_gpe_gpi_mult': 1.0453256732571787}. Best is trial 622 with value: 0.12641382734777362.
[I 2026-05-28 23:52:39,960] Trial 626 finished with value: 0.14719122932726522 and parameters: {'ISTN': 61.12873903154104, 'I_gpe': 1.1579428428516871, 'I_gpi': 2.2057610887074106, 'noise_stn_sigma': 3.2442456892915237, 'noise_gpe_sigma': 100.23061482148789, 'noise_gpi_sigma': 96.99864818060382, 'g_stn_gpe_mult': 2.6593013099987264, 'g_gpe_stn_mult': 0.13939941886200422, 'g_stn_gpi_mult': 1.8319175102702339, 'g_gpe_gpi_mult': 0.9929879651146591}. Best is trial 622 with value: 0.12641382734777362.
[I 2026-05-28 23:52:40,967] Trial 627 finished with value: 0.1437466505106084 and parameters: {'ISTN': 62.35921199057796, 'I_gpe': 1.3140507489732778, 'I_gpi': 2.077380885817853, 'noise_stn_sigma': 3.130875060840359, 'noise_gpe_sigma': 101.92842159758027, 'noise_gpi_sigma': 86.11554896205206, 'g_stn_gpe_mult': 2.716788000818356, 'g_gpe_stn_mult': 0.11677861360475286, 'g_stn_gpi_mult': 1.8636037341583944, 'g_gpe_gpi_mult': 0.9761675792052167}. Best is trial 622 with value: 0.12641382734777362.
[I 2026-05-28 23:52:41,975] Trial 628 finished with value: 0.14978268470857958 and parameters: {'ISTN': 61.569850694910535, 'I_gpe': 1.23402175672561, 'I_gpi': 2.0759403893206096, 'noise_stn_sigma': 2.955738511477305, 'noise_gpe_sigma': 103.63888145280083, 'noise_gpi_sigma': 92.18385077828496, 'g_stn_gpe_mult': 2.7047819200710568, 'g_gpe_stn_mult': 0.12758542206103757, 'g_stn_gpi_mult': 1.7563893378332243, 'g_gpe_gpi_mult': 1.0592125460103345}. Best is trial 622 with value: 0.12641382734777362.
[I 2026-05-28 23:52:42,979] Trial 629 finished with value: 1.0761117593435814 and parameters: {'ISTN': 61.32706440999867, 'I_gpe': 1.2708363710167412, 'I_gpi': 2.2801820692266426, 'noise_stn_sigma': 2.864468170228099, 'noise_gpe_sigma': 103.58308185643935, 'noise_gpi_sigma': 88.18434757285233, 'g_stn_gpe_mult': 2.760345650280978, 'g_gpe_stn_mult': 0.16572462731902482, 'g_stn_gpi_mult': 1.816122476786206, 'g_gpe_gpi_mult': 1.1095246951789348}. Best is trial 622 with value: 0.12641382734777362.
[I 2026-05-28 23:52:43,985] Trial 630 finished with value: 0.14644873508535272 and parameters: {'ISTN': 60.33136698556832, 'I_gpe': 1.1369194161310743, 'I_gpi': 2.328973583705487, 'noise_stn_sigma': 2.856742399857486, 'noise_gpe_sigma': 102.7138658952136, 'noise_gpi_sigma': 93.81565752731441, 'g_stn_gpe_mult': 2.822448679026864, 'g_gpe_stn_mult': 0.1810699106429037, 'g_stn_gpi_mult': 1.9086454893338207, 'g_gpe_gpi_mult': 1.1227887554174458}. Best is trial 622 with value: 0.12641382734777362.
[I 2026-05-28 23:52:44,991] Trial 631 finished with value: 0.13235181287563572 and parameters: {'ISTN': 60.85942399131661, 'I_gpe': 1.305389682507828, 'I_gpi': 2.1384567582584637, 'noise_stn_sigma': 3.213692508580432, 'noise_gpe_sigma': 98.83352621654552, 'noise_gpi_sigma': 85.45744742286179, 'g_stn_gpe_mult': 2.7837675616890802, 'g_gpe_stn_mult': 0.13720336310077133, 'g_stn_gpi_mult': 1.8839146106192146, 'g_gpe_gpi_mult': 1.021080752267155}. Best is trial 622 with value: 0.12641382734777362.
[I 2026-05-28 23:52:45,998] Trial 632 finished with value: 1.079515160892155 and parameters: {'ISTN': 61.44571228558162, 'I_gpe': 1.1868736573301122, 'I_gpi': 2.2644790174759173, 'noise_stn_sigma': 3.0842297656393742, 'noise_gpe_sigma': 99.89293483959864, 'noise_gpi_sigma': 97.64099821628561, 'g_stn_gpe_mult': 2.5825990680437796, 'g_gpe_stn_mult': 0.1806602610170292, 'g_stn_gpi_mult': 1.875981483380022, 'g_gpe_gpi_mult': 1.0005689292822455}. Best is trial 622 with value: 0.12641382734777362.
[I 2026-05-28 23:52:47,004] Trial 633 finished with value: 0.19033191736216087 and parameters: {'ISTN': 62.537035515460076, 'I_gpe': 0.9478643679988029, 'I_gpi': 2.272956828308401, 'noise_stn_sigma': 2.7708748453084735, 'noise_gpe_sigma': 106.94018658654485, 'noise_gpi_sigma': 93.40317605083905, 'g_stn_gpe_mult': 2.748481354222932, 'g_gpe_stn_mult': 0.17531671268083532, 'g_stn_gpi_mult': 1.717356762555521, 'g_gpe_gpi_mult': 1.06210465242639}. Best is trial 622 with value: 0.12641382734777362.
[I 2026-05-28 23:52:48,008] Trial 634 finished with value: 0.14201619970448381 and parameters: {'ISTN': 60.5329621195065, 'I_gpe': 1.2228785911112767, 'I_gpi': 2.3744663701638604, 'noise_stn_sigma': 3.226942183438808, 'noise_gpe_sigma': 99.70012145649183, 'noise_gpi_sigma': 86.45249325918383, 'g_stn_gpe_mult': 2.7850921233576824, 'g_gpe_stn_mult': 0.1704939809266353, 'g_stn_gpi_mult': 1.7260444913500037, 'g_gpe_gpi_mult': 1.0516822582438095}. Best is trial 622 with value: 0.12641382734777362.
[I 2026-05-28 23:52:49,014] Trial 635 finished with value: 2.848513505267746 and parameters: {'ISTN': 61.68044602201282, 'I_gpe': 1.2589905169079383, 'I_gpi': 2.1917577653801317, 'noise_stn_sigma': 3.1406518104945143, 'noise_gpe_sigma': 101.13981710110957, 'noise_gpi_sigma': 90.27303914209706, 'g_stn_gpe_mult': 2.6726178617542575, 'g_gpe_stn_mult': 0.16967885814097772, 'g_stn_gpi_mult': 1.781972038504124, 'g_gpe_gpi_mult': 0.9882800940875875}. Best is trial 622 with value: 0.12641382734777362.
[I 2026-05-28 23:52:50,020] Trial 636 finished with value: 0.1501140339754262 and parameters: {'ISTN': 62.38731014752642, 'I_gpe': 1.1833565624700464, 'I_gpi': 2.18388911557145, 'noise_stn_sigma': 3.1041002251867096, 'noise_gpe_sigma': 99.96295790204995, 'noise_gpi_sigma': 89.54526232396148, 'g_stn_gpe_mult': 2.779965706739765, 'g_gpe_stn_mult': 0.12831482656521104, 'g_stn_gpi_mult': 1.8229891123706743, 'g_gpe_gpi_mult': 1.005139497684039}. Best is trial 622 with value: 0.12641382734777362.
[I 2026-05-28 23:52:51,027] Trial 637 finished with value: 0.15261836702122364 and parameters: {'ISTN': 62.26622645956492, 'I_gpe': 1.1492957015984928, 'I_gpi': 2.2599009054467984, 'noise_stn_sigma': 2.63208813046075, 'noise_gpe_sigma': 106.24013447863632, 'noise_gpi_sigma': 87.20444307588274, 'g_stn_gpe_mult': 2.701582211004572, 'g_gpe_stn_mult': 0.15953219197459803, 'g_stn_gpi_mult': 1.795779472644461, 'g_gpe_gpi_mult': 1.045345661769612}. Best is trial 622 with value: 0.12641382734777362.
[I 2026-05-28 23:52:52,032] Trial 638 finished with value: 0.1557980804341635 and parameters: {'ISTN': 61.312507231145084, 'I_gpe': 1.069595413776852, 'I_gpi': 2.3420219906798065, 'noise_stn_sigma': 3.227526897262841, 'noise_gpe_sigma': 99.02730144360953, 'noise_gpi_sigma': 89.43591078114021, 'g_stn_gpe_mult': 2.825300608648603, 'g_gpe_stn_mult': 0.15601817747330365, 'g_stn_gpi_mult': 1.6297700675353943, 'g_gpe_gpi_mult': 1.0504204076424184}. Best is trial 622 with value: 0.12641382734777362.
[I 2026-05-28 23:52:53,039] Trial 639 finished with value: 0.3751125268277551 and parameters: {'ISTN': 62.30707254458825, 'I_gpe': 1.2619617049233767, 'I_gpi': 2.2095508379194726, 'noise_stn_sigma': 2.9669927386574373, 'noise_gpe_sigma': 99.59159382267121, 'noise_gpi_sigma': 87.54499286677027, 'g_stn_gpe_mult': 2.7249298135264333, 'g_gpe_stn_mult': 0.14860558381859543, 'g_stn_gpi_mult': 1.7974500747139697, 'g_gpe_gpi_mult': 1.0247212977383529}. Best is trial 622 with value: 0.12641382734777362.
[I 2026-05-28 23:52:54,047] Trial 640 finished with value: 0.14475247234387817 and parameters: {'ISTN': 61.014104191532844, 'I_gpe': 1.396843562463218, 'I_gpi': 2.217408348643064, 'noise_stn_sigma': 3.257352453593262, 'noise_gpe_sigma': 96.74658549049082, 'noise_gpi_sigma': 94.64130590653646, 'g_stn_gpe_mult': 2.633578667844188, 'g_gpe_stn_mult': 0.11384539072106514, 'g_stn_gpi_mult': 1.686209045961591, 'g_gpe_gpi_mult': 1.0250796129977697}. Best is trial 622 with value: 0.12641382734777362.
[I 2026-05-28 23:52:55,055] Trial 641 finished with value: 0.13901591743351074 and parameters: {'ISTN': 60.71724400744917, 'I_gpe': 1.2607532255210732, 'I_gpi': 2.2329602474573287, 'noise_stn_sigma': 3.112925358845582, 'noise_gpe_sigma': 96.96713417785563, 'noise_gpi_sigma': 92.11015990978731, 'g_stn_gpe_mult': 2.7444324607673485, 'g_gpe_stn_mult': 0.13095430870895336, 'g_stn_gpi_mult': 1.6854629959976852, 'g_gpe_gpi_mult': 1.0483695217644846}. Best is trial 622 with value: 0.12641382734777362.
[I 2026-05-28 23:52:56,061] Trial 642 finished with value: 0.1401445299555516 and parameters: {'ISTN': 62.241447604326936, 'I_gpe': 1.4289207499903414, 'I_gpi': 2.124930323561376, 'noise_stn_sigma': 3.0054300042781903, 'noise_gpe_sigma': 103.24233380771618, 'noise_gpi_sigma': 82.77706194886557, 'g_stn_gpe_mult': 2.649344324223594, 'g_gpe_stn_mult': 0.13668022629023296, 'g_stn_gpi_mult': 1.8366354486691177, 'g_gpe_gpi_mult': 1.0105735484663436}. Best is trial 622 with value: 0.12641382734777362.
[I 2026-05-28 23:52:57,066] Trial 643 finished with value: 0.18986273369935713 and parameters: {'ISTN': 61.29738078388181, 'I_gpe': 1.1629009720277286, 'I_gpi': 2.3159367482439928, 'noise_stn_sigma': 3.146653314770206, 'noise_gpe_sigma': 98.87475731701295, 'noise_gpi_sigma': 88.41472784013048, 'g_stn_gpe_mult': 2.887440447553187, 'g_gpe_stn_mult': 0.1111225100960325, 'g_stn_gpi_mult': 1.7423023740616543, 'g_gpe_gpi_mult': 1.0193824802047433}. Best is trial 622 with value: 0.12641382734777362.
[I 2026-05-28 23:52:58,071] Trial 644 finished with value: 0.13998540071098212 and parameters: {'ISTN': 62.043644785863236, 'I_gpe': 1.346164606410664, 'I_gpi': 2.250604524351716, 'noise_stn_sigma': 3.0439514072420732, 'noise_gpe_sigma': 94.59166373408182, 'noise_gpi_sigma': 90.4865426926277, 'g_stn_gpe_mult': 2.6389055154019916, 'g_gpe_stn_mult': 0.11046814519861133, 'g_stn_gpi_mult': 1.5559299210640194, 'g_gpe_gpi_mult': 1.0088140641971703}. Best is trial 622 with value: 0.12641382734777362.
[I 2026-05-28 23:52:59,078] Trial 645 finished with value: 0.13541506497640676 and parameters: {'ISTN': 62.44430528357991, 'I_gpe': 1.3413593743454972, 'I_gpi': 2.126521270312483, 'noise_stn_sigma': 2.6049386697493286, 'noise_gpe_sigma': 96.46554328678852, 'noise_gpi_sigma': 83.14620373317507, 'g_stn_gpe_mult': 2.7312226871982133, 'g_gpe_stn_mult': 0.126756093871768, 'g_stn_gpi_mult': 1.8887786770662294, 'g_gpe_gpi_mult': 1.06455876612844}. Best is trial 622 with value: 0.12641382734777362.
[I 2026-05-28 23:53:00,084] Trial 646 finished with value: 0.1519998705268993 and parameters: {'ISTN': 62.34627905633102, 'I_gpe': 1.405335554002589, 'I_gpi': 2.0405688022161432, 'noise_stn_sigma': 3.3913718070870846, 'noise_gpe_sigma': 100.2968338148677, 'noise_gpi_sigma': 85.89142683438483, 'g_stn_gpe_mult': 2.6909998484398745, 'g_gpe_stn_mult': 0.13765402914872196, 'g_stn_gpi_mult': 1.8765226991900543, 'g_gpe_gpi_mult': 1.0765459449284596}. Best is trial 622 with value: 0.12641382734777362.
[I 2026-05-28 23:53:01,092] Trial 647 finished with value: 0.14399525327890403 and parameters: {'ISTN': 60.5627954172128, 'I_gpe': 1.1724028838906708, 'I_gpi': 2.386008549604205, 'noise_stn_sigma': 3.148923928129876, 'noise_gpe_sigma': 99.6592850170851, 'noise_gpi_sigma': 79.82048920354512, 'g_stn_gpe_mult': 2.90117648298751, 'g_gpe_stn_mult': 0.164650897008228, 'g_stn_gpi_mult': 1.6725441788689646, 'g_gpe_gpi_mult': 0.9917173451470933}. Best is trial 622 with value: 0.12641382734777362.
[I 2026-05-28 23:53:02,098] Trial 648 finished with value: 0.1341550916478007 and parameters: {'ISTN': 60.08530425636118, 'I_gpe': 1.2411112511416693, 'I_gpi': 2.2230831824786295, 'noise_stn_sigma': 3.599130003722996, 'noise_gpe_sigma': 92.03288096794242, 'noise_gpi_sigma': 94.40352849465839, 'g_stn_gpe_mult': 2.8303936147249686, 'g_gpe_stn_mult': 0.11400100875584057, 'g_stn_gpi_mult': 1.6993871336438133, 'g_gpe_gpi_mult': 0.9501526773258848}. Best is trial 622 with value: 0.12641382734777362.
[I 2026-05-28 23:53:03,103] Trial 649 finished with value: 0.13373104791593496 and parameters: {'ISTN': 60.76669846326663, 'I_gpe': 1.3743239552594453, 'I_gpi': 2.142140990942371, 'noise_stn_sigma': 3.430118694214272, 'noise_gpe_sigma': 95.07119520321969, 'noise_gpi_sigma': 83.5236605070495, 'g_stn_gpe_mult': 2.632250695611138, 'g_gpe_stn_mult': 0.14089520084190305, 'g_stn_gpi_mult': 1.8450472429882498, 'g_gpe_gpi_mult': 1.0270245687032726}. Best is trial 622 with value: 0.12641382734777362.
[I 2026-05-28 23:53:04,109] Trial 650 finished with value: 0.23975321102718428 and parameters: {'ISTN': 60.76800265896988, 'I_gpe': 1.4020223685456052, 'I_gpi': 2.217120553609428, 'noise_stn_sigma': 3.0478518150173097, 'noise_gpe_sigma': 96.39085665720691, 'noise_gpi_sigma': 84.82605827482354, 'g_stn_gpe_mult': 2.730187388121747, 'g_gpe_stn_mult': 0.14590369843852902, 'g_stn_gpi_mult': 1.8106973161924302, 'g_gpe_gpi_mult': 1.0504460151856232}. Best is trial 622 with value: 0.12641382734777362.
[I 2026-05-28 23:53:05,116] Trial 651 finished with value: 0.14615579839014742 and parameters: {'ISTN': 62.47893923083859, 'I_gpe': 1.358971690996491, 'I_gpi': 2.0583110366146173, 'noise_stn_sigma': 3.2982354166473895, 'noise_gpe_sigma': 99.53921553286915, 'noise_gpi_sigma': 83.58931783615631, 'g_stn_gpe_mult': 2.4815896007168896, 'g_gpe_stn_mult': 0.12918084944680364, 'g_stn_gpi_mult': 1.8906346002536094, 'g_gpe_gpi_mult': 1.0276357785214933}. Best is trial 622 with value: 0.12641382734777362.
[I 2026-05-28 23:53:06,123] Trial 652 finished with value: 0.13505761435338873 and parameters: {'ISTN': 60.25308407066247, 'I_gpe': 1.3643886743432703, 'I_gpi': 2.110340433973963, 'noise_stn_sigma': 3.2408339028639275, 'noise_gpe_sigma': 100.00547171639393, 'noise_gpi_sigma': 85.88576329788975, 'g_stn_gpe_mult': 2.787722203811248, 'g_gpe_stn_mult': 0.14582452720796624, 'g_stn_gpi_mult': 1.8073136963463063, 'g_gpe_gpi_mult': 1.01227271373894}. Best is trial 622 with value: 0.12641382734777362.
[I 2026-05-28 23:53:07,126] Trial 653 finished with value: 0.13548735726180078 and parameters: {'ISTN': 60.543788779856435, 'I_gpe': 1.2903871256923987, 'I_gpi': 2.208766444558076, 'noise_stn_sigma': 3.9092064265257207, 'noise_gpe_sigma': 93.51327697469752, 'noise_gpi_sigma': 90.16292424596132, 'g_stn_gpe_mult': 2.532520437060889, 'g_gpe_stn_mult': 0.133022313670659, 'g_stn_gpi_mult': 1.7443822964498255, 'g_gpe_gpi_mult': 0.942386958100754}. Best is trial 622 with value: 0.12641382734777362.
[I 2026-05-28 23:53:08,132] Trial 654 finished with value: 0.22486211438135248 and parameters: {'ISTN': 61.48056852527862, 'I_gpe': 1.286825278704701, 'I_gpi': 2.069612402372286, 'noise_stn_sigma': 3.188785923840015, 'noise_gpe_sigma': 91.19856070207337, 'noise_gpi_sigma': 85.57599283728102, 'g_stn_gpe_mult': 2.73333847925861, 'g_gpe_stn_mult': 0.11299778268781616, 'g_stn_gpi_mult': 1.7929230518972599, 'g_gpe_gpi_mult': 0.9717855803045419}. Best is trial 622 with value: 0.12641382734777362.
[I 2026-05-28 23:53:09,135] Trial 655 finished with value: 0.13278912201971405 and parameters: {'ISTN': 60.70088715916413, 'I_gpe': 1.3073943650713988, 'I_gpi': 2.15181122217286, 'noise_stn_sigma': 3.4877966246886523, 'noise_gpe_sigma': 92.93011995913736, 'noise_gpi_sigma': 74.85164562066652, 'g_stn_gpe_mult': 2.625115629858178, 'g_gpe_stn_mult': 0.12687723563186926, 'g_stn_gpi_mult': 1.797193058797221, 'g_gpe_gpi_mult': 0.9884935786532134}. Best is trial 622 with value: 0.12641382734777362.
[I 2026-05-28 23:53:10,141] Trial 656 finished with value: 0.12811603461357654 and parameters: {'ISTN': 61.79559049406074, 'I_gpe': 1.2574254713190136, 'I_gpi': 2.1873788748958134, 'noise_stn_sigma': 3.1435154233273583, 'noise_gpe_sigma': 102.43390344771169, 'noise_gpi_sigma': 82.9348654416819, 'g_stn_gpe_mult': 2.8396179918229656, 'g_gpe_stn_mult': 0.14379658139429383, 'g_stn_gpi_mult': 1.7697860104420782, 'g_gpe_gpi_mult': 1.0611778523543265}. Best is trial 622 with value: 0.12641382734777362.
[I 2026-05-28 23:53:11,147] Trial 657 finished with value: 0.16681458556360104 and parameters: {'ISTN': 61.00119565070466, 'I_gpe': 1.3231702126330664, 'I_gpi': 2.106938952417317, 'noise_stn_sigma': 3.456073955901312, 'noise_gpe_sigma': 93.00296692695547, 'noise_gpi_sigma': 93.74349695806337, 'g_stn_gpe_mult': 2.7456577834837725, 'g_gpe_stn_mult': 0.13169330526095765, 'g_stn_gpi_mult': 1.8340062828980839, 'g_gpe_gpi_mult': 0.9794547609226918}. Best is trial 622 with value: 0.12641382734777362.
[I 2026-05-28 23:53:12,152] Trial 658 finished with value: 0.1465344551871723 and parameters: {'ISTN': 62.81722273843985, 'I_gpe': 1.2861980213577568, 'I_gpi': 2.092255670963455, 'noise_stn_sigma': 3.645221458418807, 'noise_gpe_sigma': 92.30562366362439, 'noise_gpi_sigma': 83.92147560982983, 'g_stn_gpe_mult': 2.9070883203438473, 'g_gpe_stn_mult': 0.10090940428429063, 'g_stn_gpi_mult': 1.8085123538030905, 'g_gpe_gpi_mult': 0.9850820594299388}. Best is trial 622 with value: 0.12641382734777362.
[I 2026-05-28 23:53:13,158] Trial 659 finished with value: 0.13732197817307318 and parameters: {'ISTN': 60.163869933381534, 'I_gpe': 1.2939933884979795, 'I_gpi': 2.1241339331681752, 'noise_stn_sigma': 3.259981012541122, 'noise_gpe_sigma': 95.14847068585699, 'noise_gpi_sigma': 87.50758449738076, 'g_stn_gpe_mult': 2.76442926305882, 'g_gpe_stn_mult': 0.1357497211733597, 'g_stn_gpi_mult': 1.9033109154085948, 'g_gpe_gpi_mult': 1.0313233953546828}. Best is trial 622 with value: 0.12641382734777362.
