[I 2026-05-28 23:27:25,606] Trial 132 finished with value: 11.792513538227961 and parameters: {'ISTN': 68.88372251120394, 'I_gpe': 1.1360288091759831, 'I_gpi': 2.080215808888234, 'noise_stn_sigma': 4.162949038564149, 'noise_gpe_sigma': 90.0657935132847, 'noise_gpi_sigma': 102.76344041290264, 'g_stn_gpe_mult': 1.720530132811993, 'g_gpe_stn_mult': 0.45137456100518725, 'g_stn_gpi_mult': 2.939563803535293, 'g_gpe_gpi_mult': 0.6717495599412358}. Best is trial 114 with value: 0.7660526910236299.
[I 2026-05-28 23:27:26,612] Trial 133 finished with value: 7.096273773040251 and parameters: {'ISTN': 71.91537427372356, 'I_gpe': 1.0784660810208013, 'I_gpi': 2.7037273986102583, 'noise_stn_sigma': 6.917417606895002, 'noise_gpe_sigma': 121.35858259380109, 'noise_gpi_sigma': 96.48204766393684, 'g_stn_gpe_mult': 2.3945461023152066, 'g_gpe_stn_mult': 0.535080425267476, 'g_stn_gpi_mult': 3.699919021391076, 'g_gpe_gpi_mult': 0.5931318631071045}. Best is trial 114 with value: 0.7660526910236299.
[I 2026-05-28 23:27:27,620] Trial 134 finished with value: 6.976906256585563 and parameters: {'ISTN': 62.21767638383127, 'I_gpe': 1.3066761935891067, 'I_gpi': 1.2906570749828536, 'noise_stn_sigma': 6.158071368207834, 'noise_gpe_sigma': 128.3952266252657, 'noise_gpi_sigma': 86.69965426727376, 'g_stn_gpe_mult': 2.377913057505011, 'g_gpe_stn_mult': 0.46185276360330807, 'g_stn_gpi_mult': 2.1968486122856743, 'g_gpe_gpi_mult': 0.5891512057407383}. Best is trial 114 with value: 0.7660526910236299.
[I 2026-05-28 23:27:28,625] Trial 135 finished with value: 7.773869392642939 and parameters: {'ISTN': 63.662873388644925, 'I_gpe': 1.2248422222424709, 'I_gpi': 2.2210951301821815, 'noise_stn_sigma': 7.15730947501687, 'noise_gpe_sigma': 144.43257768556776, 'noise_gpi_sigma': 111.9805802135033, 'g_stn_gpe_mult': 1.8748006274054845, 'g_gpe_stn_mult': 0.771611644766876, 'g_stn_gpi_mult': 3.1071567123272423, 'g_gpe_gpi_mult': 0.6795212319215296}. Best is trial 114 with value: 0.7660526910236299.
[I 2026-05-28 23:27:29,631] Trial 136 finished with value: 6.122553232553342 and parameters: {'ISTN': 84.11426042185794, 'I_gpe': 1.309523252862933, 'I_gpi': 2.251910198398018, 'noise_stn_sigma': 5.898328490831076, 'noise_gpe_sigma': 144.4509982013883, 'noise_gpi_sigma': 96.84922783667038, 'g_stn_gpe_mult': 2.195174170810443, 'g_gpe_stn_mult': 0.6328751807796187, 'g_stn_gpi_mult': 2.9581673089983327, 'g_gpe_gpi_mult': 0.4780014017048298}. Best is trial 114 with value: 0.7660526910236299.
[I 2026-05-28 23:27:30,638] Trial 137 finished with value: 10.010338021763603 and parameters: {'ISTN': 75.4527357813287, 'I_gpe': 1.5278498075217912, 'I_gpi': 1.4592536323114897, 'noise_stn_sigma': 5.44914740969027, 'noise_gpe_sigma': 124.28517259759981, 'noise_gpi_sigma': 117.75911185755285, 'g_stn_gpe_mult': 1.7837938461212364, 'g_gpe_stn_mult': 0.4492001006923091, 'g_stn_gpi_mult': 2.8450315411665654, 'g_gpe_gpi_mult': 0.5016691013771611}. Best is trial 114 with value: 0.7660526910236299.
[I 2026-05-28 23:27:31,645] Trial 138 finished with value: 12.917247192541826 and parameters: {'ISTN': 68.69928591693376, 'I_gpe': 1.9132526340296991, 'I_gpi': 1.975998639508737, 'noise_stn_sigma': 5.251198509941173, 'noise_gpe_sigma': 127.11909380148731, 'noise_gpi_sigma': 118.76123765576875, 'g_stn_gpe_mult': 1.9745510755901157, 'g_gpe_stn_mult': 0.633928881646178, 'g_stn_gpi_mult': 2.777112275808939, 'g_gpe_gpi_mult': 0.6652768613843707}. Best is trial 114 with value: 0.7660526910236299.
[I 2026-05-28 23:27:32,656] Trial 139 finished with value: 10.335938183904798 and parameters: {'ISTN': 61.00031487441663, 'I_gpe': 1.963622481424729, 'I_gpi': 2.1809313018580627, 'noise_stn_sigma': 4.7808928234723735, 'noise_gpe_sigma': 134.7718700030818, 'noise_gpi_sigma': 99.29438734880274, 'g_stn_gpe_mult': 2.3038404503509344, 'g_gpe_stn_mult': 0.5176308806664759, 'g_stn_gpi_mult': 2.914029326700282, 'g_gpe_gpi_mult': 0.4794496268307793}. Best is trial 114 with value: 0.7660526910236299.
[I 2026-05-28 23:27:33,663] Trial 140 finished with value: 7.755766924192882 and parameters: {'ISTN': 64.04371188349543, 'I_gpe': 1.1730481434146265, 'I_gpi': 1.6127460424220235, 'noise_stn_sigma': 5.202143612746877, 'noise_gpe_sigma': 126.26446736113708, 'noise_gpi_sigma': 101.66455267827303, 'g_stn_gpe_mult': 1.5992793163001537, 'g_gpe_stn_mult': 0.5346152134531146, 'g_stn_gpi_mult': 3.038831686542193, 'g_gpe_gpi_mult': 0.6727130901765119}. Best is trial 114 with value: 0.7660526910236299.
[I 2026-05-28 23:27:34,672] Trial 141 finished with value: 6.9730948366100804 and parameters: {'ISTN': 64.35667627436196, 'I_gpe': 1.1337613806930325, 'I_gpi': 1.1749303240188744, 'noise_stn_sigma': 6.43349746714142, 'noise_gpe_sigma': 134.13839080992685, 'noise_gpi_sigma': 101.68975575542875, 'g_stn_gpe_mult': 2.878071847694458, 'g_gpe_stn_mult': 0.48987543152847346, 'g_stn_gpi_mult': 2.778137060587343, 'g_gpe_gpi_mult': 0.5709897035843691}. Best is trial 114 with value: 0.7660526910236299.
[I 2026-05-28 23:27:35,680] Trial 142 finished with value: 12.198825478880032 and parameters: {'ISTN': 79.6906929721277, 'I_gpe': 1.8846000885392253, 'I_gpi': 1.43124432148188, 'noise_stn_sigma': 7.535549741898458, 'noise_gpe_sigma': 139.30192208975706, 'noise_gpi_sigma': 105.9547611796859, 'g_stn_gpe_mult': 2.116220476657671, 'g_gpe_stn_mult': 0.5190270062841517, 'g_stn_gpi_mult': 2.760617898364342, 'g_gpe_gpi_mult': 0.6179937632354177}. Best is trial 114 with value: 0.7660526910236299.
[I 2026-05-28 23:27:36,687] Trial 143 finished with value: 7.581015018599676 and parameters: {'ISTN': 68.80843931014928, 'I_gpe': 0.9004189953967043, 'I_gpi': 1.9327953861544938, 'noise_stn_sigma': 6.380758263779345, 'noise_gpe_sigma': 138.89373865344805, 'noise_gpi_sigma': 93.80976990119146, 'g_stn_gpe_mult': 2.1149171743863566, 'g_gpe_stn_mult': 0.7579154121331839, 'g_stn_gpi_mult': 3.168052408910307, 'g_gpe_gpi_mult': 0.5848261332127991}. Best is trial 114 with value: 0.7660526910236299.
[I 2026-05-28 23:27:37,695] Trial 144 finished with value: 15.332695769687307 and parameters: {'ISTN': 93.39703453308036, 'I_gpe': 1.6408333931507957, 'I_gpi': 1.0487951762759171, 'noise_stn_sigma': 6.592472329642094, 'noise_gpe_sigma': 139.00564602982382, 'noise_gpi_sigma': 67.10144779038234, 'g_stn_gpe_mult': 2.4095636340114996, 'g_gpe_stn_mult': 0.6286428149022032, 'g_stn_gpi_mult': 2.813213333610223, 'g_gpe_gpi_mult': 0.5791697826730677}. Best is trial 114 with value: 0.7660526910236299.
[I 2026-05-28 23:27:38,704] Trial 145 finished with value: 10.778182173348656 and parameters: {'ISTN': 68.14062845082506, 'I_gpe': 1.9229086272225386, 'I_gpi': 2.23343867919018, 'noise_stn_sigma': 7.51791701643232, 'noise_gpe_sigma': 117.35684444985777, 'noise_gpi_sigma': 86.406922076632, 'g_stn_gpe_mult': 2.574968377900726, 'g_gpe_stn_mult': 0.5892686016966897, 'g_stn_gpi_mult': 3.1050498290085646, 'g_gpe_gpi_mult': 0.4346977574170483}. Best is trial 114 with value: 0.7660526910236299.
[I 2026-05-28 23:27:39,710] Trial 146 finished with value: 9.11323268600875 and parameters: {'ISTN': 71.3911133392597, 'I_gpe': 1.4699769103106208, 'I_gpi': 2.0782959412356092, 'noise_stn_sigma': 7.863118889987132, 'noise_gpe_sigma': 118.69710440952488, 'noise_gpi_sigma': 113.92137239372913, 'g_stn_gpe_mult': 2.0429282131906774, 'g_gpe_stn_mult': 0.4520374405806282, 'g_stn_gpi_mult': 3.1910205584323936, 'g_gpe_gpi_mult': 0.5667960883405743}. Best is trial 114 with value: 0.7660526910236299.
[I 2026-05-28 23:27:40,717] Trial 147 finished with value: 4.38630125765461 and parameters: {'ISTN': 79.8067840844406, 'I_gpe': 1.4677556429367487, 'I_gpi': 2.0914426784437765, 'noise_stn_sigma': 6.946711682871905, 'noise_gpe_sigma': 126.88187305803258, 'noise_gpi_sigma': 95.84988068716716, 'g_stn_gpe_mult': 2.6025296049865805, 'g_gpe_stn_mult': 0.5440060377617396, 'g_stn_gpi_mult': 2.578185297950123, 'g_gpe_gpi_mult': 0.388142878571593}. Best is trial 114 with value: 0.7660526910236299.
[I 2026-05-28 23:27:41,724] Trial 148 finished with value: 10.659318016837029 and parameters: {'ISTN': 72.5598388164555, 'I_gpe': 1.3834978865854306, 'I_gpi': 2.0612116323614456, 'noise_stn_sigma': 4.825709999218644, 'noise_gpe_sigma': 109.01847884603183, 'noise_gpi_sigma': 105.93013724636211, 'g_stn_gpe_mult': 1.8342041660056612, 'g_gpe_stn_mult': 0.6293213824167323, 'g_stn_gpi_mult': 2.4706441308333846, 'g_gpe_gpi_mult': 0.4838278798533308}. Best is trial 114 with value: 0.7660526910236299.
[I 2026-05-28 23:27:42,730] Trial 149 finished with value: 6.898703672537318 and parameters: {'ISTN': 60.23708926525196, 'I_gpe': 0.7744995963868656, 'I_gpi': 2.466957738034397, 'noise_stn_sigma': 5.117703623790415, 'noise_gpe_sigma': 130.35572388467978, 'noise_gpi_sigma': 129.06603500014674, 'g_stn_gpe_mult': 2.0093019430092447, 'g_gpe_stn_mult': 0.44069535541522764, 'g_stn_gpi_mult': 2.4193155536474364, 'g_gpe_gpi_mult': 0.415750989798753}. Best is trial 114 with value: 0.7660526910236299.
[I 2026-05-28 23:27:43,738] Trial 150 finished with value: 14.219172428211692 and parameters: {'ISTN': 77.9650494137521, 'I_gpe': 1.8141606582539835, 'I_gpi': 1.9081952977086962, 'noise_stn_sigma': 5.294561636152877, 'noise_gpe_sigma': 141.93141873726677, 'noise_gpi_sigma': 117.50101883540275, 'g_stn_gpe_mult': 1.8721507531790986, 'g_gpe_stn_mult': 0.41633454259762426, 'g_stn_gpi_mult': 2.8480281160337544, 'g_gpe_gpi_mult': 0.47391918005123884}. Best is trial 114 with value: 0.7660526910236299.
[I 2026-05-28 23:27:44,748] Trial 151 finished with value: 7.651903391542096 and parameters: {'ISTN': 79.71904756994681, 'I_gpe': 1.31415353301588, 'I_gpi': 2.697300599840445, 'noise_stn_sigma': 6.3677657172197435, 'noise_gpe_sigma': 136.44983023726002, 'noise_gpi_sigma': 105.11646277338536, 'g_stn_gpe_mult': 2.3034439220357736, 'g_gpe_stn_mult': 0.5578093253220073, 'g_stn_gpi_mult': 2.933425605792773, 'g_gpe_gpi_mult': 0.41342829928737423}. Best is trial 114 with value: 0.7660526910236299.
[I 2026-05-28 23:27:45,756] Trial 152 finished with value: 15.057412943044298 and parameters: {'ISTN': 66.50393729480507, 'I_gpe': 2.0595425722943697, 'I_gpi': 1.6674900511789192, 'noise_stn_sigma': 6.899438858798796, 'noise_gpe_sigma': 118.20107391303917, 'noise_gpi_sigma': 79.28677889680606, 'g_stn_gpe_mult': 2.4374822775737153, 'g_gpe_stn_mult': 0.44526047586403084, 'g_stn_gpi_mult': 2.9516478980682526, 'g_gpe_gpi_mult': 0.4091052249597781}. Best is trial 114 with value: 0.7660526910236299.
[I 2026-05-28 23:27:46,762] Trial 153 finished with value: 9.505094759990904 and parameters: {'ISTN': 65.9439865220159, 'I_gpe': 1.023520940264957, 'I_gpi': 1.0314850315957123, 'noise_stn_sigma': 6.2091093617496576, 'noise_gpe_sigma': 117.55620415302567, 'noise_gpi_sigma': 103.81745359302994, 'g_stn_gpe_mult': 3.0772881005245005, 'g_gpe_stn_mult': 0.4610965172219956, 'g_stn_gpi_mult': 2.3236631203061915, 'g_gpe_gpi_mult': 0.2260328754884507}. Best is trial 114 with value: 0.7660526910236299.
[I 2026-05-28 23:27:47,770] Trial 154 finished with value: 11.6653170493151 and parameters: {'ISTN': 69.98211080465082, 'I_gpe': 0.8725829619488875, 'I_gpi': 1.9436163559309727, 'noise_stn_sigma': 7.376336566137886, 'noise_gpe_sigma': 130.6080615200989, 'noise_gpi_sigma': 118.79673470899945, 'g_stn_gpe_mult': 3.0859103440196467, 'g_gpe_stn_mult': 0.616812698577148, 'g_stn_gpi_mult': 2.2864110433463125, 'g_gpe_gpi_mult': 0.428291021461718}. Best is trial 114 with value: 0.7660526910236299.
[I 2026-05-28 23:27:48,779] Trial 155 finished with value: 9.550069605518306 and parameters: {'ISTN': 73.29671948595748, 'I_gpe': 0.7304254886069188, 'I_gpi': 1.4465781358040846, 'noise_stn_sigma': 7.169738437811187, 'noise_gpe_sigma': 137.40630504358532, 'noise_gpi_sigma': 98.66259615364787, 'g_stn_gpe_mult': 2.4797682292292507, 'g_gpe_stn_mult': 0.5238920545650543, 'g_stn_gpi_mult': 2.772648991759632, 'g_gpe_gpi_mult': 0.554307387149362}. Best is trial 114 with value: 0.7660526910236299.
[I 2026-05-28 23:27:49,786] Trial 156 finished with value: 10.256916535140194 and parameters: {'ISTN': 67.62724940466266, 'I_gpe': 2.355333157729091, 'I_gpi': 2.113787069549211, 'noise_stn_sigma': 6.4796749030600544, 'noise_gpe_sigma': 128.9883628587073, 'noise_gpi_sigma': 104.78815052499232, 'g_stn_gpe_mult': 2.0428108365748563, 'g_gpe_stn_mult': 0.6392599635562394, 'g_stn_gpi_mult': 2.5551200695515908, 'g_gpe_gpi_mult': 0.43910633921628617}. Best is trial 114 with value: 0.7660526910236299.
[I 2026-05-28 23:27:50,792] Trial 157 finished with value: 8.812999331081876 and parameters: {'ISTN': 74.21484157334243, 'I_gpe': 1.0783354671684093, 'I_gpi': 2.1884763524150506, 'noise_stn_sigma': 5.899682928566867, 'noise_gpe_sigma': 120.47163631877635, 'noise_gpi_sigma': 90.110461761766, 'g_stn_gpe_mult': 2.515652535213953, 'g_gpe_stn_mult': 0.48209063497654936, 'g_stn_gpi_mult': 2.070264055670557, 'g_gpe_gpi_mult': 0.5966383994983375}. Best is trial 114 with value: 0.7660526910236299.
[I 2026-05-28 23:27:51,798] Trial 158 finished with value: 12.424511882198887 and parameters: {'ISTN': 79.81789021250219, 'I_gpe': 1.7335130613070746, 'I_gpi': 3.0165810868271303, 'noise_stn_sigma': 6.0759344991881665, 'noise_gpe_sigma': 113.7102124624108, 'noise_gpi_sigma': 108.17522817714456, 'g_stn_gpe_mult': 3.057615213928393, 'g_gpe_stn_mult': 0.45743187800881724, 'g_stn_gpi_mult': 2.2827134987565825, 'g_gpe_gpi_mult': 0.719519660555398}. Best is trial 114 with value: 0.7660526910236299.
[I 2026-05-28 23:27:52,804] Trial 159 finished with value: 9.57853441820185 and parameters: {'ISTN': 74.05116167404269, 'I_gpe': 1.199442915334649, 'I_gpi': 2.08892050111114, 'noise_stn_sigma': 7.329854690655753, 'noise_gpe_sigma': 135.1857456954986, 'noise_gpi_sigma': 70.38563083187215, 'g_stn_gpe_mult': 2.4221991899401436, 'g_gpe_stn_mult': 0.5280010811205224, 'g_stn_gpi_mult': 2.0692354224493053, 'g_gpe_gpi_mult': 0.583890625930058}. Best is trial 114 with value: 0.7660526910236299.
[I 2026-05-28 23:27:53,809] Trial 160 finished with value: 14.994684944580449 and parameters: {'ISTN': 90.98820310242638, 'I_gpe': 0.8157693415433538, 'I_gpi': 1.8752618808185173, 'noise_stn_sigma': 6.393351351827273, 'noise_gpe_sigma': 123.60291689684973, 'noise_gpi_sigma': 88.77110787637228, 'g_stn_gpe_mult': 2.777684513783064, 'g_gpe_stn_mult': 0.3339862057358483, 'g_stn_gpi_mult': 2.1947129911729353, 'g_gpe_gpi_mult': 0.6369020041188678}. Best is trial 114 with value: 0.7660526910236299.
[I 2026-05-28 23:27:54,816] Trial 161 finished with value: 10.247833575761444 and parameters: {'ISTN': 93.28811268710874, 'I_gpe': 1.2453920035051649, 'I_gpi': 2.3872806213003224, 'noise_stn_sigma': 5.559398781562838, 'noise_gpe_sigma': 124.71878005201344, 'noise_gpi_sigma': 71.06815460792629, 'g_stn_gpe_mult': 2.0585620898084787, 'g_gpe_stn_mult': 0.5525931802854438, 'g_stn_gpi_mult': 2.3131490714048732, 'g_gpe_gpi_mult': 0.42378432071349437}. Best is trial 114 with value: 0.7660526910236299.
[I 2026-05-28 23:27:55,824] Trial 162 finished with value: 14.173777945631915 and parameters: {'ISTN': 80.4885416268084, 'I_gpe': 0.8301064076078513, 'I_gpi': 2.0459200296247286, 'noise_stn_sigma': 5.721588384723363, 'noise_gpe_sigma': 112.3167769300354, 'noise_gpi_sigma': 101.31429037488847, 'g_stn_gpe_mult': 2.713621764713346, 'g_gpe_stn_mult': 0.46833398143214233, 'g_stn_gpi_mult': 1.6569369288251048, 'g_gpe_gpi_mult': 0.5105797622463251}. Best is trial 114 with value: 0.7660526910236299.
[I 2026-05-28 23:27:56,831] Trial 163 finished with value: 12.320788591246947 and parameters: {'ISTN': 68.08267712601531, 'I_gpe': 0.5844859775032113, 'I_gpi': 2.1750851624548053, 'noise_stn_sigma': 7.566775192980253, 'noise_gpe_sigma': 129.6819597940608, 'noise_gpi_sigma': 105.43958565206032, 'g_stn_gpe_mult': 2.7789262615725976, 'g_gpe_stn_mult': 0.41673129740118153, 'g_stn_gpi_mult': 2.6365052169241667, 'g_gpe_gpi_mult': 0.4586869767411857}. Best is trial 114 with value: 0.7660526910236299.
[I 2026-05-28 23:27:57,838] Trial 164 finished with value: 13.213178572660084 and parameters: {'ISTN': 77.4926287963994, 'I_gpe': 0.7044137591403997, 'I_gpi': 2.003345712038703, 'noise_stn_sigma': 5.532785973593099, 'noise_gpe_sigma': 129.231074168858, 'noise_gpi_sigma': 96.05108861704166, 'g_stn_gpe_mult': 2.5652069870923713, 'g_gpe_stn_mult': 0.5333567986666178, 'g_stn_gpi_mult': 2.4533122632590425, 'g_gpe_gpi_mult': 0.631059493150915}. Best is trial 114 with value: 0.7660526910236299.
[I 2026-05-28 23:27:58,844] Trial 165 finished with value: 11.009069798845973 and parameters: {'ISTN': 74.2843401952785, 'I_gpe': 0.7042986346708195, 'I_gpi': 1.4668059446734227, 'noise_stn_sigma': 6.174990350373156, 'noise_gpe_sigma': 149.55267699999592, 'noise_gpi_sigma': 106.44662159720468, 'g_stn_gpe_mult': 1.9456340320520187, 'g_gpe_stn_mult': 0.46253915752321384, 'g_stn_gpi_mult': 2.7640683710024945, 'g_gpe_gpi_mult': 0.46718272626488255}. Best is trial 114 with value: 0.7660526910236299.
[I 2026-05-28 23:27:59,853] Trial 166 finished with value: 7.701338307982305 and parameters: {'ISTN': 71.9756752639142, 'I_gpe': 1.077006262942061, 'I_gpi': 2.4053578500445707, 'noise_stn_sigma': 5.730839674790445, 'noise_gpe_sigma': 149.6337003721615, 'noise_gpi_sigma': 90.8918088242971, 'g_stn_gpe_mult': 2.750442793718795, 'g_gpe_stn_mult': 0.46982953100022795, 'g_stn_gpi_mult': 2.3912376074024317, 'g_gpe_gpi_mult': 0.3907443579625923}. Best is trial 114 with value: 0.7660526910236299.
[I 2026-05-28 23:28:00,862] Trial 167 finished with value: 10.850351920118479 and parameters: {'ISTN': 77.24442973876161, 'I_gpe': 0.6523035602070986, 'I_gpi': 1.8038239137171488, 'noise_stn_sigma': 5.425219640803258, 'noise_gpe_sigma': 120.49901014117859, 'noise_gpi_sigma': 94.71092162926921, 'g_stn_gpe_mult': 2.1878741632298357, 'g_gpe_stn_mult': 0.4766193641223343, 'g_stn_gpi_mult': 2.308859219789138, 'g_gpe_gpi_mult': 0.3425075729696666}. Best is trial 114 with value: 0.7660526910236299.
[I 2026-05-28 23:28:01,867] Trial 168 finished with value: 7.810743257288599 and parameters: {'ISTN': 68.18425309037083, 'I_gpe': 1.6291289492380587, 'I_gpi': 2.621030578892737, 'noise_stn_sigma': 6.278178656753987, 'noise_gpe_sigma': 115.46662107129765, 'noise_gpi_sigma': 143.37626972385078, 'g_stn_gpe_mult': 2.0709432340888068, 'g_gpe_stn_mult': 0.4341211749733628, 'g_stn_gpi_mult': 1.7499879705531383, 'g_gpe_gpi_mult': 0.6063192050827608}. Best is trial 114 with value: 0.7660526910236299.
[I 2026-05-28 23:28:02,815] Trial 169 finished with value: 1000000.0 and parameters: {'ISTN': 79.28818560590038, 'I_gpe': 1.5791062137256906, 'I_gpi': 2.370083483351463, 'noise_stn_sigma': 6.105706088298993, 'noise_gpe_sigma': 104.02881818992753, 'noise_gpi_sigma': 77.50439075294186, 'g_stn_gpe_mult': 3.2258535460204216, 'g_gpe_stn_mult': 0.3957839865829502, 'g_stn_gpi_mult': 2.262977700918551, 'g_gpe_gpi_mult': 0.4742994439727042}. Best is trial 114 with value: 0.7660526910236299.
[I 2026-05-28 23:28:03,822] Trial 170 finished with value: 11.366933858136953 and parameters: {'ISTN': 86.25099473419759, 'I_gpe': 0.7652292478246534, 'I_gpi': 1.2518999707452956, 'noise_stn_sigma': 6.019468250320282, 'noise_gpe_sigma': 110.09347029786521, 'noise_gpi_sigma': 81.65299971430707, 'g_stn_gpe_mult': 2.5471980874714113, 'g_gpe_stn_mult': 0.44381309279152825, 'g_stn_gpi_mult': 2.936672690329601, 'g_gpe_gpi_mult': 0.22234110652719238}. Best is trial 114 with value: 0.7660526910236299.
[I 2026-05-28 23:28:04,828] Trial 171 finished with value: 11.488927979999914 and parameters: {'ISTN': 64.52197908179495, 'I_gpe': 1.5308619931349634, 'I_gpi': 2.550268184896196, 'noise_stn_sigma': 6.1883147477770395, 'noise_gpe_sigma': 146.51889573151817, 'noise_gpi_sigma': 120.08387920555, 'g_stn_gpe_mult': 2.6894974039208313, 'g_gpe_stn_mult': 0.5267056029330711, 'g_stn_gpi_mult': 2.0860270530674407, 'g_gpe_gpi_mult': 0.4504205562403605}. Best is trial 114 with value: 0.7660526910236299.
[I 2026-05-28 23:28:05,835] Trial 172 finished with value: 15.473430042675842 and parameters: {'ISTN': 91.56344745676458, 'I_gpe': 1.223510081811212, 'I_gpi': 2.4182798094718683, 'noise_stn_sigma': 7.360687247096246, 'noise_gpe_sigma': 148.35136321790804, 'noise_gpi_sigma': 98.30516337165767, 'g_stn_gpe_mult': 2.6038251534336303, 'g_gpe_stn_mult': 0.4207227546430955, 'g_stn_gpi_mult': 2.383629061688443, 'g_gpe_gpi_mult': 0.394710797186144}. Best is trial 114 with value: 0.7660526910236299.
[I 2026-05-28 23:28:06,844] Trial 173 finished with value: 6.762292827094384 and parameters: {'ISTN': 71.02172814586558, 'I_gpe': 1.3284299312218497, 'I_gpi': 2.477620292219367, 'noise_stn_sigma': 5.682055007133166, 'noise_gpe_sigma': 146.92665041203566, 'noise_gpi_sigma': 107.69399613919374, 'g_stn_gpe_mult': 2.244197286914444, 'g_gpe_stn_mult': 0.2990149422976969, 'g_stn_gpi_mult': 2.0213705004154026, 'g_gpe_gpi_mult': 0.48757423653524296}. Best is trial 114 with value: 0.7660526910236299.
[I 2026-05-28 23:28:07,851] Trial 174 finished with value: 14.977431834941786 and parameters: {'ISTN': 81.97303020748026, 'I_gpe': 1.5162226037316744, 'I_gpi': 3.388112289753069, 'noise_stn_sigma': 5.897910996430562, 'noise_gpe_sigma': 143.47890264951081, 'noise_gpi_sigma': 104.81565238630952, 'g_stn_gpe_mult': 2.4600699871370697, 'g_gpe_stn_mult': 0.37824352550938467, 'g_stn_gpi_mult': 2.5120075312015033, 'g_gpe_gpi_mult': 0.34008367458676214}. Best is trial 114 with value: 0.7660526910236299.
[I 2026-05-28 23:28:08,859] Trial 175 finished with value: 9.64506394975367 and parameters: {'ISTN': 72.0606237134722, 'I_gpe': 1.0336314045787083, 'I_gpi': 2.0073011716022697, 'noise_stn_sigma': 6.3917633037318495, 'noise_gpe_sigma': 120.60607568350679, 'noise_gpi_sigma': 100.3315765683351, 'g_stn_gpe_mult': 2.897407684684824, 'g_gpe_stn_mult': 0.5081434556220792, 'g_stn_gpi_mult': 1.3830223191412319, 'g_gpe_gpi_mult': 0.3558750034629594}. Best is trial 114 with value: 0.7660526910236299.
