[I 2026-05-28 23:31:07,012] Trial 352 finished with value: 6.400131133904948 and parameters: {'ISTN': 78.94146574298968, 'I_gpe': 1.2131752339244941, 'I_gpi': 2.516293381885772, 'noise_stn_sigma': 6.080039953737987, 'noise_gpe_sigma': 110.73045394094011, 'noise_gpi_sigma': 94.14672257814554, 'g_stn_gpe_mult': 2.6440319886693793, 'g_gpe_stn_mult': 0.5907716312630338, 'g_stn_gpi_mult': 2.717372035392583, 'g_gpe_gpi_mult': 0.6499660572184196}. Best is trial 114 with value: 0.7660526910236299.
[I 2026-05-28 23:31:08,018] Trial 353 finished with value: 7.337331458461994 and parameters: {'ISTN': 71.72436423526143, 'I_gpe': 1.1646198877038174, 'I_gpi': 2.5346858836285606, 'noise_stn_sigma': 5.9888264406770295, 'noise_gpe_sigma': 123.33387957061521, 'noise_gpi_sigma': 90.20631940634355, 'g_stn_gpe_mult': 2.244257786550684, 'g_gpe_stn_mult': 0.6107168384191013, 'g_stn_gpi_mult': 2.7584879879559216, 'g_gpe_gpi_mult': 0.6296519408161946}. Best is trial 114 with value: 0.7660526910236299.
[I 2026-05-28 23:31:09,023] Trial 354 finished with value: 9.83469706591563 and parameters: {'ISTN': 76.56566578542622, 'I_gpe': 1.4648760655853097, 'I_gpi': 2.2568379519765265, 'noise_stn_sigma': 6.190262280028916, 'noise_gpe_sigma': 99.41465995369944, 'noise_gpi_sigma': 107.43083926549991, 'g_stn_gpe_mult': 2.5492599499832043, 'g_gpe_stn_mult': 0.5859374056796052, 'g_stn_gpi_mult': 2.8204316858763843, 'g_gpe_gpi_mult': 0.6906983514847365}. Best is trial 114 with value: 0.7660526910236299.
[I 2026-05-28 23:31:10,029] Trial 355 finished with value: 10.158445385646216 and parameters: {'ISTN': 70.17542770291642, 'I_gpe': 1.1139452748960492, 'I_gpi': 2.4545416279613255, 'noise_stn_sigma': 6.515499934955898, 'noise_gpe_sigma': 117.51195893380759, 'noise_gpi_sigma': 97.02029217883884, 'g_stn_gpe_mult': 2.1710409613908817, 'g_gpe_stn_mult': 0.5709940752264417, 'g_stn_gpi_mult': 2.8304899736207845, 'g_gpe_gpi_mult': 0.5725198817435414}. Best is trial 114 with value: 0.7660526910236299.
[I 2026-05-28 23:31:11,038] Trial 356 finished with value: 6.202004057758842 and parameters: {'ISTN': 76.67531100198424, 'I_gpe': 1.4179620129476533, 'I_gpi': 2.6430918722419543, 'noise_stn_sigma': 6.594515655189651, 'noise_gpe_sigma': 117.26757197288248, 'noise_gpi_sigma': 93.19631295929942, 'g_stn_gpe_mult': 2.563608882940903, 'g_gpe_stn_mult': 0.6825696888650347, 'g_stn_gpi_mult': 2.8860195862093736, 'g_gpe_gpi_mult': 0.5980145715087455}. Best is trial 114 with value: 0.7660526910236299.
[I 2026-05-28 23:31:12,045] Trial 357 finished with value: 6.679077747069249 and parameters: {'ISTN': 64.28148754236818, 'I_gpe': 1.1483130356719597, 'I_gpi': 2.828418189539182, 'noise_stn_sigma': 6.270379675335224, 'noise_gpe_sigma': 130.22950634608867, 'noise_gpi_sigma': 99.22926163027691, 'g_stn_gpe_mult': 2.131172333168158, 'g_gpe_stn_mult': 0.6499439848928971, 'g_stn_gpi_mult': 2.6261519254192853, 'g_gpe_gpi_mult': 0.5444520633554755}. Best is trial 114 with value: 0.7660526910236299.
[I 2026-05-28 23:31:13,050] Trial 358 finished with value: 8.252209268564275 and parameters: {'ISTN': 69.89175954553318, 'I_gpe': 1.0175649805538491, 'I_gpi': 2.891161840882297, 'noise_stn_sigma': 7.265932268160868, 'noise_gpe_sigma': 117.86363374253872, 'noise_gpi_sigma': 97.29054861156256, 'g_stn_gpe_mult': 2.471581686142869, 'g_gpe_stn_mult': 0.5772405417572284, 'g_stn_gpi_mult': 2.701665339701978, 'g_gpe_gpi_mult': 0.6695382612479458}. Best is trial 114 with value: 0.7660526910236299.
[I 2026-05-28 23:31:14,055] Trial 359 finished with value: 10.673456398923536 and parameters: {'ISTN': 81.34162993232641, 'I_gpe': 0.7428768612976658, 'I_gpi': 2.4479145170745826, 'noise_stn_sigma': 5.834258485090997, 'noise_gpe_sigma': 124.36146141971186, 'noise_gpi_sigma': 84.85271836144413, 'g_stn_gpe_mult': 2.8780442852845334, 'g_gpe_stn_mult': 0.6457826358460979, 'g_stn_gpi_mult': 2.942837238202442, 'g_gpe_gpi_mult': 0.5292818943517923}. Best is trial 114 with value: 0.7660526910236299.
[I 2026-05-28 23:31:15,061] Trial 360 finished with value: 10.511576801438723 and parameters: {'ISTN': 75.84773841863921, 'I_gpe': 1.0799541507098613, 'I_gpi': 2.3087303343955865, 'noise_stn_sigma': 5.656924410503712, 'noise_gpe_sigma': 116.4786337526925, 'noise_gpi_sigma': 91.68909264612579, 'g_stn_gpe_mult': 2.880285851507237, 'g_gpe_stn_mult': 0.6888086770742076, 'g_stn_gpi_mult': 2.7946506384925964, 'g_gpe_gpi_mult': 0.5184160041911527}. Best is trial 114 with value: 0.7660526910236299.
[I 2026-05-28 23:31:16,066] Trial 361 finished with value: 6.937866139602392 and parameters: {'ISTN': 69.736453126106, 'I_gpe': 1.4445932706202127, 'I_gpi': 2.850339638279733, 'noise_stn_sigma': 6.602896674176227, 'noise_gpe_sigma': 121.38850018967477, 'noise_gpi_sigma': 88.28543234779119, 'g_stn_gpe_mult': 2.6664348109577665, 'g_gpe_stn_mult': 0.6511831859588637, 'g_stn_gpi_mult': 3.128892194469543, 'g_gpe_gpi_mult': 0.596903612837731}. Best is trial 114 with value: 0.7660526910236299.
[I 2026-05-28 23:31:17,073] Trial 362 finished with value: 6.6950526632948115 and parameters: {'ISTN': 75.92094892140692, 'I_gpe': 1.3761724950747092, 'I_gpi': 2.8234547054607466, 'noise_stn_sigma': 5.690084635094265, 'noise_gpe_sigma': 107.66063632321112, 'noise_gpi_sigma': 89.31860621350641, 'g_stn_gpe_mult': 2.7394444743793662, 'g_gpe_stn_mult': 0.6959363042033873, 'g_stn_gpi_mult': 2.9469909667037526, 'g_gpe_gpi_mult': 0.4649791890753285}. Best is trial 114 with value: 0.7660526910236299.
[I 2026-05-28 23:31:18,080] Trial 363 finished with value: 8.422036697957552 and parameters: {'ISTN': 73.99365457777775, 'I_gpe': 1.35433792593157, 'I_gpi': 2.0225433635735284, 'noise_stn_sigma': 6.785141670936872, 'noise_gpe_sigma': 106.5340467518869, 'noise_gpi_sigma': 94.42914629273903, 'g_stn_gpe_mult': 2.6589419503176255, 'g_gpe_stn_mult': 0.6042917959164346, 'g_stn_gpi_mult': 2.525396128223757, 'g_gpe_gpi_mult': 0.6545358224103017}. Best is trial 114 with value: 0.7660526910236299.
[I 2026-05-28 23:31:19,085] Trial 364 finished with value: 10.109483705277372 and parameters: {'ISTN': 76.83611101473267, 'I_gpe': 1.5622999396883135, 'I_gpi': 2.7249810897922275, 'noise_stn_sigma': 5.854158766023625, 'noise_gpe_sigma': 117.27511786723852, 'noise_gpi_sigma': 100.6210882533522, 'g_stn_gpe_mult': 2.3222468699874392, 'g_gpe_stn_mult': 0.6458358800010482, 'g_stn_gpi_mult': 2.9773009325467816, 'g_gpe_gpi_mult': 0.5991083082208484}. Best is trial 114 with value: 0.7660526910236299.
[I 2026-05-28 23:31:20,092] Trial 365 finished with value: 12.23056480329712 and parameters: {'ISTN': 77.10769011069627, 'I_gpe': 1.079380301212345, 'I_gpi': 2.6656418402984117, 'noise_stn_sigma': 6.537140454368293, 'noise_gpe_sigma': 112.16650332076115, 'noise_gpi_sigma': 90.89779885617376, 'g_stn_gpe_mult': 2.3966443645017845, 'g_gpe_stn_mult': 0.602179880032465, 'g_stn_gpi_mult': 2.5750815254792636, 'g_gpe_gpi_mult': 0.6359139799778517}. Best is trial 114 with value: 0.7660526910236299.
[I 2026-05-28 23:31:21,099] Trial 366 finished with value: 3.7217432664870937 and parameters: {'ISTN': 70.56369330029048, 'I_gpe': 1.3177106299074455, 'I_gpi': 2.562383584701834, 'noise_stn_sigma': 6.366205322296558, 'noise_gpe_sigma': 124.33731184693508, 'noise_gpi_sigma': 85.8049007465722, 'g_stn_gpe_mult': 2.6992785845954126, 'g_gpe_stn_mult': 0.5925252190596788, 'g_stn_gpi_mult': 2.6419654972505477, 'g_gpe_gpi_mult': 0.5942933410800064}. Best is trial 114 with value: 0.7660526910236299.
[I 2026-05-28 23:31:22,107] Trial 367 finished with value: 4.109002398828636 and parameters: {'ISTN': 72.17950139779987, 'I_gpe': 1.2585708883883755, 'I_gpi': 2.670942193980616, 'noise_stn_sigma': 6.087013468224508, 'noise_gpe_sigma': 115.12754813249138, 'noise_gpi_sigma': 91.60041155545393, 'g_stn_gpe_mult': 2.240881266653459, 'g_gpe_stn_mult': 0.6772988512505543, 'g_stn_gpi_mult': 2.7876874394650137, 'g_gpe_gpi_mult': 0.5866213482501105}. Best is trial 114 with value: 0.7660526910236299.
[I 2026-05-28 23:31:23,112] Trial 368 finished with value: 10.260899199586644 and parameters: {'ISTN': 80.46656189934076, 'I_gpe': 1.0894269244552885, 'I_gpi': 2.495814428647833, 'noise_stn_sigma': 6.793042061449143, 'noise_gpe_sigma': 121.94361978173963, 'noise_gpi_sigma': 92.11044285848165, 'g_stn_gpe_mult': 2.257509466994483, 'g_gpe_stn_mult': 0.6228551929686903, 'g_stn_gpi_mult': 2.889095190753879, 'g_gpe_gpi_mult': 0.6912588297001545}. Best is trial 114 with value: 0.7660526910236299.
[I 2026-05-28 23:31:24,117] Trial 369 finished with value: 10.399405476095547 and parameters: {'ISTN': 68.39761052596477, 'I_gpe': 1.1208790956056545, 'I_gpi': 2.6229653632590084, 'noise_stn_sigma': 6.153060596199719, 'noise_gpe_sigma': 123.87193560191558, 'noise_gpi_sigma': 90.4222845661566, 'g_stn_gpe_mult': 2.3857898473586743, 'g_gpe_stn_mult': 0.6069521946538755, 'g_stn_gpi_mult': 2.9507379598457653, 'g_gpe_gpi_mult': 0.600367092210697}. Best is trial 114 with value: 0.7660526910236299.
[I 2026-05-28 23:31:25,124] Trial 370 finished with value: 10.005438880505755 and parameters: {'ISTN': 80.68643753384819, 'I_gpe': 1.2122273814256754, 'I_gpi': 3.0124265260199685, 'noise_stn_sigma': 6.640785766021489, 'noise_gpe_sigma': 109.75455394367468, 'noise_gpi_sigma': 101.26999744111677, 'g_stn_gpe_mult': 2.7550332711376218, 'g_gpe_stn_mult': 0.6804922734444343, 'g_stn_gpi_mult': 2.6728104949724667, 'g_gpe_gpi_mult': 0.5793631162201678}. Best is trial 114 with value: 0.7660526910236299.
[I 2026-05-28 23:31:26,133] Trial 371 finished with value: 8.439312585783812 and parameters: {'ISTN': 71.89125410238643, 'I_gpe': 1.3150178355772124, 'I_gpi': 2.6742976642611183, 'noise_stn_sigma': 5.868546267585474, 'noise_gpe_sigma': 118.98846948799353, 'noise_gpi_sigma': 77.88176192802325, 'g_stn_gpe_mult': 2.5685165949269573, 'g_gpe_stn_mult': 0.6685587780815843, 'g_stn_gpi_mult': 2.7968716092527766, 'g_gpe_gpi_mult': 0.6237316817872034}. Best is trial 114 with value: 0.7660526910236299.
[I 2026-05-28 23:31:27,139] Trial 372 finished with value: 5.54680649290259 and parameters: {'ISTN': 72.78224410503611, 'I_gpe': 1.2604282456759437, 'I_gpi': 2.698413451592887, 'noise_stn_sigma': 6.225011572010957, 'noise_gpe_sigma': 118.78367850398116, 'noise_gpi_sigma': 95.34191936106428, 'g_stn_gpe_mult': 2.393386920612567, 'g_gpe_stn_mult': 0.624322039443684, 'g_stn_gpi_mult': 2.6970827455529527, 'g_gpe_gpi_mult': 0.5870582465402692}. Best is trial 114 with value: 0.7660526910236299.
[I 2026-05-28 23:31:28,149] Trial 373 finished with value: 6.472139033127913 and parameters: {'ISTN': 70.5753821469246, 'I_gpe': 1.2632559520103048, 'I_gpi': 2.9338354176672032, 'noise_stn_sigma': 6.497713544270402, 'noise_gpe_sigma': 110.38274407090948, 'noise_gpi_sigma': 100.1666325468776, 'g_stn_gpe_mult': 2.612823215800681, 'g_gpe_stn_mult': 0.6330494564135828, 'g_stn_gpi_mult': 2.4590315763894206, 'g_gpe_gpi_mult': 0.6126856786841137}. Best is trial 114 with value: 0.7660526910236299.
[I 2026-05-28 23:31:29,097] Trial 374 finished with value: 1000000.0 and parameters: {'ISTN': 65.84702625915739, 'I_gpe': 1.2430960083381015, 'I_gpi': 2.6388242711905914, 'noise_stn_sigma': 5.92746292999332, 'noise_gpe_sigma': 123.35903857054643, 'noise_gpi_sigma': 87.27087372375877, 'g_stn_gpe_mult': 2.4163829441297504, 'g_gpe_stn_mult': 0.6317798654276358, 'g_stn_gpi_mult': 2.748302985166861, 'g_gpe_gpi_mult': 0.6229484980893338}. Best is trial 114 with value: 0.7660526910236299.
[I 2026-05-28 23:31:30,105] Trial 375 finished with value: 8.593977253503166 and parameters: {'ISTN': 74.35747904310134, 'I_gpe': 1.1947499584476398, 'I_gpi': 2.800764629943602, 'noise_stn_sigma': 6.72329355043046, 'noise_gpe_sigma': 129.35828786004464, 'noise_gpi_sigma': 82.185604565245, 'g_stn_gpe_mult': 2.6282018170244807, 'g_gpe_stn_mult': 0.6739914107131018, 'g_stn_gpi_mult': 2.4903112287414144, 'g_gpe_gpi_mult': 0.5510721571853021}. Best is trial 114 with value: 0.7660526910236299.
[I 2026-05-28 23:31:31,112] Trial 376 finished with value: 6.520739412275628 and parameters: {'ISTN': 76.58718892550027, 'I_gpe': 1.3044789378808266, 'I_gpi': 2.6282463023807274, 'noise_stn_sigma': 6.330480260114393, 'noise_gpe_sigma': 121.58163450672986, 'noise_gpi_sigma': 84.61228790845358, 'g_stn_gpe_mult': 2.7612657540249828, 'g_gpe_stn_mult': 0.6063997273445617, 'g_stn_gpi_mult': 2.7878369613367453, 'g_gpe_gpi_mult': 0.512035787216317}. Best is trial 114 with value: 0.7660526910236299.
[I 2026-05-28 23:31:32,120] Trial 377 finished with value: 10.427930454502588 and parameters: {'ISTN': 72.61756442541748, 'I_gpe': 1.4880698640809538, 'I_gpi': 2.776566023786735, 'noise_stn_sigma': 5.901013284501803, 'noise_gpe_sigma': 128.81372886728536, 'noise_gpi_sigma': 86.68919533482399, 'g_stn_gpe_mult': 2.6721580817997426, 'g_gpe_stn_mult': 0.6821452132216912, 'g_stn_gpi_mult': 2.555480341079492, 'g_gpe_gpi_mult': 0.5829669371983601}. Best is trial 114 with value: 0.7660526910236299.
[I 2026-05-28 23:31:33,130] Trial 378 finished with value: 6.591253362086134 and parameters: {'ISTN': 73.8282307300343, 'I_gpe': 1.3093590832649973, 'I_gpi': 2.5199091953426986, 'noise_stn_sigma': 6.270781657124748, 'noise_gpe_sigma': 126.32707669783287, 'noise_gpi_sigma': 83.56150681407047, 'g_stn_gpe_mult': 2.3078940701360056, 'g_gpe_stn_mult': 0.6971218313318045, 'g_stn_gpi_mult': 2.5840526100798837, 'g_gpe_gpi_mult': 0.5744588765327179}. Best is trial 114 with value: 0.7660526910236299.
[I 2026-05-28 23:31:34,138] Trial 379 finished with value: 6.84384061177229 and parameters: {'ISTN': 68.58564626849979, 'I_gpe': 1.3694743901582247, 'I_gpi': 2.559160510913196, 'noise_stn_sigma': 6.224837272138238, 'noise_gpe_sigma': 118.34269106914049, 'noise_gpi_sigma': 88.33077145160176, 'g_stn_gpe_mult': 2.3607214011041284, 'g_gpe_stn_mult': 0.6115463398911126, 'g_stn_gpi_mult': 2.9156915308185503, 'g_gpe_gpi_mult': 0.5789697364847848}. Best is trial 114 with value: 0.7660526910236299.
[I 2026-05-28 23:31:35,145] Trial 380 finished with value: 4.15985675942897 and parameters: {'ISTN': 70.05057089063286, 'I_gpe': 1.4022071001926941, 'I_gpi': 2.81899519376878, 'noise_stn_sigma': 6.6647016492466, 'noise_gpe_sigma': 119.07164969750565, 'noise_gpi_sigma': 89.49440224268113, 'g_stn_gpe_mult': 2.5673859866949753, 'g_gpe_stn_mult': 0.6351451318045013, 'g_stn_gpi_mult': 2.8292481904900706, 'g_gpe_gpi_mult': 0.5625465637548257}. Best is trial 114 with value: 0.7660526910236299.
[I 2026-05-28 23:31:36,152] Trial 381 finished with value: 11.392218053229435 and parameters: {'ISTN': 71.75695930669774, 'I_gpe': 1.6013182115097484, 'I_gpi': 2.870990689560771, 'noise_stn_sigma': 6.424808757577983, 'noise_gpe_sigma': 111.33551434308589, 'noise_gpi_sigma': 94.57104686727698, 'g_stn_gpe_mult': 2.6083562477622264, 'g_gpe_stn_mult': 0.6248709141836629, 'g_stn_gpi_mult': 2.8137287056167066, 'g_gpe_gpi_mult': 0.5660205409996333}. Best is trial 114 with value: 0.7660526910236299.
[I 2026-05-28 23:31:37,161] Trial 382 finished with value: 6.468403545458026 and parameters: {'ISTN': 70.69516491515529, 'I_gpe': 1.2124884616113416, 'I_gpi': 2.8570303372436285, 'noise_stn_sigma': 6.601779582699685, 'noise_gpe_sigma': 122.06530765508332, 'noise_gpi_sigma': 91.98626542458648, 'g_stn_gpe_mult': 2.6868549109220865, 'g_gpe_stn_mult': 0.705905610561959, 'g_stn_gpi_mult': 2.765203069319097, 'g_gpe_gpi_mult': 0.5437371762474656}. Best is trial 114 with value: 0.7660526910236299.
[I 2026-05-28 23:31:38,167] Trial 383 finished with value: 11.537591268572632 and parameters: {'ISTN': 69.21851839415058, 'I_gpe': 1.0806718899261005, 'I_gpi': 2.405352194369901, 'noise_stn_sigma': 6.480233021898768, 'noise_gpe_sigma': 121.28222212821363, 'noise_gpi_sigma': 93.4628455848969, 'g_stn_gpe_mult': 2.548708118897249, 'g_gpe_stn_mult': 0.6325900049224654, 'g_stn_gpi_mult': 2.5935939048623675, 'g_gpe_gpi_mult': 0.5580888807046489}. Best is trial 114 with value: 0.7660526910236299.
[I 2026-05-28 23:31:39,177] Trial 384 finished with value: 8.140883006425911 and parameters: {'ISTN': 71.79074630503207, 'I_gpe': 1.2550502205580802, 'I_gpi': 2.6154012274014065, 'noise_stn_sigma': 6.735398797422231, 'noise_gpe_sigma': 115.75596470286878, 'noise_gpi_sigma': 91.07994891883364, 'g_stn_gpe_mult': 2.5703977826824795, 'g_gpe_stn_mult': 0.5824561698233895, 'g_stn_gpi_mult': 2.7591793994194034, 'g_gpe_gpi_mult': 0.554828155326835}. Best is trial 114 with value: 0.7660526910236299.
[I 2026-05-28 23:31:40,184] Trial 385 finished with value: 7.03242362515626 and parameters: {'ISTN': 65.96516769155117, 'I_gpe': 1.2496947772411344, 'I_gpi': 2.8899358379796967, 'noise_stn_sigma': 6.714078367758581, 'noise_gpe_sigma': 120.64402468269797, 'noise_gpi_sigma': 89.47159313790999, 'g_stn_gpe_mult': 2.443747981536262, 'g_gpe_stn_mult': 0.6010230429647028, 'g_stn_gpi_mult': 2.852117322072666, 'g_gpe_gpi_mult': 0.5785621579385603}. Best is trial 114 with value: 0.7660526910236299.
[I 2026-05-28 23:31:41,192] Trial 386 finished with value: 8.44512948853084 and parameters: {'ISTN': 70.9328524754387, 'I_gpe': 1.2336772468658659, 'I_gpi': 2.8333036444336193, 'noise_stn_sigma': 6.529808260007713, 'noise_gpe_sigma': 119.12859410957063, 'noise_gpi_sigma': 101.78941932177335, 'g_stn_gpe_mult': 2.1015863702601787, 'g_gpe_stn_mult': 0.6381918635800323, 'g_stn_gpi_mult': 2.6718096717959883, 'g_gpe_gpi_mult': 0.6441749797282994}. Best is trial 114 with value: 0.7660526910236299.
[I 2026-05-28 23:31:42,198] Trial 387 finished with value: 8.943561726163754 and parameters: {'ISTN': 71.57100427245634, 'I_gpe': 1.419347991661727, 'I_gpi': 2.799015165447022, 'noise_stn_sigma': 6.463340688470462, 'noise_gpe_sigma': 122.39596879275888, 'noise_gpi_sigma': 95.63784786223052, 'g_stn_gpe_mult': 2.653016039835114, 'g_gpe_stn_mult': 0.652445557641596, 'g_stn_gpi_mult': 2.851606972549313, 'g_gpe_gpi_mult': 0.6009977532575664}. Best is trial 114 with value: 0.7660526910236299.
[I 2026-05-28 23:31:43,203] Trial 388 finished with value: 7.192283184235122 and parameters: {'ISTN': 69.9560448287422, 'I_gpe': 1.4126247212771634, 'I_gpi': 2.8150410195563067, 'noise_stn_sigma': 6.2588183573615535, 'noise_gpe_sigma': 116.73705884651194, 'noise_gpi_sigma': 98.17303997486701, 'g_stn_gpe_mult': 2.7416190038112465, 'g_gpe_stn_mult': 0.5712871115317556, 'g_stn_gpi_mult': 2.5406272069749276, 'g_gpe_gpi_mult': 0.5028909267175186}. Best is trial 114 with value: 0.7660526910236299.
[I 2026-05-28 23:31:44,210] Trial 389 finished with value: 11.269391562818896 and parameters: {'ISTN': 73.84296900851533, 'I_gpe': 1.481063838689092, 'I_gpi': 2.9706088626271234, 'noise_stn_sigma': 6.402577739729493, 'noise_gpe_sigma': 104.78236191577261, 'noise_gpi_sigma': 94.77788578508371, 'g_stn_gpe_mult': 2.599168156538741, 'g_gpe_stn_mult': 0.6265989561995713, 'g_stn_gpi_mult': 2.884424252210331, 'g_gpe_gpi_mult': 0.5827292385322884}. Best is trial 114 with value: 0.7660526910236299.
[I 2026-05-28 23:31:45,218] Trial 390 finished with value: 2.8245375919654663 and parameters: {'ISTN': 66.87657120085862, 'I_gpe': 1.2559601883907503, 'I_gpi': 3.0584843370212695, 'noise_stn_sigma': 6.795820355141685, 'noise_gpe_sigma': 119.44428740225274, 'noise_gpi_sigma': 90.44755028937013, 'g_stn_gpe_mult': 2.4911857906996193, 'g_gpe_stn_mult': 0.650698550877495, 'g_stn_gpi_mult': 2.7210118600884035, 'g_gpe_gpi_mult': 0.6783417388973989}. Best is trial 114 with value: 0.7660526910236299.
[I 2026-05-28 23:31:46,227] Trial 391 finished with value: 6.967012571538166 and parameters: {'ISTN': 67.50314031562841, 'I_gpe': 1.2087333622662721, 'I_gpi': 2.9589484194583116, 'noise_stn_sigma': 6.699557334213445, 'noise_gpe_sigma': 115.67333819722391, 'noise_gpi_sigma': 90.27148552882126, 'g_stn_gpe_mult': 2.6835365642371274, 'g_gpe_stn_mult': 0.6926239171503727, 'g_stn_gpi_mult': 2.698913185980553, 'g_gpe_gpi_mult': 0.617033789726728}. Best is trial 114 with value: 0.7660526910236299.
[I 2026-05-28 23:31:47,237] Trial 392 finished with value: 11.195626072878756 and parameters: {'ISTN': 69.78263924292943, 'I_gpe': 1.0728262149772938, 'I_gpi': 3.7896511212835415, 'noise_stn_sigma': 7.3622233056618755, 'noise_gpe_sigma': 120.60832832100583, 'noise_gpi_sigma': 88.00176614345077, 'g_stn_gpe_mult': 2.5773650179567555, 'g_gpe_stn_mult': 0.7121565864399908, 'g_stn_gpi_mult': 2.7139671276408346, 'g_gpe_gpi_mult': 0.6361467729504391}. Best is trial 114 with value: 0.7660526910236299.
[I 2026-05-28 23:31:48,245] Trial 393 finished with value: 10.507529056039209 and parameters: {'ISTN': 74.16290526939898, 'I_gpe': 1.1225853037831248, 'I_gpi': 3.0522412240067283, 'noise_stn_sigma': 6.951479180015153, 'noise_gpe_sigma': 123.54368171574238, 'noise_gpi_sigma': 92.4539379162882, 'g_stn_gpe_mult': 2.5004581059490283, 'g_gpe_stn_mult': 0.6186923653841871, 'g_stn_gpi_mult': 2.685316304832984, 'g_gpe_gpi_mult': 0.5862599018364303}. Best is trial 114 with value: 0.7660526910236299.
[I 2026-05-28 23:31:49,250] Trial 394 finished with value: 6.538267938621198 and parameters: {'ISTN': 68.22564860993951, 'I_gpe': 1.2330652665143345, 'I_gpi': 2.874973884271034, 'noise_stn_sigma': 6.97419447995885, 'noise_gpe_sigma': 116.45987299865558, 'noise_gpi_sigma': 87.36920647812762, 'g_stn_gpe_mult': 2.873819489206836, 'g_gpe_stn_mult': 0.6307924982264702, 'g_stn_gpi_mult': 2.701969040307578, 'g_gpe_gpi_mult': 0.6447122123864066}. Best is trial 114 with value: 0.7660526910236299.
[I 2026-05-28 23:31:50,258] Trial 395 finished with value: 6.9882129770624655 and parameters: {'ISTN': 71.72019104218646, 'I_gpe': 1.3012010882051341, 'I_gpi': 2.6881784741941264, 'noise_stn_sigma': 6.62417324071201, 'noise_gpe_sigma': 119.08313961661675, 'noise_gpi_sigma': 90.3487441970714, 'g_stn_gpe_mult': 2.554131394559778, 'g_gpe_stn_mult': 0.6254796978428148, 'g_stn_gpi_mult': 2.5753263228022303, 'g_gpe_gpi_mult': 0.575068280432556}. Best is trial 114 with value: 0.7660526910236299.
