[I 2026-05-29 00:10:57,016] Trial 704 finished with value: 2.093190731505252 and parameters: {'ISTN': 61.613547899464386, 'I_gpe': 1.6545225583823133, 'I_gpi': 1.951381699128836, 'noise_stn_sigma': 3.2768354894304106, 'noise_gpe_sigma': 115.60021111143752, 'noise_gpi_sigma': 83.6681617688933, 'g_stn_gpe_mult': 3.017451266158499, 'g_gpe_stn_mult': 0.12753759340367188, 'g_stn_gpi_mult': 2.4727712553233614, 'g_gpe_gpi_mult': 0.4277870818302364}. Best is trial 659 with value: 0.12461601951942765.
[I 2026-05-29 00:10:58,025] Trial 705 finished with value: 0.14103144195229325 and parameters: {'ISTN': 61.6415362846429, 'I_gpe': 1.4160543454950956, 'I_gpi': 2.0382873416909257, 'noise_stn_sigma': 3.254403979647125, 'noise_gpe_sigma': 106.65736216613273, 'noise_gpi_sigma': 75.69831587228221, 'g_stn_gpe_mult': 3.264406611091215, 'g_gpe_stn_mult': 0.11657020775542562, 'g_stn_gpi_mult': 2.312764608414099, 'g_gpe_gpi_mult': 0.5409223395616334}. Best is trial 659 with value: 0.12461601951942765.
[I 2026-05-29 00:10:59,035] Trial 706 finished with value: 0.13844132802160758 and parameters: {'ISTN': 62.85716130074451, 'I_gpe': 1.3896890228128749, 'I_gpi': 1.942699047917615, 'noise_stn_sigma': 2.861599449866109, 'noise_gpe_sigma': 110.84301048149683, 'noise_gpi_sigma': 74.94672564471657, 'g_stn_gpe_mult': 2.874863977049544, 'g_gpe_stn_mult': 0.12907805258674915, 'g_stn_gpi_mult': 2.4148363629340897, 'g_gpe_gpi_mult': 0.4450835756083277}. Best is trial 659 with value: 0.12461601951942765.
[I 2026-05-29 00:11:00,041] Trial 707 finished with value: 0.1358789706322514 and parameters: {'ISTN': 62.994207613751065, 'I_gpe': 1.3111781729188938, 'I_gpi': 2.016367594878677, 'noise_stn_sigma': 3.0326670518885126, 'noise_gpe_sigma': 109.329846804617, 'noise_gpi_sigma': 74.53754335917758, 'g_stn_gpe_mult': 2.6938330139706443, 'g_gpe_stn_mult': 0.12865960267502619, 'g_stn_gpi_mult': 2.417066050455996, 'g_gpe_gpi_mult': 0.4537315822513797}. Best is trial 659 with value: 0.12461601951942765.
[I 2026-05-29 00:11:01,047] Trial 708 finished with value: 3.0357381074911403 and parameters: {'ISTN': 62.54575200512049, 'I_gpe': 1.3664452748722358, 'I_gpi': 1.9748595255497163, 'noise_stn_sigma': 3.247601388320024, 'noise_gpe_sigma': 106.38856047301086, 'noise_gpi_sigma': 70.23985327379506, 'g_stn_gpe_mult': 2.774211378348887, 'g_gpe_stn_mult': 0.16530464607999595, 'g_stn_gpi_mult': 2.3788830528855374, 'g_gpe_gpi_mult': 0.42932423895863625}. Best is trial 659 with value: 0.12461601951942765.
[I 2026-05-29 00:11:01,995] Trial 709 finished with value: 1000000.0 and parameters: {'ISTN': 61.503958212897004, 'I_gpe': 1.2512730955787315, 'I_gpi': 2.0094444626199524, 'noise_stn_sigma': 2.979163688464102, 'noise_gpe_sigma': 101.95095879087059, 'noise_gpi_sigma': 70.24950129623934, 'g_stn_gpe_mult': 2.8532881881717054, 'g_gpe_stn_mult': 0.1500172968633596, 'g_stn_gpi_mult': 2.327867859551627, 'g_gpe_gpi_mult': 0.509871166155078}. Best is trial 659 with value: 0.12461601951942765.
[I 2026-05-29 00:11:03,004] Trial 710 finished with value: 1.0966590253023414 and parameters: {'ISTN': 62.416781306397, 'I_gpe': 1.393936632306979, 'I_gpi': 1.9787464666612395, 'noise_stn_sigma': 3.1105099903074422, 'noise_gpe_sigma': 113.04092631672458, 'noise_gpi_sigma': 73.27409118326713, 'g_stn_gpe_mult': 2.7168353097010156, 'g_gpe_stn_mult': 0.15531485981484716, 'g_stn_gpi_mult': 2.5779692409414174, 'g_gpe_gpi_mult': 0.3770979121187805}. Best is trial 659 with value: 0.12461601951942765.
[I 2026-05-29 00:11:04,013] Trial 711 finished with value: 0.13943803046168127 and parameters: {'ISTN': 61.65412555767394, 'I_gpe': 1.3333441150388754, 'I_gpi': 1.9754169894320168, 'noise_stn_sigma': 3.1437316850933144, 'noise_gpe_sigma': 112.54359699454025, 'noise_gpi_sigma': 73.95937781089006, 'g_stn_gpe_mult': 2.8096204417207646, 'g_gpe_stn_mult': 0.10994216217100061, 'g_stn_gpi_mult': 2.3186766182085012, 'g_gpe_gpi_mult': 0.491234581275131}. Best is trial 659 with value: 0.12461601951942765.
[I 2026-05-29 00:11:05,021] Trial 712 finished with value: 0.8459219085714217 and parameters: {'ISTN': 62.25468228001487, 'I_gpe': 1.2325568371085978, 'I_gpi': 1.8303494143500139, 'noise_stn_sigma': 3.533803729366724, 'noise_gpe_sigma': 106.75447225082674, 'noise_gpi_sigma': 79.21401043587406, 'g_stn_gpe_mult': 2.920065544352388, 'g_gpe_stn_mult': 0.12392619286138472, 'g_stn_gpi_mult': 2.446959076355073, 'g_gpe_gpi_mult': 0.47747781938040496}. Best is trial 659 with value: 0.12461601951942765.
[I 2026-05-29 00:11:06,029] Trial 713 finished with value: 2.8795645186514642 and parameters: {'ISTN': 61.64137407067641, 'I_gpe': 1.2919896556365371, 'I_gpi': 1.9236365597477196, 'noise_stn_sigma': 3.245988035805551, 'noise_gpe_sigma': 109.70226763470963, 'noise_gpi_sigma': 78.91604847269716, 'g_stn_gpe_mult': 2.740107977424351, 'g_gpe_stn_mult': 0.13028416635743117, 'g_stn_gpi_mult': 2.4403223092785966, 'g_gpe_gpi_mult': 0.4523604867374913}. Best is trial 659 with value: 0.12461601951942765.
[I 2026-05-29 00:11:07,038] Trial 714 finished with value: 0.14946761908175624 and parameters: {'ISTN': 64.29943342341329, 'I_gpe': 1.3136236893215976, 'I_gpi': 2.0536153960624475, 'noise_stn_sigma': 3.1992981945238306, 'noise_gpe_sigma': 119.10194643091296, 'noise_gpi_sigma': 81.66835610502486, 'g_stn_gpe_mult': 2.8505201444976733, 'g_gpe_stn_mult': 0.10919410680947432, 'g_stn_gpi_mult': 2.5280419404998695, 'g_gpe_gpi_mult': 0.4490709366626928}. Best is trial 659 with value: 0.12461601951942765.
[I 2026-05-29 00:11:08,047] Trial 715 finished with value: 0.13030622320007562 and parameters: {'ISTN': 61.184584485931495, 'I_gpe': 1.2724065309206085, 'I_gpi': 2.0620835785949816, 'noise_stn_sigma': 3.636801182280984, 'noise_gpe_sigma': 108.17008391213427, 'noise_gpi_sigma': 79.88111287556353, 'g_stn_gpe_mult': 2.807755316283764, 'g_gpe_stn_mult': 0.12080169772955164, 'g_stn_gpi_mult': 2.2790340291300772, 'g_gpe_gpi_mult': 0.5338354511857835}. Best is trial 659 with value: 0.12461601951942765.
[I 2026-05-29 00:11:09,057] Trial 716 finished with value: 2.972355759029856 and parameters: {'ISTN': 60.9498699261899, 'I_gpe': 1.2597089302093631, 'I_gpi': 1.8210456270837068, 'noise_stn_sigma': 3.0896192885922193, 'noise_gpe_sigma': 113.19555652043597, 'noise_gpi_sigma': 77.56230165841143, 'g_stn_gpe_mult': 2.7799898976487576, 'g_gpe_stn_mult': 0.10530450863389436, 'g_stn_gpi_mult': 2.4442483253049496, 'g_gpe_gpi_mult': 0.4607717548864048}. Best is trial 659 with value: 0.12461601951942765.
[I 2026-05-29 00:11:10,064] Trial 717 finished with value: 0.145020825251079 and parameters: {'ISTN': 63.111543061867536, 'I_gpe': 1.1820906124635635, 'I_gpi': 1.9813331097311215, 'noise_stn_sigma': 3.0648292607378678, 'noise_gpe_sigma': 115.04391413083933, 'noise_gpi_sigma': 74.86383725337451, 'g_stn_gpe_mult': 2.8122052149649326, 'g_gpe_stn_mult': 0.12209138260682953, 'g_stn_gpi_mult': 2.432813129824684, 'g_gpe_gpi_mult': 0.4514204536049383}. Best is trial 659 with value: 0.12461601951942765.
[I 2026-05-29 00:11:11,072] Trial 718 finished with value: 0.13977587920647105 and parameters: {'ISTN': 60.77638987800614, 'I_gpe': 1.3170788103253384, 'I_gpi': 1.9184422194638202, 'noise_stn_sigma': 3.4252992223908216, 'noise_gpe_sigma': 116.38881287426412, 'noise_gpi_sigma': 77.1724009968261, 'g_stn_gpe_mult': 2.6791565217508273, 'g_gpe_stn_mult': 0.13110147966039565, 'g_stn_gpi_mult': 2.451537189000987, 'g_gpe_gpi_mult': 0.45584818906576935}. Best is trial 659 with value: 0.12461601951942765.
[I 2026-05-29 00:11:12,080] Trial 719 finished with value: 0.14241516451236402 and parameters: {'ISTN': 61.1000081424828, 'I_gpe': 1.2062589689271683, 'I_gpi': 1.972803246207099, 'noise_stn_sigma': 3.3596794983765386, 'noise_gpe_sigma': 105.46757264717903, 'noise_gpi_sigma': 73.29556451572782, 'g_stn_gpe_mult': 2.845739313481142, 'g_gpe_stn_mult': 0.12554670226347953, 'g_stn_gpi_mult': 2.341693960129323, 'g_gpe_gpi_mult': 0.5058412417496422}. Best is trial 659 with value: 0.12461601951942765.
[I 2026-05-29 00:11:13,087] Trial 720 finished with value: 0.13910649550475734 and parameters: {'ISTN': 61.17155262415143, 'I_gpe': 1.4231205376234817, 'I_gpi': 2.036080154766548, 'noise_stn_sigma': 3.0678011401820826, 'noise_gpe_sigma': 112.6687242774045, 'noise_gpi_sigma': 81.35917089639563, 'g_stn_gpe_mult': 2.7366699779604065, 'g_gpe_stn_mult': 0.11209048486266295, 'g_stn_gpi_mult': 2.3675199719700086, 'g_gpe_gpi_mult': 0.4541330556943639}. Best is trial 659 with value: 0.12461601951942765.
[I 2026-05-29 00:11:14,097] Trial 721 finished with value: 0.14168821316941507 and parameters: {'ISTN': 63.36321774713584, 'I_gpe': 1.3377605220391873, 'I_gpi': 2.065453870217273, 'noise_stn_sigma': 3.0533666649580162, 'noise_gpe_sigma': 119.57853330160336, 'noise_gpi_sigma': 70.91111368593829, 'g_stn_gpe_mult': 2.6650069142137838, 'g_gpe_stn_mult': 0.11436657785612742, 'g_stn_gpi_mult': 2.451168824567241, 'g_gpe_gpi_mult': 0.4566822057419087}. Best is trial 659 with value: 0.12461601951942765.
[I 2026-05-29 00:11:15,104] Trial 722 finished with value: 0.1335105642233815 and parameters: {'ISTN': 61.53315682321673, 'I_gpe': 1.2728949977332769, 'I_gpi': 2.0209637831639835, 'noise_stn_sigma': 3.494845088771918, 'noise_gpe_sigma': 102.50860750944639, 'noise_gpi_sigma': 79.29888204080834, 'g_stn_gpe_mult': 2.7599205429963902, 'g_gpe_stn_mult': 0.11873916976468249, 'g_stn_gpi_mult': 2.225818923471176, 'g_gpe_gpi_mult': 0.5710125513993969}. Best is trial 659 with value: 0.12461601951942765.
[I 2026-05-29 00:11:16,112] Trial 723 finished with value: 0.13280056196605294 and parameters: {'ISTN': 61.80812674717996, 'I_gpe': 1.3532090821931964, 'I_gpi': 2.0866402332571656, 'noise_stn_sigma': 3.3960103790633784, 'noise_gpe_sigma': 112.27460572749018, 'noise_gpi_sigma': 81.30973878073681, 'g_stn_gpe_mult': 2.7046129057931205, 'g_gpe_stn_mult': 0.11862721633367314, 'g_stn_gpi_mult': 2.185392742197619, 'g_gpe_gpi_mult': 0.5089485995039813}. Best is trial 659 with value: 0.12461601951942765.
[I 2026-05-29 00:11:17,118] Trial 724 finished with value: 0.13199695252126997 and parameters: {'ISTN': 61.6851872751491, 'I_gpe': 1.3069242566365018, 'I_gpi': 2.00288959923131, 'noise_stn_sigma': 3.509512014173338, 'noise_gpe_sigma': 106.30287758772675, 'noise_gpi_sigma': 75.61942626098832, 'g_stn_gpe_mult': 2.9392230601742475, 'g_gpe_stn_mult': 0.1285427902190639, 'g_stn_gpi_mult': 2.36372676299227, 'g_gpe_gpi_mult': 0.46373428506920483}. Best is trial 659 with value: 0.12461601951942765.
[I 2026-05-29 00:11:18,127] Trial 725 finished with value: 0.13318839312953368 and parameters: {'ISTN': 62.01277495139117, 'I_gpe': 1.3802564340712091, 'I_gpi': 1.9586299094918505, 'noise_stn_sigma': 3.6184184147949976, 'noise_gpe_sigma': 114.77639602338303, 'noise_gpi_sigma': 79.58408394061692, 'g_stn_gpe_mult': 2.839205457819916, 'g_gpe_stn_mult': 0.14095886766688118, 'g_stn_gpi_mult': 2.4239308382070806, 'g_gpe_gpi_mult': 0.451754236590629}. Best is trial 659 with value: 0.12461601951942765.
[I 2026-05-29 00:11:19,135] Trial 726 finished with value: 0.14918248129768022 and parameters: {'ISTN': 62.28689414241219, 'I_gpe': 1.3276501139855093, 'I_gpi': 2.2973927496342474, 'noise_stn_sigma': 3.4277001613799642, 'noise_gpe_sigma': 113.46450111406794, 'noise_gpi_sigma': 77.55323139766398, 'g_stn_gpe_mult': 2.6740636437566487, 'g_gpe_stn_mult': 0.1002652994588522, 'g_stn_gpi_mult': 2.1111378838970865, 'g_gpe_gpi_mult': 0.5351548555435502}. Best is trial 659 with value: 0.12461601951942765.
[I 2026-05-29 00:11:20,143] Trial 727 finished with value: 0.29623867409233584 and parameters: {'ISTN': 62.202817607507605, 'I_gpe': 1.3010821429498, 'I_gpi': 2.0134569125188673, 'noise_stn_sigma': 3.409340797841768, 'noise_gpe_sigma': 106.73359676130883, 'noise_gpi_sigma': 78.57062072564094, 'g_stn_gpe_mult': 2.935178562796175, 'g_gpe_stn_mult': 0.10673965722287694, 'g_stn_gpi_mult': 2.313837517634342, 'g_gpe_gpi_mult': 0.4711100802619137}. Best is trial 659 with value: 0.12461601951942765.
[I 2026-05-29 00:11:21,150] Trial 728 finished with value: 0.1345053327370071 and parameters: {'ISTN': 62.42770529406359, 'I_gpe': 1.372918373058589, 'I_gpi': 1.9618328414709996, 'noise_stn_sigma': 3.2512598432370647, 'noise_gpe_sigma': 108.55445328534117, 'noise_gpi_sigma': 77.48926463289479, 'g_stn_gpe_mult': 2.780497462048368, 'g_gpe_stn_mult': 0.14054431987241275, 'g_stn_gpi_mult': 2.4059127322576592, 'g_gpe_gpi_mult': 0.4765713068750752}. Best is trial 659 with value: 0.12461601951942765.
[I 2026-05-29 00:11:22,157] Trial 729 finished with value: 0.1310908390421389 and parameters: {'ISTN': 61.01057679891086, 'I_gpe': 1.3197106900164095, 'I_gpi': 2.1504561323695612, 'noise_stn_sigma': 3.4470989663030975, 'noise_gpe_sigma': 111.47884421648833, 'noise_gpi_sigma': 80.68480119638161, 'g_stn_gpe_mult': 2.722615969646948, 'g_gpe_stn_mult': 0.11904116506414203, 'g_stn_gpi_mult': 2.2300846669040726, 'g_gpe_gpi_mult': 0.5200235973715696}. Best is trial 659 with value: 0.12461601951942765.
[I 2026-05-29 00:11:23,164] Trial 730 finished with value: 0.13777990583159727 and parameters: {'ISTN': 61.53702971208898, 'I_gpe': 1.3341680332863843, 'I_gpi': 1.9681841766198476, 'noise_stn_sigma': 3.1283272401773603, 'noise_gpe_sigma': 114.62342272529268, 'noise_gpi_sigma': 83.13077920427298, 'g_stn_gpe_mult': 2.8168287009561572, 'g_gpe_stn_mult': 0.12540514307741502, 'g_stn_gpi_mult': 2.399235993314077, 'g_gpe_gpi_mult': 0.4144517642271497}. Best is trial 659 with value: 0.12461601951942765.
[I 2026-05-29 00:11:24,173] Trial 731 finished with value: 0.12458745194656168 and parameters: {'ISTN': 60.686353130772225, 'I_gpe': 1.330372803905202, 'I_gpi': 1.998821330499934, 'noise_stn_sigma': 3.370174716934456, 'noise_gpe_sigma': 113.70590378082055, 'noise_gpi_sigma': 77.40843248899706, 'g_stn_gpe_mult': 2.5817658953008733, 'g_gpe_stn_mult': 0.11194385080663782, 'g_stn_gpi_mult': 2.3957752338973353, 'g_gpe_gpi_mult': 0.4643853545374716}. Best is trial 731 with value: 0.12458745194656168.
[I 2026-05-29 00:11:25,181] Trial 732 finished with value: 0.13656456510484555 and parameters: {'ISTN': 62.006083492923445, 'I_gpe': 1.414963427216808, 'I_gpi': 2.105159587835399, 'noise_stn_sigma': 3.3352394513735946, 'noise_gpe_sigma': 111.18095688646385, 'noise_gpi_sigma': 83.87562691082323, 'g_stn_gpe_mult': 2.7724313850157873, 'g_gpe_stn_mult': 0.1015996115584618, 'g_stn_gpi_mult': 2.326611385781073, 'g_gpe_gpi_mult': 0.47096829847024047}. Best is trial 731 with value: 0.12458745194656168.
[I 2026-05-29 00:11:26,130] Trial 733 finished with value: 1000000.0 and parameters: {'ISTN': 61.406014701730484, 'I_gpe': 1.3103165609855867, 'I_gpi': 2.105695238637381, 'noise_stn_sigma': 3.7793968040659562, 'noise_gpe_sigma': 113.7072273076223, 'noise_gpi_sigma': 84.36579699772619, 'g_stn_gpe_mult': 3.042197704238201, 'g_gpe_stn_mult': 0.11888182674713758, 'g_stn_gpi_mult': 2.2697776881223666, 'g_gpe_gpi_mult': 0.49144821699939867}. Best is trial 731 with value: 0.12458745194656168.
[I 2026-05-29 00:11:27,139] Trial 734 finished with value: 0.13628558158028128 and parameters: {'ISTN': 61.21307908130455, 'I_gpe': 1.3215254044401665, 'I_gpi': 1.9717758021663823, 'noise_stn_sigma': 3.384063844474028, 'noise_gpe_sigma': 114.8072371509221, 'noise_gpi_sigma': 78.11053791179259, 'g_stn_gpe_mult': 2.9579082483885246, 'g_gpe_stn_mult': 0.12324928562533792, 'g_stn_gpi_mult': 2.2604601681274064, 'g_gpe_gpi_mult': 0.4978670732651246}. Best is trial 731 with value: 0.12458745194656168.
[I 2026-05-29 00:11:28,148] Trial 735 finished with value: 2.086885788280975 and parameters: {'ISTN': 61.90385588629302, 'I_gpe': 1.3704305361185256, 'I_gpi': 2.1572421450006525, 'noise_stn_sigma': 3.482383662740468, 'noise_gpe_sigma': 113.17504564989174, 'noise_gpi_sigma': 77.99325378322979, 'g_stn_gpe_mult': 2.7375546138049414, 'g_gpe_stn_mult': 0.1266149424711074, 'g_stn_gpi_mult': 2.236145113977222, 'g_gpe_gpi_mult': 0.48342697756920944}. Best is trial 731 with value: 0.12458745194656168.
[I 2026-05-29 00:11:29,156] Trial 736 finished with value: 0.1293497109435784 and parameters: {'ISTN': 61.52131120716106, 'I_gpe': 1.3347253835327106, 'I_gpi': 2.0417721248308887, 'noise_stn_sigma': 3.5807024772380225, 'noise_gpe_sigma': 100.87398147031043, 'noise_gpi_sigma': 80.21867915996113, 'g_stn_gpe_mult': 2.885578328743616, 'g_gpe_stn_mult': 0.11799309927968864, 'g_stn_gpi_mult': 2.1104261432776266, 'g_gpe_gpi_mult': 0.6122699579497868}. Best is trial 731 with value: 0.12458745194656168.
[I 2026-05-29 00:11:30,162] Trial 737 finished with value: 0.1346866948340004 and parameters: {'ISTN': 62.28485836898761, 'I_gpe': 1.3477727468985763, 'I_gpi': 2.033536552702249, 'noise_stn_sigma': 3.530825276654229, 'noise_gpe_sigma': 109.42854676500652, 'noise_gpi_sigma': 83.89802059174345, 'g_stn_gpe_mult': 2.8389813846538994, 'g_gpe_stn_mult': 0.11292997623086568, 'g_stn_gpi_mult': 2.2511773156993087, 'g_gpe_gpi_mult': 0.5423468207458049}. Best is trial 731 with value: 0.12458745194656168.
[I 2026-05-29 00:11:31,169] Trial 738 finished with value: 0.13883853875326146 and parameters: {'ISTN': 61.83726492355922, 'I_gpe': 1.3225311628793697, 'I_gpi': 2.2130060823236546, 'noise_stn_sigma': 3.368495260905658, 'noise_gpe_sigma': 117.70367188215572, 'noise_gpi_sigma': 78.26388091143254, 'g_stn_gpe_mult': 2.8534268395863744, 'g_gpe_stn_mult': 0.1388099437615698, 'g_stn_gpi_mult': 2.2608753107425468, 'g_gpe_gpi_mult': 0.49001594000743426}. Best is trial 731 with value: 0.12458745194656168.
[I 2026-05-29 00:11:32,176] Trial 739 finished with value: 5.1595991930827205 and parameters: {'ISTN': 63.542293940806694, 'I_gpe': 1.285585942087393, 'I_gpi': 2.1586687854700246, 'noise_stn_sigma': 3.4304810206432403, 'noise_gpe_sigma': 109.39778849733227, 'noise_gpi_sigma': 80.01440592849774, 'g_stn_gpe_mult': 2.7659970600935644, 'g_gpe_stn_mult': 0.10314403254147969, 'g_stn_gpi_mult': 2.2411235561074903, 'g_gpe_gpi_mult': 0.5060708922851074}. Best is trial 731 with value: 0.12458745194656168.
[I 2026-05-29 00:11:33,185] Trial 740 finished with value: 1.3229071994844066 and parameters: {'ISTN': 62.533507482382355, 'I_gpe': 1.4287800804674249, 'I_gpi': 2.1089050073502573, 'noise_stn_sigma': 3.3322688504385223, 'noise_gpe_sigma': 118.73906743785004, 'noise_gpi_sigma': 73.68356146736599, 'g_stn_gpe_mult': 2.743338178006776, 'g_gpe_stn_mult': 0.1388167449563373, 'g_stn_gpi_mult': 2.3714803035356695, 'g_gpe_gpi_mult': 0.429661993877187}. Best is trial 731 with value: 0.12458745194656168.
[I 2026-05-29 00:11:34,193] Trial 741 finished with value: 0.14729482574641362 and parameters: {'ISTN': 61.902916837152596, 'I_gpe': 1.3013202221181555, 'I_gpi': 1.8917341648640542, 'noise_stn_sigma': 3.276109421746193, 'noise_gpe_sigma': 110.69790288923964, 'noise_gpi_sigma': 80.34140445361592, 'g_stn_gpe_mult': 2.7847474308060693, 'g_gpe_stn_mult': 0.10495999342778335, 'g_stn_gpi_mult': 2.3321269116187864, 'g_gpe_gpi_mult': 0.509119536349496}. Best is trial 731 with value: 0.12458745194656168.
[I 2026-05-29 00:11:35,202] Trial 742 finished with value: 0.16105402576336955 and parameters: {'ISTN': 61.72450048488739, 'I_gpe': 1.4053218761160426, 'I_gpi': 2.0298513836927095, 'noise_stn_sigma': 3.3071385012776586, 'noise_gpe_sigma': 108.97868643647836, 'noise_gpi_sigma': 85.26187475099758, 'g_stn_gpe_mult': 2.640068413499562, 'g_gpe_stn_mult': 0.10181353501499688, 'g_stn_gpi_mult': 2.2943076325328757, 'g_gpe_gpi_mult': 0.5191241092741543}. Best is trial 731 with value: 0.12458745194656168.
[I 2026-05-29 00:11:36,208] Trial 743 finished with value: 1.2875230885970557 and parameters: {'ISTN': 60.285996656214124, 'I_gpe': 1.2869804857938352, 'I_gpi': 1.96387167315938, 'noise_stn_sigma': 3.3010055294999128, 'noise_gpe_sigma': 106.22827111311744, 'noise_gpi_sigma': 79.85190710073616, 'g_stn_gpe_mult': 2.745211831376267, 'g_gpe_stn_mult': 0.14525460415831315, 'g_stn_gpi_mult': 2.397003878203031, 'g_gpe_gpi_mult': 0.48278717113316244}. Best is trial 731 with value: 0.12458745194656168.
[I 2026-05-29 00:11:37,219] Trial 744 finished with value: 1.0489037776067078 and parameters: {'ISTN': 63.361935424264935, 'I_gpe': 1.3403304979099169, 'I_gpi': 2.1727479143122697, 'noise_stn_sigma': 3.571219690102052, 'noise_gpe_sigma': 112.4076088712595, 'noise_gpi_sigma': 79.2800680506838, 'g_stn_gpe_mult': 2.668113557280272, 'g_gpe_stn_mult': 0.12205786209695435, 'g_stn_gpi_mult': 2.188477508409454, 'g_gpe_gpi_mult': 0.5445194654943111}. Best is trial 731 with value: 0.12458745194656168.
[I 2026-05-29 00:11:38,226] Trial 745 finished with value: 0.1398128276955035 and parameters: {'ISTN': 60.884240058072166, 'I_gpe': 1.287550448343544, 'I_gpi': 1.9327290055932878, 'noise_stn_sigma': 3.393975638500969, 'noise_gpe_sigma': 110.372266033482, 'noise_gpi_sigma': 81.10522413857218, 'g_stn_gpe_mult': 2.6796197242172366, 'g_gpe_stn_mult': 0.1316479377921799, 'g_stn_gpi_mult': 2.394144087626038, 'g_gpe_gpi_mult': 0.49118685660911554}. Best is trial 731 with value: 0.12458745194656168.
[I 2026-05-29 00:11:39,236] Trial 746 finished with value: 0.12570578631234816 and parameters: {'ISTN': 62.50165155959676, 'I_gpe': 1.336269558403646, 'I_gpi': 2.0395507735099447, 'noise_stn_sigma': 3.5419865211232953, 'noise_gpe_sigma': 107.13762736579162, 'noise_gpi_sigma': 81.13521941299976, 'g_stn_gpe_mult': 2.899709710024289, 'g_gpe_stn_mult': 0.1289721585681052, 'g_stn_gpi_mult': 2.2978455496018273, 'g_gpe_gpi_mult': 0.5407532324983462}. Best is trial 731 with value: 0.12458745194656168.
[I 2026-05-29 00:11:40,242] Trial 747 finished with value: 0.12241304048949074 and parameters: {'ISTN': 60.06729484818586, 'I_gpe': 1.340446833508845, 'I_gpi': 2.0704123453988843, 'noise_stn_sigma': 3.5711022046482137, 'noise_gpe_sigma': 110.50561098067415, 'noise_gpi_sigma': 80.8077618779657, 'g_stn_gpe_mult': 2.796965153447609, 'g_gpe_stn_mult': 0.126256947343847, 'g_stn_gpi_mult': 2.2434765482693235, 'g_gpe_gpi_mult': 0.5235025470718728}. Best is trial 747 with value: 0.12241304048949074.
