[I 2026-05-28 23:23:44,751] Trial 924 finished with value: 8.779628120956605 and parameters: {'ISTN': 63.09221795648292, 'I_gpe': 2.031356477278811, 'I_gpi': 2.2737848797919678, 'noise_stn_sigma': 6.609991642053713, 'noise_gpe_sigma': 120.88197857569273, 'noise_gpi_sigma': 103.88955121398604, 'g_stn_gpe_mult': 3.3255865938095233, 'g_gpe_stn_mult': 0.7200165218018092, 'g_stn_gpi_mult': 3.281792485592116, 'g_gpe_gpi_mult': 0.8800376541676957}. Best is trial 922 with value: 1.7293348371804143.
[I 2026-05-28 23:23:45,757] Trial 925 finished with value: 9.335851294033363 and parameters: {'ISTN': 63.164242462882385, 'I_gpe': 2.044847941246595, 'I_gpi': 2.346482670261431, 'noise_stn_sigma': 6.343176566864045, 'noise_gpe_sigma': 121.56797508911167, 'noise_gpi_sigma': 104.21976935099083, 'g_stn_gpe_mult': 3.3247536113196245, 'g_gpe_stn_mult': 0.7136599480093032, 'g_stn_gpi_mult': 3.2051391014499293, 'g_gpe_gpi_mult': 0.8771035760085024}. Best is trial 922 with value: 1.7293348371804143.
[I 2026-05-28 23:23:46,765] Trial 926 finished with value: 6.761144046152584 and parameters: {'ISTN': 63.95022025854924, 'I_gpe': 2.0405837675452947, 'I_gpi': 2.302158279966828, 'noise_stn_sigma': 6.552058741562411, 'noise_gpe_sigma': 121.69770459440187, 'noise_gpi_sigma': 101.46021086787637, 'g_stn_gpe_mult': 3.3579601812605167, 'g_gpe_stn_mult': 0.718126869096934, 'g_stn_gpi_mult': 3.2328955205236682, 'g_gpe_gpi_mult': 0.84691398264403}. Best is trial 922 with value: 1.7293348371804143.
[I 2026-05-28 23:23:47,774] Trial 927 finished with value: 7.1276683402652825 and parameters: {'ISTN': 62.53121520107086, 'I_gpe': 2.0493965493068282, 'I_gpi': 2.256617266480792, 'noise_stn_sigma': 6.367346834220691, 'noise_gpe_sigma': 121.63438240250588, 'noise_gpi_sigma': 104.55550198380905, 'g_stn_gpe_mult': 3.406257836335765, 'g_gpe_stn_mult': 0.7054106851510075, 'g_stn_gpi_mult': 3.1495255779869886, 'g_gpe_gpi_mult': 0.8651776434646428}. Best is trial 922 with value: 1.7293348371804143.
[I 2026-05-28 23:23:48,782] Trial 928 finished with value: 6.765907613681851 and parameters: {'ISTN': 61.95383671657877, 'I_gpe': 2.025772240358981, 'I_gpi': 2.367764179196988, 'noise_stn_sigma': 6.324831991633817, 'noise_gpe_sigma': 120.32822602413592, 'noise_gpi_sigma': 107.42366108862744, 'g_stn_gpe_mult': 3.3392190819969367, 'g_gpe_stn_mult': 0.702266243393553, 'g_stn_gpi_mult': 3.1746153833808957, 'g_gpe_gpi_mult': 0.8549061112120626}. Best is trial 922 with value: 1.7293348371804143.
[I 2026-05-28 23:23:49,790] Trial 929 finished with value: 9.62965244224179 and parameters: {'ISTN': 63.32567586985965, 'I_gpe': 2.1042054320322006, 'I_gpi': 2.270486212086107, 'noise_stn_sigma': 6.518929690401365, 'noise_gpe_sigma': 124.61817841079406, 'noise_gpi_sigma': 99.18904490966868, 'g_stn_gpe_mult': 3.3123516521038203, 'g_gpe_stn_mult': 0.7047262105371463, 'g_stn_gpi_mult': 3.2050337145833137, 'g_gpe_gpi_mult': 0.8450957213644115}. Best is trial 922 with value: 1.7293348371804143.
[I 2026-05-28 23:23:50,796] Trial 930 finished with value: 7.788766656165077 and parameters: {'ISTN': 63.66100421914412, 'I_gpe': 2.0219567155838494, 'I_gpi': 2.377303712909067, 'noise_stn_sigma': 6.22705114215794, 'noise_gpe_sigma': 120.28770408371581, 'noise_gpi_sigma': 101.86535113922734, 'g_stn_gpe_mult': 3.296598705068219, 'g_gpe_stn_mult': 0.7092457765403447, 'g_stn_gpi_mult': 3.103957887122991, 'g_gpe_gpi_mult': 0.8638456318367194}. Best is trial 922 with value: 1.7293348371804143.
[I 2026-05-28 23:23:51,802] Trial 931 finished with value: 8.724651484065088 and parameters: {'ISTN': 62.47374416710613, 'I_gpe': 2.0443596929179946, 'I_gpi': 2.221045789863788, 'noise_stn_sigma': 6.773564220278757, 'noise_gpe_sigma': 123.61689925601, 'noise_gpi_sigma': 99.09017469897327, 'g_stn_gpe_mult': 3.3317735595208084, 'g_gpe_stn_mult': 0.7141178401753033, 'g_stn_gpi_mult': 3.1649280288499932, 'g_gpe_gpi_mult': 0.8592614848081428}. Best is trial 922 with value: 1.7293348371804143.
[I 2026-05-28 23:23:52,811] Trial 932 finished with value: 6.893248333168658 and parameters: {'ISTN': 61.476248212361355, 'I_gpe': 2.054289898407739, 'I_gpi': 2.2126493066934403, 'noise_stn_sigma': 6.716735993547698, 'noise_gpe_sigma': 120.93553290144563, 'noise_gpi_sigma': 104.68585667539845, 'g_stn_gpe_mult': 3.3906017622905185, 'g_gpe_stn_mult': 0.7048170086369107, 'g_stn_gpi_mult': 3.1217030114766255, 'g_gpe_gpi_mult': 0.8736233936438744}. Best is trial 922 with value: 1.7293348371804143.
[I 2026-05-28 23:23:53,818] Trial 933 finished with value: 6.57263009319433 and parameters: {'ISTN': 62.86827221682018, 'I_gpe': 2.0702259940762273, 'I_gpi': 2.3417553523918553, 'noise_stn_sigma': 6.447063703701831, 'noise_gpe_sigma': 121.24551111506806, 'noise_gpi_sigma': 104.40407739752673, 'g_stn_gpe_mult': 3.361731633945451, 'g_gpe_stn_mult': 0.708187507047432, 'g_stn_gpi_mult': 3.1399797715434246, 'g_gpe_gpi_mult': 0.841856528027443}. Best is trial 922 with value: 1.7293348371804143.
[I 2026-05-28 23:23:54,826] Trial 934 finished with value: 4.85758957845133 and parameters: {'ISTN': 62.21995587355863, 'I_gpe': 2.047805920040826, 'I_gpi': 2.27729928148468, 'noise_stn_sigma': 6.464083214909606, 'noise_gpe_sigma': 121.24648315110599, 'noise_gpi_sigma': 104.25827330907937, 'g_stn_gpe_mult': 3.412068337887005, 'g_gpe_stn_mult': 0.6958127598706075, 'g_stn_gpi_mult': 3.118579225053282, 'g_gpe_gpi_mult': 0.8687551459289504}. Best is trial 922 with value: 1.7293348371804143.
[I 2026-05-28 23:23:55,833] Trial 935 finished with value: 5.168263794136983 and parameters: {'ISTN': 62.91110070093739, 'I_gpe': 2.0580471739035238, 'I_gpi': 2.1932433163586977, 'noise_stn_sigma': 6.6898547347437125, 'noise_gpe_sigma': 122.46639220258537, 'noise_gpi_sigma': 104.41848779565203, 'g_stn_gpe_mult': 3.381375291736281, 'g_gpe_stn_mult': 0.7062766152939715, 'g_stn_gpi_mult': 3.1228810501986115, 'g_gpe_gpi_mult': 0.8723652533645221}. Best is trial 922 with value: 1.7293348371804143.
[I 2026-05-28 23:23:56,838] Trial 936 finished with value: 4.820697403106984 and parameters: {'ISTN': 62.13962770342386, 'I_gpe': 2.04995740445836, 'I_gpi': 2.2459610476125658, 'noise_stn_sigma': 6.5631302750485006, 'noise_gpe_sigma': 121.18038498542788, 'noise_gpi_sigma': 105.79748851086235, 'g_stn_gpe_mult': 3.3718995820471998, 'g_gpe_stn_mult': 0.706836221573772, 'g_stn_gpi_mult': 3.20339953686966, 'g_gpe_gpi_mult': 0.8784888864483484}. Best is trial 922 with value: 1.7293348371804143.
[I 2026-05-28 23:23:57,847] Trial 937 finished with value: 10.1936270484339 and parameters: {'ISTN': 62.56422029069321, 'I_gpe': 2.0565219156797547, 'I_gpi': 2.359832796004554, 'noise_stn_sigma': 6.358155898051267, 'noise_gpe_sigma': 119.64529864694384, 'noise_gpi_sigma': 105.23442068978956, 'g_stn_gpe_mult': 3.282330318007449, 'g_gpe_stn_mult': 0.7059363486688013, 'g_stn_gpi_mult': 3.1419443727903085, 'g_gpe_gpi_mult': 0.8459867116966511}. Best is trial 922 with value: 1.7293348371804143.
[I 2026-05-28 23:23:58,856] Trial 938 finished with value: 6.2760618318349986 and parameters: {'ISTN': 62.47318892497305, 'I_gpe': 2.0390138668604387, 'I_gpi': 2.3211294394714796, 'noise_stn_sigma': 6.635335049945935, 'noise_gpe_sigma': 121.13562469156024, 'noise_gpi_sigma': 105.63887782099506, 'g_stn_gpe_mult': 3.3708672649741693, 'g_gpe_stn_mult': 0.7151647607739492, 'g_stn_gpi_mult': 3.2264920390594445, 'g_gpe_gpi_mult': 0.8570114935974067}. Best is trial 922 with value: 1.7293348371804143.
[I 2026-05-28 23:23:59,863] Trial 939 finished with value: 11.0643678107138 and parameters: {'ISTN': 62.73242489279749, 'I_gpe': 2.039533997308812, 'I_gpi': 2.2649673203316594, 'noise_stn_sigma': 6.669522114432937, 'noise_gpe_sigma': 121.62429572452186, 'noise_gpi_sigma': 102.8610808880295, 'g_stn_gpe_mult': 3.3136741771112947, 'g_gpe_stn_mult': 0.712070703055103, 'g_stn_gpi_mult': 3.1690792406123984, 'g_gpe_gpi_mult': 0.8557601934641885}. Best is trial 922 with value: 1.7293348371804143.
[I 2026-05-28 23:24:00,874] Trial 940 finished with value: 6.667876306198333 and parameters: {'ISTN': 63.1873911725502, 'I_gpe': 2.048334117949636, 'I_gpi': 2.2778006048465436, 'noise_stn_sigma': 6.58854016219781, 'noise_gpe_sigma': 123.78896922018086, 'noise_gpi_sigma': 103.67894713475111, 'g_stn_gpe_mult': 3.403833282536066, 'g_gpe_stn_mult': 0.7115007582876155, 'g_stn_gpi_mult': 3.1600936716531765, 'g_gpe_gpi_mult': 0.8641297816145768}. Best is trial 922 with value: 1.7293348371804143.
[I 2026-05-28 23:24:01,884] Trial 941 finished with value: 5.383963777586473 and parameters: {'ISTN': 62.37749044639118, 'I_gpe': 2.0521004592547167, 'I_gpi': 2.2408248790364134, 'noise_stn_sigma': 6.460039212824065, 'noise_gpe_sigma': 121.81941762757225, 'noise_gpi_sigma': 104.36931272655494, 'g_stn_gpe_mult': 3.3975246840515565, 'g_gpe_stn_mult': 0.690705285029592, 'g_stn_gpi_mult': 3.103470405384449, 'g_gpe_gpi_mult': 0.8638432828146003}. Best is trial 922 with value: 1.7293348371804143.
[I 2026-05-28 23:24:02,890] Trial 942 finished with value: 5.791206618699154 and parameters: {'ISTN': 62.34239775570035, 'I_gpe': 2.065515523938335, 'I_gpi': 2.231383018315089, 'noise_stn_sigma': 6.574515139406995, 'noise_gpe_sigma': 122.21606094957504, 'noise_gpi_sigma': 106.91789551419215, 'g_stn_gpe_mult': 3.4052429284268166, 'g_gpe_stn_mult': 0.7067923450031984, 'g_stn_gpi_mult': 3.1244190638827547, 'g_gpe_gpi_mult': 0.8770861838170192}. Best is trial 922 with value: 1.7293348371804143.
[I 2026-05-28 23:24:03,900] Trial 943 finished with value: 7.442330934573411 and parameters: {'ISTN': 62.372390396716824, 'I_gpe': 2.051655524797134, 'I_gpi': 2.2716313448988643, 'noise_stn_sigma': 6.576364287979567, 'noise_gpe_sigma': 120.66514787618468, 'noise_gpi_sigma': 106.99464168216365, 'g_stn_gpe_mult': 3.3537197012818796, 'g_gpe_stn_mult': 0.7034604925096768, 'g_stn_gpi_mult': 3.195434268613628, 'g_gpe_gpi_mult': 0.8648433169282612}. Best is trial 922 with value: 1.7293348371804143.
[I 2026-05-28 23:24:04,910] Trial 944 finished with value: 6.037277880291711 and parameters: {'ISTN': 62.904973319427555, 'I_gpe': 2.0699447712111527, 'I_gpi': 2.3468489450474577, 'noise_stn_sigma': 6.383532287173342, 'noise_gpe_sigma': 122.68871682412406, 'noise_gpi_sigma': 106.52878471298564, 'g_stn_gpe_mult': 3.348907580826012, 'g_gpe_stn_mult': 0.701076928338759, 'g_stn_gpi_mult': 3.1293388741735106, 'g_gpe_gpi_mult': 0.8482442327838284}. Best is trial 922 with value: 1.7293348371804143.
[I 2026-05-28 23:24:05,918] Trial 945 finished with value: 5.6366150844128615 and parameters: {'ISTN': 63.31986468528846, 'I_gpe': 2.0623044316515413, 'I_gpi': 2.283147402140239, 'noise_stn_sigma': 6.405141680374095, 'noise_gpe_sigma': 124.61433606070304, 'noise_gpi_sigma': 101.90997306448396, 'g_stn_gpe_mult': 3.3377436320940572, 'g_gpe_stn_mult': 0.7013269060503293, 'g_stn_gpi_mult': 3.1088394094085765, 'g_gpe_gpi_mult': 0.8483917767903748}. Best is trial 922 with value: 1.7293348371804143.
[I 2026-05-28 23:24:06,926] Trial 946 finished with value: 7.742751713601242 and parameters: {'ISTN': 62.66758675798036, 'I_gpe': 2.068151794094318, 'I_gpi': 2.275055850276459, 'noise_stn_sigma': 6.555390503078337, 'noise_gpe_sigma': 125.63975615121055, 'noise_gpi_sigma': 101.8754702882544, 'g_stn_gpe_mult': 3.4312273399819713, 'g_gpe_stn_mult': 0.7045090296311005, 'g_stn_gpi_mult': 3.1480007904629774, 'g_gpe_gpi_mult': 0.8705726961648863}. Best is trial 922 with value: 1.7293348371804143.
[I 2026-05-28 23:24:07,875] Trial 947 finished with value: 1000000.0 and parameters: {'ISTN': 62.69106052140587, 'I_gpe': 2.0822706454209303, 'I_gpi': 2.291297511962386, 'noise_stn_sigma': 6.406295683505393, 'noise_gpe_sigma': 119.18314385723353, 'noise_gpi_sigma': 107.22916840883963, 'g_stn_gpe_mult': 3.2937455550102452, 'g_gpe_stn_mult': 0.7069570334779478, 'g_stn_gpi_mult': 3.151622484516487, 'g_gpe_gpi_mult': 0.8687969082240561}. Best is trial 922 with value: 1.7293348371804143.
[I 2026-05-28 23:24:08,884] Trial 948 finished with value: 8.816382612835945 and parameters: {'ISTN': 62.24327073846342, 'I_gpe': 2.0352194514489623, 'I_gpi': 2.2494063741939474, 'noise_stn_sigma': 6.748215494500988, 'noise_gpe_sigma': 123.75918244461167, 'noise_gpi_sigma': 106.83831858702719, 'g_stn_gpe_mult': 3.399293385088345, 'g_gpe_stn_mult': 0.713232759371863, 'g_stn_gpi_mult': 3.158906383449536, 'g_gpe_gpi_mult': 0.8724462420449424}. Best is trial 922 with value: 1.7293348371804143.
[I 2026-05-28 23:24:09,890] Trial 949 finished with value: 6.7121327643460775 and parameters: {'ISTN': 62.74118583398331, 'I_gpe': 2.0476390292278293, 'I_gpi': 2.3053880781789573, 'noise_stn_sigma': 6.5174903465175404, 'noise_gpe_sigma': 122.42558872635678, 'noise_gpi_sigma': 105.94650066793965, 'g_stn_gpe_mult': 3.4202431535040567, 'g_gpe_stn_mult': 0.7022210399677302, 'g_stn_gpi_mult': 3.1696092880999567, 'g_gpe_gpi_mult': 0.8478043019347485}. Best is trial 922 with value: 1.7293348371804143.
[I 2026-05-28 23:24:10,899] Trial 950 finished with value: 3.6788769325954327 and parameters: {'ISTN': 62.550274533581565, 'I_gpe': 2.058700089010035, 'I_gpi': 2.267675711670006, 'noise_stn_sigma': 6.575286223949802, 'noise_gpe_sigma': 122.09685595318005, 'noise_gpi_sigma': 103.78409824433594, 'g_stn_gpe_mult': 3.3296918797123154, 'g_gpe_stn_mult': 0.7046883259189022, 'g_stn_gpi_mult': 3.194257438923367, 'g_gpe_gpi_mult': 0.8660408730393367}. Best is trial 922 with value: 1.7293348371804143.
[I 2026-05-28 23:24:11,907] Trial 951 finished with value: 9.479601479305252 and parameters: {'ISTN': 61.66615731833455, 'I_gpe': 2.0352847743454068, 'I_gpi': 2.3538269126678992, 'noise_stn_sigma': 6.259172137506152, 'noise_gpe_sigma': 119.55328657230848, 'noise_gpi_sigma': 104.45117336449364, 'g_stn_gpe_mult': 3.343234152761258, 'g_gpe_stn_mult': 0.6969135258573004, 'g_stn_gpi_mult': 3.111805663626051, 'g_gpe_gpi_mult': 0.8659987878238251}. Best is trial 922 with value: 1.7293348371804143.
[I 2026-05-28 23:24:12,915] Trial 952 finished with value: 2.9296623741879997 and parameters: {'ISTN': 61.63337541685594, 'I_gpe': 2.0690174646824766, 'I_gpi': 2.1430032934993672, 'noise_stn_sigma': 6.775966587620938, 'noise_gpe_sigma': 122.54660884012179, 'noise_gpi_sigma': 104.9860358820956, 'g_stn_gpe_mult': 3.4073707799062802, 'g_gpe_stn_mult': 0.7033140945696417, 'g_stn_gpi_mult': 3.1546087375859457, 'g_gpe_gpi_mult': 0.8856308736019838}. Best is trial 922 with value: 1.7293348371804143.
[I 2026-05-28 23:24:13,923] Trial 953 finished with value: 10.187617455659536 and parameters: {'ISTN': 63.22563216567644, 'I_gpe': 2.0295653145180403, 'I_gpi': 2.2222931416618055, 'noise_stn_sigma': 6.663421356344619, 'noise_gpe_sigma': 123.4420912160315, 'noise_gpi_sigma': 104.10029243527374, 'g_stn_gpe_mult': 3.3864002202678996, 'g_gpe_stn_mult': 0.7023053798907836, 'g_stn_gpi_mult': 3.126293101609307, 'g_gpe_gpi_mult': 0.8649089038201443}. Best is trial 922 with value: 1.7293348371804143.
[I 2026-05-28 23:24:14,930] Trial 954 finished with value: 6.729409447388533 and parameters: {'ISTN': 62.445641756279365, 'I_gpe': 2.07306987310777, 'I_gpi': 2.3017755053826727, 'noise_stn_sigma': 6.452933492982186, 'noise_gpe_sigma': 121.50955565183236, 'noise_gpi_sigma': 105.61355764540025, 'g_stn_gpe_mult': 3.377361560041712, 'g_gpe_stn_mult': 0.6942419095682976, 'g_stn_gpi_mult': 3.121692082789467, 'g_gpe_gpi_mult': 0.8630742669046696}. Best is trial 922 with value: 1.7293348371804143.
[I 2026-05-28 23:24:15,938] Trial 955 finished with value: 4.361862665708204 and parameters: {'ISTN': 62.15329905567469, 'I_gpe': 2.0512004717449033, 'I_gpi': 2.2804455611321606, 'noise_stn_sigma': 6.445335873128439, 'noise_gpe_sigma': 123.10555782215573, 'noise_gpi_sigma': 106.13625687479535, 'g_stn_gpe_mult': 3.409150580883222, 'g_gpe_stn_mult': 0.6992034480596777, 'g_stn_gpi_mult': 3.1718921905572266, 'g_gpe_gpi_mult': 0.8569792673910639}. Best is trial 922 with value: 1.7293348371804143.
[I 2026-05-28 23:24:16,945] Trial 956 finished with value: 6.112555183832944 and parameters: {'ISTN': 62.6530201084398, 'I_gpe': 2.0508705847800877, 'I_gpi': 2.242695102900397, 'noise_stn_sigma': 6.608515810516438, 'noise_gpe_sigma': 123.40513429614366, 'noise_gpi_sigma': 104.09438588141539, 'g_stn_gpe_mult': 3.3269160050574405, 'g_gpe_stn_mult': 0.7022950105546147, 'g_stn_gpi_mult': 3.1127791440835253, 'g_gpe_gpi_mult': 0.8616419338027395}. Best is trial 922 with value: 1.7293348371804143.
[I 2026-05-28 23:24:17,954] Trial 957 finished with value: 4.998407315276793 and parameters: {'ISTN': 61.764743015415995, 'I_gpe': 2.063589014461908, 'I_gpi': 2.235151404737307, 'noise_stn_sigma': 6.4693898977883935, 'noise_gpe_sigma': 121.60893712488112, 'noise_gpi_sigma': 103.0150129216519, 'g_stn_gpe_mult': 3.3897022916462793, 'g_gpe_stn_mult': 0.6991574256619227, 'g_stn_gpi_mult': 3.148483785499307, 'g_gpe_gpi_mult': 0.8768528085390916}. Best is trial 922 with value: 1.7293348371804143.
[I 2026-05-28 23:24:18,962] Trial 958 finished with value: 2.872902095716587 and parameters: {'ISTN': 62.303037579254166, 'I_gpe': 2.0622688569633754, 'I_gpi': 2.2849674258756343, 'noise_stn_sigma': 6.52461673800037, 'noise_gpe_sigma': 121.91495617142802, 'noise_gpi_sigma': 103.92932956742605, 'g_stn_gpe_mult': 3.298184396165726, 'g_gpe_stn_mult': 0.6998590015947367, 'g_stn_gpi_mult': 3.099187057308765, 'g_gpe_gpi_mult': 0.8649553196010205}. Best is trial 922 with value: 1.7293348371804143.
[I 2026-05-28 23:24:19,970] Trial 959 finished with value: 7.999640686114373 and parameters: {'ISTN': 62.68599354588622, 'I_gpe': 2.06771599473781, 'I_gpi': 2.2159817877104184, 'noise_stn_sigma': 6.5873107334764445, 'noise_gpe_sigma': 124.34533106052952, 'noise_gpi_sigma': 101.45808001509485, 'g_stn_gpe_mult': 3.3737627725608825, 'g_gpe_stn_mult': 0.6967418401917432, 'g_stn_gpi_mult': 3.0958218891144096, 'g_gpe_gpi_mult': 0.8614384455689992}. Best is trial 922 with value: 1.7293348371804143.
[I 2026-05-28 23:24:20,977] Trial 960 finished with value: 7.821703803160147 and parameters: {'ISTN': 62.896868403057674, 'I_gpe': 2.0627611751792716, 'I_gpi': 2.1739701708445596, 'noise_stn_sigma': 6.724018394139589, 'noise_gpe_sigma': 126.64096019706913, 'noise_gpi_sigma': 101.08030709208124, 'g_stn_gpe_mult': 3.3796575920314953, 'g_gpe_stn_mult': 0.706266413019841, 'g_stn_gpi_mult': 3.1790361020238045, 'g_gpe_gpi_mult': 0.858015037597339}. Best is trial 922 with value: 1.7293348371804143.
[I 2026-05-28 23:24:21,986] Trial 961 finished with value: 6.841024488596757 and parameters: {'ISTN': 60.795818131558605, 'I_gpe': 2.063158877916932, 'I_gpi': 2.1800510284801717, 'noise_stn_sigma': 6.641943018707713, 'noise_gpe_sigma': 119.63372061909985, 'noise_gpi_sigma': 105.4731445882668, 'g_stn_gpe_mult': 3.3676616150603635, 'g_gpe_stn_mult': 0.6841353039486358, 'g_stn_gpi_mult': 3.0598150265855866, 'g_gpe_gpi_mult': 0.8831934258992489}. Best is trial 922 with value: 1.7293348371804143.
[I 2026-05-28 23:24:22,996] Trial 962 finished with value: 3.0134500097984565 and parameters: {'ISTN': 61.32849199896475, 'I_gpe': 2.0812945208948648, 'I_gpi': 2.19216827499418, 'noise_stn_sigma': 6.622991431874455, 'noise_gpe_sigma': 121.5479520685696, 'noise_gpi_sigma': 105.2158427899671, 'g_stn_gpe_mult': 3.3669542731467823, 'g_gpe_stn_mult': 0.6967698195563701, 'g_stn_gpi_mult': 3.116495370060006, 'g_gpe_gpi_mult': 0.8800196624740029}. Best is trial 922 with value: 1.7293348371804143.
[I 2026-05-28 23:24:24,005] Trial 963 finished with value: 9.116057818053353 and parameters: {'ISTN': 62.08746046610967, 'I_gpe': 2.072241054411239, 'I_gpi': 2.2393530598302718, 'noise_stn_sigma': 6.454290176029374, 'noise_gpe_sigma': 121.59904513152992, 'noise_gpi_sigma': 105.31172439723751, 'g_stn_gpe_mult': 3.3630251907977278, 'g_gpe_stn_mult': 0.7039985950717091, 'g_stn_gpi_mult': 3.161043107122621, 'g_gpe_gpi_mult': 0.8807422642819427}. Best is trial 922 with value: 1.7293348371804143.
[I 2026-05-28 23:24:25,013] Trial 964 finished with value: 7.633440306156477 and parameters: {'ISTN': 60.13718584168831, 'I_gpe': 2.0701513953363957, 'I_gpi': 2.30333884257017, 'noise_stn_sigma': 6.354081838486807, 'noise_gpe_sigma': 118.8319452945959, 'noise_gpi_sigma': 107.21187928635563, 'g_stn_gpe_mult': 3.3525846405760955, 'g_gpe_stn_mult': 0.6899490397813755, 'g_stn_gpi_mult': 3.0387612700314026, 'g_gpe_gpi_mult': 0.8730098825273311}. Best is trial 922 with value: 1.7293348371804143.
[I 2026-05-28 23:24:26,024] Trial 965 finished with value: 8.045715685714116 and parameters: {'ISTN': 61.73481799890639, 'I_gpe': 2.062160447761584, 'I_gpi': 2.245933337680761, 'noise_stn_sigma': 6.67526786174587, 'noise_gpe_sigma': 119.77264686413787, 'noise_gpi_sigma': 107.49208301501302, 'g_stn_gpe_mult': 3.335411147686055, 'g_gpe_stn_mult': 0.7119127036897153, 'g_stn_gpi_mult': 3.2413136264414173, 'g_gpe_gpi_mult': 0.8866150198152403}. Best is trial 922 with value: 1.7293348371804143.
[I 2026-05-28 23:24:27,035] Trial 966 finished with value: 8.269357008443537 and parameters: {'ISTN': 61.4892302771798, 'I_gpe': 2.0660773347499046, 'I_gpi': 2.2749356254445985, 'noise_stn_sigma': 6.495790880020492, 'noise_gpe_sigma': 120.08998793408999, 'noise_gpi_sigma': 106.82591038370728, 'g_stn_gpe_mult': 3.321969340176242, 'g_gpe_stn_mult': 0.7036047588245531, 'g_stn_gpi_mult': 3.118338762005241, 'g_gpe_gpi_mult': 0.8977675158598748}. Best is trial 922 with value: 1.7293348371804143.
[I 2026-05-28 23:24:28,044] Trial 967 finished with value: 7.660248008526198 and parameters: {'ISTN': 61.83531557652794, 'I_gpe': 2.065396195585438, 'I_gpi': 2.283904573351287, 'noise_stn_sigma': 6.50378684767819, 'noise_gpe_sigma': 121.93293901102237, 'noise_gpi_sigma': 106.88093426403861, 'g_stn_gpe_mult': 3.401907048964569, 'g_gpe_stn_mult': 0.7003380307320937, 'g_stn_gpi_mult': 3.1711436042693055, 'g_gpe_gpi_mult': 0.8549665606228307}. Best is trial 922 with value: 1.7293348371804143.
