[I 2026-05-29 00:02:05,079] Trial 176 finished with value: 6.498174171431531 and parameters: {'ISTN': 72.39754913494389, 'I_gpe': 1.4656510047176798, 'I_gpi': 2.0104275829359954, 'noise_stn_sigma': 5.263049465155271, 'noise_gpe_sigma': 118.94619098695009, 'noise_gpi_sigma': 80.89897774580254, 'g_stn_gpe_mult': 3.2523623170593274, 'g_gpe_stn_mult': 0.23570952237964923, 'g_stn_gpi_mult': 2.761905614579581, 'g_gpe_gpi_mult': 0.4597166870702839}. Best is trial 142 with value: 0.3181873175738492.
[I 2026-05-29 00:02:06,085] Trial 177 finished with value: 9.368423961081923 and parameters: {'ISTN': 70.26380430222211, 'I_gpe': 1.1542748661948092, 'I_gpi': 1.7035105826010772, 'noise_stn_sigma': 5.115975666666172, 'noise_gpe_sigma': 123.9949226040855, 'noise_gpi_sigma': 79.67432659946158, 'g_stn_gpe_mult': 3.544249952500701, 'g_gpe_stn_mult': 0.1931318941672564, 'g_stn_gpi_mult': 2.2592847741651028, 'g_gpe_gpi_mult': 0.5566170816502678}. Best is trial 142 with value: 0.3181873175738492.
[I 2026-05-29 00:02:07,094] Trial 178 finished with value: 5.402170556659694 and parameters: {'ISTN': 62.085544801328545, 'I_gpe': 1.5671535205041407, 'I_gpi': 2.503893317461861, 'noise_stn_sigma': 5.0585355537439725, 'noise_gpe_sigma': 131.5033026477028, 'noise_gpi_sigma': 73.66551680235406, 'g_stn_gpe_mult': 3.151360650068031, 'g_gpe_stn_mult': 0.31166011012668027, 'g_stn_gpi_mult': 2.417378279325098, 'g_gpe_gpi_mult': 0.524054584199366}. Best is trial 142 with value: 0.3181873175738492.
[I 2026-05-29 00:02:08,103] Trial 179 finished with value: 3.2384854922640134 and parameters: {'ISTN': 61.490333199708516, 'I_gpe': 1.2363406482455455, 'I_gpi': 1.9484943705165452, 'noise_stn_sigma': 3.4761370671284766, 'noise_gpe_sigma': 116.16510395217315, 'noise_gpi_sigma': 78.04846280770164, 'g_stn_gpe_mult': 3.068016925949717, 'g_gpe_stn_mult': 0.14073040036458737, 'g_stn_gpi_mult': 2.2896454794623358, 'g_gpe_gpi_mult': 0.5442758810731934}. Best is trial 142 with value: 0.3181873175738492.
[I 2026-05-29 00:02:09,111] Trial 180 finished with value: 10.480452885870823 and parameters: {'ISTN': 84.4481921553155, 'I_gpe': 1.1191694031019128, 'I_gpi': 2.0128626472297126, 'noise_stn_sigma': 4.243525224157985, 'noise_gpe_sigma': 126.5584492832595, 'noise_gpi_sigma': 95.07566104962609, 'g_stn_gpe_mult': 2.9196600189472304, 'g_gpe_stn_mult': 0.21979868831453325, 'g_stn_gpi_mult': 2.7362937841363335, 'g_gpe_gpi_mult': 0.45238971779349135}. Best is trial 142 with value: 0.3181873175738492.
[I 2026-05-29 00:02:10,118] Trial 181 finished with value: 2.3014845879935844 and parameters: {'ISTN': 66.17187249421613, 'I_gpe': 1.4543942452396772, 'I_gpi': 2.004846537005112, 'noise_stn_sigma': 4.292390346191381, 'noise_gpe_sigma': 100.24166822634153, 'noise_gpi_sigma': 79.77950916020504, 'g_stn_gpe_mult': 3.1074926927896556, 'g_gpe_stn_mult': 0.16422393704296462, 'g_stn_gpi_mult': 2.2333845764855234, 'g_gpe_gpi_mult': 0.6436877979268425}. Best is trial 142 with value: 0.3181873175738492.
[I 2026-05-29 00:02:11,126] Trial 182 finished with value: 9.796726564712966 and parameters: {'ISTN': 69.49367535726662, 'I_gpe': 1.5206268531900882, 'I_gpi': 2.195705443573476, 'noise_stn_sigma': 4.412563026266379, 'noise_gpe_sigma': 123.44741181557089, 'noise_gpi_sigma': 72.74900169991804, 'g_stn_gpe_mult': 3.0668025474649756, 'g_gpe_stn_mult': 0.2149952566278386, 'g_stn_gpi_mult': 2.6386358714286327, 'g_gpe_gpi_mult': 0.5186355643216656}. Best is trial 142 with value: 0.3181873175738492.
[I 2026-05-29 00:02:12,134] Trial 183 finished with value: 6.009809341530174 and parameters: {'ISTN': 64.47524084856678, 'I_gpe': 1.4884009773898224, 'I_gpi': 2.316759047326498, 'noise_stn_sigma': 4.44626761631694, 'noise_gpe_sigma': 129.40912267678573, 'noise_gpi_sigma': 71.13994185513599, 'g_stn_gpe_mult': 3.1651330069580137, 'g_gpe_stn_mult': 0.226023943035059, 'g_stn_gpi_mult': 2.285776629113298, 'g_gpe_gpi_mult': 0.5678366311532066}. Best is trial 142 with value: 0.3181873175738492.
[I 2026-05-29 00:02:13,141] Trial 184 finished with value: 4.780533645823137 and parameters: {'ISTN': 77.03574037908659, 'I_gpe': 1.61420375203671, 'I_gpi': 2.2400316559476745, 'noise_stn_sigma': 5.082606576360476, 'noise_gpe_sigma': 147.67392720152452, 'noise_gpi_sigma': 60.32133033459691, 'g_stn_gpe_mult': 3.4879322319801416, 'g_gpe_stn_mult': 0.2282165333029556, 'g_stn_gpi_mult': 2.1027277086784175, 'g_gpe_gpi_mult': 0.45198276102681895}. Best is trial 142 with value: 0.3181873175738492.
[I 2026-05-29 00:02:14,153] Trial 185 finished with value: 7.115950004105617 and parameters: {'ISTN': 65.16193076530385, 'I_gpe': 1.1213051579956774, 'I_gpi': 2.2298332850503186, 'noise_stn_sigma': 4.45822130578793, 'noise_gpe_sigma': 116.0197548567969, 'noise_gpi_sigma': 81.73312750206539, 'g_stn_gpe_mult': 3.0585098320677635, 'g_gpe_stn_mult': 0.1922578755290612, 'g_stn_gpi_mult': 2.11844545734976, 'g_gpe_gpi_mult': 0.5004873753733048}. Best is trial 142 with value: 0.3181873175738492.
[I 2026-05-29 00:02:15,101] Trial 186 finished with value: 1000000.0 and parameters: {'ISTN': 62.00898812056876, 'I_gpe': 1.758270432799625, 'I_gpi': 1.6655804574799533, 'noise_stn_sigma': 5.080132609465726, 'noise_gpe_sigma': 116.28097374882803, 'noise_gpi_sigma': 72.9334315446786, 'g_stn_gpe_mult': 2.638158826945056, 'g_gpe_stn_mult': 0.22254449989294375, 'g_stn_gpi_mult': 2.59112737274954, 'g_gpe_gpi_mult': 0.5286053120577792}. Best is trial 142 with value: 0.3181873175738492.
[I 2026-05-29 00:02:16,109] Trial 187 finished with value: 1.8133681718064318 and parameters: {'ISTN': 62.97007392895482, 'I_gpe': 1.2991026412989044, 'I_gpi': 2.2872262083009947, 'noise_stn_sigma': 4.433046586149823, 'noise_gpe_sigma': 114.73182946319606, 'noise_gpi_sigma': 71.91154404691723, 'g_stn_gpe_mult': 3.0994157973701344, 'g_gpe_stn_mult': 0.18085737903154092, 'g_stn_gpi_mult': 2.638981631032337, 'g_gpe_gpi_mult': 0.41614260192872704}. Best is trial 142 with value: 0.3181873175738492.
[I 2026-05-29 00:02:17,117] Trial 188 finished with value: 11.328723697729606 and parameters: {'ISTN': 76.71818020169928, 'I_gpe': 1.432762830304097, 'I_gpi': 2.178459532957679, 'noise_stn_sigma': 3.9376824302473965, 'noise_gpe_sigma': 108.12842506822423, 'noise_gpi_sigma': 78.52920337333438, 'g_stn_gpe_mult': 2.517869782308944, 'g_gpe_stn_mult': 0.23967642723593108, 'g_stn_gpi_mult': 2.607139809225121, 'g_gpe_gpi_mult': 0.45026534569103843}. Best is trial 142 with value: 0.3181873175738492.
[I 2026-05-29 00:02:18,126] Trial 189 finished with value: 9.374913104623225 and parameters: {'ISTN': 65.10170532614644, 'I_gpe': 1.6259312115818898, 'I_gpi': 2.491893099168393, 'noise_stn_sigma': 4.550305207082813, 'noise_gpe_sigma': 99.28371899098865, 'noise_gpi_sigma': 77.3125648178374, 'g_stn_gpe_mult': 3.230916075050648, 'g_gpe_stn_mult': 0.2002550683851636, 'g_stn_gpi_mult': 2.599577278755631, 'g_gpe_gpi_mult': 0.5922418115660812}. Best is trial 142 with value: 0.3181873175738492.
[I 2026-05-29 00:02:19,134] Trial 190 finished with value: 6.000765751273601 and parameters: {'ISTN': 69.8333916256506, 'I_gpe': 1.4777805325131093, 'I_gpi': 2.251303989969693, 'noise_stn_sigma': 4.114701920146926, 'noise_gpe_sigma': 122.9037778473899, 'noise_gpi_sigma': 81.34338847419372, 'g_stn_gpe_mult': 3.1856936229571122, 'g_gpe_stn_mult': 0.2613873520319626, 'g_stn_gpi_mult': 2.250357544033653, 'g_gpe_gpi_mult': 0.6079320336292633}. Best is trial 142 with value: 0.3181873175738492.
[I 2026-05-29 00:02:20,142] Trial 191 finished with value: 5.434225816578193 and parameters: {'ISTN': 62.57218527262642, 'I_gpe': 1.3994435290477325, 'I_gpi': 2.3102197716281356, 'noise_stn_sigma': 4.397279022521579, 'noise_gpe_sigma': 110.44974375351228, 'noise_gpi_sigma': 81.41231849615048, 'g_stn_gpe_mult': 3.539836469104583, 'g_gpe_stn_mult': 0.15729736177692283, 'g_stn_gpi_mult': 2.629218161867003, 'g_gpe_gpi_mult': 0.6429290673761936}. Best is trial 142 with value: 0.3181873175738492.
[I 2026-05-29 00:02:21,152] Trial 192 finished with value: 4.178557921867619 and parameters: {'ISTN': 63.32447498789025, 'I_gpe': 1.8155884947520655, 'I_gpi': 1.818804173791298, 'noise_stn_sigma': 3.7567663161392235, 'noise_gpe_sigma': 114.78738600521632, 'noise_gpi_sigma': 73.74464321018371, 'g_stn_gpe_mult': 3.011048338704327, 'g_gpe_stn_mult': 0.20921001806794465, 'g_stn_gpi_mult': 2.4589684250775683, 'g_gpe_gpi_mult': 0.3531628382561295}. Best is trial 142 with value: 0.3181873175738492.
[I 2026-05-29 00:02:22,161] Trial 193 finished with value: 5.0872920821201335 and parameters: {'ISTN': 66.68862633341244, 'I_gpe': 1.4057279222589871, 'I_gpi': 2.093112450577456, 'noise_stn_sigma': 4.229430902628649, 'noise_gpe_sigma': 122.7308619375892, 'noise_gpi_sigma': 77.27106687842354, 'g_stn_gpe_mult': 3.031227043836652, 'g_gpe_stn_mult': 0.15031747575363924, 'g_stn_gpi_mult': 2.2464870238340158, 'g_gpe_gpi_mult': 0.5206034062398851}. Best is trial 142 with value: 0.3181873175738492.
[I 2026-05-29 00:02:23,170] Trial 194 finished with value: 12.395678459432206 and parameters: {'ISTN': 71.73740557248078, 'I_gpe': 0.9671707518374261, 'I_gpi': 2.6162822920733255, 'noise_stn_sigma': 4.690796774637066, 'noise_gpe_sigma': 115.79045530298745, 'noise_gpi_sigma': 56.7548725860651, 'g_stn_gpe_mult': 3.3014587021609274, 'g_gpe_stn_mult': 0.30939805684353894, 'g_stn_gpi_mult': 2.793361082166441, 'g_gpe_gpi_mult': 0.5105567767894146}. Best is trial 142 with value: 0.3181873175738492.
[I 2026-05-29 00:02:24,177] Trial 195 finished with value: 10.607862175365494 and parameters: {'ISTN': 70.07996263068674, 'I_gpe': 1.553645117376099, 'I_gpi': 2.207198701161076, 'noise_stn_sigma': 4.9021635086837785, 'noise_gpe_sigma': 133.0676808526048, 'noise_gpi_sigma': 74.0070953931903, 'g_stn_gpe_mult': 3.0536343725316417, 'g_gpe_stn_mult': 0.23018267437474327, 'g_stn_gpi_mult': 2.1570122335950233, 'g_gpe_gpi_mult': 0.5828860537538987}. Best is trial 142 with value: 0.3181873175738492.
[I 2026-05-29 00:02:25,187] Trial 196 finished with value: 2.699983184731215 and parameters: {'ISTN': 60.23087084863267, 'I_gpe': 1.4506302237958955, 'I_gpi': 2.0517304346334475, 'noise_stn_sigma': 4.704058754966352, 'noise_gpe_sigma': 109.55213237479227, 'noise_gpi_sigma': 56.96874427816128, 'g_stn_gpe_mult': 3.243305271866343, 'g_gpe_stn_mult': 0.12937630550968185, 'g_stn_gpi_mult': 2.524335771433502, 'g_gpe_gpi_mult': 0.5187639071273978}. Best is trial 142 with value: 0.3181873175738492.
[I 2026-05-29 00:02:26,197] Trial 197 finished with value: 9.599808194786627 and parameters: {'ISTN': 66.2451864858322, 'I_gpe': 1.6143211766971248, 'I_gpi': 2.2700493195789346, 'noise_stn_sigma': 4.739788112648668, 'noise_gpe_sigma': 131.5730536193921, 'noise_gpi_sigma': 80.50435062642393, 'g_stn_gpe_mult': 3.6735341808233684, 'g_gpe_stn_mult': 0.2343349087954201, 'g_stn_gpi_mult': 2.5936717846774253, 'g_gpe_gpi_mult': 0.6232213491705885}. Best is trial 142 with value: 0.3181873175738492.
[I 2026-05-29 00:02:27,205] Trial 198 finished with value: 2.4176147488796254 and parameters: {'ISTN': 64.67122209747949, 'I_gpe': 0.7698312606825728, 'I_gpi': 1.768138883988184, 'noise_stn_sigma': 4.723456297513623, 'noise_gpe_sigma': 120.22882191516581, 'noise_gpi_sigma': 64.50497576550782, 'g_stn_gpe_mult': 3.920335981218475, 'g_gpe_stn_mult': 0.12651073183124437, 'g_stn_gpi_mult': 2.062492407209806, 'g_gpe_gpi_mult': 0.5652347951273493}. Best is trial 142 with value: 0.3181873175738492.
[I 2026-05-29 00:02:28,214] Trial 199 finished with value: 5.1242912750536265 and parameters: {'ISTN': 61.82378265803641, 'I_gpe': 1.3574843595311576, 'I_gpi': 1.9407960509860942, 'noise_stn_sigma': 4.838558721916443, 'noise_gpe_sigma': 123.97601368013953, 'noise_gpi_sigma': 70.15479463037168, 'g_stn_gpe_mult': 2.596320961023043, 'g_gpe_stn_mult': 0.12679670558189263, 'g_stn_gpi_mult': 2.3741906547571276, 'g_gpe_gpi_mult': 0.3931712860895542}. Best is trial 142 with value: 0.3181873175738492.
[I 2026-05-29 00:02:29,221] Trial 200 finished with value: 2.285409056261875 and parameters: {'ISTN': 70.44681939383015, 'I_gpe': 1.4822962445489631, 'I_gpi': 2.4560277567277593, 'noise_stn_sigma': 4.943739642777515, 'noise_gpe_sigma': 106.04150231054906, 'noise_gpi_sigma': 83.92745174276556, 'g_stn_gpe_mult': 3.0462060927607117, 'g_gpe_stn_mult': 0.2419107830544773, 'g_stn_gpi_mult': 2.5382717985663477, 'g_gpe_gpi_mult': 0.37537447097064236}. Best is trial 142 with value: 0.3181873175738492.
[I 2026-05-29 00:02:30,230] Trial 201 finished with value: 9.439671901759679 and parameters: {'ISTN': 63.193393493395426, 'I_gpe': 1.440737266136547, 'I_gpi': 2.3252716367982416, 'noise_stn_sigma': 4.724677417131435, 'noise_gpe_sigma': 107.47078625285273, 'noise_gpi_sigma': 93.40964918290426, 'g_stn_gpe_mult': 3.0241009898098064, 'g_gpe_stn_mult': 0.12831619123271626, 'g_stn_gpi_mult': 2.2224883928310963, 'g_gpe_gpi_mult': 0.458874170490731}. Best is trial 142 with value: 0.3181873175738492.
[I 2026-05-29 00:02:31,236] Trial 202 finished with value: 8.842867623360622 and parameters: {'ISTN': 68.3024988307121, 'I_gpe': 1.2676696630120137, 'I_gpi': 2.034363367943087, 'noise_stn_sigma': 5.342688611868136, 'noise_gpe_sigma': 112.26662061030986, 'noise_gpi_sigma': 73.20093695076673, 'g_stn_gpe_mult': 3.1497955464288836, 'g_gpe_stn_mult': 0.16163452525690794, 'g_stn_gpi_mult': 2.325178475185237, 'g_gpe_gpi_mult': 0.5060981367508903}. Best is trial 142 with value: 0.3181873175738492.
[I 2026-05-29 00:02:32,245] Trial 203 finished with value: 4.997160510442818 and parameters: {'ISTN': 70.64154899065514, 'I_gpe': 1.6019548307157514, 'I_gpi': 2.064302190091623, 'noise_stn_sigma': 4.4909484381013085, 'noise_gpe_sigma': 115.90309782339519, 'noise_gpi_sigma': 69.63562753918907, 'g_stn_gpe_mult': 3.2120673134404374, 'g_gpe_stn_mult': 0.2549686755071708, 'g_stn_gpi_mult': 2.190652844992297, 'g_gpe_gpi_mult': 0.3680493413555913}. Best is trial 142 with value: 0.3181873175738492.
[I 2026-05-29 00:02:33,251] Trial 204 finished with value: 12.241431409149774 and parameters: {'ISTN': 64.85973260658977, 'I_gpe': 1.762054072810029, 'I_gpi': 2.0360497522868797, 'noise_stn_sigma': 4.22058244011016, 'noise_gpe_sigma': 109.11316960019055, 'noise_gpi_sigma': 64.18966430685808, 'g_stn_gpe_mult': 3.3823928240816863, 'g_gpe_stn_mult': 0.2509877765355869, 'g_stn_gpi_mult': 2.5111175711511513, 'g_gpe_gpi_mult': 0.49955533208433156}. Best is trial 142 with value: 0.3181873175738492.
[I 2026-05-29 00:02:34,258] Trial 205 finished with value: 12.223221219861605 and parameters: {'ISTN': 71.53003710431578, 'I_gpe': 1.103602122305504, 'I_gpi': 1.876285583911055, 'noise_stn_sigma': 3.405146457899593, 'noise_gpe_sigma': 113.21161084672579, 'noise_gpi_sigma': 91.25054306256621, 'g_stn_gpe_mult': 2.6290848673931757, 'g_gpe_stn_mult': 0.21614852964068662, 'g_stn_gpi_mult': 2.72824119859008, 'g_gpe_gpi_mult': 0.5235715791904576}. Best is trial 142 with value: 0.3181873175738492.
[I 2026-05-29 00:02:35,265] Trial 206 finished with value: 6.094478254122936 and parameters: {'ISTN': 63.05854246303944, 'I_gpe': 1.3840402961269163, 'I_gpi': 2.0832350891111995, 'noise_stn_sigma': 4.898957178885105, 'noise_gpe_sigma': 114.73176074788671, 'noise_gpi_sigma': 84.18922092783643, 'g_stn_gpe_mult': 3.47169172478071, 'g_gpe_stn_mult': 0.17817949823737866, 'g_stn_gpi_mult': 2.350322238176154, 'g_gpe_gpi_mult': 0.4530901440645298}. Best is trial 142 with value: 0.3181873175738492.
[I 2026-05-29 00:02:36,270] Trial 207 finished with value: 8.845599446336704 and parameters: {'ISTN': 66.58620984168867, 'I_gpe': 1.1617048384886832, 'I_gpi': 2.115720940657959, 'noise_stn_sigma': 5.520831066707806, 'noise_gpe_sigma': 100.09448997093298, 'noise_gpi_sigma': 75.65358959527887, 'g_stn_gpe_mult': 3.231163039997756, 'g_gpe_stn_mult': 0.1462813744380084, 'g_stn_gpi_mult': 2.5603383057407734, 'g_gpe_gpi_mult': 0.4954213737859426}. Best is trial 142 with value: 0.3181873175738492.
[I 2026-05-29 00:02:37,282] Trial 208 finished with value: 8.802729761544168 and parameters: {'ISTN': 68.35263834052519, 'I_gpe': 1.2655076639864966, 'I_gpi': 2.3507492561172114, 'noise_stn_sigma': 5.327923888270799, 'noise_gpe_sigma': 108.82027920135482, 'noise_gpi_sigma': 69.93931775353191, 'g_stn_gpe_mult': 2.6721262004685764, 'g_gpe_stn_mult': 0.27285692308611464, 'g_stn_gpi_mult': 2.39986951713595, 'g_gpe_gpi_mult': 0.4843051101674934}. Best is trial 142 with value: 0.3181873175738492.
[I 2026-05-29 00:02:38,290] Trial 209 finished with value: 5.7076906785502715 and parameters: {'ISTN': 66.41396397648923, 'I_gpe': 1.462502506227355, 'I_gpi': 2.003825976800405, 'noise_stn_sigma': 4.071582356104817, 'noise_gpe_sigma': 131.86398061755375, 'noise_gpi_sigma': 72.60725063214662, 'g_stn_gpe_mult': 3.2510813507939917, 'g_gpe_stn_mult': 0.17860812050919267, 'g_stn_gpi_mult': 2.8201372987244895, 'g_gpe_gpi_mult': 0.5041200438031617}. Best is trial 142 with value: 0.3181873175738492.
[I 2026-05-29 00:02:39,297] Trial 210 finished with value: 6.0466562040748695 and parameters: {'ISTN': 66.59488122367704, 'I_gpe': 1.2701210887083638, 'I_gpi': 2.4568224281517455, 'noise_stn_sigma': 5.808189692790474, 'noise_gpe_sigma': 120.72147598076778, 'noise_gpi_sigma': 76.42928932165864, 'g_stn_gpe_mult': 3.74362334224819, 'g_gpe_stn_mult': 0.2055930918742162, 'g_stn_gpi_mult': 2.547908801779646, 'g_gpe_gpi_mult': 0.45826735725191187}. Best is trial 142 with value: 0.3181873175738492.
[I 2026-05-29 00:02:40,306] Trial 211 finished with value: 13.299519902714875 and parameters: {'ISTN': 76.59517448509968, 'I_gpe': 1.6972331017274511, 'I_gpi': 1.928954454141588, 'noise_stn_sigma': 5.213123569810912, 'noise_gpe_sigma': 119.48261251386623, 'noise_gpi_sigma': 66.21305244033996, 'g_stn_gpe_mult': 3.1923397111692147, 'g_gpe_stn_mult': 0.2055750972625321, 'g_stn_gpi_mult': 2.520796388176866, 'g_gpe_gpi_mult': 0.3845275616565276}. Best is trial 142 with value: 0.3181873175738492.
[I 2026-05-29 00:02:41,317] Trial 212 finished with value: 7.920101616596898 and parameters: {'ISTN': 72.71676437702054, 'I_gpe': 1.4451725650949174, 'I_gpi': 2.057006496358235, 'noise_stn_sigma': 5.629585909210732, 'noise_gpe_sigma': 116.52706164368801, 'noise_gpi_sigma': 73.64718641867852, 'g_stn_gpe_mult': 3.612650230055956, 'g_gpe_stn_mult': 0.2888834164313713, 'g_stn_gpi_mult': 2.499710545061451, 'g_gpe_gpi_mult': 0.41694032792723135}. Best is trial 142 with value: 0.3181873175738492.
[I 2026-05-29 00:02:42,325] Trial 213 finished with value: 10.473910930714947 and parameters: {'ISTN': 67.29408957254533, 'I_gpe': 1.67693115558049, 'I_gpi': 2.159264896975535, 'noise_stn_sigma': 4.670912498900684, 'noise_gpe_sigma': 122.42263565883134, 'noise_gpi_sigma': 63.65464666499977, 'g_stn_gpe_mult': 3.3663634741582, 'g_gpe_stn_mult': 0.2809115912795306, 'g_stn_gpi_mult': 2.0916193170211743, 'g_gpe_gpi_mult': 0.4647991520837942}. Best is trial 142 with value: 0.3181873175738492.
[I 2026-05-29 00:02:43,333] Trial 214 finished with value: 13.593469532721146 and parameters: {'ISTN': 86.41678183997551, 'I_gpe': 1.6855128388551894, 'I_gpi': 2.1696964419227163, 'noise_stn_sigma': 5.430842648967561, 'noise_gpe_sigma': 125.42337342296348, 'noise_gpi_sigma': 71.13142169816496, 'g_stn_gpe_mult': 3.9932156862883885, 'g_gpe_stn_mult': 0.24564146705003315, 'g_stn_gpi_mult': 2.4910716653236795, 'g_gpe_gpi_mult': 0.35525858213561523}. Best is trial 142 with value: 0.3181873175738492.
[I 2026-05-29 00:02:44,342] Trial 215 finished with value: 6.69436930193558 and parameters: {'ISTN': 66.44544541098384, 'I_gpe': 1.4806361076391614, 'I_gpi': 2.0877125031597243, 'noise_stn_sigma': 5.0552660692632045, 'noise_gpe_sigma': 117.1725786118818, 'noise_gpi_sigma': 81.24174117444615, 'g_stn_gpe_mult': 2.8883157421216055, 'g_gpe_stn_mult': 0.201657685060794, 'g_stn_gpi_mult': 2.577966737789825, 'g_gpe_gpi_mult': 0.47441266445968716}. Best is trial 142 with value: 0.3181873175738492.
[I 2026-05-29 00:02:45,348] Trial 216 finished with value: 7.613389022306376 and parameters: {'ISTN': 71.89781321753979, 'I_gpe': 1.4613035932096066, 'I_gpi': 2.3393964824971487, 'noise_stn_sigma': 4.53285254698038, 'noise_gpe_sigma': 123.20218924554817, 'noise_gpi_sigma': 71.75563038316281, 'g_stn_gpe_mult': 2.946791184188351, 'g_gpe_stn_mult': 0.1862894972427364, 'g_stn_gpi_mult': 2.4862858379966237, 'g_gpe_gpi_mult': 0.3726224245996775}. Best is trial 142 with value: 0.3181873175738492.
[I 2026-05-29 00:02:46,356] Trial 217 finished with value: 6.4507375307704145 and parameters: {'ISTN': 68.02105341277178, 'I_gpe': 1.5903838320212893, 'I_gpi': 2.1168604862873828, 'noise_stn_sigma': 5.2470508630266215, 'noise_gpe_sigma': 122.24749560918765, 'noise_gpi_sigma': 53.21116461220126, 'g_stn_gpe_mult': 3.131340341991937, 'g_gpe_stn_mult': 0.2333827120891077, 'g_stn_gpi_mult': 2.4953153938099764, 'g_gpe_gpi_mult': 0.30781656259379747}. Best is trial 142 with value: 0.3181873175738492.
[I 2026-05-29 00:02:47,366] Trial 218 finished with value: 7.3123873814142755 and parameters: {'ISTN': 71.43982954264762, 'I_gpe': 1.3646416195813194, 'I_gpi': 1.9356397390443334, 'noise_stn_sigma': 4.644476409084793, 'noise_gpe_sigma': 114.08646582463163, 'noise_gpi_sigma': 64.90252202860806, 'g_stn_gpe_mult': 3.4066468386461293, 'g_gpe_stn_mult': 0.2698810761545617, 'g_stn_gpi_mult': 2.527075744741265, 'g_gpe_gpi_mult': 0.3789786317664507}. Best is trial 142 with value: 0.3181873175738492.
[I 2026-05-29 00:02:48,374] Trial 219 finished with value: 5.603595116906218 and parameters: {'ISTN': 65.40026989443953, 'I_gpe': 1.4387298669851605, 'I_gpi': 2.6372955745788933, 'noise_stn_sigma': 5.043215247922328, 'noise_gpe_sigma': 121.31244146426242, 'noise_gpi_sigma': 74.38152032074727, 'g_stn_gpe_mult': 3.202796632125378, 'g_gpe_stn_mult': 0.21699152430585805, 'g_stn_gpi_mult': 2.1965181557413875, 'g_gpe_gpi_mult': 0.4031148304314322}. Best is trial 142 with value: 0.3181873175738492.
