[I 2026-05-29 00:10:12,649] Trial 660 finished with value: 0.5898227368223299 and parameters: {'ISTN': 60.088057107390455, 'I_gpe': 1.319981903514544, 'I_gpi': 1.7899891451090748, 'noise_stn_sigma': 2.8969717809572924, 'noise_gpe_sigma': 112.7988682822879, 'noise_gpi_sigma': 76.94400630768044, 'g_stn_gpe_mult': 2.691685616681548, 'g_gpe_stn_mult': 0.15641791277538147, 'g_stn_gpi_mult': 2.47481830814594, 'g_gpe_gpi_mult': 0.38508253610785403}. Best is trial 659 with value: 0.12461601951942765.
[I 2026-05-29 00:10:13,659] Trial 661 finished with value: 0.13606134419540325 and parameters: {'ISTN': 62.67236523271569, 'I_gpe': 1.4093878050226623, 'I_gpi': 2.038349793611446, 'noise_stn_sigma': 2.891763332997948, 'noise_gpe_sigma': 109.61817843336925, 'noise_gpi_sigma': 72.29902495397944, 'g_stn_gpe_mult': 2.8464767178172874, 'g_gpe_stn_mult': 0.13148468375455385, 'g_stn_gpi_mult': 2.3569062752681997, 'g_gpe_gpi_mult': 0.46044201425422127}. Best is trial 659 with value: 0.12461601951942765.
[I 2026-05-29 00:10:14,668] Trial 662 finished with value: 1.7548971446369315 and parameters: {'ISTN': 60.46569893816604, 'I_gpe': 1.3776736769441131, 'I_gpi': 2.010053671393581, 'noise_stn_sigma': 3.0298051006149587, 'noise_gpe_sigma': 109.01877913548631, 'noise_gpi_sigma': 77.72109495525214, 'g_stn_gpe_mult': 2.6637117948545592, 'g_gpe_stn_mult': 0.17356527212012868, 'g_stn_gpi_mult': 2.3778995855634473, 'g_gpe_gpi_mult': 0.38730969860924297}. Best is trial 659 with value: 0.12461601951942765.
[I 2026-05-29 00:10:15,677] Trial 663 finished with value: 0.47006568739076965 and parameters: {'ISTN': 60.701835883535225, 'I_gpe': 1.3292771127933276, 'I_gpi': 1.9339230076636715, 'noise_stn_sigma': 3.241817324302444, 'noise_gpe_sigma': 112.78028269845876, 'noise_gpi_sigma': 73.36359491121053, 'g_stn_gpe_mult': 2.6976378753232546, 'g_gpe_stn_mult': 0.15395614054677254, 'g_stn_gpi_mult': 2.655925357076554, 'g_gpe_gpi_mult': 0.325740936465003}. Best is trial 659 with value: 0.12461601951942765.
[I 2026-05-29 00:10:16,684] Trial 664 finished with value: 0.360338170106283 and parameters: {'ISTN': 61.5110027212004, 'I_gpe': 1.359651905632677, 'I_gpi': 2.062378632311037, 'noise_stn_sigma': 3.249866164203626, 'noise_gpe_sigma': 117.95335823352333, 'noise_gpi_sigma': 74.0685340200548, 'g_stn_gpe_mult': 2.6069597824469186, 'g_gpe_stn_mult': 0.131247897944229, 'g_stn_gpi_mult': 2.438012453384043, 'g_gpe_gpi_mult': 0.4016676200705066}. Best is trial 659 with value: 0.12461601951942765.
[I 2026-05-29 00:10:17,691] Trial 665 finished with value: 0.27376021876278794 and parameters: {'ISTN': 62.32904196694199, 'I_gpe': 1.4826209127582226, 'I_gpi': 1.8646084828224787, 'noise_stn_sigma': 3.188820829367817, 'noise_gpe_sigma': 117.13443114214287, 'noise_gpi_sigma': 80.26874437516057, 'g_stn_gpe_mult': 2.8419356589757996, 'g_gpe_stn_mult': 0.18967436851698366, 'g_stn_gpi_mult': 2.6770323072791706, 'g_gpe_gpi_mult': 0.3350052720067114}. Best is trial 659 with value: 0.12461601951942765.
[I 2026-05-29 00:10:18,699] Trial 666 finished with value: 0.13759312801347437 and parameters: {'ISTN': 60.13179436260407, 'I_gpe': 1.2972576335921933, 'I_gpi': 1.8918748616524725, 'noise_stn_sigma': 3.124007120197964, 'noise_gpe_sigma': 104.2489612704251, 'noise_gpi_sigma': 77.64438108087256, 'g_stn_gpe_mult': 2.8056892298287543, 'g_gpe_stn_mult': 0.14045094562689073, 'g_stn_gpi_mult': 2.4338644326880345, 'g_gpe_gpi_mult': 0.4829310041764882}. Best is trial 659 with value: 0.12461601951942765.
[I 2026-05-29 00:10:19,706] Trial 667 finished with value: 1.953954951600407 and parameters: {'ISTN': 62.39039680816434, 'I_gpe': 1.3744552454455012, 'I_gpi': 1.8361560650759037, 'noise_stn_sigma': 3.215555500803913, 'noise_gpe_sigma': 116.13750057139455, 'noise_gpi_sigma': 77.50433255449059, 'g_stn_gpe_mult': 2.8704309917697155, 'g_gpe_stn_mult': 0.15555369191199422, 'g_stn_gpi_mult': 2.49594989834706, 'g_gpe_gpi_mult': 0.3889443281460504}. Best is trial 659 with value: 0.12461601951942765.
[I 2026-05-29 00:10:20,714] Trial 668 finished with value: 0.14598091012550843 and parameters: {'ISTN': 61.87588926583192, 'I_gpe': 1.4061480766055148, 'I_gpi': 1.893637470904387, 'noise_stn_sigma': 2.92713755312367, 'noise_gpe_sigma': 120.22617956974715, 'noise_gpi_sigma': 71.8734584200459, 'g_stn_gpe_mult': 2.759826088852881, 'g_gpe_stn_mult': 0.1524766573075798, 'g_stn_gpi_mult': 2.590438969522561, 'g_gpe_gpi_mult': 0.3829305308173833}. Best is trial 659 with value: 0.12461601951942765.
[I 2026-05-29 00:10:21,722] Trial 669 finished with value: 0.6406611207405081 and parameters: {'ISTN': 61.06099613600005, 'I_gpe': 1.251547793523309, 'I_gpi': 1.9754003766989632, 'noise_stn_sigma': 3.0397507077610415, 'noise_gpe_sigma': 104.79918425910334, 'noise_gpi_sigma': 69.69397550926254, 'g_stn_gpe_mult': 2.774804278234213, 'g_gpe_stn_mult': 0.14130868378689027, 'g_stn_gpi_mult': 2.241344531209675, 'g_gpe_gpi_mult': 0.4672404644421427}. Best is trial 659 with value: 0.12461601951942765.
[I 2026-05-29 00:10:22,729] Trial 670 finished with value: 0.49578715262380296 and parameters: {'ISTN': 60.55327484057186, 'I_gpe': 1.378046653624003, 'I_gpi': 2.0870583921971892, 'noise_stn_sigma': 3.175605490523635, 'noise_gpe_sigma': 110.63557243505099, 'noise_gpi_sigma': 73.46955157220029, 'g_stn_gpe_mult': 2.559855910794629, 'g_gpe_stn_mult': 0.11150407332393558, 'g_stn_gpi_mult': 2.404357337220172, 'g_gpe_gpi_mult': 0.4750738014940921}. Best is trial 659 with value: 0.12461601951942765.
[I 2026-05-29 00:10:23,741] Trial 671 finished with value: 0.13643487642423227 and parameters: {'ISTN': 60.544691082852815, 'I_gpe': 1.3938519997077268, 'I_gpi': 2.181693811207363, 'noise_stn_sigma': 3.033539416686469, 'noise_gpe_sigma': 109.45879299252157, 'noise_gpi_sigma': 73.78887753506501, 'g_stn_gpe_mult': 2.6411464010971777, 'g_gpe_stn_mult': 0.1352668000464176, 'g_stn_gpi_mult': 2.2261806817957717, 'g_gpe_gpi_mult': 0.49666517403834265}. Best is trial 659 with value: 0.12461601951942765.
[I 2026-05-29 00:10:24,751] Trial 672 finished with value: 0.13875277062579905 and parameters: {'ISTN': 61.151255614216986, 'I_gpe': 1.3228675254975013, 'I_gpi': 1.8956522689447646, 'noise_stn_sigma': 3.2198604687205092, 'noise_gpe_sigma': 112.07064611707689, 'noise_gpi_sigma': 75.8848159190621, 'g_stn_gpe_mult': 2.89275769908162, 'g_gpe_stn_mult': 0.13063520324258, 'g_stn_gpi_mult': 2.4026735215111814, 'g_gpe_gpi_mult': 0.4544163870987873}. Best is trial 659 with value: 0.12461601951942765.
[I 2026-05-29 00:10:25,761] Trial 673 finished with value: 1.9601873484775927 and parameters: {'ISTN': 63.47347042359081, 'I_gpe': 1.3104545206238776, 'I_gpi': 1.8255443025726628, 'noise_stn_sigma': 2.9103117115036206, 'noise_gpe_sigma': 104.55082458335701, 'noise_gpi_sigma': 74.5745451960297, 'g_stn_gpe_mult': 2.8588347077564835, 'g_gpe_stn_mult': 0.15416290179140513, 'g_stn_gpi_mult': 2.4593206571405077, 'g_gpe_gpi_mult': 0.40429356996664134}. Best is trial 659 with value: 0.12461601951942765.
[I 2026-05-29 00:10:26,772] Trial 674 finished with value: 0.14768595131773146 and parameters: {'ISTN': 62.16642620084837, 'I_gpe': 1.4375908673016444, 'I_gpi': 1.9343092293117583, 'noise_stn_sigma': 2.9962383887984227, 'noise_gpe_sigma': 112.01907535098398, 'noise_gpi_sigma': 68.85994656874037, 'g_stn_gpe_mult': 2.885081431315296, 'g_gpe_stn_mult': 0.12108641629507302, 'g_stn_gpi_mult': 2.3311413857847674, 'g_gpe_gpi_mult': 0.4577612858263242}. Best is trial 659 with value: 0.12461601951942765.
[I 2026-05-29 00:10:27,779] Trial 675 finished with value: 0.15404848692427253 and parameters: {'ISTN': 60.07565663180973, 'I_gpe': 1.4718502886692575, 'I_gpi': 1.8200071101655455, 'noise_stn_sigma': 2.9855367309879997, 'noise_gpe_sigma': 108.46986684131228, 'noise_gpi_sigma': 72.45504748183171, 'g_stn_gpe_mult': 2.6940018167189, 'g_gpe_stn_mult': 0.12946193459800637, 'g_stn_gpi_mult': 2.4727903793802284, 'g_gpe_gpi_mult': 0.40236167223936076}. Best is trial 659 with value: 0.12461601951942765.
[I 2026-05-29 00:10:28,787] Trial 676 finished with value: 0.16315795995955032 and parameters: {'ISTN': 63.24975627325816, 'I_gpe': 1.2456516998872176, 'I_gpi': 2.0645144471847656, 'noise_stn_sigma': 3.2663867775291124, 'noise_gpe_sigma': 100.61364916970308, 'noise_gpi_sigma': 70.32518979198949, 'g_stn_gpe_mult': 2.968254211626508, 'g_gpe_stn_mult': 0.14672785399766736, 'g_stn_gpi_mult': 2.264538602287983, 'g_gpe_gpi_mult': 0.4687425703045229}. Best is trial 659 with value: 0.12461601951942765.
[I 2026-05-29 00:10:29,794] Trial 677 finished with value: 0.13985365559269541 and parameters: {'ISTN': 63.66923371159653, 'I_gpe': 1.3242781129143393, 'I_gpi': 1.9523470025066678, 'noise_stn_sigma': 2.9228308480450798, 'noise_gpe_sigma': 103.48750406555948, 'noise_gpi_sigma': 71.34125291564652, 'g_stn_gpe_mult': 3.0704306355793594, 'g_gpe_stn_mult': 0.1219439363358273, 'g_stn_gpi_mult': 2.3747987267734887, 'g_gpe_gpi_mult': 0.5426169938896406}. Best is trial 659 with value: 0.12461601951942765.
[I 2026-05-29 00:10:30,802] Trial 678 finished with value: 0.16285736187463684 and parameters: {'ISTN': 62.54327712795246, 'I_gpe': 1.3491287485310712, 'I_gpi': 1.8069927047065857, 'noise_stn_sigma': 2.8839658752439874, 'noise_gpe_sigma': 111.38949411602432, 'noise_gpi_sigma': 80.3264867671098, 'g_stn_gpe_mult': 2.97085036255809, 'g_gpe_stn_mult': 0.11236101656929626, 'g_stn_gpi_mult': 2.43343618293465, 'g_gpe_gpi_mult': 0.4624122126635785}. Best is trial 659 with value: 0.12461601951942765.
[I 2026-05-29 00:10:31,814] Trial 679 finished with value: 1.1695587075747154 and parameters: {'ISTN': 63.00373335461878, 'I_gpe': 1.2748798089591942, 'I_gpi': 2.0651738121062815, 'noise_stn_sigma': 3.2369918516724123, 'noise_gpe_sigma': 105.01763406960994, 'noise_gpi_sigma': 74.4195121992742, 'g_stn_gpe_mult': 2.7369135203157726, 'g_gpe_stn_mult': 0.12873569295777043, 'g_stn_gpi_mult': 2.4398950829055988, 'g_gpe_gpi_mult': 0.5167367154820792}. Best is trial 659 with value: 0.12461601951942765.
[I 2026-05-29 00:10:32,823] Trial 680 finished with value: 0.14372632417606418 and parameters: {'ISTN': 62.823562199895974, 'I_gpe': 1.3230370019597446, 'I_gpi': 1.9506102595780401, 'noise_stn_sigma': 3.0407141247028426, 'noise_gpe_sigma': 103.32702068227026, 'noise_gpi_sigma': 73.31771279139812, 'g_stn_gpe_mult': 2.8060607493743763, 'g_gpe_stn_mult': 0.139641906068241, 'g_stn_gpi_mult': 2.2478972251878697, 'g_gpe_gpi_mult': 0.49822147090526675}. Best is trial 659 with value: 0.12461601951942765.
[I 2026-05-29 00:10:33,833] Trial 681 finished with value: 0.1518276008996337 and parameters: {'ISTN': 62.20580901489949, 'I_gpe': 1.3125453574291872, 'I_gpi': 2.1322456048231904, 'noise_stn_sigma': 2.568395044300906, 'noise_gpe_sigma': 117.5310557305397, 'noise_gpi_sigma': 74.04304921154646, 'g_stn_gpe_mult': 2.666134430205673, 'g_gpe_stn_mult': 0.16050704899935248, 'g_stn_gpi_mult': 2.15424644215876, 'g_gpe_gpi_mult': 0.5189675973382011}. Best is trial 659 with value: 0.12461601951942765.
[I 2026-05-29 00:10:34,841] Trial 682 finished with value: 0.131062971585082 and parameters: {'ISTN': 60.91324488103602, 'I_gpe': 1.3524652536863075, 'I_gpi': 2.1275642691170717, 'noise_stn_sigma': 3.4574079236283897, 'noise_gpe_sigma': 112.29980858187261, 'noise_gpi_sigma': 78.53830923592292, 'g_stn_gpe_mult': 2.833778230493469, 'g_gpe_stn_mult': 0.12660098951580367, 'g_stn_gpi_mult': 2.2944556898155692, 'g_gpe_gpi_mult': 0.4729873364959585}. Best is trial 659 with value: 0.12461601951942765.
[I 2026-05-29 00:10:35,848] Trial 683 finished with value: 0.14684998436701072 and parameters: {'ISTN': 62.724360091210116, 'I_gpe': 1.1920096896744026, 'I_gpi': 2.08079763305202, 'noise_stn_sigma': 3.3553425493566267, 'noise_gpe_sigma': 96.79569528054215, 'noise_gpi_sigma': 71.5300955227332, 'g_stn_gpe_mult': 2.9101541484301388, 'g_gpe_stn_mult': 0.12284857925679467, 'g_stn_gpi_mult': 2.2453832818454904, 'g_gpe_gpi_mult': 0.5131161088691794}. Best is trial 659 with value: 0.12461601951942765.
[I 2026-05-29 00:10:36,857] Trial 684 finished with value: 0.14014160730806038 and parameters: {'ISTN': 63.337576704004384, 'I_gpe': 1.4368867203827393, 'I_gpi': 1.9144219646476786, 'noise_stn_sigma': 2.932582443133327, 'noise_gpe_sigma': 105.72515917414731, 'noise_gpi_sigma': 78.4305470051525, 'g_stn_gpe_mult': 2.7826263662995228, 'g_gpe_stn_mult': 0.11999828862446968, 'g_stn_gpi_mult': 2.356587533093106, 'g_gpe_gpi_mult': 0.5417007494588271}. Best is trial 659 with value: 0.12461601951942765.
[I 2026-05-29 00:10:37,864] Trial 685 finished with value: 0.143985685073492 and parameters: {'ISTN': 61.97398038344353, 'I_gpe': 1.345653245060923, 'I_gpi': 2.1481124028858343, 'noise_stn_sigma': 3.058123587482459, 'noise_gpe_sigma': 115.78483341962672, 'noise_gpi_sigma': 68.62144485690422, 'g_stn_gpe_mult': 2.7995407642919403, 'g_gpe_stn_mult': 0.1317736171090041, 'g_stn_gpi_mult': 2.3193093069219306, 'g_gpe_gpi_mult': 0.4599887944901461}. Best is trial 659 with value: 0.12461601951942765.
[I 2026-05-29 00:10:38,871] Trial 686 finished with value: 0.13613983479495118 and parameters: {'ISTN': 60.962971831351275, 'I_gpe': 1.3924194773523149, 'I_gpi': 1.993710239742172, 'noise_stn_sigma': 3.0866490054196136, 'noise_gpe_sigma': 105.48175058920671, 'noise_gpi_sigma': 75.13231647743741, 'g_stn_gpe_mult': 2.71683519949966, 'g_gpe_stn_mult': 0.1130897563957067, 'g_stn_gpi_mult': 2.2917288929670874, 'g_gpe_gpi_mult': 0.5366500011470149}. Best is trial 659 with value: 0.12461601951942765.
[I 2026-05-29 00:10:39,879] Trial 687 finished with value: 0.15451498238269878 and parameters: {'ISTN': 60.48324204237731, 'I_gpe': 1.3727910576671134, 'I_gpi': 2.108431178433114, 'noise_stn_sigma': 3.4485363727288942, 'noise_gpe_sigma': 96.90123956430591, 'noise_gpi_sigma': 77.11900151965119, 'g_stn_gpe_mult': 2.6420664421003752, 'g_gpe_stn_mult': 0.10991428558529226, 'g_stn_gpi_mult': 2.211225459520395, 'g_gpe_gpi_mult': 0.5646431729865629}. Best is trial 659 with value: 0.12461601951942765.
[I 2026-05-29 00:10:40,887] Trial 688 finished with value: 0.13578104368194202 and parameters: {'ISTN': 61.807521976926616, 'I_gpe': 1.3867899992111066, 'I_gpi': 1.9546321368349115, 'noise_stn_sigma': 3.145163310517675, 'noise_gpe_sigma': 97.62925554853503, 'noise_gpi_sigma': 71.15625084710427, 'g_stn_gpe_mult': 2.783306199798003, 'g_gpe_stn_mult': 0.12243176246799135, 'g_stn_gpi_mult': 2.365638817175496, 'g_gpe_gpi_mult': 0.5039573413547824}. Best is trial 659 with value: 0.12461601951942765.
[I 2026-05-29 00:10:41,894] Trial 689 finished with value: 0.1417108464387976 and parameters: {'ISTN': 61.34124933388582, 'I_gpe': 1.3435934190004448, 'I_gpi': 1.9618175526450012, 'noise_stn_sigma': 2.8560652925305243, 'noise_gpe_sigma': 109.11792262147972, 'noise_gpi_sigma': 72.81682505027759, 'g_stn_gpe_mult': 3.0719530408840274, 'g_gpe_stn_mult': 0.11823047131760227, 'g_stn_gpi_mult': 2.2210688948741595, 'g_gpe_gpi_mult': 0.5839568546317575}. Best is trial 659 with value: 0.12461601951942765.
[I 2026-05-29 00:10:42,901] Trial 690 finished with value: 0.14439916325755953 and parameters: {'ISTN': 62.084262028030174, 'I_gpe': 1.3513060647946271, 'I_gpi': 1.9254267784903067, 'noise_stn_sigma': 3.1501827811839997, 'noise_gpe_sigma': 111.41837216082465, 'noise_gpi_sigma': 82.58282065448378, 'g_stn_gpe_mult': 2.8527786141444853, 'g_gpe_stn_mult': 0.10520491523443633, 'g_stn_gpi_mult': 2.2307216639651126, 'g_gpe_gpi_mult': 0.5288469127000051}. Best is trial 659 with value: 0.12461601951942765.
[I 2026-05-29 00:10:43,913] Trial 691 finished with value: 0.15238152533096685 and parameters: {'ISTN': 61.88128995050366, 'I_gpe': 1.2340134112742924, 'I_gpi': 2.2172242576632617, 'noise_stn_sigma': 3.2157701663652754, 'noise_gpe_sigma': 109.05923277461198, 'noise_gpi_sigma': 74.97549846935364, 'g_stn_gpe_mult': 2.6288885423590145, 'g_gpe_stn_mult': 0.12581549556631091, 'g_stn_gpi_mult': 2.300766186706597, 'g_gpe_gpi_mult': 0.4702950733488495}. Best is trial 659 with value: 0.12461601951942765.
[I 2026-05-29 00:10:44,922] Trial 692 finished with value: 0.14182514204283878 and parameters: {'ISTN': 61.178103311710764, 'I_gpe': 1.2482272945667863, 'I_gpi': 1.931438956449881, 'noise_stn_sigma': 3.2275952993734505, 'noise_gpe_sigma': 113.7992139496581, 'noise_gpi_sigma': 75.08259628135279, 'g_stn_gpe_mult': 2.7910380175029044, 'g_gpe_stn_mult': 0.13788904766527685, 'g_stn_gpi_mult': 2.3340106713181195, 'g_gpe_gpi_mult': 0.3747067186818014}. Best is trial 659 with value: 0.12461601951942765.
[I 2026-05-29 00:10:45,930] Trial 693 finished with value: 0.1380770309052603 and parameters: {'ISTN': 60.41218134831179, 'I_gpe': 1.443431403074917, 'I_gpi': 1.994867250007171, 'noise_stn_sigma': 3.274496358648251, 'noise_gpe_sigma': 114.84841022070103, 'noise_gpi_sigma': 76.87079718551117, 'g_stn_gpe_mult': 2.8885811605528, 'g_gpe_stn_mult': 0.11869006157833727, 'g_stn_gpi_mult': 2.3314105151244098, 'g_gpe_gpi_mult': 0.4257887742258582}. Best is trial 659 with value: 0.12461601951942765.
[I 2026-05-29 00:10:46,937] Trial 694 finished with value: 0.6046439266781068 and parameters: {'ISTN': 61.754613769200134, 'I_gpe': 1.3086444732369258, 'I_gpi': 1.9771805751061204, 'noise_stn_sigma': 3.4018201996563286, 'noise_gpe_sigma': 96.73353469224233, 'noise_gpi_sigma': 78.73856191142087, 'g_stn_gpe_mult': 2.7451308440854794, 'g_gpe_stn_mult': 0.11205276950747556, 'g_stn_gpi_mult': 2.128467357817823, 'g_gpe_gpi_mult': 0.5533037422830519}. Best is trial 659 with value: 0.12461601951942765.
[I 2026-05-29 00:10:47,943] Trial 695 finished with value: 0.2879654070879401 and parameters: {'ISTN': 60.86431058713293, 'I_gpe': 1.356091449932109, 'I_gpi': 1.7990254300319037, 'noise_stn_sigma': 2.871168470557739, 'noise_gpe_sigma': 109.37735193634568, 'noise_gpi_sigma': 73.89175095433289, 'g_stn_gpe_mult': 2.656634669530468, 'g_gpe_stn_mult': 0.1201439854407175, 'g_stn_gpi_mult': 2.5613793305953547, 'g_gpe_gpi_mult': 0.47108853539120954}. Best is trial 659 with value: 0.12461601951942765.
[I 2026-05-29 00:10:48,951] Trial 696 finished with value: 0.2393846189278726 and parameters: {'ISTN': 61.14890910033113, 'I_gpe': 1.2586765789976275, 'I_gpi': 2.0620638107871967, 'noise_stn_sigma': 3.2361746520565573, 'noise_gpe_sigma': 99.63490968726454, 'noise_gpi_sigma': 72.76077218070033, 'g_stn_gpe_mult': 2.9339806472440952, 'g_gpe_stn_mult': 0.12688671491961365, 'g_stn_gpi_mult': 2.263294516287586, 'g_gpe_gpi_mult': 0.5266058190786018}. Best is trial 659 with value: 0.12461601951942765.
[I 2026-05-29 00:10:49,959] Trial 697 finished with value: 0.14482063285057747 and parameters: {'ISTN': 63.30676713224691, 'I_gpe': 1.4215982135411633, 'I_gpi': 2.0983399167050623, 'noise_stn_sigma': 2.977603949098172, 'noise_gpe_sigma': 111.67564482008315, 'noise_gpi_sigma': 73.84691161727926, 'g_stn_gpe_mult': 3.1417229386685923, 'g_gpe_stn_mult': 0.10463047406836204, 'g_stn_gpi_mult': 2.3346517868390313, 'g_gpe_gpi_mult': 0.5206230758767476}. Best is trial 659 with value: 0.12461601951942765.
[I 2026-05-29 00:10:50,968] Trial 698 finished with value: 0.13027707693340837 and parameters: {'ISTN': 62.29588361118812, 'I_gpe': 1.3099878231122466, 'I_gpi': 1.9800725863577702, 'noise_stn_sigma': 3.0888574810090765, 'noise_gpe_sigma': 105.41396237888979, 'noise_gpi_sigma': 73.82188469525298, 'g_stn_gpe_mult': 2.82135427591063, 'g_gpe_stn_mult': 0.14219886183010452, 'g_stn_gpi_mult': 2.4865450650788437, 'g_gpe_gpi_mult': 0.46006411768072575}. Best is trial 659 with value: 0.12461601951942765.
[I 2026-05-29 00:10:51,978] Trial 699 finished with value: 4.7724953561576395 and parameters: {'ISTN': 63.0327276621962, 'I_gpe': 1.1634965225361331, 'I_gpi': 2.0398053227855915, 'noise_stn_sigma': 3.6498859442275, 'noise_gpe_sigma': 96.98142832596547, 'noise_gpi_sigma': 80.62590980259586, 'g_stn_gpe_mult': 2.9431014324697022, 'g_gpe_stn_mult': 0.13043383725809146, 'g_stn_gpi_mult': 2.2264278275951392, 'g_gpe_gpi_mult': 0.5288643618852613}. Best is trial 659 with value: 0.12461601951942765.
[I 2026-05-29 00:10:52,986] Trial 700 finished with value: 0.15393024469948155 and parameters: {'ISTN': 63.058356691254055, 'I_gpe': 1.484439631127053, 'I_gpi': 2.0000737361122196, 'noise_stn_sigma': 2.9908772572050806, 'noise_gpe_sigma': 112.51097796565107, 'noise_gpi_sigma': 72.46206693234133, 'g_stn_gpe_mult': 2.7059409909269996, 'g_gpe_stn_mult': 0.10009147524377832, 'g_stn_gpi_mult': 2.417626729894714, 'g_gpe_gpi_mult': 0.47700330217018866}. Best is trial 659 with value: 0.12461601951942765.
[I 2026-05-29 00:10:53,993] Trial 701 finished with value: 0.13426021485744496 and parameters: {'ISTN': 60.0454741587606, 'I_gpe': 1.301580995217345, 'I_gpi': 1.9642921804208204, 'noise_stn_sigma': 3.4442839967680228, 'noise_gpe_sigma': 113.40281347074958, 'noise_gpi_sigma': 83.22289087863487, 'g_stn_gpe_mult': 2.7808329205267475, 'g_gpe_stn_mult': 0.1329441908849776, 'g_stn_gpi_mult': 2.4314819664355114, 'g_gpe_gpi_mult': 0.4169074887286255}. Best is trial 659 with value: 0.12461601951942765.
[I 2026-05-29 00:10:55,000] Trial 702 finished with value: 0.1295579446673512 and parameters: {'ISTN': 60.528729815659744, 'I_gpe': 1.2638656934335037, 'I_gpi': 2.043482554781563, 'noise_stn_sigma': 3.3330934882860603, 'noise_gpe_sigma': 111.89846856127645, 'noise_gpi_sigma': 78.52070405247031, 'g_stn_gpe_mult': 2.8205565109960022, 'g_gpe_stn_mult': 0.12353617599837467, 'g_stn_gpi_mult': 2.3896452163388684, 'g_gpe_gpi_mult': 0.4927425155890097}. Best is trial 659 with value: 0.12461601951942765.
[I 2026-05-29 00:10:56,008] Trial 703 finished with value: 1.5624004044241682 and parameters: {'ISTN': 60.50123229916053, 'I_gpe': 1.4650132220139473, 'I_gpi': 2.054910164826908, 'noise_stn_sigma': 3.0906945953082694, 'noise_gpe_sigma': 111.00673483765068, 'noise_gpi_sigma': 74.14102785666509, 'g_stn_gpe_mult': 2.9052663834719192, 'g_gpe_stn_mult': 0.14878160097462498, 'g_stn_gpi_mult': 2.323701227367978, 'g_gpe_gpi_mult': 0.41889612156174394}. Best is trial 659 with value: 0.12461601951942765.
