[I 2026-05-28 23:42:54,914] Trial 44 finished with value: 12.16523428833789 and parameters: {'ISTN': 73.61221364391191, 'I_gpe': 1.6627722366368034, 'I_gpi': 2.0236019250655413, 'noise_stn_sigma': 5.261134058390911, 'noise_gpe_sigma': 101.11224846738912, 'noise_gpi_sigma': 81.04339948253642, 'g_stn_gpe_mult': 3.0693732776007927, 'g_gpe_stn_mult': 0.44834607605326027, 'g_stn_gpi_mult': 2.504175955423203, 'g_gpe_gpi_mult': 0.7573754433963711}. Best is trial 23 with value: 1.73070632160347.
[I 2026-05-28 23:42:55,922] Trial 45 finished with value: 14.093606074791468 and parameters: {'ISTN': 75.39558079001233, 'I_gpe': 1.7943828841273184, 'I_gpi': 2.1203067755710476, 'noise_stn_sigma': 2.997188773877422, 'noise_gpe_sigma': 85.93132710357855, 'noise_gpi_sigma': 101.37482214853858, 'g_stn_gpe_mult': 3.8050961977270834, 'g_gpe_stn_mult': 0.2079218923736575, 'g_stn_gpi_mult': 2.2378870778527777, 'g_gpe_gpi_mult': 0.5001678542619438}. Best is trial 23 with value: 1.73070632160347.
[I 2026-05-28 23:42:56,930] Trial 46 finished with value: 10.5516423572351 and parameters: {'ISTN': 80.85904228511424, 'I_gpe': 1.614272078278781, 'I_gpi': 1.9016010926929445, 'noise_stn_sigma': 6.221026026465205, 'noise_gpe_sigma': 71.28652933592988, 'noise_gpi_sigma': 125.36661635270664, 'g_stn_gpe_mult': 3.1202988212338383, 'g_gpe_stn_mult': 0.2312444843107171, 'g_stn_gpi_mult': 2.0369051379965235, 'g_gpe_gpi_mult': 0.4267393903262635}. Best is trial 23 with value: 1.73070632160347.
[I 2026-05-28 23:42:57,940] Trial 47 finished with value: 7.644310973463282 and parameters: {'ISTN': 63.91347600672981, 'I_gpe': 1.0868031748767117, 'I_gpi': 3.6701287535860367, 'noise_stn_sigma': 6.467756075523975, 'noise_gpe_sigma': 110.76705552136178, 'noise_gpi_sigma': 133.05232150479037, 'g_stn_gpe_mult': 3.239729095815122, 'g_gpe_stn_mult': 0.3284233639378925, 'g_stn_gpi_mult': 2.175931086246389, 'g_gpe_gpi_mult': 0.49533860107518307}. Best is trial 23 with value: 1.73070632160347.
[I 2026-05-28 23:42:58,947] Trial 48 finished with value: 13.123409630304595 and parameters: {'ISTN': 68.52801848538074, 'I_gpe': 1.4347254436307897, 'I_gpi': 1.689396167704766, 'noise_stn_sigma': 3.6924103165807183, 'noise_gpe_sigma': 92.69662579687112, 'noise_gpi_sigma': 124.37870320434354, 'g_stn_gpe_mult': 3.8983157539898787, 'g_gpe_stn_mult': 0.33270455425453294, 'g_stn_gpi_mult': 1.9958695041683443, 'g_gpe_gpi_mult': 0.7332329057218641}. Best is trial 23 with value: 1.73070632160347.
[I 2026-05-28 23:42:59,954] Trial 49 finished with value: 13.049292033374963 and parameters: {'ISTN': 60.47731743688713, 'I_gpe': 2.252652965877482, 'I_gpi': 1.903115847490358, 'noise_stn_sigma': 6.695505821357598, 'noise_gpe_sigma': 98.12792682743654, 'noise_gpi_sigma': 89.73210974999651, 'g_stn_gpe_mult': 3.0657199798143884, 'g_gpe_stn_mult': 0.26774142713317006, 'g_stn_gpi_mult': 1.065455836580466, 'g_gpe_gpi_mult': 0.8134879411151426}. Best is trial 23 with value: 1.73070632160347.
[I 2026-05-28 23:43:00,962] Trial 50 finished with value: 11.5398968445604 and parameters: {'ISTN': 68.10440843778984, 'I_gpe': 1.4386303906988962, 'I_gpi': 1.8653053458616196, 'noise_stn_sigma': 4.308262751307124, 'noise_gpe_sigma': 64.7914539058192, 'noise_gpi_sigma': 111.61480515982677, 'g_stn_gpe_mult': 4.339109330339141, 'g_gpe_stn_mult': 0.3395865206608684, 'g_stn_gpi_mult': 1.8932685558623037, 'g_gpe_gpi_mult': 0.6913408999542809}. Best is trial 23 with value: 1.73070632160347.
[I 2026-05-28 23:43:01,969] Trial 51 finished with value: 9.669508725942615 and parameters: {'ISTN': 69.24111292503777, 'I_gpe': 1.9188633805384787, 'I_gpi': 1.9013089673560666, 'noise_stn_sigma': 6.662114026038939, 'noise_gpe_sigma': 99.43450342985224, 'noise_gpi_sigma': 93.22867535054782, 'g_stn_gpe_mult': 2.7317344601221807, 'g_gpe_stn_mult': 0.11310836372076079, 'g_stn_gpi_mult': 2.0841476934064675, 'g_gpe_gpi_mult': 0.6672125566328995}. Best is trial 23 with value: 1.73070632160347.
[I 2026-05-28 23:43:02,974] Trial 52 finished with value: 10.798170885472269 and parameters: {'ISTN': 92.91685679321327, 'I_gpe': 0.5921538112847862, 'I_gpi': 2.244609042641155, 'noise_stn_sigma': 4.746352124309949, 'noise_gpe_sigma': 110.36811932961267, 'noise_gpi_sigma': 100.64804253720247, 'g_stn_gpe_mult': 3.687724772772556, 'g_gpe_stn_mult': 0.2635870480077923, 'g_stn_gpi_mult': 2.023049889956915, 'g_gpe_gpi_mult': 0.5751337832126207}. Best is trial 23 with value: 1.73070632160347.
[I 2026-05-28 23:43:03,981] Trial 53 finished with value: 10.642923320517971 and parameters: {'ISTN': 74.11558723611473, 'I_gpe': 1.8178476579098715, 'I_gpi': 2.014328021731048, 'noise_stn_sigma': 4.397238098915134, 'noise_gpe_sigma': 94.76401156286013, 'noise_gpi_sigma': 99.01170708407065, 'g_stn_gpe_mult': 4.059704297698097, 'g_gpe_stn_mult': 0.32636807047568905, 'g_stn_gpi_mult': 2.2232211205800168, 'g_gpe_gpi_mult': 0.6270477343027882}. Best is trial 23 with value: 1.73070632160347.
[I 2026-05-28 23:43:04,987] Trial 54 finished with value: 16.329346907968684 and parameters: {'ISTN': 70.87119146056834, 'I_gpe': 2.52972184645963, 'I_gpi': 2.3394860090191516, 'noise_stn_sigma': 5.443287870032627, 'noise_gpe_sigma': 64.98085594156599, 'noise_gpi_sigma': 98.92802480093548, 'g_stn_gpe_mult': 4.1556738297363545, 'g_gpe_stn_mult': 0.3484935590930986, 'g_stn_gpi_mult': 1.0232116032321925, 'g_gpe_gpi_mult': 0.4203976751268664}. Best is trial 23 with value: 1.73070632160347.
[I 2026-05-28 23:43:05,994] Trial 55 finished with value: 14.84567761388902 and parameters: {'ISTN': 65.89616097762725, 'I_gpe': 1.9078248648031764, 'I_gpi': 2.561631171947784, 'noise_stn_sigma': 7.200878927374459, 'noise_gpe_sigma': 82.83454966931151, 'noise_gpi_sigma': 140.7885067470046, 'g_stn_gpe_mult': 2.9912953847595394, 'g_gpe_stn_mult': 0.35079328000901155, 'g_stn_gpi_mult': 3.157724438490988, 'g_gpe_gpi_mult': 0.6832092844682764}. Best is trial 23 with value: 1.73070632160347.
[I 2026-05-28 23:43:07,000] Trial 56 finished with value: 1.1069235108213458 and parameters: {'ISTN': 74.15011688447956, 'I_gpe': 1.5281038951039105, 'I_gpi': 2.340013350523173, 'noise_stn_sigma': 6.458268599588588, 'noise_gpe_sigma': 73.26305908067545, 'noise_gpi_sigma': 99.40246296674908, 'g_stn_gpe_mult': 3.596041023074675, 'g_gpe_stn_mult': 0.17524190988759986, 'g_stn_gpi_mult': 2.593239722247091, 'g_gpe_gpi_mult': 0.4179655253845234}. Best is trial 56 with value: 1.1069235108213458.
[I 2026-05-28 23:43:08,006] Trial 57 finished with value: 13.041977631020755 and parameters: {'ISTN': 61.286792384429575, 'I_gpe': 1.9268277958812252, 'I_gpi': 2.8400450888324906, 'noise_stn_sigma': 5.801412988540196, 'noise_gpe_sigma': 85.97390522018772, 'noise_gpi_sigma': 118.17237058503106, 'g_stn_gpe_mult': 3.0487708777054876, 'g_gpe_stn_mult': 0.27496838052603023, 'g_stn_gpi_mult': 2.1993499692252465, 'g_gpe_gpi_mult': 0.3592544867944284}. Best is trial 56 with value: 1.1069235108213458.
[I 2026-05-28 23:43:09,013] Trial 58 finished with value: 21.448470099471486 and parameters: {'ISTN': 96.40149812950602, 'I_gpe': 2.48875347365116, 'I_gpi': 3.4497405789078597, 'noise_stn_sigma': 7.223169478393995, 'noise_gpe_sigma': 99.62042543316454, 'noise_gpi_sigma': 134.59770522597526, 'g_stn_gpe_mult': 4.2067810361553155, 'g_gpe_stn_mult': 0.45083198225389387, 'g_stn_gpi_mult': 1.9824720663474964, 'g_gpe_gpi_mult': 0.5117892146015388}. Best is trial 56 with value: 1.1069235108213458.
[I 2026-05-28 23:43:10,021] Trial 59 finished with value: 8.37609293143449 and parameters: {'ISTN': 70.3653097216764, 'I_gpe': 1.533269832956202, 'I_gpi': 2.723977372201316, 'noise_stn_sigma': 6.750526886552452, 'noise_gpe_sigma': 62.9939907159105, 'noise_gpi_sigma': 119.3551078525202, 'g_stn_gpe_mult': 3.316691798654118, 'g_gpe_stn_mult': 0.3846963497250272, 'g_stn_gpi_mult': 2.4884754526850963, 'g_gpe_gpi_mult': 0.5197430325649208}. Best is trial 56 with value: 1.1069235108213458.
[I 2026-05-28 23:43:11,026] Trial 60 finished with value: 11.354258955406204 and parameters: {'ISTN': 78.55618466428969, 'I_gpe': 1.2682905058655982, 'I_gpi': 2.781174402702075, 'noise_stn_sigma': 5.728472359490028, 'noise_gpe_sigma': 66.35768056612575, 'noise_gpi_sigma': 103.6091010342923, 'g_stn_gpe_mult': 2.9615736567108346, 'g_gpe_stn_mult': 0.5693343710180122, 'g_stn_gpi_mult': 2.3837200838693438, 'g_gpe_gpi_mult': 0.6878094443605982}. Best is trial 56 with value: 1.1069235108213458.
[I 2026-05-28 23:43:12,034] Trial 61 finished with value: 8.892013164172804 and parameters: {'ISTN': 83.75811425610163, 'I_gpe': 1.0385758060693844, 'I_gpi': 3.1305732954965855, 'noise_stn_sigma': 7.772334777160099, 'noise_gpe_sigma': 50.51650365935569, 'noise_gpi_sigma': 124.43414103845912, 'g_stn_gpe_mult': 3.287885918442138, 'g_gpe_stn_mult': 0.22774397308206246, 'g_stn_gpi_mult': 2.6260842022787343, 'g_gpe_gpi_mult': 0.5673218332229217}. Best is trial 56 with value: 1.1069235108213458.
[I 2026-05-28 23:43:13,041] Trial 62 finished with value: 8.417233252056125 and parameters: {'ISTN': 71.95571812524496, 'I_gpe': 1.2387736269307092, 'I_gpi': 2.5017266557491276, 'noise_stn_sigma': 5.384359587114883, 'noise_gpe_sigma': 86.21471356031864, 'noise_gpi_sigma': 89.45625087648074, 'g_stn_gpe_mult': 3.2172289008640553, 'g_gpe_stn_mult': 0.40905852693893074, 'g_stn_gpi_mult': 2.1619794142709976, 'g_gpe_gpi_mult': 0.714834456188649}. Best is trial 56 with value: 1.1069235108213458.
[I 2026-05-28 23:43:14,047] Trial 63 finished with value: 13.340732708676274 and parameters: {'ISTN': 62.5795084578084, 'I_gpe': 1.9550748369938877, 'I_gpi': 2.163153839309561, 'noise_stn_sigma': 5.554766582212851, 'noise_gpe_sigma': 91.39297027521408, 'noise_gpi_sigma': 123.107357582789, 'g_stn_gpe_mult': 3.2482603929993026, 'g_gpe_stn_mult': 0.3119049539299277, 'g_stn_gpi_mult': 2.2658421810585745, 'g_gpe_gpi_mult': 0.5760015074180642}. Best is trial 56 with value: 1.1069235108213458.
[I 2026-05-28 23:43:15,051] Trial 64 finished with value: 8.360788645734436 and parameters: {'ISTN': 61.441886574050116, 'I_gpe': 1.59014986452761, 'I_gpi': 2.092683646234226, 'noise_stn_sigma': 7.563204011330169, 'noise_gpe_sigma': 55.83687140515916, 'noise_gpi_sigma': 120.26441495845128, 'g_stn_gpe_mult': 3.524644751661058, 'g_gpe_stn_mult': 0.2293194786727873, 'g_stn_gpi_mult': 1.8382953660855488, 'g_gpe_gpi_mult': 0.6148528353062506}. Best is trial 56 with value: 1.1069235108213458.
[I 2026-05-28 23:43:16,056] Trial 65 finished with value: 10.834444732742863 and parameters: {'ISTN': 78.60510277148192, 'I_gpe': 0.8981467078706056, 'I_gpi': 1.9104144071863987, 'noise_stn_sigma': 5.385314536489595, 'noise_gpe_sigma': 74.79214350286227, 'noise_gpi_sigma': 100.15827008470684, 'g_stn_gpe_mult': 3.769210394805545, 'g_gpe_stn_mult': 0.3280318564188837, 'g_stn_gpi_mult': 2.6170463764659244, 'g_gpe_gpi_mult': 0.3221959872555633}. Best is trial 56 with value: 1.1069235108213458.
[I 2026-05-28 23:43:17,063] Trial 66 finished with value: 11.67555220100771 and parameters: {'ISTN': 88.80628087614788, 'I_gpe': 1.5009043909522468, 'I_gpi': 3.3530458953685276, 'noise_stn_sigma': 5.85838222358526, 'noise_gpe_sigma': 65.18474731452227, 'noise_gpi_sigma': 92.29225801517202, 'g_stn_gpe_mult': 2.6017520667355356, 'g_gpe_stn_mult': 0.21867029940760663, 'g_stn_gpi_mult': 1.5567232914860845, 'g_gpe_gpi_mult': 0.5631264206630575}. Best is trial 56 with value: 1.1069235108213458.
[I 2026-05-28 23:43:18,068] Trial 67 finished with value: 6.458916943299087 and parameters: {'ISTN': 61.375513541604526, 'I_gpe': 1.5914128960553784, 'I_gpi': 3.201032203817768, 'noise_stn_sigma': 7.7948312501139885, 'noise_gpe_sigma': 69.2486572427171, 'noise_gpi_sigma': 87.60954209888168, 'g_stn_gpe_mult': 3.309441555287831, 'g_gpe_stn_mult': 0.24326017660168134, 'g_stn_gpi_mult': 2.434893112155086, 'g_gpe_gpi_mult': 0.6745175582499845}. Best is trial 56 with value: 1.1069235108213458.
[I 2026-05-28 23:43:19,073] Trial 68 finished with value: 14.271506406634561 and parameters: {'ISTN': 82.90972112654251, 'I_gpe': 1.6674187547621266, 'I_gpi': 2.169792269800255, 'noise_stn_sigma': 5.629315256054102, 'noise_gpe_sigma': 63.31208836867238, 'noise_gpi_sigma': 111.4160057080296, 'g_stn_gpe_mult': 3.085955591160457, 'g_gpe_stn_mult': 0.27792291192149843, 'g_stn_gpi_mult': 2.014200444103594, 'g_gpe_gpi_mult': 0.4195425553492275}. Best is trial 56 with value: 1.1069235108213458.
[I 2026-05-28 23:43:20,078] Trial 69 finished with value: 10.539970515801773 and parameters: {'ISTN': 79.82294460564543, 'I_gpe': 1.4049716485949002, 'I_gpi': 2.589157633033988, 'noise_stn_sigma': 7.919978680094728, 'noise_gpe_sigma': 63.85658565034686, 'noise_gpi_sigma': 63.86009308152885, 'g_stn_gpe_mult': 3.4702092021807225, 'g_gpe_stn_mult': 0.2913944649915455, 'g_stn_gpi_mult': 2.4216911412835134, 'g_gpe_gpi_mult': 0.34105108728484124}. Best is trial 56 with value: 1.1069235108213458.
[I 2026-05-28 23:43:21,085] Trial 70 finished with value: 14.922737583096177 and parameters: {'ISTN': 94.73646656239623, 'I_gpe': 1.4919292242183648, 'I_gpi': 2.0619498353741452, 'noise_stn_sigma': 5.520661423865292, 'noise_gpe_sigma': 68.75426706860117, 'noise_gpi_sigma': 117.71795165994348, 'g_stn_gpe_mult': 2.3997240821625563, 'g_gpe_stn_mult': 0.20236969428741458, 'g_stn_gpi_mult': 2.51554083215346, 'g_gpe_gpi_mult': 0.44542296255632696}. Best is trial 56 with value: 1.1069235108213458.
[I 2026-05-28 23:43:22,092] Trial 71 finished with value: 16.0066136372307 and parameters: {'ISTN': 91.36713460399618, 'I_gpe': 2.426793299170252, 'I_gpi': 2.186926837114607, 'noise_stn_sigma': 7.248600030078395, 'noise_gpe_sigma': 80.53795658180907, 'noise_gpi_sigma': 97.69431662829908, 'g_stn_gpe_mult': 3.76865306885182, 'g_gpe_stn_mult': 0.3247157140199444, 'g_stn_gpi_mult': 2.2426954922664604, 'g_gpe_gpi_mult': 0.5128895387124124}. Best is trial 56 with value: 1.1069235108213458.
[I 2026-05-28 23:43:23,099] Trial 72 finished with value: 12.851632787945102 and parameters: {'ISTN': 74.28827871125723, 'I_gpe': 1.2498837089424766, 'I_gpi': 3.567197595471971, 'noise_stn_sigma': 6.521425036712767, 'noise_gpe_sigma': 64.25214329890623, 'noise_gpi_sigma': 82.88695152624071, 'g_stn_gpe_mult': 3.609721161808248, 'g_gpe_stn_mult': 0.32395918816887764, 'g_stn_gpi_mult': 2.063385756190753, 'g_gpe_gpi_mult': 0.9093384549758374}. Best is trial 56 with value: 1.1069235108213458.
[I 2026-05-28 23:43:24,107] Trial 73 finished with value: 15.422536654064254 and parameters: {'ISTN': 66.05791783248222, 'I_gpe': 2.756130052764528, 'I_gpi': 1.5432642567141261, 'noise_stn_sigma': 6.300282703043012, 'noise_gpe_sigma': 63.76259464617055, 'noise_gpi_sigma': 113.52714842456423, 'g_stn_gpe_mult': 3.2510259237698946, 'g_gpe_stn_mult': 0.17382042473784298, 'g_stn_gpi_mult': 2.1957587050214773, 'g_gpe_gpi_mult': 0.4475476392271177}. Best is trial 56 with value: 1.1069235108213458.
[I 2026-05-28 23:43:25,113] Trial 74 finished with value: 15.624098071330469 and parameters: {'ISTN': 69.15726711352835, 'I_gpe': 2.394713867721343, 'I_gpi': 2.6121428384711054, 'noise_stn_sigma': 7.652706861363944, 'noise_gpe_sigma': 30.196522635702888, 'noise_gpi_sigma': 95.23955724532192, 'g_stn_gpe_mult': 3.7300065296411615, 'g_gpe_stn_mult': 0.26445709373643944, 'g_stn_gpi_mult': 2.245398787440352, 'g_gpe_gpi_mult': 0.5787294519374595}. Best is trial 56 with value: 1.1069235108213458.
[I 2026-05-28 23:43:26,120] Trial 75 finished with value: 9.016091447886447 and parameters: {'ISTN': 61.89197358257504, 'I_gpe': 1.4038153216204872, 'I_gpi': 2.615214977537146, 'noise_stn_sigma': 7.207531895997011, 'noise_gpe_sigma': 86.1849882289162, 'noise_gpi_sigma': 102.9427507331795, 'g_stn_gpe_mult': 3.22734952477149, 'g_gpe_stn_mult': 0.3068508964818669, 'g_stn_gpi_mult': 2.979930040750387, 'g_gpe_gpi_mult': 0.7707166039676443}. Best is trial 56 with value: 1.1069235108213458.
[I 2026-05-28 23:43:27,128] Trial 76 finished with value: 14.977184799309853 and parameters: {'ISTN': 71.68238159198506, 'I_gpe': 2.0735893934343785, 'I_gpi': 1.7375629000011907, 'noise_stn_sigma': 7.9021789788787125, 'noise_gpe_sigma': 95.96839405741245, 'noise_gpi_sigma': 123.52176946112701, 'g_stn_gpe_mult': 3.7940305132777663, 'g_gpe_stn_mult': 0.26462952385261296, 'g_stn_gpi_mult': 1.932569194401463, 'g_gpe_gpi_mult': 0.6636331383911277}. Best is trial 56 with value: 1.1069235108213458.
[I 2026-05-28 23:43:28,134] Trial 77 finished with value: 4.962541908180607 and parameters: {'ISTN': 70.58305088884916, 'I_gpe': 1.3356577888483814, 'I_gpi': 3.1365409795730215, 'noise_stn_sigma': 7.946637954212413, 'noise_gpe_sigma': 67.48086980376115, 'noise_gpi_sigma': 93.78806029574784, 'g_stn_gpe_mult': 3.178269276987087, 'g_gpe_stn_mult': 0.24421283847593867, 'g_stn_gpi_mult': 2.3590539041481517, 'g_gpe_gpi_mult': 0.5478251512366445}. Best is trial 56 with value: 1.1069235108213458.
[I 2026-05-28 23:43:29,142] Trial 78 finished with value: 11.918158805853155 and parameters: {'ISTN': 65.64049115923635, 'I_gpe': 1.564693641840858, 'I_gpi': 1.2097029344637946, 'noise_stn_sigma': 6.8300375001647184, 'noise_gpe_sigma': 46.80640634324885, 'noise_gpi_sigma': 81.03677262535714, 'g_stn_gpe_mult': 2.6648625177432246, 'g_gpe_stn_mult': 0.2918817273056321, 'g_stn_gpi_mult': 2.2805778464568958, 'g_gpe_gpi_mult': 0.7956409970707423}. Best is trial 56 with value: 1.1069235108213458.
[I 2026-05-28 23:43:30,149] Trial 79 finished with value: 10.043484023998893 and parameters: {'ISTN': 63.05147212134599, 'I_gpe': 0.8344592826799027, 'I_gpi': 1.9696774341815808, 'noise_stn_sigma': 7.9649982884348125, 'noise_gpe_sigma': 34.437708178401834, 'noise_gpi_sigma': 147.52211883100887, 'g_stn_gpe_mult': 3.4306276264677846, 'g_gpe_stn_mult': 0.2700494897648226, 'g_stn_gpi_mult': 2.580811751123074, 'g_gpe_gpi_mult': 0.6117801301302488}. Best is trial 56 with value: 1.1069235108213458.
[I 2026-05-28 23:43:31,156] Trial 80 finished with value: 0.8887103460761605 and parameters: {'ISTN': 61.75480322079018, 'I_gpe': 1.3299599871072787, 'I_gpi': 2.967600689891185, 'noise_stn_sigma': 6.347868418649408, 'noise_gpe_sigma': 86.96393455326032, 'noise_gpi_sigma': 97.835900505283, 'g_stn_gpe_mult': 3.0622747430301147, 'g_gpe_stn_mult': 0.39906020067616743, 'g_stn_gpi_mult': 2.1750976613957897, 'g_gpe_gpi_mult': 0.6207405423121136}. Best is trial 80 with value: 0.8887103460761605.
[I 2026-05-28 23:43:32,163] Trial 81 finished with value: 6.710197604500414 and parameters: {'ISTN': 68.69540852539447, 'I_gpe': 1.3143147375830855, 'I_gpi': 2.814252753847555, 'noise_stn_sigma': 7.198021933993905, 'noise_gpe_sigma': 70.42547104358533, 'noise_gpi_sigma': 107.32575434326316, 'g_stn_gpe_mult': 2.995226509122467, 'g_gpe_stn_mult': 0.45720394649344465, 'g_stn_gpi_mult': 2.093616643075854, 'g_gpe_gpi_mult': 0.6850219277704286}. Best is trial 80 with value: 0.8887103460761605.
[I 2026-05-28 23:43:33,170] Trial 82 finished with value: 3.5017165604025893 and parameters: {'ISTN': 71.99230717403182, 'I_gpe': 1.220538199596883, 'I_gpi': 2.8679985959848002, 'noise_stn_sigma': 7.3431033759061, 'noise_gpe_sigma': 73.35269060808378, 'noise_gpi_sigma': 98.20639763496894, 'g_stn_gpe_mult': 2.524310614646203, 'g_gpe_stn_mult': 0.27758998921558775, 'g_stn_gpi_mult': 2.8882382026173494, 'g_gpe_gpi_mult': 0.7474481104501356}. Best is trial 80 with value: 0.8887103460761605.
[I 2026-05-28 23:43:34,177] Trial 83 finished with value: 15.791094336779055 and parameters: {'ISTN': 78.42097148761309, 'I_gpe': 2.4172598000115064, 'I_gpi': 3.53195693161296, 'noise_stn_sigma': 6.671520767047504, 'noise_gpe_sigma': 66.8964086384247, 'noise_gpi_sigma': 114.4294356473608, 'g_stn_gpe_mult': 3.3262898897715365, 'g_gpe_stn_mult': 0.3675589624153165, 'g_stn_gpi_mult': 1.875967042754261, 'g_gpe_gpi_mult': 0.5676132474858451}. Best is trial 80 with value: 0.8887103460761605.
[I 2026-05-28 23:43:35,185] Trial 84 finished with value: 9.393135663671007 and parameters: {'ISTN': 86.66985023477055, 'I_gpe': 1.1371997682809716, 'I_gpi': 3.307479375757058, 'noise_stn_sigma': 7.660843331638349, 'noise_gpe_sigma': 59.147779628450046, 'noise_gpi_sigma': 77.00427496150773, 'g_stn_gpe_mult': 3.0036983192276354, 'g_gpe_stn_mult': 0.3924514361185253, 'g_stn_gpi_mult': 2.2993732814873433, 'g_gpe_gpi_mult': 0.6468112767053784}. Best is trial 80 with value: 0.8887103460761605.
[I 2026-05-28 23:43:36,190] Trial 85 finished with value: 14.554407279510919 and parameters: {'ISTN': 72.28425531345093, 'I_gpe': 2.2306711652238986, 'I_gpi': 3.6442403556500422, 'noise_stn_sigma': 7.664463900707625, 'noise_gpe_sigma': 79.46978719635862, 'noise_gpi_sigma': 111.19997428119713, 'g_stn_gpe_mult': 3.3144381675873307, 'g_gpe_stn_mult': 0.34047229117372463, 'g_stn_gpi_mult': 2.547718364185441, 'g_gpe_gpi_mult': 0.7362542823133937}. Best is trial 80 with value: 0.8887103460761605.
[I 2026-05-28 23:43:37,196] Trial 86 finished with value: 6.022206733734888 and parameters: {'ISTN': 72.74863353640812, 'I_gpe': 1.0281701824408858, 'I_gpi': 2.332594333141995, 'noise_stn_sigma': 7.690700859096175, 'noise_gpe_sigma': 77.2691828736528, 'noise_gpi_sigma': 80.74165201679637, 'g_stn_gpe_mult': 3.5411081751719067, 'g_gpe_stn_mult': 0.24138305043228214, 'g_stn_gpi_mult': 3.0394016636333885, 'g_gpe_gpi_mult': 0.7143631050408217}. Best is trial 80 with value: 0.8887103460761605.
[I 2026-05-28 23:43:38,205] Trial 87 finished with value: 5.484791296183077 and parameters: {'ISTN': 64.71892831178397, 'I_gpe': 1.1253406570771363, 'I_gpi': 2.582495099859049, 'noise_stn_sigma': 7.989597085022313, 'noise_gpe_sigma': 75.35324749329475, 'noise_gpi_sigma': 98.27668942674167, 'g_stn_gpe_mult': 3.2633008280224214, 'g_gpe_stn_mult': 0.246209954917717, 'g_stn_gpi_mult': 2.4716584868899023, 'g_gpe_gpi_mult': 0.6281171361488953}. Best is trial 80 with value: 0.8887103460761605.
