[I 2026-05-28 23:20:03,324] Trial 704 finished with value: 7.399458247201782 and parameters: {'ISTN': 65.88469401034392, 'I_gpe': 2.049599358993674, 'I_gpi': 2.169100214449969, 'noise_stn_sigma': 6.869368138713536, 'noise_gpe_sigma': 127.69934854531098, 'noise_gpi_sigma': 96.42324662068026, 'g_stn_gpe_mult': 3.4610468840503312, 'g_gpe_stn_mult': 0.7452867240856281, 'g_stn_gpi_mult': 3.4653519893012374, 'g_gpe_gpi_mult': 0.8408934922187743}. Best is trial 659 with value: 1.772618881235328.
[I 2026-05-28 23:20:04,333] Trial 705 finished with value: 7.9767264312118 and parameters: {'ISTN': 64.82969935175267, 'I_gpe': 2.1126642002005083, 'I_gpi': 1.9448554143619963, 'noise_stn_sigma': 6.95794831494176, 'noise_gpe_sigma': 123.24949821553523, 'noise_gpi_sigma': 99.9154644310646, 'g_stn_gpe_mult': 3.475285790014597, 'g_gpe_stn_mult': 0.7263644712887398, 'g_stn_gpi_mult': 3.330081906482001, 'g_gpe_gpi_mult': 0.9023751009466339}. Best is trial 659 with value: 1.772618881235328.
[I 2026-05-28 23:20:05,340] Trial 706 finished with value: 7.5400802178405435 and parameters: {'ISTN': 62.47571921803638, 'I_gpe': 2.071328988850902, 'I_gpi': 2.0667790464070768, 'noise_stn_sigma': 7.04221201234878, 'noise_gpe_sigma': 127.15444821274184, 'noise_gpi_sigma': 101.66654279411847, 'g_stn_gpe_mult': 3.501809232639036, 'g_gpe_stn_mult': 0.7315267234332574, 'g_stn_gpi_mult': 3.317792830008016, 'g_gpe_gpi_mult': 0.9018270819918655}. Best is trial 659 with value: 1.772618881235328.
[I 2026-05-28 23:20:06,348] Trial 707 finished with value: 6.5165633360952 and parameters: {'ISTN': 61.553010154319786, 'I_gpe': 2.0776688574060804, 'I_gpi': 1.959479477918213, 'noise_stn_sigma': 7.131624428744158, 'noise_gpe_sigma': 122.60528746428909, 'noise_gpi_sigma': 102.77670844251874, 'g_stn_gpe_mult': 3.5448659136157716, 'g_gpe_stn_mult': 0.7248026485867, 'g_stn_gpi_mult': 3.3135659953233403, 'g_gpe_gpi_mult': 0.9007471903632771}. Best is trial 659 with value: 1.772618881235328.
[I 2026-05-28 23:20:07,358] Trial 708 finished with value: 7.8542136266595675 and parameters: {'ISTN': 62.02436270950116, 'I_gpe': 2.0272896842480175, 'I_gpi': 1.8695856651490566, 'noise_stn_sigma': 6.967751965161924, 'noise_gpe_sigma': 125.35551328883703, 'noise_gpi_sigma': 97.84639365190705, 'g_stn_gpe_mult': 3.620288554241145, 'g_gpe_stn_mult': 0.711502575425017, 'g_stn_gpi_mult': 3.309568660314114, 'g_gpe_gpi_mult': 0.9103897491639206}. Best is trial 659 with value: 1.772618881235328.
[I 2026-05-28 23:20:08,366] Trial 709 finished with value: 4.770271780283528 and parameters: {'ISTN': 62.15311440641122, 'I_gpe': 2.0978634904368, 'I_gpi': 1.8414042441726277, 'noise_stn_sigma': 7.2896777379601625, 'noise_gpe_sigma': 129.05332404988934, 'noise_gpi_sigma': 100.37060796447008, 'g_stn_gpe_mult': 3.6018177846012045, 'g_gpe_stn_mult': 0.7228936450916293, 'g_stn_gpi_mult': 3.318112820284349, 'g_gpe_gpi_mult': 0.9374380714467925}. Best is trial 659 with value: 1.772618881235328.
[I 2026-05-28 23:20:09,375] Trial 710 finished with value: 8.254157792122022 and parameters: {'ISTN': 62.35792025645816, 'I_gpe': 2.089279506477235, 'I_gpi': 1.9894737010845405, 'noise_stn_sigma': 6.743121228133503, 'noise_gpe_sigma': 123.05304653193956, 'noise_gpi_sigma': 100.91952595981535, 'g_stn_gpe_mult': 3.5959619650526387, 'g_gpe_stn_mult': 0.7115533059522393, 'g_stn_gpi_mult': 3.2688004124364824, 'g_gpe_gpi_mult': 0.8736810633226673}. Best is trial 659 with value: 1.772618881235328.
[I 2026-05-28 23:20:10,385] Trial 711 finished with value: 7.116299414426362 and parameters: {'ISTN': 63.642205381031296, 'I_gpe': 2.032032270305505, 'I_gpi': 2.0046268131894536, 'noise_stn_sigma': 7.095205512596094, 'noise_gpe_sigma': 128.36938023166306, 'noise_gpi_sigma': 98.67699502790134, 'g_stn_gpe_mult': 3.5759956723450976, 'g_gpe_stn_mult': 0.7197029772085336, 'g_stn_gpi_mult': 3.3539261266587985, 'g_gpe_gpi_mult': 0.8736161315867936}. Best is trial 659 with value: 1.772618881235328.
[I 2026-05-28 23:20:11,394] Trial 712 finished with value: 7.747125857128621 and parameters: {'ISTN': 61.923527830070306, 'I_gpe': 2.0306341931018377, 'I_gpi': 1.9744967327197904, 'noise_stn_sigma': 6.925295738670882, 'noise_gpe_sigma': 121.04055453446006, 'noise_gpi_sigma': 101.4758601177877, 'g_stn_gpe_mult': 3.48970715044364, 'g_gpe_stn_mult': 0.7160265517958091, 'g_stn_gpi_mult': 3.417300750279646, 'g_gpe_gpi_mult': 0.9373771494215777}. Best is trial 659 with value: 1.772618881235328.
[I 2026-05-28 23:20:12,401] Trial 713 finished with value: 8.90945623888308 and parameters: {'ISTN': 63.15265328576226, 'I_gpe': 2.0662304467681913, 'I_gpi': 1.9183047086918892, 'noise_stn_sigma': 7.114821039891655, 'noise_gpe_sigma': 125.85593113964809, 'noise_gpi_sigma': 97.48204692061424, 'g_stn_gpe_mult': 3.500888060192697, 'g_gpe_stn_mult': 0.7318827534581133, 'g_stn_gpi_mult': 3.377474847248644, 'g_gpe_gpi_mult': 0.9248605502005942}. Best is trial 659 with value: 1.772618881235328.
[I 2026-05-28 23:20:13,408] Trial 714 finished with value: 5.741040822821098 and parameters: {'ISTN': 62.186503812527405, 'I_gpe': 2.1443309451141612, 'I_gpi': 1.7384181428200474, 'noise_stn_sigma': 7.169590470669081, 'noise_gpe_sigma': 123.92255569988747, 'noise_gpi_sigma': 96.52854354418729, 'g_stn_gpe_mult': 3.5152391295571754, 'g_gpe_stn_mult': 0.7122465441237372, 'g_stn_gpi_mult': 3.31217579410811, 'g_gpe_gpi_mult': 0.9169081454805759}. Best is trial 659 with value: 1.772618881235328.
[I 2026-05-28 23:20:14,416] Trial 715 finished with value: 8.53585095630268 and parameters: {'ISTN': 62.01850984715012, 'I_gpe': 2.137977150917246, 'I_gpi': 1.9466643782209925, 'noise_stn_sigma': 7.38367919394043, 'noise_gpe_sigma': 124.2040380563889, 'noise_gpi_sigma': 93.9979372289583, 'g_stn_gpe_mult': 3.41168708684099, 'g_gpe_stn_mult': 0.7199954514597036, 'g_stn_gpi_mult': 3.318288438727122, 'g_gpe_gpi_mult': 0.9101420046460005}. Best is trial 659 with value: 1.772618881235328.
[I 2026-05-28 23:20:15,424] Trial 716 finished with value: 11.584189175941694 and parameters: {'ISTN': 62.37090506052646, 'I_gpe': 2.0949662555051694, 'I_gpi': 2.0931724842001684, 'noise_stn_sigma': 7.295712315607343, 'noise_gpe_sigma': 125.503363238787, 'noise_gpi_sigma': 99.37754917511285, 'g_stn_gpe_mult': 3.5297926259285743, 'g_gpe_stn_mult': 0.7400294733886881, 'g_stn_gpi_mult': 3.291479327615938, 'g_gpe_gpi_mult': 0.9184345184833773}. Best is trial 659 with value: 1.772618881235328.
[I 2026-05-28 23:20:16,431] Trial 717 finished with value: 8.033732430438015 and parameters: {'ISTN': 62.52347209970505, 'I_gpe': 2.0883404728413995, 'I_gpi': 1.9338639514980946, 'noise_stn_sigma': 7.147399410459195, 'noise_gpe_sigma': 127.5616666211668, 'noise_gpi_sigma': 98.97746760000287, 'g_stn_gpe_mult': 3.638216018834034, 'g_gpe_stn_mult': 0.7343777689954873, 'g_stn_gpi_mult': 3.4425771046667863, 'g_gpe_gpi_mult': 0.8926606713746106}. Best is trial 659 with value: 1.772618881235328.
[I 2026-05-28 23:20:17,440] Trial 718 finished with value: 4.10960663881517 and parameters: {'ISTN': 61.91819040635855, 'I_gpe': 2.029822058889649, 'I_gpi': 1.9470237842840612, 'noise_stn_sigma': 7.262803584641023, 'noise_gpe_sigma': 128.29807873354744, 'noise_gpi_sigma': 95.36598797458561, 'g_stn_gpe_mult': 3.5869240490717633, 'g_gpe_stn_mult': 0.7218312924011614, 'g_stn_gpi_mult': 3.3457966734310354, 'g_gpe_gpi_mult': 0.9325296790312398}. Best is trial 659 with value: 1.772618881235328.
[I 2026-05-28 23:20:18,450] Trial 719 finished with value: 8.866173504398729 and parameters: {'ISTN': 64.04319671707202, 'I_gpe': 2.0644069227157074, 'I_gpi': 2.0803294165999104, 'noise_stn_sigma': 6.822223421418032, 'noise_gpe_sigma': 126.24495917536028, 'noise_gpi_sigma': 101.0674976556226, 'g_stn_gpe_mult': 3.5438720324002473, 'g_gpe_stn_mult': 0.7246371694272855, 'g_stn_gpi_mult': 3.372044043422032, 'g_gpe_gpi_mult': 0.910359690681303}. Best is trial 659 with value: 1.772618881235328.
[I 2026-05-28 23:20:19,460] Trial 720 finished with value: 6.941796814058351 and parameters: {'ISTN': 63.26402446795959, 'I_gpe': 2.0861473432309334, 'I_gpi': 1.8490333458238646, 'noise_stn_sigma': 7.265933997794976, 'noise_gpe_sigma': 127.7890999304511, 'noise_gpi_sigma': 96.70038962814947, 'g_stn_gpe_mult': 3.493929165386314, 'g_gpe_stn_mult': 0.7209109245477864, 'g_stn_gpi_mult': 3.3008486194801807, 'g_gpe_gpi_mult': 0.8871521414115022}. Best is trial 659 with value: 1.772618881235328.
[I 2026-05-28 23:20:20,467] Trial 721 finished with value: 5.853636598307361 and parameters: {'ISTN': 62.468569731483576, 'I_gpe': 2.0458236166631245, 'I_gpi': 1.7484416249617079, 'noise_stn_sigma': 7.346519132660721, 'noise_gpe_sigma': 129.0950760879467, 'noise_gpi_sigma': 93.84417751654244, 'g_stn_gpe_mult': 3.581983569691361, 'g_gpe_stn_mult': 0.7346050356670395, 'g_stn_gpi_mult': 3.411240547986584, 'g_gpe_gpi_mult': 0.942753667047787}. Best is trial 659 with value: 1.772618881235328.
[I 2026-05-28 23:20:21,474] Trial 722 finished with value: 8.428168123943836 and parameters: {'ISTN': 63.16268896515161, 'I_gpe': 2.051774303599083, 'I_gpi': 1.7945626752858013, 'noise_stn_sigma': 7.665890630531444, 'noise_gpe_sigma': 128.62537979895993, 'noise_gpi_sigma': 97.31886385496797, 'g_stn_gpe_mult': 3.596247537924911, 'g_gpe_stn_mult': 0.7290944966663381, 'g_stn_gpi_mult': 3.390523937174959, 'g_gpe_gpi_mult': 0.9099613334280263}. Best is trial 659 with value: 1.772618881235328.
[I 2026-05-28 23:20:22,481] Trial 723 finished with value: 6.562306408648474 and parameters: {'ISTN': 63.25694162841591, 'I_gpe': 2.0837447662206303, 'I_gpi': 1.7863741096379289, 'noise_stn_sigma': 7.256234238598999, 'noise_gpe_sigma': 124.41369853065149, 'noise_gpi_sigma': 99.30577411400115, 'g_stn_gpe_mult': 3.5545210983986797, 'g_gpe_stn_mult': 0.714141457390905, 'g_stn_gpi_mult': 3.309804420829673, 'g_gpe_gpi_mult': 0.9487920328306432}. Best is trial 659 with value: 1.772618881235328.
[I 2026-05-28 23:20:23,488] Trial 724 finished with value: 3.845594570687034 and parameters: {'ISTN': 61.028392001584486, 'I_gpe': 2.03564018242439, 'I_gpi': 1.8781744254107362, 'noise_stn_sigma': 7.713885428377846, 'noise_gpe_sigma': 125.42778828801144, 'noise_gpi_sigma': 93.38247878401425, 'g_stn_gpe_mult': 3.5719438152955405, 'g_gpe_stn_mult': 0.7211815132705689, 'g_stn_gpi_mult': 3.2058600354585867, 'g_gpe_gpi_mult': 0.9482057240892565}. Best is trial 659 with value: 1.772618881235328.
[I 2026-05-28 23:20:24,494] Trial 725 finished with value: 2.85362189821877 and parameters: {'ISTN': 62.19011902176801, 'I_gpe': 2.0962358326656023, 'I_gpi': 1.9838430188425589, 'noise_stn_sigma': 7.0886445248419845, 'noise_gpe_sigma': 130.2059679268524, 'noise_gpi_sigma': 94.38158915919124, 'g_stn_gpe_mult': 3.550604041414515, 'g_gpe_stn_mult': 0.6992946298786624, 'g_stn_gpi_mult': 3.201981019941557, 'g_gpe_gpi_mult': 0.910468491838925}. Best is trial 659 with value: 1.772618881235328.
[I 2026-05-28 23:20:25,504] Trial 726 finished with value: 7.538127697645067 and parameters: {'ISTN': 61.872447421671765, 'I_gpe': 2.0315570786892336, 'I_gpi': 1.6244531169264933, 'noise_stn_sigma': 7.650364755890366, 'noise_gpe_sigma': 128.848633010276, 'noise_gpi_sigma': 90.78322267885379, 'g_stn_gpe_mult': 3.638638217464073, 'g_gpe_stn_mult': 0.6991082956116115, 'g_stn_gpi_mult': 3.3836589198339198, 'g_gpe_gpi_mult': 0.8845086394943853}. Best is trial 659 with value: 1.772618881235328.
[I 2026-05-28 23:20:26,513] Trial 727 finished with value: 4.8622132496455785 and parameters: {'ISTN': 63.58385301790746, 'I_gpe': 2.0942739336949154, 'I_gpi': 1.8423451082834568, 'noise_stn_sigma': 7.086774130906713, 'noise_gpe_sigma': 132.35325449065851, 'noise_gpi_sigma': 95.6996153440626, 'g_stn_gpe_mult': 3.581361584957604, 'g_gpe_stn_mult': 0.7180184281446176, 'g_stn_gpi_mult': 3.396221765156188, 'g_gpe_gpi_mult': 0.8949289687001474}. Best is trial 659 with value: 1.772618881235328.
[I 2026-05-28 23:20:27,518] Trial 728 finished with value: 5.553757942682682 and parameters: {'ISTN': 63.80140477330047, 'I_gpe': 2.099743727444695, 'I_gpi': 1.9655608928872628, 'noise_stn_sigma': 7.214667243611757, 'noise_gpe_sigma': 127.79224144120828, 'noise_gpi_sigma': 95.13479254587325, 'g_stn_gpe_mult': 3.4821704614844267, 'g_gpe_stn_mult': 0.7244562115973079, 'g_stn_gpi_mult': 3.293466936530063, 'g_gpe_gpi_mult': 0.8846304398039244}. Best is trial 659 with value: 1.772618881235328.
[I 2026-05-28 23:20:28,526] Trial 729 finished with value: 8.890314451088182 and parameters: {'ISTN': 61.66571476468604, 'I_gpe': 2.0845309736911988, 'I_gpi': 1.805860370748335, 'noise_stn_sigma': 7.309714546747931, 'noise_gpe_sigma': 125.42422580611729, 'noise_gpi_sigma': 99.52072128603051, 'g_stn_gpe_mult': 3.567440268037396, 'g_gpe_stn_mult': 0.7200601475617332, 'g_stn_gpi_mult': 3.3111767348763754, 'g_gpe_gpi_mult': 0.9445992250071851}. Best is trial 659 with value: 1.772618881235328.
[I 2026-05-28 23:20:29,533] Trial 730 finished with value: 6.048515915914882 and parameters: {'ISTN': 63.33261247912983, 'I_gpe': 2.127298238474977, 'I_gpi': 1.8425090690677646, 'noise_stn_sigma': 6.772898973613148, 'noise_gpe_sigma': 126.02429681973179, 'noise_gpi_sigma': 93.45427483306801, 'g_stn_gpe_mult': 3.5252739237201975, 'g_gpe_stn_mult': 0.7103926708982735, 'g_stn_gpi_mult': 3.2575992962410845, 'g_gpe_gpi_mult': 0.8950753202138664}. Best is trial 659 with value: 1.772618881235328.
[I 2026-05-28 23:20:30,544] Trial 731 finished with value: 5.572384873468007 and parameters: {'ISTN': 62.31555186766518, 'I_gpe': 2.0615043505819006, 'I_gpi': 1.7762901293458309, 'noise_stn_sigma': 7.607353000787789, 'noise_gpe_sigma': 123.80555517784455, 'noise_gpi_sigma': 96.53580210998842, 'g_stn_gpe_mult': 3.453257543508649, 'g_gpe_stn_mult': 0.709392927945166, 'g_stn_gpi_mult': 3.2918518694667607, 'g_gpe_gpi_mult': 0.9283208732698607}. Best is trial 659 with value: 1.772618881235328.
[I 2026-05-28 23:20:31,553] Trial 732 finished with value: 6.169265509543534 and parameters: {'ISTN': 62.76774514664242, 'I_gpe': 2.12257147956619, 'I_gpi': 1.892323621947078, 'noise_stn_sigma': 7.332599592212315, 'noise_gpe_sigma': 125.12601612335276, 'noise_gpi_sigma': 89.13569910830631, 'g_stn_gpe_mult': 3.503157619960118, 'g_gpe_stn_mult': 0.7280266312749496, 'g_stn_gpi_mult': 3.2903889800017856, 'g_gpe_gpi_mult': 0.9294769046732434}. Best is trial 659 with value: 1.772618881235328.
[I 2026-05-28 23:20:32,558] Trial 733 finished with value: 9.899619401728431 and parameters: {'ISTN': 65.34873807627862, 'I_gpe': 2.1321242591313396, 'I_gpi': 1.9990961671486986, 'noise_stn_sigma': 7.123835824037832, 'noise_gpe_sigma': 137.37754811425918, 'noise_gpi_sigma': 90.49729306572442, 'g_stn_gpe_mult': 3.5618293971914796, 'g_gpe_stn_mult': 0.7449515917891093, 'g_stn_gpi_mult': 3.265603525834735, 'g_gpe_gpi_mult': 0.903100522115839}. Best is trial 659 with value: 1.772618881235328.
[I 2026-05-28 23:20:33,566] Trial 734 finished with value: 9.026972938614255 and parameters: {'ISTN': 63.54969597953861, 'I_gpe': 2.0643733843319794, 'I_gpi': 1.9426932823321477, 'noise_stn_sigma': 7.22236150619291, 'noise_gpe_sigma': 134.69201161928703, 'noise_gpi_sigma': 92.63702178797718, 'g_stn_gpe_mult': 3.521612365189653, 'g_gpe_stn_mult': 0.714739815599769, 'g_stn_gpi_mult': 3.2438500447992125, 'g_gpe_gpi_mult': 0.9549040182895858}. Best is trial 659 with value: 1.772618881235328.
[I 2026-05-28 23:20:34,573] Trial 735 finished with value: 2.680340550535284 and parameters: {'ISTN': 63.89373438613184, 'I_gpe': 2.0653835952514092, 'I_gpi': 2.006741563202773, 'noise_stn_sigma': 6.986726052416683, 'noise_gpe_sigma': 129.69143485708508, 'noise_gpi_sigma': 87.57535492677228, 'g_stn_gpe_mult': 3.5281400504917912, 'g_gpe_stn_mult': 0.7160789343202866, 'g_stn_gpi_mult': 3.1763559547009304, 'g_gpe_gpi_mult': 0.915837390872414}. Best is trial 659 with value: 1.772618881235328.
[I 2026-05-28 23:20:35,581] Trial 736 finished with value: 7.622184530495689 and parameters: {'ISTN': 62.063541061538665, 'I_gpe': 2.0351768518061335, 'I_gpi': 2.0681819381707784, 'noise_stn_sigma': 6.7436609733298765, 'noise_gpe_sigma': 130.22994778873064, 'noise_gpi_sigma': 92.06203654857197, 'g_stn_gpe_mult': 3.5539747584851256, 'g_gpe_stn_mult': 0.677128954042489, 'g_stn_gpi_mult': 3.092059888214702, 'g_gpe_gpi_mult': 0.8805505994868987}. Best is trial 659 with value: 1.772618881235328.
[I 2026-05-28 23:20:36,588] Trial 737 finished with value: 7.080849445331561 and parameters: {'ISTN': 62.65406400919601, 'I_gpe': 2.0717747580407355, 'I_gpi': 1.9535127037340185, 'noise_stn_sigma': 7.042158064771102, 'noise_gpe_sigma': 129.9309937203392, 'noise_gpi_sigma': 90.42153760699897, 'g_stn_gpe_mult': 3.4649991538427156, 'g_gpe_stn_mult': 0.7122674209786946, 'g_stn_gpi_mult': 3.2330838195822884, 'g_gpe_gpi_mult': 0.8983712816985661}. Best is trial 659 with value: 1.772618881235328.
[I 2026-05-28 23:20:37,595] Trial 738 finished with value: 6.3375488176409345 and parameters: {'ISTN': 61.90466551614079, 'I_gpe': 2.1360067723147314, 'I_gpi': 1.9235869297963177, 'noise_stn_sigma': 7.162016604521107, 'noise_gpe_sigma': 131.01181922566002, 'noise_gpi_sigma': 97.85397634293132, 'g_stn_gpe_mult': 3.572853852126457, 'g_gpe_stn_mult': 0.7245472145376881, 'g_stn_gpi_mult': 3.369906144778721, 'g_gpe_gpi_mult': 0.9494363445856542}. Best is trial 659 with value: 1.772618881235328.
[I 2026-05-28 23:20:38,543] Trial 739 finished with value: 1000000.0 and parameters: {'ISTN': 61.00693589525491, 'I_gpe': 2.0914632076159307, 'I_gpi': 1.984640199424881, 'noise_stn_sigma': 7.200074357250338, 'noise_gpe_sigma': 126.01736043200408, 'noise_gpi_sigma': 94.94381243120523, 'g_stn_gpe_mult': 3.5077272169970195, 'g_gpe_stn_mult': 0.7249166018042629, 'g_stn_gpi_mult': 3.201354003445599, 'g_gpe_gpi_mult': 0.9249139789614096}. Best is trial 659 with value: 1.772618881235328.
[I 2026-05-28 23:20:39,550] Trial 740 finished with value: 10.969027036793577 and parameters: {'ISTN': 62.24454235382582, 'I_gpe': 2.0549447223800184, 'I_gpi': 1.7243549163532883, 'noise_stn_sigma': 7.472695446708029, 'noise_gpe_sigma': 127.92249065867831, 'noise_gpi_sigma': 98.0618819974752, 'g_stn_gpe_mult': 3.628250208702075, 'g_gpe_stn_mult': 0.7252754223681761, 'g_stn_gpi_mult': 3.3839469432483194, 'g_gpe_gpi_mult': 0.9698746680069654}. Best is trial 659 with value: 1.772618881235328.
[I 2026-05-28 23:20:40,558] Trial 741 finished with value: 9.193025634421987 and parameters: {'ISTN': 61.70733553277987, 'I_gpe': 2.0667287805537677, 'I_gpi': 1.9657919423984003, 'noise_stn_sigma': 7.21467751631973, 'noise_gpe_sigma': 129.38476001190764, 'noise_gpi_sigma': 92.65529099215746, 'g_stn_gpe_mult': 3.48456360644648, 'g_gpe_stn_mult': 0.7069774167687132, 'g_stn_gpi_mult': 3.1164873952454273, 'g_gpe_gpi_mult': 0.9404970315486869}. Best is trial 659 with value: 1.772618881235328.
[I 2026-05-28 23:20:41,568] Trial 742 finished with value: 9.391913716628684 and parameters: {'ISTN': 61.14292613703459, 'I_gpe': 2.079369970651164, 'I_gpi': 1.9537867354250822, 'noise_stn_sigma': 7.229538195970094, 'noise_gpe_sigma': 124.94737906240711, 'noise_gpi_sigma': 97.28913078077197, 'g_stn_gpe_mult': 3.646875290990436, 'g_gpe_stn_mult': 0.7111448934277399, 'g_stn_gpi_mult': 3.245428683720537, 'g_gpe_gpi_mult': 0.9433561606569341}. Best is trial 659 with value: 1.772618881235328.
[I 2026-05-28 23:20:42,576] Trial 743 finished with value: 6.980096436940363 and parameters: {'ISTN': 65.26020342669092, 'I_gpe': 2.0327490582249985, 'I_gpi': 2.0588228237479442, 'noise_stn_sigma': 7.073146105872377, 'noise_gpe_sigma': 135.18418003877076, 'noise_gpi_sigma': 89.9255821676063, 'g_stn_gpe_mult': 3.5030882624821276, 'g_gpe_stn_mult': 0.7184726207304143, 'g_stn_gpi_mult': 3.238775931011966, 'g_gpe_gpi_mult': 0.8746826721120036}. Best is trial 659 with value: 1.772618881235328.
[I 2026-05-28 23:20:43,584] Trial 744 finished with value: 14.375101309764101 and parameters: {'ISTN': 61.80204107431818, 'I_gpe': 2.048104067242938, 'I_gpi': 1.871553407253423, 'noise_stn_sigma': 7.260698250087904, 'noise_gpe_sigma': 123.46361173098289, 'noise_gpi_sigma': 93.03546871354864, 'g_stn_gpe_mult': 3.438503948705794, 'g_gpe_stn_mult': 0.7380831288322329, 'g_stn_gpi_mult': 3.404829353708813, 'g_gpe_gpi_mult': 0.9082988425032434}. Best is trial 659 with value: 1.772618881235328.
[I 2026-05-28 23:20:44,592] Trial 745 finished with value: 4.9991773526975125 and parameters: {'ISTN': 62.55528067172885, 'I_gpe': 2.109497380907438, 'I_gpi': 1.9719972246324275, 'noise_stn_sigma': 6.916405472837328, 'noise_gpe_sigma': 130.72648961654653, 'noise_gpi_sigma': 92.19244284425442, 'g_stn_gpe_mult': 3.5498758757188056, 'g_gpe_stn_mult': 0.7069540457935596, 'g_stn_gpi_mult': 3.2220977185992057, 'g_gpe_gpi_mult': 0.921965397620325}. Best is trial 659 with value: 1.772618881235328.
[I 2026-05-28 23:20:45,601] Trial 746 finished with value: 10.977215700512568 and parameters: {'ISTN': 61.58299453746229, 'I_gpe': 2.086617915167846, 'I_gpi': 1.8380679904519583, 'noise_stn_sigma': 7.388935560555897, 'noise_gpe_sigma': 132.29631422321398, 'noise_gpi_sigma': 87.0090267012071, 'g_stn_gpe_mult': 3.5610677164238775, 'g_gpe_stn_mult': 0.7193982617439122, 'g_stn_gpi_mult': 3.209162514287248, 'g_gpe_gpi_mult': 0.8932669863016716}. Best is trial 659 with value: 1.772618881235328.
[I 2026-05-28 23:20:46,609] Trial 747 finished with value: 3.95394214864103 and parameters: {'ISTN': 63.600926712380314, 'I_gpe': 2.0951517047402612, 'I_gpi': 1.9345127831038083, 'noise_stn_sigma': 7.324730035207497, 'noise_gpe_sigma': 128.48592735739365, 'noise_gpi_sigma': 90.5849425276457, 'g_stn_gpe_mult': 3.509822389590333, 'g_gpe_stn_mult': 0.7175000124214783, 'g_stn_gpi_mult': 3.2939302877072123, 'g_gpe_gpi_mult': 0.8897408056586416}. Best is trial 659 with value: 1.772618881235328.
