[I 2026-05-28 23:13:24,645] Trial 308 finished with value: 13.836878732151062 and parameters: {'ISTN': 67.18233055237394, 'I_gpe': 2.1561004372578996, 'I_gpi': 1.7897900150682062, 'noise_stn_sigma': 5.772165847818196, 'noise_gpe_sigma': 98.93832649075497, 'noise_gpi_sigma': 108.32138935099698, 'g_stn_gpe_mult': 3.358902680535168, 'g_gpe_stn_mult': 0.6214987117125262, 'g_stn_gpi_mult': 2.992827559997541, 'g_gpe_gpi_mult': 0.9074070557841332}. Best is trial 4 with value: 3.429511868616504.
[I 2026-05-28 23:13:25,654] Trial 309 finished with value: 11.43983473969398 and parameters: {'ISTN': 72.58527713884115, 'I_gpe': 2.1203886553396645, 'I_gpi': 1.7813965748731113, 'noise_stn_sigma': 5.735772849428739, 'noise_gpe_sigma': 106.77427633442615, 'noise_gpi_sigma': 105.34542301360536, 'g_stn_gpe_mult': 3.2028278831782897, 'g_gpe_stn_mult': 0.7029407326331609, 'g_stn_gpi_mult': 3.0534631766604114, 'g_gpe_gpi_mult': 0.9838294095048834}. Best is trial 4 with value: 3.429511868616504.
[I 2026-05-28 23:13:26,663] Trial 310 finished with value: 13.815001966853858 and parameters: {'ISTN': 65.79610386693471, 'I_gpe': 1.9300347083556293, 'I_gpi': 1.7692879377085124, 'noise_stn_sigma': 4.919355849628057, 'noise_gpe_sigma': 113.74595507092124, 'noise_gpi_sigma': 119.22823304535946, 'g_stn_gpe_mult': 2.878195092635491, 'g_gpe_stn_mult': 0.5985233281682871, 'g_stn_gpi_mult': 2.5051011697217493, 'g_gpe_gpi_mult': 0.9028701023489758}. Best is trial 4 with value: 3.429511868616504.
[I 2026-05-28 23:13:27,674] Trial 311 finished with value: 13.624727701265805 and parameters: {'ISTN': 65.6165826844598, 'I_gpe': 2.0326845855420386, 'I_gpi': 2.1575026687112446, 'noise_stn_sigma': 5.6031711066275935, 'noise_gpe_sigma': 107.93636968613063, 'noise_gpi_sigma': 107.28701740486422, 'g_stn_gpe_mult': 3.3746415388880147, 'g_gpe_stn_mult': 0.6063693635165393, 'g_stn_gpi_mult': 3.090569031306245, 'g_gpe_gpi_mult': 0.8996027164148455}. Best is trial 4 with value: 3.429511868616504.
[I 2026-05-28 23:13:28,680] Trial 312 finished with value: 13.648727940275627 and parameters: {'ISTN': 62.46321540788124, 'I_gpe': 1.9144470339402937, 'I_gpi': 2.1637762057579115, 'noise_stn_sigma': 6.222137533760648, 'noise_gpe_sigma': 106.35322509156317, 'noise_gpi_sigma': 96.10719685671185, 'g_stn_gpe_mult': 3.184760013811167, 'g_gpe_stn_mult': 0.6411950003903573, 'g_stn_gpi_mult': 2.7196538899342637, 'g_gpe_gpi_mult': 0.8302933021951264}. Best is trial 4 with value: 3.429511868616504.
[I 2026-05-28 23:13:29,687] Trial 313 finished with value: 9.571395147683766 and parameters: {'ISTN': 64.84549959419509, 'I_gpe': 1.998746696381556, 'I_gpi': 1.843985575484762, 'noise_stn_sigma': 5.248612850196275, 'noise_gpe_sigma': 114.57604365324936, 'noise_gpi_sigma': 126.21628848099178, 'g_stn_gpe_mult': 3.3327117900784557, 'g_gpe_stn_mult': 0.6336262551364652, 'g_stn_gpi_mult': 2.88570915629219, 'g_gpe_gpi_mult': 0.8847074642035488}. Best is trial 4 with value: 3.429511868616504.
[I 2026-05-28 23:13:30,696] Trial 314 finished with value: 5.910919363277418 and parameters: {'ISTN': 64.21115780365744, 'I_gpe': 2.0731568480210325, 'I_gpi': 1.755290456208276, 'noise_stn_sigma': 5.70112243567778, 'noise_gpe_sigma': 93.69782921655117, 'noise_gpi_sigma': 103.50300771835555, 'g_stn_gpe_mult': 3.025959888986897, 'g_gpe_stn_mult': 0.6189623342978813, 'g_stn_gpi_mult': 3.5549669380761855, 'g_gpe_gpi_mult': 0.8732534475761438}. Best is trial 4 with value: 3.429511868616504.
[I 2026-05-28 23:13:31,705] Trial 315 finished with value: 12.342220112303753 and parameters: {'ISTN': 69.82065300026834, 'I_gpe': 2.1475577267772064, 'I_gpi': 1.879577264341365, 'noise_stn_sigma': 5.537736667556874, 'noise_gpe_sigma': 118.31344955409048, 'noise_gpi_sigma': 109.10637722658791, 'g_stn_gpe_mult': 3.3715778572710855, 'g_gpe_stn_mult': 0.689195758386093, 'g_stn_gpi_mult': 2.9298933008232977, 'g_gpe_gpi_mult': 0.8138934564854148}. Best is trial 4 with value: 3.429511868616504.
[I 2026-05-28 23:13:32,715] Trial 316 finished with value: 13.454200682812308 and parameters: {'ISTN': 63.326253590694186, 'I_gpe': 1.9131443975052387, 'I_gpi': 1.5336294803653046, 'noise_stn_sigma': 5.132593217806304, 'noise_gpe_sigma': 102.14709021644293, 'noise_gpi_sigma': 138.9800442801843, 'g_stn_gpe_mult': 3.7671585194101826, 'g_gpe_stn_mult': 0.5208518322148871, 'g_stn_gpi_mult': 3.2256358735237107, 'g_gpe_gpi_mult': 0.9922625723176435}. Best is trial 4 with value: 3.429511868616504.
[I 2026-05-28 23:13:33,724] Trial 317 finished with value: 9.0442544082672 and parameters: {'ISTN': 63.52650685126406, 'I_gpe': 2.1402838640752577, 'I_gpi': 1.9080509534323618, 'noise_stn_sigma': 4.982131999671071, 'noise_gpe_sigma': 94.39197577482437, 'noise_gpi_sigma': 102.62315850369241, 'g_stn_gpe_mult': 3.042583538630805, 'g_gpe_stn_mult': 0.6373327096519926, 'g_stn_gpi_mult': 3.10523465455263, 'g_gpe_gpi_mult': 1.0065415195640575}. Best is trial 4 with value: 3.429511868616504.
[I 2026-05-28 23:13:34,734] Trial 318 finished with value: 14.037214410880933 and parameters: {'ISTN': 65.6019037801816, 'I_gpe': 1.9457030748823998, 'I_gpi': 1.9023623141616417, 'noise_stn_sigma': 5.101969387497635, 'noise_gpe_sigma': 118.65369694819896, 'noise_gpi_sigma': 123.22356146625506, 'g_stn_gpe_mult': 3.035918283644113, 'g_gpe_stn_mult': 0.5967426666702802, 'g_stn_gpi_mult': 2.6975133468810575, 'g_gpe_gpi_mult': 0.9072761403823242}. Best is trial 4 with value: 3.429511868616504.
[I 2026-05-28 23:13:35,744] Trial 319 finished with value: 9.75817024227796 and parameters: {'ISTN': 66.2592297043878, 'I_gpe': 2.1872651698208663, 'I_gpi': 1.9669842366250925, 'noise_stn_sigma': 5.89041430695237, 'noise_gpe_sigma': 125.68588801915949, 'noise_gpi_sigma': 101.17780360892995, 'g_stn_gpe_mult': 3.0276636907014263, 'g_gpe_stn_mult': 0.6539315950745905, 'g_stn_gpi_mult': 2.682143915662736, 'g_gpe_gpi_mult': 0.8744239099177273}. Best is trial 4 with value: 3.429511868616504.
[I 2026-05-28 23:13:36,752] Trial 320 finished with value: 8.881077430120806 and parameters: {'ISTN': 65.928983298619, 'I_gpe': 2.104148020983276, 'I_gpi': 1.99631584876095, 'noise_stn_sigma': 5.9447128350566, 'noise_gpe_sigma': 129.5761041648435, 'noise_gpi_sigma': 126.75694479674678, 'g_stn_gpe_mult': 3.41460912454578, 'g_gpe_stn_mult': 0.698675109345109, 'g_stn_gpi_mult': 3.382891184021525, 'g_gpe_gpi_mult': 0.8782356849704838}. Best is trial 4 with value: 3.429511868616504.
[I 2026-05-28 23:13:37,760] Trial 321 finished with value: 12.663280279707967 and parameters: {'ISTN': 66.20070488559885, 'I_gpe': 2.1812745897611014, 'I_gpi': 2.390943574516145, 'noise_stn_sigma': 6.100020542243542, 'noise_gpe_sigma': 113.20596762619553, 'noise_gpi_sigma': 120.29255450254377, 'g_stn_gpe_mult': 3.37507080510156, 'g_gpe_stn_mult': 0.7396314044508981, 'g_stn_gpi_mult': 3.180569946093294, 'g_gpe_gpi_mult': 0.951101287701948}. Best is trial 4 with value: 3.429511868616504.
[I 2026-05-28 23:13:38,768] Trial 322 finished with value: 14.103634324084945 and parameters: {'ISTN': 73.77675239317382, 'I_gpe': 2.1470692584098128, 'I_gpi': 1.9540954214465942, 'noise_stn_sigma': 6.27886768416597, 'noise_gpe_sigma': 110.5503217724411, 'noise_gpi_sigma': 119.80685021812167, 'g_stn_gpe_mult': 3.3834907926096167, 'g_gpe_stn_mult': 0.7183197443169134, 'g_stn_gpi_mult': 3.5908963550538964, 'g_gpe_gpi_mult': 0.9462791188880906}. Best is trial 4 with value: 3.429511868616504.
[I 2026-05-28 23:13:39,777] Trial 323 finished with value: 6.102408021728895 and parameters: {'ISTN': 64.01212946505592, 'I_gpe': 2.2115691881774984, 'I_gpi': 2.037674725449664, 'noise_stn_sigma': 6.223447404331036, 'noise_gpe_sigma': 114.83610960835544, 'noise_gpi_sigma': 106.03061045788493, 'g_stn_gpe_mult': 3.475623000675391, 'g_gpe_stn_mult': 0.6711329474172868, 'g_stn_gpi_mult': 3.1264091863499606, 'g_gpe_gpi_mult': 0.858216114867635}. Best is trial 4 with value: 3.429511868616504.
[I 2026-05-28 23:13:40,782] Trial 324 finished with value: 12.87086077548538 and parameters: {'ISTN': 68.32594942880078, 'I_gpe': 2.238785572669161, 'I_gpi': 1.9705721155832885, 'noise_stn_sigma': 5.355510318770559, 'noise_gpe_sigma': 113.01888294770116, 'noise_gpi_sigma': 97.4989626442287, 'g_stn_gpe_mult': 3.087227314599219, 'g_gpe_stn_mult': 0.6575529848783191, 'g_stn_gpi_mult': 3.4780395179304264, 'g_gpe_gpi_mult': 0.9105272334939334}. Best is trial 4 with value: 3.429511868616504.
[I 2026-05-28 23:13:41,793] Trial 325 finished with value: 11.80590491578587 and parameters: {'ISTN': 62.70953062283336, 'I_gpe': 2.1068389308933044, 'I_gpi': 1.7598545990313754, 'noise_stn_sigma': 5.229481970940556, 'noise_gpe_sigma': 112.61728367191903, 'noise_gpi_sigma': 110.49507566154142, 'g_stn_gpe_mult': 3.147316165573934, 'g_gpe_stn_mult': 0.6276738482908086, 'g_stn_gpi_mult': 3.174620574527909, 'g_gpe_gpi_mult': 0.8885355036620581}. Best is trial 4 with value: 3.429511868616504.
[I 2026-05-28 23:13:42,800] Trial 326 finished with value: 9.1712196922654 and parameters: {'ISTN': 60.61517284568251, 'I_gpe': 1.9975908859347762, 'I_gpi': 1.5551569744093081, 'noise_stn_sigma': 6.235960513743025, 'noise_gpe_sigma': 101.22182774643625, 'noise_gpi_sigma': 105.51409316979611, 'g_stn_gpe_mult': 3.0660921900901146, 'g_gpe_stn_mult': 0.5713324615358735, 'g_stn_gpi_mult': 2.854513677766663, 'g_gpe_gpi_mult': 0.9070174775724937}. Best is trial 4 with value: 3.429511868616504.
[I 2026-05-28 23:13:43,808] Trial 327 finished with value: 11.004104627901246 and parameters: {'ISTN': 61.055291026203044, 'I_gpe': 2.268642688491505, 'I_gpi': 2.224274664268983, 'noise_stn_sigma': 5.013422015255039, 'noise_gpe_sigma': 103.0046445905985, 'noise_gpi_sigma': 122.43273885439673, 'g_stn_gpe_mult': 3.336925894013629, 'g_gpe_stn_mult': 0.6421430997175513, 'g_stn_gpi_mult': 3.3191530365242072, 'g_gpe_gpi_mult': 0.7313612734325601}. Best is trial 4 with value: 3.429511868616504.
[I 2026-05-28 23:13:44,816] Trial 328 finished with value: 12.339882661341795 and parameters: {'ISTN': 67.29489502369013, 'I_gpe': 2.043528981382372, 'I_gpi': 1.9586459299280743, 'noise_stn_sigma': 5.225256325111556, 'noise_gpe_sigma': 106.66650918603028, 'noise_gpi_sigma': 114.23921453060365, 'g_stn_gpe_mult': 3.003443671948485, 'g_gpe_stn_mult': 0.6216720492927489, 'g_stn_gpi_mult': 3.3855867151658607, 'g_gpe_gpi_mult': 0.9715235112171787}. Best is trial 4 with value: 3.429511868616504.
[I 2026-05-28 23:13:45,822] Trial 329 finished with value: 13.816306036468633 and parameters: {'ISTN': 64.6183382320217, 'I_gpe': 2.2289647194504782, 'I_gpi': 1.8586105617772037, 'noise_stn_sigma': 4.988440310226572, 'noise_gpe_sigma': 101.71902441525678, 'noise_gpi_sigma': 107.49836414156556, 'g_stn_gpe_mult': 3.337127419265063, 'g_gpe_stn_mult': 0.6421206704541554, 'g_stn_gpi_mult': 3.210232666686474, 'g_gpe_gpi_mult': 0.8605191686439708}. Best is trial 4 with value: 3.429511868616504.
[I 2026-05-28 23:13:46,829] Trial 330 finished with value: 12.977655291031848 and parameters: {'ISTN': 65.28860932957757, 'I_gpe': 2.0019865384198585, 'I_gpi': 2.0821282684237774, 'noise_stn_sigma': 5.926895531906639, 'noise_gpe_sigma': 111.87652925491017, 'noise_gpi_sigma': 105.30765032170768, 'g_stn_gpe_mult': 3.031056135652526, 'g_gpe_stn_mult': 0.7312014000059184, 'g_stn_gpi_mult': 3.446247857832214, 'g_gpe_gpi_mult': 0.9498788125489666}. Best is trial 4 with value: 3.429511868616504.
[I 2026-05-28 23:13:47,838] Trial 331 finished with value: 9.445493875070785 and parameters: {'ISTN': 61.582369039534925, 'I_gpe': 2.241356282214521, 'I_gpi': 2.331012396786025, 'noise_stn_sigma': 6.387553308468144, 'noise_gpe_sigma': 114.64104840620286, 'noise_gpi_sigma': 102.17490014214563, 'g_stn_gpe_mult': 3.231294408079412, 'g_gpe_stn_mult': 0.6878875658417256, 'g_stn_gpi_mult': 2.8564834344647174, 'g_gpe_gpi_mult': 0.871183964582976}. Best is trial 4 with value: 3.429511868616504.
[I 2026-05-28 23:13:48,844] Trial 332 finished with value: 9.169138238934607 and parameters: {'ISTN': 60.36625471121526, 'I_gpe': 2.239067503877657, 'I_gpi': 2.444758920891528, 'noise_stn_sigma': 6.175345613219019, 'noise_gpe_sigma': 113.84822849226684, 'noise_gpi_sigma': 110.89007076617321, 'g_stn_gpe_mult': 3.1280538962309623, 'g_gpe_stn_mult': 0.5864854184440643, 'g_stn_gpi_mult': 2.571913984597387, 'g_gpe_gpi_mult': 0.7442344082934058}. Best is trial 4 with value: 3.429511868616504.
[I 2026-05-28 23:13:49,852] Trial 333 finished with value: 14.13181253142341 and parameters: {'ISTN': 62.93109122179244, 'I_gpe': 2.4038923503862875, 'I_gpi': 2.0157483974301122, 'noise_stn_sigma': 6.592047469295369, 'noise_gpe_sigma': 112.22075831735934, 'noise_gpi_sigma': 97.67953029102499, 'g_stn_gpe_mult': 3.1604917640574923, 'g_gpe_stn_mult': 0.6575535708244167, 'g_stn_gpi_mult': 3.206175657481943, 'g_gpe_gpi_mult': 0.8761504113307257}. Best is trial 4 with value: 3.429511868616504.
[I 2026-05-28 23:13:50,860] Trial 334 finished with value: 5.319320310601379 and parameters: {'ISTN': 60.51759542311617, 'I_gpe': 1.877098693091195, 'I_gpi': 1.7421674141789085, 'noise_stn_sigma': 5.932712514918866, 'noise_gpe_sigma': 105.14777540704569, 'noise_gpi_sigma': 101.41594226617916, 'g_stn_gpe_mult': 3.369475275054659, 'g_gpe_stn_mult': 0.7038524989789906, 'g_stn_gpi_mult': 3.364997669433781, 'g_gpe_gpi_mult': 0.9121902233382977}. Best is trial 4 with value: 3.429511868616504.
[I 2026-05-28 23:13:51,866] Trial 335 finished with value: 8.542532528081844 and parameters: {'ISTN': 61.549386189700044, 'I_gpe': 2.16154527639501, 'I_gpi': 2.0837514289158783, 'noise_stn_sigma': 6.253955564624642, 'noise_gpe_sigma': 117.00316226814685, 'noise_gpi_sigma': 110.98981652183436, 'g_stn_gpe_mult': 2.8382144936288665, 'g_gpe_stn_mult': 0.675087571286629, 'g_stn_gpi_mult': 3.0590834715257866, 'g_gpe_gpi_mult': 0.902088092700762}. Best is trial 4 with value: 3.429511868616504.
[I 2026-05-28 23:13:52,874] Trial 336 finished with value: 8.626685887597768 and parameters: {'ISTN': 60.65191589030011, 'I_gpe': 2.229840999513425, 'I_gpi': 2.1420664190850673, 'noise_stn_sigma': 6.262711753462664, 'noise_gpe_sigma': 108.88090572020393, 'noise_gpi_sigma': 124.96305932754356, 'g_stn_gpe_mult': 3.2493588981567054, 'g_gpe_stn_mult': 0.6104746726426109, 'g_stn_gpi_mult': 3.3209330945026085, 'g_gpe_gpi_mult': 0.8313973567557928}. Best is trial 4 with value: 3.429511868616504.
[I 2026-05-28 23:13:53,884] Trial 337 finished with value: 10.659825919288235 and parameters: {'ISTN': 67.53242326647992, 'I_gpe': 2.1753265392721586, 'I_gpi': 2.185020411947203, 'noise_stn_sigma': 5.687826124359956, 'noise_gpe_sigma': 113.71603907150505, 'noise_gpi_sigma': 105.76750230910474, 'g_stn_gpe_mult': 3.2662813539283455, 'g_gpe_stn_mult': 0.5857426620337645, 'g_stn_gpi_mult': 3.4264908808628043, 'g_gpe_gpi_mult': 0.8464700473786648}. Best is trial 4 with value: 3.429511868616504.
[I 2026-05-28 23:13:54,892] Trial 338 finished with value: 10.053646015865537 and parameters: {'ISTN': 61.19411499789321, 'I_gpe': 2.218810440611234, 'I_gpi': 1.842138309631956, 'noise_stn_sigma': 6.491227632054534, 'noise_gpe_sigma': 112.4101243782385, 'noise_gpi_sigma': 109.23358324315261, 'g_stn_gpe_mult': 3.2943772097869743, 'g_gpe_stn_mult': 0.6977545898730493, 'g_stn_gpi_mult': 3.3401493265354563, 'g_gpe_gpi_mult': 0.8482574159934928}. Best is trial 4 with value: 3.429511868616504.
[I 2026-05-28 23:13:55,899] Trial 339 finished with value: 12.581833344213862 and parameters: {'ISTN': 65.54500758951032, 'I_gpe': 1.9848670021085657, 'I_gpi': 1.4947860206770902, 'noise_stn_sigma': 6.029872207219679, 'noise_gpe_sigma': 114.52818316613468, 'noise_gpi_sigma': 115.14696352118034, 'g_stn_gpe_mult': 3.221978161910478, 'g_gpe_stn_mult': 0.6661441956728696, 'g_stn_gpi_mult': 2.9690409452547253, 'g_gpe_gpi_mult': 0.8373598493320762}. Best is trial 4 with value: 3.429511868616504.
[I 2026-05-28 23:13:56,908] Trial 340 finished with value: 11.073384654385679 and parameters: {'ISTN': 62.737830739220755, 'I_gpe': 2.1944770503179916, 'I_gpi': 1.579756013973005, 'noise_stn_sigma': 5.849273842266591, 'noise_gpe_sigma': 98.10420183051563, 'noise_gpi_sigma': 114.37079812635635, 'g_stn_gpe_mult': 3.383168498141237, 'g_gpe_stn_mult': 0.6175522692382294, 'g_stn_gpi_mult': 3.223879614720079, 'g_gpe_gpi_mult': 0.8550116039891638}. Best is trial 4 with value: 3.429511868616504.
[I 2026-05-28 23:13:57,917] Trial 341 finished with value: 15.181381247231212 and parameters: {'ISTN': 60.81214960096829, 'I_gpe': 1.896701864815045, 'I_gpi': 2.100457790129122, 'noise_stn_sigma': 5.506531095819407, 'noise_gpe_sigma': 106.483215815862, 'noise_gpi_sigma': 109.19488167406217, 'g_stn_gpe_mult': 2.903702055119669, 'g_gpe_stn_mult': 0.6213638847691446, 'g_stn_gpi_mult': 3.251877657982637, 'g_gpe_gpi_mult': 0.8898077020063615}. Best is trial 4 with value: 3.429511868616504.
[I 2026-05-28 23:13:58,925] Trial 342 finished with value: 6.548044243423569 and parameters: {'ISTN': 63.31663523068926, 'I_gpe': 2.1414927563529895, 'I_gpi': 2.019590187087465, 'noise_stn_sigma': 6.380635614718732, 'noise_gpe_sigma': 110.07402584381012, 'noise_gpi_sigma': 121.01019600987371, 'g_stn_gpe_mult': 3.227102491414729, 'g_gpe_stn_mult': 0.6726689839291891, 'g_stn_gpi_mult': 2.7658752941739566, 'g_gpe_gpi_mult': 0.9460006873067812}. Best is trial 4 with value: 3.429511868616504.
[I 2026-05-28 23:13:59,932] Trial 343 finished with value: 9.680783440542156 and parameters: {'ISTN': 62.28085955974926, 'I_gpe': 1.94865166873832, 'I_gpi': 2.0616534465086014, 'noise_stn_sigma': 6.009505991090299, 'noise_gpe_sigma': 116.23607328022007, 'noise_gpi_sigma': 110.94064222204163, 'g_stn_gpe_mult': 3.427267769139288, 'g_gpe_stn_mult': 0.7035416335617449, 'g_stn_gpi_mult': 3.4240851252551074, 'g_gpe_gpi_mult': 0.8654506079069817}. Best is trial 4 with value: 3.429511868616504.
[I 2026-05-28 23:14:00,940] Trial 344 finished with value: 11.774305195633069 and parameters: {'ISTN': 63.257039126397714, 'I_gpe': 2.1413841134236327, 'I_gpi': 2.0522839895916354, 'noise_stn_sigma': 5.742776842048552, 'noise_gpe_sigma': 107.37397875847734, 'noise_gpi_sigma': 106.24077394835746, 'g_stn_gpe_mult': 3.1321313792723537, 'g_gpe_stn_mult': 0.6827555541141891, 'g_stn_gpi_mult': 3.1286234316414796, 'g_gpe_gpi_mult': 0.8598177863263061}. Best is trial 4 with value: 3.429511868616504.
[I 2026-05-28 23:14:01,949] Trial 345 finished with value: 10.784964237624052 and parameters: {'ISTN': 67.40879016268428, 'I_gpe': 2.087488435325435, 'I_gpi': 1.733073377844796, 'noise_stn_sigma': 6.160575984382726, 'noise_gpe_sigma': 110.65654237295087, 'noise_gpi_sigma': 114.74460775278784, 'g_stn_gpe_mult': 3.3462212129162046, 'g_gpe_stn_mult': 0.6812294569898633, 'g_stn_gpi_mult': 3.0083894301902463, 'g_gpe_gpi_mult': 0.940612477814579}. Best is trial 4 with value: 3.429511868616504.
[I 2026-05-28 23:14:02,957] Trial 346 finished with value: 12.196388123267425 and parameters: {'ISTN': 66.8742245064987, 'I_gpe': 2.4913190643380343, 'I_gpi': 1.9420378682005395, 'noise_stn_sigma': 5.7917629720823465, 'noise_gpe_sigma': 116.97568796814696, 'noise_gpi_sigma': 120.91531571162237, 'g_stn_gpe_mult': 3.1490141807623337, 'g_gpe_stn_mult': 0.6462755734608303, 'g_stn_gpi_mult': 2.7647010902836175, 'g_gpe_gpi_mult': 0.806979753926095}. Best is trial 4 with value: 3.429511868616504.
[I 2026-05-28 23:14:03,966] Trial 347 finished with value: 7.647617264364486 and parameters: {'ISTN': 60.529746271238565, 'I_gpe': 1.83674986507486, 'I_gpi': 2.0656509448501104, 'noise_stn_sigma': 6.303504305622548, 'noise_gpe_sigma': 116.22355950208731, 'noise_gpi_sigma': 105.82987554250306, 'g_stn_gpe_mult': 3.3196017847259376, 'g_gpe_stn_mult': 0.6876861876160317, 'g_stn_gpi_mult': 3.3911356519769287, 'g_gpe_gpi_mult': 0.7948425666719134}. Best is trial 4 with value: 3.429511868616504.
[I 2026-05-28 23:14:04,973] Trial 348 finished with value: 9.188285186747912 and parameters: {'ISTN': 60.51215203841258, 'I_gpe': 2.191578985782841, 'I_gpi': 1.8780282254361231, 'noise_stn_sigma': 6.435975500358918, 'noise_gpe_sigma': 109.17243886691568, 'noise_gpi_sigma': 117.72221050379875, 'g_stn_gpe_mult': 3.019008468703066, 'g_gpe_stn_mult': 0.6777715963244101, 'g_stn_gpi_mult': 3.2136625929241376, 'g_gpe_gpi_mult': 0.9095368545452942}. Best is trial 4 with value: 3.429511868616504.
[I 2026-05-28 23:14:05,981] Trial 349 finished with value: 5.127375897307468 and parameters: {'ISTN': 62.086031900151575, 'I_gpe': 2.059177601356719, 'I_gpi': 2.073388475886272, 'noise_stn_sigma': 6.169634351149479, 'noise_gpe_sigma': 120.70209317282611, 'noise_gpi_sigma': 109.79704766192204, 'g_stn_gpe_mult': 3.5485031159429723, 'g_gpe_stn_mult': 0.6968138036179772, 'g_stn_gpi_mult': 3.352808584738927, 'g_gpe_gpi_mult': 0.9153590886350171}. Best is trial 4 with value: 3.429511868616504.
[I 2026-05-28 23:14:06,991] Trial 350 finished with value: 13.470654232485282 and parameters: {'ISTN': 64.16257456091468, 'I_gpe': 1.818798293483809, 'I_gpi': 2.2173912812407313, 'noise_stn_sigma': 5.546717394634201, 'noise_gpe_sigma': 123.4363989313362, 'noise_gpi_sigma': 111.83224017349343, 'g_stn_gpe_mult': 2.819788122019842, 'g_gpe_stn_mult': 0.7070011091147307, 'g_stn_gpi_mult': 3.2157618069926164, 'g_gpe_gpi_mult': 0.9191167892555849}. Best is trial 4 with value: 3.429511868616504.
[I 2026-05-28 23:14:07,999] Trial 351 finished with value: 8.44588782899209 and parameters: {'ISTN': 60.57057415521971, 'I_gpe': 1.9969115928594228, 'I_gpi': 2.273353430905198, 'noise_stn_sigma': 6.217133640645237, 'noise_gpe_sigma': 114.52530692200467, 'noise_gpi_sigma': 114.43003491572459, 'g_stn_gpe_mult': 3.412038373147424, 'g_gpe_stn_mult': 0.6706997683926974, 'g_stn_gpi_mult': 3.12687386800675, 'g_gpe_gpi_mult': 0.8840216389486191}. Best is trial 4 with value: 3.429511868616504.
