[I 2026-05-29 00:07:59,611] Trial 528 finished with value: 0.16290509120870295 and parameters: {'ISTN': 62.389207663880555, 'I_gpe': 1.2094525146541342, 'I_gpi': 1.8138377480300736, 'noise_stn_sigma': 2.8038721995660922, 'noise_gpe_sigma': 126.8433469583114, 'noise_gpi_sigma': 67.66322729802975, 'g_stn_gpe_mult': 2.625859102018841, 'g_gpe_stn_mult': 0.14153011286987868, 'g_stn_gpi_mult': 2.6611603588290835, 'g_gpe_gpi_mult': 0.3549387918487491}. Best is trial 484 with value: 0.15195341987919136.
[I 2026-05-29 00:08:00,617] Trial 529 finished with value: 0.1714385301354051 and parameters: {'ISTN': 60.294354333671464, 'I_gpe': 1.2755396478502725, 'I_gpi': 2.03534027198541, 'noise_stn_sigma': 2.852771552629455, 'noise_gpe_sigma': 124.97626301462466, 'noise_gpi_sigma': 57.309434282859485, 'g_stn_gpe_mult': 2.7382129096149876, 'g_gpe_stn_mult': 0.21190169448373702, 'g_stn_gpi_mult': 2.3030187085435596, 'g_gpe_gpi_mult': 0.3695060632277781}. Best is trial 484 with value: 0.15195341987919136.
[I 2026-05-29 00:08:01,627] Trial 530 finished with value: 0.9277409423611508 and parameters: {'ISTN': 65.10926510780949, 'I_gpe': 1.3208303048337076, 'I_gpi': 2.203242214333535, 'noise_stn_sigma': 2.956802036861763, 'noise_gpe_sigma': 123.61286136477105, 'noise_gpi_sigma': 56.883077161578214, 'g_stn_gpe_mult': 2.7236316282978876, 'g_gpe_stn_mult': 0.13008876022653498, 'g_stn_gpi_mult': 2.470856602243141, 'g_gpe_gpi_mult': 0.40239201115795836}. Best is trial 484 with value: 0.15195341987919136.
[I 2026-05-29 00:08:02,636] Trial 531 finished with value: 0.5340317296498719 and parameters: {'ISTN': 63.84062947593733, 'I_gpe': 1.3869648544461612, 'I_gpi': 1.8308531631167597, 'noise_stn_sigma': 2.761367705276162, 'noise_gpe_sigma': 127.09084124024213, 'noise_gpi_sigma': 61.836756716520725, 'g_stn_gpe_mult': 2.7237975288471885, 'g_gpe_stn_mult': 0.1611784264689228, 'g_stn_gpi_mult': 2.3131596861142647, 'g_gpe_gpi_mult': 0.2959410668750646}. Best is trial 484 with value: 0.15195341987919136.
[I 2026-05-29 00:08:03,644] Trial 532 finished with value: 0.2140890305343762 and parameters: {'ISTN': 62.50045876764261, 'I_gpe': 1.1005052433628721, 'I_gpi': 1.8597538399526186, 'noise_stn_sigma': 2.5417075800819457, 'noise_gpe_sigma': 126.6648794140465, 'noise_gpi_sigma': 63.69622092009899, 'g_stn_gpe_mult': 2.7680181272127244, 'g_gpe_stn_mult': 0.1739113161844628, 'g_stn_gpi_mult': 2.6035093303181474, 'g_gpe_gpi_mult': 0.4125634749038855}. Best is trial 484 with value: 0.15195341987919136.
[I 2026-05-29 00:08:04,651] Trial 533 finished with value: 4.071760025438514 and parameters: {'ISTN': 64.13182620456487, 'I_gpe': 1.1569266267164493, 'I_gpi': 1.877456015520219, 'noise_stn_sigma': 2.9233226538864843, 'noise_gpe_sigma': 125.86191989537205, 'noise_gpi_sigma': 66.52482721206184, 'g_stn_gpe_mult': 2.7284778381601265, 'g_gpe_stn_mult': 0.23255320094122392, 'g_stn_gpi_mult': 2.5271363528416115, 'g_gpe_gpi_mult': 0.3111033229346766}. Best is trial 484 with value: 0.15195341987919136.
[I 2026-05-29 00:08:05,659] Trial 534 finished with value: 1.3830313809131856 and parameters: {'ISTN': 62.695653519428454, 'I_gpe': 1.0486736189326074, 'I_gpi': 1.7214562218372986, 'noise_stn_sigma': 3.1129367406099115, 'noise_gpe_sigma': 136.25165026319314, 'noise_gpi_sigma': 66.10615842387816, 'g_stn_gpe_mult': 2.6995408216972794, 'g_gpe_stn_mult': 0.20313725111932934, 'g_stn_gpi_mult': 2.667586819370436, 'g_gpe_gpi_mult': 0.26431383503860795}. Best is trial 484 with value: 0.15195341987919136.
[I 2026-05-29 00:08:06,667] Trial 535 finished with value: 0.18713350849527002 and parameters: {'ISTN': 62.1495440985779, 'I_gpe': 1.2351915995164258, 'I_gpi': 1.8803186973025245, 'noise_stn_sigma': 3.208647552577507, 'noise_gpe_sigma': 121.13313894694804, 'noise_gpi_sigma': 70.83823261962817, 'g_stn_gpe_mult': 2.526803213264472, 'g_gpe_stn_mult': 0.21361753694556349, 'g_stn_gpi_mult': 2.5729068048172716, 'g_gpe_gpi_mult': 0.31852809587877934}. Best is trial 484 with value: 0.15195341987919136.
[I 2026-05-29 00:08:07,615] Trial 536 finished with value: 1000000.0 and parameters: {'ISTN': 64.83563592957469, 'I_gpe': 1.2268895741763282, 'I_gpi': 1.8157534251460277, 'noise_stn_sigma': 2.672607809878994, 'noise_gpe_sigma': 118.93850109786754, 'noise_gpi_sigma': 63.33406271690784, 'g_stn_gpe_mult': 2.66383015263198, 'g_gpe_stn_mult': 0.20554747752464786, 'g_stn_gpi_mult': 2.423130371981141, 'g_gpe_gpi_mult': 0.37836800672004467}. Best is trial 484 with value: 0.15195341987919136.
[I 2026-05-29 00:08:08,624] Trial 537 finished with value: 0.31178290234340944 and parameters: {'ISTN': 62.854301611103274, 'I_gpe': 1.5391953424673517, 'I_gpi': 2.071461166698865, 'noise_stn_sigma': 2.474811712385319, 'noise_gpe_sigma': 129.3224241675963, 'noise_gpi_sigma': 63.94041632632455, 'g_stn_gpe_mult': 3.0571984764797246, 'g_gpe_stn_mult': 0.14008789905799243, 'g_stn_gpi_mult': 2.545508554993729, 'g_gpe_gpi_mult': 0.32912941623576275}. Best is trial 484 with value: 0.15195341987919136.
[I 2026-05-29 00:08:09,633] Trial 538 finished with value: 0.26033487941073763 and parameters: {'ISTN': 63.30012405510917, 'I_gpe': 1.424102694728604, 'I_gpi': 1.8599703209143255, 'noise_stn_sigma': 2.7809203078588407, 'noise_gpe_sigma': 132.94210142508905, 'noise_gpi_sigma': 61.636431780361505, 'g_stn_gpe_mult': 2.6604926376445834, 'g_gpe_stn_mult': 0.20710467984901598, 'g_stn_gpi_mult': 2.680692093464598, 'g_gpe_gpi_mult': 0.2885099099391484}. Best is trial 484 with value: 0.15195341987919136.
[I 2026-05-29 00:08:10,642] Trial 539 finished with value: 0.1969039621397278 and parameters: {'ISTN': 60.05615481353019, 'I_gpe': 1.0553634330936132, 'I_gpi': 1.8386006571090059, 'noise_stn_sigma': 2.800955375904066, 'noise_gpe_sigma': 124.2264367824338, 'noise_gpi_sigma': 59.97801763171426, 'g_stn_gpe_mult': 2.4910216925247846, 'g_gpe_stn_mult': 0.14420726521185695, 'g_stn_gpi_mult': 2.3922850837405836, 'g_gpe_gpi_mult': 0.3236701653362407}. Best is trial 484 with value: 0.15195341987919136.
[I 2026-05-29 00:08:11,651] Trial 540 finished with value: 3.6565710447893958 and parameters: {'ISTN': 63.46641637862488, 'I_gpe': 1.3572477847129185, 'I_gpi': 2.184663201569508, 'noise_stn_sigma': 3.4305619788053696, 'noise_gpe_sigma': 127.86372722416208, 'noise_gpi_sigma': 70.30893585389123, 'g_stn_gpe_mult': 2.8270040002402244, 'g_gpe_stn_mult': 0.1726582298739383, 'g_stn_gpi_mult': 2.4678159200138268, 'g_gpe_gpi_mult': 0.3748973626483299}. Best is trial 484 with value: 0.15195341987919136.
[I 2026-05-29 00:08:12,662] Trial 541 finished with value: 0.22317301909255935 and parameters: {'ISTN': 62.345048296966354, 'I_gpe': 1.3528424558431502, 'I_gpi': 1.6496323235924368, 'noise_stn_sigma': 2.7370272960102118, 'noise_gpe_sigma': 139.8219024935442, 'noise_gpi_sigma': 64.4325536064908, 'g_stn_gpe_mult': 2.7414689718874015, 'g_gpe_stn_mult': 0.19031762991622392, 'g_stn_gpi_mult': 2.7621540238991775, 'g_gpe_gpi_mult': 0.23696299731634946}. Best is trial 484 with value: 0.15195341987919136.
[I 2026-05-29 00:08:13,672] Trial 542 finished with value: 0.15151530881891187 and parameters: {'ISTN': 60.52362156921067, 'I_gpe': 1.1945221664821108, 'I_gpi': 1.9015530290891776, 'noise_stn_sigma': 2.9602932853555224, 'noise_gpe_sigma': 132.26903870121328, 'noise_gpi_sigma': 70.92329041467363, 'g_stn_gpe_mult': 2.5868488081513226, 'g_gpe_stn_mult': 0.16618574541170095, 'g_stn_gpi_mult': 2.499793398899751, 'g_gpe_gpi_mult': 0.3290873739552681}. Best is trial 542 with value: 0.15151530881891187.
[I 2026-05-29 00:08:14,679] Trial 543 finished with value: 1.815072351257931 and parameters: {'ISTN': 63.48118102627062, 'I_gpe': 1.0215146210854176, 'I_gpi': 1.854658607057526, 'noise_stn_sigma': 3.25100569177836, 'noise_gpe_sigma': 130.55909421015883, 'noise_gpi_sigma': 71.69692800671186, 'g_stn_gpe_mult': 3.041092979277349, 'g_gpe_stn_mult': 0.1889427074561984, 'g_stn_gpi_mult': 2.6780980534678145, 'g_gpe_gpi_mult': 0.294900545598086}. Best is trial 542 with value: 0.15151530881891187.
[I 2026-05-29 00:08:15,687] Trial 544 finished with value: 0.18074213607982298 and parameters: {'ISTN': 62.23325874575689, 'I_gpe': 1.2725661952423275, 'I_gpi': 1.7627770829336709, 'noise_stn_sigma': 2.4337471306409197, 'noise_gpe_sigma': 120.82294353999121, 'noise_gpi_sigma': 67.03041181651798, 'g_stn_gpe_mult': 2.5940915304119923, 'g_gpe_stn_mult': 0.17903407735051063, 'g_stn_gpi_mult': 2.568997156538821, 'g_gpe_gpi_mult': 0.32008103475426086}. Best is trial 542 with value: 0.15151530881891187.
[I 2026-05-29 00:08:16,697] Trial 545 finished with value: 2.752776123422793 and parameters: {'ISTN': 65.14867961965922, 'I_gpe': 1.3122779411882313, 'I_gpi': 2.0946646106264715, 'noise_stn_sigma': 3.1579503738729318, 'noise_gpe_sigma': 114.03381793821617, 'noise_gpi_sigma': 67.40182328683407, 'g_stn_gpe_mult': 2.5270809498928033, 'g_gpe_stn_mult': 0.2660092551366181, 'g_stn_gpi_mult': 2.4790671993719062, 'g_gpe_gpi_mult': 0.3256563968898406}. Best is trial 542 with value: 0.15151530881891187.
[I 2026-05-29 00:08:17,707] Trial 546 finished with value: 3.5098316971909753 and parameters: {'ISTN': 65.92943866976272, 'I_gpe': 1.2702352602413298, 'I_gpi': 2.0811923797174443, 'noise_stn_sigma': 3.204270587197631, 'noise_gpe_sigma': 120.37385768311103, 'noise_gpi_sigma': 54.17289950922345, 'g_stn_gpe_mult': 2.543807957663316, 'g_gpe_stn_mult': 0.25003107610222364, 'g_stn_gpi_mult': 2.5190128971380537, 'g_gpe_gpi_mult': 0.37917535785923245}. Best is trial 542 with value: 0.15151530881891187.
[I 2026-05-29 00:08:18,716] Trial 547 finished with value: 0.1832570166482986 and parameters: {'ISTN': 63.4608269188049, 'I_gpe': 1.2672686274962142, 'I_gpi': 1.84005286867701, 'noise_stn_sigma': 2.6457102942819866, 'noise_gpe_sigma': 127.18849097800708, 'noise_gpi_sigma': 67.47033586705072, 'g_stn_gpe_mult': 2.713170593472987, 'g_gpe_stn_mult': 0.17275387594076091, 'g_stn_gpi_mult': 2.5226703307639253, 'g_gpe_gpi_mult': 0.27742508319355075}. Best is trial 542 with value: 0.15151530881891187.
[I 2026-05-29 00:08:19,725] Trial 548 finished with value: 0.22098775986632357 and parameters: {'ISTN': 63.685151643658386, 'I_gpe': 1.054059374960275, 'I_gpi': 1.766121185153561, 'noise_stn_sigma': 2.422484961982888, 'noise_gpe_sigma': 114.53026676682371, 'noise_gpi_sigma': 63.256893675472405, 'g_stn_gpe_mult': 2.5184546301555484, 'g_gpe_stn_mult': 0.18875210945988968, 'g_stn_gpi_mult': 2.555415244196394, 'g_gpe_gpi_mult': 0.2988988426816158}. Best is trial 542 with value: 0.15151530881891187.
[I 2026-05-29 00:08:20,733] Trial 549 finished with value: 0.1715152049682652 and parameters: {'ISTN': 61.89650392392454, 'I_gpe': 1.1860723624203102, 'I_gpi': 2.016328848441261, 'noise_stn_sigma': 2.9992470023521522, 'noise_gpe_sigma': 126.12681995803331, 'noise_gpi_sigma': 67.39318367784264, 'g_stn_gpe_mult': 2.746707332667759, 'g_gpe_stn_mult': 0.17728797010760133, 'g_stn_gpi_mult': 2.5107523773991667, 'g_gpe_gpi_mult': 0.318752219224529}. Best is trial 542 with value: 0.15151530881891187.
[I 2026-05-29 00:08:21,743] Trial 550 finished with value: 0.27487795084670064 and parameters: {'ISTN': 61.93304894356309, 'I_gpe': 1.0926352763348919, 'I_gpi': 1.5026640506603157, 'noise_stn_sigma': 2.7007373334664027, 'noise_gpe_sigma': 122.65751115016434, 'noise_gpi_sigma': 67.77664984784035, 'g_stn_gpe_mult': 2.674376075133086, 'g_gpe_stn_mult': 0.2107370019927769, 'g_stn_gpi_mult': 2.638645615120377, 'g_gpe_gpi_mult': 0.3506470174977995}. Best is trial 542 with value: 0.15151530881891187.
[I 2026-05-29 00:08:22,752] Trial 551 finished with value: 0.5398504256145946 and parameters: {'ISTN': 63.58928392663413, 'I_gpe': 1.1855657746432964, 'I_gpi': 1.7819865574605371, 'noise_stn_sigma': 2.608055567339634, 'noise_gpe_sigma': 124.4149587721411, 'noise_gpi_sigma': 70.72215169548686, 'g_stn_gpe_mult': 2.934738264226173, 'g_gpe_stn_mult': 0.20773002623135645, 'g_stn_gpi_mult': 2.5970845028405445, 'g_gpe_gpi_mult': 0.3006190668742983}. Best is trial 542 with value: 0.15151530881891187.
[I 2026-05-29 00:08:23,759] Trial 552 finished with value: 0.2714692772614214 and parameters: {'ISTN': 60.60757318613318, 'I_gpe': 1.1052473215419765, 'I_gpi': 1.532358299383736, 'noise_stn_sigma': 2.676288734254846, 'noise_gpe_sigma': 123.64582344021538, 'noise_gpi_sigma': 82.62469384214214, 'g_stn_gpe_mult': 2.72163528906541, 'g_gpe_stn_mult': 0.13979159847373296, 'g_stn_gpi_mult': 2.448895108666555, 'g_gpe_gpi_mult': 0.33849512481975486}. Best is trial 542 with value: 0.15151530881891187.
[I 2026-05-29 00:08:24,765] Trial 553 finished with value: 6.471358114497537 and parameters: {'ISTN': 65.11160128112755, 'I_gpe': 1.118294336026172, 'I_gpi': 1.8367409323280888, 'noise_stn_sigma': 3.1229584999476216, 'noise_gpe_sigma': 125.81627989380227, 'noise_gpi_sigma': 76.15548672047174, 'g_stn_gpe_mult': 2.6648771035073904, 'g_gpe_stn_mult': 0.19988352769005746, 'g_stn_gpi_mult': 2.6885224868926167, 'g_gpe_gpi_mult': 0.34589854284495075}. Best is trial 542 with value: 0.15151530881891187.
[I 2026-05-29 00:08:25,775] Trial 554 finished with value: 0.17876588757820033 and parameters: {'ISTN': 62.16255724157981, 'I_gpe': 1.2033846022046366, 'I_gpi': 1.884320736905239, 'noise_stn_sigma': 2.881256365934285, 'noise_gpe_sigma': 127.67045195429819, 'noise_gpi_sigma': 73.38835284457852, 'g_stn_gpe_mult': 2.8531019250518934, 'g_gpe_stn_mult': 0.17144784316530048, 'g_stn_gpi_mult': 2.3099459707247334, 'g_gpe_gpi_mult': 0.39009191669944865}. Best is trial 542 with value: 0.15151530881891187.
[I 2026-05-29 00:08:26,783] Trial 555 finished with value: 0.17402123373205264 and parameters: {'ISTN': 62.72925268742139, 'I_gpe': 1.133929547697905, 'I_gpi': 1.8674411390334589, 'noise_stn_sigma': 3.1167931052457742, 'noise_gpe_sigma': 119.53631360963682, 'noise_gpi_sigma': 72.56608089451956, 'g_stn_gpe_mult': 2.673180230456903, 'g_gpe_stn_mult': 0.14157479138652684, 'g_stn_gpi_mult': 2.520073603967602, 'g_gpe_gpi_mult': 0.37183522028326793}. Best is trial 542 with value: 0.15151530881891187.
[I 2026-05-29 00:08:27,791] Trial 556 finished with value: 0.2026548507792277 and parameters: {'ISTN': 60.4830642063925, 'I_gpe': 0.9788456315364528, 'I_gpi': 1.8426872318520835, 'noise_stn_sigma': 2.748440469364663, 'noise_gpe_sigma': 130.54077781041872, 'noise_gpi_sigma': 71.98567529101206, 'g_stn_gpe_mult': 2.6693061563237483, 'g_gpe_stn_mult': 0.16355315161762118, 'g_stn_gpi_mult': 2.4137886746211414, 'g_gpe_gpi_mult': 0.37880161526405187}. Best is trial 542 with value: 0.15151530881891187.
[I 2026-05-29 00:08:28,798] Trial 557 finished with value: 0.1774593467105274 and parameters: {'ISTN': 61.868396528341634, 'I_gpe': 1.1654058956532654, 'I_gpi': 1.9476058855831626, 'noise_stn_sigma': 2.7643622948004496, 'noise_gpe_sigma': 125.2034385021081, 'noise_gpi_sigma': 56.911598046135744, 'g_stn_gpe_mult': 2.5094934619054707, 'g_gpe_stn_mult': 0.12818358568369675, 'g_stn_gpi_mult': 2.517745790667804, 'g_gpe_gpi_mult': 0.4096280863662573}. Best is trial 542 with value: 0.15151530881891187.
[I 2026-05-29 00:08:29,806] Trial 558 finished with value: 0.1771623538342629 and parameters: {'ISTN': 62.22262314124625, 'I_gpe': 1.2486210788892853, 'I_gpi': 1.9598358756194594, 'noise_stn_sigma': 3.083457163401994, 'noise_gpe_sigma': 126.41187018827995, 'noise_gpi_sigma': 60.229513549661476, 'g_stn_gpe_mult': 2.711287351347808, 'g_gpe_stn_mult': 0.17623748703810843, 'g_stn_gpi_mult': 2.5013050092061744, 'g_gpe_gpi_mult': 0.25124849842322794}. Best is trial 542 with value: 0.15151530881891187.
[I 2026-05-29 00:08:30,813] Trial 559 finished with value: 3.759968912290251 and parameters: {'ISTN': 65.68070423393215, 'I_gpe': 1.260857298933659, 'I_gpi': 1.7386318447640352, 'noise_stn_sigma': 3.078756067485596, 'noise_gpe_sigma': 124.19362467256312, 'noise_gpi_sigma': 78.87519735838475, 'g_stn_gpe_mult': 2.779417832894231, 'g_gpe_stn_mult': 0.21531152037012613, 'g_stn_gpi_mult': 2.551515450839337, 'g_gpe_gpi_mult': 0.2580764955560657}. Best is trial 542 with value: 0.15151530881891187.
[I 2026-05-29 00:08:31,821] Trial 560 finished with value: 1.2036211599826 and parameters: {'ISTN': 61.363070137668956, 'I_gpe': 1.0601561258894163, 'I_gpi': 1.818348093096437, 'noise_stn_sigma': 3.3945948761404767, 'noise_gpe_sigma': 125.21699350255852, 'noise_gpi_sigma': 80.76355629233728, 'g_stn_gpe_mult': 2.683655323053466, 'g_gpe_stn_mult': 0.22041035226704989, 'g_stn_gpi_mult': 2.421066559467414, 'g_gpe_gpi_mult': 0.32974157444332175}. Best is trial 542 with value: 0.15151530881891187.
[I 2026-05-29 00:08:32,830] Trial 561 finished with value: 0.3500575119194168 and parameters: {'ISTN': 64.58194175387133, 'I_gpe': 1.1757893830078316, 'I_gpi': 1.6892984991568527, 'noise_stn_sigma': 3.0065241003560845, 'noise_gpe_sigma': 121.13308451801451, 'noise_gpi_sigma': 68.30051218378742, 'g_stn_gpe_mult': 2.661190554923475, 'g_gpe_stn_mult': 0.14944888905646167, 'g_stn_gpi_mult': 2.4796980466644443, 'g_gpe_gpi_mult': 0.3524631227947621}. Best is trial 542 with value: 0.15151530881891187.
[I 2026-05-29 00:08:33,837] Trial 562 finished with value: 0.24690741335146185 and parameters: {'ISTN': 60.732690168281074, 'I_gpe': 1.2008868836437538, 'I_gpi': 2.0112386805098112, 'noise_stn_sigma': 2.620632821766899, 'noise_gpe_sigma': 130.2660471926051, 'noise_gpi_sigma': 76.10396592095589, 'g_stn_gpe_mult': 2.516062687126686, 'g_gpe_stn_mult': 0.11744947851539907, 'g_stn_gpi_mult': 2.4974105910722004, 'g_gpe_gpi_mult': 0.3509269821504296}. Best is trial 542 with value: 0.15151530881891187.
[I 2026-05-29 00:08:34,845] Trial 563 finished with value: 0.17374020649853464 and parameters: {'ISTN': 63.372050790489844, 'I_gpe': 1.1827487936019727, 'I_gpi': 1.864615287318376, 'noise_stn_sigma': 2.9483545296712546, 'noise_gpe_sigma': 122.84341656272365, 'noise_gpi_sigma': 68.4327526276715, 'g_stn_gpe_mult': 2.6647469539376423, 'g_gpe_stn_mult': 0.11426571754261716, 'g_stn_gpi_mult': 2.440161218235389, 'g_gpe_gpi_mult': 0.3538017424662663}. Best is trial 542 with value: 0.15151530881891187.
[I 2026-05-29 00:08:35,853] Trial 564 finished with value: 0.1858111811663371 and parameters: {'ISTN': 60.28129140093843, 'I_gpe': 1.0299590397019447, 'I_gpi': 1.9749730681701567, 'noise_stn_sigma': 3.0192510147698397, 'noise_gpe_sigma': 123.96647001688042, 'noise_gpi_sigma': 58.011544008536774, 'g_stn_gpe_mult': 2.5882210753502157, 'g_gpe_stn_mult': 0.15491085586444492, 'g_stn_gpi_mult': 2.470158207378957, 'g_gpe_gpi_mult': 0.3277823545854499}. Best is trial 542 with value: 0.15151530881891187.
[I 2026-05-29 00:08:36,861] Trial 565 finished with value: 0.20951790803854667 and parameters: {'ISTN': 63.30443516052827, 'I_gpe': 1.1657220055189117, 'I_gpi': 1.7801606880267244, 'noise_stn_sigma': 3.005746250084305, 'noise_gpe_sigma': 123.40647914818264, 'noise_gpi_sigma': 64.55529987925533, 'g_stn_gpe_mult': 2.594075823114624, 'g_gpe_stn_mult': 0.1481958056964543, 'g_stn_gpi_mult': 2.39171269962671, 'g_gpe_gpi_mult': 0.3636827648277886}. Best is trial 542 with value: 0.15151530881891187.
[I 2026-05-29 00:08:37,872] Trial 566 finished with value: 0.1888846535881203 and parameters: {'ISTN': 64.038304930973, 'I_gpe': 1.1202118156659602, 'I_gpi': 2.083808187424379, 'noise_stn_sigma': 3.007438526820704, 'noise_gpe_sigma': 117.39866162045233, 'noise_gpi_sigma': 66.03135242510108, 'g_stn_gpe_mult': 2.859330594292874, 'g_gpe_stn_mult': 0.12438345474135895, 'g_stn_gpi_mult': 2.4280528398295242, 'g_gpe_gpi_mult': 0.41420131461997844}. Best is trial 542 with value: 0.15151530881891187.
[I 2026-05-29 00:08:38,880] Trial 567 finished with value: 0.18834748610744326 and parameters: {'ISTN': 62.28991943360076, 'I_gpe': 1.1264579158697865, 'I_gpi': 1.73041341774005, 'noise_stn_sigma': 2.8609681795315387, 'noise_gpe_sigma': 123.35361778261205, 'noise_gpi_sigma': 65.00585963025264, 'g_stn_gpe_mult': 2.552961372976151, 'g_gpe_stn_mult': 0.13888500579856008, 'g_stn_gpi_mult': 2.7124887563082467, 'g_gpe_gpi_mult': 0.3376468507130888}. Best is trial 542 with value: 0.15151530881891187.
[I 2026-05-29 00:08:39,888] Trial 568 finished with value: 0.21139470755185158 and parameters: {'ISTN': 63.87343932010528, 'I_gpe': 1.086808262695668, 'I_gpi': 1.759507151941793, 'noise_stn_sigma': 2.9829696702665425, 'noise_gpe_sigma': 129.93972954654998, 'noise_gpi_sigma': 69.41651017450667, 'g_stn_gpe_mult': 2.8364140202368344, 'g_gpe_stn_mult': 0.1794350834362169, 'g_stn_gpi_mult': 2.594421307482613, 'g_gpe_gpi_mult': 0.2833955259012763}. Best is trial 542 with value: 0.15151530881891187.
[I 2026-05-29 00:08:40,897] Trial 569 finished with value: 0.20126649663432777 and parameters: {'ISTN': 64.44351013218593, 'I_gpe': 1.0646769937294402, 'I_gpi': 1.8930449150618944, 'noise_stn_sigma': 2.84424931308225, 'noise_gpe_sigma': 118.20877100175828, 'noise_gpi_sigma': 63.7243846180678, 'g_stn_gpe_mult': 2.5625175380355136, 'g_gpe_stn_mult': 0.12962375705313323, 'g_stn_gpi_mult': 2.363801615431264, 'g_gpe_gpi_mult': 0.3759586507896561}. Best is trial 542 with value: 0.15151530881891187.
[I 2026-05-29 00:08:41,905] Trial 570 finished with value: 0.18120400035175976 and parameters: {'ISTN': 64.94443789100944, 'I_gpe': 1.214585470096241, 'I_gpi': 1.9455757209763527, 'noise_stn_sigma': 2.962419156996112, 'noise_gpe_sigma': 119.04791565017925, 'noise_gpi_sigma': 70.25995375343169, 'g_stn_gpe_mult': 2.6891787127621116, 'g_gpe_stn_mult': 0.14621744696527708, 'g_stn_gpi_mult': 2.6313977435428266, 'g_gpe_gpi_mult': 0.30861885014071083}. Best is trial 542 with value: 0.15151530881891187.
[I 2026-05-29 00:08:42,914] Trial 571 finished with value: 0.16537289723461765 and parameters: {'ISTN': 62.80753478759892, 'I_gpe': 1.195015765839667, 'I_gpi': 1.9961919323489763, 'noise_stn_sigma': 2.6796296470970153, 'noise_gpe_sigma': 121.86182190830432, 'noise_gpi_sigma': 64.5053628190193, 'g_stn_gpe_mult': 2.6849252800070023, 'g_gpe_stn_mult': 0.10319427283871156, 'g_stn_gpi_mult': 2.3931389190876637, 'g_gpe_gpi_mult': 0.3651137825132598}. Best is trial 542 with value: 0.15151530881891187.
