[I 2026-05-28 23:09:43,130] Trial 88 finished with value: 14.460244746310476 and parameters: {'ISTN': 77.96775108795165, 'I_gpe': 2.4893776821009705, 'I_gpi': 1.2270529028427433, 'noise_stn_sigma': 6.4237540150289, 'noise_gpe_sigma': 126.8838581176829, 'noise_gpi_sigma': 53.15911086510872, 'g_stn_gpe_mult': 3.102519976002023, 'g_gpe_stn_mult': 0.6670061515877757, 'g_stn_gpi_mult': 1.600370033185715, 'g_gpe_gpi_mult': 0.6429589382106047}. Best is trial 4 with value: 3.429511868616504.
[I 2026-05-28 23:09:44,138] Trial 89 finished with value: 20.397041726001035 and parameters: {'ISTN': 84.27526559070566, 'I_gpe': 3.1130405092437208, 'I_gpi': 2.0077271606297153, 'noise_stn_sigma': 6.560529620761383, 'noise_gpe_sigma': 84.51104004474706, 'noise_gpi_sigma': 53.310907109801896, 'g_stn_gpe_mult': 2.409798055105076, 'g_gpe_stn_mult': 0.550044541748145, 'g_stn_gpi_mult': 1.4538017342052798, 'g_gpe_gpi_mult': 0.5105162265034384}. Best is trial 4 with value: 3.429511868616504.
[I 2026-05-28 23:09:45,145] Trial 90 finished with value: 14.609872433827483 and parameters: {'ISTN': 72.84151206452607, 'I_gpe': 2.460796985630189, 'I_gpi': 1.8933855034466358, 'noise_stn_sigma': 5.67141099994395, 'noise_gpe_sigma': 98.45595912712585, 'noise_gpi_sigma': 116.55168300423401, 'g_stn_gpe_mult': 2.4938544532168856, 'g_gpe_stn_mult': 0.528867638897408, 'g_stn_gpi_mult': 1.8373304389098166, 'g_gpe_gpi_mult': 0.7437061809321295}. Best is trial 4 with value: 3.429511868616504.
[I 2026-05-28 23:09:46,155] Trial 91 finished with value: 21.947353134384354 and parameters: {'ISTN': 105.9489677870177, 'I_gpe': 1.7129724007258316, 'I_gpi': 1.6704138145358132, 'noise_stn_sigma': 6.809229124498107, 'noise_gpe_sigma': 149.38150520740643, 'noise_gpi_sigma': 91.9064230088195, 'g_stn_gpe_mult': 2.981739862616373, 'g_gpe_stn_mult': 0.4425999618345199, 'g_stn_gpi_mult': 2.849906299044229, 'g_gpe_gpi_mult': 0.5681390303959872}. Best is trial 4 with value: 3.429511868616504.
[I 2026-05-28 23:09:47,162] Trial 92 finished with value: 13.135697451883006 and parameters: {'ISTN': 62.49272950939085, 'I_gpe': 2.046448445361135, 'I_gpi': 1.336178094619931, 'noise_stn_sigma': 6.847510946700362, 'noise_gpe_sigma': 112.1998611786765, 'noise_gpi_sigma': 116.98553838044346, 'g_stn_gpe_mult': 2.186940529676376, 'g_gpe_stn_mult': 0.7528867092585292, 'g_stn_gpi_mult': 2.5140745190606655, 'g_gpe_gpi_mult': 0.4199398760436382}. Best is trial 4 with value: 3.429511868616504.
[I 2026-05-28 23:09:48,110] Trial 93 finished with value: 1000000.0 and parameters: {'ISTN': 63.54807871640284, 'I_gpe': 3.294824663645007, 'I_gpi': 2.7506866258841125, 'noise_stn_sigma': 7.150596907201978, 'noise_gpe_sigma': 112.09571257685148, 'noise_gpi_sigma': 111.87612120559913, 'g_stn_gpe_mult': 3.559952191386848, 'g_gpe_stn_mult': 0.6865197091423128, 'g_stn_gpi_mult': 2.3724739846718226, 'g_gpe_gpi_mult': 0.44410079485750853}. Best is trial 4 with value: 3.429511868616504.
[I 2026-05-28 23:09:49,120] Trial 94 finished with value: 11.631728811106637 and parameters: {'ISTN': 65.44638735308159, 'I_gpe': 1.5646730853488273, 'I_gpi': 1.1676703982060914, 'noise_stn_sigma': 6.347194928266214, 'noise_gpe_sigma': 113.36156374061548, 'noise_gpi_sigma': 79.35812572132238, 'g_stn_gpe_mult': 2.758803241464074, 'g_gpe_stn_mult': 0.5504086150294892, 'g_stn_gpi_mult': 2.2480938747757637, 'g_gpe_gpi_mult': 0.883485318616972}. Best is trial 4 with value: 3.429511868616504.
[I 2026-05-28 23:09:50,126] Trial 95 finished with value: 6.963694927701438 and parameters: {'ISTN': 64.52020745293571, 'I_gpe': 1.562636556830015, 'I_gpi': 1.6346835508931128, 'noise_stn_sigma': 6.290403434225624, 'noise_gpe_sigma': 141.5160394352605, 'noise_gpi_sigma': 86.5718956761658, 'g_stn_gpe_mult': 2.8243809153415196, 'g_gpe_stn_mult': 0.6851528869863799, 'g_stn_gpi_mult': 2.679372453567715, 'g_gpe_gpi_mult': 0.8358118257247518}. Best is trial 4 with value: 3.429511868616504.
[I 2026-05-28 23:09:51,132] Trial 96 finished with value: 11.483442730541956 and parameters: {'ISTN': 67.197967493697, 'I_gpe': 2.1659121555387086, 'I_gpi': 1.8345647920140835, 'noise_stn_sigma': 3.560021634952301, 'noise_gpe_sigma': 121.77755535307179, 'noise_gpi_sigma': 107.03787480783723, 'g_stn_gpe_mult': 1.8114347614387811, 'g_gpe_stn_mult': 0.6750117425946794, 'g_stn_gpi_mult': 2.222365307968813, 'g_gpe_gpi_mult': 0.6650770966412787}. Best is trial 4 with value: 3.429511868616504.
[I 2026-05-28 23:09:52,141] Trial 97 finished with value: 13.687414632549824 and parameters: {'ISTN': 92.40671765927456, 'I_gpe': 1.6600340322914497, 'I_gpi': 1.640861479526225, 'noise_stn_sigma': 7.654206297588281, 'noise_gpe_sigma': 130.80511871747967, 'noise_gpi_sigma': 99.61702233852228, 'g_stn_gpe_mult': 3.301282185834157, 'g_gpe_stn_mult': 0.6750765119767905, 'g_stn_gpi_mult': 2.1605237109367144, 'g_gpe_gpi_mult': 0.6689098900595604}. Best is trial 4 with value: 3.429511868616504.
[I 2026-05-28 23:09:53,148] Trial 98 finished with value: 9.205094467745614 and parameters: {'ISTN': 61.98670696963624, 'I_gpe': 2.27814995250265, 'I_gpi': 1.1558679636692357, 'noise_stn_sigma': 6.945417421176306, 'noise_gpe_sigma': 114.567510956872, 'noise_gpi_sigma': 77.00510238228912, 'g_stn_gpe_mult': 2.474973776068892, 'g_gpe_stn_mult': 0.6642836051724254, 'g_stn_gpi_mult': 2.720721167670158, 'g_gpe_gpi_mult': 0.82147005901266}. Best is trial 4 with value: 3.429511868616504.
[I 2026-05-28 23:09:54,155] Trial 99 finished with value: 20.079110365056465 and parameters: {'ISTN': 89.66356424490996, 'I_gpe': 1.9966882838019586, 'I_gpi': 2.3717506873883982, 'noise_stn_sigma': 3.9456366818754853, 'noise_gpe_sigma': 109.96950099133971, 'noise_gpi_sigma': 100.87994714038985, 'g_stn_gpe_mult': 3.127050509526097, 'g_gpe_stn_mult': 0.4968676796632726, 'g_stn_gpi_mult': 2.52245881851931, 'g_gpe_gpi_mult': 0.5878518234293968}. Best is trial 4 with value: 3.429511868616504.
[I 2026-05-28 23:09:55,163] Trial 100 finished with value: 10.686929327118866 and parameters: {'ISTN': 69.29694432886203, 'I_gpe': 2.2988971557263755, 'I_gpi': 2.299912080302369, 'noise_stn_sigma': 6.508073145436246, 'noise_gpe_sigma': 141.89045653104, 'noise_gpi_sigma': 94.71648147569195, 'g_stn_gpe_mult': 2.5659931470849484, 'g_gpe_stn_mult': 0.6702566386743181, 'g_stn_gpi_mult': 1.2531377538884891, 'g_gpe_gpi_mult': 0.9999957076584858}. Best is trial 4 with value: 3.429511868616504.
[I 2026-05-28 23:09:56,172] Trial 101 finished with value: 8.81038002180254 and parameters: {'ISTN': 70.04299737790987, 'I_gpe': 0.9168979558907951, 'I_gpi': 2.2047619519988335, 'noise_stn_sigma': 6.2369282795463885, 'noise_gpe_sigma': 139.41183977982706, 'noise_gpi_sigma': 95.50244249022747, 'g_stn_gpe_mult': 2.178640357158232, 'g_gpe_stn_mult': 0.76311573632747, 'g_stn_gpi_mult': 2.4337795102277555, 'g_gpe_gpi_mult': 1.04659615426029}. Best is trial 4 with value: 3.429511868616504.
[I 2026-05-28 23:09:57,181] Trial 102 finished with value: 7.2519837406553025 and parameters: {'ISTN': 66.29007339373118, 'I_gpe': 2.0818754104130925, 'I_gpi': 1.7548940553694286, 'noise_stn_sigma': 5.862830959156053, 'noise_gpe_sigma': 117.40907222720499, 'noise_gpi_sigma': 72.09533492050217, 'g_stn_gpe_mult': 3.079163006925153, 'g_gpe_stn_mult': 0.7283794977525458, 'g_stn_gpi_mult': 3.2384737328556756, 'g_gpe_gpi_mult': 0.9928687403559606}. Best is trial 4 with value: 3.429511868616504.
[I 2026-05-28 23:09:58,192] Trial 103 finished with value: 16.067335482478946 and parameters: {'ISTN': 81.16895093430647, 'I_gpe': 2.3599461690475874, 'I_gpi': 2.4937699368601356, 'noise_stn_sigma': 7.17975272300314, 'noise_gpe_sigma': 135.89761876286687, 'noise_gpi_sigma': 67.46680517890435, 'g_stn_gpe_mult': 2.407959176745423, 'g_gpe_stn_mult': 0.5698844617868666, 'g_stn_gpi_mult': 2.7120135717689746, 'g_gpe_gpi_mult': 0.9500942008933864}. Best is trial 4 with value: 3.429511868616504.
[I 2026-05-28 23:09:59,198] Trial 104 finished with value: 13.449796955371534 and parameters: {'ISTN': 64.08963675844225, 'I_gpe': 1.350623622425097, 'I_gpi': 1.5254931980449218, 'noise_stn_sigma': 3.591658085903996, 'noise_gpe_sigma': 105.31365153858704, 'noise_gpi_sigma': 104.54034975617517, 'g_stn_gpe_mult': 3.19908418396022, 'g_gpe_stn_mult': 0.6387722475050065, 'g_stn_gpi_mult': 2.707022463903713, 'g_gpe_gpi_mult': 0.6775550371381802}. Best is trial 4 with value: 3.429511868616504.
[I 2026-05-28 23:10:00,206] Trial 105 finished with value: 13.29392480401053 and parameters: {'ISTN': 62.88745673072922, 'I_gpe': 0.7413771913033038, 'I_gpi': 2.02154677050259, 'noise_stn_sigma': 5.436798082438904, 'noise_gpe_sigma': 112.98384330347893, 'noise_gpi_sigma': 101.88648561776691, 'g_stn_gpe_mult': 3.0224343527039705, 'g_gpe_stn_mult': 0.6194099422913616, 'g_stn_gpi_mult': 2.3354301100994554, 'g_gpe_gpi_mult': 1.0335515621420497}. Best is trial 4 with value: 3.429511868616504.
[I 2026-05-28 23:10:01,214] Trial 106 finished with value: 5.881435069000991 and parameters: {'ISTN': 62.665714913071696, 'I_gpe': 1.621540323649008, 'I_gpi': 1.9506793757488767, 'noise_stn_sigma': 5.91223747550992, 'noise_gpe_sigma': 121.77029106715428, 'noise_gpi_sigma': 121.11555880586009, 'g_stn_gpe_mult': 2.1450764814437555, 'g_gpe_stn_mult': 0.5936449173189168, 'g_stn_gpi_mult': 2.585301526380519, 'g_gpe_gpi_mult': 0.7558285299368337}. Best is trial 4 with value: 3.429511868616504.
[I 2026-05-28 23:10:02,223] Trial 107 finished with value: 12.77443449547313 and parameters: {'ISTN': 66.48997482081865, 'I_gpe': 1.7785498286474066, 'I_gpi': 2.1606920917194694, 'noise_stn_sigma': 7.767559789992907, 'noise_gpe_sigma': 121.08349428562853, 'noise_gpi_sigma': 85.71679261464404, 'g_stn_gpe_mult': 3.2607264813448804, 'g_gpe_stn_mult': 0.5428584644613831, 'g_stn_gpi_mult': 2.5341458403610684, 'g_gpe_gpi_mult': 0.6635643809641969}. Best is trial 4 with value: 3.429511868616504.
[I 2026-05-28 23:10:03,231] Trial 108 finished with value: 15.627060033402168 and parameters: {'ISTN': 71.76884434587727, 'I_gpe': 2.808287728128201, 'I_gpi': 1.5917431544447331, 'noise_stn_sigma': 7.697336960015438, 'noise_gpe_sigma': 136.5067162052877, 'noise_gpi_sigma': 93.79248095070062, 'g_stn_gpe_mult': 2.327791563254041, 'g_gpe_stn_mult': 0.6456076358843691, 'g_stn_gpi_mult': 2.5782508859394024, 'g_gpe_gpi_mult': 0.973657461826624}. Best is trial 4 with value: 3.429511868616504.
[I 2026-05-28 23:10:04,241] Trial 109 finished with value: 14.719035505525522 and parameters: {'ISTN': 73.73151311087, 'I_gpe': 1.3207197245900573, 'I_gpi': 2.4220862619508456, 'noise_stn_sigma': 5.42779235101567, 'noise_gpe_sigma': 135.86292261613636, 'noise_gpi_sigma': 93.46524243184678, 'g_stn_gpe_mult': 2.170047837004114, 'g_gpe_stn_mult': 0.5063271508594978, 'g_stn_gpi_mult': 2.272113616533664, 'g_gpe_gpi_mult': 1.0377041735091685}. Best is trial 4 with value: 3.429511868616504.
[I 2026-05-28 23:10:05,250] Trial 110 finished with value: 13.50867854682763 and parameters: {'ISTN': 64.95984718285327, 'I_gpe': 2.6274667438856056, 'I_gpi': 2.5362937721117134, 'noise_stn_sigma': 4.4277555924813745, 'noise_gpe_sigma': 111.76333449420545, 'noise_gpi_sigma': 119.43611296831736, 'g_stn_gpe_mult': 2.187390508401913, 'g_gpe_stn_mult': 0.49613575345384253, 'g_stn_gpi_mult': 1.7380692534562094, 'g_gpe_gpi_mult': 0.7126622584704747}. Best is trial 4 with value: 3.429511868616504.
[I 2026-05-28 23:10:06,258] Trial 111 finished with value: 12.29571554194465 and parameters: {'ISTN': 61.50823402256055, 'I_gpe': 1.495225980997438, 'I_gpi': 1.5988444730607578, 'noise_stn_sigma': 7.532075341581876, 'noise_gpe_sigma': 92.12266615359847, 'noise_gpi_sigma': 139.2068700958493, 'g_stn_gpe_mult': 2.438695220262354, 'g_gpe_stn_mult': 0.605774312186502, 'g_stn_gpi_mult': 3.2909293178585357, 'g_gpe_gpi_mult': 0.8098087468547361}. Best is trial 4 with value: 3.429511868616504.
[I 2026-05-28 23:10:07,268] Trial 112 finished with value: 14.426220369226481 and parameters: {'ISTN': 77.80575467003322, 'I_gpe': 0.695101641206325, 'I_gpi': 2.588197895462404, 'noise_stn_sigma': 7.289990073117485, 'noise_gpe_sigma': 112.90418016363131, 'noise_gpi_sigma': 134.1076727709758, 'g_stn_gpe_mult': 2.709481097073561, 'g_gpe_stn_mult': 0.4200288813102907, 'g_stn_gpi_mult': 2.4909543310246294, 'g_gpe_gpi_mult': 0.951456178365953}. Best is trial 4 with value: 3.429511868616504.
[I 2026-05-28 23:10:08,276] Trial 113 finished with value: 13.283510213238749 and parameters: {'ISTN': 63.46939399582987, 'I_gpe': 1.7394108728907227, 'I_gpi': 1.519335715590776, 'noise_stn_sigma': 7.6581379029600285, 'noise_gpe_sigma': 107.1016845139696, 'noise_gpi_sigma': 94.4857012919086, 'g_stn_gpe_mult': 2.1284152670994123, 'g_gpe_stn_mult': 0.5936962998333344, 'g_stn_gpi_mult': 2.7394931584798985, 'g_gpe_gpi_mult': 1.148943088170958}. Best is trial 4 with value: 3.429511868616504.
[I 2026-05-28 23:10:09,283] Trial 114 finished with value: 15.342585946256355 and parameters: {'ISTN': 63.623157207269124, 'I_gpe': 1.6748130659426081, 'I_gpi': 2.2302882867169487, 'noise_stn_sigma': 5.2641479066862695, 'noise_gpe_sigma': 68.37234503107703, 'noise_gpi_sigma': 129.52491672698937, 'g_stn_gpe_mult': 4.353877572510297, 'g_gpe_stn_mult': 0.5752262533075153, 'g_stn_gpi_mult': 2.419801217172212, 'g_gpe_gpi_mult': 0.8466294135749026}. Best is trial 4 with value: 3.429511868616504.
[I 2026-05-28 23:10:10,292] Trial 115 finished with value: 12.536295601121338 and parameters: {'ISTN': 65.8867884320611, 'I_gpe': 2.405480777133814, 'I_gpi': 1.5267586726379585, 'noise_stn_sigma': 5.096129668467919, 'noise_gpe_sigma': 111.68034994987997, 'noise_gpi_sigma': 110.24774829938475, 'g_stn_gpe_mult': 1.55750401065566, 'g_gpe_stn_mult': 0.6203919623330703, 'g_stn_gpi_mult': 2.455610495487896, 'g_gpe_gpi_mult': 1.1616108638727847}. Best is trial 4 with value: 3.429511868616504.
[I 2026-05-28 23:10:11,297] Trial 116 finished with value: 12.476531462848927 and parameters: {'ISTN': 82.63303600817363, 'I_gpe': 2.257149039013127, 'I_gpi': 3.0719173603591563, 'noise_stn_sigma': 5.510569644645377, 'noise_gpe_sigma': 142.44599492071274, 'noise_gpi_sigma': 95.54279432102075, 'g_stn_gpe_mult': 2.271491381214258, 'g_gpe_stn_mult': 0.638155006224507, 'g_stn_gpi_mult': 2.2664416272334718, 'g_gpe_gpi_mult': 0.7168915971676468}. Best is trial 4 with value: 3.429511868616504.
[I 2026-05-28 23:10:12,303] Trial 117 finished with value: 13.387995735687134 and parameters: {'ISTN': 83.32375162732355, 'I_gpe': 2.0339379175174486, 'I_gpi': 1.5940129363632811, 'noise_stn_sigma': 4.894483511303235, 'noise_gpe_sigma': 138.4291705951914, 'noise_gpi_sigma': 102.41810927091102, 'g_stn_gpe_mult': 3.39683664010495, 'g_gpe_stn_mult': 0.7228530074570728, 'g_stn_gpi_mult': 3.178145799404893, 'g_gpe_gpi_mult': 0.840758350407639}. Best is trial 4 with value: 3.429511868616504.
[I 2026-05-28 23:10:13,311] Trial 118 finished with value: 14.924217476250984 and parameters: {'ISTN': 67.86624947724567, 'I_gpe': 1.4240838812438226, 'I_gpi': 2.3896568695409957, 'noise_stn_sigma': 5.904165400593364, 'noise_gpe_sigma': 108.40740644849862, 'noise_gpi_sigma': 111.009100651697, 'g_stn_gpe_mult': 1.9363625260260948, 'g_gpe_stn_mult': 0.4624289244307964, 'g_stn_gpi_mult': 2.109555738534033, 'g_gpe_gpi_mult': 0.7837175141494754}. Best is trial 4 with value: 3.429511868616504.
[I 2026-05-28 23:10:14,318] Trial 119 finished with value: 5.527965702728898 and parameters: {'ISTN': 62.54235331031911, 'I_gpe': 2.205365972335148, 'I_gpi': 2.4048659467645606, 'noise_stn_sigma': 5.722338168564587, 'noise_gpe_sigma': 147.37675435591854, 'noise_gpi_sigma': 80.24213951657947, 'g_stn_gpe_mult': 2.5741056486366554, 'g_gpe_stn_mult': 0.6449851601350877, 'g_stn_gpi_mult': 2.6423002174548453, 'g_gpe_gpi_mult': 0.48765861517871434}. Best is trial 4 with value: 3.429511868616504.
[I 2026-05-28 23:10:15,323] Trial 120 finished with value: 13.28599108525542 and parameters: {'ISTN': 64.77597575686981, 'I_gpe': 2.050187087837125, 'I_gpi': 1.4035430149457198, 'noise_stn_sigma': 6.415957644727166, 'noise_gpe_sigma': 104.32315429872713, 'noise_gpi_sigma': 114.90231896061881, 'g_stn_gpe_mult': 2.642030858570241, 'g_gpe_stn_mult': 0.5739969281224937, 'g_stn_gpi_mult': 3.0728117524636636, 'g_gpe_gpi_mult': 0.9186815561422541}. Best is trial 4 with value: 3.429511868616504.
[I 2026-05-28 23:10:16,329] Trial 121 finished with value: 15.258767105318258 and parameters: {'ISTN': 72.00884918975939, 'I_gpe': 1.778929339850966, 'I_gpi': 3.6412097773074406, 'noise_stn_sigma': 7.532890969968398, 'noise_gpe_sigma': 135.6103769258678, 'noise_gpi_sigma': 66.38651150634826, 'g_stn_gpe_mult': 2.1653405961438876, 'g_gpe_stn_mult': 0.5001788802136368, 'g_stn_gpi_mult': 2.3634963488852767, 'g_gpe_gpi_mult': 0.645098440663646}. Best is trial 4 with value: 3.429511868616504.
[I 2026-05-28 23:10:17,334] Trial 122 finished with value: 15.861524404016507 and parameters: {'ISTN': 68.55283799260513, 'I_gpe': 1.7953494843403028, 'I_gpi': 1.9808120732702776, 'noise_stn_sigma': 5.228906905987035, 'noise_gpe_sigma': 76.03631411562603, 'noise_gpi_sigma': 125.5573206305521, 'g_stn_gpe_mult': 1.9492935054529914, 'g_gpe_stn_mult': 0.5294242182072656, 'g_stn_gpi_mult': 2.980176709713022, 'g_gpe_gpi_mult': 0.7717805317399569}. Best is trial 4 with value: 3.429511868616504.
[I 2026-05-28 23:10:18,342] Trial 123 finished with value: 15.658187399766561 and parameters: {'ISTN': 80.77256808120043, 'I_gpe': 1.0563155216418396, 'I_gpi': 2.041489668007168, 'noise_stn_sigma': 5.6694973464471605, 'noise_gpe_sigma': 119.57936008790246, 'noise_gpi_sigma': 94.76207051763284, 'g_stn_gpe_mult': 2.677173112708153, 'g_gpe_stn_mult': 0.49798092557008256, 'g_stn_gpi_mult': 3.13921355827722, 'g_gpe_gpi_mult': 0.5631687225981277}. Best is trial 4 with value: 3.429511868616504.
[I 2026-05-28 23:10:19,348] Trial 124 finished with value: 14.648990057445122 and parameters: {'ISTN': 75.50135546302839, 'I_gpe': 1.4915694015026468, 'I_gpi': 2.621600773891941, 'noise_stn_sigma': 6.108844191694956, 'noise_gpe_sigma': 99.48450604491589, 'noise_gpi_sigma': 111.84911035868882, 'g_stn_gpe_mult': 2.2879803535095573, 'g_gpe_stn_mult': 0.6943792983446321, 'g_stn_gpi_mult': 2.778374934704029, 'g_gpe_gpi_mult': 0.7332517214714289}. Best is trial 4 with value: 3.429511868616504.
[I 2026-05-28 23:10:20,356] Trial 125 finished with value: 10.153184137821887 and parameters: {'ISTN': 72.58417757450748, 'I_gpe': 1.5350905263383194, 'I_gpi': 2.9567211929320663, 'noise_stn_sigma': 7.719967361940523, 'noise_gpe_sigma': 127.17414390736008, 'noise_gpi_sigma': 58.43349700378251, 'g_stn_gpe_mult': 2.5333856492679607, 'g_gpe_stn_mult': 0.7887513505969072, 'g_stn_gpi_mult': 3.9188820229708203, 'g_gpe_gpi_mult': 0.7336873464592637}. Best is trial 4 with value: 3.429511868616504.
[I 2026-05-28 23:10:21,364] Trial 126 finished with value: 16.71071418872122 and parameters: {'ISTN': 71.39560209452155, 'I_gpe': 1.870426159695169, 'I_gpi': 2.7711245830070457, 'noise_stn_sigma': 5.770744593965363, 'noise_gpe_sigma': 84.86924090395382, 'noise_gpi_sigma': 124.3959738007575, 'g_stn_gpe_mult': 2.135286831700904, 'g_gpe_stn_mult': 0.5282053188095972, 'g_stn_gpi_mult': 2.9437011365503944, 'g_gpe_gpi_mult': 0.5187532492195068}. Best is trial 4 with value: 3.429511868616504.
[I 2026-05-28 23:10:22,374] Trial 127 finished with value: 12.86706555361922 and parameters: {'ISTN': 61.21023268751307, 'I_gpe': 2.5857686760685312, 'I_gpi': 3.0144877124333296, 'noise_stn_sigma': 6.443917249794968, 'noise_gpe_sigma': 149.6006709978786, 'noise_gpi_sigma': 122.80996557419648, 'g_stn_gpe_mult': 1.8724482402379126, 'g_gpe_stn_mult': 0.6413317884244404, 'g_stn_gpi_mult': 1.9114266399139201, 'g_gpe_gpi_mult': 0.9809569441498884}. Best is trial 4 with value: 3.429511868616504.
[I 2026-05-28 23:10:23,381] Trial 128 finished with value: 16.01014055963924 and parameters: {'ISTN': 83.82721414671042, 'I_gpe': 2.1392990598627852, 'I_gpi': 2.5326678866523604, 'noise_stn_sigma': 7.098273048410175, 'noise_gpe_sigma': 126.40674724539082, 'noise_gpi_sigma': 87.13763911921568, 'g_stn_gpe_mult': 3.031875415241661, 'g_gpe_stn_mult': 0.5802939520976409, 'g_stn_gpi_mult': 2.8568084002466057, 'g_gpe_gpi_mult': 0.8075969851547382}. Best is trial 4 with value: 3.429511868616504.
[I 2026-05-28 23:10:24,387] Trial 129 finished with value: 11.426950284271914 and parameters: {'ISTN': 75.97689106672902, 'I_gpe': 1.77733682847808, 'I_gpi': 2.024791236160186, 'noise_stn_sigma': 6.608560787952053, 'noise_gpe_sigma': 133.15079228815657, 'noise_gpi_sigma': 111.12486942898137, 'g_stn_gpe_mult': 2.294726735323806, 'g_gpe_stn_mult': 0.7123225513703276, 'g_stn_gpi_mult': 3.0210571216405575, 'g_gpe_gpi_mult': 0.6334396793504147}. Best is trial 4 with value: 3.429511868616504.
[I 2026-05-28 23:10:25,396] Trial 130 finished with value: 12.935424983300901 and parameters: {'ISTN': 66.96195604025505, 'I_gpe': 2.813088496853974, 'I_gpi': 2.221781249830382, 'noise_stn_sigma': 7.1458211263840425, 'noise_gpe_sigma': 116.78297442525637, 'noise_gpi_sigma': 115.84985576969787, 'g_stn_gpe_mult': 2.8439445972485196, 'g_gpe_stn_mult': 0.631723196806873, 'g_stn_gpi_mult': 2.2138702223885374, 'g_gpe_gpi_mult': 0.834323836659566}. Best is trial 4 with value: 3.429511868616504.
[I 2026-05-28 23:10:26,406] Trial 131 finished with value: 14.064260493197589 and parameters: {'ISTN': 71.95129996182571, 'I_gpe': 1.709210530412074, 'I_gpi': 2.6774287595113258, 'noise_stn_sigma': 6.699071086861733, 'noise_gpe_sigma': 135.8715060571805, 'noise_gpi_sigma': 85.74262419646054, 'g_stn_gpe_mult': 3.239240716920493, 'g_gpe_stn_mult': 0.6412976092427692, 'g_stn_gpi_mult': 2.118476474438995, 'g_gpe_gpi_mult': 0.7665220263704491}. Best is trial 4 with value: 3.429511868616504.
