[I 2026-05-28 23:49:32,935] Trial 440 finished with value: 0.16343158891918733 and parameters: {'ISTN': 62.31755931408417, 'I_gpe': 1.4994612373258431, 'I_gpi': 2.2717994220514734, 'noise_stn_sigma': 3.70618401582002, 'noise_gpe_sigma': 94.49134324172154, 'noise_gpi_sigma': 101.85026382341384, 'g_stn_gpe_mult': 2.7112412374291672, 'g_gpe_stn_mult': 0.13411624979477133, 'g_stn_gpi_mult': 2.0247773609773727, 'g_gpe_gpi_mult': 0.9279710561900363}. Best is trial 431 with value: 0.14719015457227402.
[I 2026-05-28 23:49:33,942] Trial 441 finished with value: 1.10957707756549 and parameters: {'ISTN': 61.52791097381599, 'I_gpe': 1.5186203469689714, 'I_gpi': 2.5816434369803867, 'noise_stn_sigma': 4.010823556077263, 'noise_gpe_sigma': 93.85242804308466, 'noise_gpi_sigma': 108.41897839802527, 'g_stn_gpe_mult': 2.5936360990078944, 'g_gpe_stn_mult': 0.17573932798015257, 'g_stn_gpi_mult': 1.8957411421478532, 'g_gpe_gpi_mult': 0.8826892424576753}. Best is trial 431 with value: 0.14719015457227402.
[I 2026-05-28 23:49:34,948] Trial 442 finished with value: 0.14822896247788409 and parameters: {'ISTN': 60.91466619052562, 'I_gpe': 1.3792322755202924, 'I_gpi': 2.1705557800725885, 'noise_stn_sigma': 3.587741757522812, 'noise_gpe_sigma': 93.00041001915798, 'noise_gpi_sigma': 106.2134303352006, 'g_stn_gpe_mult': 2.5467216915565576, 'g_gpe_stn_mult': 0.10318561070159435, 'g_stn_gpi_mult': 1.9733424511616557, 'g_gpe_gpi_mult': 0.9268048554566102}. Best is trial 431 with value: 0.14719015457227402.
[I 2026-05-28 23:49:35,954] Trial 443 finished with value: 0.15877187421632435 and parameters: {'ISTN': 61.584176940366476, 'I_gpe': 1.4490173312491041, 'I_gpi': 2.1312208777235377, 'noise_stn_sigma': 3.703171818281784, 'noise_gpe_sigma': 94.85795515664009, 'noise_gpi_sigma': 106.44721058052318, 'g_stn_gpe_mult': 2.652676866145651, 'g_gpe_stn_mult': 0.10953302464226418, 'g_stn_gpi_mult': 1.9311767773500166, 'g_gpe_gpi_mult': 1.00570895516528}. Best is trial 431 with value: 0.14719015457227402.
[I 2026-05-28 23:49:36,963] Trial 444 finished with value: 0.1721956795895841 and parameters: {'ISTN': 61.340275997551856, 'I_gpe': 1.625449009454794, 'I_gpi': 2.1323596485806444, 'noise_stn_sigma': 3.552984844337082, 'noise_gpe_sigma': 98.625762126769, 'noise_gpi_sigma': 103.70349075457932, 'g_stn_gpe_mult': 2.426666133405427, 'g_gpe_stn_mult': 0.13486841567821117, 'g_stn_gpi_mult': 1.9589210688433794, 'g_gpe_gpi_mult': 0.9846768820250698}. Best is trial 431 with value: 0.14719015457227402.
[I 2026-05-28 23:49:37,969] Trial 445 finished with value: 0.17459075778401512 and parameters: {'ISTN': 62.981152410384325, 'I_gpe': 1.4642237245964818, 'I_gpi': 2.431815900839273, 'noise_stn_sigma': 3.9019758844897714, 'noise_gpe_sigma': 95.04188481294631, 'noise_gpi_sigma': 102.99916286119091, 'g_stn_gpe_mult': 2.579889686427007, 'g_gpe_stn_mult': 0.1155151308979543, 'g_stn_gpi_mult': 2.0035122282841398, 'g_gpe_gpi_mult': 0.8952414930687711}. Best is trial 431 with value: 0.14719015457227402.
[I 2026-05-28 23:49:38,975] Trial 446 finished with value: 0.1495919743605015 and parameters: {'ISTN': 60.98702596176286, 'I_gpe': 1.4580617049395466, 'I_gpi': 2.244804148379086, 'noise_stn_sigma': 3.445844995881966, 'noise_gpe_sigma': 103.05236484189184, 'noise_gpi_sigma': 102.86995885487767, 'g_stn_gpe_mult': 2.609067463263404, 'g_gpe_stn_mult': 0.10132206708813445, 'g_stn_gpi_mult': 1.8234095721833854, 'g_gpe_gpi_mult': 0.9855926104917216}. Best is trial 431 with value: 0.14719015457227402.
[I 2026-05-28 23:49:39,920] Trial 447 finished with value: 1000000.0 and parameters: {'ISTN': 62.782253422505946, 'I_gpe': 1.3633961654071662, 'I_gpi': 2.425643651534588, 'noise_stn_sigma': 4.021633532543972, 'noise_gpe_sigma': 90.32280284249889, 'noise_gpi_sigma': 101.42033768596808, 'g_stn_gpe_mult': 2.596531838260849, 'g_gpe_stn_mult': 0.11506304434666086, 'g_stn_gpi_mult': 1.8131664949860022, 'g_gpe_gpi_mult': 0.9612233066079792}. Best is trial 431 with value: 0.14719015457227402.
[I 2026-05-28 23:49:40,927] Trial 448 finished with value: 0.20135628244891474 and parameters: {'ISTN': 60.02801740171834, 'I_gpe': 1.5183218653285386, 'I_gpi': 2.53080024612844, 'noise_stn_sigma': 3.9347454064970364, 'noise_gpe_sigma': 91.47325226947974, 'noise_gpi_sigma': 100.41665048483257, 'g_stn_gpe_mult': 2.4309891965583286, 'g_gpe_stn_mult': 0.12842919418122456, 'g_stn_gpi_mult': 2.157906449376889, 'g_gpe_gpi_mult': 1.006681114676688}. Best is trial 431 with value: 0.14719015457227402.
[I 2026-05-28 23:49:41,935] Trial 449 finished with value: 0.17757177349786546 and parameters: {'ISTN': 62.31520541198402, 'I_gpe': 1.5130483134211474, 'I_gpi': 2.3924221251497455, 'noise_stn_sigma': 3.5267217501128556, 'noise_gpe_sigma': 93.72009887786625, 'noise_gpi_sigma': 108.39336460350926, 'g_stn_gpe_mult': 2.6905965236973532, 'g_gpe_stn_mult': 0.10359414021698196, 'g_stn_gpi_mult': 1.8555653582097162, 'g_gpe_gpi_mult': 0.9498180598869925}. Best is trial 431 with value: 0.14719015457227402.
[I 2026-05-28 23:49:42,939] Trial 450 finished with value: 0.186345769516404 and parameters: {'ISTN': 62.07210580003115, 'I_gpe': 1.5354459247978023, 'I_gpi': 2.3419178173015984, 'noise_stn_sigma': 3.668208018882992, 'noise_gpe_sigma': 105.40163943887285, 'noise_gpi_sigma': 111.40054927504679, 'g_stn_gpe_mult': 2.451392886077155, 'g_gpe_stn_mult': 0.12248660591420621, 'g_stn_gpi_mult': 2.1006667731614144, 'g_gpe_gpi_mult': 0.9991401794033556}. Best is trial 431 with value: 0.14719015457227402.
[I 2026-05-28 23:49:43,947] Trial 451 finished with value: 4.031372336825518 and parameters: {'ISTN': 63.303770721031704, 'I_gpe': 1.4273340809994495, 'I_gpi': 2.2854782916855685, 'noise_stn_sigma': 3.6546110474989737, 'noise_gpe_sigma': 108.8276674329472, 'noise_gpi_sigma': 101.9733464815639, 'g_stn_gpe_mult': 2.451856323311684, 'g_gpe_stn_mult': 0.14910969172812735, 'g_stn_gpi_mult': 1.8829472110655394, 'g_gpe_gpi_mult': 0.9363940532435437}. Best is trial 431 with value: 0.14719015457227402.
[I 2026-05-28 23:49:44,951] Trial 452 finished with value: 0.1568161597819968 and parameters: {'ISTN': 63.20880888151758, 'I_gpe': 1.4052392599741657, 'I_gpi': 2.1567122577142714, 'noise_stn_sigma': 3.516484749445634, 'noise_gpe_sigma': 91.97471331428578, 'noise_gpi_sigma': 103.31532450186745, 'g_stn_gpe_mult': 2.382650769700273, 'g_gpe_stn_mult': 0.10217294841989073, 'g_stn_gpi_mult': 1.9918786500232848, 'g_gpe_gpi_mult': 0.8914176155737903}. Best is trial 431 with value: 0.14719015457227402.
[I 2026-05-28 23:49:45,956] Trial 453 finished with value: 0.214405837261548 and parameters: {'ISTN': 61.13330034092968, 'I_gpe': 1.3331006959891984, 'I_gpi': 2.171843401482508, 'noise_stn_sigma': 3.5182445070338946, 'noise_gpe_sigma': 97.48372902160355, 'noise_gpi_sigma': 102.83977728220644, 'g_stn_gpe_mult': 2.491200260971975, 'g_gpe_stn_mult': 0.14815012779454262, 'g_stn_gpi_mult': 1.8928668764743048, 'g_gpe_gpi_mult': 0.9816220092399248}. Best is trial 431 with value: 0.14719015457227402.
[I 2026-05-28 23:49:46,961] Trial 454 finished with value: 0.17842777939793505 and parameters: {'ISTN': 60.754262724967724, 'I_gpe': 1.1762728694010398, 'I_gpi': 2.146131968343001, 'noise_stn_sigma': 3.4080749511307387, 'noise_gpe_sigma': 103.93645626183446, 'noise_gpi_sigma': 105.08060504861598, 'g_stn_gpe_mult': 2.7236591213420063, 'g_gpe_stn_mult': 0.11530772945462879, 'g_stn_gpi_mult': 1.8518785059840406, 'g_gpe_gpi_mult': 0.9254762534794931}. Best is trial 431 with value: 0.14719015457227402.
[I 2026-05-28 23:49:47,967] Trial 455 finished with value: 0.1685017059496272 and parameters: {'ISTN': 61.38091895619993, 'I_gpe': 1.5067001470702786, 'I_gpi': 2.2661097307992404, 'noise_stn_sigma': 3.7671481500621273, 'noise_gpe_sigma': 101.37916297871057, 'noise_gpi_sigma': 103.6991245290532, 'g_stn_gpe_mult': 2.6027650575768524, 'g_gpe_stn_mult': 0.14003238359835102, 'g_stn_gpi_mult': 2.0314155795544657, 'g_gpe_gpi_mult': 1.0420898539476693}. Best is trial 431 with value: 0.14719015457227402.
[I 2026-05-28 23:49:48,973] Trial 456 finished with value: 0.19339918518497803 and parameters: {'ISTN': 62.17483221903813, 'I_gpe': 1.4814530130733703, 'I_gpi': 2.3191030196459534, 'noise_stn_sigma': 3.550075320604236, 'noise_gpe_sigma': 88.40071826842829, 'noise_gpi_sigma': 105.212962283773, 'g_stn_gpe_mult': 2.5573709523315564, 'g_gpe_stn_mult': 0.11694067562555466, 'g_stn_gpi_mult': 2.1751604544903262, 'g_gpe_gpi_mult': 1.0123671112817232}. Best is trial 431 with value: 0.14719015457227402.
[I 2026-05-28 23:49:49,981] Trial 457 finished with value: 0.15229767957555826 and parameters: {'ISTN': 60.72748626477616, 'I_gpe': 1.4408812329376839, 'I_gpi': 2.0655931106235954, 'noise_stn_sigma': 3.6802518380192026, 'noise_gpe_sigma': 103.69401653872237, 'noise_gpi_sigma': 101.03951025094318, 'g_stn_gpe_mult': 2.3269750742548463, 'g_gpe_stn_mult': 0.10803514009926812, 'g_stn_gpi_mult': 1.9652584692877575, 'g_gpe_gpi_mult': 0.9250109031403215}. Best is trial 431 with value: 0.14719015457227402.
[I 2026-05-28 23:49:50,987] Trial 458 finished with value: 0.19232289340027517 and parameters: {'ISTN': 60.438193274238394, 'I_gpe': 1.4017430290456472, 'I_gpi': 1.8496470314505498, 'noise_stn_sigma': 3.6518177983539872, 'noise_gpe_sigma': 98.18297137729833, 'noise_gpi_sigma': 98.62691247532334, 'g_stn_gpe_mult': 2.8327275642314502, 'g_gpe_stn_mult': 0.11601239050414941, 'g_stn_gpi_mult': 1.9485363260861048, 'g_gpe_gpi_mult': 0.8922324973483544}. Best is trial 431 with value: 0.14719015457227402.
[I 2026-05-28 23:49:51,992] Trial 459 finished with value: 0.2317433179291803 and parameters: {'ISTN': 60.23944640963288, 'I_gpe': 1.4822106884219728, 'I_gpi': 1.8825476310749898, 'noise_stn_sigma': 2.9636150024444823, 'noise_gpe_sigma': 98.71190195505555, 'noise_gpi_sigma': 114.50376125404277, 'g_stn_gpe_mult': 2.617601349380911, 'g_gpe_stn_mult': 0.11923614156996191, 'g_stn_gpi_mult': 1.8527450942401067, 'g_gpe_gpi_mult': 0.9739593827714075}. Best is trial 431 with value: 0.14719015457227402.
[I 2026-05-28 23:49:52,938] Trial 460 finished with value: 1000000.0 and parameters: {'ISTN': 61.371742483328795, 'I_gpe': 1.7201627049508665, 'I_gpi': 2.0863502493894757, 'noise_stn_sigma': 4.007349457868601, 'noise_gpe_sigma': 96.26509799051288, 'noise_gpi_sigma': 107.95500175515893, 'g_stn_gpe_mult': 2.5856082760510075, 'g_gpe_stn_mult': 0.1066270415915488, 'g_stn_gpi_mult': 1.8540364422270035, 'g_gpe_gpi_mult': 0.992306705849147}. Best is trial 431 with value: 0.14719015457227402.
[I 2026-05-28 23:49:53,943] Trial 461 finished with value: 0.1803477090798246 and parameters: {'ISTN': 64.57266864915056, 'I_gpe': 1.3411425897679714, 'I_gpi': 2.05424961140071, 'noise_stn_sigma': 3.4796720613711094, 'noise_gpe_sigma': 98.30161998842853, 'noise_gpi_sigma': 101.20218726373894, 'g_stn_gpe_mult': 2.470277939940471, 'g_gpe_stn_mult': 0.14566399612586806, 'g_stn_gpi_mult': 1.8986880639601653, 'g_gpe_gpi_mult': 0.9378388000583266}. Best is trial 431 with value: 0.14719015457227402.
[I 2026-05-28 23:49:54,948] Trial 462 finished with value: 0.14343844675956713 and parameters: {'ISTN': 60.334950307163716, 'I_gpe': 1.4772087040468476, 'I_gpi': 2.2357492289990852, 'noise_stn_sigma': 3.827795759874096, 'noise_gpe_sigma': 98.03956209689296, 'noise_gpi_sigma': 99.0962858019537, 'g_stn_gpe_mult': 2.3352858601396314, 'g_gpe_stn_mult': 0.10705316331122429, 'g_stn_gpi_mult': 2.051370000602163, 'g_gpe_gpi_mult': 0.9711264713765007}. Best is trial 462 with value: 0.14343844675956713.
[I 2026-05-28 23:49:55,894] Trial 463 finished with value: 1000000.0 and parameters: {'ISTN': 62.52580764806557, 'I_gpe': 1.4629237379381947, 'I_gpi': 2.1357092560036595, 'noise_stn_sigma': 3.7682979263168996, 'noise_gpe_sigma': 95.04214308239818, 'noise_gpi_sigma': 107.83226824868031, 'g_stn_gpe_mult': 2.2650747423579154, 'g_gpe_stn_mult': 0.13745101935767645, 'g_stn_gpi_mult': 2.0791964703458286, 'g_gpe_gpi_mult': 0.9796134792046982}. Best is trial 462 with value: 0.14343844675956713.
[I 2026-05-28 23:49:56,902] Trial 464 finished with value: 0.3987522689564741 and parameters: {'ISTN': 64.89612372347887, 'I_gpe': 1.4057391945789597, 'I_gpi': 2.1772461508474628, 'noise_stn_sigma': 2.7793575404744413, 'noise_gpe_sigma': 104.19949036685897, 'noise_gpi_sigma': 96.2357796998284, 'g_stn_gpe_mult': 2.3353630108373373, 'g_gpe_stn_mult': 0.10661612272241663, 'g_stn_gpi_mult': 1.9646539477242964, 'g_gpe_gpi_mult': 0.9006255052092667}. Best is trial 462 with value: 0.14343844675956713.
[I 2026-05-28 23:49:57,908] Trial 465 finished with value: 0.14868125844989882 and parameters: {'ISTN': 63.4010534628261, 'I_gpe': 1.4019372273227937, 'I_gpi': 2.1969792396910144, 'noise_stn_sigma': 3.5441965713650987, 'noise_gpe_sigma': 96.32489479231276, 'noise_gpi_sigma': 95.3479159710852, 'g_stn_gpe_mult': 2.3405351154298746, 'g_gpe_stn_mult': 0.10010667802600004, 'g_stn_gpi_mult': 2.062043521367015, 'g_gpe_gpi_mult': 0.9539600633435397}. Best is trial 462 with value: 0.14343844675956713.
[I 2026-05-28 23:49:58,917] Trial 466 finished with value: 0.2525749196998404 and parameters: {'ISTN': 61.992895506611355, 'I_gpe': 1.3860128362127182, 'I_gpi': 2.205022647018693, 'noise_stn_sigma': 3.582325561095297, 'noise_gpe_sigma': 97.22038249150559, 'noise_gpi_sigma': 98.62973757538852, 'g_stn_gpe_mult': 2.4550133440811925, 'g_gpe_stn_mult': 0.12443446559836581, 'g_stn_gpi_mult': 2.0859557276317187, 'g_gpe_gpi_mult': 0.9136800756304058}. Best is trial 462 with value: 0.14343844675956713.
[I 2026-05-28 23:49:59,923] Trial 467 finished with value: 0.15410442881709224 and parameters: {'ISTN': 61.20711895575239, 'I_gpe': 1.2754522633469327, 'I_gpi': 2.188603986146638, 'noise_stn_sigma': 3.4933466247379075, 'noise_gpe_sigma': 99.2227836367757, 'noise_gpi_sigma': 103.00181743138091, 'g_stn_gpe_mult': 2.4242284483769607, 'g_gpe_stn_mult': 0.14160965110977924, 'g_stn_gpi_mult': 2.2041208147009472, 'g_gpe_gpi_mult': 0.9388097395796338}. Best is trial 462 with value: 0.14343844675956713.
[I 2026-05-28 23:50:00,929] Trial 468 finished with value: 0.19292993643930326 and parameters: {'ISTN': 62.02718316623529, 'I_gpe': 1.358699759536251, 'I_gpi': 1.9115887199409316, 'noise_stn_sigma': 3.7071575377153385, 'noise_gpe_sigma': 101.43471805293466, 'noise_gpi_sigma': 102.62762615259473, 'g_stn_gpe_mult': 2.379475178561874, 'g_gpe_stn_mult': 0.10618315761104039, 'g_stn_gpi_mult': 1.7977146753228945, 'g_gpe_gpi_mult': 0.9579082705697675}. Best is trial 462 with value: 0.14343844675956713.
[I 2026-05-28 23:50:01,932] Trial 469 finished with value: 0.728818239111408 and parameters: {'ISTN': 64.02269908450228, 'I_gpe': 1.4467690450983388, 'I_gpi': 2.1053030350231863, 'noise_stn_sigma': 3.10122479559918, 'noise_gpe_sigma': 101.62647875688346, 'noise_gpi_sigma': 110.37707722854756, 'g_stn_gpe_mult': 2.5632035270356126, 'g_gpe_stn_mult': 0.14048805816697885, 'g_stn_gpi_mult': 2.0267590004178584, 'g_gpe_gpi_mult': 0.8650786247266342}. Best is trial 462 with value: 0.14343844675956713.
[I 2026-05-28 23:50:02,939] Trial 470 finished with value: 0.16805202248038498 and parameters: {'ISTN': 61.195267130782916, 'I_gpe': 1.5139945079251274, 'I_gpi': 2.1299764545627986, 'noise_stn_sigma': 3.5270679502623086, 'noise_gpe_sigma': 100.37458361264011, 'noise_gpi_sigma': 106.51625320334456, 'g_stn_gpe_mult': 2.3799357677210233, 'g_gpe_stn_mult': 0.10077690559607685, 'g_stn_gpi_mult': 1.7869161404245073, 'g_gpe_gpi_mult': 0.9564883095313836}. Best is trial 462 with value: 0.14343844675956713.
[I 2026-05-28 23:50:03,945] Trial 471 finished with value: 0.1640132171287672 and parameters: {'ISTN': 62.217282020311046, 'I_gpe': 1.2770595538896194, 'I_gpi': 2.2880486648503604, 'noise_stn_sigma': 3.412538582675427, 'noise_gpe_sigma': 97.08455320419854, 'noise_gpi_sigma': 101.3427469662997, 'g_stn_gpe_mult': 2.234051951602292, 'g_gpe_stn_mult': 0.10557042088320459, 'g_stn_gpi_mult': 2.1831209953289656, 'g_gpe_gpi_mult': 0.8963399789677713}. Best is trial 462 with value: 0.14343844675956713.
[I 2026-05-28 23:50:04,951] Trial 472 finished with value: 0.1537166052569755 and parameters: {'ISTN': 63.20983265761425, 'I_gpe': 1.3242027133282317, 'I_gpi': 2.2895195445698104, 'noise_stn_sigma': 3.8406097482130757, 'noise_gpe_sigma': 97.33282203599636, 'noise_gpi_sigma': 98.5863761115006, 'g_stn_gpe_mult': 2.464747208093088, 'g_gpe_stn_mult': 0.10111072459612999, 'g_stn_gpi_mult': 1.9349200550609613, 'g_gpe_gpi_mult': 0.8842013798811053}. Best is trial 462 with value: 0.14343844675956713.
[I 2026-05-28 23:50:05,959] Trial 473 finished with value: 0.15536891082662468 and parameters: {'ISTN': 61.16594183917959, 'I_gpe': 1.5021443204106382, 'I_gpi': 2.2217809084954436, 'noise_stn_sigma': 3.379963479813823, 'noise_gpe_sigma': 102.28694896483003, 'noise_gpi_sigma': 98.1159644629377, 'g_stn_gpe_mult': 2.4738639242995046, 'g_gpe_stn_mult': 0.12037985547586999, 'g_stn_gpi_mult': 2.187555023552086, 'g_gpe_gpi_mult': 1.0518100317563825}. Best is trial 462 with value: 0.14343844675956713.
[I 2026-05-28 23:50:06,966] Trial 474 finished with value: 0.1597817748055584 and parameters: {'ISTN': 61.310585658581296, 'I_gpe': 1.3915246855939556, 'I_gpi': 2.313696324247842, 'noise_stn_sigma': 3.97500692268443, 'noise_gpe_sigma': 99.36592291992368, 'noise_gpi_sigma': 111.60059785564671, 'g_stn_gpe_mult': 2.0928523938575427, 'g_gpe_stn_mult': 0.11041737616952065, 'g_stn_gpi_mult': 2.051209276190562, 'g_gpe_gpi_mult': 0.8841374305629175}. Best is trial 462 with value: 0.14343844675956713.
[I 2026-05-28 23:50:07,974] Trial 475 finished with value: 0.6548170237369701 and parameters: {'ISTN': 60.05135896183462, 'I_gpe': 1.5867353383055418, 'I_gpi': 2.254644692608265, 'noise_stn_sigma': 3.5237438676868544, 'noise_gpe_sigma': 92.30200398306715, 'noise_gpi_sigma': 108.71155505449818, 'g_stn_gpe_mult': 2.5844536417525377, 'g_gpe_stn_mult': 0.11524066147742315, 'g_stn_gpi_mult': 2.1295200267165364, 'g_gpe_gpi_mult': 1.016462047625123}. Best is trial 462 with value: 0.14343844675956713.
[I 2026-05-28 23:50:08,984] Trial 476 finished with value: 0.1723149190548271 and parameters: {'ISTN': 60.94955525597984, 'I_gpe': 1.5138658499190725, 'I_gpi': 2.104841693984262, 'noise_stn_sigma': 3.3355509666574763, 'noise_gpe_sigma': 97.28502620929861, 'noise_gpi_sigma': 108.77482984981258, 'g_stn_gpe_mult': 2.2615380941679177, 'g_gpe_stn_mult': 0.11111517194813457, 'g_stn_gpi_mult': 1.9841191844555426, 'g_gpe_gpi_mult': 0.9254694772626741}. Best is trial 462 with value: 0.14343844675956713.
[I 2026-05-28 23:50:09,992] Trial 477 finished with value: 0.3598881051520049 and parameters: {'ISTN': 62.79499219408349, 'I_gpe': 1.4317645586468295, 'I_gpi': 2.3244066537598496, 'noise_stn_sigma': 3.5930932075661186, 'noise_gpe_sigma': 101.11046643578415, 'noise_gpi_sigma': 103.00257188569964, 'g_stn_gpe_mult': 2.3381196124404617, 'g_gpe_stn_mult': 0.1139072456155868, 'g_stn_gpi_mult': 1.9535064927159758, 'g_gpe_gpi_mult': 0.9805280003773167}. Best is trial 462 with value: 0.14343844675956713.
[I 2026-05-28 23:50:10,996] Trial 478 finished with value: 3.021249970858813 and parameters: {'ISTN': 64.76860927143333, 'I_gpe': 1.535511129688395, 'I_gpi': 2.266723165408913, 'noise_stn_sigma': 3.7469251226812545, 'noise_gpe_sigma': 99.21786986066094, 'noise_gpi_sigma': 100.84028249022737, 'g_stn_gpe_mult': 2.5599711854407765, 'g_gpe_stn_mult': 0.12098788473975373, 'g_stn_gpi_mult': 2.101355831285813, 'g_gpe_gpi_mult': 0.9936091335688422}. Best is trial 462 with value: 0.14343844675956713.
[I 2026-05-28 23:50:12,001] Trial 479 finished with value: 0.22762580836715762 and parameters: {'ISTN': 60.87803938576115, 'I_gpe': 1.477225281504985, 'I_gpi': 2.6108494181788977, 'noise_stn_sigma': 3.5103483407210385, 'noise_gpe_sigma': 92.95498042317645, 'noise_gpi_sigma': 98.51570827135374, 'g_stn_gpe_mult': 2.3804917849536795, 'g_gpe_stn_mult': 0.11722853100944972, 'g_stn_gpi_mult': 2.1739700167189464, 'g_gpe_gpi_mult': 0.942823911991393}. Best is trial 462 with value: 0.14343844675956713.
[I 2026-05-28 23:50:13,006] Trial 480 finished with value: 0.14961472364083447 and parameters: {'ISTN': 60.59176629156205, 'I_gpe': 1.4677906781001318, 'I_gpi': 2.0798985606247204, 'noise_stn_sigma': 3.532053759999705, 'noise_gpe_sigma': 97.03841086919815, 'noise_gpi_sigma': 101.73836207253987, 'g_stn_gpe_mult': 2.2978518572759588, 'g_gpe_stn_mult': 0.13535570282700632, 'g_stn_gpi_mult': 2.0709672572228675, 'g_gpe_gpi_mult': 0.9928137546428393}. Best is trial 462 with value: 0.14343844675956713.
[I 2026-05-28 23:50:14,012] Trial 481 finished with value: 0.15682340274434398 and parameters: {'ISTN': 61.03994224422101, 'I_gpe': 1.5130746890434144, 'I_gpi': 2.3451455637558496, 'noise_stn_sigma': 3.600697763802266, 'noise_gpe_sigma': 100.21380162430586, 'noise_gpi_sigma': 99.96183141237198, 'g_stn_gpe_mult': 2.297123746121366, 'g_gpe_stn_mult': 0.11791566759020665, 'g_stn_gpi_mult': 1.8305490827340178, 'g_gpe_gpi_mult': 1.02949175669816}. Best is trial 462 with value: 0.14343844675956713.
[I 2026-05-28 23:50:15,019] Trial 482 finished with value: 0.15617612903615818 and parameters: {'ISTN': 62.21551090248041, 'I_gpe': 1.331276342082595, 'I_gpi': 2.093768176785709, 'noise_stn_sigma': 3.342222742503247, 'noise_gpe_sigma': 100.25469825726793, 'noise_gpi_sigma': 103.60395795337075, 'g_stn_gpe_mult': 2.3831213344375035, 'g_gpe_stn_mult': 0.10276880111569543, 'g_stn_gpi_mult': 2.1005489991293342, 'g_gpe_gpi_mult': 0.9994992883102327}. Best is trial 462 with value: 0.14343844675956713.
[I 2026-05-28 23:50:16,025] Trial 483 finished with value: 2.062368835354054 and parameters: {'ISTN': 62.54424212255186, 'I_gpe': 1.2999767395340185, 'I_gpi': 2.1530249299551376, 'noise_stn_sigma': 3.472668735500321, 'noise_gpe_sigma': 99.37456006470983, 'noise_gpi_sigma': 105.32392962289346, 'g_stn_gpe_mult': 2.5361113099911483, 'g_gpe_stn_mult': 0.1441104617287609, 'g_stn_gpi_mult': 1.9955965015562307, 'g_gpe_gpi_mult': 0.914087962958994}. Best is trial 462 with value: 0.14343844675956713.
