[I 2026-05-28 23:43:39,210] Trial 88 finished with value: 5.452843401875319 and parameters: {'ISTN': 70.39304294178177, 'I_gpe': 1.5909564871330506, 'I_gpi': 2.142106947505368, 'noise_stn_sigma': 6.79804380491999, 'noise_gpe_sigma': 98.18094454607936, 'noise_gpi_sigma': 95.23714710729256, 'g_stn_gpe_mult': 2.869427954544698, 'g_gpe_stn_mult': 0.2596529368644329, 'g_stn_gpi_mult': 1.6446871555179692, 'g_gpe_gpi_mult': 0.7767581061527056}. Best is trial 80 with value: 0.8887103460761605.
[I 2026-05-28 23:43:40,155] Trial 89 finished with value: 1000000.0 and parameters: {'ISTN': 63.664629990452404, 'I_gpe': 1.4219402319533558, 'I_gpi': 2.9616200511012667, 'noise_stn_sigma': 6.8754865723094465, 'noise_gpe_sigma': 71.70132820523148, 'noise_gpi_sigma': 105.74623052475, 'g_stn_gpe_mult': 3.23899212131864, 'g_gpe_stn_mult': 0.3981235411296008, 'g_stn_gpi_mult': 2.0547073992311318, 'g_gpe_gpi_mult': 0.8057294854030745}. Best is trial 80 with value: 0.8887103460761605.
[I 2026-05-28 23:43:41,163] Trial 90 finished with value: 8.373635245902543 and parameters: {'ISTN': 70.3261271393324, 'I_gpe': 1.7462042327990193, 'I_gpi': 2.7609701828110755, 'noise_stn_sigma': 6.9874129681256605, 'noise_gpe_sigma': 93.77829550140292, 'noise_gpi_sigma': 69.41254727619977, 'g_stn_gpe_mult': 2.861600069960114, 'g_gpe_stn_mult': 0.44745287112624066, 'g_stn_gpi_mult': 2.7304519719442806, 'g_gpe_gpi_mult': 0.6283420838784747}. Best is trial 80 with value: 0.8887103460761605.
[I 2026-05-28 23:43:42,172] Trial 91 finished with value: 15.140782158625395 and parameters: {'ISTN': 88.71977874781508, 'I_gpe': 2.176099431831778, 'I_gpi': 2.758683313077742, 'noise_stn_sigma': 6.924303430112854, 'noise_gpe_sigma': 102.52081222110442, 'noise_gpi_sigma': 75.9154568511279, 'g_stn_gpe_mult': 3.9078645908029097, 'g_gpe_stn_mult': 0.1254333998529448, 'g_stn_gpi_mult': 2.5507674193896386, 'g_gpe_gpi_mult': 0.7327814600736697}. Best is trial 80 with value: 0.8887103460761605.
[I 2026-05-28 23:43:43,181] Trial 92 finished with value: 14.038301259464685 and parameters: {'ISTN': 106.82853687587918, 'I_gpe': 1.7036033760355123, 'I_gpi': 1.711230744831139, 'noise_stn_sigma': 6.639576953506097, 'noise_gpe_sigma': 101.49049513390989, 'noise_gpi_sigma': 116.13258216764466, 'g_stn_gpe_mult': 2.6727441501993026, 'g_gpe_stn_mult': 0.2682098696347991, 'g_stn_gpi_mult': 2.294606537790372, 'g_gpe_gpi_mult': 0.5792951436890543}. Best is trial 80 with value: 0.8887103460761605.
[I 2026-05-28 23:43:44,189] Trial 93 finished with value: 9.347177511334335 and parameters: {'ISTN': 62.32873616415231, 'I_gpe': 1.055210035062437, 'I_gpi': 3.0034709655653855, 'noise_stn_sigma': 7.934410264523794, 'noise_gpe_sigma': 111.40423787706008, 'noise_gpi_sigma': 115.86449076197998, 'g_stn_gpe_mult': 3.2891847515830976, 'g_gpe_stn_mult': 0.22530895119390598, 'g_stn_gpi_mult': 1.970184638540407, 'g_gpe_gpi_mult': 0.5667141798388478}. Best is trial 80 with value: 0.8887103460761605.
[I 2026-05-28 23:43:45,195] Trial 94 finished with value: 10.580628292669388 and parameters: {'ISTN': 68.89113301864971, 'I_gpe': 1.2786702847506692, 'I_gpi': 2.8344512524216308, 'noise_stn_sigma': 5.839632102616784, 'noise_gpe_sigma': 104.58830898334759, 'noise_gpi_sigma': 105.40740494604033, 'g_stn_gpe_mult': 3.1934184305121813, 'g_gpe_stn_mult': 0.3075756371594188, 'g_stn_gpi_mult': 2.3469902240902734, 'g_gpe_gpi_mult': 0.717828929957355}. Best is trial 80 with value: 0.8887103460761605.
[I 2026-05-28 23:43:46,201] Trial 95 finished with value: 1.9436671803205443 and parameters: {'ISTN': 61.47213865827359, 'I_gpe': 1.745620726050481, 'I_gpi': 2.444542427477204, 'noise_stn_sigma': 6.16392182540762, 'noise_gpe_sigma': 89.79062217211244, 'noise_gpi_sigma': 117.56670347173176, 'g_stn_gpe_mult': 1.607658219578383, 'g_gpe_stn_mult': 0.3235147096245765, 'g_stn_gpi_mult': 2.82094051728764, 'g_gpe_gpi_mult': 0.7785934278963516}. Best is trial 80 with value: 0.8887103460761605.
[I 2026-05-28 23:43:47,207] Trial 96 finished with value: 10.432247759443026 and parameters: {'ISTN': 90.11123117920759, 'I_gpe': 1.2063758871740573, 'I_gpi': 3.324817099470499, 'noise_stn_sigma': 5.530585885019173, 'noise_gpe_sigma': 65.97327960741637, 'noise_gpi_sigma': 73.93732462311618, 'g_stn_gpe_mult': 2.3448374532253657, 'g_gpe_stn_mult': 0.14669384345460562, 'g_stn_gpi_mult': 2.378368603768748, 'g_gpe_gpi_mult': 0.552408684256372}. Best is trial 80 with value: 0.8887103460761605.
[I 2026-05-28 23:43:48,214] Trial 97 finished with value: 8.413903167007598 and parameters: {'ISTN': 69.40931151727818, 'I_gpe': 1.499064804083291, 'I_gpi': 3.365241238560827, 'noise_stn_sigma': 7.126402093257531, 'noise_gpe_sigma': 97.56723664231549, 'noise_gpi_sigma': 79.12746792100587, 'g_stn_gpe_mult': 3.183219980474776, 'g_gpe_stn_mult': 0.15134261519768746, 'g_stn_gpi_mult': 2.226722390504808, 'g_gpe_gpi_mult': 0.870094006599732}. Best is trial 80 with value: 0.8887103460761605.
[I 2026-05-28 23:43:49,220] Trial 98 finished with value: 3.8289355409559698 and parameters: {'ISTN': 64.62241909802256, 'I_gpe': 1.5488585808356299, 'I_gpi': 2.254800013455595, 'noise_stn_sigma': 6.045979791010343, 'noise_gpe_sigma': 91.06386263068259, 'noise_gpi_sigma': 113.71249775423021, 'g_stn_gpe_mult': 3.2058253217802606, 'g_gpe_stn_mult': 0.2887446426951269, 'g_stn_gpi_mult': 2.47899943204994, 'g_gpe_gpi_mult': 0.5892082306981563}. Best is trial 80 with value: 0.8887103460761605.
[I 2026-05-28 23:43:50,227] Trial 99 finished with value: 12.052431969296446 and parameters: {'ISTN': 75.23539558469184, 'I_gpe': 0.9373407986237559, 'I_gpi': 2.1964785788475254, 'noise_stn_sigma': 7.875062611598462, 'noise_gpe_sigma': 73.59758000071618, 'noise_gpi_sigma': 116.43402829403831, 'g_stn_gpe_mult': 3.9485318148795203, 'g_gpe_stn_mult': 0.1961023808218765, 'g_stn_gpi_mult': 2.787112183604883, 'g_gpe_gpi_mult': 0.6205864384878601}. Best is trial 80 with value: 0.8887103460761605.
[I 2026-05-28 23:43:51,233] Trial 100 finished with value: 9.77806775963583 and parameters: {'ISTN': 86.38592833778716, 'I_gpe': 0.6730830127428756, 'I_gpi': 1.9709475749119283, 'noise_stn_sigma': 5.627669864425556, 'noise_gpe_sigma': 69.01098238450658, 'noise_gpi_sigma': 71.43659735711842, 'g_stn_gpe_mult': 3.4341034459789324, 'g_gpe_stn_mult': 0.34863579819783547, 'g_stn_gpi_mult': 2.4271846132728365, 'g_gpe_gpi_mult': 0.43746644806915996}. Best is trial 80 with value: 0.8887103460761605.
[I 2026-05-28 23:43:52,241] Trial 101 finished with value: 9.92082393823661 and parameters: {'ISTN': 60.97182459122125, 'I_gpe': 1.5934838096978612, 'I_gpi': 2.74846313108906, 'noise_stn_sigma': 5.793204098930889, 'noise_gpe_sigma': 82.69949091067508, 'noise_gpi_sigma': 118.81277396294065, 'g_stn_gpe_mult': 1.9334207522357576, 'g_gpe_stn_mult': 0.37933568293112996, 'g_stn_gpi_mult': 1.8885739305044986, 'g_gpe_gpi_mult': 0.44003094516305696}. Best is trial 80 with value: 0.8887103460761605.
[I 2026-05-28 23:43:53,249] Trial 102 finished with value: 6.73854525074189 and parameters: {'ISTN': 65.2308996683261, 'I_gpe': 1.6898235390479515, 'I_gpi': 2.53007155447897, 'noise_stn_sigma': 7.476092319410696, 'noise_gpe_sigma': 101.50630125663662, 'noise_gpi_sigma': 133.12725068599303, 'g_stn_gpe_mult': 2.5675501539250307, 'g_gpe_stn_mult': 0.20132323364089333, 'g_stn_gpi_mult': 2.868566463180607, 'g_gpe_gpi_mult': 0.6394982949544734}. Best is trial 80 with value: 0.8887103460761605.
[I 2026-05-28 23:43:54,254] Trial 103 finished with value: 14.191897906556342 and parameters: {'ISTN': 66.21966532861973, 'I_gpe': 2.251074976710994, 'I_gpi': 3.0796479192435093, 'noise_stn_sigma': 4.183921364757808, 'noise_gpe_sigma': 93.01710809713408, 'noise_gpi_sigma': 140.91901231529334, 'g_stn_gpe_mult': 2.2654367432015836, 'g_gpe_stn_mult': 0.34346337507907443, 'g_stn_gpi_mult': 3.8279372594486394, 'g_gpe_gpi_mult': 0.6900052828742584}. Best is trial 80 with value: 0.8887103460761605.
[I 2026-05-28 23:43:55,261] Trial 104 finished with value: 10.022185397083542 and parameters: {'ISTN': 79.07538079799383, 'I_gpe': 1.351989217688475, 'I_gpi': 2.570779190188815, 'noise_stn_sigma': 5.85858982953122, 'noise_gpe_sigma': 93.3293336306951, 'noise_gpi_sigma': 112.01613171745151, 'g_stn_gpe_mult': 3.2745815795280997, 'g_gpe_stn_mult': 0.3270450479054373, 'g_stn_gpi_mult': 1.9858065998725287, 'g_gpe_gpi_mult': 0.6360354213629367}. Best is trial 80 with value: 0.8887103460761605.
[I 2026-05-28 23:43:56,267] Trial 105 finished with value: 6.250658663100374 and parameters: {'ISTN': 74.6944150027111, 'I_gpe': 1.390225831562129, 'I_gpi': 2.280643262124453, 'noise_stn_sigma': 6.354140683208063, 'noise_gpe_sigma': 90.36317026598502, 'noise_gpi_sigma': 98.87225548480502, 'g_stn_gpe_mult': 3.005529770305397, 'g_gpe_stn_mult': 0.26059918757409173, 'g_stn_gpi_mult': 1.688989888438245, 'g_gpe_gpi_mult': 0.6080687493420889}. Best is trial 80 with value: 0.8887103460761605.
[I 2026-05-28 23:43:57,272] Trial 106 finished with value: 13.534287523600174 and parameters: {'ISTN': 66.46475020127345, 'I_gpe': 1.1115637741521605, 'I_gpi': 2.6712830260983846, 'noise_stn_sigma': 4.61285462197252, 'noise_gpe_sigma': 100.75076092589173, 'noise_gpi_sigma': 99.54965633054852, 'g_stn_gpe_mult': 3.235372005966576, 'g_gpe_stn_mult': 0.3367919868471011, 'g_stn_gpi_mult': 2.358729500544295, 'g_gpe_gpi_mult': 0.7068908342406925}. Best is trial 80 with value: 0.8887103460761605.
[I 2026-05-28 23:43:58,279] Trial 107 finished with value: 13.926167915554263 and parameters: {'ISTN': 64.40776770071643, 'I_gpe': 2.055967061363151, 'I_gpi': 3.453566659264423, 'noise_stn_sigma': 6.638190149096771, 'noise_gpe_sigma': 85.77657425979109, 'noise_gpi_sigma': 98.07040893942104, 'g_stn_gpe_mult': 2.3890759196264457, 'g_gpe_stn_mult': 0.28080082109068627, 'g_stn_gpi_mult': 2.94938453390007, 'g_gpe_gpi_mult': 0.8690928988383291}. Best is trial 80 with value: 0.8887103460761605.
[I 2026-05-28 23:43:59,286] Trial 108 finished with value: 10.975080328478894 and parameters: {'ISTN': 74.4119628928815, 'I_gpe': 2.138536243044781, 'I_gpi': 2.311151034373097, 'noise_stn_sigma': 5.0010631197515165, 'noise_gpe_sigma': 91.64273345609013, 'noise_gpi_sigma': 109.76915179232444, 'g_stn_gpe_mult': 1.5835772710995273, 'g_gpe_stn_mult': 0.1550221691521869, 'g_stn_gpi_mult': 2.947075267987165, 'g_gpe_gpi_mult': 0.6775041133913277}. Best is trial 80 with value: 0.8887103460761605.
[I 2026-05-28 23:44:00,293] Trial 109 finished with value: 9.047365833952021 and parameters: {'ISTN': 62.75157567256338, 'I_gpe': 2.0211584105499405, 'I_gpi': 2.9261383739779596, 'noise_stn_sigma': 5.065031036849941, 'noise_gpe_sigma': 70.46833242298148, 'noise_gpi_sigma': 125.63331065141517, 'g_stn_gpe_mult': 1.9742411330382688, 'g_gpe_stn_mult': 0.31312774295096546, 'g_stn_gpi_mult': 3.129785015278156, 'g_gpe_gpi_mult': 0.6303922582168319}. Best is trial 80 with value: 0.8887103460761605.
[I 2026-05-28 23:44:01,300] Trial 110 finished with value: 9.842778547345187 and parameters: {'ISTN': 63.34339269433539, 'I_gpe': 1.3281622433836788, 'I_gpi': 2.7321331869563936, 'noise_stn_sigma': 5.029250037241087, 'noise_gpe_sigma': 120.9548028995691, 'noise_gpi_sigma': 109.8196590355717, 'g_stn_gpe_mult': 2.3162723251646873, 'g_gpe_stn_mult': 0.256859964412853, 'g_stn_gpi_mult': 2.0551334975006847, 'g_gpe_gpi_mult': 0.7457130884488177}. Best is trial 80 with value: 0.8887103460761605.
[I 2026-05-28 23:44:02,308] Trial 111 finished with value: 5.282862957918045 and parameters: {'ISTN': 71.14528492809495, 'I_gpe': 0.9421186808304587, 'I_gpi': 2.5435622397534066, 'noise_stn_sigma': 5.933740634880314, 'noise_gpe_sigma': 85.12054259568464, 'noise_gpi_sigma': 103.5391978932051, 'g_stn_gpe_mult': 2.9271069044667177, 'g_gpe_stn_mult': 0.1740783282858524, 'g_stn_gpi_mult': 1.9037503985252662, 'g_gpe_gpi_mult': 0.7029553528272918}. Best is trial 80 with value: 0.8887103460761605.
[I 2026-05-28 23:44:03,318] Trial 112 finished with value: 0.5819135352821176 and parameters: {'ISTN': 60.805509112010085, 'I_gpe': 1.5094318509382083, 'I_gpi': 1.4636318732775273, 'noise_stn_sigma': 5.7440353231626355, 'noise_gpe_sigma': 77.69112204788412, 'noise_gpi_sigma': 101.37054106578675, 'g_stn_gpe_mult': 2.703514862154326, 'g_gpe_stn_mult': 0.14302633119928004, 'g_stn_gpi_mult': 1.5186845196128942, 'g_gpe_gpi_mult': 0.643525880297892}. Best is trial 112 with value: 0.5819135352821176.
[I 2026-05-28 23:44:04,327] Trial 113 finished with value: 11.218027744461875 and parameters: {'ISTN': 65.60846187553483, 'I_gpe': 1.7360329641074737, 'I_gpi': 3.139222914797273, 'noise_stn_sigma': 6.022828134440076, 'noise_gpe_sigma': 116.45177535847169, 'noise_gpi_sigma': 97.06826301200172, 'g_stn_gpe_mult': 2.0703927945425638, 'g_gpe_stn_mult': 0.26967908004705216, 'g_stn_gpi_mult': 1.9420973137218658, 'g_gpe_gpi_mult': 0.5618613788126259}. Best is trial 112 with value: 0.5819135352821176.
[I 2026-05-28 23:44:05,333] Trial 114 finished with value: 12.62747076267378 and parameters: {'ISTN': 63.157083162246806, 'I_gpe': 1.1564385473103698, 'I_gpi': 2.734115163795754, 'noise_stn_sigma': 6.498967719063712, 'noise_gpe_sigma': 92.1360640829549, 'noise_gpi_sigma': 122.27714048556577, 'g_stn_gpe_mult': 2.797638101131793, 'g_gpe_stn_mult': 0.1901207863689152, 'g_stn_gpi_mult': 2.8834556521143626, 'g_gpe_gpi_mult': 0.5235893906861717}. Best is trial 112 with value: 0.5819135352821176.
[I 2026-05-28 23:44:06,341] Trial 115 finished with value: 2.0123312940468807 and parameters: {'ISTN': 61.76168489342499, 'I_gpe': 1.1652911971641706, 'I_gpi': 3.5546967769449367, 'noise_stn_sigma': 7.354151615911487, 'noise_gpe_sigma': 93.82072037625981, 'noise_gpi_sigma': 130.23633419014138, 'g_stn_gpe_mult': 2.467283588731081, 'g_gpe_stn_mult': 0.3078575752662419, 'g_stn_gpi_mult': 2.1794404144427673, 'g_gpe_gpi_mult': 0.7529398033237193}. Best is trial 112 with value: 0.5819135352821176.
[I 2026-05-28 23:44:07,350] Trial 116 finished with value: 7.907987826637504 and parameters: {'ISTN': 75.0312682268796, 'I_gpe': 1.2605963564720324, 'I_gpi': 2.587380361952845, 'noise_stn_sigma': 6.627450574488288, 'noise_gpe_sigma': 80.88693542579384, 'noise_gpi_sigma': 98.49568176608979, 'g_stn_gpe_mult': 2.71904843433005, 'g_gpe_stn_mult': 0.3734525778425922, 'g_stn_gpi_mult': 2.558574352569226, 'g_gpe_gpi_mult': 0.6537638524507442}. Best is trial 112 with value: 0.5819135352821176.
[I 2026-05-28 23:44:08,358] Trial 117 finished with value: 8.459396134292358 and parameters: {'ISTN': 75.48802516263618, 'I_gpe': 0.6813255608358827, 'I_gpi': 2.5115798017870308, 'noise_stn_sigma': 7.53577218271544, 'noise_gpe_sigma': 81.62737289692899, 'noise_gpi_sigma': 112.9964173107253, 'g_stn_gpe_mult': 2.344532130690606, 'g_gpe_stn_mult': 0.2299081364886315, 'g_stn_gpi_mult': 2.2721950073598514, 'g_gpe_gpi_mult': 0.569776658832413}. Best is trial 112 with value: 0.5819135352821176.
[I 2026-05-28 23:44:09,364] Trial 118 finished with value: 7.368111418125641 and parameters: {'ISTN': 61.142954300854555, 'I_gpe': 1.5912805274666695, 'I_gpi': 2.9720539908731696, 'noise_stn_sigma': 5.760051031339651, 'noise_gpe_sigma': 85.5089801746826, 'noise_gpi_sigma': 101.42927769319512, 'g_stn_gpe_mult': 2.20086480797538, 'g_gpe_stn_mult': 0.26097818278975266, 'g_stn_gpi_mult': 2.690047348007287, 'g_gpe_gpi_mult': 0.6610552443042825}. Best is trial 112 with value: 0.5819135352821176.
[I 2026-05-28 23:44:10,370] Trial 119 finished with value: 6.154989707715655 and parameters: {'ISTN': 68.96307710639559, 'I_gpe': 1.1955760237408297, 'I_gpi': 2.595911647118408, 'noise_stn_sigma': 5.60788684964989, 'noise_gpe_sigma': 115.6371579923049, 'noise_gpi_sigma': 133.8619969070773, 'g_stn_gpe_mult': 1.9372107328609776, 'g_gpe_stn_mult': 0.1878764053224003, 'g_stn_gpi_mult': 2.0609350731406426, 'g_gpe_gpi_mult': 0.49113530635559627}. Best is trial 112 with value: 0.5819135352821176.
[I 2026-05-28 23:44:11,376] Trial 120 finished with value: 10.616528690673855 and parameters: {'ISTN': 82.9386006983939, 'I_gpe': 1.4628669836352073, 'I_gpi': 2.7804400514328016, 'noise_stn_sigma': 6.468274922931368, 'noise_gpe_sigma': 77.74128931362387, 'noise_gpi_sigma': 101.61673598866919, 'g_stn_gpe_mult': 2.6204689321308807, 'g_gpe_stn_mult': 0.2545076608216842, 'g_stn_gpi_mult': 2.16616300227421, 'g_gpe_gpi_mult': 0.7027414877598603}. Best is trial 112 with value: 0.5819135352821176.
[I 2026-05-28 23:44:12,384] Trial 121 finished with value: 10.295112555521463 and parameters: {'ISTN': 73.03494227430319, 'I_gpe': 0.6915946840385294, 'I_gpi': 2.1468582537462715, 'noise_stn_sigma': 5.999826270915764, 'noise_gpe_sigma': 108.97733328297622, 'noise_gpi_sigma': 139.1210053486626, 'g_stn_gpe_mult': 3.2080359368569535, 'g_gpe_stn_mult': 0.3545651686199889, 'g_stn_gpi_mult': 1.9138762652819699, 'g_gpe_gpi_mult': 0.7101959885858353}. Best is trial 112 with value: 0.5819135352821176.
[I 2026-05-28 23:44:13,393] Trial 122 finished with value: 5.68788532233555 and parameters: {'ISTN': 74.82467950963587, 'I_gpe': 1.5183271703103123, 'I_gpi': 1.7648162346710903, 'noise_stn_sigma': 6.781062728708382, 'noise_gpe_sigma': 90.06854188705923, 'noise_gpi_sigma': 104.05509225778272, 'g_stn_gpe_mult': 3.0326661963472326, 'g_gpe_stn_mult': 0.1815162351270257, 'g_stn_gpi_mult': 1.443001961963381, 'g_gpe_gpi_mult': 0.7703506453190909}. Best is trial 112 with value: 0.5819135352821176.
[I 2026-05-28 23:44:14,399] Trial 123 finished with value: 2.1221280203723 and parameters: {'ISTN': 73.15249677061757, 'I_gpe': 1.4078354768217438, 'I_gpi': 1.8478466608890782, 'noise_stn_sigma': 5.335021230501512, 'noise_gpe_sigma': 110.89584033821774, 'noise_gpi_sigma': 85.10739767347935, 'g_stn_gpe_mult': 3.0491459731928843, 'g_gpe_stn_mult': 0.19746487524483067, 'g_stn_gpi_mult': 1.842153187204887, 'g_gpe_gpi_mult': 0.7676839025390785}. Best is trial 112 with value: 0.5819135352821176.
[I 2026-05-28 23:44:15,405] Trial 124 finished with value: 6.489480311591891 and parameters: {'ISTN': 64.36666053209335, 'I_gpe': 1.2501381932289362, 'I_gpi': 1.6290236788681425, 'noise_stn_sigma': 6.699532159017488, 'noise_gpe_sigma': 89.67837236658129, 'noise_gpi_sigma': 121.67982623756437, 'g_stn_gpe_mult': 2.576867173786879, 'g_gpe_stn_mult': 0.10743300111841891, 'g_stn_gpi_mult': 2.110193606281104, 'g_gpe_gpi_mult': 0.6935598055062506}. Best is trial 112 with value: 0.5819135352821176.
[I 2026-05-28 23:44:16,412] Trial 125 finished with value: 7.371955601903206 and parameters: {'ISTN': 64.0061021254109, 'I_gpe': 1.1216265566662982, 'I_gpi': 2.852113019286785, 'noise_stn_sigma': 5.622904631680373, 'noise_gpe_sigma': 79.56947966629252, 'noise_gpi_sigma': 119.10155928835037, 'g_stn_gpe_mult': 2.4804587557375495, 'g_gpe_stn_mult': 0.38942754265811297, 'g_stn_gpi_mult': 2.343216606915597, 'g_gpe_gpi_mult': 0.7442049914866959}. Best is trial 112 with value: 0.5819135352821176.
[I 2026-05-28 23:44:17,421] Trial 126 finished with value: 5.240462423449998 and parameters: {'ISTN': 68.76366081475946, 'I_gpe': 1.3896424843207107, 'I_gpi': 2.615787927189785, 'noise_stn_sigma': 6.809203131296945, 'noise_gpe_sigma': 83.88405556543191, 'noise_gpi_sigma': 113.88579570184659, 'g_stn_gpe_mult': 3.0171764151041085, 'g_gpe_stn_mult': 0.22880123634375346, 'g_stn_gpi_mult': 1.4067244983592024, 'g_gpe_gpi_mult': 0.6905484951844864}. Best is trial 112 with value: 0.5819135352821176.
[I 2026-05-28 23:44:18,430] Trial 127 finished with value: 13.542944058907059 and parameters: {'ISTN': 73.14136169382782, 'I_gpe': 1.6392507585509, 'I_gpi': 2.5557676565815926, 'noise_stn_sigma': 4.997127466793553, 'noise_gpe_sigma': 69.25457025613763, 'noise_gpi_sigma': 125.29444131416335, 'g_stn_gpe_mult': 3.043006041479897, 'g_gpe_stn_mult': 0.21851737766262436, 'g_stn_gpi_mult': 1.9582040494709954, 'g_gpe_gpi_mult': 0.976807494901254}. Best is trial 112 with value: 0.5819135352821176.
[I 2026-05-28 23:44:19,434] Trial 128 finished with value: 11.002226843497056 and parameters: {'ISTN': 73.757679927971, 'I_gpe': 0.869034219689569, 'I_gpi': 3.62384950669768, 'noise_stn_sigma': 6.306279706025135, 'noise_gpe_sigma': 86.97098513228822, 'noise_gpi_sigma': 131.42859515276814, 'g_stn_gpe_mult': 2.5411166489622015, 'g_gpe_stn_mult': 0.2030050672152188, 'g_stn_gpi_mult': 2.343174536246732, 'g_gpe_gpi_mult': 0.7753522292706003}. Best is trial 112 with value: 0.5819135352821176.
[I 2026-05-28 23:44:20,442] Trial 129 finished with value: 11.329604479637409 and parameters: {'ISTN': 60.84268797703467, 'I_gpe': 1.3351911814913697, 'I_gpi': 1.9621513650409488, 'noise_stn_sigma': 6.489274829094215, 'noise_gpe_sigma': 92.0361067719805, 'noise_gpi_sigma': 98.0608994254036, 'g_stn_gpe_mult': 2.3182858889901308, 'g_gpe_stn_mult': 0.20945546317682254, 'g_stn_gpi_mult': 1.991227981980978, 'g_gpe_gpi_mult': 0.7132088525000053}. Best is trial 112 with value: 0.5819135352821176.
[I 2026-05-28 23:44:21,449] Trial 130 finished with value: 11.966961370932392 and parameters: {'ISTN': 77.46221124859687, 'I_gpe': 0.9877494652041714, 'I_gpi': 2.287341319424687, 'noise_stn_sigma': 5.334130634273777, 'noise_gpe_sigma': 60.94542849843413, 'noise_gpi_sigma': 110.22732613862709, 'g_stn_gpe_mult': 2.663038629730397, 'g_gpe_stn_mult': 0.15829559560880627, 'g_stn_gpi_mult': 1.6613066053003482, 'g_gpe_gpi_mult': 0.7444680639408172}. Best is trial 112 with value: 0.5819135352821176.
[I 2026-05-28 23:44:22,455] Trial 131 finished with value: 8.568701893755618 and parameters: {'ISTN': 73.67978862634352, 'I_gpe': 1.510549337723344, 'I_gpi': 1.3224374810264234, 'noise_stn_sigma': 7.375117272028557, 'noise_gpe_sigma': 89.7322392980642, 'noise_gpi_sigma': 111.62866922426059, 'g_stn_gpe_mult': 3.3980197827216063, 'g_gpe_stn_mult': 0.12206560717040478, 'g_stn_gpi_mult': 1.5674586394557215, 'g_gpe_gpi_mult': 0.8482125188419523}. Best is trial 112 with value: 0.5819135352821176.
