[I 2026-05-28 23:38:29,710] Trial 792 finished with value: 2.8598462736943464 and parameters: {'ISTN': 60.99210169420877, 'I_gpe': 1.415203987614785, 'I_gpi': 2.0717499542976787, 'noise_stn_sigma': 6.938662915368411, 'noise_gpe_sigma': 125.18956581325361, 'noise_gpi_sigma': 102.62515313644825, 'g_stn_gpe_mult': 2.877546826155271, 'g_gpe_stn_mult': 0.5047092580678254, 'g_stn_gpi_mult': 3.127677564939875, 'g_gpe_gpi_mult': 0.50032434198962}. Best is trial 713 with value: 0.3772786202081809.
[I 2026-05-28 23:38:30,720] Trial 793 finished with value: 0.42230068787719005 and parameters: {'ISTN': 60.41337763491552, 'I_gpe': 1.3446036537704629, 'I_gpi': 2.2758703648208707, 'noise_stn_sigma': 6.8071113429734815, 'noise_gpe_sigma': 126.26181229401286, 'noise_gpi_sigma': 98.32815500951354, 'g_stn_gpe_mult': 3.009939681493308, 'g_gpe_stn_mult': 0.5295001157401296, 'g_stn_gpi_mult': 3.1871031075685288, 'g_gpe_gpi_mult': 0.4997724014798194}. Best is trial 713 with value: 0.3772786202081809.
[I 2026-05-28 23:38:31,728] Trial 794 finished with value: 0.6511190958059729 and parameters: {'ISTN': 60.570774046350515, 'I_gpe': 1.4015356973781172, 'I_gpi': 2.0732492951237047, 'noise_stn_sigma': 6.775269251698727, 'noise_gpe_sigma': 123.86099636078853, 'noise_gpi_sigma': 103.66286949562242, 'g_stn_gpe_mult': 2.9461311607003773, 'g_gpe_stn_mult': 0.5149647829056311, 'g_stn_gpi_mult': 3.181593317483035, 'g_gpe_gpi_mult': 0.4975379745308274}. Best is trial 713 with value: 0.3772786202081809.
[I 2026-05-28 23:38:32,735] Trial 795 finished with value: 0.3816074135930217 and parameters: {'ISTN': 60.46283316922954, 'I_gpe': 1.3955400433974154, 'I_gpi': 2.1244696024493743, 'noise_stn_sigma': 6.89996733062184, 'noise_gpe_sigma': 126.44936427547115, 'noise_gpi_sigma': 102.13920523041327, 'g_stn_gpe_mult': 2.8921695955175526, 'g_gpe_stn_mult': 0.5019682792830152, 'g_stn_gpi_mult': 3.1559225255502588, 'g_gpe_gpi_mult': 0.4962372477892606}. Best is trial 713 with value: 0.3772786202081809.
[I 2026-05-28 23:38:33,745] Trial 796 finished with value: 0.5611130016150986 and parameters: {'ISTN': 60.30838623709649, 'I_gpe': 1.3915585329604587, 'I_gpi': 2.156731953399115, 'noise_stn_sigma': 6.81826537331378, 'noise_gpe_sigma': 126.5147351623122, 'noise_gpi_sigma': 102.14754658926152, 'g_stn_gpe_mult': 3.0018254738970436, 'g_gpe_stn_mult': 0.49651579732385054, 'g_stn_gpi_mult': 3.1281591950160204, 'g_gpe_gpi_mult': 0.4877419360542254}. Best is trial 713 with value: 0.3772786202081809.
[I 2026-05-28 23:38:34,753] Trial 797 finished with value: 1.2225608896484674 and parameters: {'ISTN': 60.602755686314566, 'I_gpe': 1.3640550319198808, 'I_gpi': 2.187054866021268, 'noise_stn_sigma': 6.877419424994601, 'noise_gpe_sigma': 126.36592891915363, 'noise_gpi_sigma': 100.73012240317428, 'g_stn_gpe_mult': 2.941910224417281, 'g_gpe_stn_mult': 0.5118241694303665, 'g_stn_gpi_mult': 3.2006672519511232, 'g_gpe_gpi_mult': 0.49686402496460935}. Best is trial 713 with value: 0.3772786202081809.
[I 2026-05-28 23:38:35,761] Trial 798 finished with value: 0.4201494395938873 and parameters: {'ISTN': 60.379441620393564, 'I_gpe': 1.410851394218099, 'I_gpi': 2.151059792752605, 'noise_stn_sigma': 6.881701599956437, 'noise_gpe_sigma': 126.25564489579001, 'noise_gpi_sigma': 102.14386543189792, 'g_stn_gpe_mult': 2.907212831550343, 'g_gpe_stn_mult': 0.5016075970630963, 'g_stn_gpi_mult': 3.1602545052908235, 'g_gpe_gpi_mult': 0.4916136977550706}. Best is trial 713 with value: 0.3772786202081809.
[I 2026-05-28 23:38:36,772] Trial 799 finished with value: 0.6515992594090254 and parameters: {'ISTN': 60.58642370840201, 'I_gpe': 1.4023134772382657, 'I_gpi': 2.215591114588083, 'noise_stn_sigma': 6.771209251636517, 'noise_gpe_sigma': 124.88522779070982, 'noise_gpi_sigma': 104.1635080319076, 'g_stn_gpe_mult': 2.933763230191003, 'g_gpe_stn_mult': 0.5015174256958406, 'g_stn_gpi_mult': 3.1382556340944086, 'g_gpe_gpi_mult': 0.48930236911979513}. Best is trial 713 with value: 0.3772786202081809.
[I 2026-05-28 23:38:37,782] Trial 800 finished with value: 0.7033340904159346 and parameters: {'ISTN': 60.4384731719311, 'I_gpe': 1.3831799696101483, 'I_gpi': 2.0443528184588846, 'noise_stn_sigma': 6.999038074665174, 'noise_gpe_sigma': 124.18624313942573, 'noise_gpi_sigma': 105.31207766706899, 'g_stn_gpe_mult': 2.9392965168464262, 'g_gpe_stn_mult': 0.489103173929503, 'g_stn_gpi_mult': 3.196590884580429, 'g_gpe_gpi_mult': 0.4954384830011794}. Best is trial 713 with value: 0.3772786202081809.
[I 2026-05-28 23:38:38,791] Trial 801 finished with value: 0.5222435723898364 and parameters: {'ISTN': 60.12592894045026, 'I_gpe': 1.391778491725212, 'I_gpi': 2.07283556451141, 'noise_stn_sigma': 6.824704901537695, 'noise_gpe_sigma': 127.7308930477193, 'noise_gpi_sigma': 102.05199087286368, 'g_stn_gpe_mult': 2.944003807307866, 'g_gpe_stn_mult': 0.4930235706866257, 'g_stn_gpi_mult': 3.209638705331846, 'g_gpe_gpi_mult': 0.4859470199591622}. Best is trial 713 with value: 0.3772786202081809.
[I 2026-05-28 23:38:39,797] Trial 802 finished with value: 3.5117400962057794 and parameters: {'ISTN': 60.92267349027671, 'I_gpe': 1.3592266408397091, 'I_gpi': 2.147345870317139, 'noise_stn_sigma': 6.931933905843183, 'noise_gpe_sigma': 127.70770433478842, 'noise_gpi_sigma': 99.52552220382421, 'g_stn_gpe_mult': 2.956830003687412, 'g_gpe_stn_mult': 0.5051310193889574, 'g_stn_gpi_mult': 3.139082948250636, 'g_gpe_gpi_mult': 0.4943386858266542}. Best is trial 713 with value: 0.3772786202081809.
[I 2026-05-28 23:38:40,805] Trial 803 finished with value: 0.7337917384371089 and parameters: {'ISTN': 60.01645470755412, 'I_gpe': 1.3865478613766546, 'I_gpi': 2.198879475234679, 'noise_stn_sigma': 6.817522136896331, 'noise_gpe_sigma': 129.03836662604402, 'noise_gpi_sigma': 98.554698946101, 'g_stn_gpe_mult': 3.020623345812468, 'g_gpe_stn_mult': 0.5083513219082486, 'g_stn_gpi_mult': 3.203574110558029, 'g_gpe_gpi_mult': 0.493549498018794}. Best is trial 713 with value: 0.3772786202081809.
[I 2026-05-28 23:38:41,813] Trial 804 finished with value: 1.4804676800703365 and parameters: {'ISTN': 60.77303510842215, 'I_gpe': 1.3944867322264527, 'I_gpi': 2.0596419481781316, 'noise_stn_sigma': 6.874714893953751, 'noise_gpe_sigma': 123.46452774429149, 'noise_gpi_sigma': 102.12181646052686, 'g_stn_gpe_mult': 2.9438647281114947, 'g_gpe_stn_mult': 0.504703476708526, 'g_stn_gpi_mult': 3.1668225163504378, 'g_gpe_gpi_mult': 0.5107367094317721}. Best is trial 713 with value: 0.3772786202081809.
[I 2026-05-28 23:38:42,819] Trial 805 finished with value: 2.9255912551883223 and parameters: {'ISTN': 61.14736826452508, 'I_gpe': 1.395196411838135, 'I_gpi': 2.2333085274154314, 'noise_stn_sigma': 6.8758135562925755, 'noise_gpe_sigma': 128.81839331175837, 'noise_gpi_sigma': 100.76162338706324, 'g_stn_gpe_mult': 2.9894154924198535, 'g_gpe_stn_mult': 0.5128141427084688, 'g_stn_gpi_mult': 3.1945049309792024, 'g_gpe_gpi_mult': 0.48124719732795357}. Best is trial 713 with value: 0.3772786202081809.
[I 2026-05-28 23:38:43,827] Trial 806 finished with value: 0.5185630319580723 and parameters: {'ISTN': 60.32503727699021, 'I_gpe': 1.3949884778759423, 'I_gpi': 2.1472995983447882, 'noise_stn_sigma': 6.8032714614845, 'noise_gpe_sigma': 125.97628241248484, 'noise_gpi_sigma': 99.75869948150536, 'g_stn_gpe_mult': 2.923232521537594, 'g_gpe_stn_mult': 0.5069843074590085, 'g_stn_gpi_mult': 3.112856182678804, 'g_gpe_gpi_mult': 0.5033803651248885}. Best is trial 713 with value: 0.3772786202081809.
[I 2026-05-28 23:38:44,838] Trial 807 finished with value: 0.7052231305782302 and parameters: {'ISTN': 60.592974910360105, 'I_gpe': 1.3981809698267234, 'I_gpi': 2.136727479740429, 'noise_stn_sigma': 6.942017625921116, 'noise_gpe_sigma': 126.80146923884216, 'noise_gpi_sigma': 102.5731331338196, 'g_stn_gpe_mult': 2.9389542134083992, 'g_gpe_stn_mult': 0.5004310027636775, 'g_stn_gpi_mult': 3.1541810747217314, 'g_gpe_gpi_mult': 0.4999285478294731}. Best is trial 713 with value: 0.3772786202081809.
[I 2026-05-28 23:38:45,844] Trial 808 finished with value: 0.9231804107342851 and parameters: {'ISTN': 60.57506045678696, 'I_gpe': 1.4122858951258142, 'I_gpi': 2.281579142387998, 'noise_stn_sigma': 6.8936944481286115, 'noise_gpe_sigma': 128.78522070520023, 'noise_gpi_sigma': 100.64323429819093, 'g_stn_gpe_mult': 2.9364403324343837, 'g_gpe_stn_mult': 0.5083857634190154, 'g_stn_gpi_mult': 3.1636356961554575, 'g_gpe_gpi_mult': 0.4953547835976559}. Best is trial 713 with value: 0.3772786202081809.
[I 2026-05-28 23:38:46,853] Trial 809 finished with value: 0.4441065321531033 and parameters: {'ISTN': 60.37371387916796, 'I_gpe': 1.3888355779648278, 'I_gpi': 2.0850731833052807, 'noise_stn_sigma': 6.966539892213988, 'noise_gpe_sigma': 126.77611238571593, 'noise_gpi_sigma': 103.16395435231766, 'g_stn_gpe_mult': 2.977430761744079, 'g_gpe_stn_mult': 0.5010683857491303, 'g_stn_gpi_mult': 3.172146681414243, 'g_gpe_gpi_mult': 0.4980881830028257}. Best is trial 713 with value: 0.3772786202081809.
[I 2026-05-28 23:38:47,863] Trial 810 finished with value: 5.072113048634433 and parameters: {'ISTN': 61.293907988593446, 'I_gpe': 1.3895162883671222, 'I_gpi': 2.063932908882361, 'noise_stn_sigma': 6.737281645091063, 'noise_gpe_sigma': 124.02075047984347, 'noise_gpi_sigma': 100.77962874911258, 'g_stn_gpe_mult': 2.9089236897409547, 'g_gpe_stn_mult': 0.5088796796008059, 'g_stn_gpi_mult': 3.1869338404092398, 'g_gpe_gpi_mult': 0.49516270662461415}. Best is trial 713 with value: 0.3772786202081809.
[I 2026-05-28 23:38:48,873] Trial 811 finished with value: 1.4474020523361752 and parameters: {'ISTN': 60.33963170264709, 'I_gpe': 1.417789144766648, 'I_gpi': 2.0540299256822383, 'noise_stn_sigma': 6.8750525165452245, 'noise_gpe_sigma': 124.82598090483835, 'noise_gpi_sigma': 102.591273993693, 'g_stn_gpe_mult': 2.9911088652069946, 'g_gpe_stn_mult': 0.4964086421684256, 'g_stn_gpi_mult': 3.1817042850067434, 'g_gpe_gpi_mult': 0.5053435984078243}. Best is trial 713 with value: 0.3772786202081809.
[I 2026-05-28 23:38:49,881] Trial 812 finished with value: 0.7218127982506817 and parameters: {'ISTN': 60.487453816585294, 'I_gpe': 1.3802559564133081, 'I_gpi': 2.106526709418104, 'noise_stn_sigma': 6.987932138537326, 'noise_gpe_sigma': 128.4027782387451, 'noise_gpi_sigma': 102.72692358283923, 'g_stn_gpe_mult': 3.035663194947279, 'g_gpe_stn_mult': 0.4834018306523825, 'g_stn_gpi_mult': 3.189308529832685, 'g_gpe_gpi_mult': 0.4986666288575086}. Best is trial 713 with value: 0.3772786202081809.
[I 2026-05-28 23:38:50,890] Trial 813 finished with value: 0.4401721069119333 and parameters: {'ISTN': 60.28130213150718, 'I_gpe': 1.4012939464821286, 'I_gpi': 2.0512133584690497, 'noise_stn_sigma': 6.700797544235815, 'noise_gpe_sigma': 127.61117198739578, 'noise_gpi_sigma': 101.74050044714771, 'g_stn_gpe_mult': 2.9293158263065187, 'g_gpe_stn_mult': 0.5037580580318708, 'g_stn_gpi_mult': 3.177839204578957, 'g_gpe_gpi_mult': 0.49032067256006895}. Best is trial 713 with value: 0.3772786202081809.
[I 2026-05-28 23:38:51,898] Trial 814 finished with value: 1.8957667654974233 and parameters: {'ISTN': 60.561264791086174, 'I_gpe': 1.3890506264237978, 'I_gpi': 2.051403145266412, 'noise_stn_sigma': 6.77892244674959, 'noise_gpe_sigma': 128.159606574267, 'noise_gpi_sigma': 101.79512646686, 'g_stn_gpe_mult': 2.9555346381482375, 'g_gpe_stn_mult': 0.4919746901928078, 'g_stn_gpi_mult': 3.1738676042727825, 'g_gpe_gpi_mult': 0.4971728582584419}. Best is trial 713 with value: 0.3772786202081809.
[I 2026-05-28 23:38:52,907] Trial 815 finished with value: 0.42398749927322177 and parameters: {'ISTN': 60.52331348391366, 'I_gpe': 1.3831260369256846, 'I_gpi': 2.1245001516951287, 'noise_stn_sigma': 6.913473234265441, 'noise_gpe_sigma': 127.99574948479085, 'noise_gpi_sigma': 102.54825464402565, 'g_stn_gpe_mult': 2.9717864070697946, 'g_gpe_stn_mult': 0.5025818506008668, 'g_stn_gpi_mult': 3.151978397781893, 'g_gpe_gpi_mult': 0.504906812682395}. Best is trial 713 with value: 0.3772786202081809.
[I 2026-05-28 23:38:53,920] Trial 816 finished with value: 0.9354656245815107 and parameters: {'ISTN': 60.31421529658415, 'I_gpe': 1.3921461057392193, 'I_gpi': 2.1721408202712, 'noise_stn_sigma': 6.944646595955118, 'noise_gpe_sigma': 126.3658461913818, 'noise_gpi_sigma': 102.39537783323661, 'g_stn_gpe_mult': 2.911575429073137, 'g_gpe_stn_mult': 0.4956453940526392, 'g_stn_gpi_mult': 3.1733973747639226, 'g_gpe_gpi_mult': 0.4937363695455546}. Best is trial 713 with value: 0.3772786202081809.
[I 2026-05-28 23:38:54,929] Trial 817 finished with value: 4.554666135689467 and parameters: {'ISTN': 60.91422663948386, 'I_gpe': 1.3894060878515948, 'I_gpi': 2.043818169574, 'noise_stn_sigma': 6.99959819075187, 'noise_gpe_sigma': 126.7190156235268, 'noise_gpi_sigma': 104.03349469153639, 'g_stn_gpe_mult': 2.952003584844613, 'g_gpe_stn_mult': 0.4913801290819191, 'g_stn_gpi_mult': 3.200979395082286, 'g_gpe_gpi_mult': 0.5089983883266109}. Best is trial 713 with value: 0.3772786202081809.
[I 2026-05-28 23:38:55,935] Trial 818 finished with value: 3.8826595537647237 and parameters: {'ISTN': 61.0797768847042, 'I_gpe': 1.3681138561476436, 'I_gpi': 2.1690853027911734, 'noise_stn_sigma': 6.80104595014134, 'noise_gpe_sigma': 124.25141406825918, 'noise_gpi_sigma': 101.74879705032819, 'g_stn_gpe_mult': 2.9194348474031417, 'g_gpe_stn_mult': 0.5085077429495578, 'g_stn_gpi_mult': 3.131298999469299, 'g_gpe_gpi_mult': 0.4955464530065663}. Best is trial 713 with value: 0.3772786202081809.
[I 2026-05-28 23:38:56,944] Trial 819 finished with value: 1.30665723197259 and parameters: {'ISTN': 60.66254354758292, 'I_gpe': 1.3812725515146216, 'I_gpi': 2.0833942123550493, 'noise_stn_sigma': 7.054925238037709, 'noise_gpe_sigma': 127.49410564121825, 'noise_gpi_sigma': 100.68869252801426, 'g_stn_gpe_mult': 2.9595499189815593, 'g_gpe_stn_mult': 0.5025447906061505, 'g_stn_gpi_mult': 3.179194884720953, 'g_gpe_gpi_mult': 0.5084263205684745}. Best is trial 713 with value: 0.3772786202081809.
[I 2026-05-28 23:38:57,952] Trial 820 finished with value: 1.413710808991615 and parameters: {'ISTN': 60.213072883076656, 'I_gpe': 1.3781182341146423, 'I_gpi': 2.1054379037559072, 'noise_stn_sigma': 6.881817108315872, 'noise_gpe_sigma': 127.51432734523347, 'noise_gpi_sigma': 100.79090692992408, 'g_stn_gpe_mult': 2.9143746952302534, 'g_gpe_stn_mult': 0.504879830906686, 'g_stn_gpi_mult': 3.1630505752267943, 'g_gpe_gpi_mult': 0.49989994054073017}. Best is trial 713 with value: 0.3772786202081809.
[I 2026-05-28 23:38:58,963] Trial 821 finished with value: 0.4365700988126051 and parameters: {'ISTN': 60.28898455075835, 'I_gpe': 1.3969689381424177, 'I_gpi': 2.1058987549170602, 'noise_stn_sigma': 6.863222233431712, 'noise_gpe_sigma': 127.75942176565034, 'noise_gpi_sigma': 101.35565465195421, 'g_stn_gpe_mult': 3.018066726571038, 'g_gpe_stn_mult': 0.4986411171532952, 'g_stn_gpi_mult': 3.199813275614434, 'g_gpe_gpi_mult': 0.488768365796756}. Best is trial 713 with value: 0.3772786202081809.
[I 2026-05-28 23:38:59,971] Trial 822 finished with value: 0.9849020499913115 and parameters: {'ISTN': 60.4041510512571, 'I_gpe': 1.4069176023669867, 'I_gpi': 2.137093266091046, 'noise_stn_sigma': 6.702529982705684, 'noise_gpe_sigma': 126.99758181152023, 'noise_gpi_sigma': 100.35237819379823, 'g_stn_gpe_mult': 2.924935543426379, 'g_gpe_stn_mult': 0.5137635754076624, 'g_stn_gpi_mult': 3.1353143764016, 'g_gpe_gpi_mult': 0.5038246039375589}. Best is trial 713 with value: 0.3772786202081809.
[I 2026-05-28 23:39:00,980] Trial 823 finished with value: 3.1248073731444856 and parameters: {'ISTN': 60.58260676341855, 'I_gpe': 1.3926567945258461, 'I_gpi': 2.1216968789993205, 'noise_stn_sigma': 6.796541335271901, 'noise_gpe_sigma': 127.61714927653956, 'noise_gpi_sigma': 100.93922703449373, 'g_stn_gpe_mult': 3.0005207165121406, 'g_gpe_stn_mult': 0.5177204625124665, 'g_stn_gpi_mult': 3.177983328090499, 'g_gpe_gpi_mult': 0.49061138591770304}. Best is trial 713 with value: 0.3772786202081809.
[I 2026-05-28 23:39:01,991] Trial 824 finished with value: 0.8908464309430675 and parameters: {'ISTN': 60.50946594161481, 'I_gpe': 1.3802391963152754, 'I_gpi': 2.1130596759653777, 'noise_stn_sigma': 6.918575943342761, 'noise_gpe_sigma': 128.57858639506532, 'noise_gpi_sigma': 103.90565830165127, 'g_stn_gpe_mult': 2.9543039829971685, 'g_gpe_stn_mult': 0.4902627660003427, 'g_stn_gpi_mult': 3.213494127910475, 'g_gpe_gpi_mult': 0.48691718081995866}. Best is trial 713 with value: 0.3772786202081809.
[I 2026-05-28 23:39:02,998] Trial 825 finished with value: 3.074724970727184 and parameters: {'ISTN': 60.96488855795941, 'I_gpe': 1.387786963856981, 'I_gpi': 2.1527907222886347, 'noise_stn_sigma': 6.766813638444507, 'noise_gpe_sigma': 129.94278710682852, 'noise_gpi_sigma': 102.2442072847932, 'g_stn_gpe_mult': 2.9744593278207523, 'g_gpe_stn_mult': 0.5222829184771342, 'g_stn_gpi_mult': 3.2035206242773326, 'g_gpe_gpi_mult': 0.5030418192351721}. Best is trial 713 with value: 0.3772786202081809.
[I 2026-05-28 23:39:04,007] Trial 826 finished with value: 1.1132049759750413 and parameters: {'ISTN': 60.921649321975835, 'I_gpe': 1.3926430900198286, 'I_gpi': 2.2031732661363175, 'noise_stn_sigma': 6.9195440420418315, 'noise_gpe_sigma': 128.6949386305052, 'noise_gpi_sigma': 102.48387790682388, 'g_stn_gpe_mult': 2.9923108368200735, 'g_gpe_stn_mult': 0.5068024348689977, 'g_stn_gpi_mult': 3.1463301943625255, 'g_gpe_gpi_mult': 0.509222343091124}. Best is trial 713 with value: 0.3772786202081809.
[I 2026-05-28 23:39:05,017] Trial 827 finished with value: 0.5331752042448649 and parameters: {'ISTN': 60.29773971599567, 'I_gpe': 1.3782424181856854, 'I_gpi': 2.1511365444019255, 'noise_stn_sigma': 7.039404962127014, 'noise_gpe_sigma': 127.76296255321377, 'noise_gpi_sigma': 101.16663872195383, 'g_stn_gpe_mult': 2.9188585678192815, 'g_gpe_stn_mult': 0.5099617010017682, 'g_stn_gpi_mult': 3.14510810187445, 'g_gpe_gpi_mult': 0.5115109186977479}. Best is trial 713 with value: 0.3772786202081809.
[I 2026-05-28 23:39:06,027] Trial 828 finished with value: 0.9749161141292377 and parameters: {'ISTN': 60.72469708953821, 'I_gpe': 1.364038292641962, 'I_gpi': 2.0849113599234457, 'noise_stn_sigma': 6.879251439532004, 'noise_gpe_sigma': 126.72889472825568, 'noise_gpi_sigma': 101.40564045927069, 'g_stn_gpe_mult': 2.941253991864686, 'g_gpe_stn_mult': 0.5091710656662638, 'g_stn_gpi_mult': 3.18925739383447, 'g_gpe_gpi_mult': 0.5111300459432078}. Best is trial 713 with value: 0.3772786202081809.
[I 2026-05-28 23:39:07,036] Trial 829 finished with value: 4.523801622164965 and parameters: {'ISTN': 60.88593987807675, 'I_gpe': 1.3816093805966947, 'I_gpi': 2.0430025130614524, 'noise_stn_sigma': 6.82643883697868, 'noise_gpe_sigma': 126.54212228643819, 'noise_gpi_sigma': 103.07469657781738, 'g_stn_gpe_mult': 2.9202921442860115, 'g_gpe_stn_mult': 0.4962278482017145, 'g_stn_gpi_mult': 3.1312000714707615, 'g_gpe_gpi_mult': 0.5011166120909922}. Best is trial 713 with value: 0.3772786202081809.
[I 2026-05-28 23:39:08,043] Trial 830 finished with value: 1.3644436350797173 and parameters: {'ISTN': 60.608382884116295, 'I_gpe': 1.3879625655558074, 'I_gpi': 2.089419831818808, 'noise_stn_sigma': 6.874535076106155, 'noise_gpe_sigma': 128.18348438643784, 'noise_gpi_sigma': 102.95406404813696, 'g_stn_gpe_mult': 2.935985879769157, 'g_gpe_stn_mult': 0.49779889385747933, 'g_stn_gpi_mult': 3.169693688230965, 'g_gpe_gpi_mult': 0.5023039443192552}. Best is trial 713 with value: 0.3772786202081809.
[I 2026-05-28 23:39:09,053] Trial 831 finished with value: 0.9561464093324593 and parameters: {'ISTN': 60.18021422483114, 'I_gpe': 1.3964049718530986, 'I_gpi': 2.09727686426751, 'noise_stn_sigma': 6.93119852755866, 'noise_gpe_sigma': 129.32472175836568, 'noise_gpi_sigma': 102.21468370809765, 'g_stn_gpe_mult': 2.9952781736217124, 'g_gpe_stn_mult': 0.488785554224774, 'g_stn_gpi_mult': 3.145295847569497, 'g_gpe_gpi_mult': 0.49630989811959253}. Best is trial 713 with value: 0.3772786202081809.
[I 2026-05-28 23:39:10,063] Trial 832 finished with value: 1.0264821995163445 and parameters: {'ISTN': 60.08525505349556, 'I_gpe': 1.3875128994477257, 'I_gpi': 2.1288052285063044, 'noise_stn_sigma': 6.968153340117645, 'noise_gpe_sigma': 129.00760725366575, 'noise_gpi_sigma': 100.17823247567789, 'g_stn_gpe_mult': 3.053671837027033, 'g_gpe_stn_mult': 0.49723647707230834, 'g_stn_gpi_mult': 3.2067468741943417, 'g_gpe_gpi_mult': 0.49187140499734017}. Best is trial 713 with value: 0.3772786202081809.
[I 2026-05-28 23:39:11,071] Trial 833 finished with value: 1.6609841895924242 and parameters: {'ISTN': 60.667617788692574, 'I_gpe': 1.3526371928093295, 'I_gpi': 2.1062409178534773, 'noise_stn_sigma': 6.953250274345918, 'noise_gpe_sigma': 127.92070472671087, 'noise_gpi_sigma': 100.20983420402895, 'g_stn_gpe_mult': 3.0324786760920293, 'g_gpe_stn_mult': 0.4951957195246217, 'g_stn_gpi_mult': 3.199711447079698, 'g_gpe_gpi_mult': 0.5118258501945495}. Best is trial 713 with value: 0.3772786202081809.
[I 2026-05-28 23:39:12,079] Trial 834 finished with value: 1.1612072443999912 and parameters: {'ISTN': 60.44306356366225, 'I_gpe': 1.4019641284856643, 'I_gpi': 2.139118675835913, 'noise_stn_sigma': 6.795936690360425, 'noise_gpe_sigma': 127.74940799959289, 'noise_gpi_sigma': 100.83765212176608, 'g_stn_gpe_mult': 3.0216384429423044, 'g_gpe_stn_mult': 0.49516158675347977, 'g_stn_gpi_mult': 3.1243579939806345, 'g_gpe_gpi_mult': 0.49012557594749134}. Best is trial 713 with value: 0.3772786202081809.
[I 2026-05-28 23:39:13,087] Trial 835 finished with value: 0.6138575625952082 and parameters: {'ISTN': 60.5019041106428, 'I_gpe': 1.3816623184267545, 'I_gpi': 2.0651451458350154, 'noise_stn_sigma': 6.9381951978781045, 'noise_gpe_sigma': 127.58198478621658, 'noise_gpi_sigma': 102.16035601830612, 'g_stn_gpe_mult': 2.97044109346848, 'g_gpe_stn_mult': 0.494598438002643, 'g_stn_gpi_mult': 3.1795238008408813, 'g_gpe_gpi_mult': 0.4953034790673858}. Best is trial 713 with value: 0.3772786202081809.
