[I 2026-05-28 23:59:05,420] A new study created in memory with name: sensitivity_tau20
[I 2026-05-28 23:59:07,847] Trial 0 finished with value: 130.92585453009937 and parameters: {'ISTN': 93.70861069626262, 'I_gpe': 3.827500072434707, 'I_gpi': 3.9279757672456204, 'noise_stn_sigma': 5.190609389379256, 'noise_gpe_sigma': 40.28242325751675, 'noise_gpi_sigma': 40.27928764370634, 'g_stn_gpe_mult': 1.703292642588698, 'g_gpe_stn_mult': 0.7063233020424546, 'g_stn_gpi_mult': 2.8033450352296265, 'g_gpe_gpi_mult': 0.9080725777960454}. Best is trial 0 with value: 130.92585453009937.
[I 2026-05-28 23:59:08,861] Trial 1 finished with value: 20.660228521712792 and parameters: {'ISTN': 102.18398227973381, 'I_gpe': 1.7822592367307524, 'I_gpi': 2.0402078942860182, 'noise_stn_sigma': 5.527278325084124, 'noise_gpe_sigma': 64.87605951987203, 'noise_gpi_sigma': 128.16311557229506, 'g_stn_gpe_mult': 3.8783201895114314, 'g_gpe_stn_mult': 0.4633636096255428, 'g_stn_gpi_mult': 1.9201572567197984, 'g_gpe_gpi_mult': 0.5716581854888545}. Best is trial 1 with value: 20.660228521712792.
[I 2026-05-28 23:59:09,869] Trial 2 finished with value: 21.04054338345034 and parameters: {'ISTN': 104.05697545714605, 'I_gpe': 1.6990806611446447, 'I_gpi': 2.1093322736015803, 'noise_stn_sigma': 4.391415413253829, 'noise_gpe_sigma': 95.78215145683166, 'noise_gpi_sigma': 112.26271914252017, 'g_stn_gpe_mult': 3.620508535432487, 'g_gpe_stn_mult': 0.48253375989294744, 'g_stn_gpi_mult': 2.4349864676102033, 'g_gpe_gpi_mult': 0.8838728082220315}. Best is trial 1 with value: 20.660228521712792.
[I 2026-05-28 23:59:10,879] Trial 3 finished with value: 28.12469888002359 and parameters: {'ISTN': 124.05768254138863, 'I_gpe': 2.4404639905642638, 'I_gpi': 2.929437307767527, 'noise_stn_sigma': 4.597526383157501, 'noise_gpe_sigma': 123.71799364703026, 'noise_gpi_sigma': 102.97034598752232, 'g_stn_gpe_mult': 3.0886712355338317, 'g_gpe_stn_mult': 0.27286655747132477, 'g_stn_gpi_mult': 3.5949342956186348, 'g_gpe_gpi_mult': 0.596177167198813}. Best is trial 1 with value: 20.660228521712792.
[I 2026-05-28 23:59:11,890] Trial 4 finished with value: 12.243899297447665 and parameters: {'ISTN': 61.327006512303655, 'I_gpe': 2.322282146919423, 'I_gpi': 2.6397695163821506, 'noise_stn_sigma': 3.62253468740132, 'noise_gpe_sigma': 78.9240566977039, 'noise_gpi_sigma': 101.63027934654737, 'g_stn_gpe_mult': 3.374074127741162, 'g_gpe_stn_mult': 0.2130397972288703, 'g_stn_gpi_mult': 2.0912746715201935, 'g_gpe_gpi_mult': 0.6568869944818863}. Best is trial 4 with value: 12.243899297447665.
[I 2026-05-28 23:59:12,900] Trial 5 finished with value: 28.26089949350093 and parameters: {'ISTN': 118.21835604782609, 'I_gpe': 1.5081892774313215, 'I_gpi': 3.899768098732145, 'noise_stn_sigma': 3.936086758513816, 'noise_gpe_sigma': 119.32152160252447, 'noise_gpi_sigma': 102.30543016488373, 'g_stn_gpe_mult': 2.9807792455418993, 'g_gpe_stn_mult': 0.5137698475759706, 'g_stn_gpi_mult': 2.9949380788413196, 'g_gpe_gpi_mult': 0.9635506695066518}. Best is trial 4 with value: 12.243899297447665.
[I 2026-05-28 23:59:13,911] Trial 6 finished with value: 28.99364516817917 and parameters: {'ISTN': 121.61855037844573, 'I_gpe': 1.6513293219198029, 'I_gpi': 2.8432761902587727, 'noise_stn_sigma': 3.8480047711083603, 'noise_gpe_sigma': 74.143091992362, 'noise_gpi_sigma': 62.05518437298985, 'g_stn_gpe_mult': 3.3767409216885813, 'g_gpe_stn_mult': 0.39119594338519237, 'g_stn_gpi_mult': 2.347357900801299, 'g_gpe_gpi_mult': 0.4142625832855039}. Best is trial 4 with value: 12.243899297447665.
[I 2026-05-28 23:59:14,916] Trial 7 finished with value: 24.011050845395232 and parameters: {'ISTN': 118.14807622329761, 'I_gpe': 1.5486294089623256, 'I_gpi': 2.4516321436833994, 'noise_stn_sigma': 2.679013017620471, 'noise_gpe_sigma': 56.04599877645517, 'noise_gpi_sigma': 116.28652710522236, 'g_stn_gpe_mult': 2.9922746566942053, 'g_gpe_stn_mult': 0.2955859336866355, 'g_stn_gpi_mult': 1.716124621409335, 'g_gpe_gpi_mult': 0.5179871881249729}. Best is trial 4 with value: 12.243899297447665.
[I 2026-05-28 23:59:15,926] Trial 8 finished with value: 30.813188804006092 and parameters: {'ISTN': 125.24171270223263, 'I_gpe': 2.8526086943177944, 'I_gpi': 2.0678354736293487, 'noise_stn_sigma': 3.402302701760284, 'noise_gpe_sigma': 94.41082187084776, 'noise_gpi_sigma': 98.9600504549821, 'g_stn_gpe_mult': 3.6329764552383, 'g_gpe_stn_mult': 0.2538139817870882, 'g_stn_gpi_mult': 2.8573669779553246, 'g_gpe_gpi_mult': 0.7596331107049075}. Best is trial 4 with value: 12.243899297447665.
[I 2026-05-28 23:59:16,874] Trial 9 finished with value: 1000000.0 and parameters: {'ISTN': 108.06144798180426, 'I_gpe': 2.088159593914187, 'I_gpi': 2.7321182722451014, 'noise_stn_sigma': 3.3524793808782456, 'noise_gpe_sigma': 48.88483497946666, 'noise_gpi_sigma': 129.93936748396976, 'g_stn_gpe_mult': 3.302290408301439, 'g_gpe_stn_mult': 0.5428025966104797, 'g_stn_gpi_mult': 2.2888222168539225, 'g_gpe_gpi_mult': 0.6716607335175118}. Best is trial 4 with value: 12.243899297447665.
[I 2026-05-28 23:59:17,882] Trial 10 finished with value: 23.32938018470446 and parameters: {'ISTN': 105.28930217987374, 'I_gpe': 2.764126309775512, 'I_gpi': 1.33834956817683, 'noise_stn_sigma': 2.965503538344267, 'noise_gpe_sigma': 129.52996397114705, 'noise_gpi_sigma': 96.48201510531312, 'g_stn_gpe_mult': 3.0608279134787137, 'g_gpe_stn_mult': 0.462684887025272, 'g_stn_gpi_mult': 2.045535048975993, 'g_gpe_gpi_mult': 0.7985205433522264}. Best is trial 4 with value: 12.243899297447665.
[I 2026-05-28 23:59:18,892] Trial 11 finished with value: 12.282969448575626 and parameters: {'ISTN': 60.13770232015515, 'I_gpe': 3.0001127492478203, 'I_gpi': 1.680274163385529, 'noise_stn_sigma': 7.415844963638091, 'noise_gpe_sigma': 71.73909996563319, 'noise_gpi_sigma': 111.69205253550552, 'g_stn_gpe_mult': 2.5239963005558756, 'g_gpe_stn_mult': 0.45459330889598915, 'g_stn_gpi_mult': 1.7949809381265525, 'g_gpe_gpi_mult': 0.41865035920571214}. Best is trial 4 with value: 12.243899297447665.
[I 2026-05-28 23:59:19,902] Trial 12 finished with value: 19.779486149723866 and parameters: {'ISTN': 93.79035351592694, 'I_gpe': 1.7475674239581411, 'I_gpi': 1.490569419782887, 'noise_stn_sigma': 3.80241971116738, 'noise_gpe_sigma': 52.20210209014327, 'noise_gpi_sigma': 85.47062290286692, 'g_stn_gpe_mult': 4.050519643208259, 'g_gpe_stn_mult': 0.45509595446637774, 'g_stn_gpi_mult': 1.8272634920792103, 'g_gpe_gpi_mult': 0.5881109817316239}. Best is trial 4 with value: 12.243899297447665.
[I 2026-05-28 23:59:20,910] Trial 13 finished with value: 18.041998303843005 and parameters: {'ISTN': 108.80576180420594, 'I_gpe': 1.155810564679721, 'I_gpi': 2.2112923673574336, 'noise_stn_sigma': 3.4707437825576872, 'noise_gpe_sigma': 113.23177085136604, 'noise_gpi_sigma': 97.37065782056303, 'g_stn_gpe_mult': 3.487131593872649, 'g_gpe_stn_mult': 0.3169242965436376, 'g_stn_gpi_mult': 1.307051891310433, 'g_gpe_gpi_mult': 0.45711699153129703}. Best is trial 4 with value: 12.243899297447665.
[I 2026-05-28 23:59:21,921] Trial 14 finished with value: 16.632516927215107 and parameters: {'ISTN': 71.0844564006382, 'I_gpe': 2.779620520548631, 'I_gpi': 1.8445513572857686, 'noise_stn_sigma': 2.819618816499602, 'noise_gpe_sigma': 99.13624098562289, 'noise_gpi_sigma': 143.63937719931533, 'g_stn_gpe_mult': 4.960078572652651, 'g_gpe_stn_mult': 0.21225610844334697, 'g_stn_gpi_mult': 2.0451077291571855, 'g_gpe_gpi_mult': 0.7895563231795593}. Best is trial 4 with value: 12.243899297447665.
[I 2026-05-28 23:59:22,929] Trial 15 finished with value: 16.326316279760988 and parameters: {'ISTN': 92.86617051719941, 'I_gpe': 1.3934210616293496, 'I_gpi': 1.9879838250346769, 'noise_stn_sigma': 4.17371256194224, 'noise_gpe_sigma': 51.42588303095445, 'noise_gpi_sigma': 96.21471224876862, 'g_stn_gpe_mult': 3.2475604780880247, 'g_gpe_stn_mult': 0.3108476605231879, 'g_stn_gpi_mult': 2.818002018827362, 'g_gpe_gpi_mult': 0.6227992294500898}. Best is trial 4 with value: 12.243899297447665.
[I 2026-05-28 23:59:23,938] Trial 16 finished with value: 11.14165785078145 and parameters: {'ISTN': 65.44446542758081, 'I_gpe': 2.1710421815877337, 'I_gpi': 1.8916513661763485, 'noise_stn_sigma': 3.762039255109381, 'noise_gpe_sigma': 79.2125809175409, 'noise_gpi_sigma': 121.46965862398608, 'g_stn_gpe_mult': 3.6184293132320464, 'g_gpe_stn_mult': 0.3324843003639063, 'g_stn_gpi_mult': 2.1697103366900965, 'g_gpe_gpi_mult': 0.8392642797074739}. Best is trial 16 with value: 11.14165785078145.
[I 2026-05-28 23:59:24,947] Trial 17 finished with value: 20.41632982897678 and parameters: {'ISTN': 93.66054044980231, 'I_gpe': 1.4338870036775442, 'I_gpi': 3.628116840261453, 'noise_stn_sigma': 1.2905882608393846, 'noise_gpe_sigma': 77.25905756075412, 'noise_gpi_sigma': 124.96896715402616, 'g_stn_gpe_mult': 3.26625783242849, 'g_gpe_stn_mult': 0.42054171212190017, 'g_stn_gpi_mult': 1.9386641694378444, 'g_gpe_gpi_mult': 0.569772341280774}. Best is trial 16 with value: 11.14165785078145.
[I 2026-05-28 23:59:25,956] Trial 18 finished with value: 27.195297739608534 and parameters: {'ISTN': 115.75287230211387, 'I_gpe': 1.807998194874183, 'I_gpi': 3.008531553773343, 'noise_stn_sigma': 4.897305844600199, 'noise_gpe_sigma': 63.32401010423921, 'noise_gpi_sigma': 74.36552183818554, 'g_stn_gpe_mult': 2.830497732646474, 'g_gpe_stn_mult': 0.5671117988789501, 'g_stn_gpi_mult': 1.5135875060845376, 'g_gpe_gpi_mult': 0.87006296609816}. Best is trial 16 with value: 11.14165785078145.
[I 2026-05-28 23:59:26,962] Trial 19 finished with value: 23.594152910326983 and parameters: {'ISTN': 98.23206629745584, 'I_gpe': 2.8570264844541926, 'I_gpi': 2.79968262260539, 'noise_stn_sigma': 4.373300127667591, 'noise_gpe_sigma': 92.20410329690105, 'noise_gpi_sigma': 105.45631681478226, 'g_stn_gpe_mult': 3.8161827020860977, 'g_gpe_stn_mult': 0.3610315009326158, 'g_stn_gpi_mult': 1.6612491740912825, 'g_gpe_gpi_mult': 0.5655553505486792}. Best is trial 16 with value: 11.14165785078145.
[I 2026-05-28 23:59:27,970] Trial 20 finished with value: 1.3225578984676185 and parameters: {'ISTN': 60.904540225649036, 'I_gpe': 2.384394860295708, 'I_gpi': 2.9205394933057414, 'noise_stn_sigma': 3.472559480455917, 'noise_gpe_sigma': 119.53027895910421, 'noise_gpi_sigma': 94.46837117935209, 'g_stn_gpe_mult': 3.4325907941515466, 'g_gpe_stn_mult': 0.1014744714933456, 'g_stn_gpi_mult': 2.7730686131082147, 'g_gpe_gpi_mult': 0.736009921050141}. Best is trial 20 with value: 1.3225578984676185.
[I 2026-05-28 23:59:28,978] Trial 21 finished with value: 12.821370977535828 and parameters: {'ISTN': 86.55872333478203, 'I_gpe': 1.8816590141083664, 'I_gpi': 1.5368178229613536, 'noise_stn_sigma': 4.79298853346328, 'noise_gpe_sigma': 139.63992668507024, 'noise_gpi_sigma': 136.3309140059896, 'g_stn_gpe_mult': 2.5200165873851272, 'g_gpe_stn_mult': 0.1333087615108462, 'g_stn_gpi_mult': 1.5491709565189928, 'g_gpe_gpi_mult': 0.6128258880495018}. Best is trial 20 with value: 1.3225578984676185.
[I 2026-05-28 23:59:29,985] Trial 22 finished with value: 14.282187099949095 and parameters: {'ISTN': 77.91872772873012, 'I_gpe': 2.6622352772655136, 'I_gpi': 2.126798060373882, 'noise_stn_sigma': 3.271295490728842, 'noise_gpe_sigma': 93.64024592161923, 'noise_gpi_sigma': 87.42709113142152, 'g_stn_gpe_mult': 3.7595488813733935, 'g_gpe_stn_mult': 0.4342277739851539, 'g_stn_gpi_mult': 1.8805851050817943, 'g_gpe_gpi_mult': 0.4756012343380796}. Best is trial 20 with value: 1.3225578984676185.
[I 2026-05-28 23:59:30,992] Trial 23 finished with value: 12.859306390232545 and parameters: {'ISTN': 66.22020316099515, 'I_gpe': 2.2417430012115007, 'I_gpi': 2.1440850877932034, 'noise_stn_sigma': 4.793194799551637, 'noise_gpe_sigma': 59.70960219744323, 'noise_gpi_sigma': 105.42974592543692, 'g_stn_gpe_mult': 2.596364761970622, 'g_gpe_stn_mult': 0.2036786559533324, 'g_stn_gpi_mult': 2.140866886348659, 'g_gpe_gpi_mult': 0.9637652806783583}. Best is trial 20 with value: 1.3225578984676185.
[I 2026-05-28 23:59:32,001] Trial 24 finished with value: 0.5317873240560836 and parameters: {'ISTN': 68.1623410983788, 'I_gpe': 1.4403409844682296, 'I_gpi': 2.789305184374334, 'noise_stn_sigma': 2.3023108414570053, 'noise_gpe_sigma': 96.13741842956641, 'noise_gpi_sigma': 85.02989249477751, 'g_stn_gpe_mult': 3.2276433304535654, 'g_gpe_stn_mult': 0.14155953655174772, 'g_stn_gpi_mult': 2.888278485904237, 'g_gpe_gpi_mult': 0.7452467122788848}. Best is trial 24 with value: 0.5317873240560836.
[I 2026-05-28 23:59:33,011] Trial 25 finished with value: 7.89417848520694 and parameters: {'ISTN': 74.02689160149642, 'I_gpe': 2.1802649796416262, 'I_gpi': 3.553903559440797, 'noise_stn_sigma': 4.357252546419781, 'noise_gpe_sigma': 110.52287143770175, 'noise_gpi_sigma': 110.67502051059951, 'g_stn_gpe_mult': 3.252964190940694, 'g_gpe_stn_mult': 0.18232319973654915, 'g_stn_gpi_mult': 2.5643080786974557, 'g_gpe_gpi_mult': 0.6201678494181753}. Best is trial 24 with value: 0.5317873240560836.
[I 2026-05-28 23:59:34,022] Trial 26 finished with value: 16.183817123126886 and parameters: {'ISTN': 69.43237337978633, 'I_gpe': 2.2326263150571366, 'I_gpi': 2.3715031577187737, 'noise_stn_sigma': 3.4782290989982885, 'noise_gpe_sigma': 55.11680851439871, 'noise_gpi_sigma': 119.36315663038074, 'g_stn_gpe_mult': 3.716521717710483, 'g_gpe_stn_mult': 0.3330275116024849, 'g_stn_gpi_mult': 2.2270620588866215, 'g_gpe_gpi_mult': 0.6885664433988564}. Best is trial 24 with value: 0.5317873240560836.
[I 2026-05-28 23:59:35,029] Trial 27 finished with value: 5.5156236101349405 and parameters: {'ISTN': 69.32468966245298, 'I_gpe': 2.7145740055816585, 'I_gpi': 1.6112865992583933, 'noise_stn_sigma': 4.672082395908111, 'noise_gpe_sigma': 132.83182411321388, 'noise_gpi_sigma': 90.385119416366, 'g_stn_gpe_mult': 2.6083367749369173, 'g_gpe_stn_mult': 0.16383701016403368, 'g_stn_gpi_mult': 2.1567910116698172, 'g_gpe_gpi_mult': 0.35383763085628955}. Best is trial 24 with value: 0.5317873240560836.
[I 2026-05-28 23:59:36,039] Trial 28 finished with value: 13.708168249103265 and parameters: {'ISTN': 74.15630546782316, 'I_gpe': 2.435466211500212, 'I_gpi': 2.2063907875439375, 'noise_stn_sigma': 4.778962948467938, 'noise_gpe_sigma': 132.5824908261159, 'noise_gpi_sigma': 95.92832137930415, 'g_stn_gpe_mult': 3.3109528191103563, 'g_gpe_stn_mult': 0.2911038283903534, 'g_stn_gpi_mult': 1.9093279876609048, 'g_gpe_gpi_mult': 1.0926368301923277}. Best is trial 24 with value: 0.5317873240560836.
[I 2026-05-28 23:59:37,051] Trial 29 finished with value: 15.609470440229765 and parameters: {'ISTN': 77.65252780169973, 'I_gpe': 2.6523104206617125, 'I_gpi': 3.190994641227544, 'noise_stn_sigma': 4.726919666868687, 'noise_gpe_sigma': 105.93054774581947, 'noise_gpi_sigma': 94.94144294487137, 'g_stn_gpe_mult': 3.0172949395610233, 'g_gpe_stn_mult': 0.3361266600232572, 'g_stn_gpi_mult': 1.7833690101185167, 'g_gpe_gpi_mult': 0.6958823581136583}. Best is trial 24 with value: 0.5317873240560836.
[I 2026-05-28 23:59:38,059] Trial 30 finished with value: 12.490090953987112 and parameters: {'ISTN': 70.91578907321039, 'I_gpe': 2.3847218657817013, 'I_gpi': 3.322690327537923, 'noise_stn_sigma': 3.7265346683984446, 'noise_gpe_sigma': 75.05694478767157, 'noise_gpi_sigma': 129.29424021789177, 'g_stn_gpe_mult': 3.4481461195758234, 'g_gpe_stn_mult': 0.11958049667055685, 'g_stn_gpi_mult': 2.813549291831724, 'g_gpe_gpi_mult': 0.6264127136356903}. Best is trial 24 with value: 0.5317873240560836.
[I 2026-05-28 23:59:39,072] Trial 31 finished with value: 12.884899037260816 and parameters: {'ISTN': 62.3467085146894, 'I_gpe': 2.8261110728603853, 'I_gpi': 1.6137540439560731, 'noise_stn_sigma': 4.37345074055181, 'noise_gpe_sigma': 124.8205057068073, 'noise_gpi_sigma': 108.70521346936933, 'g_stn_gpe_mult': 3.3354812302229346, 'g_gpe_stn_mult': 0.20769493099877545, 'g_stn_gpi_mult': 2.9679680305098817, 'g_gpe_gpi_mult': 0.5879261997326934}. Best is trial 24 with value: 0.5317873240560836.
[I 2026-05-28 23:59:40,082] Trial 32 finished with value: 9.845391803364805 and parameters: {'ISTN': 72.60333246478778, 'I_gpe': 2.2335496823461347, 'I_gpi': 2.4609827793340635, 'noise_stn_sigma': 3.043923179800081, 'noise_gpe_sigma': 125.87812042199917, 'noise_gpi_sigma': 97.92971134224615, 'g_stn_gpe_mult': 4.233620680073374, 'g_gpe_stn_mult': 0.2085817122631422, 'g_stn_gpi_mult': 2.9615520530191826, 'g_gpe_gpi_mult': 0.5418799924857225}. Best is trial 24 with value: 0.5317873240560836.
[I 2026-05-28 23:59:41,092] Trial 33 finished with value: 13.171325845969475 and parameters: {'ISTN': 84.35155757914583, 'I_gpe': 2.270619527175498, 'I_gpi': 2.6442034022403123, 'noise_stn_sigma': 4.882543885675713, 'noise_gpe_sigma': 114.55124388111439, 'noise_gpi_sigma': 77.03366081494673, 'g_stn_gpe_mult': 4.065589354168578, 'g_gpe_stn_mult': 0.22818649296560475, 'g_stn_gpi_mult': 3.600987319498452, 'g_gpe_gpi_mult': 0.7917580659044496}. Best is trial 24 with value: 0.5317873240560836.
[I 2026-05-28 23:59:42,101] Trial 34 finished with value: 12.105171021999904 and parameters: {'ISTN': 64.82557179242177, 'I_gpe': 2.5893698018956672, 'I_gpi': 2.347974184023231, 'noise_stn_sigma': 3.2572382927789145, 'noise_gpe_sigma': 103.31406895687293, 'noise_gpi_sigma': 101.13781720718292, 'g_stn_gpe_mult': 2.711186854495753, 'g_gpe_stn_mult': 0.31984776410955135, 'g_stn_gpi_mult': 2.259142332933311, 'g_gpe_gpi_mult': 0.6848510023151149}. Best is trial 24 with value: 0.5317873240560836.
[I 2026-05-28 23:59:43,110] Trial 35 finished with value: 7.4937678462428385 and parameters: {'ISTN': 75.52262497314554, 'I_gpe': 2.0129919547666386, 'I_gpi': 3.492611757024327, 'noise_stn_sigma': 5.11132671057435, 'noise_gpe_sigma': 114.51707671313649, 'noise_gpi_sigma': 131.3872272506643, 'g_stn_gpe_mult': 3.970057812232672, 'g_gpe_stn_mult': 0.15651041224953516, 'g_stn_gpi_mult': 2.1908869283856074, 'g_gpe_gpi_mult': 0.8286905491551231}. Best is trial 24 with value: 0.5317873240560836.
[I 2026-05-28 23:59:44,117] Trial 36 finished with value: 9.66474339066921 and parameters: {'ISTN': 73.85038791244385, 'I_gpe': 1.7734076025408945, 'I_gpi': 2.529991520461077, 'noise_stn_sigma': 5.179714987107882, 'noise_gpe_sigma': 100.69090563418877, 'noise_gpi_sigma': 76.06496595996397, 'g_stn_gpe_mult': 2.622368627745031, 'g_gpe_stn_mult': 0.2384476997510968, 'g_stn_gpi_mult': 2.923962080807645, 'g_gpe_gpi_mult': 0.6637247524916288}. Best is trial 24 with value: 0.5317873240560836.
[I 2026-05-28 23:59:45,065] Trial 37 finished with value: 1000000.0 and parameters: {'ISTN': 80.95193563215986, 'I_gpe': 3.140686300503871, 'I_gpi': 1.5987187239834826, 'noise_stn_sigma': 4.43452964598776, 'noise_gpe_sigma': 88.72762658605701, 'noise_gpi_sigma': 92.5065416826279, 'g_stn_gpe_mult': 2.763061388735946, 'g_gpe_stn_mult': 0.12486418826475634, 'g_stn_gpi_mult': 2.491413594625101, 'g_gpe_gpi_mult': 0.8515500636498528}. Best is trial 24 with value: 0.5317873240560836.
[I 2026-05-28 23:59:46,073] Trial 38 finished with value: 15.127513363092795 and parameters: {'ISTN': 80.55923156368337, 'I_gpe': 2.558863403851573, 'I_gpi': 3.3009449881273945, 'noise_stn_sigma': 1.714613358211554, 'noise_gpe_sigma': 119.96633564162246, 'noise_gpi_sigma': 83.10038336031775, 'g_stn_gpe_mult': 1.9627375416195463, 'g_gpe_stn_mult': 0.22670460261324193, 'g_stn_gpi_mult': 1.4922458813412223, 'g_gpe_gpi_mult': 0.896751033565653}. Best is trial 24 with value: 0.5317873240560836.
[I 2026-05-28 23:59:47,082] Trial 39 finished with value: 16.665151500719986 and parameters: {'ISTN': 84.2529387658399, 'I_gpe': 2.359623977853273, 'I_gpi': 3.1716559567898903, 'noise_stn_sigma': 3.8647497457489237, 'noise_gpe_sigma': 79.11196210936774, 'noise_gpi_sigma': 91.38460609529264, 'g_stn_gpe_mult': 2.4106711052388192, 'g_gpe_stn_mult': 0.24639893714414474, 'g_stn_gpi_mult': 2.0709210244724385, 'g_gpe_gpi_mult': 0.40272837934260697}. Best is trial 24 with value: 0.5317873240560836.
[I 2026-05-28 23:59:48,089] Trial 40 finished with value: 16.31153553652035 and parameters: {'ISTN': 101.18644090847917, 'I_gpe': 2.5408649104152996, 'I_gpi': 2.1054876144711505, 'noise_stn_sigma': 2.4052562300693583, 'noise_gpe_sigma': 140.18937911005486, 'noise_gpi_sigma': 112.45721439439258, 'g_stn_gpe_mult': 3.322484376088846, 'g_gpe_stn_mult': 0.1531362399121678, 'g_stn_gpi_mult': 2.440404918856089, 'g_gpe_gpi_mult': 0.7529353562420851}. Best is trial 24 with value: 0.5317873240560836.
[I 2026-05-28 23:59:49,098] Trial 41 finished with value: 13.17055366171487 and parameters: {'ISTN': 67.22293652209098, 'I_gpe': 2.66453691719607, 'I_gpi': 2.8825062394278373, 'noise_stn_sigma': 4.780271313131361, 'noise_gpe_sigma': 114.92814401729318, 'noise_gpi_sigma': 103.34000348325043, 'g_stn_gpe_mult': 4.8946075663716115, 'g_gpe_stn_mult': 0.2436868061965252, 'g_stn_gpi_mult': 2.257418074711373, 'g_gpe_gpi_mult': 0.8707709961470356}. Best is trial 24 with value: 0.5317873240560836.
[I 2026-05-28 23:59:50,106] Trial 42 finished with value: 16.097535190375503 and parameters: {'ISTN': 91.81665945630728, 'I_gpe': 2.0678777858033888, 'I_gpi': 3.7073120455589312, 'noise_stn_sigma': 4.996481836557841, 'noise_gpe_sigma': 106.34607272846227, 'noise_gpi_sigma': 76.64703635717046, 'g_stn_gpe_mult': 3.0858965960245914, 'g_gpe_stn_mult': 0.2329196363033401, 'g_stn_gpi_mult': 2.816742338305824, 'g_gpe_gpi_mult': 0.7667462521992956}. Best is trial 24 with value: 0.5317873240560836.
[I 2026-05-28 23:59:51,113] Trial 43 finished with value: 7.685082669245476 and parameters: {'ISTN': 72.39982875918474, 'I_gpe': 1.7730323235371794, 'I_gpi': 2.402367910760482, 'noise_stn_sigma': 3.6991576362506606, 'noise_gpe_sigma': 107.54090641931387, 'noise_gpi_sigma': 101.06470561338297, 'g_stn_gpe_mult': 2.892924847172519, 'g_gpe_stn_mult': 0.2352462596903907, 'g_stn_gpi_mult': 2.512414941090497, 'g_gpe_gpi_mult': 0.5990290412239792}. Best is trial 24 with value: 0.5317873240560836.
