[I 2026-05-28 23:08:58,778] Trial 44 finished with value: 21.93162761292421 and parameters: {'ISTN': 102.29121615829847, 'I_gpe': 1.5939579993556992, 'I_gpi': 1.5859916023972584, 'noise_stn_sigma': 3.0641715370590394, 'noise_gpe_sigma': 63.543150634862556, 'noise_gpi_sigma': 116.0878129452125, 'g_stn_gpe_mult': 2.7556984622086924, 'g_gpe_stn_mult': 0.40547037819078735, 'g_stn_gpi_mult': 1.5511085637840196, 'g_gpe_gpi_mult': 0.9471540142084054}. Best is trial 4 with value: 3.429511868616504.
[I 2026-05-28 23:08:59,785] Trial 45 finished with value: 14.02440448382526 and parameters: {'ISTN': 77.4896920524553, 'I_gpe': 1.785547405478699, 'I_gpi': 1.8456924706394442, 'noise_stn_sigma': 6.143716740383617, 'noise_gpe_sigma': 109.77733858222798, 'noise_gpi_sigma': 128.63591985242584, 'g_stn_gpe_mult': 3.832165159733985, 'g_gpe_stn_mult': 0.6451704176845651, 'g_stn_gpi_mult': 1.416545014228198, 'g_gpe_gpi_mult': 0.8967956580365029}. Best is trial 4 with value: 3.429511868616504.
[I 2026-05-28 23:09:00,794] Trial 46 finished with value: 16.11935303256594 and parameters: {'ISTN': 69.10240474219303, 'I_gpe': 2.1373778807792685, 'I_gpi': 3.3112130619199593, 'noise_stn_sigma': 4.483184312650226, 'noise_gpe_sigma': 72.7991967595755, 'noise_gpi_sigma': 147.594497380865, 'g_stn_gpe_mult': 3.2923300678807736, 'g_gpe_stn_mult': 0.49824182505790426, 'g_stn_gpi_mult': 1.9526998356852747, 'g_gpe_gpi_mult': 0.9147493521937213}. Best is trial 4 with value: 3.429511868616504.
[I 2026-05-28 23:09:01,802] Trial 47 finished with value: 23.88091660417127 and parameters: {'ISTN': 93.36446484372823, 'I_gpe': 2.6072861745061027, 'I_gpi': 2.590193273901913, 'noise_stn_sigma': 4.047398656928053, 'noise_gpe_sigma': 86.5988303450669, 'noise_gpi_sigma': 142.84869193865862, 'g_stn_gpe_mult': 4.694902418691287, 'g_gpe_stn_mult': 0.3589372796339303, 'g_stn_gpi_mult': 3.058255468740536, 'g_gpe_gpi_mult': 1.0411060204391285}. Best is trial 4 with value: 3.429511868616504.
[I 2026-05-28 23:09:02,809] Trial 48 finished with value: 15.363903871364311 and parameters: {'ISTN': 73.54818799451874, 'I_gpe': 0.9446133973853632, 'I_gpi': 1.6702199238849986, 'noise_stn_sigma': 5.038957826652442, 'noise_gpe_sigma': 101.87610533501389, 'noise_gpi_sigma': 111.09702647918743, 'g_stn_gpe_mult': 3.672701550954423, 'g_gpe_stn_mult': 0.4586476885477264, 'g_stn_gpi_mult': 1.964186102092337, 'g_gpe_gpi_mult': 0.8286582058432204}. Best is trial 4 with value: 3.429511868616504.
[I 2026-05-28 23:09:03,817] Trial 49 finished with value: 11.108663416691948 and parameters: {'ISTN': 60.0669245480912, 'I_gpe': 1.912121577050976, 'I_gpi': 3.131853846519631, 'noise_stn_sigma': 6.047707562886547, 'noise_gpe_sigma': 115.99271375103446, 'noise_gpi_sigma': 145.24377790247433, 'g_stn_gpe_mult': 3.0087902467030814, 'g_gpe_stn_mult': 0.2999092472091476, 'g_stn_gpi_mult': 1.9516764013237735, 'g_gpe_gpi_mult': 0.6951526681169011}. Best is trial 4 with value: 3.429511868616504.
[I 2026-05-28 23:09:04,825] Trial 50 finished with value: 17.34658892088148 and parameters: {'ISTN': 79.1508274467303, 'I_gpe': 1.463786849397997, 'I_gpi': 1.8729418050391309, 'noise_stn_sigma': 5.076525122870784, 'noise_gpe_sigma': 62.35202445809079, 'noise_gpi_sigma': 139.93919314585565, 'g_stn_gpe_mult': 3.9032314787658775, 'g_gpe_stn_mult': 0.5450021672004517, 'g_stn_gpi_mult': 2.1499140202777456, 'g_gpe_gpi_mult': 0.6681468404112327}. Best is trial 4 with value: 3.429511868616504.
[I 2026-05-28 23:09:05,835] Trial 51 finished with value: 13.761647733518148 and parameters: {'ISTN': 74.69128386457263, 'I_gpe': 2.006251037826755, 'I_gpi': 3.0327803896697745, 'noise_stn_sigma': 6.043064320321756, 'noise_gpe_sigma': 136.05579714501715, 'noise_gpi_sigma': 136.87056641399846, 'g_stn_gpe_mult': 3.6277588959484253, 'g_gpe_stn_mult': 0.5992854245551259, 'g_stn_gpi_mult': 1.9242433201378204, 'g_gpe_gpi_mult': 0.9366457456071093}. Best is trial 4 with value: 3.429511868616504.
[I 2026-05-28 23:09:06,846] Trial 52 finished with value: 13.194811053518956 and parameters: {'ISTN': 65.85677518041041, 'I_gpe': 1.4702729033228972, 'I_gpi': 2.045019062395694, 'noise_stn_sigma': 4.160246446985878, 'noise_gpe_sigma': 135.28167739560314, 'noise_gpi_sigma': 99.74993448061889, 'g_stn_gpe_mult': 2.944321741868108, 'g_gpe_stn_mult': 0.49056741769272516, 'g_stn_gpi_mult': 1.350751488461548, 'g_gpe_gpi_mult': 0.8429828214711326}. Best is trial 4 with value: 3.429511868616504.
[I 2026-05-28 23:09:07,852] Trial 53 finished with value: 16.923497793331794 and parameters: {'ISTN': 75.83125261640853, 'I_gpe': 1.8441769317614363, 'I_gpi': 2.731656720560684, 'noise_stn_sigma': 5.456688722795146, 'noise_gpe_sigma': 66.00921126086641, 'noise_gpi_sigma': 117.65939693477593, 'g_stn_gpe_mult': 3.8500299804845066, 'g_gpe_stn_mult': 0.34068707048415625, 'g_stn_gpi_mult': 1.96434904667979, 'g_gpe_gpi_mult': 0.9725757447671513}. Best is trial 4 with value: 3.429511868616504.
[I 2026-05-28 23:09:08,861] Trial 54 finished with value: 19.841613609633047 and parameters: {'ISTN': 88.59188455669404, 'I_gpe': 2.7279767254983427, 'I_gpi': 3.628332124894875, 'noise_stn_sigma': 6.570654441282755, 'noise_gpe_sigma': 134.35409028681147, 'noise_gpi_sigma': 129.0023327969143, 'g_stn_gpe_mult': 2.151775894633217, 'g_gpe_stn_mult': 0.5819187287151477, 'g_stn_gpi_mult': 2.3652985904706623, 'g_gpe_gpi_mult': 0.9333617424423919}. Best is trial 4 with value: 3.429511868616504.
[I 2026-05-28 23:09:09,870] Trial 55 finished with value: 16.310452687706572 and parameters: {'ISTN': 71.3701521055312, 'I_gpe': 1.693869797895704, 'I_gpi': 2.5179234625788336, 'noise_stn_sigma': 6.114243426847584, 'noise_gpe_sigma': 96.07185916259527, 'noise_gpi_sigma': 123.56034945821601, 'g_stn_gpe_mult': 2.297492262670371, 'g_gpe_stn_mult': 0.4506945518112858, 'g_stn_gpi_mult': 1.5191151989700946, 'g_gpe_gpi_mult': 0.988714163107077}. Best is trial 4 with value: 3.429511868616504.
[I 2026-05-28 23:09:10,878] Trial 56 finished with value: 17.28335896346936 and parameters: {'ISTN': 78.4201111839288, 'I_gpe': 1.6219544184640127, 'I_gpi': 2.182835699709381, 'noise_stn_sigma': 6.440232405824644, 'noise_gpe_sigma': 94.64656584020673, 'noise_gpi_sigma': 113.99313892190183, 'g_stn_gpe_mult': 3.6635144956663996, 'g_gpe_stn_mult': 0.49375666417242914, 'g_stn_gpi_mult': 1.792874337699272, 'g_gpe_gpi_mult': 0.661083271922966}. Best is trial 4 with value: 3.429511868616504.
[I 2026-05-28 23:09:11,886] Trial 57 finished with value: 14.179140303181494 and parameters: {'ISTN': 78.10635736225473, 'I_gpe': 1.7819978966923264, 'I_gpi': 1.7277841391118556, 'noise_stn_sigma': 5.310540792038655, 'noise_gpe_sigma': 140.1305842423575, 'noise_gpi_sigma': 145.36946885868844, 'g_stn_gpe_mult': 3.793199125504613, 'g_gpe_stn_mult': 0.6453276157880367, 'g_stn_gpi_mult': 1.7838255134440941, 'g_gpe_gpi_mult': 0.8679199393680301}. Best is trial 4 with value: 3.429511868616504.
[I 2026-05-28 23:09:12,894] Trial 58 finished with value: 17.340731645782288 and parameters: {'ISTN': 83.2501074184875, 'I_gpe': 2.0535265745078184, 'I_gpi': 1.9648531522095798, 'noise_stn_sigma': 5.626616139988384, 'noise_gpe_sigma': 112.93011665752118, 'noise_gpi_sigma': 106.99836247705299, 'g_stn_gpe_mult': 2.859432502854878, 'g_gpe_stn_mult': 0.34665565134933185, 'g_stn_gpi_mult': 2.0326922433517463, 'g_gpe_gpi_mult': 0.45166130893631956}. Best is trial 4 with value: 3.429511868616504.
[I 2026-05-28 23:09:13,902] Trial 59 finished with value: 16.551223241643704 and parameters: {'ISTN': 69.44724334773238, 'I_gpe': 1.6368216813780767, 'I_gpi': 3.3177919612187825, 'noise_stn_sigma': 5.803518104427413, 'noise_gpe_sigma': 58.54574919697631, 'noise_gpi_sigma': 123.79354806088912, 'g_stn_gpe_mult': 3.0595455332492567, 'g_gpe_stn_mult': 0.5542042820000793, 'g_stn_gpi_mult': 1.5767262828489015, 'g_gpe_gpi_mult': 1.0479771059123344}. Best is trial 4 with value: 3.429511868616504.
[I 2026-05-28 23:09:14,910] Trial 60 finished with value: 14.444464123787526 and parameters: {'ISTN': 70.62004234971361, 'I_gpe': 1.4581206127688793, 'I_gpi': 1.872742472407299, 'noise_stn_sigma': 4.662723239791891, 'noise_gpe_sigma': 73.76551528963049, 'noise_gpi_sigma': 147.6873655737046, 'g_stn_gpe_mult': 3.0877496253278887, 'g_gpe_stn_mult': 0.6934031476913847, 'g_stn_gpi_mult': 1.6117135599128989, 'g_gpe_gpi_mult': 0.6206465903510192}. Best is trial 4 with value: 3.429511868616504.
[I 2026-05-28 23:09:15,920] Trial 61 finished with value: 14.606314562517078 and parameters: {'ISTN': 80.958821684189, 'I_gpe': 2.3346513915735914, 'I_gpi': 2.2600739027955967, 'noise_stn_sigma': 5.591512166850647, 'noise_gpe_sigma': 144.5775278595736, 'noise_gpi_sigma': 104.08318996348117, 'g_stn_gpe_mult': 3.236865122065952, 'g_gpe_stn_mult': 0.6371522705048474, 'g_stn_gpi_mult': 2.3740001250109306, 'g_gpe_gpi_mult': 0.8263723156816771}. Best is trial 4 with value: 3.429511868616504.
[I 2026-05-28 23:09:16,928] Trial 62 finished with value: 19.392884188498126 and parameters: {'ISTN': 92.92046812136277, 'I_gpe': 1.7209067859707068, 'I_gpi': 2.954224288384945, 'noise_stn_sigma': 4.830545357019491, 'noise_gpe_sigma': 124.444961020147, 'noise_gpi_sigma': 105.81481793333093, 'g_stn_gpe_mult': 2.5681239672461755, 'g_gpe_stn_mult': 0.5853391824614941, 'g_stn_gpi_mult': 2.144842740213212, 'g_gpe_gpi_mult': 0.6606585048786089}. Best is trial 4 with value: 3.429511868616504.
[I 2026-05-28 23:09:17,938] Trial 63 finished with value: 11.355393818645462 and parameters: {'ISTN': 62.85471480427661, 'I_gpe': 2.258375516447077, 'I_gpi': 2.4292792073174, 'noise_stn_sigma': 4.182728235391061, 'noise_gpe_sigma': 109.27391549346017, 'noise_gpi_sigma': 111.14865423078194, 'g_stn_gpe_mult': 2.889990488596637, 'g_gpe_stn_mult': 0.47788423337688535, 'g_stn_gpi_mult': 1.7113336162085693, 'g_gpe_gpi_mult': 0.7223710007715403}. Best is trial 4 with value: 3.429511868616504.
[I 2026-05-28 23:09:18,945] Trial 64 finished with value: 14.316176940529841 and parameters: {'ISTN': 63.978572408877945, 'I_gpe': 1.4113465570230215, 'I_gpi': 1.1181942767375184, 'noise_stn_sigma': 4.460299749639862, 'noise_gpe_sigma': 128.51636106365862, 'noise_gpi_sigma': 149.94260290626787, 'g_stn_gpe_mult': 2.850644937261393, 'g_gpe_stn_mult': 0.5048202395882706, 'g_stn_gpi_mult': 1.8838592575850972, 'g_gpe_gpi_mult': 0.7032998352566082}. Best is trial 4 with value: 3.429511868616504.
[I 2026-05-28 23:09:19,953] Trial 65 finished with value: 18.085543897087277 and parameters: {'ISTN': 83.78878044709067, 'I_gpe': 2.0618764768670887, 'I_gpi': 1.888884224764876, 'noise_stn_sigma': 4.263058257455624, 'noise_gpe_sigma': 108.65048796552387, 'noise_gpi_sigma': 128.24178322289552, 'g_stn_gpe_mult': 2.483745698210128, 'g_gpe_stn_mult': 0.5672635129373786, 'g_stn_gpi_mult': 1.5716040499649697, 'g_gpe_gpi_mult': 1.0182981071584642}. Best is trial 4 with value: 3.429511868616504.
[I 2026-05-28 23:09:20,959] Trial 66 finished with value: 17.71694142420891 and parameters: {'ISTN': 96.38469527822373, 'I_gpe': 0.8332250018341321, 'I_gpi': 2.537375078627139, 'noise_stn_sigma': 6.542821085277409, 'noise_gpe_sigma': 130.10907905677877, 'noise_gpi_sigma': 139.43039771040242, 'g_stn_gpe_mult': 2.167447946319192, 'g_gpe_stn_mult': 0.6190068918360693, 'g_stn_gpi_mult': 1.706331702973195, 'g_gpe_gpi_mult': 1.0389539453577086}. Best is trial 4 with value: 3.429511868616504.
[I 2026-05-28 23:09:21,966] Trial 67 finished with value: 15.678022375270622 and parameters: {'ISTN': 74.17091682179296, 'I_gpe': 0.9622842816497945, 'I_gpi': 1.4815295702838633, 'noise_stn_sigma': 3.4423715712055625, 'noise_gpe_sigma': 117.24591680328126, 'noise_gpi_sigma': 127.48327560813355, 'g_stn_gpe_mult': 3.1794611053243136, 'g_gpe_stn_mult': 0.5837554093742493, 'g_stn_gpi_mult': 2.1890454315868446, 'g_gpe_gpi_mult': 0.9131755267307722}. Best is trial 4 with value: 3.429511868616504.
[I 2026-05-28 23:09:22,974] Trial 68 finished with value: 15.562515012028165 and parameters: {'ISTN': 69.7135707479526, 'I_gpe': 1.5204718292913215, 'I_gpi': 2.598837781865619, 'noise_stn_sigma': 3.152944358708096, 'noise_gpe_sigma': 142.95550254997855, 'noise_gpi_sigma': 127.21022051092237, 'g_stn_gpe_mult': 2.821105322543121, 'g_gpe_stn_mult': 0.5211346608857467, 'g_stn_gpi_mult': 1.497038398340414, 'g_gpe_gpi_mult': 0.9012237259643101}. Best is trial 4 with value: 3.429511868616504.
[I 2026-05-28 23:09:23,983] Trial 69 finished with value: 25.012159442852706 and parameters: {'ISTN': 107.90985291627689, 'I_gpe': 1.4145769714184453, 'I_gpi': 3.051356764752519, 'noise_stn_sigma': 4.472986898386865, 'noise_gpe_sigma': 104.18240632444206, 'noise_gpi_sigma': 88.9206285370439, 'g_stn_gpe_mult': 3.6851192520790867, 'g_gpe_stn_mult': 0.7231885469191012, 'g_stn_gpi_mult': 2.1016660628292785, 'g_gpe_gpi_mult': 0.7922559915958816}. Best is trial 4 with value: 3.429511868616504.
[I 2026-05-28 23:09:24,993] Trial 70 finished with value: 14.311411340155878 and parameters: {'ISTN': 85.29186588162236, 'I_gpe': 2.018903845262013, 'I_gpi': 1.714191921889949, 'noise_stn_sigma': 5.889130271180936, 'noise_gpe_sigma': 108.79815733722194, 'noise_gpi_sigma': 85.69786676604714, 'g_stn_gpe_mult': 2.373529143821799, 'g_gpe_stn_mult': 0.7673590509721181, 'g_stn_gpi_mult': 2.813292626303492, 'g_gpe_gpi_mult': 1.1727387521280848}. Best is trial 4 with value: 3.429511868616504.
[I 2026-05-28 23:09:26,003] Trial 71 finished with value: 13.286721826945907 and parameters: {'ISTN': 65.24303435691952, 'I_gpe': 1.4515366491197774, 'I_gpi': 1.5389959659953494, 'noise_stn_sigma': 6.641484048605518, 'noise_gpe_sigma': 117.07512619127378, 'noise_gpi_sigma': 111.11851518935961, 'g_stn_gpe_mult': 2.327318647204495, 'g_gpe_stn_mult': 0.3191146282753623, 'g_stn_gpi_mult': 2.0843945050997097, 'g_gpe_gpi_mult': 0.9232711401319256}. Best is trial 4 with value: 3.429511868616504.
[I 2026-05-28 23:09:27,012] Trial 72 finished with value: 14.868290914116477 and parameters: {'ISTN': 69.80854135774203, 'I_gpe': 1.426334648702408, 'I_gpi': 2.1308190064673482, 'noise_stn_sigma': 5.99481636667995, 'noise_gpe_sigma': 78.0585192151189, 'noise_gpi_sigma': 103.6076192412081, 'g_stn_gpe_mult': 2.869853631159334, 'g_gpe_stn_mult': 0.6381462642134628, 'g_stn_gpi_mult': 1.2690224843867044, 'g_gpe_gpi_mult': 0.6273254044297616}. Best is trial 4 with value: 3.429511868616504.
[I 2026-05-28 23:09:28,021] Trial 73 finished with value: 19.023199010718425 and parameters: {'ISTN': 92.21094349844842, 'I_gpe': 2.1001767172456445, 'I_gpi': 2.5837563388801073, 'noise_stn_sigma': 3.064171785092225, 'noise_gpe_sigma': 98.68851660142047, 'noise_gpi_sigma': 88.49071253892461, 'g_stn_gpe_mult': 2.6305020189519293, 'g_gpe_stn_mult': 0.6896481775715874, 'g_stn_gpi_mult': 2.595909834912393, 'g_gpe_gpi_mult': 0.8237443410015088}. Best is trial 4 with value: 3.429511868616504.
[I 2026-05-28 23:09:29,026] Trial 74 finished with value: 16.561920557221764 and parameters: {'ISTN': 82.28062628962962, 'I_gpe': 0.7810887473706236, 'I_gpi': 2.2855727719423173, 'noise_stn_sigma': 6.307912696051061, 'noise_gpe_sigma': 116.53553611285982, 'noise_gpi_sigma': 103.20169304634646, 'g_stn_gpe_mult': 2.7578394891006957, 'g_gpe_stn_mult': 0.6019212559100865, 'g_stn_gpi_mult': 2.8148276738191473, 'g_gpe_gpi_mult': 0.8202953669912096}. Best is trial 4 with value: 3.429511868616504.
[I 2026-05-28 23:09:30,032] Trial 75 finished with value: 19.665772568911112 and parameters: {'ISTN': 80.46841180587347, 'I_gpe': 3.0365411954106483, 'I_gpi': 1.535195869287209, 'noise_stn_sigma': 6.890808134596353, 'noise_gpe_sigma': 94.14414816229626, 'noise_gpi_sigma': 129.4967427339742, 'g_stn_gpe_mult': 1.7685246415492588, 'g_gpe_stn_mult': 0.42399985857736755, 'g_stn_gpi_mult': 2.5373827786605987, 'g_gpe_gpi_mult': 0.7899453445942133}. Best is trial 4 with value: 3.429511868616504.
[I 2026-05-28 23:09:31,038] Trial 76 finished with value: 13.16394487785892 and parameters: {'ISTN': 64.66835282021934, 'I_gpe': 1.258550579957409, 'I_gpi': 1.545147907134894, 'noise_stn_sigma': 6.605504508493731, 'noise_gpe_sigma': 137.47972791175332, 'noise_gpi_sigma': 103.31419184107114, 'g_stn_gpe_mult': 2.293811184354735, 'g_gpe_stn_mult': 0.5749043610190804, 'g_stn_gpi_mult': 2.406232531692042, 'g_gpe_gpi_mult': 1.1068159844889554}. Best is trial 4 with value: 3.429511868616504.
[I 2026-05-28 23:09:32,045] Trial 77 finished with value: 10.139759938146824 and parameters: {'ISTN': 62.30262530537668, 'I_gpe': 2.376233005924257, 'I_gpi': 1.1850868202661369, 'noise_stn_sigma': 6.403336139788641, 'noise_gpe_sigma': 136.59359503955125, 'noise_gpi_sigma': 32.948426314900736, 'g_stn_gpe_mult': 2.2892919460894285, 'g_gpe_stn_mult': 0.6635250750497829, 'g_stn_gpi_mult': 2.0722437131026044, 'g_gpe_gpi_mult': 0.9024370829189605}. Best is trial 4 with value: 3.429511868616504.
[I 2026-05-28 23:09:33,055] Trial 78 finished with value: 19.371888147290818 and parameters: {'ISTN': 90.87035649179369, 'I_gpe': 2.06426525604533, 'I_gpi': 1.3838872972972502, 'noise_stn_sigma': 3.9935375805114157, 'noise_gpe_sigma': 138.91232000809225, 'noise_gpi_sigma': 84.77394603647801, 'g_stn_gpe_mult': 3.0489010564919337, 'g_gpe_stn_mult': 0.5423518493591503, 'g_stn_gpi_mult': 1.65233925596667, 'g_gpe_gpi_mult': 1.0166369935101496}. Best is trial 4 with value: 3.429511868616504.
[I 2026-05-28 23:09:34,063] Trial 79 finished with value: 12.07963304138181 and parameters: {'ISTN': 67.69562877617736, 'I_gpe': 2.075442622955811, 'I_gpi': 2.109974413322545, 'noise_stn_sigma': 4.5582113684570515, 'noise_gpe_sigma': 75.6739273886208, 'noise_gpi_sigma': 102.86595692051274, 'g_stn_gpe_mult': 3.0592032378493363, 'g_gpe_stn_mult': 0.67725968569023, 'g_stn_gpi_mult': 2.427482546608024, 'g_gpe_gpi_mult': 0.9813966948552046}. Best is trial 4 with value: 3.429511868616504.
[I 2026-05-28 23:09:35,069] Trial 80 finished with value: 10.99261120725338 and parameters: {'ISTN': 81.69669027056426, 'I_gpe': 1.809032640645077, 'I_gpi': 2.1985386384384435, 'noise_stn_sigma': 5.2502628072861395, 'noise_gpe_sigma': 135.18930717163707, 'noise_gpi_sigma': 100.67623474332188, 'g_stn_gpe_mult': 2.962466051573469, 'g_gpe_stn_mult': 0.7769630449542514, 'g_stn_gpi_mult': 1.2702107463014274, 'g_gpe_gpi_mult': 0.7361607478924033}. Best is trial 4 with value: 3.429511868616504.
[I 2026-05-28 23:09:36,077] Trial 81 finished with value: 10.118067958112205 and parameters: {'ISTN': 61.652805481088336, 'I_gpe': 1.6297589362057852, 'I_gpi': 1.669509824026861, 'noise_stn_sigma': 5.15754041060632, 'noise_gpe_sigma': 126.11265967361032, 'noise_gpi_sigma': 84.83731098030967, 'g_stn_gpe_mult': 2.6273231991457857, 'g_gpe_stn_mult': 0.7148580871777112, 'g_stn_gpi_mult': 2.4078860891485823, 'g_gpe_gpi_mult': 0.7658501661799604}. Best is trial 4 with value: 3.429511868616504.
[I 2026-05-28 23:09:37,084] Trial 82 finished with value: 14.998613970483476 and parameters: {'ISTN': 67.89251025014839, 'I_gpe': 1.739194399636201, 'I_gpi': 2.191691315136506, 'noise_stn_sigma': 5.57575749031557, 'noise_gpe_sigma': 110.59253977111948, 'noise_gpi_sigma': 86.99613187483914, 'g_stn_gpe_mult': 2.524676254500558, 'g_gpe_stn_mult': 0.745186402887878, 'g_stn_gpi_mult': 1.2007532270830716, 'g_gpe_gpi_mult': 0.9492955611465661}. Best is trial 4 with value: 3.429511868616504.
[I 2026-05-28 23:09:38,093] Trial 83 finished with value: 16.24362474885634 and parameters: {'ISTN': 71.17671466811657, 'I_gpe': 1.6317094525587108, 'I_gpi': 1.3559329646575695, 'noise_stn_sigma': 4.913826827158244, 'noise_gpe_sigma': 128.95546785361552, 'noise_gpi_sigma': 100.3017625049409, 'g_stn_gpe_mult': 3.1379768706276283, 'g_gpe_stn_mult': 0.3940006243829629, 'g_stn_gpi_mult': 2.6473428257964713, 'g_gpe_gpi_mult': 0.9511530805035384}. Best is trial 4 with value: 3.429511868616504.
[I 2026-05-28 23:09:39,099] Trial 84 finished with value: 12.099544459461425 and parameters: {'ISTN': 63.33785075204987, 'I_gpe': 1.8329866118116738, 'I_gpi': 2.1612865388983833, 'noise_stn_sigma': 5.297891427160411, 'noise_gpe_sigma': 135.60339218113754, 'noise_gpi_sigma': 100.76346203313861, 'g_stn_gpe_mult': 3.6351309192535353, 'g_gpe_stn_mult': 0.6506189123434013, 'g_stn_gpi_mult': 1.6145612689200814, 'g_gpe_gpi_mult': 0.6830249008338606}. Best is trial 4 with value: 3.429511868616504.
[I 2026-05-28 23:09:40,106] Trial 85 finished with value: 6.072649226020392 and parameters: {'ISTN': 69.93651167692391, 'I_gpe': 2.1748589501536713, 'I_gpi': 1.5790688166978968, 'noise_stn_sigma': 7.451694431527016, 'noise_gpe_sigma': 143.7656754515413, 'noise_gpi_sigma': 94.346915979847, 'g_stn_gpe_mult': 2.705566230398607, 'g_gpe_stn_mult': 0.7595759352008751, 'g_stn_gpi_mult': 1.913185906891176, 'g_gpe_gpi_mult': 0.7131861949599105}. Best is trial 4 with value: 3.429511868616504.
[I 2026-05-28 23:09:41,112] Trial 86 finished with value: 18.42061557053784 and parameters: {'ISTN': 99.63521690396303, 'I_gpe': 2.2023376297485724, 'I_gpi': 2.0566160731517433, 'noise_stn_sigma': 5.083774920304554, 'noise_gpe_sigma': 125.77843843425784, 'noise_gpi_sigma': 71.85090979711775, 'g_stn_gpe_mult': 2.8122286142486175, 'g_gpe_stn_mult': 0.6492423141650473, 'g_stn_gpi_mult': 1.188575469451843, 'g_gpe_gpi_mult': 0.9065900090152164}. Best is trial 4 with value: 3.429511868616504.
[I 2026-05-28 23:09:42,121] Trial 87 finished with value: 13.555074799605945 and parameters: {'ISTN': 79.57695559639376, 'I_gpe': 2.3707041650986156, 'I_gpi': 1.7992618694017972, 'noise_stn_sigma': 5.667396064814591, 'noise_gpe_sigma': 140.25812125015497, 'noise_gpi_sigma': 62.867577986643866, 'g_stn_gpe_mult': 2.563705684434485, 'g_gpe_stn_mult': 0.7561727458163482, 'g_stn_gpi_mult': 1.626584336278227, 'g_gpe_gpi_mult': 0.9067644163141588}. Best is trial 4 with value: 3.429511868616504.
