[I 2026-05-28 23:17:50,502] Trial 572 finished with value: 6.833177037212272 and parameters: {'ISTN': 62.10719296779712, 'I_gpe': 2.0577667869421776, 'I_gpi': 2.0856776435353517, 'noise_stn_sigma': 6.6793996793838195, 'noise_gpe_sigma': 124.29254305698181, 'noise_gpi_sigma': 110.0119914929978, 'g_stn_gpe_mult': 3.6824523762657173, 'g_gpe_stn_mult': 0.7105485600570142, 'g_stn_gpi_mult': 3.176015521545322, 'g_gpe_gpi_mult': 0.8945331833465953}. Best is trial 396 with value: 2.126500323194939.
[I 2026-05-28 23:17:51,510] Trial 573 finished with value: 6.389076427218068 and parameters: {'ISTN': 63.2853674012508, 'I_gpe': 2.088009150241393, 'I_gpi': 1.8845727862583264, 'noise_stn_sigma': 6.547445174403412, 'noise_gpe_sigma': 129.26326135601164, 'noise_gpi_sigma': 98.32117220589384, 'g_stn_gpe_mult': 3.58397427170473, 'g_gpe_stn_mult': 0.7305469691118187, 'g_stn_gpi_mult': 3.212152256754301, 'g_gpe_gpi_mult': 0.8823601570259165}. Best is trial 396 with value: 2.126500323194939.
[I 2026-05-28 23:17:52,520] Trial 574 finished with value: 11.136837010095794 and parameters: {'ISTN': 64.37898960446597, 'I_gpe': 2.045681100988044, 'I_gpi': 1.79979644189878, 'noise_stn_sigma': 6.58906681086854, 'noise_gpe_sigma': 125.98513847624993, 'noise_gpi_sigma': 98.46607840599934, 'g_stn_gpe_mult': 3.7855685416895297, 'g_gpe_stn_mult': 0.722472953553988, 'g_stn_gpi_mult': 3.39546630086061, 'g_gpe_gpi_mult': 0.9836401103065953}. Best is trial 396 with value: 2.126500323194939.
[I 2026-05-28 23:17:53,527] Trial 575 finished with value: 8.380212656391762 and parameters: {'ISTN': 67.49145064243237, 'I_gpe': 2.0865599979911553, 'I_gpi': 1.8484920920192864, 'noise_stn_sigma': 6.3493360245821435, 'noise_gpe_sigma': 118.27842140032898, 'noise_gpi_sigma': 102.78541417039878, 'g_stn_gpe_mult': 3.5801601206783626, 'g_gpe_stn_mult': 0.7098938177969143, 'g_stn_gpi_mult': 3.2126414504977445, 'g_gpe_gpi_mult': 0.9590012326673587}. Best is trial 396 with value: 2.126500323194939.
[I 2026-05-28 23:17:54,535] Trial 576 finished with value: 4.615270637099328 and parameters: {'ISTN': 63.59845264062308, 'I_gpe': 2.0657606756987485, 'I_gpi': 1.7735745985448905, 'noise_stn_sigma': 6.637304140994544, 'noise_gpe_sigma': 130.3358174527949, 'noise_gpi_sigma': 95.77851858715151, 'g_stn_gpe_mult': 3.6584525834402837, 'g_gpe_stn_mult': 0.6969987587772394, 'g_stn_gpi_mult': 3.1249117877208925, 'g_gpe_gpi_mult': 0.9344580090973547}. Best is trial 396 with value: 2.126500323194939.
[I 2026-05-28 23:17:55,483] Trial 577 finished with value: 1000000.0 and parameters: {'ISTN': 63.25134035800852, 'I_gpe': 2.1119287897846926, 'I_gpi': 1.8485406074443382, 'noise_stn_sigma': 6.327500799911682, 'noise_gpe_sigma': 117.43116509541001, 'noise_gpi_sigma': 98.67158920862609, 'g_stn_gpe_mult': 3.487535201472405, 'g_gpe_stn_mult': 0.6957957158184634, 'g_stn_gpi_mult': 3.260666856007319, 'g_gpe_gpi_mult': 0.9423467658613958}. Best is trial 396 with value: 2.126500323194939.
[I 2026-05-28 23:17:56,489] Trial 578 finished with value: 8.708122055537043 and parameters: {'ISTN': 63.58696496815293, 'I_gpe': 2.092480104545526, 'I_gpi': 1.7992720641695419, 'noise_stn_sigma': 6.6065521596750205, 'noise_gpe_sigma': 125.99237842214245, 'noise_gpi_sigma': 103.89181976501682, 'g_stn_gpe_mult': 3.4935264491355684, 'g_gpe_stn_mult': 0.7134601299217403, 'g_stn_gpi_mult': 3.3054126855843555, 'g_gpe_gpi_mult': 0.9525483922933022}. Best is trial 396 with value: 2.126500323194939.
[I 2026-05-28 23:17:57,497] Trial 579 finished with value: 10.048710248508291 and parameters: {'ISTN': 66.45877424355652, 'I_gpe': 2.0579711262354863, 'I_gpi': 1.6894637221359843, 'noise_stn_sigma': 6.616455292201031, 'noise_gpe_sigma': 124.43785294093203, 'noise_gpi_sigma': 97.56533777857489, 'g_stn_gpe_mult': 3.6609674814274493, 'g_gpe_stn_mult': 0.7104190324704779, 'g_stn_gpi_mult': 3.287137869960884, 'g_gpe_gpi_mult': 0.9516755618228065}. Best is trial 396 with value: 2.126500323194939.
[I 2026-05-28 23:17:58,506] Trial 580 finished with value: 9.721771222236221 and parameters: {'ISTN': 61.59715555310031, 'I_gpe': 2.162715060794797, 'I_gpi': 1.7830119615339874, 'noise_stn_sigma': 6.677499271262706, 'noise_gpe_sigma': 122.0451871049843, 'noise_gpi_sigma': 105.55327947062415, 'g_stn_gpe_mult': 3.5268874419383627, 'g_gpe_stn_mult': 0.7047640995448927, 'g_stn_gpi_mult': 3.1422865337495227, 'g_gpe_gpi_mult': 0.9169687266556068}. Best is trial 396 with value: 2.126500323194939.
[I 2026-05-28 23:17:59,517] Trial 581 finished with value: 7.3150776977564025 and parameters: {'ISTN': 62.190968031713794, 'I_gpe': 2.068656772877166, 'I_gpi': 1.974777570510604, 'noise_stn_sigma': 6.802685491432451, 'noise_gpe_sigma': 135.53222714510918, 'noise_gpi_sigma': 97.00804597390851, 'g_stn_gpe_mult': 3.6360025807052097, 'g_gpe_stn_mult': 0.7120716433626686, 'g_stn_gpi_mult': 3.0370581663064904, 'g_gpe_gpi_mult': 0.9153393069797078}. Best is trial 396 with value: 2.126500323194939.
[I 2026-05-28 23:18:00,525] Trial 582 finished with value: 8.571026152401435 and parameters: {'ISTN': 63.953330213081045, 'I_gpe': 2.075967009457527, 'I_gpi': 1.823840723137769, 'noise_stn_sigma': 6.5249135344628, 'noise_gpe_sigma': 127.46825711305817, 'noise_gpi_sigma': 99.06208010744147, 'g_stn_gpe_mult': 3.6776458846885487, 'g_gpe_stn_mult': 0.7223282416068096, 'g_stn_gpi_mult': 3.3684911903004875, 'g_gpe_gpi_mult': 0.9144018234675297}. Best is trial 396 with value: 2.126500323194939.
[I 2026-05-28 23:18:01,533] Trial 583 finished with value: 11.254710000874955 and parameters: {'ISTN': 62.5678887625425, 'I_gpe': 2.0962111761278885, 'I_gpi': 1.7205960616976017, 'noise_stn_sigma': 6.410080081295694, 'noise_gpe_sigma': 119.38525434091031, 'noise_gpi_sigma': 96.82476054931482, 'g_stn_gpe_mult': 3.4605065255634644, 'g_gpe_stn_mult': 0.6741081102530511, 'g_stn_gpi_mult': 3.0550325016882875, 'g_gpe_gpi_mult': 0.9351190611692728}. Best is trial 396 with value: 2.126500323194939.
[I 2026-05-28 23:18:02,540] Trial 584 finished with value: 8.528410343590522 and parameters: {'ISTN': 62.74439882604112, 'I_gpe': 2.066048784084157, 'I_gpi': 1.9285659275820897, 'noise_stn_sigma': 6.872747994777599, 'noise_gpe_sigma': 131.94002888853257, 'noise_gpi_sigma': 104.7816141917753, 'g_stn_gpe_mult': 3.6803859905258736, 'g_gpe_stn_mult': 0.7141217002237779, 'g_stn_gpi_mult': 3.145019894322248, 'g_gpe_gpi_mult': 0.9438071159631445}. Best is trial 396 with value: 2.126500323194939.
[I 2026-05-28 23:18:03,548] Trial 585 finished with value: 9.673590338643436 and parameters: {'ISTN': 64.06666217097322, 'I_gpe': 2.1120695770654905, 'I_gpi': 1.928445063740328, 'noise_stn_sigma': 6.7080222133935665, 'noise_gpe_sigma': 137.1123434960197, 'noise_gpi_sigma': 100.17597052033855, 'g_stn_gpe_mult': 3.8792429685926404, 'g_gpe_stn_mult': 0.7327925791330316, 'g_stn_gpi_mult': 3.198723371988258, 'g_gpe_gpi_mult': 0.9360609246500444}. Best is trial 396 with value: 2.126500323194939.
[I 2026-05-28 23:18:04,556] Trial 586 finished with value: 10.353666200380083 and parameters: {'ISTN': 61.4354658951599, 'I_gpe': 1.981901614403289, 'I_gpi': 1.654458513157068, 'noise_stn_sigma': 6.692466275073326, 'noise_gpe_sigma': 118.8728003232835, 'noise_gpi_sigma': 100.35579718552275, 'g_stn_gpe_mult': 3.5588907731024935, 'g_gpe_stn_mult': 0.6980547265535917, 'g_stn_gpi_mult': 3.245111512149835, 'g_gpe_gpi_mult': 0.9555567232480062}. Best is trial 396 with value: 2.126500323194939.
[I 2026-05-28 23:18:05,564] Trial 587 finished with value: 7.714793223730701 and parameters: {'ISTN': 62.6809024178211, 'I_gpe': 2.0580891572486895, 'I_gpi': 1.7989913913007387, 'noise_stn_sigma': 6.81325225575536, 'noise_gpe_sigma': 125.34410186173912, 'noise_gpi_sigma': 103.7973176987674, 'g_stn_gpe_mult': 3.6687926552390553, 'g_gpe_stn_mult': 0.6996247541540601, 'g_stn_gpi_mult': 3.1593086681732765, 'g_gpe_gpi_mult': 0.9013285918126455}. Best is trial 396 with value: 2.126500323194939.
[I 2026-05-28 23:18:06,572] Trial 588 finished with value: 9.31439091037593 and parameters: {'ISTN': 64.17380943896843, 'I_gpe': 2.150291391933587, 'I_gpi': 1.856699085718852, 'noise_stn_sigma': 6.586575825646149, 'noise_gpe_sigma': 122.08676436455563, 'noise_gpi_sigma': 100.91833898949156, 'g_stn_gpe_mult': 3.4908253040840114, 'g_gpe_stn_mult': 0.7080047420531598, 'g_stn_gpi_mult': 3.2480251999993723, 'g_gpe_gpi_mult': 0.9097984428477417}. Best is trial 396 with value: 2.126500323194939.
[I 2026-05-28 23:18:07,583] Trial 589 finished with value: 4.481296963837952 and parameters: {'ISTN': 63.285984314601556, 'I_gpe': 2.06863128442975, 'I_gpi': 1.8949596664953297, 'noise_stn_sigma': 6.86899979307629, 'noise_gpe_sigma': 125.71836877822402, 'noise_gpi_sigma': 100.71166940053617, 'g_stn_gpe_mult': 3.610266233046178, 'g_gpe_stn_mult': 0.7134822834754447, 'g_stn_gpi_mult': 3.1808975561179422, 'g_gpe_gpi_mult': 0.9182356381994357}. Best is trial 396 with value: 2.126500323194939.
[I 2026-05-28 23:18:08,591] Trial 590 finished with value: 7.098278524291088 and parameters: {'ISTN': 63.3765615972062, 'I_gpe': 2.0563512172611933, 'I_gpi': 1.9735875950138575, 'noise_stn_sigma': 6.755279034097439, 'noise_gpe_sigma': 126.13708968789884, 'noise_gpi_sigma': 106.95547824712949, 'g_stn_gpe_mult': 3.7247491774416317, 'g_gpe_stn_mult': 0.7299233722577175, 'g_stn_gpi_mult': 3.2798706781134603, 'g_gpe_gpi_mult': 0.9388305118054172}. Best is trial 396 with value: 2.126500323194939.
[I 2026-05-28 23:18:09,598] Trial 591 finished with value: 11.753636399446094 and parameters: {'ISTN': 62.46805049010018, 'I_gpe': 1.982382153591171, 'I_gpi': 1.9285317017963641, 'noise_stn_sigma': 6.842685131257782, 'noise_gpe_sigma': 128.61382961561952, 'noise_gpi_sigma': 101.41186212225468, 'g_stn_gpe_mult': 3.7450391052064784, 'g_gpe_stn_mult': 0.7257325400861825, 'g_stn_gpi_mult': 3.0410431410316106, 'g_gpe_gpi_mult': 0.9731684520643471}. Best is trial 396 with value: 2.126500323194939.
[I 2026-05-28 23:18:10,606] Trial 592 finished with value: 6.174188248273796 and parameters: {'ISTN': 62.83690485969869, 'I_gpe': 2.1231702790961107, 'I_gpi': 2.067730572381529, 'noise_stn_sigma': 6.648652606354067, 'noise_gpe_sigma': 130.9686333294552, 'noise_gpi_sigma': 103.41982532433009, 'g_stn_gpe_mult': 3.5907268585378214, 'g_gpe_stn_mult': 0.7271720160148294, 'g_stn_gpi_mult': 3.1973399124481947, 'g_gpe_gpi_mult': 0.9213538232356939}. Best is trial 396 with value: 2.126500323194939.
[I 2026-05-28 23:18:11,615] Trial 593 finished with value: 4.71331786009882 and parameters: {'ISTN': 62.89401858746566, 'I_gpe': 2.0411998216396547, 'I_gpi': 2.035356443641243, 'noise_stn_sigma': 6.7413001405101385, 'noise_gpe_sigma': 128.767533312198, 'noise_gpi_sigma': 101.65687012052004, 'g_stn_gpe_mult': 3.697086367077133, 'g_gpe_stn_mult': 0.7088826018865196, 'g_stn_gpi_mult': 3.0823496359688103, 'g_gpe_gpi_mult': 0.8773961780964779}. Best is trial 396 with value: 2.126500323194939.
[I 2026-05-28 23:18:12,625] Trial 594 finished with value: 11.545091668758976 and parameters: {'ISTN': 63.9512879989317, 'I_gpe': 2.0847128102844334, 'I_gpi': 1.8179689185047991, 'noise_stn_sigma': 6.752486927848221, 'noise_gpe_sigma': 127.80880262237461, 'noise_gpi_sigma': 100.58834489553679, 'g_stn_gpe_mult': 3.7662529778888745, 'g_gpe_stn_mult': 0.7235964133527226, 'g_stn_gpi_mult': 3.1528282903914384, 'g_gpe_gpi_mult': 0.9463238065285382}. Best is trial 396 with value: 2.126500323194939.
[I 2026-05-28 23:18:13,635] Trial 595 finished with value: 9.854563170910264 and parameters: {'ISTN': 61.81268958903475, 'I_gpe': 2.1181842507347146, 'I_gpi': 1.925411599549479, 'noise_stn_sigma': 6.802275678306386, 'noise_gpe_sigma': 122.99844092368754, 'noise_gpi_sigma': 98.28230272319658, 'g_stn_gpe_mult': 3.584824242308722, 'g_gpe_stn_mult': 0.7051279947166742, 'g_stn_gpi_mult': 3.2971550581476574, 'g_gpe_gpi_mult': 0.9314398873012575}. Best is trial 396 with value: 2.126500323194939.
[I 2026-05-28 23:18:14,644] Trial 596 finished with value: 10.024173917529431 and parameters: {'ISTN': 62.72322267808069, 'I_gpe': 2.027601100528953, 'I_gpi': 2.111445758575379, 'noise_stn_sigma': 6.6817117837261195, 'noise_gpe_sigma': 129.19665192191803, 'noise_gpi_sigma': 105.75921048781667, 'g_stn_gpe_mult': 3.7047572296059457, 'g_gpe_stn_mult': 0.7404130229542131, 'g_stn_gpi_mult': 3.2014220390369292, 'g_gpe_gpi_mult': 0.9455467155818453}. Best is trial 396 with value: 2.126500323194939.
[I 2026-05-28 23:18:15,651] Trial 597 finished with value: 7.911974524956641 and parameters: {'ISTN': 64.7988381019086, 'I_gpe': 2.049229748291297, 'I_gpi': 2.0075275933747334, 'noise_stn_sigma': 7.099507138136214, 'noise_gpe_sigma': 126.21233746977575, 'noise_gpi_sigma': 102.63636602062846, 'g_stn_gpe_mult': 3.527795906211373, 'g_gpe_stn_mult': 0.7393765740065, 'g_stn_gpi_mult': 3.4261220964280943, 'g_gpe_gpi_mult': 0.9253135575676283}. Best is trial 396 with value: 2.126500323194939.
[I 2026-05-28 23:18:16,659] Trial 598 finished with value: 7.244253315644142 and parameters: {'ISTN': 64.11521767948379, 'I_gpe': 1.9941903542372355, 'I_gpi': 2.013784948388135, 'noise_stn_sigma': 6.679817058169294, 'noise_gpe_sigma': 122.45953690588746, 'noise_gpi_sigma': 104.01085243555652, 'g_stn_gpe_mult': 3.4699151970404545, 'g_gpe_stn_mult': 0.7145207529576857, 'g_stn_gpi_mult': 3.16859044712802, 'g_gpe_gpi_mult': 0.9388544876148528}. Best is trial 396 with value: 2.126500323194939.
[I 2026-05-28 23:18:17,669] Trial 599 finished with value: 8.549301246025385 and parameters: {'ISTN': 65.80224874646993, 'I_gpe': 2.1730318005984683, 'I_gpi': 1.9406664859256813, 'noise_stn_sigma': 6.274919431560255, 'noise_gpe_sigma': 135.62709080904574, 'noise_gpi_sigma': 91.50251054982387, 'g_stn_gpe_mult': 3.5100553810372395, 'g_gpe_stn_mult': 0.7117868651148208, 'g_stn_gpi_mult': 2.9816225945889228, 'g_gpe_gpi_mult': 0.8658695993027028}. Best is trial 396 with value: 2.126500323194939.
[I 2026-05-28 23:18:18,678] Trial 600 finished with value: 8.081169653065604 and parameters: {'ISTN': 64.08889596632868, 'I_gpe': 2.0463159145769727, 'I_gpi': 1.940137264520889, 'noise_stn_sigma': 6.3145873181506325, 'noise_gpe_sigma': 122.9076238989567, 'noise_gpi_sigma': 98.27106782661981, 'g_stn_gpe_mult': 3.5569187836867617, 'g_gpe_stn_mult': 0.6914935363399936, 'g_stn_gpi_mult': 3.1150642369414037, 'g_gpe_gpi_mult': 0.8910051691002054}. Best is trial 396 with value: 2.126500323194939.
[I 2026-05-28 23:18:19,689] Trial 601 finished with value: 11.194442883987776 and parameters: {'ISTN': 64.14549463983593, 'I_gpe': 2.0598919519887966, 'I_gpi': 1.9546142992852462, 'noise_stn_sigma': 6.993831305105416, 'noise_gpe_sigma': 131.92066119244458, 'noise_gpi_sigma': 101.56069672888444, 'g_stn_gpe_mult': 3.618106549266087, 'g_gpe_stn_mult': 0.7234450596811662, 'g_stn_gpi_mult': 3.125418296496748, 'g_gpe_gpi_mult': 0.8933419148432875}. Best is trial 396 with value: 2.126500323194939.
[I 2026-05-28 23:18:20,698] Trial 602 finished with value: 8.132988867744382 and parameters: {'ISTN': 62.61547968312845, 'I_gpe': 2.080868355282197, 'I_gpi': 1.9389729259823272, 'noise_stn_sigma': 7.05936756771318, 'noise_gpe_sigma': 129.2086744449095, 'noise_gpi_sigma': 107.89340807740155, 'g_stn_gpe_mult': 3.789448074286787, 'g_gpe_stn_mult': 0.7110000349561051, 'g_stn_gpi_mult': 3.1712123166845267, 'g_gpe_gpi_mult': 0.9029882653954628}. Best is trial 396 with value: 2.126500323194939.
[I 2026-05-28 23:18:21,707] Trial 603 finished with value: 4.958161897630131 and parameters: {'ISTN': 61.87607287349429, 'I_gpe': 2.0629989504863415, 'I_gpi': 2.061918846973687, 'noise_stn_sigma': 6.838406846178568, 'noise_gpe_sigma': 130.25401601993366, 'noise_gpi_sigma': 101.8703476751435, 'g_stn_gpe_mult': 3.553004667595971, 'g_gpe_stn_mult': 0.7171598717859131, 'g_stn_gpi_mult': 3.1122334054384897, 'g_gpe_gpi_mult': 0.8838539027469046}. Best is trial 396 with value: 2.126500323194939.
[I 2026-05-28 23:18:22,715] Trial 604 finished with value: 10.614010318319972 and parameters: {'ISTN': 63.51266704536427, 'I_gpe': 2.0630486001965114, 'I_gpi': 2.021247899963222, 'noise_stn_sigma': 6.694106515651585, 'noise_gpe_sigma': 127.32377883849395, 'noise_gpi_sigma': 99.47440551174472, 'g_stn_gpe_mult': 3.6941692492234393, 'g_gpe_stn_mult': 0.7249246052749445, 'g_stn_gpi_mult': 3.3255497557302065, 'g_gpe_gpi_mult': 0.9023422255549796}. Best is trial 396 with value: 2.126500323194939.
[I 2026-05-28 23:18:23,725] Trial 605 finished with value: 10.957855326756698 and parameters: {'ISTN': 62.71281366315987, 'I_gpe': 1.991148062193918, 'I_gpi': 2.005450811785126, 'noise_stn_sigma': 6.834445603539332, 'noise_gpe_sigma': 125.6294498645373, 'noise_gpi_sigma': 104.32786412698567, 'g_stn_gpe_mult': 3.6423085649807017, 'g_gpe_stn_mult': 0.7023331647651655, 'g_stn_gpi_mult': 3.250785755914725, 'g_gpe_gpi_mult': 0.9259896866391648}. Best is trial 396 with value: 2.126500323194939.
[I 2026-05-28 23:18:24,732] Trial 606 finished with value: 2.258632284889362 and parameters: {'ISTN': 62.909494587788906, 'I_gpe': 2.065984578477419, 'I_gpi': 2.0222923032883164, 'noise_stn_sigma': 6.465580773097693, 'noise_gpe_sigma': 120.7385565315115, 'noise_gpi_sigma': 102.88785390739707, 'g_stn_gpe_mult': 3.617060203936789, 'g_gpe_stn_mult': 0.7102555461775242, 'g_stn_gpi_mult': 3.216983402105349, 'g_gpe_gpi_mult': 0.8774029505466345}. Best is trial 396 with value: 2.126500323194939.
[I 2026-05-28 23:18:25,740] Trial 607 finished with value: 7.568498280165837 and parameters: {'ISTN': 63.97286354086879, 'I_gpe': 2.090666582650746, 'I_gpi': 1.905730696788142, 'noise_stn_sigma': 6.895809861668811, 'noise_gpe_sigma': 131.57914623068325, 'noise_gpi_sigma': 95.51880372217803, 'g_stn_gpe_mult': 3.5329051677305254, 'g_gpe_stn_mult': 0.7324796861476561, 'g_stn_gpi_mult': 3.168887992526304, 'g_gpe_gpi_mult': 0.8297556362820568}. Best is trial 396 with value: 2.126500323194939.
[I 2026-05-28 23:18:26,747] Trial 608 finished with value: 8.468074513291675 and parameters: {'ISTN': 62.60019334661321, 'I_gpe': 2.0163007208817265, 'I_gpi': 1.9721412216935308, 'noise_stn_sigma': 6.835351574286491, 'noise_gpe_sigma': 133.65013135265164, 'noise_gpi_sigma': 100.6378744437609, 'g_stn_gpe_mult': 3.745816359695142, 'g_gpe_stn_mult': 0.702645995399395, 'g_stn_gpi_mult': 3.1186459851549975, 'g_gpe_gpi_mult': 0.9017344090837314}. Best is trial 396 with value: 2.126500323194939.
[I 2026-05-28 23:18:27,756] Trial 609 finished with value: 4.9159315745028405 and parameters: {'ISTN': 64.50611274162709, 'I_gpe': 2.104410533216894, 'I_gpi': 2.007712557117272, 'noise_stn_sigma': 6.8045575027192395, 'noise_gpe_sigma': 123.54993771875846, 'noise_gpi_sigma': 107.88164067418643, 'g_stn_gpe_mult': 3.494129526470288, 'g_gpe_stn_mult': 0.7306844773222794, 'g_stn_gpi_mult': 3.2275407687798854, 'g_gpe_gpi_mult': 0.9049427094017681}. Best is trial 396 with value: 2.126500323194939.
[I 2026-05-28 23:18:28,764] Trial 610 finished with value: 7.2344699271026895 and parameters: {'ISTN': 62.12822054628197, 'I_gpe': 2.1551536891499583, 'I_gpi': 2.044884435525266, 'noise_stn_sigma': 6.259859100941069, 'noise_gpe_sigma': 128.68881216504505, 'noise_gpi_sigma': 100.23634542503125, 'g_stn_gpe_mult': 3.5847785555740135, 'g_gpe_stn_mult': 0.6865000804276539, 'g_stn_gpi_mult': 3.011689505346628, 'g_gpe_gpi_mult': 0.8895222082428276}. Best is trial 396 with value: 2.126500323194939.
[I 2026-05-28 23:18:29,771] Trial 611 finished with value: 13.407937665715842 and parameters: {'ISTN': 62.50499048016571, 'I_gpe': 2.0423321180465175, 'I_gpi': 2.0862921265963266, 'noise_stn_sigma': 6.739661049377537, 'noise_gpe_sigma': 122.45198677607283, 'noise_gpi_sigma': 112.10114102659136, 'g_stn_gpe_mult': 3.4893060554678392, 'g_gpe_stn_mult': 0.7350358381581463, 'g_stn_gpi_mult': 3.2944621794536584, 'g_gpe_gpi_mult': 0.9252031976114243}. Best is trial 396 with value: 2.126500323194939.
[I 2026-05-28 23:18:30,719] Trial 612 finished with value: 1000000.0 and parameters: {'ISTN': 61.20959681159669, 'I_gpe': 2.0579224147017166, 'I_gpi': 2.032303718405083, 'noise_stn_sigma': 6.459010832642611, 'noise_gpe_sigma': 118.73903610054563, 'noise_gpi_sigma': 101.27569700892859, 'g_stn_gpe_mult': 3.4343044407940715, 'g_gpe_stn_mult': 0.7042141877122, 'g_stn_gpi_mult': 3.1244469731953965, 'g_gpe_gpi_mult': 0.8877838205274737}. Best is trial 396 with value: 2.126500323194939.
[I 2026-05-28 23:18:31,729] Trial 613 finished with value: 7.406928741019694 and parameters: {'ISTN': 62.61525470509287, 'I_gpe': 2.062138301552878, 'I_gpi': 1.9470120545081595, 'noise_stn_sigma': 6.607722687099672, 'noise_gpe_sigma': 124.54093952523223, 'noise_gpi_sigma': 99.8969690046757, 'g_stn_gpe_mult': 3.6237292763111038, 'g_gpe_stn_mult': 0.6954338051687818, 'g_stn_gpi_mult': 3.1302156564105026, 'g_gpe_gpi_mult': 0.8767119355327204}. Best is trial 396 with value: 2.126500323194939.
[I 2026-05-28 23:18:32,738] Trial 614 finished with value: 8.351796440195496 and parameters: {'ISTN': 61.76692293191134, 'I_gpe': 2.0525049143451883, 'I_gpi': 2.0567170141548425, 'noise_stn_sigma': 6.928993397517984, 'noise_gpe_sigma': 127.55964502297009, 'noise_gpi_sigma': 107.64369663999511, 'g_stn_gpe_mult': 3.596285446088043, 'g_gpe_stn_mult': 0.7255860845513655, 'g_stn_gpi_mult': 3.1600588749865586, 'g_gpe_gpi_mult': 0.9082419185475423}. Best is trial 396 with value: 2.126500323194939.
[I 2026-05-28 23:18:33,746] Trial 615 finished with value: 4.290093199405704 and parameters: {'ISTN': 63.230678099372426, 'I_gpe': 2.0751912729178157, 'I_gpi': 2.146814742712867, 'noise_stn_sigma': 6.569683184396598, 'noise_gpe_sigma': 124.68647389564602, 'noise_gpi_sigma': 101.01507316366143, 'g_stn_gpe_mult': 3.6242893907243188, 'g_gpe_stn_mult': 0.7054690712788633, 'g_stn_gpi_mult': 3.136504557869707, 'g_gpe_gpi_mult': 0.9001322858072736}. Best is trial 396 with value: 2.126500323194939.
