[I 2026-05-28 23:12:40,298] Trial 264 finished with value: 1000000.0 and parameters: {'ISTN': 74.25919243785158, 'I_gpe': 2.0741215310146535, 'I_gpi': 1.7499227902018444, 'noise_stn_sigma': 6.701225439291569, 'noise_gpe_sigma': 103.74311135660744, 'noise_gpi_sigma': 132.38766369781257, 'g_stn_gpe_mult': 2.9092001419254903, 'g_gpe_stn_mult': 0.7161646324199632, 'g_stn_gpi_mult': 3.716017665792808, 'g_gpe_gpi_mult': 1.0080761663018913}. Best is trial 4 with value: 3.429511868616504.
[I 2026-05-28 23:12:41,305] Trial 265 finished with value: 14.70525014675734 and parameters: {'ISTN': 77.80978586214184, 'I_gpe': 2.281366512689175, 'I_gpi': 2.1449416654600606, 'noise_stn_sigma': 6.424209197452315, 'noise_gpe_sigma': 98.64731376899847, 'noise_gpi_sigma': 113.97467906768662, 'g_stn_gpe_mult': 2.9687022789277693, 'g_gpe_stn_mult': 0.7559254864355867, 'g_stn_gpi_mult': 3.470896709547468, 'g_gpe_gpi_mult': 0.9381209181304444}. Best is trial 4 with value: 3.429511868616504.
[I 2026-05-28 23:12:42,312] Trial 266 finished with value: 13.439320034034091 and parameters: {'ISTN': 73.7210628946874, 'I_gpe': 2.27819547471062, 'I_gpi': 1.9568900150847366, 'noise_stn_sigma': 6.582294336522866, 'noise_gpe_sigma': 120.85494327388356, 'noise_gpi_sigma': 124.96101641850358, 'g_stn_gpe_mult': 3.405607976075526, 'g_gpe_stn_mult': 0.7960245156167359, 'g_stn_gpi_mult': 3.7433224739566384, 'g_gpe_gpi_mult': 1.0078015945893122}. Best is trial 4 with value: 3.429511868616504.
[I 2026-05-28 23:12:43,319] Trial 267 finished with value: 13.933688810841696 and parameters: {'ISTN': 77.75204710367655, 'I_gpe': 2.207273182553277, 'I_gpi': 2.11373000510533, 'noise_stn_sigma': 6.217255221039275, 'noise_gpe_sigma': 109.89371823406522, 'noise_gpi_sigma': 136.69324678664162, 'g_stn_gpe_mult': 3.2498370095492994, 'g_gpe_stn_mult': 0.7535402775892884, 'g_stn_gpi_mult': 3.7963719727465755, 'g_gpe_gpi_mult': 1.007104895178218}. Best is trial 4 with value: 3.429511868616504.
[I 2026-05-28 23:12:44,326] Trial 268 finished with value: 12.33071021727288 and parameters: {'ISTN': 67.92571170761052, 'I_gpe': 2.3976862736854176, 'I_gpi': 1.6809024927636327, 'noise_stn_sigma': 5.9848137755121815, 'noise_gpe_sigma': 117.088307665863, 'noise_gpi_sigma': 104.07644420777731, 'g_stn_gpe_mult': 3.092535806444417, 'g_gpe_stn_mult': 0.6034831524091359, 'g_stn_gpi_mult': 3.191486818004128, 'g_gpe_gpi_mult': 0.9676740420992853}. Best is trial 4 with value: 3.429511868616504.
[I 2026-05-28 23:12:45,334] Trial 269 finished with value: 11.521468296033303 and parameters: {'ISTN': 62.87156313400289, 'I_gpe': 2.250634223006738, 'I_gpi': 2.293266906092426, 'noise_stn_sigma': 6.011915176619642, 'noise_gpe_sigma': 111.39447336776108, 'noise_gpi_sigma': 136.95945550707137, 'g_stn_gpe_mult': 3.0584485328105275, 'g_gpe_stn_mult': 0.6837274636188156, 'g_stn_gpi_mult': 3.583997575155993, 'g_gpe_gpi_mult': 0.8014060717426523}. Best is trial 4 with value: 3.429511868616504.
[I 2026-05-28 23:12:46,341] Trial 270 finished with value: 14.964838761993285 and parameters: {'ISTN': 68.18006483068989, 'I_gpe': 2.5552386916434573, 'I_gpi': 2.177321976218016, 'noise_stn_sigma': 5.349700660756643, 'noise_gpe_sigma': 141.90023108407453, 'noise_gpi_sigma': 109.65850304953528, 'g_stn_gpe_mult': 3.072257472995687, 'g_gpe_stn_mult': 0.7506093246787701, 'g_stn_gpi_mult': 3.470267667014154, 'g_gpe_gpi_mult': 0.9344978546842508}. Best is trial 4 with value: 3.429511868616504.
[I 2026-05-28 23:12:47,353] Trial 271 finished with value: 9.085212368962228 and parameters: {'ISTN': 63.716762897537215, 'I_gpe': 2.063625228545586, 'I_gpi': 1.6300577938235767, 'noise_stn_sigma': 6.78378822232307, 'noise_gpe_sigma': 103.23048905604405, 'noise_gpi_sigma': 135.66693479118044, 'g_stn_gpe_mult': 3.1286287403190824, 'g_gpe_stn_mult': 0.6210109055162201, 'g_stn_gpi_mult': 3.110666923754556, 'g_gpe_gpi_mult': 0.9328355854806822}. Best is trial 4 with value: 3.429511868616504.
[I 2026-05-28 23:12:48,361] Trial 272 finished with value: 14.355521274050968 and parameters: {'ISTN': 72.98041265354479, 'I_gpe': 2.372909741336003, 'I_gpi': 1.8639889834801406, 'noise_stn_sigma': 5.5264282733487695, 'noise_gpe_sigma': 127.04045483477029, 'noise_gpi_sigma': 122.36607566121391, 'g_stn_gpe_mult': 3.238365195570905, 'g_gpe_stn_mult': 0.6688129488670923, 'g_stn_gpi_mult': 2.8736011214483375, 'g_gpe_gpi_mult': 0.8520410660097781}. Best is trial 4 with value: 3.429511868616504.
[I 2026-05-28 23:12:49,367] Trial 273 finished with value: 14.918516410357705 and parameters: {'ISTN': 67.31710472050179, 'I_gpe': 2.2342128496342495, 'I_gpi': 1.8096102036000106, 'noise_stn_sigma': 6.1115323784446645, 'noise_gpe_sigma': 90.3341056827196, 'noise_gpi_sigma': 134.36906145568275, 'g_stn_gpe_mult': 3.1691301909095237, 'g_gpe_stn_mult': 0.6398956001698796, 'g_stn_gpi_mult': 3.6640136507779273, 'g_gpe_gpi_mult': 0.8430680851149444}. Best is trial 4 with value: 3.429511868616504.
[I 2026-05-28 23:12:50,374] Trial 274 finished with value: 10.741150170981056 and parameters: {'ISTN': 62.89231900248672, 'I_gpe': 2.4786536797733074, 'I_gpi': 2.267112459523024, 'noise_stn_sigma': 4.754792821303261, 'noise_gpe_sigma': 116.63641393458803, 'noise_gpi_sigma': 138.82933599750686, 'g_stn_gpe_mult': 3.171878491026168, 'g_gpe_stn_mult': 0.6295389904427954, 'g_stn_gpi_mult': 3.198027309403765, 'g_gpe_gpi_mult': 0.8308404452368927}. Best is trial 4 with value: 3.429511868616504.
[I 2026-05-28 23:12:51,382] Trial 275 finished with value: 7.550445857632476 and parameters: {'ISTN': 61.489802931419156, 'I_gpe': 2.263264886642376, 'I_gpi': 2.383192303087691, 'noise_stn_sigma': 5.73601764939035, 'noise_gpe_sigma': 118.63497898736856, 'noise_gpi_sigma': 113.06848790900301, 'g_stn_gpe_mult': 2.6708124792303196, 'g_gpe_stn_mult': 0.6588938345654536, 'g_stn_gpi_mult': 3.1124576445944014, 'g_gpe_gpi_mult': 0.8320223192721994}. Best is trial 4 with value: 3.429511868616504.
[I 2026-05-28 23:12:52,390] Trial 276 finished with value: 12.24657689955024 and parameters: {'ISTN': 64.55711466390986, 'I_gpe': 2.0388770294873324, 'I_gpi': 1.638169648371977, 'noise_stn_sigma': 5.242914452679178, 'noise_gpe_sigma': 111.00992609618126, 'noise_gpi_sigma': 129.9979170328499, 'g_stn_gpe_mult': 3.2781181003857265, 'g_gpe_stn_mult': 0.6024984655182798, 'g_stn_gpi_mult': 3.658756327584037, 'g_gpe_gpi_mult': 0.9328214552251506}. Best is trial 4 with value: 3.429511868616504.
[I 2026-05-28 23:12:53,397] Trial 277 finished with value: 10.189550376488267 and parameters: {'ISTN': 66.04395380856099, 'I_gpe': 2.2085120447817257, 'I_gpi': 1.8970281981349608, 'noise_stn_sigma': 5.963453364164714, 'noise_gpe_sigma': 106.03019709192748, 'noise_gpi_sigma': 133.10226988677775, 'g_stn_gpe_mult': 3.3118511142062577, 'g_gpe_stn_mult': 0.6692502660705695, 'g_stn_gpi_mult': 3.8056200549443178, 'g_gpe_gpi_mult': 0.898685289099098}. Best is trial 4 with value: 3.429511868616504.
[I 2026-05-28 23:12:54,407] Trial 278 finished with value: 12.030624972749791 and parameters: {'ISTN': 79.57010477915016, 'I_gpe': 2.339956230048919, 'I_gpi': 1.9643642597509756, 'noise_stn_sigma': 6.330376133778885, 'noise_gpe_sigma': 132.63684937084201, 'noise_gpi_sigma': 129.45264225420783, 'g_stn_gpe_mult': 3.2611012661107353, 'g_gpe_stn_mult': 0.7664794453996392, 'g_stn_gpi_mult': 3.5254408669789012, 'g_gpe_gpi_mult': 0.9096881816852829}. Best is trial 4 with value: 3.429511868616504.
[I 2026-05-28 23:12:55,414] Trial 279 finished with value: 13.829143724951113 and parameters: {'ISTN': 70.24396110587195, 'I_gpe': 2.3504198776965026, 'I_gpi': 1.7941217706720467, 'noise_stn_sigma': 5.554419556726106, 'noise_gpe_sigma': 111.52439479127273, 'noise_gpi_sigma': 118.18531101874015, 'g_stn_gpe_mult': 3.040428983426204, 'g_gpe_stn_mult': 0.7161986702512858, 'g_stn_gpi_mult': 3.600766464107119, 'g_gpe_gpi_mult': 0.9119769208141433}. Best is trial 4 with value: 3.429511868616504.
[I 2026-05-28 23:12:56,423] Trial 280 finished with value: 10.149836770990646 and parameters: {'ISTN': 69.20309967531819, 'I_gpe': 1.9909091747756658, 'I_gpi': 2.0220993256395916, 'noise_stn_sigma': 6.501203248081394, 'noise_gpe_sigma': 106.6913923956912, 'noise_gpi_sigma': 121.93409697884698, 'g_stn_gpe_mult': 2.74934778710361, 'g_gpe_stn_mult': 0.6633373461486547, 'g_stn_gpi_mult': 3.428819461404408, 'g_gpe_gpi_mult': 0.9670600884525153}. Best is trial 4 with value: 3.429511868616504.
[I 2026-05-28 23:12:57,429] Trial 281 finished with value: 10.615396742933216 and parameters: {'ISTN': 63.63176489137414, 'I_gpe': 2.221635738506257, 'I_gpi': 2.229456432253774, 'noise_stn_sigma': 5.777440434526801, 'noise_gpe_sigma': 115.71232204905448, 'noise_gpi_sigma': 116.51142367064001, 'g_stn_gpe_mult': 2.855056549184847, 'g_gpe_stn_mult': 0.6391295134989168, 'g_stn_gpi_mult': 3.4784153535791122, 'g_gpe_gpi_mult': 0.8591279565366989}. Best is trial 4 with value: 3.429511868616504.
[I 2026-05-28 23:12:58,437] Trial 282 finished with value: 11.073654553575897 and parameters: {'ISTN': 60.71229238120233, 'I_gpe': 2.1184211362274183, 'I_gpi': 2.224777706818182, 'noise_stn_sigma': 6.116963190827961, 'noise_gpe_sigma': 102.80145549142418, 'noise_gpi_sigma': 112.136686116292, 'g_stn_gpe_mult': 2.972867797784213, 'g_gpe_stn_mult': 0.6215752735107434, 'g_stn_gpi_mult': 3.3686754402198025, 'g_gpe_gpi_mult': 0.8827704443795974}. Best is trial 4 with value: 3.429511868616504.
[I 2026-05-28 23:12:59,446] Trial 283 finished with value: 11.09692440626743 and parameters: {'ISTN': 69.4477038703843, 'I_gpe': 1.949721162654605, 'I_gpi': 2.3093115357706995, 'noise_stn_sigma': 6.877520102945418, 'noise_gpe_sigma': 106.7152963119636, 'noise_gpi_sigma': 129.91574503733887, 'g_stn_gpe_mult': 3.0299879835241854, 'g_gpe_stn_mult': 0.6761231348888981, 'g_stn_gpi_mult': 3.135307193318416, 'g_gpe_gpi_mult': 0.990420796952598}. Best is trial 4 with value: 3.429511868616504.
[I 2026-05-28 23:13:00,457] Trial 284 finished with value: 7.552673305029559 and parameters: {'ISTN': 72.43237275895298, 'I_gpe': 2.054212598856062, 'I_gpi': 1.7954473381595981, 'noise_stn_sigma': 6.569293843479207, 'noise_gpe_sigma': 131.8253799444692, 'noise_gpi_sigma': 113.6953268206198, 'g_stn_gpe_mult': 2.5937827564613594, 'g_gpe_stn_mult': 0.7599794725299519, 'g_stn_gpi_mult': 3.192697352890587, 'g_gpe_gpi_mult': 0.8583638765004367}. Best is trial 4 with value: 3.429511868616504.
[I 2026-05-28 23:13:01,464] Trial 285 finished with value: 6.395036088331429 and parameters: {'ISTN': 67.63347704809065, 'I_gpe': 2.242694432901853, 'I_gpi': 2.5299002023565174, 'noise_stn_sigma': 6.0752259540250995, 'noise_gpe_sigma': 117.81581497933307, 'noise_gpi_sigma': 113.3270147999921, 'g_stn_gpe_mult': 3.2918187324509502, 'g_gpe_stn_mult': 0.7123368104496549, 'g_stn_gpi_mult': 3.4922297617348557, 'g_gpe_gpi_mult': 0.8422247831991905}. Best is trial 4 with value: 3.429511868616504.
[I 2026-05-28 23:13:02,473] Trial 286 finished with value: 7.328902207000509 and parameters: {'ISTN': 66.17798968795685, 'I_gpe': 2.30265985174937, 'I_gpi': 2.338640343107344, 'noise_stn_sigma': 5.844521245210394, 'noise_gpe_sigma': 114.03183410498804, 'noise_gpi_sigma': 137.1390105790144, 'g_stn_gpe_mult': 2.905705454771766, 'g_gpe_stn_mult': 0.6815483859597856, 'g_stn_gpi_mult': 3.0979557392521087, 'g_gpe_gpi_mult': 0.8350325183412097}. Best is trial 4 with value: 3.429511868616504.
[I 2026-05-28 23:13:03,483] Trial 287 finished with value: 14.659559720424788 and parameters: {'ISTN': 64.1461174958775, 'I_gpe': 1.9482945441176676, 'I_gpi': 2.152620482128352, 'noise_stn_sigma': 6.335963080050863, 'noise_gpe_sigma': 102.8263625753109, 'noise_gpi_sigma': 137.10599682779443, 'g_stn_gpe_mult': 3.099888988171987, 'g_gpe_stn_mult': 0.6764848996545947, 'g_stn_gpi_mult': 3.478189114093503, 'g_gpe_gpi_mult': 0.9345643356464679}. Best is trial 4 with value: 3.429511868616504.
[I 2026-05-28 23:13:04,491] Trial 288 finished with value: 11.24561116084481 and parameters: {'ISTN': 65.87332360231525, 'I_gpe': 2.212185353344132, 'I_gpi': 1.7678511392492768, 'noise_stn_sigma': 5.748326399252911, 'noise_gpe_sigma': 113.01250457756541, 'noise_gpi_sigma': 107.55863509043141, 'g_stn_gpe_mult': 2.7631595254643857, 'g_gpe_stn_mult': 0.6965713602829244, 'g_stn_gpi_mult': 3.053271037000078, 'g_gpe_gpi_mult': 0.8804414763664781}. Best is trial 4 with value: 3.429511868616504.
[I 2026-05-28 23:13:05,500] Trial 289 finished with value: 5.828955645589922 and parameters: {'ISTN': 62.20163010008415, 'I_gpe': 2.245563536134605, 'I_gpi': 1.6648812353653544, 'noise_stn_sigma': 5.556880509903696, 'noise_gpe_sigma': 101.2767920554386, 'noise_gpi_sigma': 112.44917394046445, 'g_stn_gpe_mult': 3.0086652747956384, 'g_gpe_stn_mult': 0.5638586969051644, 'g_stn_gpi_mult': 2.736551639585338, 'g_gpe_gpi_mult': 0.9418639292663848}. Best is trial 4 with value: 3.429511868616504.
[I 2026-05-28 23:13:06,507] Trial 290 finished with value: 11.91217063055015 and parameters: {'ISTN': 63.53126014430833, 'I_gpe': 2.223075061506802, 'I_gpi': 2.5963463946069045, 'noise_stn_sigma': 5.543561483619124, 'noise_gpe_sigma': 119.21366009975965, 'noise_gpi_sigma': 118.97866257320013, 'g_stn_gpe_mult': 2.9949139177026245, 'g_gpe_stn_mult': 0.6433083989897724, 'g_stn_gpi_mult': 3.387639709556386, 'g_gpe_gpi_mult': 0.9024641612045061}. Best is trial 4 with value: 3.429511868616504.
[I 2026-05-28 23:13:07,518] Trial 291 finished with value: 14.145599359075332 and parameters: {'ISTN': 67.70292137719922, 'I_gpe': 2.413423582713084, 'I_gpi': 1.8768574840642458, 'noise_stn_sigma': 5.797739087156838, 'noise_gpe_sigma': 106.95394312196694, 'noise_gpi_sigma': 106.01992190487077, 'g_stn_gpe_mult': 2.790551520262224, 'g_gpe_stn_mult': 0.6453092505842779, 'g_stn_gpi_mult': 3.0141798840025746, 'g_gpe_gpi_mult': 0.9252666386053023}. Best is trial 4 with value: 3.429511868616504.
[I 2026-05-28 23:13:08,524] Trial 292 finished with value: 12.910017715019055 and parameters: {'ISTN': 64.84400632009913, 'I_gpe': 2.3517982600202925, 'I_gpi': 1.9637968223516329, 'noise_stn_sigma': 5.050967305347429, 'noise_gpe_sigma': 105.9526930232947, 'noise_gpi_sigma': 131.56759755391147, 'g_stn_gpe_mult': 2.5568930050985106, 'g_gpe_stn_mult': 0.5998448905170837, 'g_stn_gpi_mult': 2.6350321378789925, 'g_gpe_gpi_mult': 0.8040841252225932}. Best is trial 4 with value: 3.429511868616504.
[I 2026-05-28 23:13:09,532] Trial 293 finished with value: 11.33867658036844 and parameters: {'ISTN': 66.72990909960194, 'I_gpe': 2.2693236006881627, 'I_gpi': 1.8953397759324633, 'noise_stn_sigma': 5.724880466986486, 'noise_gpe_sigma': 108.85867856242264, 'noise_gpi_sigma': 139.07330983855496, 'g_stn_gpe_mult': 3.14551207077953, 'g_gpe_stn_mult': 0.6640256895089899, 'g_stn_gpi_mult': 3.0125983479908665, 'g_gpe_gpi_mult': 0.8758679377994385}. Best is trial 4 with value: 3.429511868616504.
[I 2026-05-28 23:13:10,539] Trial 294 finished with value: 8.423965970177345 and parameters: {'ISTN': 62.205975718610034, 'I_gpe': 2.0332395456250625, 'I_gpi': 1.6738198205418935, 'noise_stn_sigma': 5.009511118334106, 'noise_gpe_sigma': 92.80815347942438, 'noise_gpi_sigma': 98.13048067321269, 'g_stn_gpe_mult': 3.080374264090188, 'g_gpe_stn_mult': 0.544752985697332, 'g_stn_gpi_mult': 2.821472222895221, 'g_gpe_gpi_mult': 0.9109422477320757}. Best is trial 4 with value: 3.429511868616504.
[I 2026-05-28 23:13:11,547] Trial 295 finished with value: 14.569656107078009 and parameters: {'ISTN': 67.50511980395416, 'I_gpe': 2.2365211103843823, 'I_gpi': 1.9943625407548078, 'noise_stn_sigma': 6.25382061224669, 'noise_gpe_sigma': 97.39787779719471, 'noise_gpi_sigma': 126.87331784681963, 'g_stn_gpe_mult': 2.940078394682364, 'g_gpe_stn_mult': 0.6265339999367538, 'g_stn_gpi_mult': 3.005840260298633, 'g_gpe_gpi_mult': 0.8750595380793931}. Best is trial 4 with value: 3.429511868616504.
[I 2026-05-28 23:13:12,555] Trial 296 finished with value: 8.740410005438296 and parameters: {'ISTN': 64.42694983887034, 'I_gpe': 2.325353778660965, 'I_gpi': 2.4586862792405464, 'noise_stn_sigma': 5.711203513178729, 'noise_gpe_sigma': 105.41769004707089, 'noise_gpi_sigma': 111.72426086728413, 'g_stn_gpe_mult': 2.906624982109345, 'g_gpe_stn_mult': 0.6626669538607208, 'g_stn_gpi_mult': 3.135595623422933, 'g_gpe_gpi_mult': 0.8062482086463969}. Best is trial 4 with value: 3.429511868616504.
[I 2026-05-28 23:13:13,564] Trial 297 finished with value: 12.168172140590897 and parameters: {'ISTN': 62.730365054235, 'I_gpe': 2.441948116622365, 'I_gpi': 1.8240340213017054, 'noise_stn_sigma': 6.22616008639915, 'noise_gpe_sigma': 104.41924529350767, 'noise_gpi_sigma': 125.08891314483252, 'g_stn_gpe_mult': 2.7143847726061248, 'g_gpe_stn_mult': 0.5558624724598206, 'g_stn_gpi_mult': 2.741890032243501, 'g_gpe_gpi_mult': 0.9365058842627669}. Best is trial 4 with value: 3.429511868616504.
[I 2026-05-28 23:13:14,571] Trial 298 finished with value: 11.456550370876846 and parameters: {'ISTN': 64.939319348072, 'I_gpe': 2.1346353019181326, 'I_gpi': 1.8607161467380777, 'noise_stn_sigma': 6.326103377114918, 'noise_gpe_sigma': 111.28750211357722, 'noise_gpi_sigma': 109.8417031683127, 'g_stn_gpe_mult': 3.216089195296853, 'g_gpe_stn_mult': 0.6750224078405042, 'g_stn_gpi_mult': 3.0186587583595816, 'g_gpe_gpi_mult': 0.8890165569955317}. Best is trial 4 with value: 3.429511868616504.
[I 2026-05-28 23:13:15,580] Trial 299 finished with value: 14.238916796372097 and parameters: {'ISTN': 78.75701903199136, 'I_gpe': 2.312584689337917, 'I_gpi': 1.980542952332317, 'noise_stn_sigma': 6.366698719138657, 'noise_gpe_sigma': 117.4779554281257, 'noise_gpi_sigma': 140.1825915665063, 'g_stn_gpe_mult': 3.313907956970813, 'g_gpe_stn_mult': 0.6437066662941351, 'g_stn_gpi_mult': 2.8566771830092708, 'g_gpe_gpi_mult': 0.854199216160132}. Best is trial 4 with value: 3.429511868616504.
[I 2026-05-28 23:13:16,587] Trial 300 finished with value: 14.54590392393644 and parameters: {'ISTN': 69.53807128954001, 'I_gpe': 2.0318356214779523, 'I_gpi': 2.360793348201581, 'noise_stn_sigma': 5.741042878982906, 'noise_gpe_sigma': 108.09637303081367, 'noise_gpi_sigma': 119.50911774002259, 'g_stn_gpe_mult': 3.2171496196876292, 'g_gpe_stn_mult': 0.6041603046142197, 'g_stn_gpi_mult': 3.077997092503418, 'g_gpe_gpi_mult': 0.8504718262830337}. Best is trial 4 with value: 3.429511868616504.
[I 2026-05-28 23:13:17,596] Trial 301 finished with value: 9.67970558936073 and parameters: {'ISTN': 62.15143709492305, 'I_gpe': 2.107382681527688, 'I_gpi': 2.0266266891974016, 'noise_stn_sigma': 5.385387867758721, 'noise_gpe_sigma': 111.95805138514551, 'noise_gpi_sigma': 115.19978903949118, 'g_stn_gpe_mult': 3.349126426009983, 'g_gpe_stn_mult': 0.6288767199578079, 'g_stn_gpi_mult': 2.9561904913989188, 'g_gpe_gpi_mult': 0.8946831050051205}. Best is trial 4 with value: 3.429511868616504.
[I 2026-05-28 23:13:18,604] Trial 302 finished with value: 14.293805013556158 and parameters: {'ISTN': 68.55332980153754, 'I_gpe': 2.1160258564845136, 'I_gpi': 1.9643893693278165, 'noise_stn_sigma': 5.198320944311771, 'noise_gpe_sigma': 101.47818278984793, 'noise_gpi_sigma': 90.16309660379758, 'g_stn_gpe_mult': 3.1457052968795933, 'g_gpe_stn_mult': 0.5309659847711782, 'g_stn_gpi_mult': 2.6535328447796127, 'g_gpe_gpi_mult': 0.8208028511512286}. Best is trial 4 with value: 3.429511868616504.
[I 2026-05-28 23:13:19,613] Trial 303 finished with value: 13.52987738740688 and parameters: {'ISTN': 61.81658336276408, 'I_gpe': 2.240732382344287, 'I_gpi': 1.9526350538871238, 'noise_stn_sigma': 5.821778867446984, 'noise_gpe_sigma': 91.0470083850301, 'noise_gpi_sigma': 113.49188174959772, 'g_stn_gpe_mult': 2.654387033688734, 'g_gpe_stn_mult': 0.6396764604629955, 'g_stn_gpi_mult': 2.8955691765260214, 'g_gpe_gpi_mult': 0.9818919056775304}. Best is trial 4 with value: 3.429511868616504.
[I 2026-05-28 23:13:20,617] Trial 304 finished with value: 18.564864677442095 and parameters: {'ISTN': 63.42434471660306, 'I_gpe': 2.684037781645891, 'I_gpi': 2.0791918882487614, 'noise_stn_sigma': 6.276343279798772, 'noise_gpe_sigma': 103.37462001503964, 'noise_gpi_sigma': 126.32393783315258, 'g_stn_gpe_mult': 2.978840082196962, 'g_gpe_stn_mult': 0.7198421464106305, 'g_stn_gpi_mult': 3.3496198152109127, 'g_gpe_gpi_mult': 0.9480021880938436}. Best is trial 4 with value: 3.429511868616504.
[I 2026-05-28 23:13:21,624] Trial 305 finished with value: 13.486784430702068 and parameters: {'ISTN': 71.26621409227761, 'I_gpe': 2.1840940912183595, 'I_gpi': 1.8189571176767383, 'noise_stn_sigma': 5.4257212476162255, 'noise_gpe_sigma': 111.21992262826285, 'noise_gpi_sigma': 107.86543460237883, 'g_stn_gpe_mult': 3.0005902407521274, 'g_gpe_stn_mult': 0.6307100013292087, 'g_stn_gpi_mult': 3.02595027909222, 'g_gpe_gpi_mult': 0.8825036959188584}. Best is trial 4 with value: 3.429511868616504.
[I 2026-05-28 23:13:22,632] Trial 306 finished with value: 13.745039033031267 and parameters: {'ISTN': 60.375808771514286, 'I_gpe': 1.822720976927739, 'I_gpi': 2.221413378001401, 'noise_stn_sigma': 5.120789232432813, 'noise_gpe_sigma': 96.36462467805877, 'noise_gpi_sigma': 99.40094180226463, 'g_stn_gpe_mult': 3.0971510871837777, 'g_gpe_stn_mult': 0.5806616013796847, 'g_stn_gpi_mult': 3.260288467645297, 'g_gpe_gpi_mult': 0.8045500151553941}. Best is trial 4 with value: 3.429511868616504.
[I 2026-05-28 23:13:23,638] Trial 307 finished with value: 11.848231839859439 and parameters: {'ISTN': 61.90127470186387, 'I_gpe': 1.9912182834881622, 'I_gpi': 1.979135649010856, 'noise_stn_sigma': 5.498644057056083, 'noise_gpe_sigma': 99.90412474555183, 'noise_gpi_sigma': 113.55675510102114, 'g_stn_gpe_mult': 3.1690596723379585, 'g_gpe_stn_mult': 0.5014268635645063, 'g_stn_gpi_mult': 2.585461600761675, 'g_gpe_gpi_mult': 0.7913913910033752}. Best is trial 4 with value: 3.429511868616504.
