[I 2026-05-28 23:45:51,896] Trial 220 finished with value: 11.951618861476064 and parameters: {'ISTN': 70.3112583344083, 'I_gpe': 1.4825367016472848, 'I_gpi': 1.94359007190423, 'noise_stn_sigma': 5.9269408574976215, 'noise_gpe_sigma': 139.91623916567664, 'noise_gpi_sigma': 111.08292296383699, 'g_stn_gpe_mult': 2.7655413126763557, 'g_gpe_stn_mult': 0.24145612049656537, 'g_stn_gpi_mult': 1.2395449954126718, 'g_gpe_gpi_mult': 0.7806829048850918}. Best is trial 188 with value: 0.4573210245649406.
[I 2026-05-28 23:45:52,903] Trial 221 finished with value: 6.973084977080802 and parameters: {'ISTN': 66.34430781320295, 'I_gpe': 1.3673606596541763, 'I_gpi': 1.8754393082222538, 'noise_stn_sigma': 4.484466675921084, 'noise_gpe_sigma': 112.62465867111605, 'noise_gpi_sigma': 100.32018180854759, 'g_stn_gpe_mult': 2.3763869339604016, 'g_gpe_stn_mult': 0.2287360667353302, 'g_stn_gpi_mult': 1.6694204078821628, 'g_gpe_gpi_mult': 0.9192278324677254}. Best is trial 188 with value: 0.4573210245649406.
[I 2026-05-28 23:45:53,909] Trial 222 finished with value: 7.081043772332693 and parameters: {'ISTN': 67.19981546884318, 'I_gpe': 1.5799987270810818, 'I_gpi': 1.8198214164635347, 'noise_stn_sigma': 4.810585005608078, 'noise_gpe_sigma': 113.61476419115695, 'noise_gpi_sigma': 120.06558867158078, 'g_stn_gpe_mult': 2.800917287282168, 'g_gpe_stn_mult': 0.13540918832157944, 'g_stn_gpi_mult': 1.4547367654233534, 'g_gpe_gpi_mult': 0.7283963478007791}. Best is trial 188 with value: 0.4573210245649406.
[I 2026-05-28 23:45:54,916] Trial 223 finished with value: 12.977187202240852 and parameters: {'ISTN': 69.8777438075358, 'I_gpe': 1.1373640314405513, 'I_gpi': 2.014781827815087, 'noise_stn_sigma': 4.005087479092592, 'noise_gpe_sigma': 108.60118251748666, 'noise_gpi_sigma': 112.76437412159906, 'g_stn_gpe_mult': 2.779502870572361, 'g_gpe_stn_mult': 0.2837074638678734, 'g_stn_gpi_mult': 1.8719934303142476, 'g_gpe_gpi_mult': 0.8977542410849815}. Best is trial 188 with value: 0.4573210245649406.
[I 2026-05-28 23:45:55,923] Trial 224 finished with value: 1.1725411286642038 and parameters: {'ISTN': 67.64143125237331, 'I_gpe': 1.3278087647655052, 'I_gpi': 1.9696363665747052, 'noise_stn_sigma': 4.531651787544465, 'noise_gpe_sigma': 105.75892776071528, 'noise_gpi_sigma': 137.3281090571341, 'g_stn_gpe_mult': 2.640606293382178, 'g_gpe_stn_mult': 0.2305998928174036, 'g_stn_gpi_mult': 1.4069641986145938, 'g_gpe_gpi_mult': 0.8414727115373506}. Best is trial 188 with value: 0.4573210245649406.
[I 2026-05-28 23:45:56,929] Trial 225 finished with value: 2.074574365027403 and parameters: {'ISTN': 61.917790771660464, 'I_gpe': 1.506155612674261, 'I_gpi': 1.8990836604689771, 'noise_stn_sigma': 4.380269447944318, 'noise_gpe_sigma': 106.37858298785422, 'noise_gpi_sigma': 99.04917843343074, 'g_stn_gpe_mult': 2.9112275539257966, 'g_gpe_stn_mult': 0.22686054422978044, 'g_stn_gpi_mult': 1.5053387034898882, 'g_gpe_gpi_mult': 0.9751463586269791}. Best is trial 188 with value: 0.4573210245649406.
[I 2026-05-28 23:45:57,936] Trial 226 finished with value: 1.8752332068000226 and parameters: {'ISTN': 70.50486484975653, 'I_gpe': 1.287258051043517, 'I_gpi': 2.052412833343311, 'noise_stn_sigma': 4.831995249015614, 'noise_gpe_sigma': 123.22994863083308, 'noise_gpi_sigma': 119.57995785338345, 'g_stn_gpe_mult': 3.178146481951893, 'g_gpe_stn_mult': 0.16311751092569882, 'g_stn_gpi_mult': 1.6215663250575898, 'g_gpe_gpi_mult': 0.8196390633141031}. Best is trial 188 with value: 0.4573210245649406.
[I 2026-05-28 23:45:58,943] Trial 227 finished with value: 8.059179933660033 and parameters: {'ISTN': 69.32742484132397, 'I_gpe': 1.2608008857862931, 'I_gpi': 1.751762411860026, 'noise_stn_sigma': 4.798202701337072, 'noise_gpe_sigma': 107.15881845592557, 'noise_gpi_sigma': 102.68928314296116, 'g_stn_gpe_mult': 2.9474702420073897, 'g_gpe_stn_mult': 0.23146917255416113, 'g_stn_gpi_mult': 2.273166033725258, 'g_gpe_gpi_mult': 0.9470317895034219}. Best is trial 188 with value: 0.4573210245649406.
[I 2026-05-28 23:45:59,950] Trial 228 finished with value: 10.383662437869635 and parameters: {'ISTN': 67.32168285276785, 'I_gpe': 1.466029067710024, 'I_gpi': 2.2744085986818012, 'noise_stn_sigma': 4.275274552062417, 'noise_gpe_sigma': 107.68807909934321, 'noise_gpi_sigma': 96.6560747896088, 'g_stn_gpe_mult': 3.2837241754469346, 'g_gpe_stn_mult': 0.22916967119762485, 'g_stn_gpi_mult': 1.6047904810364806, 'g_gpe_gpi_mult': 0.8119862857327125}. Best is trial 188 with value: 0.4573210245649406.
[I 2026-05-28 23:46:00,955] Trial 229 finished with value: 4.822462622263821 and parameters: {'ISTN': 65.26543417895898, 'I_gpe': 1.4096098908735308, 'I_gpi': 2.661961145791432, 'noise_stn_sigma': 5.111879562385437, 'noise_gpe_sigma': 105.09852488824937, 'noise_gpi_sigma': 121.42368053627786, 'g_stn_gpe_mult': 3.2239630448217342, 'g_gpe_stn_mult': 0.22892193998362523, 'g_stn_gpi_mult': 1.9347362234036243, 'g_gpe_gpi_mult': 0.7479939135169122}. Best is trial 188 with value: 0.4573210245649406.
[I 2026-05-28 23:46:01,963] Trial 230 finished with value: 7.9638309774369755 and parameters: {'ISTN': 65.80293306998291, 'I_gpe': 1.4515204439366172, 'I_gpi': 1.8107780505015945, 'noise_stn_sigma': 3.606337749997043, 'noise_gpe_sigma': 122.64626563006712, 'noise_gpi_sigma': 110.87231078400772, 'g_stn_gpe_mult': 2.8022919027884563, 'g_gpe_stn_mult': 0.25309864997677967, 'g_stn_gpi_mult': 1.521809409263196, 'g_gpe_gpi_mult': 0.9683651291948663}. Best is trial 188 with value: 0.4573210245649406.
[I 2026-05-28 23:46:02,969] Trial 231 finished with value: 12.221984487237577 and parameters: {'ISTN': 71.56359797038215, 'I_gpe': 1.2394598989917465, 'I_gpi': 2.0183930108746866, 'noise_stn_sigma': 5.7876355245369515, 'noise_gpe_sigma': 105.36029836022352, 'noise_gpi_sigma': 106.3253841487073, 'g_stn_gpe_mult': 3.07337710015147, 'g_gpe_stn_mult': 0.267054019129652, 'g_stn_gpi_mult': 1.6593783580383583, 'g_gpe_gpi_mult': 0.8027980175786653}. Best is trial 188 with value: 0.4573210245649406.
[I 2026-05-28 23:46:03,977] Trial 232 finished with value: 10.314308122471246 and parameters: {'ISTN': 74.03769298496414, 'I_gpe': 0.9375997756923934, 'I_gpi': 1.6367382669764192, 'noise_stn_sigma': 4.957202252503508, 'noise_gpe_sigma': 92.7921123666084, 'noise_gpi_sigma': 132.12623139482815, 'g_stn_gpe_mult': 2.901406084291926, 'g_gpe_stn_mult': 0.14568580946528126, 'g_stn_gpi_mult': 1.327944269386029, 'g_gpe_gpi_mult': 0.8030121672995731}. Best is trial 188 with value: 0.4573210245649406.
[I 2026-05-28 23:46:04,986] Trial 233 finished with value: 2.7743348125925684 and parameters: {'ISTN': 73.63065069208469, 'I_gpe': 1.372160661488155, 'I_gpi': 1.7917714094115293, 'noise_stn_sigma': 4.034867553998032, 'noise_gpe_sigma': 108.86198084670139, 'noise_gpi_sigma': 107.56434157375297, 'g_stn_gpe_mult': 2.952626604324469, 'g_gpe_stn_mult': 0.21715638253556122, 'g_stn_gpi_mult': 1.4945865060413959, 'g_gpe_gpi_mult': 0.8854107875090931}. Best is trial 188 with value: 0.4573210245649406.
[I 2026-05-28 23:46:05,994] Trial 234 finished with value: 11.406531923470025 and parameters: {'ISTN': 66.26233396970292, 'I_gpe': 1.4813908008421446, 'I_gpi': 2.3629374742957103, 'noise_stn_sigma': 4.344062508266484, 'noise_gpe_sigma': 122.87882448043415, 'noise_gpi_sigma': 129.40412535558187, 'g_stn_gpe_mult': 2.986394935546727, 'g_gpe_stn_mult': 0.24348774044880295, 'g_stn_gpi_mult': 1.6768188385629246, 'g_gpe_gpi_mult': 0.8099236760668955}. Best is trial 188 with value: 0.4573210245649406.
[I 2026-05-28 23:46:07,000] Trial 235 finished with value: 9.251718979619238 and parameters: {'ISTN': 65.74782186837368, 'I_gpe': 1.458609476455778, 'I_gpi': 2.301275048320141, 'noise_stn_sigma': 5.372108429732524, 'noise_gpe_sigma': 104.93661977627373, 'noise_gpi_sigma': 113.52253269226763, 'g_stn_gpe_mult': 2.565615726329021, 'g_gpe_stn_mult': 0.18866578815354187, 'g_stn_gpi_mult': 1.8637999160899081, 'g_gpe_gpi_mult': 0.8745202068601086}. Best is trial 188 with value: 0.4573210245649406.
[I 2026-05-28 23:46:08,007] Trial 236 finished with value: 3.8168997208463606 and parameters: {'ISTN': 62.93104543354909, 'I_gpe': 1.3999288175455409, 'I_gpi': 2.1798768838726987, 'noise_stn_sigma': 4.836192800764891, 'noise_gpe_sigma': 118.40707225200437, 'noise_gpi_sigma': 125.74535617689875, 'g_stn_gpe_mult': 2.8237907262306114, 'g_gpe_stn_mult': 0.25324814411677643, 'g_stn_gpi_mult': 2.0145161665518665, 'g_gpe_gpi_mult': 0.9940746572165071}. Best is trial 188 with value: 0.4573210245649406.
[I 2026-05-28 23:46:09,015] Trial 237 finished with value: 6.240617245909244 and parameters: {'ISTN': 71.14765648658032, 'I_gpe': 1.0326326170629172, 'I_gpi': 2.0401644152062093, 'noise_stn_sigma': 4.130667327571945, 'noise_gpe_sigma': 109.86109843897187, 'noise_gpi_sigma': 130.3227685433909, 'g_stn_gpe_mult': 2.615478454490659, 'g_gpe_stn_mult': 0.2071723346230453, 'g_stn_gpi_mult': 1.4460213673627915, 'g_gpe_gpi_mult': 0.9524807025526929}. Best is trial 188 with value: 0.4573210245649406.
[I 2026-05-28 23:46:10,022] Trial 238 finished with value: 3.728414613580976 and parameters: {'ISTN': 62.707550532231664, 'I_gpe': 1.5198916551721358, 'I_gpi': 2.1487140881699247, 'noise_stn_sigma': 5.238930954982187, 'noise_gpe_sigma': 96.83152403524326, 'noise_gpi_sigma': 133.67225099405076, 'g_stn_gpe_mult': 2.7995652325857767, 'g_gpe_stn_mult': 0.12701210671062177, 'g_stn_gpi_mult': 1.7330550706905181, 'g_gpe_gpi_mult': 0.8554602045575368}. Best is trial 188 with value: 0.4573210245649406.
[I 2026-05-28 23:46:11,029] Trial 239 finished with value: 2.6548764548830834 and parameters: {'ISTN': 62.449035320681205, 'I_gpe': 1.1144567684322118, 'I_gpi': 2.351209071701322, 'noise_stn_sigma': 4.795038141237068, 'noise_gpe_sigma': 128.13346669561759, 'noise_gpi_sigma': 129.4320760645, 'g_stn_gpe_mult': 2.5745964623932043, 'g_gpe_stn_mult': 0.28599029477801685, 'g_stn_gpi_mult': 1.8666819923418578, 'g_gpe_gpi_mult': 0.9386262592211185}. Best is trial 188 with value: 0.4573210245649406.
[I 2026-05-28 23:46:12,039] Trial 240 finished with value: 0.31206677036848784 and parameters: {'ISTN': 63.85133697146534, 'I_gpe': 1.4589233998111448, 'I_gpi': 1.8088053866098033, 'noise_stn_sigma': 4.389344148356286, 'noise_gpe_sigma': 118.4473485275992, 'noise_gpi_sigma': 116.1896689805674, 'g_stn_gpe_mult': 3.135862385505317, 'g_gpe_stn_mult': 0.1104482821342067, 'g_stn_gpi_mult': 1.3553916014999552, 'g_gpe_gpi_mult': 0.7482302046983225}. Best is trial 240 with value: 0.31206677036848784.
[I 2026-05-28 23:46:13,047] Trial 241 finished with value: 5.417797037295142 and parameters: {'ISTN': 65.2918854631509, 'I_gpe': 1.4904421241313053, 'I_gpi': 2.1860863394001964, 'noise_stn_sigma': 4.027828704126325, 'noise_gpe_sigma': 111.78375677787078, 'noise_gpi_sigma': 130.10100169601145, 'g_stn_gpe_mult': 2.3550337267272337, 'g_gpe_stn_mult': 0.23963488147500395, 'g_stn_gpi_mult': 1.5480841259529852, 'g_gpe_gpi_mult': 0.6849410008775454}. Best is trial 240 with value: 0.31206677036848784.
[I 2026-05-28 23:46:14,054] Trial 242 finished with value: 8.810978851769047 and parameters: {'ISTN': 67.2293625988239, 'I_gpe': 1.5838711129918652, 'I_gpi': 2.0781834932695835, 'noise_stn_sigma': 4.483561246718747, 'noise_gpe_sigma': 112.94267692223384, 'noise_gpi_sigma': 113.73114254753888, 'g_stn_gpe_mult': 3.096266013753061, 'g_gpe_stn_mult': 0.21277680401944774, 'g_stn_gpi_mult': 1.4633422022238236, 'g_gpe_gpi_mult': 0.8423168117465822}. Best is trial 240 with value: 0.31206677036848784.
[I 2026-05-28 23:46:15,062] Trial 243 finished with value: 3.388561741685872 and parameters: {'ISTN': 64.89328967326307, 'I_gpe': 1.2677875290285054, 'I_gpi': 2.1729198159297067, 'noise_stn_sigma': 4.737453168529973, 'noise_gpe_sigma': 100.43788600140775, 'noise_gpi_sigma': 115.9898579422112, 'g_stn_gpe_mult': 3.007152698685098, 'g_gpe_stn_mult': 0.18152285082196, 'g_stn_gpi_mult': 1.496612866648071, 'g_gpe_gpi_mult': 0.8402445735226489}. Best is trial 240 with value: 0.31206677036848784.
[I 2026-05-28 23:46:16,069] Trial 244 finished with value: 4.359248146055743 and parameters: {'ISTN': 64.38205453441897, 'I_gpe': 1.29286758846967, 'I_gpi': 2.609362560538602, 'noise_stn_sigma': 5.079217684315154, 'noise_gpe_sigma': 104.51722262069758, 'noise_gpi_sigma': 125.99588223838883, 'g_stn_gpe_mult': 2.6506027774742833, 'g_gpe_stn_mult': 0.17203646144574597, 'g_stn_gpi_mult': 1.999710853807362, 'g_gpe_gpi_mult': 0.8243237683711}. Best is trial 240 with value: 0.31206677036848784.
[I 2026-05-28 23:46:17,075] Trial 245 finished with value: 7.572136959157596 and parameters: {'ISTN': 70.11179025656439, 'I_gpe': 1.1534537848561754, 'I_gpi': 1.7245340028521396, 'noise_stn_sigma': 5.096250772803212, 'noise_gpe_sigma': 128.01516138397403, 'noise_gpi_sigma': 123.62005917473094, 'g_stn_gpe_mult': 3.2511566799189, 'g_gpe_stn_mult': 0.21513081661238165, 'g_stn_gpi_mult': 1.4098296037093383, 'g_gpe_gpi_mult': 0.916043241400391}. Best is trial 240 with value: 0.31206677036848784.
[I 2026-05-28 23:46:18,082] Trial 246 finished with value: 8.128109077323193 and parameters: {'ISTN': 67.66304374711996, 'I_gpe': 1.577464263663952, 'I_gpi': 1.5645024396394172, 'noise_stn_sigma': 4.634982288039707, 'noise_gpe_sigma': 108.85845373439048, 'noise_gpi_sigma': 110.07008786826046, 'g_stn_gpe_mult': 2.557033213745009, 'g_gpe_stn_mult': 0.22567281395839972, 'g_stn_gpi_mult': 1.4924486324601034, 'g_gpe_gpi_mult': 0.8001662807615824}. Best is trial 240 with value: 0.31206677036848784.
[I 2026-05-28 23:46:19,088] Trial 247 finished with value: 9.806898454344198 and parameters: {'ISTN': 75.17632032110524, 'I_gpe': 1.3645550862404394, 'I_gpi': 1.363197396608451, 'noise_stn_sigma': 4.470032524894627, 'noise_gpe_sigma': 115.17091094306234, 'noise_gpi_sigma': 105.0375898080308, 'g_stn_gpe_mult': 2.3780615324712184, 'g_gpe_stn_mult': 0.16617534829018, 'g_stn_gpi_mult': 1.5477985270096166, 'g_gpe_gpi_mult': 0.8668441440222223}. Best is trial 240 with value: 0.31206677036848784.
[I 2026-05-28 23:46:20,095] Trial 248 finished with value: 4.897982885616334 and parameters: {'ISTN': 67.79659335314246, 'I_gpe': 0.9985205241875169, 'I_gpi': 2.2078584208931087, 'noise_stn_sigma': 4.768663407680139, 'noise_gpe_sigma': 130.1811437959189, 'noise_gpi_sigma': 131.56732246062083, 'g_stn_gpe_mult': 2.742982998555944, 'g_gpe_stn_mult': 0.20452855264942538, 'g_stn_gpi_mult': 1.7235699552543078, 'g_gpe_gpi_mult': 0.8368863264930213}. Best is trial 240 with value: 0.31206677036848784.
[I 2026-05-28 23:46:21,104] Trial 249 finished with value: 6.0316788829837344 and parameters: {'ISTN': 70.00108478775476, 'I_gpe': 1.221025350913744, 'I_gpi': 1.9788772693953098, 'noise_stn_sigma': 4.946061280669754, 'noise_gpe_sigma': 117.14021750735955, 'noise_gpi_sigma': 118.12867698491694, 'g_stn_gpe_mult': 2.687921317049754, 'g_gpe_stn_mult': 0.21839882083389056, 'g_stn_gpi_mult': 1.7171785898820013, 'g_gpe_gpi_mult': 0.7907593531041157}. Best is trial 240 with value: 0.31206677036848784.
[I 2026-05-28 23:46:22,110] Trial 250 finished with value: 12.134364279493951 and parameters: {'ISTN': 72.0761704456475, 'I_gpe': 1.4844661245212234, 'I_gpi': 1.7958809693719853, 'noise_stn_sigma': 5.342129034926149, 'noise_gpe_sigma': 122.12809438497644, 'noise_gpi_sigma': 125.35223959443022, 'g_stn_gpe_mult': 2.8394549454584146, 'g_gpe_stn_mult': 0.1988198292557232, 'g_stn_gpi_mult': 1.6007034008792091, 'g_gpe_gpi_mult': 0.8847048669711239}. Best is trial 240 with value: 0.31206677036848784.
[I 2026-05-28 23:46:23,118] Trial 251 finished with value: 10.23765291467351 and parameters: {'ISTN': 65.69616348188808, 'I_gpe': 1.1853225169714567, 'I_gpi': 2.1852457969825636, 'noise_stn_sigma': 5.5810480583610635, 'noise_gpe_sigma': 106.21544989394792, 'noise_gpi_sigma': 133.84848221285503, 'g_stn_gpe_mult': 2.705862199225028, 'g_gpe_stn_mult': 0.23047177968366714, 'g_stn_gpi_mult': 1.680370031883276, 'g_gpe_gpi_mult': 0.7789175293898138}. Best is trial 240 with value: 0.31206677036848784.
[I 2026-05-28 23:46:24,125] Trial 252 finished with value: 1.480671679202074 and parameters: {'ISTN': 69.0178838465724, 'I_gpe': 1.0191483817437166, 'I_gpi': 2.1242209857096865, 'noise_stn_sigma': 4.69430878128459, 'noise_gpe_sigma': 114.13880405290169, 'noise_gpi_sigma': 110.33310640939011, 'g_stn_gpe_mult': 2.465336890347184, 'g_gpe_stn_mult': 0.188514718459394, 'g_stn_gpi_mult': 1.6695484234431006, 'g_gpe_gpi_mult': 0.9256225796390345}. Best is trial 240 with value: 0.31206677036848784.
[I 2026-05-28 23:46:25,133] Trial 253 finished with value: 8.400684886473638 and parameters: {'ISTN': 65.76008519266195, 'I_gpe': 1.1746760212973175, 'I_gpi': 2.384596181010197, 'noise_stn_sigma': 4.691705133906071, 'noise_gpe_sigma': 101.13596537280704, 'noise_gpi_sigma': 115.02699426170429, 'g_stn_gpe_mult': 2.870502048046111, 'g_gpe_stn_mult': 0.18967733361622285, 'g_stn_gpi_mult': 1.834300795634675, 'g_gpe_gpi_mult': 0.9567911194397727}. Best is trial 240 with value: 0.31206677036848784.
[I 2026-05-28 23:46:26,139] Trial 254 finished with value: 2.401416385385068 and parameters: {'ISTN': 61.69930181212186, 'I_gpe': 1.5354227428929625, 'I_gpi': 2.550958104642399, 'noise_stn_sigma': 4.478199175487026, 'noise_gpe_sigma': 107.66767867031776, 'noise_gpi_sigma': 132.01186095722178, 'g_stn_gpe_mult': 2.755891334099049, 'g_gpe_stn_mult': 0.23795817588040855, 'g_stn_gpi_mult': 1.9560852786778464, 'g_gpe_gpi_mult': 0.8868477540849582}. Best is trial 240 with value: 0.31206677036848784.
[I 2026-05-28 23:46:27,145] Trial 255 finished with value: 0.694008360042979 and parameters: {'ISTN': 67.80053097207674, 'I_gpe': 1.3048409791295597, 'I_gpi': 2.427034187478276, 'noise_stn_sigma': 4.551806426679077, 'noise_gpe_sigma': 110.98606906475375, 'noise_gpi_sigma': 114.89010269197688, 'g_stn_gpe_mult': 2.9485010573344934, 'g_gpe_stn_mult': 0.2181788412420961, 'g_stn_gpi_mult': 2.0453734820568865, 'g_gpe_gpi_mult': 0.8961664509561347}. Best is trial 240 with value: 0.31206677036848784.
[I 2026-05-28 23:46:28,150] Trial 256 finished with value: 7.355697445257364 and parameters: {'ISTN': 63.237684169888766, 'I_gpe': 1.3756218295601932, 'I_gpi': 2.1994780655048447, 'noise_stn_sigma': 4.031653518849378, 'noise_gpe_sigma': 117.09782872186432, 'noise_gpi_sigma': 135.26180445746854, 'g_stn_gpe_mult': 2.8611923284358673, 'g_gpe_stn_mult': 0.23663164814215243, 'g_stn_gpi_mult': 1.7512793109113922, 'g_gpe_gpi_mult': 0.9301040194417707}. Best is trial 240 with value: 0.31206677036848784.
[I 2026-05-28 23:46:29,158] Trial 257 finished with value: 3.29569278680051 and parameters: {'ISTN': 63.02988693634845, 'I_gpe': 1.2978806965808996, 'I_gpi': 2.2355006275555973, 'noise_stn_sigma': 4.251171930961062, 'noise_gpe_sigma': 112.2068356158051, 'noise_gpi_sigma': 125.32480883775432, 'g_stn_gpe_mult': 2.9015172526502635, 'g_gpe_stn_mult': 0.20493614639957503, 'g_stn_gpi_mult': 1.6510909421009328, 'g_gpe_gpi_mult': 0.9566693752991862}. Best is trial 240 with value: 0.31206677036848784.
[I 2026-05-28 23:46:30,166] Trial 258 finished with value: 7.4922642538939055 and parameters: {'ISTN': 62.061863389805474, 'I_gpe': 1.1731199016355085, 'I_gpi': 2.0459877318999258, 'noise_stn_sigma': 4.545545766593335, 'noise_gpe_sigma': 112.69607936193424, 'noise_gpi_sigma': 111.14956503595556, 'g_stn_gpe_mult': 2.86545426413044, 'g_gpe_stn_mult': 0.14992219914806973, 'g_stn_gpi_mult': 1.4728948799912644, 'g_gpe_gpi_mult': 0.8343540655247859}. Best is trial 240 with value: 0.31206677036848784.
[I 2026-05-28 23:46:31,175] Trial 259 finished with value: 8.34320297436086 and parameters: {'ISTN': 65.02796763088728, 'I_gpe': 1.2918928868933337, 'I_gpi': 2.262415515441913, 'noise_stn_sigma': 4.868098434238428, 'noise_gpe_sigma': 101.95243951593355, 'noise_gpi_sigma': 113.9684451880626, 'g_stn_gpe_mult': 3.039079107814939, 'g_gpe_stn_mult': 0.21701572535184088, 'g_stn_gpi_mult': 1.549784486021756, 'g_gpe_gpi_mult': 0.8850068117028447}. Best is trial 240 with value: 0.31206677036848784.
[I 2026-05-28 23:46:32,183] Trial 260 finished with value: 9.12229880145425 and parameters: {'ISTN': 66.69278801764064, 'I_gpe': 1.2228715074669736, 'I_gpi': 2.205506176605716, 'noise_stn_sigma': 5.731021537774653, 'noise_gpe_sigma': 102.98320233040417, 'noise_gpi_sigma': 121.95307416965537, 'g_stn_gpe_mult': 3.112829458124989, 'g_gpe_stn_mult': 0.18574832213854614, 'g_stn_gpi_mult': 1.4574754524033233, 'g_gpe_gpi_mult': 0.6516046654192635}. Best is trial 240 with value: 0.31206677036848784.
[I 2026-05-28 23:46:33,192] Trial 261 finished with value: 5.003424959060602 and parameters: {'ISTN': 63.22916700202123, 'I_gpe': 1.4389332220473672, 'I_gpi': 2.3167753044732304, 'noise_stn_sigma': 4.136064582491832, 'noise_gpe_sigma': 110.85103437948112, 'noise_gpi_sigma': 106.51524961944112, 'g_stn_gpe_mult': 2.6553089543182797, 'g_gpe_stn_mult': 0.2299033801212028, 'g_stn_gpi_mult': 1.9288945203704297, 'g_gpe_gpi_mult': 0.9288758540761408}. Best is trial 240 with value: 0.31206677036848784.
[I 2026-05-28 23:46:34,199] Trial 262 finished with value: 10.441048701964014 and parameters: {'ISTN': 61.94594032862272, 'I_gpe': 1.3048475581864816, 'I_gpi': 2.198270587890769, 'noise_stn_sigma': 4.420520879143648, 'noise_gpe_sigma': 110.50173946376972, 'noise_gpi_sigma': 111.3071414554606, 'g_stn_gpe_mult': 2.838935793640471, 'g_gpe_stn_mult': 0.15626914752037607, 'g_stn_gpi_mult': 1.6130429446210606, 'g_gpe_gpi_mult': 0.8560362420372281}. Best is trial 240 with value: 0.31206677036848784.
[I 2026-05-28 23:46:35,207] Trial 263 finished with value: 6.096334289137263 and parameters: {'ISTN': 63.53688280392847, 'I_gpe': 1.5052703104516776, 'I_gpi': 2.5747117982594143, 'noise_stn_sigma': 4.088377759781821, 'noise_gpe_sigma': 105.00944560387896, 'noise_gpi_sigma': 111.00093279918364, 'g_stn_gpe_mult': 2.716466346110195, 'g_gpe_stn_mult': 0.25185000555130727, 'g_stn_gpi_mult': 1.952433357598205, 'g_gpe_gpi_mult': 0.8667138355465289}. Best is trial 240 with value: 0.31206677036848784.
