[I 2026-05-28 23:37:01,218] Trial 704 finished with value: 4.85058244021847 and parameters: {'ISTN': 62.51961592650775, 'I_gpe': 1.2879200376152002, 'I_gpi': 2.2140390284014617, 'noise_stn_sigma': 7.580258792270895, 'noise_gpe_sigma': 124.8593274495769, 'noise_gpi_sigma': 95.61326734851924, 'g_stn_gpe_mult': 3.026138057270845, 'g_gpe_stn_mult': 0.5254577178934735, 'g_stn_gpi_mult': 3.3052209563054697, 'g_gpe_gpi_mult': 0.5385121644773951}. Best is trial 676 with value: 0.4041350599223196.
[I 2026-05-28 23:37:02,230] Trial 705 finished with value: 5.0460165591533634 and parameters: {'ISTN': 63.09356854344236, 'I_gpe': 1.2748019340683272, 'I_gpi': 2.217623363696941, 'noise_stn_sigma': 6.972037798405379, 'noise_gpe_sigma': 125.70538426255834, 'noise_gpi_sigma': 98.18362678051065, 'g_stn_gpe_mult': 3.087923995536121, 'g_gpe_stn_mult': 0.5022968650676768, 'g_stn_gpi_mult': 3.3854535625696425, 'g_gpe_gpi_mult': 0.4942801761067484}. Best is trial 676 with value: 0.4041350599223196.
[I 2026-05-28 23:37:03,240] Trial 706 finished with value: 7.649486974512673 and parameters: {'ISTN': 62.148358914470855, 'I_gpe': 1.3658266264649026, 'I_gpi': 2.2576071425023683, 'noise_stn_sigma': 7.034002124446353, 'noise_gpe_sigma': 126.28109806147135, 'noise_gpi_sigma': 100.89688478042162, 'g_stn_gpe_mult': 3.026171073189432, 'g_gpe_stn_mult': 0.5075326584618495, 'g_stn_gpi_mult': 3.187106553735849, 'g_gpe_gpi_mult': 0.49883068684222565}. Best is trial 676 with value: 0.4041350599223196.
[I 2026-05-28 23:37:04,248] Trial 707 finished with value: 0.4548686488103614 and parameters: {'ISTN': 60.361922544439025, 'I_gpe': 1.3911664621966233, 'I_gpi': 2.2086427340059944, 'noise_stn_sigma': 6.8559902868200675, 'noise_gpe_sigma': 126.47114208638027, 'noise_gpi_sigma': 98.27879026159448, 'g_stn_gpe_mult': 3.0014239107775937, 'g_gpe_stn_mult': 0.4982766655856977, 'g_stn_gpi_mult': 3.1125773566836283, 'g_gpe_gpi_mult': 0.4940043860710408}. Best is trial 676 with value: 0.4041350599223196.
[I 2026-05-28 23:37:05,255] Trial 708 finished with value: 5.43716428172606 and parameters: {'ISTN': 62.06565302749436, 'I_gpe': 1.3229416005358887, 'I_gpi': 2.195450804304496, 'noise_stn_sigma': 6.783235565165846, 'noise_gpe_sigma': 127.45275674813755, 'noise_gpi_sigma': 94.80477469942532, 'g_stn_gpe_mult': 3.1458846623853964, 'g_gpe_stn_mult': 0.49136804125071765, 'g_stn_gpi_mult': 3.160454061633148, 'g_gpe_gpi_mult': 0.46985421674555194}. Best is trial 676 with value: 0.4041350599223196.
[I 2026-05-28 23:37:06,263] Trial 709 finished with value: 1.2509755846190993 and parameters: {'ISTN': 60.3978114141703, 'I_gpe': 1.3397299619832679, 'I_gpi': 2.1430277224619463, 'noise_stn_sigma': 6.780676457937483, 'noise_gpe_sigma': 127.08743863976767, 'noise_gpi_sigma': 102.73221688210424, 'g_stn_gpe_mult': 3.1608496653870226, 'g_gpe_stn_mult': 0.46631847918912506, 'g_stn_gpi_mult': 3.137048362590196, 'g_gpe_gpi_mult': 0.4767744251858811}. Best is trial 676 with value: 0.4041350599223196.
[I 2026-05-28 23:37:07,272] Trial 710 finished with value: 1.6239819768200667 and parameters: {'ISTN': 61.19663449022175, 'I_gpe': 1.3590674205843576, 'I_gpi': 2.2479340527496285, 'noise_stn_sigma': 6.796763695466523, 'noise_gpe_sigma': 125.81664782007294, 'noise_gpi_sigma': 93.72027764817683, 'g_stn_gpe_mult': 3.0649576680868655, 'g_gpe_stn_mult': 0.5371672974048425, 'g_stn_gpi_mult': 3.1816133733058107, 'g_gpe_gpi_mult': 0.48246894994894235}. Best is trial 676 with value: 0.4041350599223196.
[I 2026-05-28 23:37:08,280] Trial 711 finished with value: 2.544102272763741 and parameters: {'ISTN': 60.10860787490663, 'I_gpe': 1.396956041368544, 'I_gpi': 2.277355661901053, 'noise_stn_sigma': 6.858649529213132, 'noise_gpe_sigma': 129.62113959195244, 'noise_gpi_sigma': 98.72387890126737, 'g_stn_gpe_mult': 3.1114538539246555, 'g_gpe_stn_mult': 0.5115442215072683, 'g_stn_gpi_mult': 3.25655826652304, 'g_gpe_gpi_mult': 0.4951511745567292}. Best is trial 676 with value: 0.4041350599223196.
[I 2026-05-28 23:37:09,229] Trial 712 finished with value: 1000000.0 and parameters: {'ISTN': 60.92707935418339, 'I_gpe': 1.3900275019578427, 'I_gpi': 2.287537651770938, 'noise_stn_sigma': 6.673418744537636, 'noise_gpe_sigma': 123.82617784493658, 'noise_gpi_sigma': 99.22456798719318, 'g_stn_gpe_mult': 3.0694656207033644, 'g_gpe_stn_mult': 0.5112240271944837, 'g_stn_gpi_mult': 3.23302726925027, 'g_gpe_gpi_mult': 0.49462835068852173}. Best is trial 676 with value: 0.4041350599223196.
[I 2026-05-28 23:37:10,237] Trial 713 finished with value: 0.3772786202081809 and parameters: {'ISTN': 60.16751201840936, 'I_gpe': 1.3729689554387146, 'I_gpi': 2.1974065135158902, 'noise_stn_sigma': 6.969632295130876, 'noise_gpe_sigma': 127.0816719269501, 'noise_gpi_sigma': 99.7676967894362, 'g_stn_gpe_mult': 2.9768347661365997, 'g_gpe_stn_mult': 0.5077452289579713, 'g_stn_gpi_mult': 3.150179089809107, 'g_gpe_gpi_mult': 0.5074259424310374}. Best is trial 713 with value: 0.3772786202081809.
[I 2026-05-28 23:37:11,186] Trial 714 finished with value: 1000000.0 and parameters: {'ISTN': 62.23114825006905, 'I_gpe': 1.3502006887332048, 'I_gpi': 2.1592585239891138, 'noise_stn_sigma': 6.8999831939368015, 'noise_gpe_sigma': 124.13459702152456, 'noise_gpi_sigma': 102.17630035946195, 'g_stn_gpe_mult': 2.9362556697836917, 'g_gpe_stn_mult': 0.513874178959034, 'g_stn_gpi_mult': 3.1359624603541993, 'g_gpe_gpi_mult': 0.46157719369869427}. Best is trial 713 with value: 0.3772786202081809.
[I 2026-05-28 23:37:12,196] Trial 715 finished with value: 8.742574946659616 and parameters: {'ISTN': 61.729617075449546, 'I_gpe': 1.3757511924923975, 'I_gpi': 2.1912277957603505, 'noise_stn_sigma': 7.136009279351726, 'noise_gpe_sigma': 121.28923967344193, 'noise_gpi_sigma': 98.1302168325815, 'g_stn_gpe_mult': 3.040345889849291, 'g_gpe_stn_mult': 0.5091003491554214, 'g_stn_gpi_mult': 3.1594953624311635, 'g_gpe_gpi_mult': 0.49199634315900265}. Best is trial 713 with value: 0.3772786202081809.
[I 2026-05-28 23:37:13,206] Trial 716 finished with value: 3.17527219437922 and parameters: {'ISTN': 61.05288111089983, 'I_gpe': 1.3521679853028412, 'I_gpi': 2.2076993774131117, 'noise_stn_sigma': 6.838628397607531, 'noise_gpe_sigma': 125.36134379346514, 'noise_gpi_sigma': 96.08090502767736, 'g_stn_gpe_mult': 3.122510899822551, 'g_gpe_stn_mult': 0.4988102009424987, 'g_stn_gpi_mult': 3.1398949421675235, 'g_gpe_gpi_mult': 0.5215967109657835}. Best is trial 713 with value: 0.3772786202081809.
[I 2026-05-28 23:37:14,214] Trial 717 finished with value: 5.833364758374852 and parameters: {'ISTN': 61.46007670213278, 'I_gpe': 1.3873793641729915, 'I_gpi': 2.228599639523493, 'noise_stn_sigma': 6.896778803233265, 'noise_gpe_sigma': 128.64918777148523, 'noise_gpi_sigma': 98.58385939273983, 'g_stn_gpe_mult': 3.047505666997176, 'g_gpe_stn_mult': 0.46622997329846505, 'g_stn_gpi_mult': 3.0958332471171826, 'g_gpe_gpi_mult': 0.5061459645431821}. Best is trial 713 with value: 0.3772786202081809.
[I 2026-05-28 23:37:15,223] Trial 718 finished with value: 2.0665636656281623 and parameters: {'ISTN': 60.86657889397264, 'I_gpe': 1.4567718245509373, 'I_gpi': 2.3606828449166994, 'noise_stn_sigma': 6.916372908678056, 'noise_gpe_sigma': 126.95503036661071, 'noise_gpi_sigma': 101.69283598324355, 'g_stn_gpe_mult': 2.982320898006644, 'g_gpe_stn_mult': 0.49840898341299067, 'g_stn_gpi_mult': 3.0663522701164623, 'g_gpe_gpi_mult': 0.4765335059838204}. Best is trial 713 with value: 0.3772786202081809.
[I 2026-05-28 23:37:16,231] Trial 719 finished with value: 1.8212213924717613 and parameters: {'ISTN': 60.296156741957645, 'I_gpe': 1.4036762173926385, 'I_gpi': 2.346308200645587, 'noise_stn_sigma': 6.75627668624145, 'noise_gpe_sigma': 130.41719465996368, 'noise_gpi_sigma': 95.88132049098728, 'g_stn_gpe_mult': 3.000893686051168, 'g_gpe_stn_mult': 0.5181630611237336, 'g_stn_gpi_mult': 3.191564229914812, 'g_gpe_gpi_mult': 0.5176499747085959}. Best is trial 713 with value: 0.3772786202081809.
[I 2026-05-28 23:37:17,238] Trial 720 finished with value: 7.087456871085867 and parameters: {'ISTN': 61.58595128734884, 'I_gpe': 1.3632575717036408, 'I_gpi': 2.1399340476698203, 'noise_stn_sigma': 7.007878502503766, 'noise_gpe_sigma': 126.8931756280703, 'noise_gpi_sigma': 99.7529269570698, 'g_stn_gpe_mult': 3.061145391826434, 'g_gpe_stn_mult': 0.5121970389942478, 'g_stn_gpi_mult': 3.2049860842507187, 'g_gpe_gpi_mult': 0.4726452049793125}. Best is trial 713 with value: 0.3772786202081809.
[I 2026-05-28 23:37:18,248] Trial 721 finished with value: 6.22283726887495 and parameters: {'ISTN': 61.38257633981232, 'I_gpe': 1.4582082599127166, 'I_gpi': 2.4612027688640463, 'noise_stn_sigma': 7.085462629755561, 'noise_gpe_sigma': 130.57790760822203, 'noise_gpi_sigma': 94.37355575773717, 'g_stn_gpe_mult': 2.9133358305500665, 'g_gpe_stn_mult': 0.5392614198240685, 'g_stn_gpi_mult': 3.079231632094932, 'g_gpe_gpi_mult': 0.5140683778200087}. Best is trial 713 with value: 0.3772786202081809.
[I 2026-05-28 23:37:19,257] Trial 722 finished with value: 1.2555912473136437 and parameters: {'ISTN': 60.451522549530175, 'I_gpe': 1.3957237621241898, 'I_gpi': 2.118537884350581, 'noise_stn_sigma': 6.996356106652075, 'noise_gpe_sigma': 126.75226299787398, 'noise_gpi_sigma': 101.50815995520568, 'g_stn_gpe_mult': 2.9778694742397076, 'g_gpe_stn_mult': 0.47688051354268757, 'g_stn_gpi_mult': 3.156174381656658, 'g_gpe_gpi_mult': 0.5214180203036316}. Best is trial 713 with value: 0.3772786202081809.
[I 2026-05-28 23:37:20,264] Trial 723 finished with value: 2.9319986431641976 and parameters: {'ISTN': 60.962038476014484, 'I_gpe': 1.4186258975684225, 'I_gpi': 2.2910091601597076, 'noise_stn_sigma': 6.737709121075581, 'noise_gpe_sigma': 126.19299364921312, 'noise_gpi_sigma': 100.42518535063623, 'g_stn_gpe_mult': 2.9968262596112045, 'g_gpe_stn_mult': 0.4983996588610089, 'g_stn_gpi_mult': 3.0672137725603066, 'g_gpe_gpi_mult': 0.4991700164628993}. Best is trial 713 with value: 0.3772786202081809.
[I 2026-05-28 23:37:21,273] Trial 724 finished with value: 2.681727229157297 and parameters: {'ISTN': 60.87440929523174, 'I_gpe': 1.4117361769087307, 'I_gpi': 2.1643481123100043, 'noise_stn_sigma': 6.649840004016624, 'noise_gpe_sigma': 132.40315656969253, 'noise_gpi_sigma': 100.10410761579571, 'g_stn_gpe_mult': 2.893801718267774, 'g_gpe_stn_mult': 0.4743327158785977, 'g_stn_gpi_mult': 3.1459722283113982, 'g_gpe_gpi_mult': 0.49371740859800956}. Best is trial 713 with value: 0.3772786202081809.
[I 2026-05-28 23:37:22,280] Trial 725 finished with value: 3.477457118518187 and parameters: {'ISTN': 61.39725177229814, 'I_gpe': 1.4055377468513468, 'I_gpi': 2.3198675064304783, 'noise_stn_sigma': 6.707770909161581, 'noise_gpe_sigma': 128.18598309536827, 'noise_gpi_sigma': 97.21309129443969, 'g_stn_gpe_mult': 2.954896008191522, 'g_gpe_stn_mult': 0.5231576814568415, 'g_stn_gpi_mult': 3.267086356673274, 'g_gpe_gpi_mult': 0.48131137338710045}. Best is trial 713 with value: 0.3772786202081809.
[I 2026-05-28 23:37:23,289] Trial 726 finished with value: 1.92729303829858 and parameters: {'ISTN': 60.876282759184164, 'I_gpe': 1.3796504353044892, 'I_gpi': 2.353640733663514, 'noise_stn_sigma': 6.677474673717683, 'noise_gpe_sigma': 125.427719143377, 'noise_gpi_sigma': 99.12646474399502, 'g_stn_gpe_mult': 2.8680928162874766, 'g_gpe_stn_mult': 0.5576631064849148, 'g_stn_gpi_mult': 3.156652244442501, 'g_gpe_gpi_mult': 0.4961425284879745}. Best is trial 713 with value: 0.3772786202081809.
[I 2026-05-28 23:37:24,299] Trial 727 finished with value: 2.4894152118647597 and parameters: {'ISTN': 61.23254735417958, 'I_gpe': 1.4024042023786754, 'I_gpi': 2.20764178450475, 'noise_stn_sigma': 6.7300166987134915, 'noise_gpe_sigma': 124.79737722939845, 'noise_gpi_sigma': 99.87886976015636, 'g_stn_gpe_mult': 3.019280009725109, 'g_gpe_stn_mult': 0.5325848442161941, 'g_stn_gpi_mult': 3.0724632118751805, 'g_gpe_gpi_mult': 0.4717924080400607}. Best is trial 713 with value: 0.3772786202081809.
[I 2026-05-28 23:37:25,307] Trial 728 finished with value: 7.041363022908877 and parameters: {'ISTN': 61.76810335912883, 'I_gpe': 1.4194020147752637, 'I_gpi': 2.3138625723304687, 'noise_stn_sigma': 6.928847834203552, 'noise_gpe_sigma': 129.08468808451357, 'noise_gpi_sigma': 97.5605960007743, 'g_stn_gpe_mult': 2.9975314777354325, 'g_gpe_stn_mult': 0.5146597220386174, 'g_stn_gpi_mult': 3.244307351293773, 'g_gpe_gpi_mult': 0.5273036047718023}. Best is trial 713 with value: 0.3772786202081809.
[I 2026-05-28 23:37:26,256] Trial 729 finished with value: 1000000.0 and parameters: {'ISTN': 60.40967372856879, 'I_gpe': 1.391513666653089, 'I_gpi': 2.4274740652357316, 'noise_stn_sigma': 6.868485086253415, 'noise_gpe_sigma': 132.35116883383847, 'noise_gpi_sigma': 94.13800281798707, 'g_stn_gpe_mult': 3.0182318484782815, 'g_gpe_stn_mult': 0.527133185007255, 'g_stn_gpi_mult': 3.1506570913704346, 'g_gpe_gpi_mult': 0.5338211587919865}. Best is trial 713 with value: 0.3772786202081809.
[I 2026-05-28 23:37:27,262] Trial 730 finished with value: 5.52170656270611 and parameters: {'ISTN': 61.166804066779974, 'I_gpe': 1.4038844844921523, 'I_gpi': 2.363827926702082, 'noise_stn_sigma': 6.716516597455542, 'noise_gpe_sigma': 128.4641355955584, 'noise_gpi_sigma': 96.09262166179184, 'g_stn_gpe_mult': 3.1289005403515886, 'g_gpe_stn_mult': 0.5391035471261592, 'g_stn_gpi_mult': 3.1938719871676553, 'g_gpe_gpi_mult': 0.4991695710515241}. Best is trial 713 with value: 0.3772786202081809.
[I 2026-05-28 23:37:28,272] Trial 731 finished with value: 2.0496134673406017 and parameters: {'ISTN': 60.885765501949216, 'I_gpe': 1.362213294714829, 'I_gpi': 2.2510798190267565, 'noise_stn_sigma': 6.783903983096723, 'noise_gpe_sigma': 127.34551031984992, 'noise_gpi_sigma': 95.23603831290994, 'g_stn_gpe_mult': 2.9075703410326685, 'g_gpe_stn_mult': 0.5289038483460489, 'g_stn_gpi_mult': 3.052526721132733, 'g_gpe_gpi_mult': 0.5128109038018951}. Best is trial 713 with value: 0.3772786202081809.
[I 2026-05-28 23:37:29,280] Trial 732 finished with value: 1.2928621847291164 and parameters: {'ISTN': 60.660552144622756, 'I_gpe': 1.3703902965484833, 'I_gpi': 2.228335247565384, 'noise_stn_sigma': 6.934129170793959, 'noise_gpe_sigma': 125.10833199238115, 'noise_gpi_sigma': 98.87818180660823, 'g_stn_gpe_mult': 2.9818348161668893, 'g_gpe_stn_mult': 0.5208612476669919, 'g_stn_gpi_mult': 3.174893085216829, 'g_gpe_gpi_mult': 0.5068701840256673}. Best is trial 713 with value: 0.3772786202081809.
[I 2026-05-28 23:37:30,287] Trial 733 finished with value: 1.230941805735062 and parameters: {'ISTN': 60.769739694556215, 'I_gpe': 1.4184290097382837, 'I_gpi': 2.1891167667189864, 'noise_stn_sigma': 6.821666658740675, 'noise_gpe_sigma': 128.30184618814087, 'noise_gpi_sigma': 101.81219545700793, 'g_stn_gpe_mult': 3.0080372778350455, 'g_gpe_stn_mult': 0.5106514599196337, 'g_stn_gpi_mult': 3.1706236828992393, 'g_gpe_gpi_mult': 0.4993404636024041}. Best is trial 713 with value: 0.3772786202081809.
[I 2026-05-28 23:37:31,236] Trial 734 finished with value: 1000000.0 and parameters: {'ISTN': 62.36590365776764, 'I_gpe': 1.3540758020614834, 'I_gpi': 2.2529856839756075, 'noise_stn_sigma': 6.9131326275794285, 'noise_gpe_sigma': 128.311640316332, 'noise_gpi_sigma': 101.91685209660098, 'g_stn_gpe_mult': 3.0027995243564103, 'g_gpe_stn_mult': 0.5143640832119754, 'g_stn_gpi_mult': 3.1633426130674223, 'g_gpe_gpi_mult': 0.47853824224209174}. Best is trial 713 with value: 0.3772786202081809.
[I 2026-05-28 23:37:32,243] Trial 735 finished with value: 3.1256030922809095 and parameters: {'ISTN': 60.77359148668866, 'I_gpe': 1.4228916732670314, 'I_gpi': 2.2568257572268164, 'noise_stn_sigma': 6.73173182126271, 'noise_gpe_sigma': 125.66892315175177, 'noise_gpi_sigma': 100.99485274888488, 'g_stn_gpe_mult': 2.8830757745729683, 'g_gpe_stn_mult': 0.5125672141198787, 'g_stn_gpi_mult': 3.1051312702615794, 'g_gpe_gpi_mult': 0.49954998412820684}. Best is trial 713 with value: 0.3772786202081809.
[I 2026-05-28 23:37:33,252] Trial 736 finished with value: 5.326003876148749 and parameters: {'ISTN': 60.96611140936525, 'I_gpe': 1.3586732599647202, 'I_gpi': 2.077746104694927, 'noise_stn_sigma': 7.059571703493024, 'noise_gpe_sigma': 126.43763247231675, 'noise_gpi_sigma': 105.03208868701023, 'g_stn_gpe_mult': 2.981197006421184, 'g_gpe_stn_mult': 0.4547646308458039, 'g_stn_gpi_mult': 3.1525302947513305, 'g_gpe_gpi_mult': 0.5196653258118593}. Best is trial 713 with value: 0.3772786202081809.
[I 2026-05-28 23:37:34,261] Trial 737 finished with value: 3.552579643398426 and parameters: {'ISTN': 60.87587831660963, 'I_gpe': 1.3917154013287438, 'I_gpi': 2.1619987267813796, 'noise_stn_sigma': 6.81162229202118, 'noise_gpe_sigma': 127.88466812075225, 'noise_gpi_sigma': 100.18379466004205, 'g_stn_gpe_mult': 3.023002722263426, 'g_gpe_stn_mult': 0.48283274104421203, 'g_stn_gpi_mult': 3.134936815627963, 'g_gpe_gpi_mult': 0.4895806726016339}. Best is trial 713 with value: 0.3772786202081809.
[I 2026-05-28 23:37:35,267] Trial 738 finished with value: 4.335974168204675 and parameters: {'ISTN': 61.479349295047065, 'I_gpe': 1.4718907873335205, 'I_gpi': 2.2560710247745552, 'noise_stn_sigma': 6.734955997022867, 'noise_gpe_sigma': 128.12853397499129, 'noise_gpi_sigma': 103.04366991435752, 'g_stn_gpe_mult': 2.906020546209068, 'g_gpe_stn_mult': 0.5223368329377752, 'g_stn_gpi_mult': 3.116374983837378, 'g_gpe_gpi_mult': 0.48360888330501867}. Best is trial 713 with value: 0.3772786202081809.
[I 2026-05-28 23:37:36,274] Trial 739 finished with value: 2.2761934098170578 and parameters: {'ISTN': 60.01554451082815, 'I_gpe': 1.447485509612089, 'I_gpi': 2.210647850036664, 'noise_stn_sigma': 6.89720847859641, 'noise_gpe_sigma': 124.57239753588104, 'noise_gpi_sigma': 100.25742672450544, 'g_stn_gpe_mult': 2.9724547540384565, 'g_gpe_stn_mult': 0.5015860281049871, 'g_stn_gpi_mult': 3.0846923860305195, 'g_gpe_gpi_mult': 0.49730247540996514}. Best is trial 713 with value: 0.3772786202081809.
[I 2026-05-28 23:37:37,284] Trial 740 finished with value: 2.7693687754595055 and parameters: {'ISTN': 62.026001996708764, 'I_gpe': 1.4329561403044004, 'I_gpi': 2.391628037878537, 'noise_stn_sigma': 6.747376310942845, 'noise_gpe_sigma': 127.86414265005747, 'noise_gpi_sigma': 98.05700315313545, 'g_stn_gpe_mult': 2.839404931002729, 'g_gpe_stn_mult': 0.54133226463114, 'g_stn_gpi_mult': 3.131225222912754, 'g_gpe_gpi_mult': 0.4990629849323342}. Best is trial 713 with value: 0.3772786202081809.
[I 2026-05-28 23:37:38,291] Trial 741 finished with value: 3.5978668777420464 and parameters: {'ISTN': 61.24903357176166, 'I_gpe': 1.4014672076151546, 'I_gpi': 2.2105319609953087, 'noise_stn_sigma': 6.883527468815215, 'noise_gpe_sigma': 125.52468192290178, 'noise_gpi_sigma': 101.29765083040128, 'g_stn_gpe_mult': 2.9364934892338304, 'g_gpe_stn_mult': 0.5298400827005616, 'g_stn_gpi_mult': 3.1818481510096213, 'g_gpe_gpi_mult': 0.48287468875557304}. Best is trial 713 with value: 0.3772786202081809.
[I 2026-05-28 23:37:39,301] Trial 742 finished with value: 2.512342731127108 and parameters: {'ISTN': 60.720323638124896, 'I_gpe': 1.4412702417110528, 'I_gpi': 2.21193137466092, 'noise_stn_sigma': 6.901288745191119, 'noise_gpe_sigma': 123.37517335676434, 'noise_gpi_sigma': 101.63176531536135, 'g_stn_gpe_mult': 2.89941873447715, 'g_gpe_stn_mult': 0.5259871592138343, 'g_stn_gpi_mult': 3.1120573778662433, 'g_gpe_gpi_mult': 0.5253448398203755}. Best is trial 713 with value: 0.3772786202081809.
[I 2026-05-28 23:37:40,307] Trial 743 finished with value: 2.5789580489594583 and parameters: {'ISTN': 61.60537753269366, 'I_gpe': 1.3238615053910991, 'I_gpi': 2.3049524918279087, 'noise_stn_sigma': 7.054101637651067, 'noise_gpe_sigma': 128.73648650416732, 'noise_gpi_sigma': 97.19123445820573, 'g_stn_gpe_mult': 3.047169554372431, 'g_gpe_stn_mult': 0.523526657730425, 'g_stn_gpi_mult': 3.241597915304154, 'g_gpe_gpi_mult': 0.5117318440222731}. Best is trial 713 with value: 0.3772786202081809.
[I 2026-05-28 23:37:41,315] Trial 744 finished with value: 4.532157329364856 and parameters: {'ISTN': 60.95143423983693, 'I_gpe': 1.4660824116919429, 'I_gpi': 2.2860064265652236, 'noise_stn_sigma': 6.860624013534474, 'noise_gpe_sigma': 128.00368832945995, 'noise_gpi_sigma': 97.29338805426183, 'g_stn_gpe_mult': 2.964221599381644, 'g_gpe_stn_mult': 0.4961737320554269, 'g_stn_gpi_mult': 3.065254658724491, 'g_gpe_gpi_mult': 0.5149635476025631}. Best is trial 713 with value: 0.3772786202081809.
[I 2026-05-28 23:37:42,324] Trial 745 finished with value: 1.850467530211581 and parameters: {'ISTN': 60.77129875346775, 'I_gpe': 1.3903852675231283, 'I_gpi': 2.22583374299636, 'noise_stn_sigma': 6.905140043019718, 'noise_gpe_sigma': 125.06928229022527, 'noise_gpi_sigma': 97.2789238928487, 'g_stn_gpe_mult': 2.986725043973535, 'g_gpe_stn_mult': 0.535428602928973, 'g_stn_gpi_mult': 3.184608122192914, 'g_gpe_gpi_mult': 0.5046668683040793}. Best is trial 713 with value: 0.3772786202081809.
[I 2026-05-28 23:37:43,333] Trial 746 finished with value: 1.5467210756705863 and parameters: {'ISTN': 60.57749908379565, 'I_gpe': 1.4299245228449209, 'I_gpi': 2.1593722452737794, 'noise_stn_sigma': 6.895127322603489, 'noise_gpe_sigma': 128.03324827615106, 'noise_gpi_sigma': 99.67242851318767, 'g_stn_gpe_mult': 2.990342544124873, 'g_gpe_stn_mult': 0.5030383118471676, 'g_stn_gpi_mult': 3.2499615505016877, 'g_gpe_gpi_mult': 0.50546287961734}. Best is trial 713 with value: 0.3772786202081809.
[I 2026-05-28 23:37:44,344] Trial 747 finished with value: 3.555339349393663 and parameters: {'ISTN': 61.27705383735443, 'I_gpe': 1.3977881535818484, 'I_gpi': 2.2027203475896067, 'noise_stn_sigma': 6.938777951632332, 'noise_gpe_sigma': 124.55566486179487, 'noise_gpi_sigma': 100.43387483485344, 'g_stn_gpe_mult': 2.992935897437352, 'g_gpe_stn_mult': 0.5168429971268703, 'g_stn_gpi_mult': 3.1710128440921737, 'g_gpe_gpi_mult': 0.518339368503898}. Best is trial 713 with value: 0.3772786202081809.
