[I 2026-05-29 00:13:54,163] Trial 880 finished with value: 0.12331005004393637 and parameters: {'ISTN': 60.171172954164504, 'I_gpe': 1.4739293445867463, 'I_gpi': 2.2494109594330283, 'noise_stn_sigma': 4.281064711567614, 'noise_gpe_sigma': 95.59951378872618, 'noise_gpi_sigma': 79.97369451763467, 'g_stn_gpe_mult': 2.9343756646504584, 'g_gpe_stn_mult': 0.12230940878694568, 'g_stn_gpi_mult': 2.0947230415915286, 'g_gpe_gpi_mult': 0.4405278371238504}. Best is trial 865 with value: 0.10759940643041808.
[I 2026-05-29 00:13:55,172] Trial 881 finished with value: 6.205636195694897 and parameters: {'ISTN': 61.57453374379576, 'I_gpe': 1.393058945061639, 'I_gpi': 1.9300246204487066, 'noise_stn_sigma': 4.2776712020157825, 'noise_gpe_sigma': 94.55061727949312, 'noise_gpi_sigma': 82.70790802126331, 'g_stn_gpe_mult': 3.375817210670641, 'g_gpe_stn_mult': 0.1349922642061513, 'g_stn_gpi_mult': 2.572234396785923, 'g_gpe_gpi_mult': 0.2974513357727426}. Best is trial 865 with value: 0.10759940643041808.
[I 2026-05-29 00:13:56,180] Trial 882 finished with value: 0.12439914671486003 and parameters: {'ISTN': 61.43514618077214, 'I_gpe': 1.482887877457808, 'I_gpi': 1.983916237280537, 'noise_stn_sigma': 3.986281641835429, 'noise_gpe_sigma': 97.95787246341303, 'noise_gpi_sigma': 82.33476336552769, 'g_stn_gpe_mult': 3.19830854342019, 'g_gpe_stn_mult': 0.10043197317403801, 'g_stn_gpi_mult': 2.3821492132907665, 'g_gpe_gpi_mult': 0.4607748476467924}. Best is trial 865 with value: 0.10759940643041808.
[I 2026-05-29 00:13:57,188] Trial 883 finished with value: 0.13503515195047827 and parameters: {'ISTN': 62.679598882461725, 'I_gpe': 1.2930903340031041, 'I_gpi': 2.1396236942282463, 'noise_stn_sigma': 4.224740242829624, 'noise_gpe_sigma': 105.33505671741122, 'noise_gpi_sigma': 81.41284124568588, 'g_stn_gpe_mult': 2.977369019935654, 'g_gpe_stn_mult': 0.11119804981483487, 'g_stn_gpi_mult': 2.4111080146249595, 'g_gpe_gpi_mult': 0.4430748673879481}. Best is trial 865 with value: 0.10759940643041808.
[I 2026-05-29 00:13:58,198] Trial 884 finished with value: 1.354593743227532 and parameters: {'ISTN': 60.596960716526695, 'I_gpe': 1.412289727286443, 'I_gpi': 2.011852383091604, 'noise_stn_sigma': 4.370343944120811, 'noise_gpe_sigma': 103.72826457831245, 'noise_gpi_sigma': 84.27523428947268, 'g_stn_gpe_mult': 3.0613688310284077, 'g_gpe_stn_mult': 0.10049046809568632, 'g_stn_gpi_mult': 2.38387916746037, 'g_gpe_gpi_mult': 0.4332202467791777}. Best is trial 865 with value: 0.10759940643041808.
[I 2026-05-29 00:13:59,207] Trial 885 finished with value: 0.4764992471626467 and parameters: {'ISTN': 62.21585914710196, 'I_gpe': 1.4343257688731121, 'I_gpi': 2.1209099582097624, 'noise_stn_sigma': 4.064035232578508, 'noise_gpe_sigma': 105.78433682151572, 'noise_gpi_sigma': 81.45505011455424, 'g_stn_gpe_mult': 3.016532484441358, 'g_gpe_stn_mult': 0.11325641776772807, 'g_stn_gpi_mult': 2.3287182205085166, 'g_gpe_gpi_mult': 0.3973094929528277}. Best is trial 865 with value: 0.10759940643041808.
[I 2026-05-29 00:14:00,216] Trial 886 finished with value: 0.12447632432471525 and parameters: {'ISTN': 61.29733195529554, 'I_gpe': 1.46419128979323, 'I_gpi': 1.998581778178231, 'noise_stn_sigma': 4.114794794708379, 'noise_gpe_sigma': 89.96262701076104, 'noise_gpi_sigma': 84.14182970442903, 'g_stn_gpe_mult': 3.2550518321309836, 'g_gpe_stn_mult': 0.10050900142913705, 'g_stn_gpi_mult': 2.217500274422309, 'g_gpe_gpi_mult': 0.5354013793851289}. Best is trial 865 with value: 0.10759940643041808.
[I 2026-05-29 00:14:01,223] Trial 887 finished with value: 0.10525275678543691 and parameters: {'ISTN': 60.309583611150046, 'I_gpe': 1.390774021506104, 'I_gpi': 2.111243764218953, 'noise_stn_sigma': 4.51510038797003, 'noise_gpe_sigma': 93.62511978980893, 'noise_gpi_sigma': 87.29597739415894, 'g_stn_gpe_mult': 3.1856115665770623, 'g_gpe_stn_mult': 0.10953649343790123, 'g_stn_gpi_mult': 2.2476994781386326, 'g_gpe_gpi_mult': 0.4558070249820287}. Best is trial 887 with value: 0.10525275678543691.
[I 2026-05-29 00:14:02,230] Trial 888 finished with value: 0.42460505934223647 and parameters: {'ISTN': 60.67396230253617, 'I_gpe': 1.1702268672926674, 'I_gpi': 2.0116903390475493, 'noise_stn_sigma': 4.560090831842996, 'noise_gpe_sigma': 98.4974871481363, 'noise_gpi_sigma': 81.00008470886117, 'g_stn_gpe_mult': 3.112550916992728, 'g_gpe_stn_mult': 0.13043379339759603, 'g_stn_gpi_mult': 2.2717276857487496, 'g_gpe_gpi_mult': 0.5194113038769909}. Best is trial 887 with value: 0.10525275678543691.
[I 2026-05-29 00:14:03,237] Trial 889 finished with value: 0.7279914485855283 and parameters: {'ISTN': 61.19761557849402, 'I_gpe': 1.4145625409005653, 'I_gpi': 2.0074714280102386, 'noise_stn_sigma': 4.200036600494187, 'noise_gpe_sigma': 101.81502954420849, 'noise_gpi_sigma': 80.45064216957739, 'g_stn_gpe_mult': 2.912112877070302, 'g_gpe_stn_mult': 0.11757803728988489, 'g_stn_gpi_mult': 2.451258363650428, 'g_gpe_gpi_mult': 0.3858078865963005}. Best is trial 887 with value: 0.10525275678543691.
[I 2026-05-29 00:14:04,246] Trial 890 finished with value: 1.1351417972083269 and parameters: {'ISTN': 61.34327487805988, 'I_gpe': 1.4020109905960971, 'I_gpi': 2.0386089042894513, 'noise_stn_sigma': 4.214052887338451, 'noise_gpe_sigma': 98.07692232269821, 'noise_gpi_sigma': 83.45477176872399, 'g_stn_gpe_mult': 2.987525911141703, 'g_gpe_stn_mult': 0.12488138965885327, 'g_stn_gpi_mult': 2.4193537175614255, 'g_gpe_gpi_mult': 0.3978961922617394}. Best is trial 887 with value: 0.10525275678543691.
[I 2026-05-29 00:14:05,256] Trial 891 finished with value: 0.11849186257543283 and parameters: {'ISTN': 61.00168826803291, 'I_gpe': 1.3293578035176583, 'I_gpi': 2.175325538059103, 'noise_stn_sigma': 4.3850010764526814, 'noise_gpe_sigma': 94.21612092371436, 'noise_gpi_sigma': 85.1052778858556, 'g_stn_gpe_mult': 3.2585949692542453, 'g_gpe_stn_mult': 0.1094145226030432, 'g_stn_gpi_mult': 2.3202274054465204, 'g_gpe_gpi_mult': 0.4092103362474491}. Best is trial 887 with value: 0.10525275678543691.
[I 2026-05-29 00:14:06,262] Trial 892 finished with value: 2.986055589776935 and parameters: {'ISTN': 61.08499112330426, 'I_gpe': 1.4213522279009365, 'I_gpi': 2.030539933737807, 'noise_stn_sigma': 4.456563943468712, 'noise_gpe_sigma': 96.01951454339985, 'noise_gpi_sigma': 87.57805458412888, 'g_stn_gpe_mult': 3.046664246234951, 'g_gpe_stn_mult': 0.10883912560431502, 'g_stn_gpi_mult': 2.251946218286383, 'g_gpe_gpi_mult': 0.5634662803653968}. Best is trial 887 with value: 0.10525275678543691.
[I 2026-05-29 00:14:07,269] Trial 893 finished with value: 0.11583937867016379 and parameters: {'ISTN': 60.199387116892815, 'I_gpe': 1.3426023272010563, 'I_gpi': 2.039261707891316, 'noise_stn_sigma': 4.24094320459988, 'noise_gpe_sigma': 99.04516244451436, 'noise_gpi_sigma': 88.18674964492159, 'g_stn_gpe_mult': 3.2034725247748446, 'g_gpe_stn_mult': 0.12533034291585815, 'g_stn_gpi_mult': 2.424433311114173, 'g_gpe_gpi_mult': 0.4103201127679977}. Best is trial 887 with value: 0.10525275678543691.
[I 2026-05-29 00:14:08,278] Trial 894 finished with value: 8.20958342131815 and parameters: {'ISTN': 61.435116079887116, 'I_gpe': 1.4263270825228567, 'I_gpi': 1.994379237877415, 'noise_stn_sigma': 4.584720698611197, 'noise_gpe_sigma': 92.24990640729715, 'noise_gpi_sigma': 86.77844637217416, 'g_stn_gpe_mult': 3.132182897823952, 'g_gpe_stn_mult': 0.1356117297452378, 'g_stn_gpi_mult': 2.412986268163853, 'g_gpe_gpi_mult': 0.4392077807788815}. Best is trial 887 with value: 0.10525275678543691.
[I 2026-05-29 00:14:09,286] Trial 895 finished with value: 0.7668219833579966 and parameters: {'ISTN': 61.32790007040813, 'I_gpe': 1.4185804703093141, 'I_gpi': 2.0579261713391825, 'noise_stn_sigma': 4.557818153549167, 'noise_gpe_sigma': 88.34060423620836, 'noise_gpi_sigma': 84.41237298414848, 'g_stn_gpe_mult': 3.41370464063552, 'g_gpe_stn_mult': 0.11316523720742416, 'g_stn_gpi_mult': 2.2189047100491743, 'g_gpe_gpi_mult': 0.4841412129629343}. Best is trial 887 with value: 0.10525275678543691.
[I 2026-05-29 00:14:10,292] Trial 896 finished with value: 0.15144524643588952 and parameters: {'ISTN': 62.205856607032786, 'I_gpe': 1.40777452670073, 'I_gpi': 1.8917003071508804, 'noise_stn_sigma': 4.2516192336032645, 'noise_gpe_sigma': 97.90614065451837, 'noise_gpi_sigma': 85.93483410860281, 'g_stn_gpe_mult': 3.1480182104662524, 'g_gpe_stn_mult': 0.11002880865747137, 'g_stn_gpi_mult': 2.511650416373252, 'g_gpe_gpi_mult': 0.4317483048726285}. Best is trial 887 with value: 0.10525275678543691.
[I 2026-05-29 00:14:11,299] Trial 897 finished with value: 0.12370257277993428 and parameters: {'ISTN': 60.56622810537023, 'I_gpe': 1.3334122205535044, 'I_gpi': 1.9607841366594303, 'noise_stn_sigma': 4.525171104246798, 'noise_gpe_sigma': 85.88718322498332, 'noise_gpi_sigma': 83.45821025296266, 'g_stn_gpe_mult': 3.278165400540126, 'g_gpe_stn_mult': 0.12294694020060529, 'g_stn_gpi_mult': 2.285668111580365, 'g_gpe_gpi_mult': 0.45277367984960026}. Best is trial 887 with value: 0.10525275678543691.
[I 2026-05-29 00:14:12,305] Trial 898 finished with value: 8.522673786291637 and parameters: {'ISTN': 61.26379725568303, 'I_gpe': 1.387709349494139, 'I_gpi': 2.0677877328047485, 'noise_stn_sigma': 4.275914623376336, 'noise_gpe_sigma': 88.62567489851236, 'noise_gpi_sigma': 87.11920448006502, 'g_stn_gpe_mult': 3.361026573282666, 'g_gpe_stn_mult': 0.13278275680347493, 'g_stn_gpi_mult': 2.2533686051168123, 'g_gpe_gpi_mult': 0.5048057463942983}. Best is trial 887 with value: 0.10525275678543691.
[I 2026-05-29 00:14:13,315] Trial 899 finished with value: 0.13525709117713416 and parameters: {'ISTN': 60.839038916612665, 'I_gpe': 1.5310611823221185, 'I_gpi': 2.1051884040583184, 'noise_stn_sigma': 4.453625918069465, 'noise_gpe_sigma': 91.44810368118844, 'noise_gpi_sigma': 84.61638839113125, 'g_stn_gpe_mult': 3.217846677649238, 'g_gpe_stn_mult': 0.11675283099607338, 'g_stn_gpi_mult': 2.2878256704897826, 'g_gpe_gpi_mult': 0.49929673266310765}. Best is trial 887 with value: 0.10525275678543691.
[I 2026-05-29 00:14:14,323] Trial 900 finished with value: 0.1415652405581695 and parameters: {'ISTN': 62.64292556229199, 'I_gpe': 1.5206518298299423, 'I_gpi': 1.9648958314118274, 'noise_stn_sigma': 4.234180978510214, 'noise_gpe_sigma': 91.59695867849736, 'noise_gpi_sigma': 87.44303679252714, 'g_stn_gpe_mult': 3.2262326335395937, 'g_gpe_stn_mult': 0.11394148980353884, 'g_stn_gpi_mult': 2.4467535993250236, 'g_gpe_gpi_mult': 0.4067741348580406}. Best is trial 887 with value: 0.10525275678543691.
[I 2026-05-29 00:14:15,333] Trial 901 finished with value: 1.1358012479333415 and parameters: {'ISTN': 60.82624393321601, 'I_gpe': 1.3737563597811846, 'I_gpi': 1.9115704167720646, 'noise_stn_sigma': 3.776942092892465, 'noise_gpe_sigma': 108.14477992534154, 'noise_gpi_sigma': 87.03568958588201, 'g_stn_gpe_mult': 2.951237643069662, 'g_gpe_stn_mult': 0.1364115989817845, 'g_stn_gpi_mult': 2.556827345009293, 'g_gpe_gpi_mult': 0.3231447048237001}. Best is trial 887 with value: 0.10525275678543691.
[I 2026-05-29 00:14:16,341] Trial 902 finished with value: 0.12378399214601365 and parameters: {'ISTN': 61.21756245242968, 'I_gpe': 1.2987035947186834, 'I_gpi': 2.1129715656017773, 'noise_stn_sigma': 4.632264446989085, 'noise_gpe_sigma': 90.27637662758359, 'noise_gpi_sigma': 91.55941636046866, 'g_stn_gpe_mult': 3.416786863891005, 'g_gpe_stn_mult': 0.11748827183264834, 'g_stn_gpi_mult': 2.3738192093430985, 'g_gpe_gpi_mult': 0.4227184634408011}. Best is trial 887 with value: 0.10525275678543691.
[I 2026-05-29 00:14:17,347] Trial 903 finished with value: 0.11275079529589427 and parameters: {'ISTN': 60.53290371189466, 'I_gpe': 1.4453039069177023, 'I_gpi': 2.07056780158658, 'noise_stn_sigma': 4.067545510309043, 'noise_gpe_sigma': 95.90644993613081, 'noise_gpi_sigma': 84.79275411012914, 'g_stn_gpe_mult': 3.179996875619902, 'g_gpe_stn_mult': 0.11303709147143298, 'g_stn_gpi_mult': 2.3857206497869434, 'g_gpe_gpi_mult': 0.4797297483472393}. Best is trial 887 with value: 0.10525275678543691.
[I 2026-05-29 00:14:18,355] Trial 904 finished with value: 0.12911052820359356 and parameters: {'ISTN': 62.330868387052135, 'I_gpe': 1.3853937757034687, 'I_gpi': 2.122542113727195, 'noise_stn_sigma': 4.204933570243203, 'noise_gpe_sigma': 93.76349699464782, 'noise_gpi_sigma': 90.8072746919418, 'g_stn_gpe_mult': 3.0700352949762797, 'g_gpe_stn_mult': 0.10380954554794318, 'g_stn_gpi_mult': 2.3001794678498557, 'g_gpe_gpi_mult': 0.48367476068644444}. Best is trial 887 with value: 0.10525275678543691.
[I 2026-05-29 00:14:19,363] Trial 905 finished with value: 5.950485971451297 and parameters: {'ISTN': 61.78333926266402, 'I_gpe': 1.3524033543706264, 'I_gpi': 2.062484716101594, 'noise_stn_sigma': 4.509847843447031, 'noise_gpe_sigma': 98.37366135623715, 'noise_gpi_sigma': 87.06137605489107, 'g_stn_gpe_mult': 3.215926379043937, 'g_gpe_stn_mult': 0.13081308169255468, 'g_stn_gpi_mult': 2.5172366125950036, 'g_gpe_gpi_mult': 0.3359158930281312}. Best is trial 887 with value: 0.10525275678543691.
[I 2026-05-29 00:14:20,371] Trial 906 finished with value: 0.11335214081747165 and parameters: {'ISTN': 60.49417049284027, 'I_gpe': 1.2992582946967832, 'I_gpi': 2.0482355314384044, 'noise_stn_sigma': 4.291338176577316, 'noise_gpe_sigma': 88.97648990946298, 'noise_gpi_sigma': 87.33289035698088, 'g_stn_gpe_mult': 3.1357695397669594, 'g_gpe_stn_mult': 0.10137919361096169, 'g_stn_gpi_mult': 2.2828572153621556, 'g_gpe_gpi_mult': 0.4263040896296161}. Best is trial 887 with value: 0.10525275678543691.
[I 2026-05-29 00:14:21,377] Trial 907 finished with value: 0.11697648415646425 and parameters: {'ISTN': 60.250905772149835, 'I_gpe': 1.4559305025170879, 'I_gpi': 2.0566111080356833, 'noise_stn_sigma': 4.213753365941767, 'noise_gpe_sigma': 85.89296422606004, 'noise_gpi_sigma': 89.39276385090959, 'g_stn_gpe_mult': 3.123569347132413, 'g_gpe_stn_mult': 0.1119448203715538, 'g_stn_gpi_mult': 2.219717388951155, 'g_gpe_gpi_mult': 0.4795048909359539}. Best is trial 887 with value: 0.10525275678543691.
[I 2026-05-29 00:14:22,384] Trial 908 finished with value: 1.3059242008094405 and parameters: {'ISTN': 60.22093885379537, 'I_gpe': 1.3131647245420832, 'I_gpi': 2.0523610838449047, 'noise_stn_sigma': 4.306222236968573, 'noise_gpe_sigma': 98.76970837024137, 'noise_gpi_sigma': 88.55524669935045, 'g_stn_gpe_mult': 3.0974319780400132, 'g_gpe_stn_mult': 0.14639735426742545, 'g_stn_gpi_mult': 2.331839752969138, 'g_gpe_gpi_mult': 0.4071041936807985}. Best is trial 887 with value: 0.10525275678543691.
[I 2026-05-29 00:14:23,391] Trial 909 finished with value: 0.12607026229266186 and parameters: {'ISTN': 62.047848362441115, 'I_gpe': 1.4561794502603933, 'I_gpi': 1.9954178743968447, 'noise_stn_sigma': 4.3029918128300935, 'noise_gpe_sigma': 100.27748085568304, 'noise_gpi_sigma': 81.58943765334203, 'g_stn_gpe_mult': 3.0562095778750864, 'g_gpe_stn_mult': 0.10905566754915098, 'g_stn_gpi_mult': 2.5066897899020364, 'g_gpe_gpi_mult': 0.3699047667703057}. Best is trial 887 with value: 0.10525275678543691.
[I 2026-05-29 00:14:24,399] Trial 910 finished with value: 1.2561522560423712 and parameters: {'ISTN': 60.19281926127101, 'I_gpe': 1.3530053221388116, 'I_gpi': 2.054993539511262, 'noise_stn_sigma': 4.164828707927358, 'noise_gpe_sigma': 93.34823484479438, 'noise_gpi_sigma': 80.95745618119312, 'g_stn_gpe_mult': 3.2096458382900845, 'g_gpe_stn_mult': 0.13777444951837184, 'g_stn_gpi_mult': 2.357262152465707, 'g_gpe_gpi_mult': 0.5355483971926478}. Best is trial 887 with value: 0.10525275678543691.
[I 2026-05-29 00:14:25,407] Trial 911 finished with value: 0.11212359236984736 and parameters: {'ISTN': 60.18624728871423, 'I_gpe': 1.3350521306005692, 'I_gpi': 2.08865776693943, 'noise_stn_sigma': 4.39406076045584, 'noise_gpe_sigma': 86.7733965936174, 'noise_gpi_sigma': 92.34332845801985, 'g_stn_gpe_mult': 3.3491839488450723, 'g_gpe_stn_mult': 0.11276663551787657, 'g_stn_gpi_mult': 2.2578930349611035, 'g_gpe_gpi_mult': 0.5458897955507133}. Best is trial 887 with value: 0.10525275678543691.
[I 2026-05-29 00:14:26,414] Trial 912 finished with value: 0.11622012424060908 and parameters: {'ISTN': 60.752670196418286, 'I_gpe': 1.309205509392903, 'I_gpi': 2.2135768123619526, 'noise_stn_sigma': 4.4815848145928445, 'noise_gpe_sigma': 94.70995472867627, 'noise_gpi_sigma': 83.92733755514024, 'g_stn_gpe_mult': 2.976760484585966, 'g_gpe_stn_mult': 0.10614113942729159, 'g_stn_gpi_mult': 2.26606665138476, 'g_gpe_gpi_mult': 0.4442144509186944}. Best is trial 887 with value: 0.10525275678543691.
[I 2026-05-29 00:14:27,420] Trial 913 finished with value: 0.15238700306843292 and parameters: {'ISTN': 61.76099152633775, 'I_gpe': 1.414785196851974, 'I_gpi': 1.9855660081175837, 'noise_stn_sigma': 4.216955433566024, 'noise_gpe_sigma': 93.46239023493882, 'noise_gpi_sigma': 92.45496961813396, 'g_stn_gpe_mult': 3.2614618850544685, 'g_gpe_stn_mult': 0.1077508207295662, 'g_stn_gpi_mult': 2.421087830362917, 'g_gpe_gpi_mult': 0.4438502187533787}. Best is trial 887 with value: 0.10525275678543691.
[I 2026-05-29 00:14:28,427] Trial 914 finished with value: 0.12286273365993441 and parameters: {'ISTN': 60.38238669654679, 'I_gpe': 1.474149714591591, 'I_gpi': 2.071585401406421, 'noise_stn_sigma': 3.9087293312167173, 'noise_gpe_sigma': 100.27728541509062, 'noise_gpi_sigma': 83.71847192658984, 'g_stn_gpe_mult': 2.9581716566140615, 'g_gpe_stn_mult': 0.11774648395012122, 'g_stn_gpi_mult': 2.3612596695699306, 'g_gpe_gpi_mult': 0.48234053891503686}. Best is trial 887 with value: 0.10525275678543691.
[I 2026-05-29 00:14:29,436] Trial 915 finished with value: 0.11504856052196429 and parameters: {'ISTN': 60.554547198484194, 'I_gpe': 1.3791509853991266, 'I_gpi': 2.134316419323456, 'noise_stn_sigma': 3.781552555714332, 'noise_gpe_sigma': 93.78726078332674, 'noise_gpi_sigma': 82.2684313821714, 'g_stn_gpe_mult': 3.104333086547568, 'g_gpe_stn_mult': 0.11022197642846865, 'g_stn_gpi_mult': 2.2684676054063653, 'g_gpe_gpi_mult': 0.4641453398346717}. Best is trial 887 with value: 0.10525275678543691.
[I 2026-05-29 00:14:30,443] Trial 916 finished with value: 0.1221560833509727 and parameters: {'ISTN': 61.33973952393158, 'I_gpe': 1.3639343785605829, 'I_gpi': 2.004830699771096, 'noise_stn_sigma': 3.777818165022126, 'noise_gpe_sigma': 97.29145275759555, 'noise_gpi_sigma': 79.51881554081217, 'g_stn_gpe_mult': 2.9454445176040625, 'g_gpe_stn_mult': 0.11040189193615049, 'g_stn_gpi_mult': 2.4823830801707465, 'g_gpe_gpi_mult': 0.4151209868484603}. Best is trial 887 with value: 0.10525275678543691.
[I 2026-05-29 00:14:31,452] Trial 917 finished with value: 0.11588382540000795 and parameters: {'ISTN': 60.67302469097672, 'I_gpe': 1.4093827195883106, 'I_gpi': 2.096551627105243, 'noise_stn_sigma': 4.318164341543322, 'noise_gpe_sigma': 85.25966809917641, 'noise_gpi_sigma': 87.77009036909075, 'g_stn_gpe_mult': 3.2865891176728046, 'g_gpe_stn_mult': 0.10923449499529547, 'g_stn_gpi_mult': 2.335825316943647, 'g_gpe_gpi_mult': 0.3891689113433058}. Best is trial 887 with value: 0.10525275678543691.
[I 2026-05-29 00:14:32,459] Trial 918 finished with value: 0.11146275227270833 and parameters: {'ISTN': 60.63887076312555, 'I_gpe': 1.3793724792453994, 'I_gpi': 2.044464346209785, 'noise_stn_sigma': 4.5342659595516075, 'noise_gpe_sigma': 92.66908339679635, 'noise_gpi_sigma': 89.27361420679291, 'g_stn_gpe_mult': 3.2454020712806315, 'g_gpe_stn_mult': 0.11946267241589736, 'g_stn_gpi_mult': 2.4240973261404477, 'g_gpe_gpi_mult': 0.4064298618999395}. Best is trial 887 with value: 0.10525275678543691.
[I 2026-05-29 00:14:33,467] Trial 919 finished with value: 0.14178672778238377 and parameters: {'ISTN': 60.34196822384512, 'I_gpe': 1.4870332673332727, 'I_gpi': 1.860036696942601, 'noise_stn_sigma': 3.9814148961793006, 'noise_gpe_sigma': 89.28883052922613, 'noise_gpi_sigma': 91.52310210721556, 'g_stn_gpe_mult': 3.4302151413789583, 'g_gpe_stn_mult': 0.10200338015282817, 'g_stn_gpi_mult': 2.3698364041745563, 'g_gpe_gpi_mult': 0.4928057917639404}. Best is trial 887 with value: 0.10525275678543691.
[I 2026-05-29 00:14:34,476] Trial 920 finished with value: 0.3845356501126954 and parameters: {'ISTN': 61.74205069860382, 'I_gpe': 1.4246836994446463, 'I_gpi': 2.2128924794863054, 'noise_stn_sigma': 4.186172661163906, 'noise_gpe_sigma': 90.77653335678215, 'noise_gpi_sigma': 81.9272805239575, 'g_stn_gpe_mult': 2.9994581641770646, 'g_gpe_stn_mult': 0.10155675724479296, 'g_stn_gpi_mult': 2.2387109643480607, 'g_gpe_gpi_mult': 0.4988021188312934}. Best is trial 887 with value: 0.10525275678543691.
[I 2026-05-29 00:14:35,484] Trial 921 finished with value: 0.12586098974368382 and parameters: {'ISTN': 60.91142891634984, 'I_gpe': 1.4528846337174492, 'I_gpi': 2.255535742674411, 'noise_stn_sigma': 4.433584400253263, 'noise_gpe_sigma': 88.15342522290577, 'noise_gpi_sigma': 91.69064571462313, 'g_stn_gpe_mult': 3.2950663160853777, 'g_gpe_stn_mult': 0.1028176446623581, 'g_stn_gpi_mult': 2.3161476682535813, 'g_gpe_gpi_mult': 0.4459196380449155}. Best is trial 887 with value: 0.10525275678543691.
[I 2026-05-29 00:14:36,487] Trial 922 finished with value: 0.12052998367928498 and parameters: {'ISTN': 60.918653207083956, 'I_gpe': 1.4633425076735747, 'I_gpi': 2.1715849492695, 'noise_stn_sigma': 4.24674704295175, 'noise_gpe_sigma': 95.92700247090731, 'noise_gpi_sigma': 89.30737826855731, 'g_stn_gpe_mult': 3.1089670607785442, 'g_gpe_stn_mult': 0.11221320886433755, 'g_stn_gpi_mult': 2.2738611004666085, 'g_gpe_gpi_mult': 0.42376447371030124}. Best is trial 887 with value: 0.10525275678543691.
[I 2026-05-29 00:14:37,493] Trial 923 finished with value: 0.1248735385675607 and parameters: {'ISTN': 60.53920172729291, 'I_gpe': 1.373427150626819, 'I_gpi': 2.0272681590733512, 'noise_stn_sigma': 3.7991548105271833, 'noise_gpe_sigma': 98.5416349047011, 'noise_gpi_sigma': 88.89195031940717, 'g_stn_gpe_mult': 3.254305298489184, 'g_gpe_stn_mult': 0.1335168901661835, 'g_stn_gpi_mult': 2.3078471301295838, 'g_gpe_gpi_mult': 0.4160090429591008}. Best is trial 887 with value: 0.10525275678543691.
