[I 2026-05-28 23:25:57,037] Trial 44 finished with value: 19.436221761908328 and parameters: {'ISTN': 90.86396234192223, 'I_gpe': 2.5238652817527254, 'I_gpi': 2.1521037433744827, 'noise_stn_sigma': 5.5064425771210965, 'noise_gpe_sigma': 69.32196523719166, 'noise_gpi_sigma': 61.93488961486071, 'g_stn_gpe_mult': 2.84241066005726, 'g_gpe_stn_mult': 0.3534389757391774, 'g_stn_gpi_mult': 2.591832318045387, 'g_gpe_gpi_mult': 0.6005839279599197}. Best is trial 4 with value: 4.598795903409806.
[I 2026-05-28 23:25:58,045] Trial 45 finished with value: 12.862724606568172 and parameters: {'ISTN': 65.26627671845529, 'I_gpe': 1.9925267087647773, 'I_gpi': 2.361697539136707, 'noise_stn_sigma': 4.133442900899862, 'noise_gpe_sigma': 81.12712824523166, 'noise_gpi_sigma': 113.31506056284073, 'g_stn_gpe_mult': 3.174081014807948, 'g_gpe_stn_mult': 0.3309454860342732, 'g_stn_gpi_mult': 2.92317631178485, 'g_gpe_gpi_mult': 0.742242738544336}. Best is trial 4 with value: 4.598795903409806.
[I 2026-05-28 23:25:59,053] Trial 46 finished with value: 11.68980631699878 and parameters: {'ISTN': 72.94159451602088, 'I_gpe': 1.3204521593594838, 'I_gpi': 1.289376279570962, 'noise_stn_sigma': 6.250483306753633, 'noise_gpe_sigma': 95.69648419670237, 'noise_gpi_sigma': 95.31118119406723, 'g_stn_gpe_mult': 3.2714766052857027, 'g_gpe_stn_mult': 0.4645635141242993, 'g_stn_gpi_mult': 2.5511345924277355, 'g_gpe_gpi_mult': 0.7497759012744318}. Best is trial 4 with value: 4.598795903409806.
[I 2026-05-28 23:26:00,060] Trial 47 finished with value: 11.364761610478256 and parameters: {'ISTN': 77.88322834929282, 'I_gpe': 1.0005808588115541, 'I_gpi': 2.071234832088165, 'noise_stn_sigma': 7.746671770098758, 'noise_gpe_sigma': 70.4114662997888, 'noise_gpi_sigma': 98.49016550659265, 'g_stn_gpe_mult': 2.3644643657714246, 'g_gpe_stn_mult': 0.4007940733562876, 'g_stn_gpi_mult': 3.0760843233516466, 'g_gpe_gpi_mult': 0.4285413074207301}. Best is trial 4 with value: 4.598795903409806.
[I 2026-05-28 23:26:01,065] Trial 48 finished with value: 14.322203669619741 and parameters: {'ISTN': 64.85527363122495, 'I_gpe': 2.5411112289680156, 'I_gpi': 1.5599025307585555, 'noise_stn_sigma': 6.891451695226535, 'noise_gpe_sigma': 68.1183788657234, 'noise_gpi_sigma': 73.64558070065627, 'g_stn_gpe_mult': 2.753213753454904, 'g_gpe_stn_mult': 0.5315937161715913, 'g_stn_gpi_mult': 2.7621377590356655, 'g_gpe_gpi_mult': 0.7730222471076424}. Best is trial 4 with value: 4.598795903409806.
[I 2026-05-28 23:26:02,072] Trial 49 finished with value: 13.227142970793668 and parameters: {'ISTN': 80.00822099212395, 'I_gpe': 1.5418604000119844, 'I_gpi': 2.2530108541748337, 'noise_stn_sigma': 6.950490717212698, 'noise_gpe_sigma': 62.38529483473475, 'noise_gpi_sigma': 67.24049053368299, 'g_stn_gpe_mult': 3.7586584555913336, 'g_gpe_stn_mult': 0.2094606997088709, 'g_stn_gpi_mult': 1.6777950155393349, 'g_gpe_gpi_mult': 0.7031978966307568}. Best is trial 4 with value: 4.598795903409806.
[I 2026-05-28 23:26:03,078] Trial 50 finished with value: 16.694213888905875 and parameters: {'ISTN': 74.97032770982536, 'I_gpe': 2.074953094770795, 'I_gpi': 1.0433253368245659, 'noise_stn_sigma': 5.945283064733111, 'noise_gpe_sigma': 61.17036161359956, 'noise_gpi_sigma': 118.89978400487404, 'g_stn_gpe_mult': 3.1041733755506007, 'g_gpe_stn_mult': 0.3431330232228682, 'g_stn_gpi_mult': 2.899159015332178, 'g_gpe_gpi_mult': 0.7090945175528283}. Best is trial 4 with value: 4.598795903409806.
[I 2026-05-28 23:26:04,085] Trial 51 finished with value: 15.043445614198863 and parameters: {'ISTN': 72.57360105279241, 'I_gpe': 1.9047748695751154, 'I_gpi': 2.6500160194375812, 'noise_stn_sigma': 4.142502667056887, 'noise_gpe_sigma': 65.502991963417, 'noise_gpi_sigma': 94.02454529613136, 'g_stn_gpe_mult': 2.9003436783199366, 'g_gpe_stn_mult': 0.3228164439469534, 'g_stn_gpi_mult': 2.1218807399653734, 'g_gpe_gpi_mult': 0.46082197547530657}. Best is trial 4 with value: 4.598795903409806.
[I 2026-05-28 23:26:05,091] Trial 52 finished with value: 15.636565362258189 and parameters: {'ISTN': 105.16518560630257, 'I_gpe': 1.2930846523096209, 'I_gpi': 1.4826462586654623, 'noise_stn_sigma': 7.669729721568692, 'noise_gpe_sigma': 133.06718011332288, 'noise_gpi_sigma': 106.41574682570044, 'g_stn_gpe_mult': 2.9417251439194483, 'g_gpe_stn_mult': 0.4526258333181503, 'g_stn_gpi_mult': 1.9411001419944551, 'g_gpe_gpi_mult': 0.6111005652621757}. Best is trial 4 with value: 4.598795903409806.
[I 2026-05-28 23:26:06,099] Trial 53 finished with value: 11.48237920714815 and parameters: {'ISTN': 81.31318384003288, 'I_gpe': 2.1562689526102106, 'I_gpi': 1.7927736268366148, 'noise_stn_sigma': 6.9256809466274225, 'noise_gpe_sigma': 113.9215326917614, 'noise_gpi_sigma': 93.84540683378529, 'g_stn_gpe_mult': 4.007742071267717, 'g_gpe_stn_mult': 0.27252370695324474, 'g_stn_gpi_mult': 1.6251102460003795, 'g_gpe_gpi_mult': 0.7884703529187143}. Best is trial 4 with value: 4.598795903409806.
[I 2026-05-28 23:26:07,108] Trial 54 finished with value: 17.78778532271611 and parameters: {'ISTN': 85.50333617577488, 'I_gpe': 1.8703797955784465, 'I_gpi': 2.039202499842139, 'noise_stn_sigma': 6.5075817658340585, 'noise_gpe_sigma': 67.00918215681584, 'noise_gpi_sigma': 92.91788918593863, 'g_stn_gpe_mult': 1.9070292514905955, 'g_gpe_stn_mult': 0.41774862717155115, 'g_stn_gpi_mult': 3.1912619768340003, 'g_gpe_gpi_mult': 0.7331984260251405}. Best is trial 4 with value: 4.598795903409806.
[I 2026-05-28 23:26:08,115] Trial 55 finished with value: 12.985820826763419 and parameters: {'ISTN': 62.7164231516245, 'I_gpe': 1.3949004366105866, 'I_gpi': 2.5410025432266647, 'noise_stn_sigma': 7.47494322632951, 'noise_gpe_sigma': 61.7098801056312, 'noise_gpi_sigma': 87.64310870833455, 'g_stn_gpe_mult': 2.3284657872106496, 'g_gpe_stn_mult': 0.32599401179042065, 'g_stn_gpi_mult': 2.9585227246616297, 'g_gpe_gpi_mult': 0.7042818756560378}. Best is trial 4 with value: 4.598795903409806.
[I 2026-05-28 23:26:09,121] Trial 56 finished with value: 10.205086003721686 and parameters: {'ISTN': 70.64475530158505, 'I_gpe': 0.8379366601758694, 'I_gpi': 1.6388027440815858, 'noise_stn_sigma': 7.287734863085363, 'noise_gpe_sigma': 77.44763774159684, 'noise_gpi_sigma': 95.78351083276189, 'g_stn_gpe_mult': 3.2575300486873218, 'g_gpe_stn_mult': 0.5103726637620847, 'g_stn_gpi_mult': 3.0295514996808937, 'g_gpe_gpi_mult': 0.659566813114379}. Best is trial 4 with value: 4.598795903409806.
[I 2026-05-28 23:26:10,128] Trial 57 finished with value: 11.720794521477444 and parameters: {'ISTN': 73.31866571203435, 'I_gpe': 1.6310811036825419, 'I_gpi': 1.062255623442725, 'noise_stn_sigma': 7.391175032651329, 'noise_gpe_sigma': 104.40801004092096, 'noise_gpi_sigma': 85.58344864883298, 'g_stn_gpe_mult': 3.2196867418577453, 'g_gpe_stn_mult': 0.34444295227015076, 'g_stn_gpi_mult': 2.1407224985229556, 'g_gpe_gpi_mult': 0.6795534194532067}. Best is trial 4 with value: 4.598795903409806.
[I 2026-05-28 23:26:11,136] Trial 58 finished with value: 6.827201858702385 and parameters: {'ISTN': 65.0627375399024, 'I_gpe': 0.520512830661307, 'I_gpi': 2.0150700925953107, 'noise_stn_sigma': 7.806402403159471, 'noise_gpe_sigma': 67.16610951318398, 'noise_gpi_sigma': 118.18788239510509, 'g_stn_gpe_mult': 2.789998149025153, 'g_gpe_stn_mult': 0.5887063134877085, 'g_stn_gpi_mult': 2.369399872081986, 'g_gpe_gpi_mult': 0.49372519249476665}. Best is trial 4 with value: 4.598795903409806.
[I 2026-05-28 23:26:12,144] Trial 59 finished with value: 8.377218355203663 and parameters: {'ISTN': 68.52331072632917, 'I_gpe': 1.4010777478911056, 'I_gpi': 1.9064665135623637, 'noise_stn_sigma': 7.010847829992075, 'noise_gpe_sigma': 74.13928779785041, 'noise_gpi_sigma': 79.8428684845121, 'g_stn_gpe_mult': 2.119839345404136, 'g_gpe_stn_mult': 0.35464549642441034, 'g_stn_gpi_mult': 3.950437269882311, 'g_gpe_gpi_mult': 0.7778254872267558}. Best is trial 4 with value: 4.598795903409806.
[I 2026-05-28 23:26:13,152] Trial 60 finished with value: 9.767040622853768 and parameters: {'ISTN': 69.0051372283045, 'I_gpe': 0.7470457121725497, 'I_gpi': 1.6571497304972846, 'noise_stn_sigma': 5.68538767785502, 'noise_gpe_sigma': 108.3365537719855, 'noise_gpi_sigma': 67.37785566708904, 'g_stn_gpe_mult': 2.309711290204055, 'g_gpe_stn_mult': 0.5009921091692101, 'g_stn_gpi_mult': 2.7637033139122726, 'g_gpe_gpi_mult': 0.7127067833154614}. Best is trial 4 with value: 4.598795903409806.
[I 2026-05-28 23:26:14,159] Trial 61 finished with value: 15.322642288374565 and parameters: {'ISTN': 81.09131807745604, 'I_gpe': 1.051382096267435, 'I_gpi': 1.9467540000536316, 'noise_stn_sigma': 5.217521885358563, 'noise_gpe_sigma': 78.72256116635347, 'noise_gpi_sigma': 87.00124037850236, 'g_stn_gpe_mult': 2.8408382497748264, 'g_gpe_stn_mult': 0.4137731159968756, 'g_stn_gpi_mult': 3.138972752167949, 'g_gpe_gpi_mult': 0.7887261833771275}. Best is trial 4 with value: 4.598795903409806.
[I 2026-05-28 23:26:15,163] Trial 62 finished with value: 6.972376718963945 and parameters: {'ISTN': 72.37755322841743, 'I_gpe': 1.0859460925625237, 'I_gpi': 2.6751492199180613, 'noise_stn_sigma': 5.448711855350498, 'noise_gpe_sigma': 95.32543650677991, 'noise_gpi_sigma': 75.63432087929874, 'g_stn_gpe_mult': 2.651754822987468, 'g_gpe_stn_mult': 0.636185183259244, 'g_stn_gpi_mult': 2.734931651193426, 'g_gpe_gpi_mult': 0.7904864549902124}. Best is trial 4 with value: 4.598795903409806.
[I 2026-05-28 23:26:16,171] Trial 63 finished with value: 4.718765587632175 and parameters: {'ISTN': 85.91406067205953, 'I_gpe': 0.6968359395801091, 'I_gpi': 1.7722772146256633, 'noise_stn_sigma': 7.288498455946956, 'noise_gpe_sigma': 85.69098753949373, 'noise_gpi_sigma': 106.4846123911675, 'g_stn_gpe_mult': 1.8103414170397727, 'g_gpe_stn_mult': 0.4920119101298649, 'g_stn_gpi_mult': 2.8986775997280523, 'g_gpe_gpi_mult': 0.9267918622913269}. Best is trial 4 with value: 4.598795903409806.
[I 2026-05-28 23:26:17,178] Trial 64 finished with value: 4.040711886981203 and parameters: {'ISTN': 70.7205981631717, 'I_gpe': 1.1793491019003393, 'I_gpi': 1.6063651352185278, 'noise_stn_sigma': 7.155130154769247, 'noise_gpe_sigma': 64.21610304416802, 'noise_gpi_sigma': 107.51882976017028, 'g_stn_gpe_mult': 2.4298843428654173, 'g_gpe_stn_mult': 0.5022046265410856, 'g_stn_gpi_mult': 3.0270596142478294, 'g_gpe_gpi_mult': 0.6305439132582445}. Best is trial 64 with value: 4.040711886981203.
[I 2026-05-28 23:26:18,184] Trial 65 finished with value: 7.535753663477283 and parameters: {'ISTN': 64.63180896909694, 'I_gpe': 0.6532293565329075, 'I_gpi': 1.7800014453032875, 'noise_stn_sigma': 6.275852542679856, 'noise_gpe_sigma': 60.765663668171015, 'noise_gpi_sigma': 98.81594911369467, 'g_stn_gpe_mult': 3.1571317956238207, 'g_gpe_stn_mult': 0.6828132105444181, 'g_stn_gpi_mult': 3.1844926469941446, 'g_gpe_gpi_mult': 0.5374120454470315}. Best is trial 64 with value: 4.040711886981203.
[I 2026-05-28 23:26:19,191] Trial 66 finished with value: 14.162429702758258 and parameters: {'ISTN': 76.24864589214056, 'I_gpe': 1.6335251968020812, 'I_gpi': 1.6192491125639172, 'noise_stn_sigma': 6.1801548192651286, 'noise_gpe_sigma': 83.98648403291644, 'noise_gpi_sigma': 65.35231559921232, 'g_stn_gpe_mult': 2.807742686884378, 'g_gpe_stn_mult': 0.5755785868882869, 'g_stn_gpi_mult': 2.989040815091028, 'g_gpe_gpi_mult': 0.6599495367868368}. Best is trial 64 with value: 4.040711886981203.
[I 2026-05-28 23:26:20,199] Trial 67 finished with value: 9.390284340643086 and parameters: {'ISTN': 74.73277313006062, 'I_gpe': 0.9412897203925008, 'I_gpi': 1.4758819235861864, 'noise_stn_sigma': 7.935050347059483, 'noise_gpe_sigma': 48.837262811911955, 'noise_gpi_sigma': 114.99667861554703, 'g_stn_gpe_mult': 3.0228647013459273, 'g_gpe_stn_mult': 0.5549433887002494, 'g_stn_gpi_mult': 3.2772495088731994, 'g_gpe_gpi_mult': 0.7171321629369478}. Best is trial 64 with value: 4.040711886981203.
[I 2026-05-28 23:26:21,204] Trial 68 finished with value: 8.112935872093844 and parameters: {'ISTN': 66.31675088327749, 'I_gpe': 1.417188504485217, 'I_gpi': 1.818850416770002, 'noise_stn_sigma': 7.96642759131208, 'noise_gpe_sigma': 75.35581354330549, 'noise_gpi_sigma': 111.4891952502791, 'g_stn_gpe_mult': 2.898712089554916, 'g_gpe_stn_mult': 0.6289917650336951, 'g_stn_gpi_mult': 2.7230296435307615, 'g_gpe_gpi_mult': 0.7156376642015161}. Best is trial 64 with value: 4.040711886981203.
[I 2026-05-28 23:26:22,211] Trial 69 finished with value: 11.223749119994446 and parameters: {'ISTN': 79.25056943336031, 'I_gpe': 0.9833219901459691, 'I_gpi': 2.0099506616566734, 'noise_stn_sigma': 7.2788899195759065, 'noise_gpe_sigma': 84.85177476397197, 'noise_gpi_sigma': 130.8192747744343, 'g_stn_gpe_mult': 3.2568370262718624, 'g_gpe_stn_mult': 0.37444027120032786, 'g_stn_gpi_mult': 2.9413190929892523, 'g_gpe_gpi_mult': 0.8327603649858755}. Best is trial 64 with value: 4.040711886981203.
[I 2026-05-28 23:26:23,216] Trial 70 finished with value: 10.563480171633993 and parameters: {'ISTN': 62.67350877659558, 'I_gpe': 0.5391522895510259, 'I_gpi': 1.4853126180556127, 'noise_stn_sigma': 7.169382730915575, 'noise_gpe_sigma': 49.97849023287918, 'noise_gpi_sigma': 94.2521757457203, 'g_stn_gpe_mult': 2.272593786847265, 'g_gpe_stn_mult': 0.37933148425340857, 'g_stn_gpi_mult': 2.3358881758795196, 'g_gpe_gpi_mult': 0.7836835896930263}. Best is trial 64 with value: 4.040711886981203.
[I 2026-05-28 23:26:24,225] Trial 71 finished with value: 12.84178055561117 and parameters: {'ISTN': 81.99457454292833, 'I_gpe': 0.8137695123175841, 'I_gpi': 1.9163065614864918, 'noise_stn_sigma': 7.173469875387668, 'noise_gpe_sigma': 42.98516857267515, 'noise_gpi_sigma': 104.18174943624207, 'g_stn_gpe_mult': 3.4717122323994682, 'g_gpe_stn_mult': 0.5538641257238367, 'g_stn_gpi_mult': 2.379702973503531, 'g_gpe_gpi_mult': 1.0128287239724962}. Best is trial 64 with value: 4.040711886981203.
[I 2026-05-28 23:26:25,231] Trial 72 finished with value: 12.56017986313596 and parameters: {'ISTN': 78.23305695522494, 'I_gpe': 0.9102928527919965, 'I_gpi': 2.366042059816923, 'noise_stn_sigma': 7.803691036162841, 'noise_gpe_sigma': 70.2528614242587, 'noise_gpi_sigma': 82.68121334894431, 'g_stn_gpe_mult': 2.86432242119797, 'g_gpe_stn_mult': 0.41954753285346735, 'g_stn_gpi_mult': 1.9974963123313227, 'g_gpe_gpi_mult': 0.3939620948325418}. Best is trial 64 with value: 4.040711886981203.
[I 2026-05-28 23:26:26,240] Trial 73 finished with value: 6.442525219728926 and parameters: {'ISTN': 63.889000588775495, 'I_gpe': 0.8322673697496201, 'I_gpi': 2.1523634296678225, 'noise_stn_sigma': 7.417521943176621, 'noise_gpe_sigma': 111.83617568182484, 'noise_gpi_sigma': 119.10241596426603, 'g_stn_gpe_mult': 2.0534245465768177, 'g_gpe_stn_mult': 0.5613050891075847, 'g_stn_gpi_mult': 2.134382533725713, 'g_gpe_gpi_mult': 0.8230801547121838}. Best is trial 64 with value: 4.040711886981203.
[I 2026-05-28 23:26:27,248] Trial 74 finished with value: 15.78766161642628 and parameters: {'ISTN': 91.87117125148211, 'I_gpe': 0.993366411615407, 'I_gpi': 2.008122779667951, 'noise_stn_sigma': 7.306560577857006, 'noise_gpe_sigma': 91.44662586200093, 'noise_gpi_sigma': 98.24661398712796, 'g_stn_gpe_mult': 1.8553124599427948, 'g_gpe_stn_mult': 0.5156056369021352, 'g_stn_gpi_mult': 3.136083310340159, 'g_gpe_gpi_mult': 0.5774901532200971}. Best is trial 64 with value: 4.040711886981203.
[I 2026-05-28 23:26:28,256] Trial 75 finished with value: 16.652216228100528 and parameters: {'ISTN': 90.44920088732728, 'I_gpe': 0.9274549638565027, 'I_gpi': 1.2647786019543368, 'noise_stn_sigma': 5.878448839870431, 'noise_gpe_sigma': 89.30515736827893, 'noise_gpi_sigma': 117.967529523253, 'g_stn_gpe_mult': 2.564162675676288, 'g_gpe_stn_mult': 0.40613072586421695, 'g_stn_gpi_mult': 3.022777435584693, 'g_gpe_gpi_mult': 0.7102451340012801}. Best is trial 64 with value: 4.040711886981203.
[I 2026-05-28 23:26:29,262] Trial 76 finished with value: 15.100635451967872 and parameters: {'ISTN': 82.669933911549, 'I_gpe': 1.3377817871543725, 'I_gpi': 1.9909685865085314, 'noise_stn_sigma': 4.724888972438234, 'noise_gpe_sigma': 84.05280280184054, 'noise_gpi_sigma': 70.16216522474394, 'g_stn_gpe_mult': 1.972166454102775, 'g_gpe_stn_mult': 0.5640551762960301, 'g_stn_gpi_mult': 2.7773499278722382, 'g_gpe_gpi_mult': 0.3740032792269485}. Best is trial 64 with value: 4.040711886981203.
[I 2026-05-28 23:26:30,268] Trial 77 finished with value: 8.766611594882551 and parameters: {'ISTN': 79.286341437842, 'I_gpe': 0.8808852390458485, 'I_gpi': 2.335665252173288, 'noise_stn_sigma': 5.915540065645089, 'noise_gpe_sigma': 73.48288700096478, 'noise_gpi_sigma': 92.34664146880297, 'g_stn_gpe_mult': 2.3549482978530554, 'g_gpe_stn_mult': 0.5949586738193771, 'g_stn_gpi_mult': 3.039934011516429, 'g_gpe_gpi_mult': 0.7254885548569561}. Best is trial 64 with value: 4.040711886981203.
[I 2026-05-28 23:26:31,275] Trial 78 finished with value: 13.966713188478279 and parameters: {'ISTN': 76.80468164138883, 'I_gpe': 1.7231660820614683, 'I_gpi': 2.121170170678219, 'noise_stn_sigma': 5.286007230102038, 'noise_gpe_sigma': 81.3084824063169, 'noise_gpi_sigma': 91.82106299851883, 'g_stn_gpe_mult': 2.288765514885553, 'g_gpe_stn_mult': 0.4426883620077584, 'g_stn_gpi_mult': 3.090799009779963, 'g_gpe_gpi_mult': 1.0728469380452084}. Best is trial 64 with value: 4.040711886981203.
[I 2026-05-28 23:26:32,282] Trial 79 finished with value: 9.462644841853287 and parameters: {'ISTN': 92.99579102147752, 'I_gpe': 1.5367115372273465, 'I_gpi': 1.7959844718992986, 'noise_stn_sigma': 6.759383989178186, 'noise_gpe_sigma': 109.10965902902456, 'noise_gpi_sigma': 90.79240633521815, 'g_stn_gpe_mult': 2.242676394608788, 'g_gpe_stn_mult': 0.6216756651801518, 'g_stn_gpi_mult': 2.6338752978309046, 'g_gpe_gpi_mult': 0.6380788450839551}. Best is trial 64 with value: 4.040711886981203.
[I 2026-05-28 23:26:33,288] Trial 80 finished with value: 11.37417423745803 and parameters: {'ISTN': 69.05974744726817, 'I_gpe': 1.3199105906013768, 'I_gpi': 1.007503643834339, 'noise_stn_sigma': 5.424141424245319, 'noise_gpe_sigma': 65.51235104356735, 'noise_gpi_sigma': 97.28626700373607, 'g_stn_gpe_mult': 2.2047874330704524, 'g_gpe_stn_mult': 0.4911446115408822, 'g_stn_gpi_mult': 2.621498201925768, 'g_gpe_gpi_mult': 0.7318834458270254}. Best is trial 64 with value: 4.040711886981203.
[I 2026-05-28 23:26:34,297] Trial 81 finished with value: 6.226724349027423 and parameters: {'ISTN': 66.69880954527041, 'I_gpe': 1.7215314453953847, 'I_gpi': 1.845799191139578, 'noise_stn_sigma': 6.869954969620119, 'noise_gpe_sigma': 104.9343872549873, 'noise_gpi_sigma': 92.23045568588337, 'g_stn_gpe_mult': 2.364378245202974, 'g_gpe_stn_mult': 0.6078581200155688, 'g_stn_gpi_mult': 2.2727828109611288, 'g_gpe_gpi_mult': 0.7000215332377626}. Best is trial 64 with value: 4.040711886981203.
[I 2026-05-28 23:26:35,304] Trial 82 finished with value: 17.0065224025007 and parameters: {'ISTN': 97.712153122127, 'I_gpe': 1.0902148844730737, 'I_gpi': 2.2835381410437563, 'noise_stn_sigma': 3.0674635482614296, 'noise_gpe_sigma': 115.49491953351895, 'noise_gpi_sigma': 128.61969311014747, 'g_stn_gpe_mult': 2.514299999026612, 'g_gpe_stn_mult': 0.5736460285642015, 'g_stn_gpi_mult': 2.116951485699039, 'g_gpe_gpi_mult': 0.6977370192534114}. Best is trial 64 with value: 4.040711886981203.
[I 2026-05-28 23:26:36,310] Trial 83 finished with value: 10.335443897365735 and parameters: {'ISTN': 78.81937944950366, 'I_gpe': 2.1323277473798896, 'I_gpi': 2.1453234118894997, 'noise_stn_sigma': 6.529007819814266, 'noise_gpe_sigma': 82.72865620547788, 'noise_gpi_sigma': 118.33558048701583, 'g_stn_gpe_mult': 2.8698888319654507, 'g_gpe_stn_mult': 0.576333408962725, 'g_stn_gpi_mult': 1.8998415535737703, 'g_gpe_gpi_mult': 1.0438256736397198}. Best is trial 64 with value: 4.040711886981203.
[I 2026-05-28 23:26:37,317] Trial 84 finished with value: 10.07499792057476 and parameters: {'ISTN': 63.452028493077435, 'I_gpe': 1.4588533149887302, 'I_gpi': 1.8841433596185757, 'noise_stn_sigma': 7.329983410357917, 'noise_gpe_sigma': 69.44568029545955, 'noise_gpi_sigma': 81.85078941167446, 'g_stn_gpe_mult': 2.499494060980026, 'g_gpe_stn_mult': 0.39170171816647437, 'g_stn_gpi_mult': 1.994516178209948, 'g_gpe_gpi_mult': 0.6916473027475449}. Best is trial 64 with value: 4.040711886981203.
[I 2026-05-28 23:26:38,323] Trial 85 finished with value: 6.2910848377781825 and parameters: {'ISTN': 64.01810681485289, 'I_gpe': 1.1350238208157752, 'I_gpi': 1.1070999615344999, 'noise_stn_sigma': 5.1529377977443644, 'noise_gpe_sigma': 66.90232327199169, 'noise_gpi_sigma': 111.30638120698062, 'g_stn_gpe_mult': 2.6317551894216513, 'g_gpe_stn_mult': 0.6359275149056421, 'g_stn_gpi_mult': 2.274392641751888, 'g_gpe_gpi_mult': 0.8559328175024783}. Best is trial 64 with value: 4.040711886981203.
[I 2026-05-28 23:26:39,330] Trial 86 finished with value: 16.010956777836064 and parameters: {'ISTN': 89.72035819208688, 'I_gpe': 1.605536981473015, 'I_gpi': 3.130544481223719, 'noise_stn_sigma': 4.639382969120714, 'noise_gpe_sigma': 146.82324710452338, 'noise_gpi_sigma': 113.86675234122393, 'g_stn_gpe_mult': 2.6784791244439896, 'g_gpe_stn_mult': 0.5628541800088408, 'g_stn_gpi_mult': 2.9632365304095503, 'g_gpe_gpi_mult': 0.7430438032639097}. Best is trial 64 with value: 4.040711886981203.
[I 2026-05-28 23:26:40,336] Trial 87 finished with value: 7.938701013287938 and parameters: {'ISTN': 87.78463815595242, 'I_gpe': 1.6743538590930431, 'I_gpi': 2.0155978317407017, 'noise_stn_sigma': 5.757357818955307, 'noise_gpe_sigma': 120.20179664536178, 'noise_gpi_sigma': 118.32657741025068, 'g_stn_gpe_mult': 1.680788989461914, 'g_gpe_stn_mult': 0.5986533440821907, 'g_stn_gpi_mult': 2.0719438120755145, 'g_gpe_gpi_mult': 0.9573177543882216}. Best is trial 64 with value: 4.040711886981203.
