[I 2026-05-28 23:53:14,163] Trial 660 finished with value: 0.1339753583541399 and parameters: {'ISTN': 60.251229289819605, 'I_gpe': 1.270411615836661, 'I_gpi': 2.14757067166357, 'noise_stn_sigma': 3.188802053098979, 'noise_gpe_sigma': 92.58316600998542, 'noise_gpi_sigma': 85.75301394346718, 'g_stn_gpe_mult': 2.7550720416943837, 'g_gpe_stn_mult': 0.1484108537373191, 'g_stn_gpi_mult': 1.938157482336231, 'g_gpe_gpi_mult': 0.9970630085658709}. Best is trial 622 with value: 0.12641382734777362.
[I 2026-05-28 23:53:15,172] Trial 661 finished with value: 0.1430945785258313 and parameters: {'ISTN': 61.76068024010546, 'I_gpe': 1.1444063284559158, 'I_gpi': 2.1851287108992237, 'noise_stn_sigma': 2.9954610918132625, 'noise_gpe_sigma': 97.06829538119264, 'noise_gpi_sigma': 77.50504770732888, 'g_stn_gpe_mult': 2.649541107324578, 'g_gpe_stn_mult': 0.16063095528646798, 'g_stn_gpi_mult': 1.8629359732550086, 'g_gpe_gpi_mult': 1.0519727676563682}. Best is trial 622 with value: 0.12641382734777362.
[I 2026-05-28 23:53:16,179] Trial 662 finished with value: 0.13826020539526612 and parameters: {'ISTN': 60.92272000401431, 'I_gpe': 1.1655647958111277, 'I_gpi': 2.1243456949942336, 'noise_stn_sigma': 3.6165722106739295, 'noise_gpe_sigma': 100.48193254416854, 'noise_gpi_sigma': 84.18224017216947, 'g_stn_gpe_mult': 2.736896066327168, 'g_gpe_stn_mult': 0.14446070306314335, 'g_stn_gpi_mult': 1.8479149182514594, 'g_gpe_gpi_mult': 1.0415226790288838}. Best is trial 622 with value: 0.12641382734777362.
[I 2026-05-28 23:53:17,184] Trial 663 finished with value: 0.1513615427254282 and parameters: {'ISTN': 61.52080257217724, 'I_gpe': 1.277663057503767, 'I_gpi': 2.3260888593167004, 'noise_stn_sigma': 3.377235614312981, 'noise_gpe_sigma': 94.90311288263686, 'noise_gpi_sigma': 80.8129432203817, 'g_stn_gpe_mult': 2.908288122564117, 'g_gpe_stn_mult': 0.17163150973291352, 'g_stn_gpi_mult': 1.6879735804397031, 'g_gpe_gpi_mult': 0.9635506605321638}. Best is trial 622 with value: 0.12641382734777362.
[I 2026-05-28 23:53:18,192] Trial 664 finished with value: 0.1305067120395632 and parameters: {'ISTN': 60.62194063773673, 'I_gpe': 1.4163452021192013, 'I_gpi': 2.219898324040493, 'noise_stn_sigma': 3.4127405086254745, 'noise_gpe_sigma': 97.35548483192834, 'noise_gpi_sigma': 80.70594732910541, 'g_stn_gpe_mult': 2.680069547746971, 'g_gpe_stn_mult': 0.1540072003847273, 'g_stn_gpi_mult': 1.9633765333127555, 'g_gpe_gpi_mult': 1.0065743974512518}. Best is trial 622 with value: 0.12641382734777362.
[I 2026-05-28 23:53:19,199] Trial 665 finished with value: 0.142783093739424 and parameters: {'ISTN': 63.17282627789477, 'I_gpe': 1.2725471832661799, 'I_gpi': 2.1542729349170537, 'noise_stn_sigma': 3.7530805947540937, 'noise_gpe_sigma': 96.50686860274237, 'noise_gpi_sigma': 80.96732350934678, 'g_stn_gpe_mult': 2.8020883695193177, 'g_gpe_stn_mult': 0.12233868031439954, 'g_stn_gpi_mult': 1.5971945457678576, 'g_gpe_gpi_mult': 0.9543706131856899}. Best is trial 622 with value: 0.12641382734777362.
[I 2026-05-28 23:53:20,205] Trial 666 finished with value: 0.13981194992738064 and parameters: {'ISTN': 60.62900142040157, 'I_gpe': 1.2125171980277913, 'I_gpi': 2.1011083093856797, 'noise_stn_sigma': 3.0159726368583923, 'noise_gpe_sigma': 100.86071610826279, 'noise_gpi_sigma': 78.17304738984348, 'g_stn_gpe_mult': 2.8894903436085113, 'g_gpe_stn_mult': 0.13948564075212483, 'g_stn_gpi_mult': 1.7750266823321654, 'g_gpe_gpi_mult': 1.0786444059483298}. Best is trial 622 with value: 0.12641382734777362.
[I 2026-05-28 23:53:21,210] Trial 667 finished with value: 1.2175663130032157 and parameters: {'ISTN': 61.87962347057591, 'I_gpe': 1.2627595414852777, 'I_gpi': 2.157451179338655, 'noise_stn_sigma': 3.371565779976107, 'noise_gpe_sigma': 95.7763590250891, 'noise_gpi_sigma': 79.32138409645368, 'g_stn_gpe_mult': 2.857310217144243, 'g_gpe_stn_mult': 0.156760411250691, 'g_stn_gpi_mult': 1.7263276800127834, 'g_gpe_gpi_mult': 0.9847648548217767}. Best is trial 622 with value: 0.12641382734777362.
[I 2026-05-28 23:53:22,216] Trial 668 finished with value: 0.13631993036118636 and parameters: {'ISTN': 61.798761730782005, 'I_gpe': 1.3247596887023145, 'I_gpi': 2.1974910982926525, 'noise_stn_sigma': 3.287407759594009, 'noise_gpe_sigma': 90.84431435282241, 'noise_gpi_sigma': 82.33428495955764, 'g_stn_gpe_mult': 2.6874640016935194, 'g_gpe_stn_mult': 0.13248882362144607, 'g_stn_gpi_mult': 1.8012974934636097, 'g_gpe_gpi_mult': 0.9755782200381418}. Best is trial 622 with value: 0.12641382734777362.
[I 2026-05-28 23:53:23,222] Trial 669 finished with value: 0.14039002677715817 and parameters: {'ISTN': 60.80656620623157, 'I_gpe': 1.1601111253667629, 'I_gpi': 2.141436783243585, 'noise_stn_sigma': 3.377395206525895, 'noise_gpe_sigma': 94.06483168955525, 'noise_gpi_sigma': 86.10864066588495, 'g_stn_gpe_mult': 2.6502416122196113, 'g_gpe_stn_mult': 0.13522595008825058, 'g_stn_gpi_mult': 1.8233138705646834, 'g_gpe_gpi_mult': 0.9812341336017194}. Best is trial 622 with value: 0.12641382734777362.
[I 2026-05-28 23:53:24,226] Trial 670 finished with value: 0.13406557607704309 and parameters: {'ISTN': 60.08626433291587, 'I_gpe': 1.408918892215104, 'I_gpi': 2.1567390771089974, 'noise_stn_sigma': 3.1418924357035496, 'noise_gpe_sigma': 99.23286232652461, 'noise_gpi_sigma': 77.55434722532289, 'g_stn_gpe_mult': 2.653957595505619, 'g_gpe_stn_mult': 0.14284778339231655, 'g_stn_gpi_mult': 1.9982144160049513, 'g_gpe_gpi_mult': 1.0723628266462393}. Best is trial 622 with value: 0.12641382734777362.
[I 2026-05-28 23:53:25,234] Trial 671 finished with value: 0.12601243048775554 and parameters: {'ISTN': 60.26219173928183, 'I_gpe': 1.30355766632269, 'I_gpi': 2.1662171739108427, 'noise_stn_sigma': 2.8917469460590515, 'noise_gpe_sigma': 100.94860036067017, 'noise_gpi_sigma': 69.69332681973697, 'g_stn_gpe_mult': 2.8772386110725723, 'g_gpe_stn_mult': 0.16244583119521247, 'g_stn_gpi_mult': 1.9902542592856212, 'g_gpe_gpi_mult': 1.0725622690096406}. Best is trial 671 with value: 0.12601243048775554.
[I 2026-05-28 23:53:26,242] Trial 672 finished with value: 0.13947171796845662 and parameters: {'ISTN': 62.57417887053884, 'I_gpe': 1.4341183264553639, 'I_gpi': 2.2234438833744488, 'noise_stn_sigma': 3.401700029413428, 'noise_gpe_sigma': 90.9354989892223, 'noise_gpi_sigma': 82.02179072664856, 'g_stn_gpe_mult': 2.5762210816021067, 'g_gpe_stn_mult': 0.11426541735284441, 'g_stn_gpi_mult': 1.972497043476485, 'g_gpe_gpi_mult': 0.9869807503392751}. Best is trial 671 with value: 0.12601243048775554.
[I 2026-05-28 23:53:27,250] Trial 673 finished with value: 3.5752085344392657 and parameters: {'ISTN': 62.505674263920454, 'I_gpe': 1.3585897054421785, 'I_gpi': 2.108975758229323, 'noise_stn_sigma': 3.4488514077221417, 'noise_gpe_sigma': 96.87160317940209, 'noise_gpi_sigma': 79.83207084352227, 'g_stn_gpe_mult': 2.5136120835072626, 'g_gpe_stn_mult': 0.14046156584651898, 'g_stn_gpi_mult': 2.0822487864503105, 'g_gpe_gpi_mult': 1.0015397461058275}. Best is trial 671 with value: 0.12601243048775554.
[I 2026-05-28 23:53:28,257] Trial 674 finished with value: 0.14508488740851713 and parameters: {'ISTN': 60.165408377574984, 'I_gpe': 1.4306217119360287, 'I_gpi': 2.013696193938805, 'noise_stn_sigma': 3.155442448418307, 'noise_gpe_sigma': 97.96613843144101, 'noise_gpi_sigma': 80.32345233498324, 'g_stn_gpe_mult': 2.6537706512827715, 'g_gpe_stn_mult': 0.1446740486891219, 'g_stn_gpi_mult': 1.811938509446265, 'g_gpe_gpi_mult': 1.0421711051402276}. Best is trial 671 with value: 0.12601243048775554.
[I 2026-05-28 23:53:29,263] Trial 675 finished with value: 0.133211726556906 and parameters: {'ISTN': 61.609158879541226, 'I_gpe': 1.294771186950618, 'I_gpi': 2.179076950421729, 'noise_stn_sigma': 3.399172435588266, 'noise_gpe_sigma': 92.2633190452591, 'noise_gpi_sigma': 73.68118753728945, 'g_stn_gpe_mult': 2.7050062679898814, 'g_gpe_stn_mult': 0.13618596627140028, 'g_stn_gpi_mult': 2.0117852363424777, 'g_gpe_gpi_mult': 1.0095017416513457}. Best is trial 671 with value: 0.12601243048775554.
[I 2026-05-28 23:53:30,271] Trial 676 finished with value: 0.14211142058437506 and parameters: {'ISTN': 61.63876921595108, 'I_gpe': 1.4774185124684176, 'I_gpi': 2.0884033971458997, 'noise_stn_sigma': 3.144899596083644, 'noise_gpe_sigma': 99.94058998356573, 'noise_gpi_sigma': 80.37259000364685, 'g_stn_gpe_mult': 2.4691497278831873, 'g_gpe_stn_mult': 0.13892578094976843, 'g_stn_gpi_mult': 2.0804195350288213, 'g_gpe_gpi_mult': 1.1021784210787657}. Best is trial 671 with value: 0.12601243048775554.
[I 2026-05-28 23:53:31,278] Trial 677 finished with value: 0.14738487144101603 and parameters: {'ISTN': 62.974851365573514, 'I_gpe': 1.4356457406735186, 'I_gpi': 2.0604491606808053, 'noise_stn_sigma': 2.7206264243489406, 'noise_gpe_sigma': 100.20893300066555, 'noise_gpi_sigma': 72.56226672941699, 'g_stn_gpe_mult': 2.6377707371932124, 'g_gpe_stn_mult': 0.12672676972769323, 'g_stn_gpi_mult': 1.991690185726003, 'g_gpe_gpi_mult': 1.0576668826099314}. Best is trial 671 with value: 0.12601243048775554.
[I 2026-05-28 23:53:32,284] Trial 678 finished with value: 0.1403062916320999 and parameters: {'ISTN': 61.75066509789639, 'I_gpe': 1.434161048491538, 'I_gpi': 2.069145355576656, 'noise_stn_sigma': 3.381745653813409, 'noise_gpe_sigma': 98.0428492574577, 'noise_gpi_sigma': 71.11772252330024, 'g_stn_gpe_mult': 2.7789335283963683, 'g_gpe_stn_mult': 0.12361575902257403, 'g_stn_gpi_mult': 1.949709415866686, 'g_gpe_gpi_mult': 1.0028852087056335}. Best is trial 671 with value: 0.12601243048775554.
[I 2026-05-28 23:53:33,290] Trial 679 finished with value: 1.5221902876637927 and parameters: {'ISTN': 61.31130815047391, 'I_gpe': 1.4238969638131054, 'I_gpi': 2.2761365990060707, 'noise_stn_sigma': 3.0534879775849735, 'noise_gpe_sigma': 104.26976899589086, 'noise_gpi_sigma': 79.21153102011925, 'g_stn_gpe_mult': 2.723613700725706, 'g_gpe_stn_mult': 0.16718564286149784, 'g_stn_gpi_mult': 2.0166213287879424, 'g_gpe_gpi_mult': 1.057279189787989}. Best is trial 671 with value: 0.12601243048775554.
[I 2026-05-28 23:53:34,296] Trial 680 finished with value: 0.23031808705298462 and parameters: {'ISTN': 61.925187220869866, 'I_gpe': 1.3431622757073085, 'I_gpi': 2.00944345301477, 'noise_stn_sigma': 3.131691200166929, 'noise_gpe_sigma': 101.80926620944936, 'noise_gpi_sigma': 80.10758178631656, 'g_stn_gpe_mult': 2.6714852843903865, 'g_gpe_stn_mult': 0.15227353460972715, 'g_stn_gpi_mult': 2.0290371288328215, 'g_gpe_gpi_mult': 1.0760471087327375}. Best is trial 671 with value: 0.12601243048775554.
[I 2026-05-28 23:53:35,303] Trial 681 finished with value: 0.15699808555963518 and parameters: {'ISTN': 63.38408702603265, 'I_gpe': 1.2294285483406056, 'I_gpi': 1.9716250626137841, 'noise_stn_sigma': 2.9403403041393026, 'noise_gpe_sigma': 97.67794481125492, 'noise_gpi_sigma': 83.43033353879906, 'g_stn_gpe_mult': 3.0373781796333468, 'g_gpe_stn_mult': 0.1219128843151308, 'g_stn_gpi_mult': 1.8870756831021507, 'g_gpe_gpi_mult': 1.061786849908036}. Best is trial 671 with value: 0.12601243048775554.
[I 2026-05-28 23:53:36,308] Trial 682 finished with value: 0.1334524785468797 and parameters: {'ISTN': 61.52873798592327, 'I_gpe': 1.318730327260178, 'I_gpi': 2.143319536623723, 'noise_stn_sigma': 2.854311990346797, 'noise_gpe_sigma': 104.73168453166068, 'noise_gpi_sigma': 72.50951996888061, 'g_stn_gpe_mult': 2.760097054188602, 'g_gpe_stn_mult': 0.13752494573276955, 'g_stn_gpi_mult': 1.9395867199487542, 'g_gpe_gpi_mult': 1.085365397402521}. Best is trial 671 with value: 0.12601243048775554.
[I 2026-05-28 23:53:37,314] Trial 683 finished with value: 0.14518224181515632 and parameters: {'ISTN': 60.41076270049047, 'I_gpe': 1.3720343599696974, 'I_gpi': 2.226073105644544, 'noise_stn_sigma': 3.0020410551836023, 'noise_gpe_sigma': 95.15391091778208, 'noise_gpi_sigma': 69.03679283597856, 'g_stn_gpe_mult': 2.5633144668637384, 'g_gpe_stn_mult': 0.1751677265408057, 'g_stn_gpi_mult': 2.2286117955971205, 'g_gpe_gpi_mult': 1.0842335033518313}. Best is trial 671 with value: 0.12601243048775554.
[I 2026-05-28 23:53:38,320] Trial 684 finished with value: 0.17194251875091474 and parameters: {'ISTN': 63.41256934373807, 'I_gpe': 1.2745149157763074, 'I_gpi': 2.080989066232469, 'noise_stn_sigma': 3.1076475656220404, 'noise_gpe_sigma': 99.60289414680024, 'noise_gpi_sigma': 65.60404826040619, 'g_stn_gpe_mult': 2.8583825377456678, 'g_gpe_stn_mult': 0.14852338204582416, 'g_stn_gpi_mult': 2.0175334141934442, 'g_gpe_gpi_mult': 0.9961915719732093}. Best is trial 671 with value: 0.12601243048775554.
[I 2026-05-28 23:53:39,323] Trial 685 finished with value: 0.12751091485354307 and parameters: {'ISTN': 60.240870633642764, 'I_gpe': 1.4003299729554408, 'I_gpi': 2.2109060967606515, 'noise_stn_sigma': 3.093896150057953, 'noise_gpe_sigma': 94.4092623599669, 'noise_gpi_sigma': 79.5539645284251, 'g_stn_gpe_mult': 2.747622718008893, 'g_gpe_stn_mult': 0.14709645241706393, 'g_stn_gpi_mult': 1.8343912231460653, 'g_gpe_gpi_mult': 1.0480407984925069}. Best is trial 671 with value: 0.12601243048775554.
[I 2026-05-28 23:53:40,328] Trial 686 finished with value: 0.13084847922243115 and parameters: {'ISTN': 61.30399596922293, 'I_gpe': 1.3097046954091764, 'I_gpi': 2.1622399813027986, 'noise_stn_sigma': 3.065529105056125, 'noise_gpe_sigma': 102.80027554721428, 'noise_gpi_sigma': 69.48014821536674, 'g_stn_gpe_mult': 2.8179572550417404, 'g_gpe_stn_mult': 0.15037101287232899, 'g_stn_gpi_mult': 2.020316010486495, 'g_gpe_gpi_mult': 1.0289723584663955}. Best is trial 671 with value: 0.12601243048775554.
[I 2026-05-28 23:53:41,335] Trial 687 finished with value: 0.26382137287231394 and parameters: {'ISTN': 60.55127802314317, 'I_gpe': 1.357965074676469, 'I_gpi': 2.13111372588688, 'noise_stn_sigma': 3.192780388265844, 'noise_gpe_sigma': 108.88046757531717, 'noise_gpi_sigma': 66.30761672398903, 'g_stn_gpe_mult': 2.7121579597922, 'g_gpe_stn_mult': 0.16243565017078082, 'g_stn_gpi_mult': 2.148677210303763, 'g_gpe_gpi_mult': 1.0805555673547298}. Best is trial 671 with value: 0.12601243048775554.
[I 2026-05-28 23:53:42,341] Trial 688 finished with value: 0.3480320349834151 and parameters: {'ISTN': 61.59058599455198, 'I_gpe': 1.2959562144109769, 'I_gpi': 2.1988727396638734, 'noise_stn_sigma': 3.0583458419465686, 'noise_gpe_sigma': 100.4791902253137, 'noise_gpi_sigma': 68.51298993691822, 'g_stn_gpe_mult': 2.532583104273354, 'g_gpe_stn_mult': 0.15817151722325345, 'g_stn_gpi_mult': 2.135263221574524, 'g_gpe_gpi_mult': 1.0184357135210447}. Best is trial 671 with value: 0.12601243048775554.
[I 2026-05-28 23:53:43,348] Trial 689 finished with value: 0.1723989407481737 and parameters: {'ISTN': 62.37237630741097, 'I_gpe': 1.3049496129539686, 'I_gpi': 2.189738459764482, 'noise_stn_sigma': 2.5849993438829557, 'noise_gpe_sigma': 91.79275968667662, 'noise_gpi_sigma': 64.56647293188048, 'g_stn_gpe_mult': 2.9541781061893326, 'g_gpe_stn_mult': 0.12716664478911652, 'g_stn_gpi_mult': 2.003639144717315, 'g_gpe_gpi_mult': 1.0479946255186305}. Best is trial 671 with value: 0.12601243048775554.
[I 2026-05-28 23:53:44,354] Trial 690 finished with value: 0.15242188255796035 and parameters: {'ISTN': 61.889728843357034, 'I_gpe': 1.3250340212363785, 'I_gpi': 2.2294033694676507, 'noise_stn_sigma': 3.3086292287194228, 'noise_gpe_sigma': 96.10921248742886, 'noise_gpi_sigma': 65.4732061962886, 'g_stn_gpe_mult': 3.0526933974936448, 'g_gpe_stn_mult': 0.15101629735318908, 'g_stn_gpi_mult': 2.0007195332280925, 'g_gpe_gpi_mult': 1.0317664136556144}. Best is trial 671 with value: 0.12601243048775554.
[I 2026-05-28 23:53:45,362] Trial 691 finished with value: 0.13981243384081507 and parameters: {'ISTN': 60.012304246516095, 'I_gpe': 1.3645907463444749, 'I_gpi': 2.040249248354245, 'noise_stn_sigma': 2.9330571344569587, 'noise_gpe_sigma': 96.47473014306742, 'noise_gpi_sigma': 77.53994976145597, 'g_stn_gpe_mult': 2.7718599852595363, 'g_gpe_stn_mult': 0.13778066592069194, 'g_stn_gpi_mult': 1.7339967823712144, 'g_gpe_gpi_mult': 1.070814579917798}. Best is trial 671 with value: 0.12601243048775554.
[I 2026-05-28 23:53:46,366] Trial 692 finished with value: 0.14582422697815195 and parameters: {'ISTN': 61.703641955474694, 'I_gpe': 1.4919929624698032, 'I_gpi': 2.180411645025072, 'noise_stn_sigma': 3.2862855802194892, 'noise_gpe_sigma': 93.99973844615687, 'noise_gpi_sigma': 81.29974335692694, 'g_stn_gpe_mult': 2.6096073508500295, 'g_gpe_stn_mult': 0.1043106743206003, 'g_stn_gpi_mult': 1.8206873887347206, 'g_gpe_gpi_mult': 1.0053364305658319}. Best is trial 671 with value: 0.12601243048775554.
[I 2026-05-28 23:53:47,373] Trial 693 finished with value: 0.1393857171818626 and parameters: {'ISTN': 60.840665008212156, 'I_gpe': 1.3809386006554454, 'I_gpi': 2.234324530458724, 'noise_stn_sigma': 3.141430769256913, 'noise_gpe_sigma': 98.68189563860862, 'noise_gpi_sigma': 84.35005430050823, 'g_stn_gpe_mult': 2.6391349248748424, 'g_gpe_stn_mult': 0.12979832464817073, 'g_stn_gpi_mult': 1.9707400557872583, 'g_gpe_gpi_mult': 1.017860232385079}. Best is trial 671 with value: 0.12601243048775554.
[I 2026-05-28 23:53:48,380] Trial 694 finished with value: 0.15802812119612594 and parameters: {'ISTN': 62.78008303434539, 'I_gpe': 1.4384721822049418, 'I_gpi': 2.2086781367112627, 'noise_stn_sigma': 2.641269265963543, 'noise_gpe_sigma': 100.53605424754268, 'noise_gpi_sigma': 64.80048367942177, 'g_stn_gpe_mult': 2.798051145447819, 'g_gpe_stn_mult': 0.138422785341416, 'g_stn_gpi_mult': 1.9761996785578295, 'g_gpe_gpi_mult': 1.0749215990528134}. Best is trial 671 with value: 0.12601243048775554.
[I 2026-05-28 23:53:49,388] Trial 695 finished with value: 0.3265393462682705 and parameters: {'ISTN': 62.46507999900906, 'I_gpe': 1.2572891566052478, 'I_gpi': 2.0771272057187438, 'noise_stn_sigma': 3.1200447125591255, 'noise_gpe_sigma': 101.37099037295567, 'noise_gpi_sigma': 77.94407502630183, 'g_stn_gpe_mult': 2.7207266749460803, 'g_gpe_stn_mult': 0.16405025612472227, 'g_stn_gpi_mult': 1.889922388278181, 'g_gpe_gpi_mult': 1.0196897709582906}. Best is trial 671 with value: 0.12601243048775554.
[I 2026-05-28 23:53:50,395] Trial 696 finished with value: 0.7057136926804619 and parameters: {'ISTN': 60.032098513261644, 'I_gpe': 1.4813440328453151, 'I_gpi': 2.126724434040415, 'noise_stn_sigma': 3.165001851915759, 'noise_gpe_sigma': 97.84686660670225, 'noise_gpi_sigma': 68.1253257624194, 'g_stn_gpe_mult': 2.822589774969769, 'g_gpe_stn_mult': 0.1360400161688371, 'g_stn_gpi_mult': 2.0306297909422972, 'g_gpe_gpi_mult': 1.0799935811791779}. Best is trial 671 with value: 0.12601243048775554.
[I 2026-05-28 23:53:51,402] Trial 697 finished with value: 0.21580410997148436 and parameters: {'ISTN': 63.67622951313219, 'I_gpe': 1.2615626388831698, 'I_gpi': 2.1703310631090997, 'noise_stn_sigma': 2.7899050538356556, 'noise_gpe_sigma': 108.63123597804895, 'noise_gpi_sigma': 69.1190901017188, 'g_stn_gpe_mult': 2.7599880342713607, 'g_gpe_stn_mult': 0.1439199712683359, 'g_stn_gpi_mult': 1.8822197631260433, 'g_gpe_gpi_mult': 1.0849020808901864}. Best is trial 671 with value: 0.12601243048775554.
[I 2026-05-28 23:53:52,408] Trial 698 finished with value: 0.16403807097510173 and parameters: {'ISTN': 60.2549218775956, 'I_gpe': 1.4115956492315398, 'I_gpi': 2.2606437872943554, 'noise_stn_sigma': 2.914129474835759, 'noise_gpe_sigma': 92.88421320631161, 'noise_gpi_sigma': 79.10154195928942, 'g_stn_gpe_mult': 2.7415769102078826, 'g_gpe_stn_mult': 0.11526960700905164, 'g_stn_gpi_mult': 1.9817097100461067, 'g_gpe_gpi_mult': 1.0971652600505308}. Best is trial 671 with value: 0.12601243048775554.
[I 2026-05-28 23:53:53,414] Trial 699 finished with value: 0.1467331648797009 and parameters: {'ISTN': 62.69482265234033, 'I_gpe': 1.4968242618763568, 'I_gpi': 2.058755172565771, 'noise_stn_sigma': 2.8522465286668734, 'noise_gpe_sigma': 93.24768399990857, 'noise_gpi_sigma': 65.30866014500748, 'g_stn_gpe_mult': 2.629939109671704, 'g_gpe_stn_mult': 0.12877765078744546, 'g_stn_gpi_mult': 2.132600226381503, 'g_gpe_gpi_mult': 1.0845476429508436}. Best is trial 671 with value: 0.12601243048775554.
[I 2026-05-28 23:53:54,419] Trial 700 finished with value: 0.2519532436933876 and parameters: {'ISTN': 61.50874916463724, 'I_gpe': 1.2192268203778052, 'I_gpi': 2.1685132100816835, 'noise_stn_sigma': 3.2303887698515994, 'noise_gpe_sigma': 102.63784775918195, 'noise_gpi_sigma': 79.31475089268616, 'g_stn_gpe_mult': 2.8714275565427, 'g_gpe_stn_mult': 0.15624776680791114, 'g_stn_gpi_mult': 1.8131519447776898, 'g_gpe_gpi_mult': 1.0124714638326244}. Best is trial 671 with value: 0.12601243048775554.
[I 2026-05-28 23:53:55,425] Trial 701 finished with value: 0.15018163043637742 and parameters: {'ISTN': 60.77153731179869, 'I_gpe': 1.439039556000228, 'I_gpi': 2.0955706532784433, 'noise_stn_sigma': 2.9164313200275203, 'noise_gpe_sigma': 98.09480276601444, 'noise_gpi_sigma': 76.71322375457055, 'g_stn_gpe_mult': 2.627305914873239, 'g_gpe_stn_mult': 0.11359949320001217, 'g_stn_gpi_mult': 1.7353882220339731, 'g_gpe_gpi_mult': 0.9804971855985092}. Best is trial 671 with value: 0.12601243048775554.
[I 2026-05-28 23:53:56,432] Trial 702 finished with value: 0.14922594432330155 and parameters: {'ISTN': 60.90950522266219, 'I_gpe': 1.4866407793293663, 'I_gpi': 2.0432346549341265, 'noise_stn_sigma': 3.2285689033336142, 'noise_gpe_sigma': 96.66249009677169, 'noise_gpi_sigma': 84.82192334102626, 'g_stn_gpe_mult': 2.6144506292196388, 'g_gpe_stn_mult': 0.1164830006247532, 'g_stn_gpi_mult': 2.0013603376898215, 'g_gpe_gpi_mult': 1.0611502766444776}. Best is trial 671 with value: 0.12601243048775554.
[I 2026-05-28 23:53:57,437] Trial 703 finished with value: 0.13779628934833893 and parameters: {'ISTN': 61.5947759956745, 'I_gpe': 1.3079000333145339, 'I_gpi': 2.1729466530810333, 'noise_stn_sigma': 3.24911932889637, 'noise_gpe_sigma': 96.90210754915853, 'noise_gpi_sigma': 80.11547548687874, 'g_stn_gpe_mult': 2.780775835188653, 'g_gpe_stn_mult': 0.1109093330591522, 'g_stn_gpi_mult': 1.9575037661002093, 'g_gpe_gpi_mult': 1.0121809467780594}. Best is trial 671 with value: 0.12601243048775554.
