[I 2026-05-28 23:41:26,933] Trial 968 finished with value: 1.5548374388625361 and parameters: {'ISTN': 60.08455333497005, 'I_gpe': 1.3927407331308777, 'I_gpi': 2.1153343189767826, 'noise_stn_sigma': 7.039858374158455, 'noise_gpe_sigma': 126.0905192957914, 'noise_gpi_sigma': 102.00167899877091, 'g_stn_gpe_mult': 2.9612463254673207, 'g_gpe_stn_mult': 0.5007105369970715, 'g_stn_gpi_mult': 3.2035639253421433, 'g_gpe_gpi_mult': 0.5121959770572949}. Best is trial 855 with value: 0.3684472722325858.
[I 2026-05-28 23:41:27,939] Trial 969 finished with value: 0.37782212431085277 and parameters: {'ISTN': 60.611262216288615, 'I_gpe': 1.39005532445514, 'I_gpi': 2.111210438647227, 'noise_stn_sigma': 7.005650780629745, 'noise_gpe_sigma': 126.91422936641021, 'noise_gpi_sigma': 102.32281617062189, 'g_stn_gpe_mult': 2.9613457841703474, 'g_gpe_stn_mult': 0.5074369222835038, 'g_stn_gpi_mult': 3.209367632453742, 'g_gpe_gpi_mult': 0.5060332319856833}. Best is trial 855 with value: 0.3684472722325858.
[I 2026-05-28 23:41:28,946] Trial 970 finished with value: 0.6512150564214381 and parameters: {'ISTN': 60.75572918112025, 'I_gpe': 1.3923953728243819, 'I_gpi': 2.137189532234363, 'noise_stn_sigma': 7.076440384457048, 'noise_gpe_sigma': 126.51666520163516, 'noise_gpi_sigma': 102.26005242581444, 'g_stn_gpe_mult': 2.962492178277058, 'g_gpe_stn_mult': 0.5076754640521033, 'g_stn_gpi_mult': 3.2137574573745447, 'g_gpe_gpi_mult': 0.5201036773387384}. Best is trial 855 with value: 0.3684472722325858.
[I 2026-05-28 23:41:29,955] Trial 971 finished with value: 0.3884915821873863 and parameters: {'ISTN': 60.54614677155612, 'I_gpe': 1.3666631375791405, 'I_gpi': 2.094113740254814, 'noise_stn_sigma': 7.020772834459966, 'noise_gpe_sigma': 126.7177396320606, 'noise_gpi_sigma': 101.92356766813471, 'g_stn_gpe_mult': 2.9778678597379686, 'g_gpe_stn_mult': 0.5066078449886519, 'g_stn_gpi_mult': 3.209497052075498, 'g_gpe_gpi_mult': 0.5044221745925883}. Best is trial 855 with value: 0.3684472722325858.
[I 2026-05-28 23:41:30,963] Trial 972 finished with value: 1.2335389277933024 and parameters: {'ISTN': 60.65267972488347, 'I_gpe': 1.3869941580827354, 'I_gpi': 2.1356611376494605, 'noise_stn_sigma': 7.029010129885185, 'noise_gpe_sigma': 127.6207250289418, 'noise_gpi_sigma': 102.03884881216051, 'g_stn_gpe_mult': 2.9565005814885765, 'g_gpe_stn_mult': 0.5054768476581615, 'g_stn_gpi_mult': 3.2075810364440143, 'g_gpe_gpi_mult': 0.5064853120642314}. Best is trial 855 with value: 0.3684472722325858.
[I 2026-05-28 23:41:31,973] Trial 973 finished with value: 0.4638913393338746 and parameters: {'ISTN': 60.36293755698888, 'I_gpe': 1.386287727056851, 'I_gpi': 2.106921609399976, 'noise_stn_sigma': 7.043303391196041, 'noise_gpe_sigma': 126.52249740791432, 'noise_gpi_sigma': 102.23727355381254, 'g_stn_gpe_mult': 2.98262127110926, 'g_gpe_stn_mult': 0.5047552639876676, 'g_stn_gpi_mult': 3.2166489648650414, 'g_gpe_gpi_mult': 0.505900602003683}. Best is trial 855 with value: 0.3684472722325858.
[I 2026-05-28 23:41:32,980] Trial 974 finished with value: 1.1606045531273694 and parameters: {'ISTN': 60.02939913323014, 'I_gpe': 1.3831287321670136, 'I_gpi': 2.0881654625753727, 'noise_stn_sigma': 7.083466891687361, 'noise_gpe_sigma': 127.17233970242324, 'noise_gpi_sigma': 102.86780453283295, 'g_stn_gpe_mult': 2.9818715690563993, 'g_gpe_stn_mult': 0.49316801158688883, 'g_stn_gpi_mult': 3.2124109648205477, 'g_gpe_gpi_mult': 0.5068185509757547}. Best is trial 855 with value: 0.3684472722325858.
[I 2026-05-28 23:41:33,987] Trial 975 finished with value: 0.39138898088645246 and parameters: {'ISTN': 60.701738179891805, 'I_gpe': 1.3887388971852186, 'I_gpi': 2.1334013000514718, 'noise_stn_sigma': 7.058744899966454, 'noise_gpe_sigma': 127.11799231014847, 'noise_gpi_sigma': 102.06213723785272, 'g_stn_gpe_mult': 2.9631382636797134, 'g_gpe_stn_mult': 0.5064519050718308, 'g_stn_gpi_mult': 3.205168335245499, 'g_gpe_gpi_mult': 0.5100896175888497}. Best is trial 855 with value: 0.3684472722325858.
[I 2026-05-28 23:41:34,996] Trial 976 finished with value: 0.8328120757990636 and parameters: {'ISTN': 60.69787876074538, 'I_gpe': 1.3856731481575153, 'I_gpi': 2.118185876340047, 'noise_stn_sigma': 7.058234320705641, 'noise_gpe_sigma': 126.4680278763858, 'noise_gpi_sigma': 101.84461166367777, 'g_stn_gpe_mult': 2.9580550381927098, 'g_gpe_stn_mult': 0.5117122548499242, 'g_stn_gpi_mult': 3.2135470480955077, 'g_gpe_gpi_mult': 0.5060072004157254}. Best is trial 855 with value: 0.3684472722325858.
[I 2026-05-28 23:41:36,003] Trial 977 finished with value: 0.717461899035007 and parameters: {'ISTN': 60.74462100956174, 'I_gpe': 1.3814007564215531, 'I_gpi': 2.131638129076518, 'noise_stn_sigma': 7.015603732674798, 'noise_gpe_sigma': 127.38369259322242, 'noise_gpi_sigma': 101.14076753079917, 'g_stn_gpe_mult': 2.9842765135299945, 'g_gpe_stn_mult': 0.5084976146686774, 'g_stn_gpi_mult': 3.2024435825322866, 'g_gpe_gpi_mult': 0.5086220209926564}. Best is trial 855 with value: 0.3684472722325858.
[I 2026-05-28 23:41:37,010] Trial 978 finished with value: 0.9396915711165936 and parameters: {'ISTN': 60.65390789961248, 'I_gpe': 1.382908148398408, 'I_gpi': 2.1411627631965295, 'noise_stn_sigma': 6.985420023418407, 'noise_gpe_sigma': 126.50499470439834, 'noise_gpi_sigma': 101.8280440101151, 'g_stn_gpe_mult': 2.958650363848242, 'g_gpe_stn_mult': 0.5125053499486342, 'g_stn_gpi_mult': 3.1994940411471116, 'g_gpe_gpi_mult': 0.5075754112944048}. Best is trial 855 with value: 0.3684472722325858.
[I 2026-05-28 23:41:38,019] Trial 979 finished with value: 0.3991811791044215 and parameters: {'ISTN': 60.62197622360537, 'I_gpe': 1.3934416811120447, 'I_gpi': 2.11147884502536, 'noise_stn_sigma': 7.044645839551071, 'noise_gpe_sigma': 126.17204607232372, 'noise_gpi_sigma': 102.61764809573377, 'g_stn_gpe_mult': 2.9735268742394947, 'g_gpe_stn_mult': 0.5032537875779743, 'g_stn_gpi_mult': 3.1985872214715, 'g_gpe_gpi_mult': 0.507595424852579}. Best is trial 855 with value: 0.3684472722325858.
[I 2026-05-28 23:41:38,968] Trial 980 finished with value: 1000000.0 and parameters: {'ISTN': 60.349338235119845, 'I_gpe': 1.3912028759688018, 'I_gpi': 2.1285344589869712, 'noise_stn_sigma': 7.035038899219216, 'noise_gpe_sigma': 126.71910675326185, 'noise_gpi_sigma': 101.44828432598982, 'g_stn_gpe_mult': 2.992457122116381, 'g_gpe_stn_mult': 0.5041084808913922, 'g_stn_gpi_mult': 3.2017121514875764, 'g_gpe_gpi_mult': 0.5140293865368922}. Best is trial 855 with value: 0.3684472722325858.
[I 2026-05-28 23:41:39,977] Trial 981 finished with value: 0.6295865697136832 and parameters: {'ISTN': 60.615082190639825, 'I_gpe': 1.3829086056505993, 'I_gpi': 2.1001670406740622, 'noise_stn_sigma': 7.0211374686715455, 'noise_gpe_sigma': 126.4640691988655, 'noise_gpi_sigma': 102.18149496365044, 'g_stn_gpe_mult': 2.959744508557494, 'g_gpe_stn_mult': 0.5027018465544926, 'g_stn_gpi_mult': 3.222919863009174, 'g_gpe_gpi_mult': 0.5110687669705765}. Best is trial 855 with value: 0.3684472722325858.
[I 2026-05-28 23:41:40,984] Trial 982 finished with value: 1.118316123371562 and parameters: {'ISTN': 60.68721423217885, 'I_gpe': 1.391641049558227, 'I_gpi': 2.127535442830753, 'noise_stn_sigma': 7.095728046563327, 'noise_gpe_sigma': 126.96971674277309, 'noise_gpi_sigma': 101.79948698451079, 'g_stn_gpe_mult': 2.9789368116159114, 'g_gpe_stn_mult': 0.5038305875189399, 'g_stn_gpi_mult': 3.2085079386838986, 'g_gpe_gpi_mult': 0.5210969253116939}. Best is trial 855 with value: 0.3684472722325858.
[I 2026-05-28 23:41:41,992] Trial 983 finished with value: 1.7557225366674514 and parameters: {'ISTN': 60.38809534305425, 'I_gpe': 1.372718501870761, 'I_gpi': 2.1235008247979343, 'noise_stn_sigma': 7.0602498439700945, 'noise_gpe_sigma': 126.5799977815972, 'noise_gpi_sigma': 101.75151745516486, 'g_stn_gpe_mult': 2.98917958853869, 'g_gpe_stn_mult': 0.5087579470577667, 'g_stn_gpi_mult': 3.1974956368830765, 'g_gpe_gpi_mult': 0.5131004614137917}. Best is trial 855 with value: 0.3684472722325858.
[I 2026-05-28 23:41:42,999] Trial 984 finished with value: 0.3850216773524829 and parameters: {'ISTN': 60.61265482105526, 'I_gpe': 1.3732907353175783, 'I_gpi': 2.117649051299133, 'noise_stn_sigma': 7.057253135472112, 'noise_gpe_sigma': 126.49151778028919, 'noise_gpi_sigma': 102.0405921532293, 'g_stn_gpe_mult': 2.966452211285757, 'g_gpe_stn_mult': 0.5103178759682204, 'g_stn_gpi_mult': 3.207448588998605, 'g_gpe_gpi_mult': 0.5136752491065025}. Best is trial 855 with value: 0.3684472722325858.
[I 2026-05-28 23:41:44,009] Trial 985 finished with value: 0.4944832472453488 and parameters: {'ISTN': 60.581461094947294, 'I_gpe': 1.3770417331091522, 'I_gpi': 2.1083287365740144, 'noise_stn_sigma': 7.092309299770057, 'noise_gpe_sigma': 127.15563001714527, 'noise_gpi_sigma': 102.71400953676881, 'g_stn_gpe_mult': 2.985001768663273, 'g_gpe_stn_mult': 0.5029652708482935, 'g_stn_gpi_mult': 3.2094372027766913, 'g_gpe_gpi_mult': 0.5099804486004154}. Best is trial 855 with value: 0.3684472722325858.
[I 2026-05-28 23:41:44,958] Trial 986 finished with value: 1000000.0 and parameters: {'ISTN': 60.617299445644086, 'I_gpe': 1.3801679584389175, 'I_gpi': 2.1101932140500503, 'noise_stn_sigma': 7.0387006732763755, 'noise_gpe_sigma': 126.40024540993038, 'noise_gpi_sigma': 101.71601723542246, 'g_stn_gpe_mult': 2.992044012780793, 'g_gpe_stn_mult': 0.5070134222099687, 'g_stn_gpi_mult': 3.2003757224656537, 'g_gpe_gpi_mult': 0.5047657640448098}. Best is trial 855 with value: 0.3684472722325858.
[I 2026-05-28 23:41:45,965] Trial 987 finished with value: 0.8789495307271655 and parameters: {'ISTN': 60.58664276033069, 'I_gpe': 1.3864341903290405, 'I_gpi': 2.097401853682587, 'noise_stn_sigma': 7.030709962364251, 'noise_gpe_sigma': 127.1729551175859, 'noise_gpi_sigma': 102.32931149032912, 'g_stn_gpe_mult': 2.974947884866637, 'g_gpe_stn_mult': 0.49943033698543804, 'g_stn_gpi_mult': 3.195797953464969, 'g_gpe_gpi_mult': 0.5047522739041546}. Best is trial 855 with value: 0.3684472722325858.
[I 2026-05-28 23:41:46,971] Trial 988 finished with value: 0.8736627593814449 and parameters: {'ISTN': 60.575317606599306, 'I_gpe': 1.3778034308839562, 'I_gpi': 2.1202245975781935, 'noise_stn_sigma': 7.066840398004827, 'noise_gpe_sigma': 126.0535829923485, 'noise_gpi_sigma': 102.41064105808273, 'g_stn_gpe_mult': 2.9729476871746394, 'g_gpe_stn_mult': 0.510641229353607, 'g_stn_gpi_mult': 3.2096074935943095, 'g_gpe_gpi_mult': 0.5102784599961716}. Best is trial 855 with value: 0.3684472722325858.
[I 2026-05-28 23:41:47,977] Trial 989 finished with value: 0.408728069583008 and parameters: {'ISTN': 60.162888130928884, 'I_gpe': 1.3781774320559868, 'I_gpi': 2.119608345055682, 'noise_stn_sigma': 6.960534759161081, 'noise_gpe_sigma': 127.4116772497394, 'noise_gpi_sigma': 102.00045171361967, 'g_stn_gpe_mult': 2.9924129546339295, 'g_gpe_stn_mult': 0.49858541968405734, 'g_stn_gpi_mult': 3.212332139919093, 'g_gpe_gpi_mult': 0.509026097874929}. Best is trial 855 with value: 0.3684472722325858.
[I 2026-05-28 23:41:48,988] Trial 990 finished with value: 0.5228381600542109 and parameters: {'ISTN': 60.68442121340753, 'I_gpe': 1.383568987493992, 'I_gpi': 2.0873436665978318, 'noise_stn_sigma': 7.015532346716409, 'noise_gpe_sigma': 126.86079091386209, 'noise_gpi_sigma': 101.90170572670048, 'g_stn_gpe_mult': 2.978278390012691, 'g_gpe_stn_mult': 0.5055896895907127, 'g_stn_gpi_mult': 3.227988638860371, 'g_gpe_gpi_mult': 0.504596655400807}. Best is trial 855 with value: 0.3684472722325858.
[I 2026-05-28 23:41:49,995] Trial 991 finished with value: 0.54048747312124 and parameters: {'ISTN': 60.44679856254786, 'I_gpe': 1.374776571328907, 'I_gpi': 2.123597567976679, 'noise_stn_sigma': 7.087257554987761, 'noise_gpe_sigma': 126.62503948546855, 'noise_gpi_sigma': 101.82430249644402, 'g_stn_gpe_mult': 2.9793280395015698, 'g_gpe_stn_mult': 0.5073652349527219, 'g_stn_gpi_mult': 3.214240440218123, 'g_gpe_gpi_mult': 0.520645494813641}. Best is trial 855 with value: 0.3684472722325858.
[I 2026-05-28 23:41:51,004] Trial 992 finished with value: 0.37128700054496594 and parameters: {'ISTN': 60.20398618619419, 'I_gpe': 1.3708909595596055, 'I_gpi': 2.09933170720515, 'noise_stn_sigma': 7.053505480651813, 'noise_gpe_sigma': 126.8939302574748, 'noise_gpi_sigma': 102.56711308483344, 'g_stn_gpe_mult': 2.9546225855763906, 'g_gpe_stn_mult': 0.4991305639647807, 'g_stn_gpi_mult': 3.193039784965585, 'g_gpe_gpi_mult': 0.5132962424433015}. Best is trial 855 with value: 0.3684472722325858.
[I 2026-05-28 23:41:52,011] Trial 993 finished with value: 0.47223686695145173 and parameters: {'ISTN': 60.572590191575266, 'I_gpe': 1.3722479905089546, 'I_gpi': 2.098936826576791, 'noise_stn_sigma': 6.9899889910149815, 'noise_gpe_sigma': 127.04619851930516, 'noise_gpi_sigma': 101.64536291614701, 'g_stn_gpe_mult': 2.9924323280423604, 'g_gpe_stn_mult': 0.5039112682882567, 'g_stn_gpi_mult': 3.2309397441458625, 'g_gpe_gpi_mult': 0.5065683639487089}. Best is trial 855 with value: 0.3684472722325858.
[I 2026-05-28 23:41:53,018] Trial 994 finished with value: 0.6437786344633258 and parameters: {'ISTN': 60.492601789177776, 'I_gpe': 1.3753003925166583, 'I_gpi': 2.083833012987137, 'noise_stn_sigma': 7.070548950690894, 'noise_gpe_sigma': 126.51445850145095, 'noise_gpi_sigma': 102.84990704656387, 'g_stn_gpe_mult': 2.963426712922897, 'g_gpe_stn_mult': 0.5008767669850205, 'g_stn_gpi_mult': 3.2311081352210564, 'g_gpe_gpi_mult': 0.5117460406545653}. Best is trial 855 with value: 0.3684472722325858.
[I 2026-05-28 23:41:54,026] Trial 995 finished with value: 1.6625588465484198 and parameters: {'ISTN': 60.73295558556222, 'I_gpe': 1.3719711708157218, 'I_gpi': 2.138337523165923, 'noise_stn_sigma': 7.0457753232559615, 'noise_gpe_sigma': 126.97014403815885, 'noise_gpi_sigma': 102.8902575015021, 'g_stn_gpe_mult': 2.9820269957512764, 'g_gpe_stn_mult': 0.507105401483249, 'g_stn_gpi_mult': 3.2000199658290454, 'g_gpe_gpi_mult': 0.508316832266504}. Best is trial 855 with value: 0.3684472722325858.
[I 2026-05-28 23:41:55,033] Trial 996 finished with value: 0.3771429227364826 and parameters: {'ISTN': 60.41151370027118, 'I_gpe': 1.3682346292947112, 'I_gpi': 2.106568800981632, 'noise_stn_sigma': 7.009631544974685, 'noise_gpe_sigma': 127.15787673770309, 'noise_gpi_sigma': 102.0369999061246, 'g_stn_gpe_mult': 2.989987886333687, 'g_gpe_stn_mult': 0.5068386714918188, 'g_stn_gpi_mult': 3.222874572085552, 'g_gpe_gpi_mult': 0.5096411855051726}. Best is trial 855 with value: 0.3684472722325858.
[I 2026-05-28 23:41:56,042] Trial 997 finished with value: 0.41185775215783704 and parameters: {'ISTN': 60.599301282886344, 'I_gpe': 1.3796350417212657, 'I_gpi': 2.098027815828624, 'noise_stn_sigma': 7.05514618030481, 'noise_gpe_sigma': 126.6961234058488, 'noise_gpi_sigma': 102.16802962658278, 'g_stn_gpe_mult': 2.954639145831776, 'g_gpe_stn_mult': 0.5076768173256804, 'g_stn_gpi_mult': 3.227325527935247, 'g_gpe_gpi_mult': 0.5087330770100291}. Best is trial 855 with value: 0.3684472722325858.
[I 2026-05-28 23:41:57,050] Trial 998 finished with value: 0.5128015822093919 and parameters: {'ISTN': 60.38198585828954, 'I_gpe': 1.3812339125300184, 'I_gpi': 2.127306587730014, 'noise_stn_sigma': 7.0112923102561595, 'noise_gpe_sigma': 127.0790829998117, 'noise_gpi_sigma': 101.69894090966669, 'g_stn_gpe_mult': 2.977011775248774, 'g_gpe_stn_mult': 0.5064226961306978, 'g_stn_gpi_mult': 3.225878978613794, 'g_gpe_gpi_mult': 0.5195574701414111}. Best is trial 855 with value: 0.3684472722325858.
[I 2026-05-28 23:41:58,058] Trial 999 finished with value: 0.39384649619760237 and parameters: {'ISTN': 60.55097924583448, 'I_gpe': 1.369073375860483, 'I_gpi': 2.0985355839913034, 'noise_stn_sigma': 6.997635520378062, 'noise_gpe_sigma': 126.4674736425888, 'noise_gpi_sigma': 102.22554844725671, 'g_stn_gpe_mult': 2.9628394839250998, 'g_gpe_stn_mult': 0.5092879586557927, 'g_stn_gpi_mult': 3.2248955697448825, 'g_gpe_gpi_mult': 0.5061837927371752}. Best is trial 855 with value: 0.3684472722325858.
Condition: tau5
Seed: 42, Trials: 1000
Bounds:
  ISTN: [60.0, 150.0]
  I_gpe: [0.5, 4.0]
  I_gpi: [1.0, 5.0]
  noise_stn_sigma: [1.0, 8.0]
  noise_gpe_sigma: [20.0, 150.0]
  noise_gpi_sigma: [20.0, 150.0]
  g_stn_gpe_mult: [1.5, 5.0]
  g_gpe_stn_mult: [0.1, 0.8]
  g_stn_gpi_mult: [1.0, 4.0]
  g_gpe_gpi_mult: [0.2, 1.2]
Weights: {'rate': 5.0, 'cv': 0.2, 'beta': 15.0}
JAX devices: [CudaDevice(id=0)]

Building simulator...
Warming up JIT...
JIT ready.


============================================================
DONE: tau5 (seed=42)
  Time: 16.8 min
  Best loss: 0.3684
  STN: 33.6 Hz (target 27.5)
  GPe: 45.9 Hz (target 42.5)
  GPi: 87.3 Hz (target 82.5)
  GPe beta: 21.2%
  STN beta: 31.4%
  Synaptic multipliers:
    g_stn_gpe_mult: 2.992
    g_gpe_stn_mult: 0.501
    g_stn_gpi_mult: 3.180
    g_gpe_gpi_mult: 0.498
  Saved: results/sensitivity2/ou_tau/tau5.pkl
