[I 2026-05-28 23:17:06,152] Trial 528 finished with value: 2.2934751388421715 and parameters: {'ISTN': 61.40755723295097, 'I_gpe': 2.1046104187106973, 'I_gpi': 1.699836542262728, 'noise_stn_sigma': 7.144400542798571, 'noise_gpe_sigma': 134.36961932537844, 'noise_gpi_sigma': 101.91035355337326, 'g_stn_gpe_mult': 3.7918429311653705, 'g_gpe_stn_mult': 0.7066455005549032, 'g_stn_gpi_mult': 3.282671085922706, 'g_gpe_gpi_mult': 0.923287902947078}. Best is trial 396 with value: 2.126500323194939.
[I 2026-05-28 23:17:07,161] Trial 529 finished with value: 4.397155995115469 and parameters: {'ISTN': 61.615307513259125, 'I_gpe': 2.0300089520442266, 'I_gpi': 2.0823952722465005, 'noise_stn_sigma': 6.968544709346371, 'noise_gpe_sigma': 135.00717607690453, 'noise_gpi_sigma': 102.13340827669543, 'g_stn_gpe_mult': 3.610314468674587, 'g_gpe_stn_mult': 0.7137704072494758, 'g_stn_gpi_mult': 3.2530516857126504, 'g_gpe_gpi_mult': 0.852884810448064}. Best is trial 396 with value: 2.126500323194939.
[I 2026-05-28 23:17:08,169] Trial 530 finished with value: 4.2315153909984895 and parameters: {'ISTN': 62.674730508079236, 'I_gpe': 2.075079800704431, 'I_gpi': 1.6206098478717341, 'noise_stn_sigma': 7.0917017856384374, 'noise_gpe_sigma': 129.8537840074352, 'noise_gpi_sigma': 98.3129215791246, 'g_stn_gpe_mult': 3.8925290238914263, 'g_gpe_stn_mult': 0.6855143330998469, 'g_stn_gpi_mult': 3.1791750603192876, 'g_gpe_gpi_mult': 0.9268337491528527}. Best is trial 396 with value: 2.126500323194939.
[I 2026-05-28 23:17:09,177] Trial 531 finished with value: 8.106152105292724 and parameters: {'ISTN': 61.81322268063819, 'I_gpe': 2.10252053336521, 'I_gpi': 1.71920320405897, 'noise_stn_sigma': 7.077784684918708, 'noise_gpe_sigma': 134.90316497194556, 'noise_gpi_sigma': 99.81706929060734, 'g_stn_gpe_mult': 3.6556065836312497, 'g_gpe_stn_mult': 0.6734570896752744, 'g_stn_gpi_mult': 3.3142598438877564, 'g_gpe_gpi_mult': 0.8849323311820267}. Best is trial 396 with value: 2.126500323194939.
[I 2026-05-28 23:17:10,184] Trial 532 finished with value: 9.660674461255 and parameters: {'ISTN': 61.4041625747337, 'I_gpe': 2.0281997720587923, 'I_gpi': 1.6911186264850067, 'noise_stn_sigma': 6.983034323039283, 'noise_gpe_sigma': 130.77793328465185, 'noise_gpi_sigma': 99.60912426881934, 'g_stn_gpe_mult': 3.967382027881305, 'g_gpe_stn_mult': 0.706908619594708, 'g_stn_gpi_mult': 3.2498972292877424, 'g_gpe_gpi_mult': 0.8974988059614102}. Best is trial 396 with value: 2.126500323194939.
[I 2026-05-28 23:17:11,190] Trial 533 finished with value: 6.437698209211577 and parameters: {'ISTN': 61.61581145011333, 'I_gpe': 2.0741270825537192, 'I_gpi': 1.8267258514497378, 'noise_stn_sigma': 6.8566035574438, 'noise_gpe_sigma': 135.21244025553023, 'noise_gpi_sigma': 99.15310557625838, 'g_stn_gpe_mult': 3.7175784272631516, 'g_gpe_stn_mult': 0.7055489477457997, 'g_stn_gpi_mult': 3.1386605671340226, 'g_gpe_gpi_mult': 0.8404181215063562}. Best is trial 396 with value: 2.126500323194939.
[I 2026-05-28 23:17:12,198] Trial 534 finished with value: 7.2289685399674095 and parameters: {'ISTN': 60.69561968609828, 'I_gpe': 2.136477794474577, 'I_gpi': 1.7872514906255188, 'noise_stn_sigma': 7.342758268645341, 'noise_gpe_sigma': 136.24998471057938, 'noise_gpi_sigma': 104.84541193008585, 'g_stn_gpe_mult': 3.877231070417134, 'g_gpe_stn_mult': 0.6968945490948515, 'g_stn_gpi_mult': 3.2121088746877966, 'g_gpe_gpi_mult': 0.9133841443511481}. Best is trial 396 with value: 2.126500323194939.
[I 2026-05-28 23:17:13,205] Trial 535 finished with value: 6.940073507025657 and parameters: {'ISTN': 62.45221917905421, 'I_gpe': 2.1030896983383904, 'I_gpi': 1.8382845507038499, 'noise_stn_sigma': 7.198500528115966, 'noise_gpe_sigma': 136.08434642690344, 'noise_gpi_sigma': 101.26431158338065, 'g_stn_gpe_mult': 3.6430001728949364, 'g_gpe_stn_mult': 0.7168889813682279, 'g_stn_gpi_mult': 3.0158739665090954, 'g_gpe_gpi_mult': 0.8655122071448182}. Best is trial 396 with value: 2.126500323194939.
[I 2026-05-28 23:17:14,215] Trial 536 finished with value: 6.659035481899115 and parameters: {'ISTN': 63.57178676635201, 'I_gpe': 2.0671788597993546, 'I_gpi': 2.0706994628261244, 'noise_stn_sigma': 6.551031447097509, 'noise_gpe_sigma': 129.08998301235266, 'noise_gpi_sigma': 96.4807210192256, 'g_stn_gpe_mult': 3.6265175638605647, 'g_gpe_stn_mult': 0.6925611709128037, 'g_stn_gpi_mult': 3.2350691458456855, 'g_gpe_gpi_mult': 0.8577405543142991}. Best is trial 396 with value: 2.126500323194939.
[I 2026-05-28 23:17:15,224] Trial 537 finished with value: 8.320995126788052 and parameters: {'ISTN': 64.73059497360249, 'I_gpe': 2.1820974817047007, 'I_gpi': 1.5404688517531553, 'noise_stn_sigma': 6.749372807835757, 'noise_gpe_sigma': 129.73959993458072, 'noise_gpi_sigma': 94.40573454846927, 'g_stn_gpe_mult': 3.698508955510815, 'g_gpe_stn_mult': 0.698755738149862, 'g_stn_gpi_mult': 3.419313952135428, 'g_gpe_gpi_mult': 0.9229619452326732}. Best is trial 396 with value: 2.126500323194939.
[I 2026-05-28 23:17:16,232] Trial 538 finished with value: 5.691852495515143 and parameters: {'ISTN': 63.08420227904048, 'I_gpe': 2.0323866772110706, 'I_gpi': 1.8086273796315668, 'noise_stn_sigma': 6.814757050506438, 'noise_gpe_sigma': 127.67707046327295, 'noise_gpi_sigma': 101.65277554926851, 'g_stn_gpe_mult': 3.5617142903354106, 'g_gpe_stn_mult': 0.6967611064939953, 'g_stn_gpi_mult': 3.218620477881448, 'g_gpe_gpi_mult': 0.8851367533143029}. Best is trial 396 with value: 2.126500323194939.
[I 2026-05-28 23:17:17,242] Trial 539 finished with value: 11.166460707060791 and parameters: {'ISTN': 61.18061244999535, 'I_gpe': 2.087271611646165, 'I_gpi': 1.8546984300241083, 'noise_stn_sigma': 7.394013766064102, 'noise_gpe_sigma': 132.98160870506578, 'noise_gpi_sigma': 101.09828870291479, 'g_stn_gpe_mult': 3.7154648244288713, 'g_gpe_stn_mult': 0.7177853082713279, 'g_stn_gpi_mult': 3.3889132146356142, 'g_gpe_gpi_mult': 0.9082646766152263}. Best is trial 396 with value: 2.126500323194939.
[I 2026-05-28 23:17:18,251] Trial 540 finished with value: 7.229723132145978 and parameters: {'ISTN': 64.6882410682983, 'I_gpe': 2.1008951481093976, 'I_gpi': 1.8138577076203957, 'noise_stn_sigma': 7.101264278834263, 'noise_gpe_sigma': 138.98048024828805, 'noise_gpi_sigma': 92.16553352733303, 'g_stn_gpe_mult': 3.6456264610445577, 'g_gpe_stn_mult': 0.7413234734190367, 'g_stn_gpi_mult': 3.224346267312403, 'g_gpe_gpi_mult': 0.9137012871802404}. Best is trial 396 with value: 2.126500323194939.
[I 2026-05-28 23:17:19,261] Trial 541 finished with value: 7.422019577202089 and parameters: {'ISTN': 62.07748569845067, 'I_gpe': 2.044140662669366, 'I_gpi': 1.7852310817162453, 'noise_stn_sigma': 7.233457786515686, 'noise_gpe_sigma': 135.86039668661022, 'noise_gpi_sigma': 108.99513874598443, 'g_stn_gpe_mult': 3.80382508644599, 'g_gpe_stn_mult': 0.7274428399786492, 'g_stn_gpi_mult': 3.2669445970076247, 'g_gpe_gpi_mult': 0.8557163441388074}. Best is trial 396 with value: 2.126500323194939.
[I 2026-05-28 23:17:20,268] Trial 542 finished with value: 6.956563961553934 and parameters: {'ISTN': 63.079727330976596, 'I_gpe': 2.099828232317781, 'I_gpi': 1.8023486323310873, 'noise_stn_sigma': 6.818529296317214, 'noise_gpe_sigma': 133.4831189944146, 'noise_gpi_sigma': 104.2738230506346, 'g_stn_gpe_mult': 3.6806134446883405, 'g_gpe_stn_mult': 0.6954164384281404, 'g_stn_gpi_mult': 3.090826849906395, 'g_gpe_gpi_mult': 0.8712335535130991}. Best is trial 396 with value: 2.126500323194939.
[I 2026-05-28 23:17:21,275] Trial 543 finished with value: 3.960019664732977 and parameters: {'ISTN': 62.51824034869129, 'I_gpe': 2.0585289041079124, 'I_gpi': 1.8249749017486767, 'noise_stn_sigma': 6.68857483262376, 'noise_gpe_sigma': 124.76677871890566, 'noise_gpi_sigma': 101.15517539006834, 'g_stn_gpe_mult': 3.668068193472165, 'g_gpe_stn_mult': 0.7117303699736542, 'g_stn_gpi_mult': 3.1788724952633016, 'g_gpe_gpi_mult': 0.9351130840888853}. Best is trial 396 with value: 2.126500323194939.
[I 2026-05-28 23:17:22,283] Trial 544 finished with value: 7.335079642760032 and parameters: {'ISTN': 60.60994810762143, 'I_gpe': 2.0155650477362084, 'I_gpi': 1.8669545652155635, 'noise_stn_sigma': 7.022923509450916, 'noise_gpe_sigma': 129.0627067756833, 'noise_gpi_sigma': 100.09834109402581, 'g_stn_gpe_mult': 3.722950930977053, 'g_gpe_stn_mult': 0.6795540124060516, 'g_stn_gpi_mult': 3.2143412802425573, 'g_gpe_gpi_mult': 0.8634286708666827}. Best is trial 396 with value: 2.126500323194939.
[I 2026-05-28 23:17:23,291] Trial 545 finished with value: 5.0863153279952 and parameters: {'ISTN': 63.642855691801124, 'I_gpe': 2.0168763157086094, 'I_gpi': 1.840942788830835, 'noise_stn_sigma': 6.886339455099977, 'noise_gpe_sigma': 133.88438996189853, 'noise_gpi_sigma': 101.33909289180527, 'g_stn_gpe_mult': 3.863689913626122, 'g_gpe_stn_mult': 0.7081082041376372, 'g_stn_gpi_mult': 3.234579104983495, 'g_gpe_gpi_mult': 0.8958270884876085}. Best is trial 396 with value: 2.126500323194939.
[I 2026-05-28 23:17:24,297] Trial 546 finished with value: 11.924457941528347 and parameters: {'ISTN': 63.01919619925922, 'I_gpe': 1.9484855385382638, 'I_gpi': 2.0205922297876837, 'noise_stn_sigma': 6.392080662073932, 'noise_gpe_sigma': 128.0828997726644, 'noise_gpi_sigma': 99.67373149714942, 'g_stn_gpe_mult': 3.5220983371856076, 'g_gpe_stn_mult': 0.7305526525444568, 'g_stn_gpi_mult': 3.325339369976086, 'g_gpe_gpi_mult': 0.8719242724147307}. Best is trial 396 with value: 2.126500323194939.
[I 2026-05-28 23:17:25,305] Trial 547 finished with value: 7.698609814324863 and parameters: {'ISTN': 65.2911446636567, 'I_gpe': 2.1350951673602605, 'I_gpi': 1.8672697167092207, 'noise_stn_sigma': 6.83413313180193, 'noise_gpe_sigma': 136.96263996543968, 'noise_gpi_sigma': 90.509187569262, 'g_stn_gpe_mult': 3.7815870537629386, 'g_gpe_stn_mult': 0.7189649753928578, 'g_stn_gpi_mult': 3.175648455220699, 'g_gpe_gpi_mult': 0.8794381347791462}. Best is trial 396 with value: 2.126500323194939.
[I 2026-05-28 23:17:26,313] Trial 548 finished with value: 8.875292215145047 and parameters: {'ISTN': 61.53794042953487, 'I_gpe': 1.983458882539075, 'I_gpi': 1.7942527605386913, 'noise_stn_sigma': 7.012907272468094, 'noise_gpe_sigma': 128.14474092272326, 'noise_gpi_sigma': 95.47814663971903, 'g_stn_gpe_mult': 3.6307592039531134, 'g_gpe_stn_mult': 0.6738477704032103, 'g_stn_gpi_mult': 3.315277149117737, 'g_gpe_gpi_mult': 0.8730004848886403}. Best is trial 396 with value: 2.126500323194939.
[I 2026-05-28 23:17:27,320] Trial 549 finished with value: 7.095585489110096 and parameters: {'ISTN': 63.662227767709766, 'I_gpe': 2.0944078368702876, 'I_gpi': 1.9229366358446534, 'noise_stn_sigma': 6.770530828777749, 'noise_gpe_sigma': 134.7688082008132, 'noise_gpi_sigma': 101.99679985568817, 'g_stn_gpe_mult': 3.6220069245053685, 'g_gpe_stn_mult': 0.6973910824405025, 'g_stn_gpi_mult': 3.176869897130825, 'g_gpe_gpi_mult': 0.8496582183532959}. Best is trial 396 with value: 2.126500323194939.
[I 2026-05-28 23:17:28,328] Trial 550 finished with value: 6.775692033281893 and parameters: {'ISTN': 63.12906629690947, 'I_gpe': 2.11026864322148, 'I_gpi': 1.8543189385756578, 'noise_stn_sigma': 6.65624183167271, 'noise_gpe_sigma': 126.6786711943988, 'noise_gpi_sigma': 104.15964076360913, 'g_stn_gpe_mult': 3.689285320946582, 'g_gpe_stn_mult': 0.7102744134333373, 'g_stn_gpi_mult': 3.330342116499429, 'g_gpe_gpi_mult': 0.8395994228063726}. Best is trial 396 with value: 2.126500323194939.
[I 2026-05-28 23:17:29,337] Trial 551 finished with value: 7.3838890884339365 and parameters: {'ISTN': 64.74200923749073, 'I_gpe': 2.039906411466178, 'I_gpi': 1.7488288448603886, 'noise_stn_sigma': 6.773846067624574, 'noise_gpe_sigma': 127.2508514350842, 'noise_gpi_sigma': 107.49268173969806, 'g_stn_gpe_mult': 3.9014845007921055, 'g_gpe_stn_mult': 0.7078363621222739, 'g_stn_gpi_mult': 3.253375809704683, 'g_gpe_gpi_mult': 0.9352934045519268}. Best is trial 396 with value: 2.126500323194939.
[I 2026-05-28 23:17:30,344] Trial 552 finished with value: 8.374373743279834 and parameters: {'ISTN': 63.6301698586368, 'I_gpe': 2.0518184602045357, 'I_gpi': 1.9989087372511405, 'noise_stn_sigma': 6.42534649424159, 'noise_gpe_sigma': 127.78192785109003, 'noise_gpi_sigma': 112.58362573635466, 'g_stn_gpe_mult': 3.6818965977305407, 'g_gpe_stn_mult': 0.7229568923459899, 'g_stn_gpi_mult': 3.394176357431814, 'g_gpe_gpi_mult': 0.9087266438834318}. Best is trial 396 with value: 2.126500323194939.
[I 2026-05-28 23:17:31,352] Trial 553 finished with value: 9.777832356514685 and parameters: {'ISTN': 64.80605938290756, 'I_gpe': 2.0467884758806587, 'I_gpi': 1.9824205069604326, 'noise_stn_sigma': 6.951776675013265, 'noise_gpe_sigma': 124.35775595401341, 'noise_gpi_sigma': 105.37466072571942, 'g_stn_gpe_mult': 3.684046435382787, 'g_gpe_stn_mult': 0.7212173733301056, 'g_stn_gpi_mult': 3.2069757567584607, 'g_gpe_gpi_mult': 0.9437221424877089}. Best is trial 396 with value: 2.126500323194939.
[I 2026-05-28 23:17:32,357] Trial 554 finished with value: 7.804408133819647 and parameters: {'ISTN': 61.63181139474883, 'I_gpe': 2.076503353479807, 'I_gpi': 1.806346716353429, 'noise_stn_sigma': 6.583333767535726, 'noise_gpe_sigma': 121.51361187228174, 'noise_gpi_sigma': 108.58229738549161, 'g_stn_gpe_mult': 3.739289797128281, 'g_gpe_stn_mult': 0.6874098758509078, 'g_stn_gpi_mult': 3.244926070203458, 'g_gpe_gpi_mult': 0.8899274306942997}. Best is trial 396 with value: 2.126500323194939.
[I 2026-05-28 23:17:33,364] Trial 555 finished with value: 5.8280357283063005 and parameters: {'ISTN': 62.50286934043034, 'I_gpe': 2.0645922468006086, 'I_gpi': 1.9527944200162408, 'noise_stn_sigma': 6.525653580022702, 'noise_gpe_sigma': 126.0514164798507, 'noise_gpi_sigma': 106.0978705791032, 'g_stn_gpe_mult': 3.622585271168124, 'g_gpe_stn_mult': 0.7100158443870931, 'g_stn_gpi_mult': 3.1633341070207255, 'g_gpe_gpi_mult': 0.9424338593367392}. Best is trial 396 with value: 2.126500323194939.
[I 2026-05-28 23:17:34,374] Trial 556 finished with value: 9.908322433995279 and parameters: {'ISTN': 62.69233958682794, 'I_gpe': 2.0145838855197624, 'I_gpi': 1.9461291998834547, 'noise_stn_sigma': 6.524303443247419, 'noise_gpe_sigma': 124.40716995363496, 'noise_gpi_sigma': 103.34836422858541, 'g_stn_gpe_mult': 3.7445633649530365, 'g_gpe_stn_mult': 0.6909397514847839, 'g_stn_gpi_mult': 3.306179243734973, 'g_gpe_gpi_mult': 0.8901580154479247}. Best is trial 396 with value: 2.126500323194939.
[I 2026-05-28 23:17:35,382] Trial 557 finished with value: 5.850161574271804 and parameters: {'ISTN': 62.155337122834666, 'I_gpe': 2.091910728590289, 'I_gpi': 1.9429594745906815, 'noise_stn_sigma': 6.297194431086671, 'noise_gpe_sigma': 129.35420770611486, 'noise_gpi_sigma': 95.98754328671568, 'g_stn_gpe_mult': 3.76066707943126, 'g_gpe_stn_mult': 0.6998417459477982, 'g_stn_gpi_mult': 3.043221466617591, 'g_gpe_gpi_mult': 0.8951249325966133}. Best is trial 396 with value: 2.126500323194939.
[I 2026-05-28 23:17:36,391] Trial 558 finished with value: 5.746664057519441 and parameters: {'ISTN': 61.150739231357875, 'I_gpe': 2.112541998825424, 'I_gpi': 1.6792406535349294, 'noise_stn_sigma': 6.879176458270653, 'noise_gpe_sigma': 130.9001623959055, 'noise_gpi_sigma': 98.27163489292462, 'g_stn_gpe_mult': 3.7779119244138335, 'g_gpe_stn_mult': 0.7046435336721715, 'g_stn_gpi_mult': 3.174161386908847, 'g_gpe_gpi_mult': 0.9316947552980039}. Best is trial 396 with value: 2.126500323194939.
[I 2026-05-28 23:17:37,400] Trial 559 finished with value: 7.923670442334842 and parameters: {'ISTN': 64.77696144958347, 'I_gpe': 2.122220480654602, 'I_gpi': 1.78094839874177, 'noise_stn_sigma': 7.078804823689158, 'noise_gpe_sigma': 125.97098992318088, 'noise_gpi_sigma': 108.9903627086626, 'g_stn_gpe_mult': 3.6972849570532285, 'g_gpe_stn_mult': 0.7263140843091078, 'g_stn_gpi_mult': 3.319978901759173, 'g_gpe_gpi_mult': 0.9442292852785306}. Best is trial 396 with value: 2.126500323194939.
[I 2026-05-28 23:17:38,410] Trial 560 finished with value: 5.307662480608121 and parameters: {'ISTN': 62.88183360197664, 'I_gpe': 2.030364112747975, 'I_gpi': 1.8435630794253295, 'noise_stn_sigma': 6.961294969446274, 'noise_gpe_sigma': 119.06354117291727, 'noise_gpi_sigma': 106.59454819474288, 'g_stn_gpe_mult': 3.5721169925666207, 'g_gpe_stn_mult': 0.716060593206228, 'g_stn_gpi_mult': 3.3731644054700225, 'g_gpe_gpi_mult': 0.9386457967599364}. Best is trial 396 with value: 2.126500323194939.
[I 2026-05-28 23:17:39,418] Trial 561 finished with value: 11.136317206461744 and parameters: {'ISTN': 63.705461814123154, 'I_gpe': 2.0745154070681724, 'I_gpi': 1.769026079038344, 'noise_stn_sigma': 6.999694592950155, 'noise_gpe_sigma': 125.32500965760367, 'noise_gpi_sigma': 101.54276022588088, 'g_stn_gpe_mult': 3.670649302328218, 'g_gpe_stn_mult': 0.6933338030084676, 'g_stn_gpi_mult': 3.1834485006087667, 'g_gpe_gpi_mult': 0.9219274776058943}. Best is trial 396 with value: 2.126500323194939.
[I 2026-05-28 23:17:40,425] Trial 562 finished with value: 5.010194694856605 and parameters: {'ISTN': 63.39115848679046, 'I_gpe': 2.063576359538775, 'I_gpi': 1.7066745355309703, 'noise_stn_sigma': 6.865058103843538, 'noise_gpe_sigma': 126.05014572710625, 'noise_gpi_sigma': 109.31004943415587, 'g_stn_gpe_mult': 3.7401603334343356, 'g_gpe_stn_mult': 0.703038407028478, 'g_stn_gpi_mult': 3.3776727619978413, 'g_gpe_gpi_mult': 0.944076864178975}. Best is trial 396 with value: 2.126500323194939.
[I 2026-05-28 23:17:41,434] Trial 563 finished with value: 5.91032518734605 and parameters: {'ISTN': 61.56798018787058, 'I_gpe': 2.0940957883752356, 'I_gpi': 1.7210717325449374, 'noise_stn_sigma': 6.804033467479076, 'noise_gpe_sigma': 123.9654762185087, 'noise_gpi_sigma': 100.18461170570355, 'g_stn_gpe_mult': 3.6136727898665795, 'g_gpe_stn_mult': 0.6948346078250653, 'g_stn_gpi_mult': 3.237310519490207, 'g_gpe_gpi_mult': 0.9413132412893328}. Best is trial 396 with value: 2.126500323194939.
[I 2026-05-28 23:17:42,442] Trial 564 finished with value: 2.6164955816791045 and parameters: {'ISTN': 63.47733644020548, 'I_gpe': 2.024008238093656, 'I_gpi': 1.8732376711979435, 'noise_stn_sigma': 6.55488370677838, 'noise_gpe_sigma': 121.58938004521707, 'noise_gpi_sigma': 99.10143310298902, 'g_stn_gpe_mult': 3.646284492507598, 'g_gpe_stn_mult': 0.720322610411155, 'g_stn_gpi_mult': 3.201929314707459, 'g_gpe_gpi_mult': 0.9591053017249638}. Best is trial 396 with value: 2.126500323194939.
[I 2026-05-28 23:17:43,449] Trial 565 finished with value: 11.34444827069331 and parameters: {'ISTN': 62.32073108743183, 'I_gpe': 2.049748283055999, 'I_gpi': 1.8556232214146333, 'noise_stn_sigma': 6.900275954173973, 'noise_gpe_sigma': 124.08333560658168, 'noise_gpi_sigma': 104.29844691530333, 'g_stn_gpe_mult': 3.6185044774785764, 'g_gpe_stn_mult': 0.6906784741645928, 'g_stn_gpi_mult': 3.188845111656768, 'g_gpe_gpi_mult': 0.9450530442970948}. Best is trial 396 with value: 2.126500323194939.
[I 2026-05-28 23:17:44,456] Trial 566 finished with value: 5.905303469791624 and parameters: {'ISTN': 63.271005880497, 'I_gpe': 2.1403043537551545, 'I_gpi': 1.8117069836957778, 'noise_stn_sigma': 6.568351894212378, 'noise_gpe_sigma': 121.88033256229251, 'noise_gpi_sigma': 99.14615651282413, 'g_stn_gpe_mult': 3.44895853204251, 'g_gpe_stn_mult': 0.7172423559261643, 'g_stn_gpi_mult': 3.2115169710574705, 'g_gpe_gpi_mult': 0.901285886980282}. Best is trial 396 with value: 2.126500323194939.
[I 2026-05-28 23:17:45,465] Trial 567 finished with value: 6.822899231350892 and parameters: {'ISTN': 60.99268938658352, 'I_gpe': 2.011044473815057, 'I_gpi': 1.70680461098482, 'noise_stn_sigma': 7.197561558031323, 'noise_gpe_sigma': 119.59764800360261, 'noise_gpi_sigma': 103.40034305504814, 'g_stn_gpe_mult': 3.712679639991109, 'g_gpe_stn_mult': 0.7028269805914362, 'g_stn_gpi_mult': 3.3202519335214626, 'g_gpe_gpi_mult': 0.9252052928626322}. Best is trial 396 with value: 2.126500323194939.
[I 2026-05-28 23:17:46,473] Trial 568 finished with value: 7.919593012446137 and parameters: {'ISTN': 62.88592928249466, 'I_gpe': 1.9955016964560557, 'I_gpi': 1.8441407835963464, 'noise_stn_sigma': 6.894232810226921, 'noise_gpe_sigma': 132.37211788811186, 'noise_gpi_sigma': 98.53874967204614, 'g_stn_gpe_mult': 3.647312609744642, 'g_gpe_stn_mult': 0.7211057392142991, 'g_stn_gpi_mult': 3.1039199043828622, 'g_gpe_gpi_mult': 0.9481084937265543}. Best is trial 396 with value: 2.126500323194939.
[I 2026-05-28 23:17:47,479] Trial 569 finished with value: 7.904244328491812 and parameters: {'ISTN': 60.79440645230319, 'I_gpe': 2.1260067931164466, 'I_gpi': 1.7948169189040915, 'noise_stn_sigma': 6.879858169115291, 'noise_gpe_sigma': 121.03655709219574, 'noise_gpi_sigma': 105.7076299899021, 'g_stn_gpe_mult': 3.534636599886915, 'g_gpe_stn_mult': 0.6899243377388304, 'g_stn_gpi_mult': 3.152110842186378, 'g_gpe_gpi_mult': 0.9335091561019635}. Best is trial 396 with value: 2.126500323194939.
[I 2026-05-28 23:17:48,488] Trial 570 finished with value: 6.298329522130513 and parameters: {'ISTN': 63.62065828664669, 'I_gpe': 2.1498075388968325, 'I_gpi': 1.6546261546078593, 'noise_stn_sigma': 6.859154416899389, 'noise_gpe_sigma': 123.92607758841758, 'noise_gpi_sigma': 103.27939237262888, 'g_stn_gpe_mult': 3.736898351444067, 'g_gpe_stn_mult': 0.7174471794526797, 'g_stn_gpi_mult': 3.314735982741809, 'g_gpe_gpi_mult': 0.9170992914073275}. Best is trial 396 with value: 2.126500323194939.
[I 2026-05-28 23:17:49,497] Trial 571 finished with value: 8.538025516487046 and parameters: {'ISTN': 64.85400580439347, 'I_gpe': 2.1347396949630166, 'I_gpi': 1.737291189966874, 'noise_stn_sigma': 6.478097090172879, 'noise_gpe_sigma': 122.61583975574992, 'noise_gpi_sigma': 104.55730838487628, 'g_stn_gpe_mult': 3.5903135989137467, 'g_gpe_stn_mult': 0.6957090179839044, 'g_stn_gpi_mult': 3.1924876025227635, 'g_gpe_gpi_mult': 0.9056634278991536}. Best is trial 396 with value: 2.126500323194939.
