[I 2026-05-29 00:13:09,816] Trial 836 finished with value: 0.1214674951514651 and parameters: {'ISTN': 60.33520389799167, 'I_gpe': 1.3140039764896478, 'I_gpi': 2.007106872286129, 'noise_stn_sigma': 3.972094942724205, 'noise_gpe_sigma': 103.27789786465748, 'noise_gpi_sigma': 80.06290653368109, 'g_stn_gpe_mult': 2.836924530143066, 'g_gpe_stn_mult': 0.13646820689312764, 'g_stn_gpi_mult': 2.35903580338212, 'g_gpe_gpi_mult': 0.42196662212102737}. Best is trial 830 with value: 0.11320755639148684.
[I 2026-05-29 00:13:10,823] Trial 837 finished with value: 0.13969734665153938 and parameters: {'ISTN': 61.89467518797801, 'I_gpe': 1.3459322548005432, 'I_gpi': 2.253950993379158, 'noise_stn_sigma': 3.746826824377354, 'noise_gpe_sigma': 102.38505609801261, 'noise_gpi_sigma': 82.56894193569765, 'g_stn_gpe_mult': 2.799141390090896, 'g_gpe_stn_mult': 0.11810482425906206, 'g_stn_gpi_mult': 2.2049906892323854, 'g_gpe_gpi_mult': 0.5266556608128826}. Best is trial 830 with value: 0.11320755639148684.
[I 2026-05-29 00:13:11,832] Trial 838 finished with value: 0.8534705240567466 and parameters: {'ISTN': 60.814931488243445, 'I_gpe': 1.3027456655384535, 'I_gpi': 2.089673974275798, 'noise_stn_sigma': 3.7157988468223975, 'noise_gpe_sigma': 105.72405161123677, 'noise_gpi_sigma': 83.40071958822494, 'g_stn_gpe_mult': 2.791743816768699, 'g_gpe_stn_mult': 0.10418718203061422, 'g_stn_gpi_mult': 2.2489991391899986, 'g_gpe_gpi_mult': 0.5006300571439575}. Best is trial 830 with value: 0.11320755639148684.
[I 2026-05-29 00:13:12,839] Trial 839 finished with value: 0.14140374535499023 and parameters: {'ISTN': 61.8374107513812, 'I_gpe': 1.3921649026652394, 'I_gpi': 2.279875921118626, 'noise_stn_sigma': 3.762256481954555, 'noise_gpe_sigma': 101.8836833617114, 'noise_gpi_sigma': 77.96536489074194, 'g_stn_gpe_mult': 2.82943983208767, 'g_gpe_stn_mult': 0.10825064218982973, 'g_stn_gpi_mult': 2.1961890034740232, 'g_gpe_gpi_mult': 0.5340872625913347}. Best is trial 830 with value: 0.11320755639148684.
[I 2026-05-29 00:13:13,844] Trial 840 finished with value: 0.11793268984813811 and parameters: {'ISTN': 60.25422034837699, 'I_gpe': 1.430393388800122, 'I_gpi': 2.2007838398530115, 'noise_stn_sigma': 4.01251744205906, 'noise_gpe_sigma': 105.45378526921874, 'noise_gpi_sigma': 80.90361377196052, 'g_stn_gpe_mult': 2.869613098592348, 'g_gpe_stn_mult': 0.10909437265593482, 'g_stn_gpi_mult': 2.2281687919700923, 'g_gpe_gpi_mult': 0.48684451559509423}. Best is trial 830 with value: 0.11320755639148684.
[I 2026-05-29 00:13:14,853] Trial 841 finished with value: 0.12075764998126001 and parameters: {'ISTN': 60.394189679688765, 'I_gpe': 1.3949974798426263, 'I_gpi': 2.1558184172000674, 'noise_stn_sigma': 4.052413836914717, 'noise_gpe_sigma': 97.37039942415133, 'noise_gpi_sigma': 80.6129620059157, 'g_stn_gpe_mult': 2.9193750061010446, 'g_gpe_stn_mult': 0.12815830058723426, 'g_stn_gpi_mult': 2.2525920663714882, 'g_gpe_gpi_mult': 0.49102393626668045}. Best is trial 830 with value: 0.11320755639148684.
[I 2026-05-29 00:13:15,861] Trial 842 finished with value: 0.1132783615844504 and parameters: {'ISTN': 60.31978766888309, 'I_gpe': 1.4228834644752268, 'I_gpi': 2.1100443771537414, 'noise_stn_sigma': 3.8899091681099094, 'noise_gpe_sigma': 104.57465549473568, 'noise_gpi_sigma': 77.35527372246338, 'g_stn_gpe_mult': 2.897443130437493, 'g_gpe_stn_mult': 0.10258853422933556, 'g_stn_gpi_mult': 2.3107848467073144, 'g_gpe_gpi_mult': 0.46630958912358417}. Best is trial 830 with value: 0.11320755639148684.
[I 2026-05-29 00:13:16,870] Trial 843 finished with value: 0.11957067231366386 and parameters: {'ISTN': 60.41982245185127, 'I_gpe': 1.3470555305774843, 'I_gpi': 2.1527998339813794, 'noise_stn_sigma': 4.154320786159477, 'noise_gpe_sigma': 100.3090679849459, 'noise_gpi_sigma': 78.02359712292946, 'g_stn_gpe_mult': 2.7901634870789995, 'g_gpe_stn_mult': 0.12388554161174661, 'g_stn_gpi_mult': 2.265783463010254, 'g_gpe_gpi_mult': 0.5095060906563735}. Best is trial 830 with value: 0.11320755639148684.
[I 2026-05-29 00:13:17,879] Trial 844 finished with value: 1.7452447652500513 and parameters: {'ISTN': 60.49433149218763, 'I_gpe': 1.4225079163471057, 'I_gpi': 2.0793596562509054, 'noise_stn_sigma': 3.6257082873248585, 'noise_gpe_sigma': 109.62868326944218, 'noise_gpi_sigma': 75.42762071170884, 'g_stn_gpe_mult': 2.8733640221613665, 'g_gpe_stn_mult': 0.13794693610090417, 'g_stn_gpi_mult': 2.3855986064379495, 'g_gpe_gpi_mult': 0.3277835843609666}. Best is trial 830 with value: 0.11320755639148684.
[I 2026-05-29 00:13:18,887] Trial 845 finished with value: 0.2060852299163615 and parameters: {'ISTN': 60.85940422310343, 'I_gpe': 1.4080345488772283, 'I_gpi': 2.0793017153272757, 'noise_stn_sigma': 3.9924599313910094, 'noise_gpe_sigma': 99.14495797524978, 'noise_gpi_sigma': 82.36122934806471, 'g_stn_gpe_mult': 2.9685904430385444, 'g_gpe_stn_mult': 0.12661398559825865, 'g_stn_gpi_mult': 2.330841149624548, 'g_gpe_gpi_mult': 0.5200156564045586}. Best is trial 830 with value: 0.11320755639148684.
[I 2026-05-29 00:13:19,894] Trial 846 finished with value: 0.12316677748920463 and parameters: {'ISTN': 61.1400714286083, 'I_gpe': 1.3335255131279369, 'I_gpi': 2.089804108972946, 'noise_stn_sigma': 3.889315133940435, 'noise_gpe_sigma': 103.64462836591645, 'noise_gpi_sigma': 80.8301428856351, 'g_stn_gpe_mult': 2.871875022606228, 'g_gpe_stn_mult': 0.11216607576289632, 'g_stn_gpi_mult': 2.35500094713292, 'g_gpe_gpi_mult': 0.45084939022778553}. Best is trial 830 with value: 0.11320755639148684.
[I 2026-05-29 00:13:20,901] Trial 847 finished with value: 0.11445093663676265 and parameters: {'ISTN': 60.05062426291109, 'I_gpe': 1.3153308311860197, 'I_gpi': 2.1628427016079854, 'noise_stn_sigma': 4.038484277996344, 'noise_gpe_sigma': 106.18989935959617, 'noise_gpi_sigma': 79.77258211954006, 'g_stn_gpe_mult': 2.636616670342599, 'g_gpe_stn_mult': 0.10962218053178983, 'g_stn_gpi_mult': 2.2856913648011346, 'g_gpe_gpi_mult': 0.5024159802834063}. Best is trial 830 with value: 0.11320755639148684.
[I 2026-05-29 00:13:21,910] Trial 848 finished with value: 0.12388477814444468 and parameters: {'ISTN': 60.798950531904104, 'I_gpe': 1.369141056804133, 'I_gpi': 2.070890593431602, 'noise_stn_sigma': 3.616770661604243, 'noise_gpe_sigma': 108.14965394761745, 'noise_gpi_sigma': 76.17182509912067, 'g_stn_gpe_mult': 2.769360139722005, 'g_gpe_stn_mult': 0.11561253404571159, 'g_stn_gpi_mult': 2.3026124161862667, 'g_gpe_gpi_mult': 0.4377819378134467}. Best is trial 830 with value: 0.11320755639148684.
[I 2026-05-29 00:13:22,918] Trial 849 finished with value: 0.9823800534252242 and parameters: {'ISTN': 62.24278687352044, 'I_gpe': 1.3930133042694102, 'I_gpi': 1.9420989927083985, 'noise_stn_sigma': 3.7275920054632303, 'noise_gpe_sigma': 103.45854189028428, 'noise_gpi_sigma': 79.94757059117319, 'g_stn_gpe_mult': 2.78924725724928, 'g_gpe_stn_mult': 0.11568743010580435, 'g_stn_gpi_mult': 2.4343436825274596, 'g_gpe_gpi_mult': 0.4441831513794152}. Best is trial 830 with value: 0.11320755639148684.
[I 2026-05-29 00:13:23,924] Trial 850 finished with value: 0.11419914664769092 and parameters: {'ISTN': 61.03765022938259, 'I_gpe': 1.3958887013005497, 'I_gpi': 2.143812942411323, 'noise_stn_sigma': 4.125175747689733, 'noise_gpe_sigma': 96.30537303887016, 'noise_gpi_sigma': 85.25133097241763, 'g_stn_gpe_mult': 3.0068893517622675, 'g_gpe_stn_mult': 0.10542588887130441, 'g_stn_gpi_mult': 2.192270319033877, 'g_gpe_gpi_mult': 0.5284365216560967}. Best is trial 830 with value: 0.11320755639148684.
[I 2026-05-29 00:13:24,933] Trial 851 finished with value: 0.1271157997771351 and parameters: {'ISTN': 61.437575129889545, 'I_gpe': 1.461175184655591, 'I_gpi': 2.160580750134474, 'noise_stn_sigma': 3.9557038467760344, 'noise_gpe_sigma': 106.90137556985187, 'noise_gpi_sigma': 80.28395124555556, 'g_stn_gpe_mult': 2.8637359957918775, 'g_gpe_stn_mult': 0.10137595398989367, 'g_stn_gpi_mult': 2.2211690435749842, 'g_gpe_gpi_mult': 0.4726522389585859}. Best is trial 830 with value: 0.11320755639148684.
[I 2026-05-29 00:13:25,943] Trial 852 finished with value: 0.12516149075491637 and parameters: {'ISTN': 61.17960426522808, 'I_gpe': 1.2369703046884895, 'I_gpi': 2.1624554545725685, 'noise_stn_sigma': 3.9356909813250134, 'noise_gpe_sigma': 95.2964048625873, 'noise_gpi_sigma': 82.07594632641536, 'g_stn_gpe_mult': 2.959444725942647, 'g_gpe_stn_mult': 0.10542648537156013, 'g_stn_gpi_mult': 2.18775791220053, 'g_gpe_gpi_mult': 0.5484399321881496}. Best is trial 830 with value: 0.11320755639148684.
[I 2026-05-29 00:13:26,951] Trial 853 finished with value: 0.12570714694754315 and parameters: {'ISTN': 61.07018281422553, 'I_gpe': 1.4240254332479123, 'I_gpi': 2.0916280141469628, 'noise_stn_sigma': 4.0350813181650755, 'noise_gpe_sigma': 107.58574085993426, 'noise_gpi_sigma': 81.7443492888602, 'g_stn_gpe_mult': 2.789196863467208, 'g_gpe_stn_mult': 0.11836081633550988, 'g_stn_gpi_mult': 2.4126347914415045, 'g_gpe_gpi_mult': 0.38609838819614833}. Best is trial 830 with value: 0.11320755639148684.
[I 2026-05-29 00:13:27,959] Trial 854 finished with value: 0.117592491470093 and parameters: {'ISTN': 60.68420952348551, 'I_gpe': 1.4261059201554735, 'I_gpi': 2.0336025002885934, 'noise_stn_sigma': 4.019684225208245, 'noise_gpe_sigma': 99.84759859390509, 'noise_gpi_sigma': 80.29384325485441, 'g_stn_gpe_mult': 2.9100208862093853, 'g_gpe_stn_mult': 0.11348589060523026, 'g_stn_gpi_mult': 2.3511780609722472, 'g_gpe_gpi_mult': 0.43991238652922476}. Best is trial 830 with value: 0.11320755639148684.
[I 2026-05-29 00:13:28,967] Trial 855 finished with value: 0.1251544634308572 and parameters: {'ISTN': 60.34041628417092, 'I_gpe': 1.4118161355120944, 'I_gpi': 2.2721996215087414, 'noise_stn_sigma': 3.967554852422354, 'noise_gpe_sigma': 104.0272115894556, 'noise_gpi_sigma': 77.83200412533793, 'g_stn_gpe_mult': 2.8949594108197623, 'g_gpe_stn_mult': 0.10958111958604416, 'g_stn_gpi_mult': 2.270516409614195, 'g_gpe_gpi_mult': 0.4800552953379258}. Best is trial 830 with value: 0.11320755639148684.
[I 2026-05-29 00:13:29,972] Trial 856 finished with value: 2.518183083121357 and parameters: {'ISTN': 62.5605385937756, 'I_gpe': 1.4593360541529279, 'I_gpi': 2.282482573309254, 'noise_stn_sigma': 3.770259437043729, 'noise_gpe_sigma': 106.16113346991145, 'noise_gpi_sigma': 79.32450995160163, 'g_stn_gpe_mult': 2.931627078151556, 'g_gpe_stn_mult': 0.11659520443704141, 'g_stn_gpi_mult': 2.1908984989571905, 'g_gpe_gpi_mult': 0.5158776908508106}. Best is trial 830 with value: 0.11320755639148684.
[I 2026-05-29 00:13:30,979] Trial 857 finished with value: 0.11975135530788764 and parameters: {'ISTN': 60.522321286608765, 'I_gpe': 1.3265655458881151, 'I_gpi': 2.183889807630858, 'noise_stn_sigma': 4.159455637268657, 'noise_gpe_sigma': 100.86813706062726, 'noise_gpi_sigma': 75.53099054805725, 'g_stn_gpe_mult': 2.8082444033310163, 'g_gpe_stn_mult': 0.11867891003467337, 'g_stn_gpi_mult': 2.249858274353029, 'g_gpe_gpi_mult': 0.4120779414725348}. Best is trial 830 with value: 0.11320755639148684.
[I 2026-05-29 00:13:31,989] Trial 858 finished with value: 0.9505870065064872 and parameters: {'ISTN': 60.899366295497195, 'I_gpe': 1.4142690592599183, 'I_gpi': 2.1096304968314508, 'noise_stn_sigma': 3.8973493964036874, 'noise_gpe_sigma': 105.19544121810966, 'noise_gpi_sigma': 79.1638671307865, 'g_stn_gpe_mult': 2.875842624316489, 'g_gpe_stn_mult': 0.12851756902367067, 'g_stn_gpi_mult': 2.362393965201724, 'g_gpe_gpi_mult': 0.4087958687225383}. Best is trial 830 with value: 0.11320755639148684.
[I 2026-05-29 00:13:32,998] Trial 859 finished with value: 0.13452410265751866 and parameters: {'ISTN': 61.7589106755973, 'I_gpe': 1.3917300085725808, 'I_gpi': 2.1509556807444987, 'noise_stn_sigma': 3.8800713209918847, 'noise_gpe_sigma': 94.69958171168622, 'noise_gpi_sigma': 72.24453097650512, 'g_stn_gpe_mult': 2.938748521354714, 'g_gpe_stn_mult': 0.11670895944977991, 'g_stn_gpi_mult': 2.30558784140442, 'g_gpe_gpi_mult': 0.48713673135131946}. Best is trial 830 with value: 0.11320755639148684.
[I 2026-05-29 00:13:34,008] Trial 860 finished with value: 0.12536544972577998 and parameters: {'ISTN': 60.812709459409064, 'I_gpe': 1.3291691759014337, 'I_gpi': 2.016816011013008, 'noise_stn_sigma': 4.001078763974755, 'noise_gpe_sigma': 104.60171320492978, 'noise_gpi_sigma': 78.86230054497368, 'g_stn_gpe_mult': 2.7534625670426145, 'g_gpe_stn_mult': 0.12297212371443109, 'g_stn_gpi_mult': 2.3172547410820874, 'g_gpe_gpi_mult': 0.4648917369747173}. Best is trial 830 with value: 0.11320755639148684.
[I 2026-05-29 00:13:35,015] Trial 861 finished with value: 0.11905370835963769 and parameters: {'ISTN': 60.63949067747694, 'I_gpe': 1.3488278683220754, 'I_gpi': 2.155950944352953, 'noise_stn_sigma': 4.059247926459511, 'noise_gpe_sigma': 96.77324600387878, 'noise_gpi_sigma': 78.40644082792004, 'g_stn_gpe_mult': 2.873321713739445, 'g_gpe_stn_mult': 0.12172459998213588, 'g_stn_gpi_mult': 2.2493967919867597, 'g_gpe_gpi_mult': 0.44607568056209246}. Best is trial 830 with value: 0.11320755639148684.
[I 2026-05-29 00:13:36,022] Trial 862 finished with value: 0.11099953920999972 and parameters: {'ISTN': 60.182087009860666, 'I_gpe': 1.4415556289659255, 'I_gpi': 2.073687677277978, 'noise_stn_sigma': 4.322333142653859, 'noise_gpe_sigma': 99.3805346074846, 'noise_gpi_sigma': 83.20729224335048, 'g_stn_gpe_mult': 2.886146954656336, 'g_gpe_stn_mult': 0.11627264883591365, 'g_stn_gpi_mult': 2.44675479569878, 'g_gpe_gpi_mult': 0.38400757317402145}. Best is trial 862 with value: 0.11099953920999972.
[I 2026-05-29 00:13:37,031] Trial 863 finished with value: 5.671099356444964 and parameters: {'ISTN': 61.72919840893834, 'I_gpe': 1.2652557489851126, 'I_gpi': 2.056569884375625, 'noise_stn_sigma': 3.8640280866963423, 'noise_gpe_sigma': 99.04986273594102, 'noise_gpi_sigma': 78.13946258395637, 'g_stn_gpe_mult': 2.818953299640394, 'g_gpe_stn_mult': 0.13754893293560788, 'g_stn_gpi_mult': 2.300068431418313, 'g_gpe_gpi_mult': 0.4817926258544425}. Best is trial 862 with value: 0.11099953920999972.
[I 2026-05-29 00:13:38,039] Trial 864 finished with value: 0.11566191518721174 and parameters: {'ISTN': 60.649234379551324, 'I_gpe': 1.4362628551792476, 'I_gpi': 2.181901873461601, 'noise_stn_sigma': 4.070198017568185, 'noise_gpe_sigma': 94.60323344356503, 'noise_gpi_sigma': 83.50828799602479, 'g_stn_gpe_mult': 3.1149944515788377, 'g_gpe_stn_mult': 0.10733107755938538, 'g_stn_gpi_mult': 2.2330899579253214, 'g_gpe_gpi_mult': 0.4878788263498441}. Best is trial 862 with value: 0.11099953920999972.
[I 2026-05-29 00:13:39,046] Trial 865 finished with value: 0.10759940643041808 and parameters: {'ISTN': 60.18597922631585, 'I_gpe': 1.395948252211969, 'I_gpi': 2.121598091120294, 'noise_stn_sigma': 4.017194860221949, 'noise_gpe_sigma': 103.63263554527617, 'noise_gpi_sigma': 84.77044567794242, 'g_stn_gpe_mult': 3.0172138893833416, 'g_gpe_stn_mult': 0.10005477568716423, 'g_stn_gpi_mult': 2.2519924572753105, 'g_gpe_gpi_mult': 0.45802011602089454}. Best is trial 865 with value: 0.10759940643041808.
[I 2026-05-29 00:13:40,054] Trial 866 finished with value: 0.12026172955840413 and parameters: {'ISTN': 61.14030954280877, 'I_gpe': 1.4332785333852387, 'I_gpi': 2.0931761796505644, 'noise_stn_sigma': 4.069518151389341, 'noise_gpe_sigma': 100.86680314122542, 'noise_gpi_sigma': 77.93617548378728, 'g_stn_gpe_mult': 2.87436902782247, 'g_gpe_stn_mult': 0.10966523106021504, 'g_stn_gpi_mult': 2.290502988087482, 'g_gpe_gpi_mult': 0.41481880494529044}. Best is trial 865 with value: 0.10759940643041808.
[I 2026-05-29 00:13:41,064] Trial 867 finished with value: 0.11994958467468618 and parameters: {'ISTN': 60.46406376758895, 'I_gpe': 1.3074865594759273, 'I_gpi': 2.040360970161924, 'noise_stn_sigma': 4.1795248446986655, 'noise_gpe_sigma': 100.43400123194495, 'noise_gpi_sigma': 72.69342699258235, 'g_stn_gpe_mult': 2.753503959536833, 'g_gpe_stn_mult': 0.12086487635230954, 'g_stn_gpi_mult': 2.268209558354289, 'g_gpe_gpi_mult': 0.408716005165115}. Best is trial 865 with value: 0.10759940643041808.
[I 2026-05-29 00:13:42,070] Trial 868 finished with value: 0.18043233775831655 and parameters: {'ISTN': 61.88834697991169, 'I_gpe': 1.5004230523330817, 'I_gpi': 2.017556589642852, 'noise_stn_sigma': 3.812335831421578, 'noise_gpe_sigma': 98.77353248168141, 'noise_gpi_sigma': 72.67520763086176, 'g_stn_gpe_mult': 2.839191442960455, 'g_gpe_stn_mult': 0.11553846372349288, 'g_stn_gpi_mult': 2.3205493634433436, 'g_gpe_gpi_mult': 0.4300133734955014}. Best is trial 865 with value: 0.10759940643041808.
[I 2026-05-29 00:13:43,078] Trial 869 finished with value: 0.36991817691300327 and parameters: {'ISTN': 60.77975986990428, 'I_gpe': 1.3992568030471642, 'I_gpi': 2.042791390156995, 'noise_stn_sigma': 3.8959896706971695, 'noise_gpe_sigma': 99.1497939288561, 'noise_gpi_sigma': 73.70788148353479, 'g_stn_gpe_mult': 2.946355501863321, 'g_gpe_stn_mult': 0.12730644270659705, 'g_stn_gpi_mult': 2.425132932936206, 'g_gpe_gpi_mult': 0.3819749291358564}. Best is trial 865 with value: 0.10759940643041808.
[I 2026-05-29 00:13:44,084] Trial 870 finished with value: 0.3033027814728203 and parameters: {'ISTN': 61.148169604266485, 'I_gpe': 1.2133512343029107, 'I_gpi': 2.0489577982861267, 'noise_stn_sigma': 4.289941679556639, 'noise_gpe_sigma': 97.55632811317798, 'noise_gpi_sigma': 80.56997004778094, 'g_stn_gpe_mult': 2.9682053244205218, 'g_gpe_stn_mult': 0.12357824346226026, 'g_stn_gpi_mult': 2.3016880035779157, 'g_gpe_gpi_mult': 0.45992083909223636}. Best is trial 865 with value: 0.10759940643041808.
[I 2026-05-29 00:13:45,092] Trial 871 finished with value: 0.5866117429765783 and parameters: {'ISTN': 62.08316180608081, 'I_gpe': 1.510909331120376, 'I_gpi': 2.1225606884301254, 'noise_stn_sigma': 4.068481072262346, 'noise_gpe_sigma': 102.77793942629702, 'noise_gpi_sigma': 78.00797997664762, 'g_stn_gpe_mult': 3.013282598188029, 'g_gpe_stn_mult': 0.10541174213637569, 'g_stn_gpi_mult': 2.3320697997611206, 'g_gpe_gpi_mult': 0.399345106361975}. Best is trial 865 with value: 0.10759940643041808.
[I 2026-05-29 00:13:46,101] Trial 872 finished with value: 0.11766060593818904 and parameters: {'ISTN': 60.79562985544127, 'I_gpe': 1.4105761860805779, 'I_gpi': 2.1543651279549225, 'noise_stn_sigma': 4.1577303477071474, 'noise_gpe_sigma': 99.84724153667415, 'noise_gpi_sigma': 82.41685406600521, 'g_stn_gpe_mult': 3.136920803073975, 'g_gpe_stn_mult': 0.11002369239286557, 'g_stn_gpi_mult': 2.254299199639079, 'g_gpe_gpi_mult': 0.4743858432545345}. Best is trial 865 with value: 0.10759940643041808.
[I 2026-05-29 00:13:47,109] Trial 873 finished with value: 0.12098241722468221 and parameters: {'ISTN': 61.025956238418914, 'I_gpe': 1.337907976953796, 'I_gpi': 2.0258473379750415, 'noise_stn_sigma': 4.2548900291546055, 'noise_gpe_sigma': 96.42791730945936, 'noise_gpi_sigma': 81.11478325820454, 'g_stn_gpe_mult': 3.207642424688277, 'g_gpe_stn_mult': 0.11870244528382444, 'g_stn_gpi_mult': 2.3784960326030333, 'g_gpe_gpi_mult': 0.4104857982444163}. Best is trial 865 with value: 0.10759940643041808.
[I 2026-05-29 00:13:48,118] Trial 874 finished with value: 0.12238432453692973 and parameters: {'ISTN': 60.725384998606394, 'I_gpe': 1.302774967654741, 'I_gpi': 2.0261048508751953, 'noise_stn_sigma': 3.9261525018069916, 'noise_gpe_sigma': 107.50831969896042, 'noise_gpi_sigma': 79.10981501264607, 'g_stn_gpe_mult': 2.755977276868834, 'g_gpe_stn_mult': 0.11484262056238148, 'g_stn_gpi_mult': 2.4633168420823024, 'g_gpe_gpi_mult': 0.4023400089698511}. Best is trial 865 with value: 0.10759940643041808.
[I 2026-05-29 00:13:49,124] Trial 875 finished with value: 0.13303471108329198 and parameters: {'ISTN': 61.128614709032675, 'I_gpe': 1.5438420554000518, 'I_gpi': 2.0130227750833614, 'noise_stn_sigma': 3.6599119726543257, 'noise_gpe_sigma': 102.00271351964051, 'noise_gpi_sigma': 79.3581049855775, 'g_stn_gpe_mult': 2.879096949666345, 'g_gpe_stn_mult': 0.10492189365568524, 'g_stn_gpi_mult': 2.33349555263103, 'g_gpe_gpi_mult': 0.4084633800529639}. Best is trial 865 with value: 0.10759940643041808.
[I 2026-05-29 00:13:50,134] Trial 876 finished with value: 3.067067423244465 and parameters: {'ISTN': 62.6561719280792, 'I_gpe': 1.4459289624089418, 'I_gpi': 2.0910403672433855, 'noise_stn_sigma': 3.8340989907977017, 'noise_gpe_sigma': 102.64165322547044, 'noise_gpi_sigma': 79.7721536746657, 'g_stn_gpe_mult': 3.1131735410892, 'g_gpe_stn_mult': 0.1261726528395465, 'g_stn_gpi_mult': 2.403011612883128, 'g_gpe_gpi_mult': 0.3966488148221047}. Best is trial 865 with value: 0.10759940643041808.
[I 2026-05-29 00:13:51,142] Trial 877 finished with value: 0.12656828182717514 and parameters: {'ISTN': 61.014518868131674, 'I_gpe': 1.2578349363071768, 'I_gpi': 2.2747437366352825, 'noise_stn_sigma': 4.340677692393129, 'noise_gpe_sigma': 91.93118430218472, 'noise_gpi_sigma': 84.99293176935628, 'g_stn_gpe_mult': 3.116818551560238, 'g_gpe_stn_mult': 0.10203636462320459, 'g_stn_gpi_mult': 2.1610620490693977, 'g_gpe_gpi_mult': 0.5263113491185101}. Best is trial 865 with value: 0.10759940643041808.
[I 2026-05-29 00:13:52,150] Trial 878 finished with value: 0.11654879988174659 and parameters: {'ISTN': 60.34939979576574, 'I_gpe': 1.4156341597195625, 'I_gpi': 2.002455205303934, 'noise_stn_sigma': 4.16531858766401, 'noise_gpe_sigma': 100.14515368405112, 'noise_gpi_sigma': 82.34508721084072, 'g_stn_gpe_mult': 2.9610993619821384, 'g_gpe_stn_mult': 0.11713283006733148, 'g_stn_gpi_mult': 2.419785893542148, 'g_gpe_gpi_mult': 0.3920921249970216}. Best is trial 865 with value: 0.10759940643041808.
[I 2026-05-29 00:13:53,158] Trial 879 finished with value: 0.1985233960684813 and parameters: {'ISTN': 60.55665845823362, 'I_gpe': 1.4682688772076, 'I_gpi': 2.2684350720506687, 'noise_stn_sigma': 3.8404763545941765, 'noise_gpe_sigma': 105.49418034812429, 'noise_gpi_sigma': 84.0112960315349, 'g_stn_gpe_mult': 2.799255192332893, 'g_gpe_stn_mult': 0.11500175969240915, 'g_stn_gpi_mult': 2.3671456356934764, 'g_gpe_gpi_mult': 0.4229018705907873}. Best is trial 865 with value: 0.10759940643041808.
