[I 2026-05-29 00:01:20,780] Trial 132 finished with value: 10.623850817768192 and parameters: {'ISTN': 69.24422020804603, 'I_gpe': 1.68520041669302, 'I_gpi': 1.6351339084450431, 'noise_stn_sigma': 5.017236145662373, 'noise_gpe_sigma': 120.87420087612877, 'noise_gpi_sigma': 67.70352620720796, 'g_stn_gpe_mult': 4.015178722046699, 'g_gpe_stn_mult': 0.14059034432755999, 'g_stn_gpi_mult': 2.8668824635519528, 'g_gpe_gpi_mult': 0.495219792304751}. Best is trial 131 with value: 0.5277539948936589.
[I 2026-05-29 00:01:21,788] Trial 133 finished with value: 13.420784134242602 and parameters: {'ISTN': 84.66507116384827, 'I_gpe': 0.8068434791947384, 'I_gpi': 2.06238101728309, 'noise_stn_sigma': 5.053185574101548, 'noise_gpe_sigma': 113.11206992472964, 'noise_gpi_sigma': 44.24407032144638, 'g_stn_gpe_mult': 3.482905070988921, 'g_gpe_stn_mult': 0.2850924411464075, 'g_stn_gpi_mult': 3.0777434549071603, 'g_gpe_gpi_mult': 0.36383331749296866}. Best is trial 131 with value: 0.5277539948936589.
[I 2026-05-29 00:01:22,798] Trial 134 finished with value: 10.873363940810183 and parameters: {'ISTN': 72.11462424636652, 'I_gpe': 0.9794376583078597, 'I_gpi': 2.3932830555635034, 'noise_stn_sigma': 5.2141716710757695, 'noise_gpe_sigma': 128.90136588735865, 'noise_gpi_sigma': 63.185335539282896, 'g_stn_gpe_mult': 3.7754148942347614, 'g_gpe_stn_mult': 0.1607388781704906, 'g_stn_gpi_mult': 2.8030310176680584, 'g_gpe_gpi_mult': 0.2403971833988114}. Best is trial 131 with value: 0.5277539948936589.
[I 2026-05-29 00:01:23,804] Trial 135 finished with value: 2.845003570819695 and parameters: {'ISTN': 62.98264322613466, 'I_gpe': 1.4431318708732648, 'I_gpi': 1.9654878737796455, 'noise_stn_sigma': 4.49832584732124, 'noise_gpe_sigma': 112.37245738439344, 'noise_gpi_sigma': 67.85433417139278, 'g_stn_gpe_mult': 4.182883731738269, 'g_gpe_stn_mult': 0.14115775465715397, 'g_stn_gpi_mult': 3.393973074056441, 'g_gpe_gpi_mult': 0.525985795659053}. Best is trial 131 with value: 0.5277539948936589.
[I 2026-05-29 00:01:24,811] Trial 136 finished with value: 6.812033613528171 and parameters: {'ISTN': 65.92819626042552, 'I_gpe': 0.7473308131216025, 'I_gpi': 1.6665434026482662, 'noise_stn_sigma': 5.49894094246483, 'noise_gpe_sigma': 118.28963242604824, 'noise_gpi_sigma': 65.97772249176145, 'g_stn_gpe_mult': 4.018639740157877, 'g_gpe_stn_mult': 0.4267508853498415, 'g_stn_gpi_mult': 3.0430209540902875, 'g_gpe_gpi_mult': 0.36984342444284374}. Best is trial 131 with value: 0.5277539948936589.
[I 2026-05-29 00:01:25,819] Trial 137 finished with value: 11.334194812861465 and parameters: {'ISTN': 76.45040568195337, 'I_gpe': 1.3078231496313732, 'I_gpi': 2.240879193590998, 'noise_stn_sigma': 4.266128639148322, 'noise_gpe_sigma': 127.61973953507982, 'noise_gpi_sigma': 78.62180335759192, 'g_stn_gpe_mult': 4.19847278060934, 'g_gpe_stn_mult': 0.14658449384725608, 'g_stn_gpi_mult': 2.6462638512433188, 'g_gpe_gpi_mult': 0.4349926971628739}. Best is trial 131 with value: 0.5277539948936589.
[I 2026-05-29 00:01:26,825] Trial 138 finished with value: 10.704120829401358 and parameters: {'ISTN': 65.02458590511449, 'I_gpe': 0.9095512649305609, 'I_gpi': 1.7416688513735383, 'noise_stn_sigma': 3.6910009507933705, 'noise_gpe_sigma': 86.8980085200076, 'noise_gpi_sigma': 99.89407987810249, 'g_stn_gpe_mult': 4.127648475026179, 'g_gpe_stn_mult': 0.333863627387154, 'g_stn_gpi_mult': 2.8275989666289494, 'g_gpe_gpi_mult': 0.3307394304849693}. Best is trial 131 with value: 0.5277539948936589.
[I 2026-05-29 00:01:27,833] Trial 139 finished with value: 4.635799014777259 and parameters: {'ISTN': 72.0828917974494, 'I_gpe': 1.4480463122523042, 'I_gpi': 2.220969558558456, 'noise_stn_sigma': 4.601777793444683, 'noise_gpe_sigma': 113.75799332228702, 'noise_gpi_sigma': 65.7384923842169, 'g_stn_gpe_mult': 4.414094964691284, 'g_gpe_stn_mult': 0.23527263249573518, 'g_stn_gpi_mult': 3.093595767763655, 'g_gpe_gpi_mult': 0.35939714505492704}. Best is trial 131 with value: 0.5277539948936589.
[I 2026-05-29 00:01:28,839] Trial 140 finished with value: 9.05312560899918 and parameters: {'ISTN': 60.595864063155695, 'I_gpe': 1.2631546116301173, 'I_gpi': 2.1656704427543563, 'noise_stn_sigma': 4.053459891901006, 'noise_gpe_sigma': 122.57877769511401, 'noise_gpi_sigma': 70.82289713006188, 'g_stn_gpe_mult': 3.6725656502999726, 'g_gpe_stn_mult': 0.3234905784964003, 'g_stn_gpi_mult': 2.5932781410784194, 'g_gpe_gpi_mult': 0.23674482396160615}. Best is trial 131 with value: 0.5277539948936589.
[I 2026-05-29 00:01:29,849] Trial 141 finished with value: 4.147344104133683 and parameters: {'ISTN': 69.15931597288065, 'I_gpe': 1.5809576972581196, 'I_gpi': 2.339447901514248, 'noise_stn_sigma': 4.5558164307290845, 'noise_gpe_sigma': 127.30443452280315, 'noise_gpi_sigma': 88.47739832663447, 'g_stn_gpe_mult': 3.553854970774795, 'g_gpe_stn_mult': 0.18640185336360607, 'g_stn_gpi_mult': 3.084474955133647, 'g_gpe_gpi_mult': 0.4305015062258448}. Best is trial 131 with value: 0.5277539948936589.
[I 2026-05-29 00:01:30,858] Trial 142 finished with value: 0.3181873175738492 and parameters: {'ISTN': 61.62898738428825, 'I_gpe': 1.597319124915637, 'I_gpi': 1.9816691229785506, 'noise_stn_sigma': 5.458866838940164, 'noise_gpe_sigma': 123.84709520778212, 'noise_gpi_sigma': 91.86197150055249, 'g_stn_gpe_mult': 3.5788136532747945, 'g_gpe_stn_mult': 0.1899815357375531, 'g_stn_gpi_mult': 2.885050883924877, 'g_gpe_gpi_mult': 0.4545876799497878}. Best is trial 142 with value: 0.3181873175738492.
[I 2026-05-29 00:01:31,867] Trial 143 finished with value: 7.135592025854499 and parameters: {'ISTN': 72.53365386959733, 'I_gpe': 1.0784413808962618, 'I_gpi': 2.784449025767815, 'noise_stn_sigma': 4.036163133294208, 'noise_gpe_sigma': 146.95492260455637, 'noise_gpi_sigma': 84.89714845747663, 'g_stn_gpe_mult': 4.058029276049343, 'g_gpe_stn_mult': 0.11142144844419884, 'g_stn_gpi_mult': 3.144019251697375, 'g_gpe_gpi_mult': 0.4277867505202688}. Best is trial 142 with value: 0.3181873175738492.
[I 2026-05-29 00:01:32,875] Trial 144 finished with value: 1.8365798819307275 and parameters: {'ISTN': 62.90707839323281, 'I_gpe': 1.074742210907233, 'I_gpi': 1.3578787362606608, 'noise_stn_sigma': 4.229737944693718, 'noise_gpe_sigma': 142.87767627612018, 'noise_gpi_sigma': 62.78331539456857, 'g_stn_gpe_mult': 3.484498989415305, 'g_gpe_stn_mult': 0.15955350884641747, 'g_stn_gpi_mult': 2.8806431865370645, 'g_gpe_gpi_mult': 0.36632969618203914}. Best is trial 142 with value: 0.3181873175738492.
[I 2026-05-29 00:01:33,885] Trial 145 finished with value: 8.23279705999663 and parameters: {'ISTN': 86.49223616866217, 'I_gpe': 0.9313682675113504, 'I_gpi': 2.0806053185963282, 'noise_stn_sigma': 4.711375453512849, 'noise_gpe_sigma': 118.72769819042125, 'noise_gpi_sigma': 71.3779382323509, 'g_stn_gpe_mult': 3.757681465144627, 'g_gpe_stn_mult': 0.21687050455719414, 'g_stn_gpi_mult': 2.430869783359045, 'g_gpe_gpi_mult': 0.2934715479172151}. Best is trial 142 with value: 0.3181873175738492.
[I 2026-05-29 00:01:34,893] Trial 146 finished with value: 6.645590869324968 and parameters: {'ISTN': 62.46701475806877, 'I_gpe': 1.0261659690447806, 'I_gpi': 2.0980345865548418, 'noise_stn_sigma': 5.526882407679186, 'noise_gpe_sigma': 137.62288678922434, 'noise_gpi_sigma': 106.21245556920842, 'g_stn_gpe_mult': 3.884305284655834, 'g_gpe_stn_mult': 0.22384665268781517, 'g_stn_gpi_mult': 2.487531911689213, 'g_gpe_gpi_mult': 0.3849531553330282}. Best is trial 142 with value: 0.3181873175738492.
[I 2026-05-29 00:01:35,902] Trial 147 finished with value: 8.331303017354664 and parameters: {'ISTN': 81.46462422136695, 'I_gpe': 1.2892529567904476, 'I_gpi': 2.2265155984162135, 'noise_stn_sigma': 5.409983548387689, 'noise_gpe_sigma': 109.97410493171591, 'noise_gpi_sigma': 56.22458231697484, 'g_stn_gpe_mult': 3.782519292308248, 'g_gpe_stn_mult': 0.23485461311558306, 'g_stn_gpi_mult': 2.798126362553951, 'g_gpe_gpi_mult': 0.4890750566324086}. Best is trial 142 with value: 0.3181873175738492.
[I 2026-05-29 00:01:36,910] Trial 148 finished with value: 7.725031933394263 and parameters: {'ISTN': 84.18698939390875, 'I_gpe': 1.065120334513724, 'I_gpi': 1.4837476887390086, 'noise_stn_sigma': 4.547930110173956, 'noise_gpe_sigma': 125.79534273119553, 'noise_gpi_sigma': 72.00898749151598, 'g_stn_gpe_mult': 4.260818410590092, 'g_gpe_stn_mult': 0.3555342039026861, 'g_stn_gpi_mult': 2.8343305855457293, 'g_gpe_gpi_mult': 0.29829152185991453}. Best is trial 142 with value: 0.3181873175738492.
[I 2026-05-29 00:01:37,915] Trial 149 finished with value: 6.435106210148327 and parameters: {'ISTN': 60.82934244220114, 'I_gpe': 1.0339638839358316, 'I_gpi': 2.323355410769117, 'noise_stn_sigma': 5.911793933308482, 'noise_gpe_sigma': 100.18108896925645, 'noise_gpi_sigma': 57.80339410222555, 'g_stn_gpe_mult': 3.5320333585504606, 'g_gpe_stn_mult': 0.12808373099294879, 'g_stn_gpi_mult': 2.50972482614245, 'g_gpe_gpi_mult': 0.5548907196221334}. Best is trial 142 with value: 0.3181873175738492.
[I 2026-05-29 00:01:38,921] Trial 150 finished with value: 14.438587971823715 and parameters: {'ISTN': 80.86033786463629, 'I_gpe': 1.3756994544481147, 'I_gpi': 1.748573075259657, 'noise_stn_sigma': 3.996758318734528, 'noise_gpe_sigma': 104.9877872269873, 'noise_gpi_sigma': 59.198634943864974, 'g_stn_gpe_mult': 4.1580188078419, 'g_gpe_stn_mult': 0.2578992825916119, 'g_stn_gpi_mult': 3.1968674292448958, 'g_gpe_gpi_mult': 0.42473781254313125}. Best is trial 142 with value: 0.3181873175738492.
[I 2026-05-29 00:01:39,929] Trial 151 finished with value: 8.763117239613795 and parameters: {'ISTN': 64.93888917698345, 'I_gpe': 0.8813855517390456, 'I_gpi': 1.5759940795927108, 'noise_stn_sigma': 4.294344807187964, 'noise_gpe_sigma': 112.65941526943939, 'noise_gpi_sigma': 84.65057943822319, 'g_stn_gpe_mult': 3.8760219137902068, 'g_gpe_stn_mult': 0.21165411078766538, 'g_stn_gpi_mult': 2.3815414202243383, 'g_gpe_gpi_mult': 0.44129750263219747}. Best is trial 142 with value: 0.3181873175738492.
[I 2026-05-29 00:01:40,938] Trial 152 finished with value: 10.732213186053423 and parameters: {'ISTN': 65.77790489174932, 'I_gpe': 1.903573506018093, 'I_gpi': 1.7961520493614516, 'noise_stn_sigma': 5.150528775174319, 'noise_gpe_sigma': 147.945360393522, 'noise_gpi_sigma': 76.12655664308394, 'g_stn_gpe_mult': 3.5358848385226738, 'g_gpe_stn_mult': 0.2611279894388592, 'g_stn_gpi_mult': 3.3997469481551725, 'g_gpe_gpi_mult': 0.5170633917158874}. Best is trial 142 with value: 0.3181873175738492.
[I 2026-05-29 00:01:41,948] Trial 153 finished with value: 6.280835149249888 and parameters: {'ISTN': 65.60005846544759, 'I_gpe': 1.7926406783095965, 'I_gpi': 2.242628894342846, 'noise_stn_sigma': 5.224360699673327, 'noise_gpe_sigma': 118.14166161543652, 'noise_gpi_sigma': 74.15867619966592, 'g_stn_gpe_mult': 4.055178709471667, 'g_gpe_stn_mult': 0.3252083317874889, 'g_stn_gpi_mult': 2.580115390800445, 'g_gpe_gpi_mult': 0.5173357692579127}. Best is trial 142 with value: 0.3181873175738492.
[I 2026-05-29 00:01:42,955] Trial 154 finished with value: 9.47516433158731 and parameters: {'ISTN': 70.56091617617987, 'I_gpe': 1.4554280110547253, 'I_gpi': 2.005652409310251, 'noise_stn_sigma': 4.325906770989652, 'noise_gpe_sigma': 101.5065561899863, 'noise_gpi_sigma': 90.86638323489046, 'g_stn_gpe_mult': 3.5254980864662975, 'g_gpe_stn_mult': 0.21501929150837074, 'g_stn_gpi_mult': 2.7407555518305493, 'g_gpe_gpi_mult': 0.4233706446206451}. Best is trial 142 with value: 0.3181873175738492.
[I 2026-05-29 00:01:43,964] Trial 155 finished with value: 10.231851860404971 and parameters: {'ISTN': 67.35519279324154, 'I_gpe': 1.1899074630811453, 'I_gpi': 2.0424436079527273, 'noise_stn_sigma': 4.196105523555357, 'noise_gpe_sigma': 129.44601763284567, 'noise_gpi_sigma': 81.57404331023972, 'g_stn_gpe_mult': 3.3848574693492806, 'g_gpe_stn_mult': 0.18824322910616254, 'g_stn_gpi_mult': 2.739996035068924, 'g_gpe_gpi_mult': 0.5841155641131313}. Best is trial 142 with value: 0.3181873175738492.
[I 2026-05-29 00:01:44,972] Trial 156 finished with value: 11.476955108440205 and parameters: {'ISTN': 82.50442632814709, 'I_gpe': 1.321807773830947, 'I_gpi': 2.0441935908685265, 'noise_stn_sigma': 5.053517166409576, 'noise_gpe_sigma': 107.01718226015981, 'noise_gpi_sigma': 84.11913857563437, 'g_stn_gpe_mult': 2.977490841452412, 'g_gpe_stn_mult': 0.1416551085454355, 'g_stn_gpi_mult': 2.85846615991686, 'g_gpe_gpi_mult': 0.4753184437847981}. Best is trial 142 with value: 0.3181873175738492.
[I 2026-05-29 00:01:45,981] Trial 157 finished with value: 11.978307940472408 and parameters: {'ISTN': 74.44635201238802, 'I_gpe': 1.0450423849580908, 'I_gpi': 1.344111498718464, 'noise_stn_sigma': 4.992993917113077, 'noise_gpe_sigma': 132.7058724478804, 'noise_gpi_sigma': 71.13329811607997, 'g_stn_gpe_mult': 3.608580654304325, 'g_gpe_stn_mult': 0.20498321048368884, 'g_stn_gpi_mult': 2.7547344826026614, 'g_gpe_gpi_mult': 0.38582752871941206}. Best is trial 142 with value: 0.3181873175738492.
[I 2026-05-29 00:01:46,992] Trial 158 finished with value: 10.150151221617087 and parameters: {'ISTN': 81.96061787380644, 'I_gpe': 0.977568047573201, 'I_gpi': 1.6394635632553138, 'noise_stn_sigma': 5.182342854812184, 'noise_gpe_sigma': 126.81254753777249, 'noise_gpi_sigma': 67.41186893774508, 'g_stn_gpe_mult': 3.164879754610863, 'g_gpe_stn_mult': 0.19149962170418372, 'g_stn_gpi_mult': 3.2807843595027433, 'g_gpe_gpi_mult': 0.2017239595417816}. Best is trial 142 with value: 0.3181873175738492.
[I 2026-05-29 00:01:47,999] Trial 159 finished with value: 7.177762522244586 and parameters: {'ISTN': 69.66735690825816, 'I_gpe': 0.8647415483418395, 'I_gpi': 2.7468979307181627, 'noise_stn_sigma': 5.375622402585275, 'noise_gpe_sigma': 127.07383018893786, 'noise_gpi_sigma': 73.82869346006461, 'g_stn_gpe_mult': 3.946346027354845, 'g_gpe_stn_mult': 0.14618249891854834, 'g_stn_gpi_mult': 2.6246215318064583, 'g_gpe_gpi_mult': 0.4912640988619062}. Best is trial 142 with value: 0.3181873175738492.
[I 2026-05-29 00:01:49,006] Trial 160 finished with value: 12.867473552443144 and parameters: {'ISTN': 79.86974799034057, 'I_gpe': 0.8035837384591585, 'I_gpi': 1.6604534950153345, 'noise_stn_sigma': 5.183745076228177, 'noise_gpe_sigma': 127.7308510338005, 'noise_gpi_sigma': 49.749828475434065, 'g_stn_gpe_mult': 3.314186178251813, 'g_gpe_stn_mult': 0.22531616581878033, 'g_stn_gpi_mult': 2.766598884242228, 'g_gpe_gpi_mult': 0.5173558593554963}. Best is trial 142 with value: 0.3181873175738492.
[I 2026-05-29 00:01:50,016] Trial 161 finished with value: 9.634832772299262 and parameters: {'ISTN': 70.13274137804646, 'I_gpe': 1.76501970357983, 'I_gpi': 1.8982111252830618, 'noise_stn_sigma': 5.381866828388995, 'noise_gpe_sigma': 130.8990364932494, 'noise_gpi_sigma': 75.42845593034801, 'g_stn_gpe_mult': 3.8653951560096425, 'g_gpe_stn_mult': 0.3768664841111008, 'g_stn_gpi_mult': 2.745664795023814, 'g_gpe_gpi_mult': 0.517601030430711}. Best is trial 142 with value: 0.3181873175738492.
[I 2026-05-29 00:01:51,023] Trial 162 finished with value: 5.000733700324918 and parameters: {'ISTN': 64.73093607414715, 'I_gpe': 1.3962164807746382, 'I_gpi': 2.037915633184764, 'noise_stn_sigma': 4.667280594398176, 'noise_gpe_sigma': 130.13653551276155, 'noise_gpi_sigma': 79.04859986308259, 'g_stn_gpe_mult': 3.096807550340133, 'g_gpe_stn_mult': 0.1636972720088019, 'g_stn_gpi_mult': 2.5821619756422143, 'g_gpe_gpi_mult': 0.5633910399383755}. Best is trial 142 with value: 0.3181873175738492.
[I 2026-05-29 00:01:51,971] Trial 163 finished with value: 1000000.0 and parameters: {'ISTN': 71.80891439918406, 'I_gpe': 0.8352104402177185, 'I_gpi': 2.195272642598349, 'noise_stn_sigma': 4.817578469794269, 'noise_gpe_sigma': 122.55304862405733, 'noise_gpi_sigma': 75.18439280887236, 'g_stn_gpe_mult': 3.916787944164303, 'g_gpe_stn_mult': 0.14345199278287096, 'g_stn_gpi_mult': 2.5040882577912194, 'g_gpe_gpi_mult': 0.561462307838654}. Best is trial 142 with value: 0.3181873175738492.
[I 2026-05-29 00:01:52,980] Trial 164 finished with value: 4.099680802066137 and parameters: {'ISTN': 66.83424814234962, 'I_gpe': 1.2591329313592259, 'I_gpi': 2.418229175837677, 'noise_stn_sigma': 5.5494798468473725, 'noise_gpe_sigma': 116.65767987764426, 'noise_gpi_sigma': 79.44257311911612, 'g_stn_gpe_mult': 3.3825043881911654, 'g_gpe_stn_mult': 0.27764018692335535, 'g_stn_gpi_mult': 2.583030026508951, 'g_gpe_gpi_mult': 0.5366206287981912}. Best is trial 142 with value: 0.3181873175738492.
[I 2026-05-29 00:01:53,986] Trial 165 finished with value: 10.095614916017626 and parameters: {'ISTN': 72.03879243512807, 'I_gpe': 1.3213496454392235, 'I_gpi': 2.876137705925092, 'noise_stn_sigma': 4.149687785102305, 'noise_gpe_sigma': 107.87895193613517, 'noise_gpi_sigma': 65.21001556585891, 'g_stn_gpe_mult': 3.450551886864923, 'g_gpe_stn_mult': 0.18459244935038763, 'g_stn_gpi_mult': 2.6779553802166145, 'g_gpe_gpi_mult': 0.44903148340323173}. Best is trial 142 with value: 0.3181873175738492.
[I 2026-05-29 00:01:54,993] Trial 166 finished with value: 9.029961169305775 and parameters: {'ISTN': 64.6562707895146, 'I_gpe': 1.2099856074241895, 'I_gpi': 1.9716778979478935, 'noise_stn_sigma': 4.89218313323958, 'noise_gpe_sigma': 119.28672849185921, 'noise_gpi_sigma': 64.13269032953191, 'g_stn_gpe_mult': 3.831802791535227, 'g_gpe_stn_mult': 0.28045833084451915, 'g_stn_gpi_mult': 2.263742211221676, 'g_gpe_gpi_mult': 0.45895904350106115}. Best is trial 142 with value: 0.3181873175738492.
[I 2026-05-29 00:01:56,000] Trial 167 finished with value: 6.590143191058458 and parameters: {'ISTN': 60.75468967503074, 'I_gpe': 1.6583352798437097, 'I_gpi': 2.1108979491555075, 'noise_stn_sigma': 4.892375451445794, 'noise_gpe_sigma': 135.69651328638366, 'noise_gpi_sigma': 80.02573291181898, 'g_stn_gpe_mult': 3.635357544164007, 'g_gpe_stn_mult': 0.23842684423799737, 'g_stn_gpi_mult': 2.4833434229550573, 'g_gpe_gpi_mult': 0.5478605071852334}. Best is trial 142 with value: 0.3181873175738492.
[I 2026-05-29 00:01:57,005] Trial 168 finished with value: 8.993463001806276 and parameters: {'ISTN': 78.04738951935643, 'I_gpe': 1.3543802143152794, 'I_gpi': 2.5564274551434067, 'noise_stn_sigma': 3.0670940072231794, 'noise_gpe_sigma': 109.10622601531843, 'noise_gpi_sigma': 91.33463073796683, 'g_stn_gpe_mult': 3.3954895002493313, 'g_gpe_stn_mult': 0.23801107055455248, 'g_stn_gpi_mult': 2.7962096059506028, 'g_gpe_gpi_mult': 0.3606100752426392}. Best is trial 142 with value: 0.3181873175738492.
[I 2026-05-29 00:01:58,014] Trial 169 finished with value: 12.318827611772011 and parameters: {'ISTN': 82.0541330287706, 'I_gpe': 0.7341271315638546, 'I_gpi': 1.8936107959384072, 'noise_stn_sigma': 4.285059944046147, 'noise_gpe_sigma': 122.77777958961633, 'noise_gpi_sigma': 97.94062704054271, 'g_stn_gpe_mult': 4.30152033721363, 'g_gpe_stn_mult': 0.2901519710080348, 'g_stn_gpi_mult': 2.5090940361213345, 'g_gpe_gpi_mult': 0.5420870436897539}. Best is trial 142 with value: 0.3181873175738492.
[I 2026-05-29 00:01:59,021] Trial 170 finished with value: 13.623322618925295 and parameters: {'ISTN': 70.93604259987458, 'I_gpe': 1.739129445064199, 'I_gpi': 1.6754321624479127, 'noise_stn_sigma': 5.441511247858503, 'noise_gpe_sigma': 83.77363080678381, 'noise_gpi_sigma': 74.39392696636841, 'g_stn_gpe_mult': 3.583832052591119, 'g_gpe_stn_mult': 0.27726288469968063, 'g_stn_gpi_mult': 2.6638096015978565, 'g_gpe_gpi_mult': 0.46390596568074727}. Best is trial 142 with value: 0.3181873175738492.
[I 2026-05-29 00:02:00,031] Trial 171 finished with value: 8.114345578714175 and parameters: {'ISTN': 67.37108992406455, 'I_gpe': 1.183783827131156, 'I_gpi': 2.2670713710840813, 'noise_stn_sigma': 5.582196031850115, 'noise_gpe_sigma': 120.4282523986176, 'noise_gpi_sigma': 80.47941869158775, 'g_stn_gpe_mult': 3.1951433536125844, 'g_gpe_stn_mult': 0.1746940222564758, 'g_stn_gpi_mult': 2.3734942236212775, 'g_gpe_gpi_mult': 0.4205031439473992}. Best is trial 142 with value: 0.3181873175738492.
[I 2026-05-29 00:02:01,041] Trial 172 finished with value: 10.358224644109942 and parameters: {'ISTN': 67.03308007091998, 'I_gpe': 0.7799912533202933, 'I_gpi': 1.9139271463920706, 'noise_stn_sigma': 5.122491006130529, 'noise_gpe_sigma': 113.95136969681735, 'noise_gpi_sigma': 84.59547786495268, 'g_stn_gpe_mult': 3.7678888952955862, 'g_gpe_stn_mult': 0.26688589070410434, 'g_stn_gpi_mult': 2.5950497675556266, 'g_gpe_gpi_mult': 0.57292999081609}. Best is trial 142 with value: 0.3181873175738492.
[I 2026-05-29 00:02:02,050] Trial 173 finished with value: 11.527284025695398 and parameters: {'ISTN': 76.38240390202573, 'I_gpe': 1.6891731897346707, 'I_gpi': 2.49419817075077, 'noise_stn_sigma': 5.169847835199632, 'noise_gpe_sigma': 140.8234827458781, 'noise_gpi_sigma': 80.0115524346751, 'g_stn_gpe_mult': 2.762939050837675, 'g_gpe_stn_mult': 0.21933938080187265, 'g_stn_gpi_mult': 2.336601552265053, 'g_gpe_gpi_mult': 0.5310929969605744}. Best is trial 142 with value: 0.3181873175738492.
[I 2026-05-29 00:02:03,060] Trial 174 finished with value: 12.102617124521426 and parameters: {'ISTN': 75.28356725009452, 'I_gpe': 1.0771554218301715, 'I_gpi': 2.1486815149900105, 'noise_stn_sigma': 4.959875285506129, 'noise_gpe_sigma': 129.93586420796692, 'noise_gpi_sigma': 94.8478912424766, 'g_stn_gpe_mult': 3.742866887649597, 'g_gpe_stn_mult': 0.2199665822676379, 'g_stn_gpi_mult': 2.8732101250455675, 'g_gpe_gpi_mult': 0.4370988140188158}. Best is trial 142 with value: 0.3181873175738492.
[I 2026-05-29 00:02:04,069] Trial 175 finished with value: 6.729196850308415 and parameters: {'ISTN': 68.415669471544, 'I_gpe': 1.5201805296582374, 'I_gpi': 1.7593201418072328, 'noise_stn_sigma': 4.370724199230748, 'noise_gpe_sigma': 100.91886863641041, 'noise_gpi_sigma': 68.77588592471153, 'g_stn_gpe_mult': 3.0820134223410367, 'g_gpe_stn_mult': 0.21628183987057858, 'g_stn_gpi_mult': 2.3358490476988347, 'g_gpe_gpi_mult': 0.5147949570819701}. Best is trial 142 with value: 0.3181873175738492.
