[I 2026-05-28 23:14:09,005] Trial 352 finished with value: 8.564826370285601 and parameters: {'ISTN': 63.71201798680314, 'I_gpe': 2.2003072056971424, 'I_gpi': 2.0086224953848846, 'noise_stn_sigma': 6.469712781280775, 'noise_gpe_sigma': 117.49647011791232, 'noise_gpi_sigma': 114.64842711659175, 'g_stn_gpe_mult': 3.3014261037724344, 'g_gpe_stn_mult': 0.699303237921822, 'g_stn_gpi_mult': 3.258839613099066, 'g_gpe_gpi_mult': 0.8648614991568917}. Best is trial 4 with value: 3.429511868616504.
[I 2026-05-28 23:14:10,015] Trial 353 finished with value: 5.34011699710381 and parameters: {'ISTN': 64.5263939229774, 'I_gpe': 2.0883311720905895, 'I_gpi': 2.121119658178561, 'noise_stn_sigma': 6.126243598219195, 'noise_gpe_sigma': 125.5342419988227, 'noise_gpi_sigma': 104.62876033900335, 'g_stn_gpe_mult': 3.5049952492941063, 'g_gpe_stn_mult': 0.7137839901440759, 'g_stn_gpi_mult': 3.1318341979881796, 'g_gpe_gpi_mult': 0.9253032523373359}. Best is trial 4 with value: 3.429511868616504.
[I 2026-05-28 23:14:11,025] Trial 354 finished with value: 10.524628599490153 and parameters: {'ISTN': 66.5028506986182, 'I_gpe': 2.1567000492772204, 'I_gpi': 2.0716224374658703, 'noise_stn_sigma': 6.374614369542752, 'noise_gpe_sigma': 111.28777160227371, 'noise_gpi_sigma': 119.87514459376342, 'g_stn_gpe_mult': 3.56752627077742, 'g_gpe_stn_mult': 0.6959912392557963, 'g_stn_gpi_mult': 3.593308900018315, 'g_gpe_gpi_mult': 0.8307328273536145}. Best is trial 4 with value: 3.429511868616504.
[I 2026-05-28 23:14:12,032] Trial 355 finished with value: 9.128773498698257 and parameters: {'ISTN': 63.80261288884332, 'I_gpe': 1.9979621905938993, 'I_gpi': 2.255608083746157, 'noise_stn_sigma': 6.019808051901306, 'noise_gpe_sigma': 124.80224795336775, 'noise_gpi_sigma': 113.10722017048076, 'g_stn_gpe_mult': 3.455425113537501, 'g_gpe_stn_mult': 0.7221806593453921, 'g_stn_gpi_mult': 3.354661970539638, 'g_gpe_gpi_mult': 0.9714896062171958}. Best is trial 4 with value: 3.429511868616504.
[I 2026-05-28 23:14:13,038] Trial 356 finished with value: 10.640657277761312 and parameters: {'ISTN': 65.04533361273354, 'I_gpe': 1.9771631874720539, 'I_gpi': 2.132255827731848, 'noise_stn_sigma': 6.054827869702984, 'noise_gpe_sigma': 113.25875811928616, 'noise_gpi_sigma': 118.6671718718928, 'g_stn_gpe_mult': 3.478151176755633, 'g_gpe_stn_mult': 0.6494640175144651, 'g_stn_gpi_mult': 2.9976117307956285, 'g_gpe_gpi_mult': 0.8967456656640138}. Best is trial 4 with value: 3.429511868616504.
[I 2026-05-28 23:14:14,048] Trial 357 finished with value: 13.659588114733415 and parameters: {'ISTN': 60.381280536749664, 'I_gpe': 1.8741418619190244, 'I_gpi': 2.2965776444915886, 'noise_stn_sigma': 6.414111703284092, 'noise_gpe_sigma': 123.35000606657812, 'noise_gpi_sigma': 107.87370783032559, 'g_stn_gpe_mult': 3.7053456727427445, 'g_gpe_stn_mult': 0.7269557730055647, 'g_stn_gpi_mult': 2.9563065672218904, 'g_gpe_gpi_mult': 1.0062462180958491}. Best is trial 4 with value: 3.429511868616504.
[I 2026-05-28 23:14:15,055] Trial 358 finished with value: 15.45980521810505 and parameters: {'ISTN': 61.8790232091536, 'I_gpe': 2.0394536376447654, 'I_gpi': 2.5038584530748036, 'noise_stn_sigma': 6.154100847389564, 'noise_gpe_sigma': 123.6318916233828, 'noise_gpi_sigma': 126.11848256239763, 'g_stn_gpe_mult': 3.343946803809435, 'g_gpe_stn_mult': 0.7661741078633545, 'g_stn_gpi_mult': 3.076811182452305, 'g_gpe_gpi_mult': 0.8883641199572092}. Best is trial 4 with value: 3.429511868616504.
[I 2026-05-28 23:14:16,065] Trial 359 finished with value: 8.225234172179366 and parameters: {'ISTN': 61.590234069014905, 'I_gpe': 2.052491652686941, 'I_gpi': 2.002588824488006, 'noise_stn_sigma': 5.901186681475072, 'noise_gpe_sigma': 122.77061339100852, 'noise_gpi_sigma': 107.24682016274892, 'g_stn_gpe_mult': 3.512071535625667, 'g_gpe_stn_mult': 0.6433414161931544, 'g_stn_gpi_mult': 3.101599963793503, 'g_gpe_gpi_mult': 0.8283710457694409}. Best is trial 4 with value: 3.429511868616504.
[I 2026-05-28 23:14:17,074] Trial 360 finished with value: 12.86920787377327 and parameters: {'ISTN': 60.295722399430566, 'I_gpe': 2.07335990028058, 'I_gpi': 1.6755424114888542, 'noise_stn_sigma': 6.270171173841856, 'noise_gpe_sigma': 103.21956780132531, 'noise_gpi_sigma': 105.40574956111392, 'g_stn_gpe_mult': 3.297596751397888, 'g_gpe_stn_mult': 0.6653679735816689, 'g_stn_gpi_mult': 3.067051198385461, 'g_gpe_gpi_mult': 0.9687645911526359}. Best is trial 4 with value: 3.429511868616504.
[I 2026-05-28 23:14:18,083] Trial 361 finished with value: 10.706274914006773 and parameters: {'ISTN': 69.11506246250329, 'I_gpe': 1.9701105750622754, 'I_gpi': 2.1680620490826623, 'noise_stn_sigma': 5.780933459914318, 'noise_gpe_sigma': 133.41462934070802, 'noise_gpi_sigma': 108.3370533261597, 'g_stn_gpe_mult': 3.6016994382604097, 'g_gpe_stn_mult': 0.688321483476763, 'g_stn_gpi_mult': 3.3392489610784706, 'g_gpe_gpi_mult': 0.9493645384145544}. Best is trial 4 with value: 3.429511868616504.
[I 2026-05-28 23:14:19,089] Trial 362 finished with value: 6.657584678862056 and parameters: {'ISTN': 63.2168563141016, 'I_gpe': 1.7937598686917624, 'I_gpi': 1.9920167787976149, 'noise_stn_sigma': 6.800744653564751, 'noise_gpe_sigma': 136.92242480236192, 'noise_gpi_sigma': 99.01496965949632, 'g_stn_gpe_mult': 3.5922751926004115, 'g_gpe_stn_mult': 0.7633649094658288, 'g_stn_gpi_mult': 3.0979115374469677, 'g_gpe_gpi_mult': 0.9345237111042151}. Best is trial 4 with value: 3.429511868616504.
[I 2026-05-28 23:14:20,100] Trial 363 finished with value: 12.855322916333291 and parameters: {'ISTN': 70.22467664324665, 'I_gpe': 2.1627106017833055, 'I_gpi': 1.8523025515741365, 'noise_stn_sigma': 5.759582443727128, 'noise_gpe_sigma': 117.07023960217167, 'noise_gpi_sigma': 107.63942636493756, 'g_stn_gpe_mult': 3.3225424608816954, 'g_gpe_stn_mult': 0.6757391016197862, 'g_stn_gpi_mult': 2.7596563180347813, 'g_gpe_gpi_mult': 0.8229077051608324}. Best is trial 4 with value: 3.429511868616504.
[I 2026-05-28 23:14:21,109] Trial 364 finished with value: 4.544113506635353 and parameters: {'ISTN': 62.060585779999116, 'I_gpe': 2.0516335225765694, 'I_gpi': 2.3500495453305907, 'noise_stn_sigma': 6.305421368304612, 'noise_gpe_sigma': 125.42171896723309, 'noise_gpi_sigma': 100.5850014405948, 'g_stn_gpe_mult': 3.7796427506427817, 'g_gpe_stn_mult': 0.6876271304747614, 'g_stn_gpi_mult': 3.140153249250378, 'g_gpe_gpi_mult': 0.86213368319321}. Best is trial 4 with value: 3.429511868616504.
[I 2026-05-28 23:14:22,119] Trial 365 finished with value: 11.419692891706118 and parameters: {'ISTN': 60.6335294079767, 'I_gpe': 2.3124905566270444, 'I_gpi': 2.187504367316042, 'noise_stn_sigma': 5.769343673440758, 'noise_gpe_sigma': 109.34001620747108, 'noise_gpi_sigma': 93.45525599274855, 'g_stn_gpe_mult': 2.9505238222199495, 'g_gpe_stn_mult': 0.5835853815301421, 'g_stn_gpi_mult': 3.0074675386061798, 'g_gpe_gpi_mult': 0.8850089684613935}. Best is trial 4 with value: 3.429511868616504.
[I 2026-05-28 23:14:23,127] Trial 366 finished with value: 12.410658418422658 and parameters: {'ISTN': 65.90664027731404, 'I_gpe': 1.9558132567905302, 'I_gpi': 1.8244789763367157, 'noise_stn_sigma': 5.807837191716728, 'noise_gpe_sigma': 115.28377499303758, 'noise_gpi_sigma': 105.70613315269294, 'g_stn_gpe_mult': 3.4476228791193906, 'g_gpe_stn_mult': 0.6714631058632897, 'g_stn_gpi_mult': 3.1158428232410147, 'g_gpe_gpi_mult': 0.9698422814352778}. Best is trial 4 with value: 3.429511868616504.
[I 2026-05-28 23:14:24,138] Trial 367 finished with value: 9.24317370619607 and parameters: {'ISTN': 60.086627022792015, 'I_gpe': 1.9421598169599608, 'I_gpi': 2.195868309540751, 'noise_stn_sigma': 6.3221808374977755, 'noise_gpe_sigma': 123.96903657543699, 'noise_gpi_sigma': 101.73545922338019, 'g_stn_gpe_mult': 3.36958840748085, 'g_gpe_stn_mult': 0.682100015241915, 'g_stn_gpi_mult': 3.2255769231515106, 'g_gpe_gpi_mult': 0.8478603414634409}. Best is trial 4 with value: 3.429511868616504.
[I 2026-05-28 23:14:25,145] Trial 368 finished with value: 8.829513128772067 and parameters: {'ISTN': 60.9393306350838, 'I_gpe': 2.204209960790287, 'I_gpi': 2.338384594683704, 'noise_stn_sigma': 5.414688493528676, 'noise_gpe_sigma': 116.09314956536451, 'noise_gpi_sigma': 115.6481433298661, 'g_stn_gpe_mult': 3.4045684812943344, 'g_gpe_stn_mult': 0.6958058618473534, 'g_stn_gpi_mult': 3.2322659266453666, 'g_gpe_gpi_mult': 0.8326104572090083}. Best is trial 4 with value: 3.429511868616504.
[I 2026-05-28 23:14:26,155] Trial 369 finished with value: 8.121694521720812 and parameters: {'ISTN': 60.099096233306426, 'I_gpe': 2.060341946068397, 'I_gpi': 2.1246603005342495, 'noise_stn_sigma': 5.550032816550848, 'noise_gpe_sigma': 122.8420809535508, 'noise_gpi_sigma': 99.71339978968896, 'g_stn_gpe_mult': 3.4034524423980925, 'g_gpe_stn_mult': 0.6721997844883817, 'g_stn_gpi_mult': 3.245334866306211, 'g_gpe_gpi_mult': 0.9319086048022192}. Best is trial 4 with value: 3.429511868616504.
[I 2026-05-28 23:14:27,164] Trial 370 finished with value: 6.06558285116463 and parameters: {'ISTN': 61.18136007580957, 'I_gpe': 2.1290018947277547, 'I_gpi': 1.9551157858573447, 'noise_stn_sigma': 6.785734018345588, 'noise_gpe_sigma': 130.91879603669656, 'noise_gpi_sigma': 122.91315506565701, 'g_stn_gpe_mult': 3.562610546359801, 'g_gpe_stn_mult': 0.712865844626154, 'g_stn_gpi_mult': 3.044902239663799, 'g_gpe_gpi_mult': 0.8970889108760025}. Best is trial 4 with value: 3.429511868616504.
[I 2026-05-28 23:14:28,174] Trial 371 finished with value: 9.996153081838932 and parameters: {'ISTN': 60.452060006957, 'I_gpe': 2.0110654544387314, 'I_gpi': 2.0463263231599838, 'noise_stn_sigma': 5.955790994880847, 'noise_gpe_sigma': 126.1574002220884, 'noise_gpi_sigma': 95.80442333011918, 'g_stn_gpe_mult': 3.624033715140527, 'g_gpe_stn_mult': 0.6825625858503622, 'g_stn_gpi_mult': 3.085483056851025, 'g_gpe_gpi_mult': 0.8201639732140453}. Best is trial 4 with value: 3.429511868616504.
[I 2026-05-28 23:14:29,122] Trial 372 finished with value: 1000000.0 and parameters: {'ISTN': 65.32690600729421, 'I_gpe': 1.8589917586527243, 'I_gpi': 1.9003421994193932, 'noise_stn_sigma': 6.592933338359872, 'noise_gpe_sigma': 132.43575051302798, 'noise_gpi_sigma': 104.66793238044, 'g_stn_gpe_mult': 3.66657728552529, 'g_gpe_stn_mult': 0.7684261320920412, 'g_stn_gpi_mult': 3.1468904807088847, 'g_gpe_gpi_mult': 0.9438286766095794}. Best is trial 4 with value: 3.429511868616504.
[I 2026-05-28 23:14:30,129] Trial 373 finished with value: 11.275408614447867 and parameters: {'ISTN': 60.4458361198855, 'I_gpe': 2.2330325146693135, 'I_gpi': 2.276008079500553, 'noise_stn_sigma': 6.401343426438283, 'noise_gpe_sigma': 125.21631349915857, 'noise_gpi_sigma': 95.5125894179592, 'g_stn_gpe_mult': 3.6359034869477904, 'g_gpe_stn_mult': 0.6571085322850079, 'g_stn_gpi_mult': 3.3517363837744076, 'g_gpe_gpi_mult': 0.8663975248062474}. Best is trial 4 with value: 3.429511868616504.
[I 2026-05-28 23:14:31,137] Trial 374 finished with value: 6.3826976460788485 and parameters: {'ISTN': 61.0003273450567, 'I_gpe': 2.120328580125191, 'I_gpi': 2.294463350620153, 'noise_stn_sigma': 6.285741526304379, 'noise_gpe_sigma': 131.3783522932696, 'noise_gpi_sigma': 92.96976911606781, 'g_stn_gpe_mult': 3.5774187524362038, 'g_gpe_stn_mult': 0.7012197721009882, 'g_stn_gpi_mult': 3.305004384080762, 'g_gpe_gpi_mult': 0.8815526079907987}. Best is trial 4 with value: 3.429511868616504.
[I 2026-05-28 23:14:32,144] Trial 375 finished with value: 3.8180289306298896 and parameters: {'ISTN': 61.24448166393876, 'I_gpe': 1.9274017191133472, 'I_gpi': 1.7828414154699082, 'noise_stn_sigma': 6.538830876146615, 'noise_gpe_sigma': 113.32333374976001, 'noise_gpi_sigma': 104.55087678590077, 'g_stn_gpe_mult': 3.2682684586224178, 'g_gpe_stn_mult': 0.6895559740967488, 'g_stn_gpi_mult': 3.165427811552243, 'g_gpe_gpi_mult': 0.9793158554225083}. Best is trial 4 with value: 3.429511868616504.
[I 2026-05-28 23:14:33,151] Trial 376 finished with value: 14.173868155143904 and parameters: {'ISTN': 62.09527664314659, 'I_gpe': 1.939518163293202, 'I_gpi': 1.983557894489968, 'noise_stn_sigma': 6.237076063595752, 'noise_gpe_sigma': 125.5101964515069, 'noise_gpi_sigma': 111.23300925941331, 'g_stn_gpe_mult': 3.7621997250530748, 'g_gpe_stn_mult': 0.7397920220265396, 'g_stn_gpi_mult': 2.9604000544644364, 'g_gpe_gpi_mult': 0.9609608798886924}. Best is trial 4 with value: 3.429511868616504.
[I 2026-05-28 23:14:34,158] Trial 377 finished with value: 13.333016501907943 and parameters: {'ISTN': 63.32327812229042, 'I_gpe': 2.0216294417280425, 'I_gpi': 1.937473696567352, 'noise_stn_sigma': 6.7929522055869835, 'noise_gpe_sigma': 115.55114025757712, 'noise_gpi_sigma': 93.67011030598174, 'g_stn_gpe_mult': 3.662688221266521, 'g_gpe_stn_mult': 0.6623364917842411, 'g_stn_gpi_mult': 3.0575911926891655, 'g_gpe_gpi_mult': 0.9061620650612523}. Best is trial 4 with value: 3.429511868616504.
[I 2026-05-28 23:14:35,168] Trial 378 finished with value: 5.949566558537237 and parameters: {'ISTN': 62.94337378373206, 'I_gpe': 1.9521138392503052, 'I_gpi': 2.216730401812802, 'noise_stn_sigma': 6.600417971843656, 'noise_gpe_sigma': 116.32398471241352, 'noise_gpi_sigma': 96.51769848776058, 'g_stn_gpe_mult': 3.2016940118359196, 'g_gpe_stn_mult': 0.7055531334287493, 'g_stn_gpi_mult': 3.0760480775286094, 'g_gpe_gpi_mult': 0.8712378473641016}. Best is trial 4 with value: 3.429511868616504.
[I 2026-05-28 23:14:36,178] Trial 379 finished with value: 7.3578077016915735 and parameters: {'ISTN': 63.23626995062911, 'I_gpe': 1.97829014641388, 'I_gpi': 2.509956421824805, 'noise_stn_sigma': 6.154199585654544, 'noise_gpe_sigma': 133.79894230454647, 'noise_gpi_sigma': 104.96450889017581, 'g_stn_gpe_mult': 3.644554057701366, 'g_gpe_stn_mult': 0.7174234182916778, 'g_stn_gpi_mult': 3.2061119500361666, 'g_gpe_gpi_mult': 0.8780572637283821}. Best is trial 4 with value: 3.429511868616504.
[I 2026-05-28 23:14:37,185] Trial 380 finished with value: 11.186564164842052 and parameters: {'ISTN': 62.879064453533786, 'I_gpe': 1.9351831962461277, 'I_gpi': 2.2235871950873882, 'noise_stn_sigma': 6.349904494210951, 'noise_gpe_sigma': 127.25692161518306, 'noise_gpi_sigma': 114.21327007092496, 'g_stn_gpe_mult': 3.6233121198275007, 'g_gpe_stn_mult': 0.6699048383997953, 'g_stn_gpi_mult': 3.217394165455054, 'g_gpe_gpi_mult': 0.9261308623151323}. Best is trial 4 with value: 3.429511868616504.
[I 2026-05-28 23:14:38,195] Trial 381 finished with value: 7.947879831226871 and parameters: {'ISTN': 60.196053652143384, 'I_gpe': 2.1217270027261024, 'I_gpi': 1.8753737202185543, 'noise_stn_sigma': 6.127486202460684, 'noise_gpe_sigma': 115.55175863435515, 'noise_gpi_sigma': 106.41407190056137, 'g_stn_gpe_mult': 3.2736224076148965, 'g_gpe_stn_mult': 0.706454349474847, 'g_stn_gpi_mult': 3.3680786078521376, 'g_gpe_gpi_mult': 0.9683039043336634}. Best is trial 4 with value: 3.429511868616504.
[I 2026-05-28 23:14:39,203] Trial 382 finished with value: 8.093852111726209 and parameters: {'ISTN': 61.87758520704983, 'I_gpe': 1.7849285856446946, 'I_gpi': 2.1301642636425777, 'noise_stn_sigma': 7.064869212840267, 'noise_gpe_sigma': 120.80219906218552, 'noise_gpi_sigma': 101.43293395514421, 'g_stn_gpe_mult': 3.571614694450154, 'g_gpe_stn_mult': 0.7540004839118292, 'g_stn_gpi_mult': 3.3004185225778677, 'g_gpe_gpi_mult': 0.9170159617435489}. Best is trial 4 with value: 3.429511868616504.
[I 2026-05-28 23:14:40,212] Trial 383 finished with value: 6.026342829676995 and parameters: {'ISTN': 65.18201623827345, 'I_gpe': 2.055134258437188, 'I_gpi': 2.1337385686279937, 'noise_stn_sigma': 6.851529196124886, 'noise_gpe_sigma': 133.3894409191095, 'noise_gpi_sigma': 104.33689408852604, 'g_stn_gpe_mult': 3.3077973259204683, 'g_gpe_stn_mult': 0.7478057740648001, 'g_stn_gpi_mult': 3.007567899235351, 'g_gpe_gpi_mult': 0.9491385930060228}. Best is trial 4 with value: 3.429511868616504.
[I 2026-05-28 23:14:41,222] Trial 384 finished with value: 12.772008537233184 and parameters: {'ISTN': 60.7763129571595, 'I_gpe': 2.0192652608703683, 'I_gpi': 2.160739921474196, 'noise_stn_sigma': 6.214389011522979, 'noise_gpe_sigma': 113.54073714510493, 'noise_gpi_sigma': 99.42904296637536, 'g_stn_gpe_mult': 3.345910054056242, 'g_gpe_stn_mult': 0.6447525569066006, 'g_stn_gpi_mult': 3.2205179199646463, 'g_gpe_gpi_mult': 0.8652565803591179}. Best is trial 4 with value: 3.429511868616504.
[I 2026-05-28 23:14:42,234] Trial 385 finished with value: 7.02749591681652 and parameters: {'ISTN': 65.56702776594275, 'I_gpe': 2.0569407301434985, 'I_gpi': 2.024317971273072, 'noise_stn_sigma': 6.267274393686523, 'noise_gpe_sigma': 113.25651464222614, 'noise_gpi_sigma': 93.39906580069898, 'g_stn_gpe_mult': 3.3210117752216863, 'g_gpe_stn_mult': 0.7129714988112286, 'g_stn_gpi_mult': 3.1390238881267583, 'g_gpe_gpi_mult': 0.8439933708933576}. Best is trial 4 with value: 3.429511868616504.
[I 2026-05-28 23:14:43,244] Trial 386 finished with value: 10.8174581479244 and parameters: {'ISTN': 62.93999405876968, 'I_gpe': 1.7977012515116724, 'I_gpi': 1.8445655347785186, 'noise_stn_sigma': 6.914428816252258, 'noise_gpe_sigma': 113.63822798398455, 'noise_gpi_sigma': 93.91939201824316, 'g_stn_gpe_mult': 2.9087313047105274, 'g_gpe_stn_mult': 0.7028473376456073, 'g_stn_gpi_mult': 2.8377902999707363, 'g_gpe_gpi_mult': 0.9479005412176742}. Best is trial 4 with value: 3.429511868616504.
[I 2026-05-28 23:14:44,251] Trial 387 finished with value: 9.919050881853652 and parameters: {'ISTN': 60.46015565050862, 'I_gpe': 1.8401123451016101, 'I_gpi': 2.0101116844845386, 'noise_stn_sigma': 6.319766001465833, 'noise_gpe_sigma': 121.87558546042138, 'noise_gpi_sigma': 100.50574780445194, 'g_stn_gpe_mult': 3.2727315810857895, 'g_gpe_stn_mult': 0.7375021449989351, 'g_stn_gpi_mult': 3.3155420742332797, 'g_gpe_gpi_mult': 0.912604062315044}. Best is trial 4 with value: 3.429511868616504.
[I 2026-05-28 23:14:45,259] Trial 388 finished with value: 13.308216552349988 and parameters: {'ISTN': 64.8634207265455, 'I_gpe': 1.8419096797066647, 'I_gpi': 1.9309641459581695, 'noise_stn_sigma': 6.524410121939738, 'noise_gpe_sigma': 122.01612466337463, 'noise_gpi_sigma': 100.6732808427146, 'g_stn_gpe_mult': 3.055118863191616, 'g_gpe_stn_mult': 0.732986387733665, 'g_stn_gpi_mult': 3.0032735923402707, 'g_gpe_gpi_mult': 0.944211937299781}. Best is trial 4 with value: 3.429511868616504.
[I 2026-05-28 23:14:46,269] Trial 389 finished with value: 10.632279050798223 and parameters: {'ISTN': 64.9249441745955, 'I_gpe': 2.06354966085114, 'I_gpi': 1.9247011144238548, 'noise_stn_sigma': 6.159283337184062, 'noise_gpe_sigma': 110.86897409744408, 'noise_gpi_sigma': 106.48176265400105, 'g_stn_gpe_mult': 3.1888262575322655, 'g_gpe_stn_mult': 0.6963348908999013, 'g_stn_gpi_mult': 3.465997221798649, 'g_gpe_gpi_mult': 1.0077401681599722}. Best is trial 4 with value: 3.429511868616504.
[I 2026-05-28 23:14:47,277] Trial 390 finished with value: 10.943242247085774 and parameters: {'ISTN': 65.10264177629966, 'I_gpe': 1.863710048568863, 'I_gpi': 2.096415774141642, 'noise_stn_sigma': 6.25144486566246, 'noise_gpe_sigma': 112.85252998740707, 'noise_gpi_sigma': 85.7766735635069, 'g_stn_gpe_mult': 3.2480004047826014, 'g_gpe_stn_mult': 0.7685151149047644, 'g_stn_gpi_mult': 3.051346763073724, 'g_gpe_gpi_mult': 0.9514874803040188}. Best is trial 4 with value: 3.429511868616504.
[I 2026-05-28 23:14:48,288] Trial 391 finished with value: 10.403135465851157 and parameters: {'ISTN': 62.358779809072985, 'I_gpe': 2.023979978660749, 'I_gpi': 1.9867220260389926, 'noise_stn_sigma': 6.68405779062174, 'noise_gpe_sigma': 123.72284535429081, 'noise_gpi_sigma': 103.74820953553728, 'g_stn_gpe_mult': 3.3041418356832453, 'g_gpe_stn_mult': 0.6899491310337453, 'g_stn_gpi_mult': 3.106119684239514, 'g_gpe_gpi_mult': 0.8757737242712085}. Best is trial 4 with value: 3.429511868616504.
[I 2026-05-28 23:14:49,294] Trial 392 finished with value: 12.441888502188204 and parameters: {'ISTN': 66.37432965555817, 'I_gpe': 1.7911218704771283, 'I_gpi': 1.9167634614449174, 'noise_stn_sigma': 6.064144901239989, 'noise_gpe_sigma': 113.58021023400954, 'noise_gpi_sigma': 99.81514599526767, 'g_stn_gpe_mult': 2.9628079906783245, 'g_gpe_stn_mult': 0.7219984551536041, 'g_stn_gpi_mult': 3.4659116434163812, 'g_gpe_gpi_mult': 0.9847527602510153}. Best is trial 4 with value: 3.429511868616504.
[I 2026-05-28 23:14:50,302] Trial 393 finished with value: 13.86571497322229 and parameters: {'ISTN': 66.46304008703163, 'I_gpe': 1.9139118823304457, 'I_gpi': 1.982440327917345, 'noise_stn_sigma': 6.682329400760378, 'noise_gpe_sigma': 118.02280504835271, 'noise_gpi_sigma': 101.25280187676941, 'g_stn_gpe_mult': 3.114427138275658, 'g_gpe_stn_mult': 0.7744142719662932, 'g_stn_gpi_mult': 3.130885931948284, 'g_gpe_gpi_mult': 0.933354337811559}. Best is trial 4 with value: 3.429511868616504.
[I 2026-05-28 23:14:51,309] Trial 394 finished with value: 11.900294126270817 and parameters: {'ISTN': 66.1427625164622, 'I_gpe': 2.110820458743076, 'I_gpi': 2.086715401369671, 'noise_stn_sigma': 6.354026630432036, 'noise_gpe_sigma': 125.46588432915527, 'noise_gpi_sigma': 97.82142831105931, 'g_stn_gpe_mult': 3.20426730323324, 'g_gpe_stn_mult': 0.7296268307544617, 'g_stn_gpi_mult': 3.284648841389751, 'g_gpe_gpi_mult': 0.8247928045358646}. Best is trial 4 with value: 3.429511868616504.
[I 2026-05-28 23:14:52,318] Trial 395 finished with value: 10.122285580319497 and parameters: {'ISTN': 66.63571175171234, 'I_gpe': 2.1516747463082453, 'I_gpi': 1.9451207715504013, 'noise_stn_sigma': 6.904106120908439, 'noise_gpe_sigma': 128.7680205651431, 'noise_gpi_sigma': 102.77042090417866, 'g_stn_gpe_mult': 3.3822989640598555, 'g_gpe_stn_mult': 0.7759499651346402, 'g_stn_gpi_mult': 3.082641559340391, 'g_gpe_gpi_mult': 0.8974206266676292}. Best is trial 4 with value: 3.429511868616504.
