[I 2026-05-28 23:32:35,458] Trial 440 finished with value: 6.569551199708419 and parameters: {'ISTN': 64.21149812352537, 'I_gpe': 1.3587595429710781, 'I_gpi': 2.5982581623516796, 'noise_stn_sigma': 5.990847018323687, 'noise_gpe_sigma': 119.22066890737855, 'noise_gpi_sigma': 73.74050688072398, 'g_stn_gpe_mult': 2.849699279934484, 'g_gpe_stn_mult': 0.6681322003897392, 'g_stn_gpi_mult': 2.906430444605209, 'g_gpe_gpi_mult': 0.5309646201408726}. Best is trial 114 with value: 0.7660526910236299.
[I 2026-05-28 23:32:36,467] Trial 441 finished with value: 8.154309324542968 and parameters: {'ISTN': 64.77757344627227, 'I_gpe': 1.3370290844484738, 'I_gpi': 2.6117738497048766, 'noise_stn_sigma': 6.565707846023396, 'noise_gpe_sigma': 121.97324255056935, 'noise_gpi_sigma': 88.52287773785257, 'g_stn_gpe_mult': 2.7632842793736314, 'g_gpe_stn_mult': 0.734588358809396, 'g_stn_gpi_mult': 3.056514233447004, 'g_gpe_gpi_mult': 0.426790344537924}. Best is trial 114 with value: 0.7660526910236299.
[I 2026-05-28 23:32:37,474] Trial 442 finished with value: 2.4792428246899774 and parameters: {'ISTN': 64.48188830588626, 'I_gpe': 1.360967778599425, 'I_gpi': 2.782445578819623, 'noise_stn_sigma': 5.690408419083975, 'noise_gpe_sigma': 124.05936614396803, 'noise_gpi_sigma': 85.54668155426023, 'g_stn_gpe_mult': 2.676913286783761, 'g_gpe_stn_mult': 0.6261870827487173, 'g_stn_gpi_mult': 3.1267197757000336, 'g_gpe_gpi_mult': 0.5425665661029383}. Best is trial 114 with value: 0.7660526910236299.
[I 2026-05-28 23:32:38,484] Trial 443 finished with value: 5.227976816763568 and parameters: {'ISTN': 61.38026690248765, 'I_gpe': 1.4230899447517158, 'I_gpi': 2.849712361425313, 'noise_stn_sigma': 5.924115681324113, 'noise_gpe_sigma': 122.10225554668116, 'noise_gpi_sigma': 85.86884713799182, 'g_stn_gpe_mult': 2.7276210953814504, 'g_gpe_stn_mult': 0.576743191989147, 'g_stn_gpi_mult': 2.8802341017272606, 'g_gpe_gpi_mult': 0.5083805897419393}. Best is trial 114 with value: 0.7660526910236299.
[I 2026-05-28 23:32:39,492] Trial 444 finished with value: 7.924561087897266 and parameters: {'ISTN': 61.935331541899586, 'I_gpe': 1.3840750326729965, 'I_gpi': 2.5025941591006595, 'noise_stn_sigma': 6.144303173192006, 'noise_gpe_sigma': 112.1501235319375, 'noise_gpi_sigma': 84.15559417581271, 'g_stn_gpe_mult': 2.6599985135150925, 'g_gpe_stn_mult': 0.6042086927345054, 'g_stn_gpi_mult': 2.8527483170525905, 'g_gpe_gpi_mult': 0.561429881117276}. Best is trial 114 with value: 0.7660526910236299.
[I 2026-05-28 23:32:40,502] Trial 445 finished with value: 9.223419820675767 and parameters: {'ISTN': 65.45349780975256, 'I_gpe': 1.1838915145116304, 'I_gpi': 3.1060355738096805, 'noise_stn_sigma': 6.655541344572052, 'noise_gpe_sigma': 129.63920877413327, 'noise_gpi_sigma': 84.75512743992212, 'g_stn_gpe_mult': 2.642912007219362, 'g_gpe_stn_mult': 0.6128927369645296, 'g_stn_gpi_mult': 2.6920570871432767, 'g_gpe_gpi_mult': 0.5695113330178134}. Best is trial 114 with value: 0.7660526910236299.
[I 2026-05-28 23:32:41,512] Trial 446 finished with value: 5.252186768932499 and parameters: {'ISTN': 61.303365252359754, 'I_gpe': 1.3073992258228815, 'I_gpi': 2.405046455864001, 'noise_stn_sigma': 5.727697180065849, 'noise_gpe_sigma': 125.92576819471799, 'noise_gpi_sigma': 88.05238730382828, 'g_stn_gpe_mult': 2.7566772411285196, 'g_gpe_stn_mult': 0.5867395602948514, 'g_stn_gpi_mult': 2.8109092063715284, 'g_gpe_gpi_mult': 0.5181807536820161}. Best is trial 114 with value: 0.7660526910236299.
[I 2026-05-28 23:32:42,520] Trial 447 finished with value: 3.9140748648762878 and parameters: {'ISTN': 63.212120532511626, 'I_gpe': 1.2593126214809236, 'I_gpi': 2.526643441754258, 'noise_stn_sigma': 6.32266049470139, 'noise_gpe_sigma': 129.67144208977652, 'noise_gpi_sigma': 93.74712590796118, 'g_stn_gpe_mult': 2.8271265965901016, 'g_gpe_stn_mult': 0.6284348517703159, 'g_stn_gpi_mult': 3.0075292986620235, 'g_gpe_gpi_mult': 0.5133476615770884}. Best is trial 114 with value: 0.7660526910236299.
[I 2026-05-28 23:32:43,526] Trial 448 finished with value: 6.74906722383421 and parameters: {'ISTN': 68.11524943565924, 'I_gpe': 1.3245643787944255, 'I_gpi': 2.946466817934417, 'noise_stn_sigma': 6.524950129652974, 'noise_gpe_sigma': 121.0374287662314, 'noise_gpi_sigma': 92.81646674119625, 'g_stn_gpe_mult': 2.575479849309497, 'g_gpe_stn_mult': 0.6511047414568131, 'g_stn_gpi_mult': 2.6760066228917534, 'g_gpe_gpi_mult': 0.5805466099184244}. Best is trial 114 with value: 0.7660526910236299.
[I 2026-05-28 23:32:44,530] Trial 449 finished with value: 8.96218484805039 and parameters: {'ISTN': 60.419613706781746, 'I_gpe': 1.4292428958368844, 'I_gpi': 2.632559429798245, 'noise_stn_sigma': 6.2178513419595856, 'noise_gpe_sigma': 132.1971678888821, 'noise_gpi_sigma': 86.57037408244605, 'g_stn_gpe_mult': 2.7598158177557854, 'g_gpe_stn_mult': 0.6236102617390887, 'g_stn_gpi_mult': 3.0250572297203977, 'g_gpe_gpi_mult': 0.5025866607470937}. Best is trial 114 with value: 0.7660526910236299.
[I 2026-05-28 23:32:45,538] Trial 450 finished with value: 4.367695288110507 and parameters: {'ISTN': 62.441383686053484, 'I_gpe': 1.4274154923940272, 'I_gpi': 2.5385575178381834, 'noise_stn_sigma': 6.2290478192773415, 'noise_gpe_sigma': 113.36469536932606, 'noise_gpi_sigma': 103.06931912163816, 'g_stn_gpe_mult': 2.7885268490938797, 'g_gpe_stn_mult': 0.5985993306650803, 'g_stn_gpi_mult': 2.869487786742178, 'g_gpe_gpi_mult': 0.5526587477648575}. Best is trial 114 with value: 0.7660526910236299.
[I 2026-05-28 23:32:46,548] Trial 451 finished with value: 5.362770198013138 and parameters: {'ISTN': 68.49059502259465, 'I_gpe': 1.236640318816992, 'I_gpi': 2.3548620336842765, 'noise_stn_sigma': 5.956416591398237, 'noise_gpe_sigma': 127.16542594155233, 'noise_gpi_sigma': 84.55692534548433, 'g_stn_gpe_mult': 2.8225065164106216, 'g_gpe_stn_mult': 0.6743510074484348, 'g_stn_gpi_mult': 3.0359453990089764, 'g_gpe_gpi_mult': 0.5045263495266084}. Best is trial 114 with value: 0.7660526910236299.
[I 2026-05-28 23:32:47,554] Trial 452 finished with value: 4.045604579052891 and parameters: {'ISTN': 62.21852973304758, 'I_gpe': 1.4689368068024473, 'I_gpi': 2.8836030608019287, 'noise_stn_sigma': 5.882033382657123, 'noise_gpe_sigma': 117.8891166421171, 'noise_gpi_sigma': 92.81894627886798, 'g_stn_gpe_mult': 2.7431758676765368, 'g_gpe_stn_mult': 0.6601790543741737, 'g_stn_gpi_mult': 3.0641775889641725, 'g_gpe_gpi_mult': 0.5054183647526381}. Best is trial 114 with value: 0.7660526910236299.
[I 2026-05-28 23:32:48,560] Trial 453 finished with value: 5.714031975794621 and parameters: {'ISTN': 67.65599729159987, 'I_gpe': 1.4368781741932233, 'I_gpi': 2.3841342216354504, 'noise_stn_sigma': 6.338677209675336, 'noise_gpe_sigma': 112.15367453949774, 'noise_gpi_sigma': 97.80482190418931, 'g_stn_gpe_mult': 2.9554284203157652, 'g_gpe_stn_mult': 0.6212908032403365, 'g_stn_gpi_mult': 3.114363171867316, 'g_gpe_gpi_mult': 0.5221833146007735}. Best is trial 114 with value: 0.7660526910236299.
[I 2026-05-28 23:32:49,564] Trial 454 finished with value: 9.802918812834012 and parameters: {'ISTN': 64.28054914554173, 'I_gpe': 1.4897751577818994, 'I_gpi': 2.819380004514648, 'noise_stn_sigma': 5.764158095544713, 'noise_gpe_sigma': 129.67429102644317, 'noise_gpi_sigma': 84.96024748595434, 'g_stn_gpe_mult': 2.9931327656781415, 'g_gpe_stn_mult': 0.5624938025326429, 'g_stn_gpi_mult': 2.9199410708536346, 'g_gpe_gpi_mult': 0.4851034762718063}. Best is trial 114 with value: 0.7660526910236299.
[I 2026-05-28 23:32:50,570] Trial 455 finished with value: 3.878807951249014 and parameters: {'ISTN': 73.03674129152932, 'I_gpe': 1.397980134648115, 'I_gpi': 2.5386377335477164, 'noise_stn_sigma': 5.750604897096707, 'noise_gpe_sigma': 116.00521308047061, 'noise_gpi_sigma': 95.34476142128959, 'g_stn_gpe_mult': 2.8430130750737774, 'g_gpe_stn_mult': 0.620898935134894, 'g_stn_gpi_mult': 3.2579949384140496, 'g_gpe_gpi_mult': 0.5043192059040739}. Best is trial 114 with value: 0.7660526910236299.
[I 2026-05-28 23:32:51,578] Trial 456 finished with value: 3.0986288358401657 and parameters: {'ISTN': 64.6882569197124, 'I_gpe': 1.2938941150098542, 'I_gpi': 2.6844890239544235, 'noise_stn_sigma': 6.138955092983019, 'noise_gpe_sigma': 129.27947358876162, 'noise_gpi_sigma': 77.56926715871629, 'g_stn_gpe_mult': 2.854435206875633, 'g_gpe_stn_mult': 0.5893282323377373, 'g_stn_gpi_mult': 2.98169051233582, 'g_gpe_gpi_mult': 0.5487933183984874}. Best is trial 114 with value: 0.7660526910236299.
[I 2026-05-28 23:32:52,585] Trial 457 finished with value: 4.040163211963449 and parameters: {'ISTN': 61.88199129361006, 'I_gpe': 1.4339295439462356, 'I_gpi': 2.255139166344576, 'noise_stn_sigma': 6.157062553926282, 'noise_gpe_sigma': 124.23545744584077, 'noise_gpi_sigma': 95.66285592471927, 'g_stn_gpe_mult': 2.794350864645195, 'g_gpe_stn_mult': 0.6063425452712058, 'g_stn_gpi_mult': 3.269749464200753, 'g_gpe_gpi_mult': 0.5592388411154829}. Best is trial 114 with value: 0.7660526910236299.
[I 2026-05-28 23:32:53,592] Trial 458 finished with value: 5.244828880494733 and parameters: {'ISTN': 61.412849198067924, 'I_gpe': 1.2674426431643697, 'I_gpi': 2.5656308406807655, 'noise_stn_sigma': 6.13547488150888, 'noise_gpe_sigma': 122.54210559922156, 'noise_gpi_sigma': 89.01600516759818, 'g_stn_gpe_mult': 2.449955705754715, 'g_gpe_stn_mult': 0.6114846570858903, 'g_stn_gpi_mult': 3.271553340047291, 'g_gpe_gpi_mult': 0.4862645187915467}. Best is trial 114 with value: 0.7660526910236299.
[I 2026-05-28 23:32:54,598] Trial 459 finished with value: 0.6576545468262062 and parameters: {'ISTN': 60.67385889799445, 'I_gpe': 1.3401436002724405, 'I_gpi': 2.328304590192012, 'noise_stn_sigma': 6.3238661996591645, 'noise_gpe_sigma': 125.47652713207378, 'noise_gpi_sigma': 97.6226945761098, 'g_stn_gpe_mult': 3.016272506814852, 'g_gpe_stn_mult': 0.5368926259986352, 'g_stn_gpi_mult': 3.208897179193493, 'g_gpe_gpi_mult': 0.5330547546707367}. Best is trial 459 with value: 0.6576545468262062.
[I 2026-05-28 23:32:55,606] Trial 460 finished with value: 5.056703296083647 and parameters: {'ISTN': 65.43442448188766, 'I_gpe': 1.4010076150033344, 'I_gpi': 2.6916617235759084, 'noise_stn_sigma': 5.972895751216915, 'noise_gpe_sigma': 122.26670678908944, 'noise_gpi_sigma': 89.2131419053658, 'g_stn_gpe_mult': 2.6205372107921585, 'g_gpe_stn_mult': 0.6227698914606256, 'g_stn_gpi_mult': 3.1279746796913273, 'g_gpe_gpi_mult': 0.585158923466236}. Best is trial 459 with value: 0.6576545468262062.
[I 2026-05-28 23:32:56,614] Trial 461 finished with value: 3.5522017014764287 and parameters: {'ISTN': 66.48635847770232, 'I_gpe': 1.447001789749447, 'I_gpi': 2.623095882658503, 'noise_stn_sigma': 6.220241449243581, 'noise_gpe_sigma': 125.79747549181721, 'noise_gpi_sigma': 83.92382418029206, 'g_stn_gpe_mult': 2.7346663950882455, 'g_gpe_stn_mult': 0.5772592279117772, 'g_stn_gpi_mult': 2.9394151406139324, 'g_gpe_gpi_mult': 0.5052198641928929}. Best is trial 459 with value: 0.6576545468262062.
[I 2026-05-28 23:32:57,563] Trial 462 finished with value: 1000000.0 and parameters: {'ISTN': 68.04023587488334, 'I_gpe': 1.369032156898564, 'I_gpi': 2.4917814327698027, 'noise_stn_sigma': 5.63303342685573, 'noise_gpe_sigma': 126.73283287557238, 'noise_gpi_sigma': 88.99568960698095, 'g_stn_gpe_mult': 2.671123018103194, 'g_gpe_stn_mult': 0.5763160138881278, 'g_stn_gpi_mult': 3.0602467141774197, 'g_gpe_gpi_mult': 0.5496832639435912}. Best is trial 459 with value: 0.6576545468262062.
[I 2026-05-28 23:32:58,571] Trial 463 finished with value: 8.081218369883853 and parameters: {'ISTN': 64.12651292185807, 'I_gpe': 1.2489583349446645, 'I_gpi': 2.8037343013516676, 'noise_stn_sigma': 6.215146198223056, 'noise_gpe_sigma': 121.07360870506483, 'noise_gpi_sigma': 95.99396630884374, 'g_stn_gpe_mult': 2.5584838028694525, 'g_gpe_stn_mult': 0.588784520545407, 'g_stn_gpi_mult': 3.079971904759078, 'g_gpe_gpi_mult': 0.5200563620392193}. Best is trial 459 with value: 0.6576545468262062.
[I 2026-05-28 23:32:59,580] Trial 464 finished with value: 3.2713878830521006 and parameters: {'ISTN': 61.69870159891995, 'I_gpe': 1.201097455050673, 'I_gpi': 2.47258532949245, 'noise_stn_sigma': 6.245378278320006, 'noise_gpe_sigma': 136.99476125288743, 'noise_gpi_sigma': 88.9979707167778, 'g_stn_gpe_mult': 3.286444826242195, 'g_gpe_stn_mult': 0.5115043430904772, 'g_stn_gpi_mult': 2.814432275971628, 'g_gpe_gpi_mult': 0.5141503815553417}. Best is trial 459 with value: 0.6576545468262062.
[I 2026-05-28 23:33:00,588] Trial 465 finished with value: 6.564282122965976 and parameters: {'ISTN': 65.19659358618892, 'I_gpe': 1.2467749499407559, 'I_gpi': 2.4678691218708755, 'noise_stn_sigma': 5.932758605378453, 'noise_gpe_sigma': 129.4933551414249, 'noise_gpi_sigma': 86.47518579186331, 'g_stn_gpe_mult': 2.7842477470514786, 'g_gpe_stn_mult': 0.5631931885622573, 'g_stn_gpi_mult': 2.9258763849652043, 'g_gpe_gpi_mult': 0.582397984581065}. Best is trial 459 with value: 0.6576545468262062.
[I 2026-05-28 23:33:01,595] Trial 466 finished with value: 7.804648605029092 and parameters: {'ISTN': 71.93043294144795, 'I_gpe': 1.3699848930598817, 'I_gpi': 2.4840273915129067, 'noise_stn_sigma': 6.527202836574768, 'noise_gpe_sigma': 120.25122989557372, 'noise_gpi_sigma': 91.26669116637848, 'g_stn_gpe_mult': 2.480984913313727, 'g_gpe_stn_mult': 0.6344886878981014, 'g_stn_gpi_mult': 3.060147990768177, 'g_gpe_gpi_mult': 0.5496848654431794}. Best is trial 459 with value: 0.6576545468262062.
[I 2026-05-28 23:33:02,603] Trial 467 finished with value: 8.15423431494723 and parameters: {'ISTN': 69.19118535388088, 'I_gpe': 1.442498724477355, 'I_gpi': 2.833008789990842, 'noise_stn_sigma': 6.518963335971796, 'noise_gpe_sigma': 125.99993979028122, 'noise_gpi_sigma': 92.68186602295371, 'g_stn_gpe_mult': 2.8383871829103104, 'g_gpe_stn_mult': 0.5394665028370194, 'g_stn_gpi_mult': 3.0886595932759295, 'g_gpe_gpi_mult': 0.587197515636583}. Best is trial 459 with value: 0.6576545468262062.
[I 2026-05-28 23:33:03,609] Trial 468 finished with value: 3.2392312746437195 and parameters: {'ISTN': 67.7640283768873, 'I_gpe': 1.3318430189284456, 'I_gpi': 2.314284474133358, 'noise_stn_sigma': 5.914069245739848, 'noise_gpe_sigma': 129.48488336770686, 'noise_gpi_sigma': 88.49611103625519, 'g_stn_gpe_mult': 2.7782412927234077, 'g_gpe_stn_mult': 0.622357395704232, 'g_stn_gpi_mult': 3.4514396523655333, 'g_gpe_gpi_mult': 0.516067097578923}. Best is trial 459 with value: 0.6576545468262062.
[I 2026-05-28 23:33:04,615] Trial 469 finished with value: 10.862132640825324 and parameters: {'ISTN': 63.54370045321328, 'I_gpe': 1.4177078535087266, 'I_gpi': 2.473396083572019, 'noise_stn_sigma': 6.397577061048073, 'noise_gpe_sigma': 126.48163877121813, 'noise_gpi_sigma': 90.28611117056091, 'g_stn_gpe_mult': 2.815300628608316, 'g_gpe_stn_mult': 0.5406432837348009, 'g_stn_gpi_mult': 3.1120596937248366, 'g_gpe_gpi_mult': 0.4833424121531491}. Best is trial 459 with value: 0.6576545468262062.
[I 2026-05-28 23:33:05,623] Trial 470 finished with value: 6.340739244677211 and parameters: {'ISTN': 60.92149336135763, 'I_gpe': 1.2867899931606095, 'I_gpi': 2.276423533928309, 'noise_stn_sigma': 6.048875820123817, 'noise_gpe_sigma': 126.16580631782206, 'noise_gpi_sigma': 96.74925625828125, 'g_stn_gpe_mult': 2.891637676851839, 'g_gpe_stn_mult': 0.5915029342125554, 'g_stn_gpi_mult': 3.1433266112124203, 'g_gpe_gpi_mult': 0.4477377008098775}. Best is trial 459 with value: 0.6576545468262062.
[I 2026-05-28 23:33:06,632] Trial 471 finished with value: 4.46941745090622 and parameters: {'ISTN': 73.0154679591794, 'I_gpe': 1.2460374227436943, 'I_gpi': 2.2709883016011947, 'noise_stn_sigma': 6.1521233969638915, 'noise_gpe_sigma': 130.74955956301116, 'noise_gpi_sigma': 95.44630945969541, 'g_stn_gpe_mult': 2.811547939565213, 'g_gpe_stn_mult': 0.5323826303983198, 'g_stn_gpi_mult': 3.2983947650534162, 'g_gpe_gpi_mult': 0.43377839035492755}. Best is trial 459 with value: 0.6576545468262062.
[I 2026-05-28 23:33:07,638] Trial 472 finished with value: 10.870065164136497 and parameters: {'ISTN': 68.66991488274039, 'I_gpe': 1.3310327841410305, 'I_gpi': 2.3448084128173834, 'noise_stn_sigma': 6.341481602942239, 'noise_gpe_sigma': 120.99480290930845, 'noise_gpi_sigma': 90.83897853707133, 'g_stn_gpe_mult': 2.7158769664634517, 'g_gpe_stn_mult': 0.5172000461969309, 'g_stn_gpi_mult': 3.0157669505888047, 'g_gpe_gpi_mult': 0.5611703676041004}. Best is trial 459 with value: 0.6576545468262062.
[I 2026-05-28 23:33:08,645] Trial 473 finished with value: 7.311262955963689 and parameters: {'ISTN': 66.84598435909105, 'I_gpe': 1.2934418630287814, 'I_gpi': 2.62813593194356, 'noise_stn_sigma': 5.931529481994381, 'noise_gpe_sigma': 137.1534007913229, 'noise_gpi_sigma': 76.78691517148752, 'g_stn_gpe_mult': 3.206215303679561, 'g_gpe_stn_mult': 0.6528403951179914, 'g_stn_gpi_mult': 3.374604977963939, 'g_gpe_gpi_mult': 0.5143954225054166}. Best is trial 459 with value: 0.6576545468262062.
[I 2026-05-28 23:33:09,651] Trial 474 finished with value: 6.972069371436291 and parameters: {'ISTN': 66.08085771214589, 'I_gpe': 1.3291253498959859, 'I_gpi': 2.501559061748062, 'noise_stn_sigma': 5.254910971470034, 'noise_gpe_sigma': 138.21378366752322, 'noise_gpi_sigma': 95.21230885813168, 'g_stn_gpe_mult': 2.970915890550737, 'g_gpe_stn_mult': 0.6714607770546569, 'g_stn_gpi_mult': 2.949666176023601, 'g_gpe_gpi_mult': 0.4122612326741558}. Best is trial 459 with value: 0.6576545468262062.
[I 2026-05-28 23:33:10,658] Trial 475 finished with value: 10.895649023033755 and parameters: {'ISTN': 63.82558668562968, 'I_gpe': 1.2741959139905528, 'I_gpi': 2.5802748683419665, 'noise_stn_sigma': 6.223540850747023, 'noise_gpe_sigma': 140.9033423766464, 'noise_gpi_sigma': 80.15258929728915, 'g_stn_gpe_mult': 3.484598029433948, 'g_gpe_stn_mult': 0.5628699808626442, 'g_stn_gpi_mult': 3.060526093186688, 'g_gpe_gpi_mult': 0.5107869193412327}. Best is trial 459 with value: 0.6576545468262062.
[I 2026-05-28 23:33:11,665] Trial 476 finished with value: 4.158511730023985 and parameters: {'ISTN': 65.58904350508382, 'I_gpe': 1.299275853635796, 'I_gpi': 2.566456914788058, 'noise_stn_sigma': 6.423554677856512, 'noise_gpe_sigma': 130.91865185697378, 'noise_gpi_sigma': 99.06778847990228, 'g_stn_gpe_mult': 3.053251563339263, 'g_gpe_stn_mult': 0.5753937107497528, 'g_stn_gpi_mult': 2.9612897205193995, 'g_gpe_gpi_mult': 0.42100134807809164}. Best is trial 459 with value: 0.6576545468262062.
[I 2026-05-28 23:33:12,674] Trial 477 finished with value: 2.6771308560033376 and parameters: {'ISTN': 63.16344776689185, 'I_gpe': 1.4098948510742044, 'I_gpi': 2.734588605007564, 'noise_stn_sigma': 6.246225116745642, 'noise_gpe_sigma': 128.22731413395653, 'noise_gpi_sigma': 87.54755464533326, 'g_stn_gpe_mult': 2.925296497869512, 'g_gpe_stn_mult': 0.5734221437460046, 'g_stn_gpi_mult': 3.2099218880904696, 'g_gpe_gpi_mult': 0.49986247164723113}. Best is trial 459 with value: 0.6576545468262062.
[I 2026-05-28 23:33:13,680] Trial 478 finished with value: 4.701496357560499 and parameters: {'ISTN': 67.41426495231806, 'I_gpe': 1.2852037978711575, 'I_gpi': 2.192148416314374, 'noise_stn_sigma': 6.177691598129886, 'noise_gpe_sigma': 133.15183375085473, 'noise_gpi_sigma': 82.01368131186771, 'g_stn_gpe_mult': 3.044576142111347, 'g_gpe_stn_mult': 0.5864135822887616, 'g_stn_gpi_mult': 3.052394877726494, 'g_gpe_gpi_mult': 0.46995429194944116}. Best is trial 459 with value: 0.6576545468262062.
[I 2026-05-28 23:33:14,688] Trial 479 finished with value: 4.147241727826767 and parameters: {'ISTN': 62.72950741051376, 'I_gpe': 1.379550230956081, 'I_gpi': 2.502340254757404, 'noise_stn_sigma': 6.043333482332876, 'noise_gpe_sigma': 128.84393282429164, 'noise_gpi_sigma': 85.9365203001702, 'g_stn_gpe_mult': 2.57861659857559, 'g_gpe_stn_mult': 0.5928023284417401, 'g_stn_gpi_mult': 2.9989427805274778, 'g_gpe_gpi_mult': 0.5778379211635127}. Best is trial 459 with value: 0.6576545468262062.
[I 2026-05-28 23:33:15,636] Trial 480 finished with value: 1000000.0 and parameters: {'ISTN': 63.254294298546554, 'I_gpe': 1.3498945149565273, 'I_gpi': 2.465526149955062, 'noise_stn_sigma': 6.008006637171682, 'noise_gpe_sigma': 137.79835938515458, 'noise_gpi_sigma': 93.80215950414349, 'g_stn_gpe_mult': 3.0771700214051667, 'g_gpe_stn_mult': 0.6186276544951904, 'g_stn_gpi_mult': 3.177299171455123, 'g_gpe_gpi_mult': 0.49846309266294997}. Best is trial 459 with value: 0.6576545468262062.
[I 2026-05-28 23:33:16,645] Trial 481 finished with value: 9.101770107435048 and parameters: {'ISTN': 64.29298995358108, 'I_gpe': 1.2909470243542214, 'I_gpi': 2.350266186227764, 'noise_stn_sigma': 6.395321488056736, 'noise_gpe_sigma': 141.7276856735289, 'noise_gpi_sigma': 93.03020619467867, 'g_stn_gpe_mult': 2.5832020405672838, 'g_gpe_stn_mult': 0.6240456147098071, 'g_stn_gpi_mult': 3.3076540610750307, 'g_gpe_gpi_mult': 0.456822254196604}. Best is trial 459 with value: 0.6576545468262062.
[I 2026-05-28 23:33:17,653] Trial 482 finished with value: 0.9449131419349941 and parameters: {'ISTN': 64.52835079517006, 'I_gpe': 1.340226617265997, 'I_gpi': 2.581595549914012, 'noise_stn_sigma': 5.823805922390622, 'noise_gpe_sigma': 127.90726151197896, 'noise_gpi_sigma': 90.67608049279261, 'g_stn_gpe_mult': 2.814559933567411, 'g_gpe_stn_mult': 0.6361001752542734, 'g_stn_gpi_mult': 3.1303658003739523, 'g_gpe_gpi_mult': 0.5254922830979488}. Best is trial 459 with value: 0.6576545468262062.
[I 2026-05-28 23:33:18,663] Trial 483 finished with value: 8.3915818828283 and parameters: {'ISTN': 67.40304941747597, 'I_gpe': 1.340263218156271, 'I_gpi': 2.5365945204213967, 'noise_stn_sigma': 6.340663006861254, 'noise_gpe_sigma': 131.52925715199845, 'noise_gpi_sigma': 85.27502018442804, 'g_stn_gpe_mult': 3.0696017148773302, 'g_gpe_stn_mult': 0.4976847758224282, 'g_stn_gpi_mult': 3.2510779615654086, 'g_gpe_gpi_mult': 0.5421081709742559}. Best is trial 459 with value: 0.6576545468262062.
