[I 2026-05-29 00:12:25,599] Trial 792 finished with value: 0.12383056956562845 and parameters: {'ISTN': 61.18626273745641, 'I_gpe': 1.3489614558358776, 'I_gpi': 2.132682217109992, 'noise_stn_sigma': 3.627754387937369, 'noise_gpe_sigma': 106.66908815259274, 'noise_gpi_sigma': 81.63754996874488, 'g_stn_gpe_mult': 2.8462830332720745, 'g_gpe_stn_mult': 0.1079253616013572, 'g_stn_gpi_mult': 2.25627465219751, 'g_gpe_gpi_mult': 0.5203495593091396}. Best is trial 747 with value: 0.12241304048949074.
[I 2026-05-29 00:12:26,605] Trial 793 finished with value: 0.13678959486461503 and parameters: {'ISTN': 61.064679995138114, 'I_gpe': 1.2125943245807602, 'I_gpi': 2.065725896417497, 'noise_stn_sigma': 3.6351845104903, 'noise_gpe_sigma': 106.60956326382987, 'noise_gpi_sigma': 82.07924265027472, 'g_stn_gpe_mult': 2.6945531733692736, 'g_gpe_stn_mult': 0.12342465981732101, 'g_stn_gpi_mult': 2.313590492600639, 'g_gpe_gpi_mult': 0.5057364476690336}. Best is trial 747 with value: 0.12241304048949074.
[I 2026-05-29 00:12:27,614] Trial 794 finished with value: 0.13248210198442553 and parameters: {'ISTN': 61.54626854065698, 'I_gpe': 1.239107234645123, 'I_gpi': 2.1067322396383696, 'noise_stn_sigma': 3.5303091672214126, 'noise_gpe_sigma': 106.64526308009413, 'noise_gpi_sigma': 83.9802724115127, 'g_stn_gpe_mult': 2.780552807451522, 'g_gpe_stn_mult': 0.11642847191582072, 'g_stn_gpi_mult': 2.252847371089426, 'g_gpe_gpi_mult': 0.558508595866062}. Best is trial 747 with value: 0.12241304048949074.
[I 2026-05-29 00:12:28,622] Trial 795 finished with value: 0.12538463911676145 and parameters: {'ISTN': 61.01606726461922, 'I_gpe': 1.2928810507481898, 'I_gpi': 2.1230187922333936, 'noise_stn_sigma': 3.6782248172372296, 'noise_gpe_sigma': 106.49422156342061, 'noise_gpi_sigma': 80.91186100491441, 'g_stn_gpe_mult': 2.802315049110393, 'g_gpe_stn_mult': 0.11225693534398808, 'g_stn_gpi_mult': 2.1705332286980235, 'g_gpe_gpi_mult': 0.5257924707479147}. Best is trial 747 with value: 0.12241304048949074.
[I 2026-05-29 00:12:29,629] Trial 796 finished with value: 0.12923429852436438 and parameters: {'ISTN': 60.4538961383386, 'I_gpe': 1.2175871048567695, 'I_gpi': 2.0849536824359447, 'noise_stn_sigma': 3.8447583395537404, 'noise_gpe_sigma': 105.83985140258342, 'noise_gpi_sigma': 79.92874278767779, 'g_stn_gpe_mult': 2.7219878299703746, 'g_gpe_stn_mult': 0.12739246995128845, 'g_stn_gpi_mult': 2.237805494745699, 'g_gpe_gpi_mult': 0.536631069769974}. Best is trial 747 with value: 0.12241304048949074.
[I 2026-05-29 00:12:30,636] Trial 797 finished with value: 1.2780900992607656 and parameters: {'ISTN': 60.49492132117543, 'I_gpe': 1.2865308595794192, 'I_gpi': 2.1204891562223276, 'noise_stn_sigma': 3.768551849160811, 'noise_gpe_sigma': 105.3253845714398, 'noise_gpi_sigma': 82.06777377249381, 'g_stn_gpe_mult': 2.722083206163808, 'g_gpe_stn_mult': 0.10984720348157276, 'g_stn_gpi_mult': 2.091824666355361, 'g_gpe_gpi_mult': 0.5717419622023285}. Best is trial 747 with value: 0.12241304048949074.
[I 2026-05-29 00:12:31,642] Trial 798 finished with value: 0.12474134706882901 and parameters: {'ISTN': 60.55877383828296, 'I_gpe': 1.2581154649811166, 'I_gpi': 2.143825885007425, 'noise_stn_sigma': 3.6602010373666802, 'noise_gpe_sigma': 106.17232296785451, 'noise_gpi_sigma': 80.41252462186063, 'g_stn_gpe_mult': 2.7939173306421248, 'g_gpe_stn_mult': 0.11772281942138259, 'g_stn_gpi_mult': 2.1645466998743226, 'g_gpe_gpi_mult': 0.53375070439594}. Best is trial 747 with value: 0.12241304048949074.
[I 2026-05-29 00:12:32,653] Trial 799 finished with value: 0.13607732366803368 and parameters: {'ISTN': 60.094008498056205, 'I_gpe': 1.2248186266192593, 'I_gpi': 2.0619204709226153, 'noise_stn_sigma': 3.6890705088517115, 'noise_gpe_sigma': 106.43751866941702, 'noise_gpi_sigma': 76.53483986114063, 'g_stn_gpe_mult': 2.8244292769268866, 'g_gpe_stn_mult': 0.13040030946371609, 'g_stn_gpi_mult': 2.1789277587003237, 'g_gpe_gpi_mult': 0.5589708557421906}. Best is trial 747 with value: 0.12241304048949074.
[I 2026-05-29 00:12:33,660] Trial 800 finished with value: 0.12736051683870445 and parameters: {'ISTN': 60.445376553969396, 'I_gpe': 1.3790115327858437, 'I_gpi': 2.0811196636610596, 'noise_stn_sigma': 3.520045235055331, 'noise_gpe_sigma': 112.83097401050604, 'noise_gpi_sigma': 79.16674677273687, 'g_stn_gpe_mult': 2.7002108286038844, 'g_gpe_stn_mult': 0.12721588715222848, 'g_stn_gpi_mult': 2.2684315607982057, 'g_gpe_gpi_mult': 0.49485440947421194}. Best is trial 747 with value: 0.12241304048949074.
[I 2026-05-29 00:12:34,668] Trial 801 finished with value: 0.16678344178136528 and parameters: {'ISTN': 61.25426195410248, 'I_gpe': 1.3433651353903993, 'I_gpi': 2.1779069523037515, 'noise_stn_sigma': 3.5105541612902305, 'noise_gpe_sigma': 112.44048356035276, 'noise_gpi_sigma': 80.09575686379286, 'g_stn_gpe_mult': 2.7203039920417913, 'g_gpe_stn_mult': 0.10486928744388202, 'g_stn_gpi_mult': 2.2187358042543366, 'g_gpe_gpi_mult': 0.4831227188674224}. Best is trial 747 with value: 0.12241304048949074.
[I 2026-05-29 00:12:35,674] Trial 802 finished with value: 0.11712238449331387 and parameters: {'ISTN': 60.366764680006796, 'I_gpe': 1.3557766774937998, 'I_gpi': 2.171791185815473, 'noise_stn_sigma': 3.8730066120409745, 'noise_gpe_sigma': 106.3686017433692, 'noise_gpi_sigma': 83.27395073720317, 'g_stn_gpe_mult': 2.7828983635881404, 'g_gpe_stn_mult': 0.10845046440132523, 'g_stn_gpi_mult': 2.2168957344327196, 'g_gpe_gpi_mult': 0.5150275066076586}. Best is trial 802 with value: 0.11712238449331387.
[I 2026-05-29 00:12:36,681] Trial 803 finished with value: 0.19272769493161065 and parameters: {'ISTN': 60.29640491040612, 'I_gpe': 1.2164523827769158, 'I_gpi': 2.096395736925759, 'noise_stn_sigma': 3.657618485569011, 'noise_gpe_sigma': 107.26978240075009, 'noise_gpi_sigma': 78.74697590813355, 'g_stn_gpe_mult': 2.886784824343013, 'g_gpe_stn_mult': 0.10601380163269354, 'g_stn_gpi_mult': 2.2350867265578676, 'g_gpe_gpi_mult': 0.5110184166865359}. Best is trial 802 with value: 0.11712238449331387.
[I 2026-05-29 00:12:37,689] Trial 804 finished with value: 0.12442447381396841 and parameters: {'ISTN': 60.36866085069299, 'I_gpe': 1.4027692912774548, 'I_gpi': 2.1886804988074315, 'noise_stn_sigma': 3.6512323295985825, 'noise_gpe_sigma': 103.69546046248811, 'noise_gpi_sigma': 84.24322443388519, 'g_stn_gpe_mult': 2.8607772716272866, 'g_gpe_stn_mult': 0.12677613616541217, 'g_stn_gpi_mult': 2.1932049205327315, 'g_gpe_gpi_mult': 0.5162885757681808}. Best is trial 802 with value: 0.11712238449331387.
[I 2026-05-29 00:12:38,696] Trial 805 finished with value: 0.18600905720015704 and parameters: {'ISTN': 60.50502883021682, 'I_gpe': 1.353755340433954, 'I_gpi': 2.0701258677555807, 'noise_stn_sigma': 3.6803202385550815, 'noise_gpe_sigma': 105.47485568923499, 'noise_gpi_sigma': 88.09975876462282, 'g_stn_gpe_mult': 2.9015823685726057, 'g_gpe_stn_mult': 0.10820431511039103, 'g_stn_gpi_mult': 2.2139656715846545, 'g_gpe_gpi_mult': 0.5261402860813026}. Best is trial 802 with value: 0.11712238449331387.
[I 2026-05-29 00:12:39,703] Trial 806 finished with value: 0.29398203371307896 and parameters: {'ISTN': 60.754729483416845, 'I_gpe': 1.3448526729524342, 'I_gpi': 2.133270301708959, 'noise_stn_sigma': 3.6316089812400953, 'noise_gpe_sigma': 107.44581890968875, 'noise_gpi_sigma': 81.98687068384373, 'g_stn_gpe_mult': 2.8012687110074257, 'g_gpe_stn_mult': 0.10226142004947304, 'g_stn_gpi_mult': 2.2831820700656897, 'g_gpe_gpi_mult': 0.49859042578092044}. Best is trial 802 with value: 0.11712238449331387.
[I 2026-05-29 00:12:40,711] Trial 807 finished with value: 0.12733874290217334 and parameters: {'ISTN': 60.92695248607285, 'I_gpe': 1.2945054885009446, 'I_gpi': 2.121591789208739, 'noise_stn_sigma': 3.6963578803461354, 'noise_gpe_sigma': 108.77031878556997, 'noise_gpi_sigma': 79.8518288932384, 'g_stn_gpe_mult': 2.7804929081566323, 'g_gpe_stn_mult': 0.11813889252167802, 'g_stn_gpi_mult': 2.2785875283086443, 'g_gpe_gpi_mult': 0.5042902314446113}. Best is trial 802 with value: 0.11712238449331387.
[I 2026-05-29 00:12:41,720] Trial 808 finished with value: 0.12820783179913528 and parameters: {'ISTN': 60.09672594948484, 'I_gpe': 1.199425701184727, 'I_gpi': 2.2229398097080564, 'noise_stn_sigma': 3.814033980059394, 'noise_gpe_sigma': 107.02046010130508, 'noise_gpi_sigma': 80.76321559982851, 'g_stn_gpe_mult': 2.8579408058674454, 'g_gpe_stn_mult': 0.12065664621880122, 'g_stn_gpi_mult': 2.1161118975968236, 'g_gpe_gpi_mult': 0.5529819133131182}. Best is trial 802 with value: 0.11712238449331387.
[I 2026-05-29 00:12:42,726] Trial 809 finished with value: 0.467293705524518 and parameters: {'ISTN': 62.25326330948024, 'I_gpe': 1.2515501390704462, 'I_gpi': 2.0884567742330686, 'noise_stn_sigma': 3.6815974211860496, 'noise_gpe_sigma': 112.54937497805966, 'noise_gpi_sigma': 79.2086147984964, 'g_stn_gpe_mult': 2.8521730735951554, 'g_gpe_stn_mult': 0.11381381417582997, 'g_stn_gpi_mult': 2.203864933995078, 'g_gpe_gpi_mult': 0.5020480589251092}. Best is trial 802 with value: 0.11712238449331387.
[I 2026-05-29 00:12:43,734] Trial 810 finished with value: 0.6481309413626171 and parameters: {'ISTN': 60.553503837676004, 'I_gpe': 1.226522062062787, 'I_gpi': 2.020127128411658, 'noise_stn_sigma': 3.6353598191466756, 'noise_gpe_sigma': 109.3449322186727, 'noise_gpi_sigma': 81.80430517315668, 'g_stn_gpe_mult': 2.799253008240697, 'g_gpe_stn_mult': 0.10695463257162888, 'g_stn_gpi_mult': 2.2219125313465393, 'g_gpe_gpi_mult': 0.5294147620130405}. Best is trial 802 with value: 0.11712238449331387.
[I 2026-05-29 00:12:44,745] Trial 811 finished with value: 2.011310831927657 and parameters: {'ISTN': 61.00008808209629, 'I_gpe': 1.4117115634541444, 'I_gpi': 2.156901986267774, 'noise_stn_sigma': 3.712083798333277, 'noise_gpe_sigma': 105.97288651642094, 'noise_gpi_sigma': 84.03558644278073, 'g_stn_gpe_mult': 2.8215784249543736, 'g_gpe_stn_mult': 0.1330586180027323, 'g_stn_gpi_mult': 2.350284825847066, 'g_gpe_gpi_mult': 0.5053809612319188}. Best is trial 802 with value: 0.11712238449331387.
[I 2026-05-29 00:12:45,752] Trial 812 finished with value: 0.12493184982509788 and parameters: {'ISTN': 60.08143520254715, 'I_gpe': 1.3568175435115486, 'I_gpi': 2.1761807855628685, 'noise_stn_sigma': 4.040095396981583, 'noise_gpe_sigma': 109.06665186201194, 'noise_gpi_sigma': 84.89300851939316, 'g_stn_gpe_mult': 2.8661123865358045, 'g_gpe_stn_mult': 0.13139371123912943, 'g_stn_gpi_mult': 2.2555164245126242, 'g_gpe_gpi_mult': 0.45318794426767844}. Best is trial 802 with value: 0.11712238449331387.
[I 2026-05-29 00:12:46,758] Trial 813 finished with value: 0.13566393458087023 and parameters: {'ISTN': 61.048578528862485, 'I_gpe': 1.390559239298141, 'I_gpi': 2.22457050932804, 'noise_stn_sigma': 3.565116792933284, 'noise_gpe_sigma': 108.78855005831639, 'noise_gpi_sigma': 79.18152249981483, 'g_stn_gpe_mult': 2.930250532713851, 'g_gpe_stn_mult': 0.11396550697766039, 'g_stn_gpi_mult': 2.210964678178028, 'g_gpe_gpi_mult': 0.5366381685218018}. Best is trial 802 with value: 0.11712238449331387.
[I 2026-05-29 00:12:47,765] Trial 814 finished with value: 0.13392019604632346 and parameters: {'ISTN': 61.01326753007473, 'I_gpe': 1.3791597003851706, 'I_gpi': 2.1905835986522253, 'noise_stn_sigma': 3.724138371946021, 'noise_gpe_sigma': 111.13109940748437, 'noise_gpi_sigma': 79.79366702558443, 'g_stn_gpe_mult': 2.902104790827456, 'g_gpe_stn_mult': 0.127155555956615, 'g_stn_gpi_mult': 2.2326736069625084, 'g_gpe_gpi_mult': 0.505088084667821}. Best is trial 802 with value: 0.11712238449331387.
[I 2026-05-29 00:12:48,772] Trial 815 finished with value: 0.1250347687482647 and parameters: {'ISTN': 60.61431168702581, 'I_gpe': 1.256879107533647, 'I_gpi': 2.0862262316626135, 'noise_stn_sigma': 3.745057706006631, 'noise_gpe_sigma': 108.10224893075973, 'noise_gpi_sigma': 79.19340619265836, 'g_stn_gpe_mult': 2.800317618728033, 'g_gpe_stn_mult': 0.12175728083146076, 'g_stn_gpi_mult': 2.2710132711359137, 'g_gpe_gpi_mult': 0.4778164277723305}. Best is trial 802 with value: 0.11712238449331387.
[I 2026-05-29 00:12:49,777] Trial 816 finished with value: 0.12583547539593792 and parameters: {'ISTN': 60.98252817243263, 'I_gpe': 1.3456616661823522, 'I_gpi': 2.2089975529347385, 'noise_stn_sigma': 3.7338433885512177, 'noise_gpe_sigma': 103.7435218993528, 'noise_gpi_sigma': 81.78857879549079, 'g_stn_gpe_mult': 2.7435683520362786, 'g_gpe_stn_mult': 0.12273983122734838, 'g_stn_gpi_mult': 2.1196621877593147, 'g_gpe_gpi_mult': 0.4935677388994482}. Best is trial 802 with value: 0.11712238449331387.
[I 2026-05-29 00:12:50,784] Trial 817 finished with value: 0.124408597571336 and parameters: {'ISTN': 61.000134364408126, 'I_gpe': 1.3369481266543957, 'I_gpi': 2.092652803237571, 'noise_stn_sigma': 3.851153471650242, 'noise_gpe_sigma': 106.2429888487099, 'noise_gpi_sigma': 79.46179163207805, 'g_stn_gpe_mult': 2.844606941371502, 'g_gpe_stn_mult': 0.13258052222561242, 'g_stn_gpi_mult': 2.326114076252575, 'g_gpe_gpi_mult': 0.46567929376575656}. Best is trial 802 with value: 0.11712238449331387.
[I 2026-05-29 00:12:51,792] Trial 818 finished with value: 0.12662147667263549 and parameters: {'ISTN': 61.86612539614745, 'I_gpe': 1.4620069486746547, 'I_gpi': 2.1484416007140203, 'noise_stn_sigma': 3.7182321427143243, 'noise_gpe_sigma': 103.47723291935783, 'noise_gpi_sigma': 82.3252348828149, 'g_stn_gpe_mult': 2.695493578799507, 'g_gpe_stn_mult': 0.10756001394363769, 'g_stn_gpi_mult': 2.1334016735726777, 'g_gpe_gpi_mult': 0.5560609191570268}. Best is trial 802 with value: 0.11712238449331387.
[I 2026-05-29 00:12:52,800] Trial 819 finished with value: 0.12628912138369577 and parameters: {'ISTN': 60.15033505144084, 'I_gpe': 1.2118013189645955, 'I_gpi': 2.0770688988494626, 'noise_stn_sigma': 3.9208899665276262, 'noise_gpe_sigma': 105.66080771531277, 'noise_gpi_sigma': 83.57608670363085, 'g_stn_gpe_mult': 2.825921166583592, 'g_gpe_stn_mult': 0.1255414562200605, 'g_stn_gpi_mult': 2.2307842064118137, 'g_gpe_gpi_mult': 0.511569912187442}. Best is trial 802 with value: 0.11712238449331387.
[I 2026-05-29 00:12:53,807] Trial 820 finished with value: 0.1351125158426247 and parameters: {'ISTN': 60.6421055597898, 'I_gpe': 1.4365822500310037, 'I_gpi': 2.2426270971896383, 'noise_stn_sigma': 3.6014957549082283, 'noise_gpe_sigma': 111.26516540706285, 'noise_gpi_sigma': 83.12741272375192, 'g_stn_gpe_mult': 2.8030223753375134, 'g_gpe_stn_mult': 0.11881352866376325, 'g_stn_gpi_mult': 2.2060805340353267, 'g_gpe_gpi_mult': 0.5290006421218245}. Best is trial 802 with value: 0.11712238449331387.
[I 2026-05-29 00:12:54,817] Trial 821 finished with value: 0.12486102513963551 and parameters: {'ISTN': 60.840557758302744, 'I_gpe': 1.3572571578291706, 'I_gpi': 2.1438374022075415, 'noise_stn_sigma': 3.720360893116848, 'noise_gpe_sigma': 108.43917165788412, 'noise_gpi_sigma': 84.36085787796404, 'g_stn_gpe_mult': 2.7264208961252643, 'g_gpe_stn_mult': 0.1226612403879185, 'g_stn_gpi_mult': 2.297845839395566, 'g_gpe_gpi_mult': 0.4652881202113785}. Best is trial 802 with value: 0.11712238449331387.
[I 2026-05-29 00:12:55,766] Trial 822 finished with value: 1000000.0 and parameters: {'ISTN': 60.13933715958238, 'I_gpe': 1.3519821885486123, 'I_gpi': 2.0612199897445294, 'noise_stn_sigma': 3.695760313552706, 'noise_gpe_sigma': 111.1017436136501, 'noise_gpi_sigma': 80.46179023374049, 'g_stn_gpe_mult': 3.0068659074041117, 'g_gpe_stn_mult': 0.1592966078003084, 'g_stn_gpi_mult': 2.3910602147048383, 'g_gpe_gpi_mult': 0.41923101942472085}. Best is trial 802 with value: 0.11712238449331387.
[I 2026-05-29 00:12:56,774] Trial 823 finished with value: 0.1266003647416687 and parameters: {'ISTN': 60.339892083265596, 'I_gpe': 1.3612570350626192, 'I_gpi': 2.0481910986692284, 'noise_stn_sigma': 3.6792363485221786, 'noise_gpe_sigma': 111.35892878469467, 'noise_gpi_sigma': 81.94039013150673, 'g_stn_gpe_mult': 2.8165070539398003, 'g_gpe_stn_mult': 0.12585700354666826, 'g_stn_gpi_mult': 2.423334780543366, 'g_gpe_gpi_mult': 0.4157605160682122}. Best is trial 802 with value: 0.11712238449331387.
[I 2026-05-29 00:12:57,782] Trial 824 finished with value: 0.12858425690786354 and parameters: {'ISTN': 61.74601449617952, 'I_gpe': 1.378422823652664, 'I_gpi': 2.213785292034339, 'noise_stn_sigma': 3.8250131000413594, 'noise_gpe_sigma': 104.09822922706044, 'noise_gpi_sigma': 79.79691441318869, 'g_stn_gpe_mult': 2.752835363920502, 'g_gpe_stn_mult': 0.11140318874484484, 'g_stn_gpi_mult': 2.1624262901420304, 'g_gpe_gpi_mult': 0.47713286005714245}. Best is trial 802 with value: 0.11712238449331387.
[I 2026-05-29 00:12:58,790] Trial 825 finished with value: 0.13190347523048795 and parameters: {'ISTN': 60.217513987955066, 'I_gpe': 1.3830172865628334, 'I_gpi': 2.1438703276473117, 'noise_stn_sigma': 3.7641969267565187, 'noise_gpe_sigma': 115.08041522242098, 'noise_gpi_sigma': 75.21711559420461, 'g_stn_gpe_mult': 2.82716935269652, 'g_gpe_stn_mult': 0.12349384977382048, 'g_stn_gpi_mult': 2.4118664302696944, 'g_gpe_gpi_mult': 0.39876894633319004}. Best is trial 802 with value: 0.11712238449331387.
[I 2026-05-29 00:12:59,798] Trial 826 finished with value: 0.12802592982030486 and parameters: {'ISTN': 60.17331277917528, 'I_gpe': 1.3425295424868875, 'I_gpi': 2.1847172830156802, 'noise_stn_sigma': 4.179082510100024, 'noise_gpe_sigma': 109.90928050422407, 'noise_gpi_sigma': 80.84136311145524, 'g_stn_gpe_mult': 2.815037781067729, 'g_gpe_stn_mult': 0.1371610067348116, 'g_stn_gpi_mult': 2.3443239188173015, 'g_gpe_gpi_mult': 0.4169462895309435}. Best is trial 802 with value: 0.11712238449331387.
[I 2026-05-29 00:13:00,805] Trial 827 finished with value: 0.13501113716945792 and parameters: {'ISTN': 61.76620663487868, 'I_gpe': 1.413400113686102, 'I_gpi': 2.2275850086244735, 'noise_stn_sigma': 4.019375226308611, 'noise_gpe_sigma': 107.85171097432931, 'noise_gpi_sigma': 83.1412174024953, 'g_stn_gpe_mult': 2.9061416611528235, 'g_gpe_stn_mult': 0.106040399519945, 'g_stn_gpi_mult': 2.247205716868478, 'g_gpe_gpi_mult': 0.48646048859725427}. Best is trial 802 with value: 0.11712238449331387.
[I 2026-05-29 00:13:01,813] Trial 828 finished with value: 3.842398468817243 and parameters: {'ISTN': 60.39246477366001, 'I_gpe': 1.2947304016794776, 'I_gpi': 1.986978697273697, 'noise_stn_sigma': 3.799489443501429, 'noise_gpe_sigma': 108.51086061532227, 'noise_gpi_sigma': 77.90087374461831, 'g_stn_gpe_mult': 2.800694705027226, 'g_gpe_stn_mult': 0.14575290704257515, 'g_stn_gpi_mult': 2.3305209890516654, 'g_gpe_gpi_mult': 0.453514315054325}. Best is trial 802 with value: 0.11712238449331387.
[I 2026-05-29 00:13:02,762] Trial 829 finished with value: 1000000.0 and parameters: {'ISTN': 61.91508576441873, 'I_gpe': 1.3173954033412785, 'I_gpi': 2.033505887171137, 'noise_stn_sigma': 3.8944032631683436, 'noise_gpe_sigma': 104.29848320164932, 'noise_gpi_sigma': 79.90636113031233, 'g_stn_gpe_mult': 2.9677305286467774, 'g_gpe_stn_mult': 0.13179043326050324, 'g_stn_gpi_mult': 2.2745498593087157, 'g_gpe_gpi_mult': 0.5026277458349522}. Best is trial 802 with value: 0.11712238449331387.
[I 2026-05-29 00:13:03,771] Trial 830 finished with value: 0.11320755639148684 and parameters: {'ISTN': 60.678076649356676, 'I_gpe': 1.3830399626626955, 'I_gpi': 2.2081057785624525, 'noise_stn_sigma': 4.03211504883364, 'noise_gpe_sigma': 100.53600839083784, 'noise_gpi_sigma': 80.39086252798671, 'g_stn_gpe_mult': 2.936639208729597, 'g_gpe_stn_mult': 0.1036641534325039, 'g_stn_gpi_mult': 2.138946561311589, 'g_gpe_gpi_mult': 0.5371267104028989}. Best is trial 830 with value: 0.11320755639148684.
[I 2026-05-29 00:13:04,781] Trial 831 finished with value: 0.12199025637379239 and parameters: {'ISTN': 60.72888253389606, 'I_gpe': 1.3541667294809607, 'I_gpi': 2.0875272394800337, 'noise_stn_sigma': 3.8747384422349516, 'noise_gpe_sigma': 107.28682622751026, 'noise_gpi_sigma': 76.82481777409146, 'g_stn_gpe_mult': 2.918096975136861, 'g_gpe_stn_mult': 0.1222695270612591, 'g_stn_gpi_mult': 2.3333490004665682, 'g_gpe_gpi_mult': 0.4317573427755286}. Best is trial 830 with value: 0.11320755639148684.
[I 2026-05-29 00:13:05,789] Trial 832 finished with value: 0.12463468448523544 and parameters: {'ISTN': 60.90253584388074, 'I_gpe': 1.3821278960651442, 'I_gpi': 2.0323306299836656, 'noise_stn_sigma': 3.6135273861799733, 'noise_gpe_sigma': 102.2979420021364, 'noise_gpi_sigma': 77.32930608729188, 'g_stn_gpe_mult': 2.750398850851668, 'g_gpe_stn_mult': 0.10569234259627464, 'g_stn_gpi_mult': 2.2887290604046946, 'g_gpe_gpi_mult': 0.4879029403085924}. Best is trial 830 with value: 0.11320755639148684.
[I 2026-05-29 00:13:06,795] Trial 833 finished with value: 0.13947053182642627 and parameters: {'ISTN': 62.49300634960341, 'I_gpe': 1.3482594756073205, 'I_gpi': 2.069220330501384, 'noise_stn_sigma': 3.5907605405609897, 'noise_gpe_sigma': 105.58501244018915, 'noise_gpi_sigma': 80.503233452047, 'g_stn_gpe_mult': 2.8348999510534236, 'g_gpe_stn_mult': 0.12376116219994698, 'g_stn_gpi_mult': 2.3796647939056537, 'g_gpe_gpi_mult': 0.5085454947912413}. Best is trial 830 with value: 0.11320755639148684.
[I 2026-05-29 00:13:07,803] Trial 834 finished with value: 5.483603098694851 and parameters: {'ISTN': 60.917945923662145, 'I_gpe': 1.2976763929393442, 'I_gpi': 2.103001858650276, 'noise_stn_sigma': 4.1253095039837655, 'noise_gpe_sigma': 101.43644725682542, 'noise_gpi_sigma': 76.98237718853636, 'g_stn_gpe_mult': 2.853652906721443, 'g_gpe_stn_mult': 0.13958923489375422, 'g_stn_gpi_mult': 2.2938195624620406, 'g_gpe_gpi_mult': 0.47844809453688725}. Best is trial 830 with value: 0.11320755639148684.
[I 2026-05-29 00:13:08,809] Trial 835 finished with value: 0.12372524749447872 and parameters: {'ISTN': 61.17444501047538, 'I_gpe': 1.3398716544175309, 'I_gpi': 2.1045650199401473, 'noise_stn_sigma': 3.8659518025123982, 'noise_gpe_sigma': 108.82269645177668, 'noise_gpi_sigma': 82.26668641259094, 'g_stn_gpe_mult': 2.8233038633246292, 'g_gpe_stn_mult': 0.12191684160496936, 'g_stn_gpi_mult': 2.3049364549704245, 'g_gpe_gpi_mult': 0.4482954896591379}. Best is trial 830 with value: 0.11320755639148684.
