[I 2026-05-28 23:45:07,659] Trial 176 finished with value: 5.550933796339232 and parameters: {'ISTN': 75.32953151711463, 'I_gpe': 1.1364211794183663, 'I_gpi': 2.2841332569919865, 'noise_stn_sigma': 5.072503295371598, 'noise_gpe_sigma': 113.04754074711474, 'noise_gpi_sigma': 110.5042175716942, 'g_stn_gpe_mult': 2.6332292902231083, 'g_gpe_stn_mult': 0.13411293549319367, 'g_stn_gpi_mult': 1.3323736690271022, 'g_gpe_gpi_mult': 0.6872256252661395}. Best is trial 112 with value: 0.5819135352821176.
[I 2026-05-28 23:45:08,667] Trial 177 finished with value: 8.267735955186621 and parameters: {'ISTN': 77.09411941374171, 'I_gpe': 1.1447322419922115, 'I_gpi': 2.3389882107656454, 'noise_stn_sigma': 6.0725034423615485, 'noise_gpe_sigma': 110.44583113521404, 'noise_gpi_sigma': 125.6047876833572, 'g_stn_gpe_mult': 2.566527248521693, 'g_gpe_stn_mult': 0.2420660940653223, 'g_stn_gpi_mult': 1.5652541687081643, 'g_gpe_gpi_mult': 0.48247016419595873}. Best is trial 112 with value: 0.5819135352821176.
[I 2026-05-28 23:45:09,675] Trial 178 finished with value: 8.513585409191816 and parameters: {'ISTN': 67.28331408777181, 'I_gpe': 1.2587174260767986, 'I_gpi': 1.6278338841731483, 'noise_stn_sigma': 5.93768464967091, 'noise_gpe_sigma': 94.87680063941141, 'noise_gpi_sigma': 109.85548081671736, 'g_stn_gpe_mult': 2.346567197441686, 'g_gpe_stn_mult': 0.19660270134078608, 'g_stn_gpi_mult': 1.3398565740192394, 'g_gpe_gpi_mult': 0.6015998272437366}. Best is trial 112 with value: 0.5819135352821176.
[I 2026-05-28 23:45:10,621] Trial 179 finished with value: 1000000.0 and parameters: {'ISTN': 73.76112793149747, 'I_gpe': 1.5123379918742847, 'I_gpi': 2.1382582458602917, 'noise_stn_sigma': 5.556485286269744, 'noise_gpe_sigma': 100.90570160483534, 'noise_gpi_sigma': 114.60734166374675, 'g_stn_gpe_mult': 2.7236671286591903, 'g_gpe_stn_mult': 0.21488506660677412, 'g_stn_gpi_mult': 1.4064704757891944, 'g_gpe_gpi_mult': 0.6318431483830531}. Best is trial 112 with value: 0.5819135352821176.
[I 2026-05-28 23:45:11,628] Trial 180 finished with value: 4.702144895222071 and parameters: {'ISTN': 66.48547925271572, 'I_gpe': 1.578085917050381, 'I_gpi': 2.13924721640317, 'noise_stn_sigma': 4.988912698287476, 'noise_gpe_sigma': 113.57899712729066, 'noise_gpi_sigma': 118.64757654060638, 'g_stn_gpe_mult': 3.1538154361954427, 'g_gpe_stn_mult': 0.1018187746085629, 'g_stn_gpi_mult': 1.1822742177341559, 'g_gpe_gpi_mult': 0.8782652866916079}. Best is trial 112 with value: 0.5819135352821176.
[I 2026-05-28 23:45:12,636] Trial 181 finished with value: 11.471793134601548 and parameters: {'ISTN': 74.84281574513236, 'I_gpe': 1.6580618286525977, 'I_gpi': 2.3177139858342652, 'noise_stn_sigma': 5.990114851282983, 'noise_gpe_sigma': 89.11674202422405, 'noise_gpi_sigma': 100.96781096232773, 'g_stn_gpe_mult': 2.8239389877231833, 'g_gpe_stn_mult': 0.11040895432480871, 'g_stn_gpi_mult': 1.8017973727431738, 'g_gpe_gpi_mult': 0.7272035423438712}. Best is trial 112 with value: 0.5819135352821176.
[I 2026-05-28 23:45:13,642] Trial 182 finished with value: 6.417436224312367 and parameters: {'ISTN': 65.15155507220372, 'I_gpe': 1.4573486319132756, 'I_gpi': 2.037526209349067, 'noise_stn_sigma': 5.2923409069384935, 'noise_gpe_sigma': 104.15580374021222, 'noise_gpi_sigma': 120.59663222133075, 'g_stn_gpe_mult': 2.694280173867467, 'g_gpe_stn_mult': 0.11431882272333402, 'g_stn_gpi_mult': 1.4436806536683255, 'g_gpe_gpi_mult': 0.89246664358998}. Best is trial 112 with value: 0.5819135352821176.
[I 2026-05-28 23:45:14,648] Trial 183 finished with value: 3.4182733721234317 and parameters: {'ISTN': 67.12061793862313, 'I_gpe': 1.245224177094739, 'I_gpi': 2.3568501217226867, 'noise_stn_sigma': 5.563720161392368, 'noise_gpe_sigma': 108.66188087856584, 'noise_gpi_sigma': 123.57425970958049, 'g_stn_gpe_mult': 3.0102541086174166, 'g_gpe_stn_mult': 0.10809181852700833, 'g_stn_gpi_mult': 1.374152578585409, 'g_gpe_gpi_mult': 0.7875588653627656}. Best is trial 112 with value: 0.5819135352821176.
[I 2026-05-28 23:45:15,654] Trial 184 finished with value: 4.752698679674488 and parameters: {'ISTN': 67.15389640575964, 'I_gpe': 0.7091047265849056, 'I_gpi': 2.395327300794998, 'noise_stn_sigma': 6.2132503507629, 'noise_gpe_sigma': 115.20421143551556, 'noise_gpi_sigma': 115.13893152012756, 'g_stn_gpe_mult': 3.2935145067066975, 'g_gpe_stn_mult': 0.19048803250993313, 'g_stn_gpi_mult': 1.9935229375817871, 'g_gpe_gpi_mult': 0.8976025102353786}. Best is trial 112 with value: 0.5819135352821176.
[I 2026-05-28 23:45:16,659] Trial 185 finished with value: 7.832386269036994 and parameters: {'ISTN': 75.6651379456199, 'I_gpe': 1.2971696589001662, 'I_gpi': 1.7613472747732388, 'noise_stn_sigma': 5.1336291008255435, 'noise_gpe_sigma': 115.61293688113491, 'noise_gpi_sigma': 122.33791132710252, 'g_stn_gpe_mult': 2.8370194734451157, 'g_gpe_stn_mult': 0.14045713985969321, 'g_stn_gpi_mult': 1.3094356439224466, 'g_gpe_gpi_mult': 0.6863207621852028}. Best is trial 112 with value: 0.5819135352821176.
[I 2026-05-28 23:45:17,666] Trial 186 finished with value: 10.336465283225685 and parameters: {'ISTN': 82.90421907131221, 'I_gpe': 1.132041856521372, 'I_gpi': 1.7860842096916945, 'noise_stn_sigma': 5.929305630737725, 'noise_gpe_sigma': 113.93252341754854, 'noise_gpi_sigma': 125.3864078570449, 'g_stn_gpe_mult': 2.505816463063093, 'g_gpe_stn_mult': 0.14487882251440853, 'g_stn_gpi_mult': 1.049362832706373, 'g_gpe_gpi_mult': 0.8115107833025268}. Best is trial 112 with value: 0.5819135352821176.
[I 2026-05-28 23:45:18,674] Trial 187 finished with value: 8.125631738184639 and parameters: {'ISTN': 63.2302069073595, 'I_gpe': 1.5836475356489133, 'I_gpi': 1.7220862809666528, 'noise_stn_sigma': 6.441991400511894, 'noise_gpe_sigma': 119.60607027353369, 'noise_gpi_sigma': 114.31934158210714, 'g_stn_gpe_mult': 2.329225434684874, 'g_gpe_stn_mult': 0.15289738560436023, 'g_stn_gpi_mult': 1.3753100442308321, 'g_gpe_gpi_mult': 0.8538647897200768}. Best is trial 112 with value: 0.5819135352821176.
[I 2026-05-28 23:45:19,680] Trial 188 finished with value: 0.4573210245649406 and parameters: {'ISTN': 63.72985931693687, 'I_gpe': 1.7087401794428185, 'I_gpi': 1.5550507382006684, 'noise_stn_sigma': 3.607585126609283, 'noise_gpe_sigma': 104.48288847255213, 'noise_gpi_sigma': 117.95308833899036, 'g_stn_gpe_mult': 2.5964024392037506, 'g_gpe_stn_mult': 0.11893008066171751, 'g_stn_gpi_mult': 1.5643303248819638, 'g_gpe_gpi_mult': 0.8530252025829199}. Best is trial 188 with value: 0.4573210245649406.
[I 2026-05-28 23:45:20,686] Trial 189 finished with value: 12.20183408864563 and parameters: {'ISTN': 87.0297021630226, 'I_gpe': 1.27638647001031, 'I_gpi': 2.361157710705337, 'noise_stn_sigma': 4.947453930692804, 'noise_gpe_sigma': 101.99006791331173, 'noise_gpi_sigma': 106.21966941007067, 'g_stn_gpe_mult': 2.960399990722376, 'g_gpe_stn_mult': 0.2070555557831017, 'g_stn_gpi_mult': 1.1395521526797372, 'g_gpe_gpi_mult': 0.7524693206771083}. Best is trial 188 with value: 0.4573210245649406.
[I 2026-05-28 23:45:21,693] Trial 190 finished with value: 7.725063665857529 and parameters: {'ISTN': 64.41952736121559, 'I_gpe': 1.4921024402391243, 'I_gpi': 2.2220510456529015, 'noise_stn_sigma': 5.257015650000623, 'noise_gpe_sigma': 99.23671825331428, 'noise_gpi_sigma': 129.30766098797784, 'g_stn_gpe_mult': 3.0695653911937555, 'g_gpe_stn_mult': 0.16395884489502593, 'g_stn_gpi_mult': 1.37355007809481, 'g_gpe_gpi_mult': 0.7256181759536184}. Best is trial 188 with value: 0.4573210245649406.
[I 2026-05-28 23:45:22,702] Trial 191 finished with value: 8.096948292395721 and parameters: {'ISTN': 69.75756359779446, 'I_gpe': 1.087144895966564, 'I_gpi': 2.2834135758460206, 'noise_stn_sigma': 3.4832357496428723, 'noise_gpe_sigma': 107.98300990874063, 'noise_gpi_sigma': 104.73313263349651, 'g_stn_gpe_mult': 2.862663533011924, 'g_gpe_stn_mult': 0.1886947726606818, 'g_stn_gpi_mult': 1.7533719243254606, 'g_gpe_gpi_mult': 0.9116373476867692}. Best is trial 188 with value: 0.4573210245649406.
[I 2026-05-28 23:45:23,710] Trial 192 finished with value: 7.517705588085367 and parameters: {'ISTN': 70.31859276231467, 'I_gpe': 1.380271522529582, 'I_gpi': 2.140764934720379, 'noise_stn_sigma': 5.757113423228341, 'noise_gpe_sigma': 82.74996533153686, 'noise_gpi_sigma': 127.76791473024882, 'g_stn_gpe_mult': 2.535002566191349, 'g_gpe_stn_mult': 0.13987943085365775, 'g_stn_gpi_mult': 1.2614825484622314, 'g_gpe_gpi_mult': 0.735248553292075}. Best is trial 188 with value: 0.4573210245649406.
[I 2026-05-28 23:45:24,716] Trial 193 finished with value: 4.338283064258981 and parameters: {'ISTN': 66.72977656812598, 'I_gpe': 1.4947171615722374, 'I_gpi': 2.1779724139757315, 'noise_stn_sigma': 5.255053063665051, 'noise_gpe_sigma': 113.03019396201654, 'noise_gpi_sigma': 119.57127565865252, 'g_stn_gpe_mult': 2.631047257796248, 'g_gpe_stn_mult': 0.14596337026235479, 'g_stn_gpi_mult': 1.7694196814926708, 'g_gpe_gpi_mult': 0.8580593275274444}. Best is trial 188 with value: 0.4573210245649406.
[I 2026-05-28 23:45:25,721] Trial 194 finished with value: 11.102925491032991 and parameters: {'ISTN': 76.46006873863158, 'I_gpe': 1.7571722739214857, 'I_gpi': 1.5312704671061934, 'noise_stn_sigma': 5.451209847032433, 'noise_gpe_sigma': 85.84487587698648, 'noise_gpi_sigma': 116.30593739864891, 'g_stn_gpe_mult': 3.260547087278817, 'g_gpe_stn_mult': 0.2519702436016048, 'g_stn_gpi_mult': 1.6145921644200958, 'g_gpe_gpi_mult': 0.6510857528078757}. Best is trial 188 with value: 0.4573210245649406.
[I 2026-05-28 23:45:26,725] Trial 195 finished with value: 5.026716896535639 and parameters: {'ISTN': 65.7640244538094, 'I_gpe': 1.256022999273724, 'I_gpi': 2.4787756112640205, 'noise_stn_sigma': 4.670753425078853, 'noise_gpe_sigma': 119.22518361335007, 'noise_gpi_sigma': 114.87489748004674, 'g_stn_gpe_mult': 3.1625732926322594, 'g_gpe_stn_mult': 0.1798589061102016, 'g_stn_gpi_mult': 1.627625041039188, 'g_gpe_gpi_mult': 0.8041279773045644}. Best is trial 188 with value: 0.4573210245649406.
[I 2026-05-28 23:45:27,734] Trial 196 finished with value: 13.374041901290678 and parameters: {'ISTN': 76.48685199207299, 'I_gpe': 1.152154857201679, 'I_gpi': 1.7940909018515323, 'noise_stn_sigma': 4.52488103058976, 'noise_gpe_sigma': 109.73208991077607, 'noise_gpi_sigma': 125.89310953752538, 'g_stn_gpe_mult': 3.1626736694303785, 'g_gpe_stn_mult': 0.19001278971316082, 'g_stn_gpi_mult': 1.7011456569661876, 'g_gpe_gpi_mult': 0.7299852062059649}. Best is trial 188 with value: 0.4573210245649406.
[I 2026-05-28 23:45:28,740] Trial 197 finished with value: 8.056899751807608 and parameters: {'ISTN': 67.18907024680377, 'I_gpe': 1.7083117783396256, 'I_gpi': 2.7594707136919614, 'noise_stn_sigma': 5.375336084990321, 'noise_gpe_sigma': 125.167673726443, 'noise_gpi_sigma': 111.9008129260343, 'g_stn_gpe_mult': 3.2619325966780526, 'g_gpe_stn_mult': 0.20398981289672516, 'g_stn_gpi_mult': 1.183032323584354, 'g_gpe_gpi_mult': 0.7149429998980483}. Best is trial 188 with value: 0.4573210245649406.
[I 2026-05-28 23:45:29,747] Trial 198 finished with value: 5.316733785829987 and parameters: {'ISTN': 68.56511325670905, 'I_gpe': 1.9191436048010257, 'I_gpi': 1.9780140206696535, 'noise_stn_sigma': 5.454119007827, 'noise_gpe_sigma': 117.22768474875123, 'noise_gpi_sigma': 124.62611496122834, 'g_stn_gpe_mult': 2.928151145668833, 'g_gpe_stn_mult': 0.11233852748167755, 'g_stn_gpi_mult': 1.625670114738552, 'g_gpe_gpi_mult': 0.9409000210204899}. Best is trial 188 with value: 0.4573210245649406.
[I 2026-05-28 23:45:30,751] Trial 199 finished with value: 3.496126793526612 and parameters: {'ISTN': 68.63903761614478, 'I_gpe': 1.1862799668824584, 'I_gpi': 1.1239449230941438, 'noise_stn_sigma': 4.367979639192173, 'noise_gpe_sigma': 120.51721363903117, 'noise_gpi_sigma': 108.14997162645714, 'g_stn_gpe_mult': 2.9126077831668202, 'g_gpe_stn_mult': 0.1081456188464119, 'g_stn_gpi_mult': 1.2458017791727907, 'g_gpe_gpi_mult': 1.0328292348968438}. Best is trial 188 with value: 0.4573210245649406.
[I 2026-05-28 23:45:31,757] Trial 200 finished with value: 1.8654788774806164 and parameters: {'ISTN': 67.01273946859567, 'I_gpe': 1.5386802476694417, 'I_gpi': 2.135253398122823, 'noise_stn_sigma': 4.720346316482587, 'noise_gpe_sigma': 113.47692984032919, 'noise_gpi_sigma': 117.10466308289678, 'g_stn_gpe_mult': 2.774169044346393, 'g_gpe_stn_mult': 0.15946148608727528, 'g_stn_gpi_mult': 1.765200998694069, 'g_gpe_gpi_mult': 0.65698133954987}. Best is trial 188 with value: 0.4573210245649406.
[I 2026-05-28 23:45:32,766] Trial 201 finished with value: 7.290124444737421 and parameters: {'ISTN': 69.8430263617739, 'I_gpe': 1.7074132124028205, 'I_gpi': 1.9737128129649344, 'noise_stn_sigma': 4.649150333264107, 'noise_gpe_sigma': 103.80334800822686, 'noise_gpi_sigma': 138.7877264590516, 'g_stn_gpe_mult': 2.6161080700806507, 'g_gpe_stn_mult': 0.19684940450706384, 'g_stn_gpi_mult': 2.1968154479466135, 'g_gpe_gpi_mult': 0.9155183527550563}. Best is trial 188 with value: 0.4573210245649406.
[I 2026-05-28 23:45:33,770] Trial 202 finished with value: 2.660303307224726 and parameters: {'ISTN': 67.74958872835052, 'I_gpe': 1.3375659369972865, 'I_gpi': 1.6071059433297976, 'noise_stn_sigma': 5.1725823079331334, 'noise_gpe_sigma': 121.31177839235541, 'noise_gpi_sigma': 125.02421328244743, 'g_stn_gpe_mult': 2.7613769338566887, 'g_gpe_stn_mult': 0.19482266382080032, 'g_stn_gpi_mult': 1.482569118372472, 'g_gpe_gpi_mult': 0.8267750886682184}. Best is trial 188 with value: 0.4573210245649406.
[I 2026-05-28 23:45:34,776] Trial 203 finished with value: 4.707220816558217 and parameters: {'ISTN': 65.0539397467475, 'I_gpe': 1.3242208400427913, 'I_gpi': 1.7805519140719017, 'noise_stn_sigma': 4.7726040063466675, 'noise_gpe_sigma': 108.73584329616716, 'noise_gpi_sigma': 105.73579674827776, 'g_stn_gpe_mult': 3.1914922739163942, 'g_gpe_stn_mult': 0.12594768157539696, 'g_stn_gpi_mult': 2.0263080040788375, 'g_gpe_gpi_mult': 0.9285635275077939}. Best is trial 188 with value: 0.4573210245649406.
[I 2026-05-28 23:45:35,785] Trial 204 finished with value: 11.041976836973983 and parameters: {'ISTN': 76.82548027958904, 'I_gpe': 1.7200755590091148, 'I_gpi': 1.4590982549921334, 'noise_stn_sigma': 4.255778647492239, 'noise_gpe_sigma': 118.96965287284893, 'noise_gpi_sigma': 109.07457443481441, 'g_stn_gpe_mult': 3.167002788383477, 'g_gpe_stn_mult': 0.12397111062125281, 'g_stn_gpi_mult': 1.5952906387092303, 'g_gpe_gpi_mult': 0.6958885546666105}. Best is trial 188 with value: 0.4573210245649406.
[I 2026-05-28 23:45:36,791] Trial 205 finished with value: 6.194267399730567 and parameters: {'ISTN': 75.48086392136342, 'I_gpe': 1.2090153971034021, 'I_gpi': 1.7642103708470864, 'noise_stn_sigma': 5.7057532489625125, 'noise_gpe_sigma': 127.83166991626474, 'noise_gpi_sigma': 113.75275529452497, 'g_stn_gpe_mult': 2.5725531521363605, 'g_gpe_stn_mult': 0.18618990936493618, 'g_stn_gpi_mult': 1.6896927230343577, 'g_gpe_gpi_mult': 0.9018601501125869}. Best is trial 188 with value: 0.4573210245649406.
[I 2026-05-28 23:45:37,798] Trial 206 finished with value: 14.146633259883938 and parameters: {'ISTN': 81.38217044371518, 'I_gpe': 1.7109479324637251, 'I_gpi': 1.9045856380401935, 'noise_stn_sigma': 3.662294688805324, 'noise_gpe_sigma': 125.11147255182487, 'noise_gpi_sigma': 93.99496965393543, 'g_stn_gpe_mult': 2.724242538654356, 'g_gpe_stn_mult': 0.16268271688822383, 'g_stn_gpi_mult': 1.7931534799580067, 'g_gpe_gpi_mult': 0.9862908465454381}. Best is trial 188 with value: 0.4573210245649406.
[I 2026-05-28 23:45:38,806] Trial 207 finished with value: 12.824804158705875 and parameters: {'ISTN': 67.86042894774495, 'I_gpe': 1.568389891250281, 'I_gpi': 1.6483098691361258, 'noise_stn_sigma': 5.226975151891198, 'noise_gpe_sigma': 125.82209046245315, 'noise_gpi_sigma': 122.19483831522834, 'g_stn_gpe_mult': 2.3078785272050437, 'g_gpe_stn_mult': 0.1816724791967898, 'g_stn_gpi_mult': 1.4981088431975171, 'g_gpe_gpi_mult': 0.7557818583305418}. Best is trial 188 with value: 0.4573210245649406.
[I 2026-05-28 23:45:39,811] Trial 208 finished with value: 10.710788321371501 and parameters: {'ISTN': 76.1211322281624, 'I_gpe': 1.6734917108615563, 'I_gpi': 1.370967871603792, 'noise_stn_sigma': 5.399688016857205, 'noise_gpe_sigma': 108.62944816666122, 'noise_gpi_sigma': 129.86506404885142, 'g_stn_gpe_mult': 2.6229830519707216, 'g_gpe_stn_mult': 0.1086469885028446, 'g_stn_gpi_mult': 1.7765673110735163, 'g_gpe_gpi_mult': 0.9867714020794613}. Best is trial 188 with value: 0.4573210245649406.
[I 2026-05-28 23:45:40,820] Trial 209 finished with value: 7.799227683570658 and parameters: {'ISTN': 69.83735076193501, 'I_gpe': 0.9907923410701449, 'I_gpi': 1.7078905328356524, 'noise_stn_sigma': 4.573117032770098, 'noise_gpe_sigma': 126.16106176843398, 'noise_gpi_sigma': 118.21757829591144, 'g_stn_gpe_mult': 2.852470887394196, 'g_gpe_stn_mult': 0.13613385936465203, 'g_stn_gpi_mult': 1.5756540338531124, 'g_gpe_gpi_mult': 0.8580248866527178}. Best is trial 188 with value: 0.4573210245649406.
[I 2026-05-28 23:45:41,825] Trial 210 finished with value: 10.559663482841621 and parameters: {'ISTN': 70.1783657931103, 'I_gpe': 1.46563473193215, 'I_gpi': 2.5531540553123726, 'noise_stn_sigma': 5.510189327213824, 'noise_gpe_sigma': 116.72286823484374, 'noise_gpi_sigma': 133.31731982641634, 'g_stn_gpe_mult': 2.732285975363984, 'g_gpe_stn_mult': 0.212312285924947, 'g_stn_gpi_mult': 1.9260139013784117, 'g_gpe_gpi_mult': 0.7110115819007894}. Best is trial 188 with value: 0.4573210245649406.
[I 2026-05-28 23:45:42,834] Trial 211 finished with value: 7.517628432216364 and parameters: {'ISTN': 79.72334267536675, 'I_gpe': 1.0324660138716386, 'I_gpi': 1.8823954026502816, 'noise_stn_sigma': 5.284515998411518, 'noise_gpe_sigma': 104.00219668906112, 'noise_gpi_sigma': 122.70176683751099, 'g_stn_gpe_mult': 2.7454120552188064, 'g_gpe_stn_mult': 0.10570213736894442, 'g_stn_gpi_mult': 1.6326561114974172, 'g_gpe_gpi_mult': 0.8107248777414666}. Best is trial 188 with value: 0.4573210245649406.
[I 2026-05-28 23:45:43,842] Trial 212 finished with value: 6.631483357282647 and parameters: {'ISTN': 76.85399360273485, 'I_gpe': 1.353283163698964, 'I_gpi': 2.1676187629724, 'noise_stn_sigma': 6.0665112906072345, 'noise_gpe_sigma': 114.12710586875433, 'noise_gpi_sigma': 120.71719784129152, 'g_stn_gpe_mult': 2.5782157333959828, 'g_gpe_stn_mult': 0.21503076054147507, 'g_stn_gpi_mult': 2.090046671184867, 'g_gpe_gpi_mult': 0.7510883084609978}. Best is trial 188 with value: 0.4573210245649406.
[I 2026-05-28 23:45:44,849] Trial 213 finished with value: 3.042931964971458 and parameters: {'ISTN': 65.75864653073906, 'I_gpe': 1.317558568176415, 'I_gpi': 2.4230359016277547, 'noise_stn_sigma': 4.378726470246717, 'noise_gpe_sigma': 120.35803213970051, 'noise_gpi_sigma': 123.12450551175556, 'g_stn_gpe_mult': 3.0376726859328524, 'g_gpe_stn_mult': 0.168451329174428, 'g_stn_gpi_mult': 1.9859286116569204, 'g_gpe_gpi_mult': 0.8553855879286076}. Best is trial 188 with value: 0.4573210245649406.
[I 2026-05-28 23:45:45,856] Trial 214 finished with value: 11.1207974807325 and parameters: {'ISTN': 87.7428655748485, 'I_gpe': 0.9976425484142599, 'I_gpi': 2.0904072320937823, 'noise_stn_sigma': 6.501345016967206, 'noise_gpe_sigma': 95.10638632392404, 'noise_gpi_sigma': 135.5368849781936, 'g_stn_gpe_mult': 2.915584888771325, 'g_gpe_stn_mult': 0.22429766809162394, 'g_stn_gpi_mult': 2.3536167254016043, 'g_gpe_gpi_mult': 0.8873127419943869}. Best is trial 188 with value: 0.4573210245649406.
[I 2026-05-28 23:45:46,861] Trial 215 finished with value: 9.805472880580714 and parameters: {'ISTN': 69.77329551374422, 'I_gpe': 1.479370934125007, 'I_gpi': 1.4339236765450365, 'noise_stn_sigma': 4.685087214901676, 'noise_gpe_sigma': 112.91285250900592, 'noise_gpi_sigma': 100.81809933761063, 'g_stn_gpe_mult': 2.487663805055913, 'g_gpe_stn_mult': 0.14230237703608006, 'g_stn_gpi_mult': 1.521660008457363, 'g_gpe_gpi_mult': 0.800285665207741}. Best is trial 188 with value: 0.4573210245649406.
[I 2026-05-28 23:45:47,866] Trial 216 finished with value: 5.437718189618912 and parameters: {'ISTN': 62.16736748271053, 'I_gpe': 1.0541382946527622, 'I_gpi': 1.4562495934155704, 'noise_stn_sigma': 4.892340403669338, 'noise_gpe_sigma': 100.90284553489754, 'noise_gpi_sigma': 116.52102967639118, 'g_stn_gpe_mult': 2.7941790208628676, 'g_gpe_stn_mult': 0.13633928893210076, 'g_stn_gpi_mult': 1.4906771074131606, 'g_gpe_gpi_mult': 0.8811326178790435}. Best is trial 188 with value: 0.4573210245649406.
[I 2026-05-28 23:45:48,873] Trial 217 finished with value: 3.649840473311441 and parameters: {'ISTN': 60.71502125077279, 'I_gpe': 1.2465132441321813, 'I_gpi': 1.8764733883671483, 'noise_stn_sigma': 5.019506314974681, 'noise_gpe_sigma': 102.18198867245418, 'noise_gpi_sigma': 101.24581026782234, 'g_stn_gpe_mult': 2.9065600832596394, 'g_gpe_stn_mult': 0.24266544290371836, 'g_stn_gpi_mult': 1.1545120462325036, 'g_gpe_gpi_mult': 0.7995446665183863}. Best is trial 188 with value: 0.4573210245649406.
[I 2026-05-28 23:45:49,877] Trial 218 finished with value: 8.343341955174793 and parameters: {'ISTN': 68.01187606246137, 'I_gpe': 1.244527233235342, 'I_gpi': 1.8241804621960285, 'noise_stn_sigma': 5.63290583771009, 'noise_gpe_sigma': 120.73340137870946, 'noise_gpi_sigma': 136.86405642082622, 'g_stn_gpe_mult': 2.786161668650584, 'g_gpe_stn_mult': 0.1540979709245203, 'g_stn_gpi_mult': 1.761785873805826, 'g_gpe_gpi_mult': 0.7690280256948234}. Best is trial 188 with value: 0.4573210245649406.
[I 2026-05-28 23:45:50,887] Trial 219 finished with value: 9.285670366976907 and parameters: {'ISTN': 81.34474836336878, 'I_gpe': 1.0124432012679745, 'I_gpi': 1.802636825427387, 'noise_stn_sigma': 6.421473127570554, 'noise_gpe_sigma': 123.7588944823035, 'noise_gpi_sigma': 143.23784407830624, 'g_stn_gpe_mult': 2.6907102208495948, 'g_gpe_stn_mult': 0.13705188814996072, 'g_stn_gpi_mult': 1.4914687063272711, 'g_gpe_gpi_mult': 0.8364603233892132}. Best is trial 188 with value: 0.4573210245649406.
