[I 2026-05-29 00:15:22,866] Trial 968 finished with value: 0.1059080115662609 and parameters: {'ISTN': 60.08643976155957, 'I_gpe': 1.4016971632277992, 'I_gpi': 2.140204382857271, 'noise_stn_sigma': 4.485001630580913, 'noise_gpe_sigma': 90.99067922491386, 'noise_gpi_sigma': 87.833987568157, 'g_stn_gpe_mult': 3.3374114926888447, 'g_gpe_stn_mult': 0.11073615581589905, 'g_stn_gpi_mult': 2.200054928599164, 'g_gpe_gpi_mult': 0.49541326983752837}. Best is trial 887 with value: 0.10525275678543691.
[I 2026-05-29 00:15:23,874] Trial 969 finished with value: 0.11043624679701178 and parameters: {'ISTN': 60.224500444930996, 'I_gpe': 1.2611884344982052, 'I_gpi': 2.069905970864991, 'noise_stn_sigma': 4.595740562873866, 'noise_gpe_sigma': 89.40614933328793, 'noise_gpi_sigma': 89.83659255907659, 'g_stn_gpe_mult': 3.2406667276588, 'g_gpe_stn_mult': 0.11465756235853725, 'g_stn_gpi_mult': 2.2981172421674976, 'g_gpe_gpi_mult': 0.47988357600309595}. Best is trial 887 with value: 0.10525275678543691.
[I 2026-05-29 00:15:24,881] Trial 970 finished with value: 0.11121423111511901 and parameters: {'ISTN': 61.39262183222067, 'I_gpe': 1.3686589891034777, 'I_gpi': 2.1040701272339684, 'noise_stn_sigma': 4.548872721776292, 'noise_gpe_sigma': 89.63863914732106, 'noise_gpi_sigma': 91.0792527447408, 'g_stn_gpe_mult': 3.304508068097171, 'g_gpe_stn_mult': 0.10153545539462756, 'g_stn_gpi_mult': 2.2712363482606843, 'g_gpe_gpi_mult': 0.48214958237558264}. Best is trial 887 with value: 0.10525275678543691.
[I 2026-05-29 00:15:25,890] Trial 971 finished with value: 0.28370909623097107 and parameters: {'ISTN': 60.62250324955005, 'I_gpe': 1.385417171971111, 'I_gpi': 2.191432490018154, 'noise_stn_sigma': 4.554758887330173, 'noise_gpe_sigma': 90.23860589908429, 'noise_gpi_sigma': 85.62398171470373, 'g_stn_gpe_mult': 3.3448208626821563, 'g_gpe_stn_mult': 0.11704551074515326, 'g_stn_gpi_mult': 2.3094685310657375, 'g_gpe_gpi_mult': 0.45397064995165376}. Best is trial 887 with value: 0.10525275678543691.
[I 2026-05-29 00:15:26,897] Trial 972 finished with value: 0.2811674548879417 and parameters: {'ISTN': 60.1537028278118, 'I_gpe': 1.4057763322430457, 'I_gpi': 2.0518554701375455, 'noise_stn_sigma': 4.4839037976864144, 'noise_gpe_sigma': 92.8445390418011, 'noise_gpi_sigma': 90.34464582025137, 'g_stn_gpe_mult': 3.2803504931281333, 'g_gpe_stn_mult': 0.11671332556963011, 'g_stn_gpi_mult': 2.3199500734354546, 'g_gpe_gpi_mult': 0.4966952074824057}. Best is trial 887 with value: 0.10525275678543691.
[I 2026-05-29 00:15:27,903] Trial 973 finished with value: 0.10998183034374558 and parameters: {'ISTN': 60.380102172922534, 'I_gpe': 1.3592861362724973, 'I_gpi': 2.2664574827298765, 'noise_stn_sigma': 4.642164628456724, 'noise_gpe_sigma': 88.80771479176876, 'noise_gpi_sigma': 90.24791447439286, 'g_stn_gpe_mult': 3.250039804659232, 'g_gpe_stn_mult': 0.10180157606892273, 'g_stn_gpi_mult': 2.131909830347251, 'g_gpe_gpi_mult': 0.5061438068360886}. Best is trial 887 with value: 0.10525275678543691.
[I 2026-05-29 00:15:28,912] Trial 974 finished with value: 0.11893004453812091 and parameters: {'ISTN': 61.57291115186554, 'I_gpe': 1.4265993170007922, 'I_gpi': 2.112471425003439, 'noise_stn_sigma': 4.331934966549804, 'noise_gpe_sigma': 88.84100664016705, 'noise_gpi_sigma': 87.3395419267616, 'g_stn_gpe_mult': 3.3728549776432617, 'g_gpe_stn_mult': 0.10479935057991435, 'g_stn_gpi_mult': 2.2632123327243523, 'g_gpe_gpi_mult': 0.4690085636829847}. Best is trial 887 with value: 0.10525275678543691.
[I 2026-05-29 00:15:29,919] Trial 975 finished with value: 0.2509088612567877 and parameters: {'ISTN': 60.64833976486642, 'I_gpe': 1.3853649380053314, 'I_gpi': 2.043504546579067, 'noise_stn_sigma': 4.361837030559942, 'noise_gpe_sigma': 93.4883811784857, 'noise_gpi_sigma': 87.414078212784, 'g_stn_gpe_mult': 3.2580642205561263, 'g_gpe_stn_mult': 0.11190956285375922, 'g_stn_gpi_mult': 2.2800996737474133, 'g_gpe_gpi_mult': 0.4986974774541612}. Best is trial 887 with value: 0.10525275678543691.
[I 2026-05-29 00:15:30,928] Trial 976 finished with value: 0.11808896150430223 and parameters: {'ISTN': 61.43437467365593, 'I_gpe': 1.323323239640656, 'I_gpi': 2.098983696618603, 'noise_stn_sigma': 4.345120710981227, 'noise_gpe_sigma': 93.66507550821741, 'noise_gpi_sigma': 87.08879995167683, 'g_stn_gpe_mult': 3.205767078444118, 'g_gpe_stn_mult': 0.10846185104661442, 'g_stn_gpi_mult': 2.249151752466214, 'g_gpe_gpi_mult': 0.4495107426353313}. Best is trial 887 with value: 0.10525275678543691.
[I 2026-05-29 00:15:31,937] Trial 977 finished with value: 0.10700610175576011 and parameters: {'ISTN': 60.53745841624165, 'I_gpe': 1.327146096917297, 'I_gpi': 2.1051129241034943, 'noise_stn_sigma': 4.573031568080223, 'noise_gpe_sigma': 90.2583395221899, 'noise_gpi_sigma': 90.19922187151732, 'g_stn_gpe_mult': 3.4506259277337183, 'g_gpe_stn_mult': 0.10532118134241457, 'g_stn_gpi_mult': 2.2601901103284776, 'g_gpe_gpi_mult': 0.45954971550782214}. Best is trial 887 with value: 0.10525275678543691.
[I 2026-05-29 00:15:32,944] Trial 978 finished with value: 0.18112153632942107 and parameters: {'ISTN': 60.45353590548873, 'I_gpe': 1.3520761866367876, 'I_gpi': 2.1731413523348238, 'noise_stn_sigma': 4.578137320672136, 'noise_gpe_sigma': 89.49709921275937, 'noise_gpi_sigma': 89.76831845274444, 'g_stn_gpe_mult': 3.353100860752428, 'g_gpe_stn_mult': 0.10582577156360375, 'g_stn_gpi_mult': 2.173781902936722, 'g_gpe_gpi_mult': 0.5234394262774084}. Best is trial 887 with value: 0.10525275678543691.
[I 2026-05-29 00:15:33,952] Trial 979 finished with value: 0.1136849959892949 and parameters: {'ISTN': 60.58936859976958, 'I_gpe': 1.3213125055284851, 'I_gpi': 2.045891236414957, 'noise_stn_sigma': 4.410852658306704, 'noise_gpe_sigma': 93.76441425793963, 'noise_gpi_sigma': 86.15340300710157, 'g_stn_gpe_mult': 3.256807340349247, 'g_gpe_stn_mult': 0.12055337689741692, 'g_stn_gpi_mult': 2.234260963963802, 'g_gpe_gpi_mult': 0.4480273182799264}. Best is trial 887 with value: 0.10525275678543691.
[I 2026-05-29 00:15:34,960] Trial 980 finished with value: 0.11276417525645059 and parameters: {'ISTN': 60.98115199041693, 'I_gpe': 1.3421246787743468, 'I_gpi': 2.1630526140347293, 'noise_stn_sigma': 4.433540492894215, 'noise_gpe_sigma': 90.26807793359511, 'noise_gpi_sigma': 87.96426983794662, 'g_stn_gpe_mult': 3.2167012709835596, 'g_gpe_stn_mult': 0.10988258495875135, 'g_stn_gpi_mult': 2.209080607383885, 'g_gpe_gpi_mult': 0.4782884630894612}. Best is trial 887 with value: 0.10525275678543691.
[I 2026-05-29 00:15:35,967] Trial 981 finished with value: 0.11673459072912971 and parameters: {'ISTN': 61.70581731318773, 'I_gpe': 1.279779530994183, 'I_gpi': 2.1583506492161773, 'noise_stn_sigma': 4.563460887457921, 'noise_gpe_sigma': 90.53423403634588, 'noise_gpi_sigma': 86.75202340662025, 'g_stn_gpe_mult': 3.245717483814257, 'g_gpe_stn_mult': 0.10315361193161711, 'g_stn_gpi_mult': 2.208389317720915, 'g_gpe_gpi_mult': 0.4513105481790918}. Best is trial 887 with value: 0.10525275678543691.
[I 2026-05-29 00:15:36,977] Trial 982 finished with value: 0.8047016366712415 and parameters: {'ISTN': 61.02162231063508, 'I_gpe': 1.2420217714035275, 'I_gpi': 2.1082450666557877, 'noise_stn_sigma': 5.055562750720538, 'noise_gpe_sigma': 88.74773070500804, 'noise_gpi_sigma': 89.90876653299998, 'g_stn_gpe_mult': 3.456261913928118, 'g_gpe_stn_mult': 0.10210907753170519, 'g_stn_gpi_mult': 2.1755849954304, 'g_gpe_gpi_mult': 0.44553019929920973}. Best is trial 887 with value: 0.10525275678543691.
[I 2026-05-29 00:15:37,984] Trial 983 finished with value: 0.11482768760872326 and parameters: {'ISTN': 61.02170835671591, 'I_gpe': 1.3330479994283624, 'I_gpi': 2.223057774747709, 'noise_stn_sigma': 4.58578879795735, 'noise_gpe_sigma': 93.50441167463988, 'noise_gpi_sigma': 90.58255332289106, 'g_stn_gpe_mult': 3.2991997945043487, 'g_gpe_stn_mult': 0.10177962666057269, 'g_stn_gpi_mult': 2.0943964555074417, 'g_gpe_gpi_mult': 0.5209434064935623}. Best is trial 887 with value: 0.10525275678543691.
[I 2026-05-29 00:15:38,989] Trial 984 finished with value: 0.11225650581937266 and parameters: {'ISTN': 61.26392495009488, 'I_gpe': 1.3929443537711754, 'I_gpi': 2.073188565384006, 'noise_stn_sigma': 4.499960618291018, 'noise_gpe_sigma': 90.20110610479303, 'noise_gpi_sigma': 88.32193086356746, 'g_stn_gpe_mult': 3.37462847764663, 'g_gpe_stn_mult': 0.10454504375467621, 'g_stn_gpi_mult': 2.289439076895259, 'g_gpe_gpi_mult': 0.4255397290400142}. Best is trial 887 with value: 0.10525275678543691.
[I 2026-05-29 00:15:39,995] Trial 985 finished with value: 0.10958932626867784 and parameters: {'ISTN': 60.140705519051906, 'I_gpe': 1.2806978269894413, 'I_gpi': 2.1053922294352043, 'noise_stn_sigma': 4.751144309433746, 'noise_gpe_sigma': 92.82218272463322, 'noise_gpi_sigma': 91.64161897385202, 'g_stn_gpe_mult': 3.3690327591461133, 'g_gpe_stn_mult': 0.11309379962413411, 'g_stn_gpi_mult': 2.2919561823187067, 'g_gpe_gpi_mult': 0.4452873991156218}. Best is trial 887 with value: 0.10525275678543691.
[I 2026-05-29 00:15:41,001] Trial 986 finished with value: 0.10968399440416059 and parameters: {'ISTN': 60.48198342717064, 'I_gpe': 1.3621500389761905, 'I_gpi': 2.1468616774074736, 'noise_stn_sigma': 4.468002676140751, 'noise_gpe_sigma': 90.76608704575123, 'noise_gpi_sigma': 91.02213833272687, 'g_stn_gpe_mult': 3.392966673303074, 'g_gpe_stn_mult': 0.1066246084557101, 'g_stn_gpi_mult': 2.1555784163681126, 'g_gpe_gpi_mult': 0.4771550202490377}. Best is trial 887 with value: 0.10525275678543691.
[I 2026-05-29 00:15:42,009] Trial 987 finished with value: 0.1151133215201463 and parameters: {'ISTN': 60.590515973839715, 'I_gpe': 1.3533697340024933, 'I_gpi': 2.0572271741162957, 'noise_stn_sigma': 4.503261741632492, 'noise_gpe_sigma': 92.17520772169959, 'noise_gpi_sigma': 86.58420543697314, 'g_stn_gpe_mult': 3.3565861934864243, 'g_gpe_stn_mult': 0.11939645964662354, 'g_stn_gpi_mult': 2.2914424237598863, 'g_gpe_gpi_mult': 0.43804940500776507}. Best is trial 887 with value: 0.10525275678543691.
[I 2026-05-29 00:15:43,019] Trial 988 finished with value: 0.1131664026975815 and parameters: {'ISTN': 60.84783529976015, 'I_gpe': 1.344670281628173, 'I_gpi': 2.17553153891609, 'noise_stn_sigma': 4.615281788572487, 'noise_gpe_sigma': 91.37778013590822, 'noise_gpi_sigma': 88.57269030687185, 'g_stn_gpe_mult': 3.1519689450019914, 'g_gpe_stn_mult': 0.1004204472401555, 'g_stn_gpi_mult': 2.2605134915973113, 'g_gpe_gpi_mult': 0.46225030082378443}. Best is trial 887 with value: 0.10525275678543691.
[I 2026-05-29 00:15:44,026] Trial 989 finished with value: 0.8662236145803236 and parameters: {'ISTN': 60.6452986163072, 'I_gpe': 1.1887641824346258, 'I_gpi': 2.1321358836475968, 'noise_stn_sigma': 4.424439346912629, 'noise_gpe_sigma': 93.0974335997651, 'noise_gpi_sigma': 82.10865192016114, 'g_stn_gpe_mult': 3.389442920889681, 'g_gpe_stn_mult': 0.10762948830163459, 'g_stn_gpi_mult': 2.2584202650215444, 'g_gpe_gpi_mult': 0.46576972760759405}. Best is trial 887 with value: 0.10525275678543691.
[I 2026-05-29 00:15:45,034] Trial 990 finished with value: 0.10913430340327375 and parameters: {'ISTN': 60.61588707103251, 'I_gpe': 1.3396773279583876, 'I_gpi': 2.149807869674977, 'noise_stn_sigma': 4.446115103103878, 'noise_gpe_sigma': 94.11485495811176, 'noise_gpi_sigma': 87.23503926018394, 'g_stn_gpe_mult': 3.213080371529423, 'g_gpe_stn_mult': 0.110175299394042, 'g_stn_gpi_mult': 2.172628958244759, 'g_gpe_gpi_mult': 0.4772693046742214}. Best is trial 887 with value: 0.10525275678543691.
[I 2026-05-29 00:15:46,042] Trial 991 finished with value: 0.10882326172602842 and parameters: {'ISTN': 60.242125612309486, 'I_gpe': 1.2601731954631885, 'I_gpi': 2.1753478744174846, 'noise_stn_sigma': 4.786707043003384, 'noise_gpe_sigma': 92.02308207726848, 'noise_gpi_sigma': 91.12296687428983, 'g_stn_gpe_mult': 3.3937146360807904, 'g_gpe_stn_mult': 0.10853744245914813, 'g_stn_gpi_mult': 2.13669575101477, 'g_gpe_gpi_mult': 0.4556545343099215}. Best is trial 887 with value: 0.10525275678543691.
[I 2026-05-29 00:15:47,048] Trial 992 finished with value: 0.13577899633294574 and parameters: {'ISTN': 60.399810921506784, 'I_gpe': 1.3554091295254502, 'I_gpi': 2.1297596096009306, 'noise_stn_sigma': 4.520281478021722, 'noise_gpe_sigma': 95.1873130965444, 'noise_gpi_sigma': 89.58258216121543, 'g_stn_gpe_mult': 3.418041544534792, 'g_gpe_stn_mult': 0.11896109887153214, 'g_stn_gpi_mult': 2.3073454751302016, 'g_gpe_gpi_mult': 0.4167578971384205}. Best is trial 887 with value: 0.10525275678543691.
[I 2026-05-29 00:15:48,056] Trial 993 finished with value: 0.11300870688839434 and parameters: {'ISTN': 61.181029334949656, 'I_gpe': 1.3802719584018064, 'I_gpi': 2.166014901446328, 'noise_stn_sigma': 4.410515797972854, 'noise_gpe_sigma': 94.55401339395922, 'noise_gpi_sigma': 88.21433226837918, 'g_stn_gpe_mult': 3.1238815421324837, 'g_gpe_stn_mult': 0.10356284253309618, 'g_stn_gpi_mult': 2.205170830023973, 'g_gpe_gpi_mult': 0.4654106786947533}. Best is trial 887 with value: 0.10525275678543691.
[I 2026-05-29 00:15:49,061] Trial 994 finished with value: 0.14681946273491742 and parameters: {'ISTN': 60.366258724324176, 'I_gpe': 1.2830474816295339, 'I_gpi': 2.1164303245113048, 'noise_stn_sigma': 4.437470138179262, 'noise_gpe_sigma': 98.56295635489467, 'noise_gpi_sigma': 89.68136318425306, 'g_stn_gpe_mult': 3.2541113640475303, 'g_gpe_stn_mult': 0.13135210655279733, 'g_stn_gpi_mult': 2.2380783122746144, 'g_gpe_gpi_mult': 0.4275276906618062}. Best is trial 887 with value: 0.10525275678543691.
[I 2026-05-29 00:15:50,068] Trial 995 finished with value: 0.11322521627781663 and parameters: {'ISTN': 60.924605002873896, 'I_gpe': 1.2585277402020003, 'I_gpi': 2.080688472519671, 'noise_stn_sigma': 4.592305999044963, 'noise_gpe_sigma': 89.76661434351804, 'noise_gpi_sigma': 89.2010445398086, 'g_stn_gpe_mult': 3.3401798165668293, 'g_gpe_stn_mult': 0.11455379835467434, 'g_stn_gpi_mult': 2.2732546025790183, 'g_gpe_gpi_mult': 0.4835604795300343}. Best is trial 887 with value: 0.10525275678543691.
[I 2026-05-29 00:15:51,017] Trial 996 finished with value: 1000000.0 and parameters: {'ISTN': 60.92054681709772, 'I_gpe': 1.325052706691544, 'I_gpi': 2.122816310887427, 'noise_stn_sigma': 4.7852151580917575, 'noise_gpe_sigma': 90.81897186470628, 'noise_gpi_sigma': 90.65176732828508, 'g_stn_gpe_mult': 3.3653724751498277, 'g_gpe_stn_mult': 0.11164692527563194, 'g_stn_gpi_mult': 2.270857184466726, 'g_gpe_gpi_mult': 0.4498593508159524}. Best is trial 887 with value: 0.10525275678543691.
[I 2026-05-29 00:15:52,022] Trial 997 finished with value: 0.10740685783470257 and parameters: {'ISTN': 60.02166856875306, 'I_gpe': 1.3992397787089819, 'I_gpi': 2.153335188019544, 'noise_stn_sigma': 4.5776593890571675, 'noise_gpe_sigma': 98.43669788702894, 'noise_gpi_sigma': 88.78515859310333, 'g_stn_gpe_mult': 3.2168328870607854, 'g_gpe_stn_mult': 0.11209221406474644, 'g_stn_gpi_mult': 2.2873275516597937, 'g_gpe_gpi_mult': 0.4323707078138759}. Best is trial 887 with value: 0.10525275678543691.
[I 2026-05-29 00:15:53,028] Trial 998 finished with value: 0.11045021586511038 and parameters: {'ISTN': 60.00655108210712, 'I_gpe': 1.2734496515190115, 'I_gpi': 2.1070428593218886, 'noise_stn_sigma': 4.509973444187814, 'noise_gpe_sigma': 93.72233424933479, 'noise_gpi_sigma': 88.38217584937924, 'g_stn_gpe_mult': 3.363582400812061, 'g_gpe_stn_mult': 0.12465669023638469, 'g_stn_gpi_mult': 2.300004376372779, 'g_gpe_gpi_mult': 0.4455277202970119}. Best is trial 887 with value: 0.10525275678543691.
[I 2026-05-29 00:15:54,037] Trial 999 finished with value: 0.11781821581327129 and parameters: {'ISTN': 60.67843828245458, 'I_gpe': 1.3409570713108034, 'I_gpi': 2.1946079472410434, 'noise_stn_sigma': 4.293052455843839, 'noise_gpe_sigma': 94.75184625882011, 'noise_gpi_sigma': 87.42814868017388, 'g_stn_gpe_mult': 3.225064405804833, 'g_gpe_stn_mult': 0.113058159331655, 'g_stn_gpi_mult': 2.1800246577890396, 'g_gpe_gpi_mult': 0.4965996876125117}. Best is trial 887 with value: 0.10525275678543691.
Condition: tau20
Seed: 42, Trials: 1000
Bounds:
  ISTN: [60.0, 150.0]
  I_gpe: [0.5, 4.0]
  I_gpi: [1.0, 5.0]
  noise_stn_sigma: [1.0, 8.0]
  noise_gpe_sigma: [20.0, 150.0]
  noise_gpi_sigma: [20.0, 150.0]
  g_stn_gpe_mult: [1.5, 5.0]
  g_gpe_stn_mult: [0.1, 0.8]
  g_stn_gpi_mult: [1.0, 4.0]
  g_gpe_gpi_mult: [0.2, 1.2]
Weights: {'rate': 5.0, 'cv': 0.2, 'beta': 15.0}
JAX devices: [CudaDevice(id=0)]

Building simulator...
Warming up JIT...
JIT ready.


============================================================
DONE: tau20 (seed=42)
  Time: 16.8 min
  Best loss: 0.1053
  STN: 28.5 Hz (target 27.5)
  GPe: 42.7 Hz (target 42.5)
  GPi: 82.3 Hz (target 82.5)
  GPe beta: 27.8%
  STN beta: 67.0%
  Synaptic multipliers:
    g_stn_gpe_mult: 3.186
    g_gpe_stn_mult: 0.110
    g_stn_gpi_mult: 2.248
    g_gpe_gpi_mult: 0.456
  Saved: results/sensitivity2/ou_tau/tau20.pkl
