[I 2026-05-28 23:16:21,914] Trial 484 finished with value: 11.471283384484451 and parameters: {'ISTN': 62.85544836935503, 'I_gpe': 2.0514626432939997, 'I_gpi': 1.7164753588397899, 'noise_stn_sigma': 7.137871238661778, 'noise_gpe_sigma': 132.33218642083835, 'noise_gpi_sigma': 87.6657992847313, 'g_stn_gpe_mult': 3.473374256285199, 'g_gpe_stn_mult': 0.744384304885205, 'g_stn_gpi_mult': 3.3584007998672343, 'g_gpe_gpi_mult': 0.850175509175588}. Best is trial 396 with value: 2.126500323194939.
[I 2026-05-28 23:16:22,920] Trial 485 finished with value: 4.82679779392395 and parameters: {'ISTN': 64.17397480334927, 'I_gpe': 2.138539061825467, 'I_gpi': 1.5912318012859166, 'noise_stn_sigma': 6.716568902351673, 'noise_gpe_sigma': 127.54723689605575, 'noise_gpi_sigma': 100.4420760279927, 'g_stn_gpe_mult': 3.5345940095109443, 'g_gpe_stn_mult': 0.6980134741770341, 'g_stn_gpi_mult': 3.432574241150739, 'g_gpe_gpi_mult': 0.8756261433458992}. Best is trial 396 with value: 2.126500323194939.
[I 2026-05-28 23:16:23,926] Trial 486 finished with value: 8.895134057269072 and parameters: {'ISTN': 62.7892063143464, 'I_gpe': 2.2193766528950762, 'I_gpi': 1.7260600241070994, 'noise_stn_sigma': 6.912260664674939, 'noise_gpe_sigma': 125.3084405088214, 'noise_gpi_sigma': 86.52340220138262, 'g_stn_gpe_mult': 3.58346593621509, 'g_gpe_stn_mult': 0.6626841157348305, 'g_stn_gpi_mult': 3.2295434178957176, 'g_gpe_gpi_mult': 0.862498307062683}. Best is trial 396 with value: 2.126500323194939.
[I 2026-05-28 23:16:24,934] Trial 487 finished with value: 5.814994985715656 and parameters: {'ISTN': 67.22956746056734, 'I_gpe': 2.061422839421735, 'I_gpi': 1.819059767167756, 'noise_stn_sigma': 7.7454095977407, 'noise_gpe_sigma': 140.47645629413677, 'noise_gpi_sigma': 89.41554237575791, 'g_stn_gpe_mult': 3.74553498778483, 'g_gpe_stn_mult': 0.7508876352196603, 'g_stn_gpi_mult': 3.1490403296481984, 'g_gpe_gpi_mult': 0.8431942312035057}. Best is trial 396 with value: 2.126500323194939.
[I 2026-05-28 23:16:25,941] Trial 488 finished with value: 7.370218986341641 and parameters: {'ISTN': 62.959724476256255, 'I_gpe': 2.0861913329472053, 'I_gpi': 1.4486974457980892, 'noise_stn_sigma': 7.049065192294156, 'noise_gpe_sigma': 128.47173097255092, 'noise_gpi_sigma': 109.03993882053535, 'g_stn_gpe_mult': 3.6796118149077395, 'g_gpe_stn_mult': 0.6414569662922931, 'g_stn_gpi_mult': 2.8998828950804847, 'g_gpe_gpi_mult': 0.8230165818547006}. Best is trial 396 with value: 2.126500323194939.
[I 2026-05-28 23:16:26,948] Trial 489 finished with value: 9.07315505332415 and parameters: {'ISTN': 64.63256267930726, 'I_gpe': 2.046371212561798, 'I_gpi': 1.539385099834232, 'noise_stn_sigma': 6.7027843504824105, 'noise_gpe_sigma': 126.44840978692135, 'noise_gpi_sigma': 95.25019658246336, 'g_stn_gpe_mult': 3.660672572561078, 'g_gpe_stn_mult': 0.6709607814978757, 'g_stn_gpi_mult': 3.2385550332277115, 'g_gpe_gpi_mult': 0.8516511598512022}. Best is trial 396 with value: 2.126500323194939.
[I 2026-05-28 23:16:27,958] Trial 490 finished with value: 8.779312874002647 and parameters: {'ISTN': 64.39289119936545, 'I_gpe': 2.1526790814513133, 'I_gpi': 1.4387879153226875, 'noise_stn_sigma': 7.56083520172913, 'noise_gpe_sigma': 137.4666118342854, 'noise_gpi_sigma': 92.86946899234125, 'g_stn_gpe_mult': 3.7372424454949473, 'g_gpe_stn_mult': 0.6791236150935053, 'g_stn_gpi_mult': 2.959577198335068, 'g_gpe_gpi_mult': 0.8473984376170649}. Best is trial 396 with value: 2.126500323194939.
[I 2026-05-28 23:16:28,966] Trial 491 finished with value: 8.236473044455334 and parameters: {'ISTN': 64.65892563533544, 'I_gpe': 2.1164939349856255, 'I_gpi': 1.6905582243042634, 'noise_stn_sigma': 7.052436132416519, 'noise_gpe_sigma': 135.5589194765877, 'noise_gpi_sigma': 91.42306409620193, 'g_stn_gpe_mult': 3.72762775310328, 'g_gpe_stn_mult': 0.6922284225417615, 'g_stn_gpi_mult': 3.2857011361433823, 'g_gpe_gpi_mult': 0.8591117147985914}. Best is trial 396 with value: 2.126500323194939.
[I 2026-05-28 23:16:29,973] Trial 492 finished with value: 7.292242258051368 and parameters: {'ISTN': 66.3607986332648, 'I_gpe': 2.0411757975574596, 'I_gpi': 1.6289772249837795, 'noise_stn_sigma': 7.31082371454051, 'noise_gpe_sigma': 128.6931040142317, 'noise_gpi_sigma': 94.99884928895207, 'g_stn_gpe_mult': 3.4134517417444377, 'g_gpe_stn_mult': 0.6950641749048936, 'g_stn_gpi_mult': 3.415917238908856, 'g_gpe_gpi_mult': 0.8343105316755262}. Best is trial 396 with value: 2.126500323194939.
[I 2026-05-28 23:16:30,982] Trial 493 finished with value: 7.156468845370939 and parameters: {'ISTN': 63.33749020850989, 'I_gpe': 2.134596843298562, 'I_gpi': 1.4938325762812052, 'noise_stn_sigma': 6.496502915118717, 'noise_gpe_sigma': 135.0279003034275, 'noise_gpi_sigma': 96.72132122716265, 'g_stn_gpe_mult': 3.7442498288774586, 'g_gpe_stn_mult': 0.6739239787808943, 'g_stn_gpi_mult': 3.244865916599355, 'g_gpe_gpi_mult': 0.8439370250672216}. Best is trial 396 with value: 2.126500323194939.
[I 2026-05-28 23:16:31,990] Trial 494 finished with value: 6.60202453908857 and parameters: {'ISTN': 62.96440612116776, 'I_gpe': 2.096953738869135, 'I_gpi': 1.5961895570219053, 'noise_stn_sigma': 6.4050681438401655, 'noise_gpe_sigma': 124.36186169877654, 'noise_gpi_sigma': 108.58002291381077, 'g_stn_gpe_mult': 3.501330542940778, 'g_gpe_stn_mult': 0.6560923076572667, 'g_stn_gpi_mult': 3.116474422306474, 'g_gpe_gpi_mult': 0.8220891366170591}. Best is trial 396 with value: 2.126500323194939.
[I 2026-05-28 23:16:32,999] Trial 495 finished with value: 8.12404543340013 and parameters: {'ISTN': 68.82130730637965, 'I_gpe': 2.0978155793287927, 'I_gpi': 1.8908049429273999, 'noise_stn_sigma': 7.176168356350692, 'noise_gpe_sigma': 140.67099301653508, 'noise_gpi_sigma': 97.01054453840344, 'g_stn_gpe_mult': 3.6637480082248084, 'g_gpe_stn_mult': 0.7333084834480212, 'g_stn_gpi_mult': 3.4675590485348087, 'g_gpe_gpi_mult': 0.882276307092615}. Best is trial 396 with value: 2.126500323194939.
[I 2026-05-28 23:16:34,008] Trial 496 finished with value: 8.537327869125601 and parameters: {'ISTN': 69.35940702498439, 'I_gpe': 2.227742043660893, 'I_gpi': 1.655603645397949, 'noise_stn_sigma': 6.748748838427206, 'noise_gpe_sigma': 131.5460376744757, 'noise_gpi_sigma': 99.24189283950479, 'g_stn_gpe_mult': 3.5603691542547384, 'g_gpe_stn_mult': 0.7123457144012247, 'g_stn_gpi_mult': 3.1449714949728547, 'g_gpe_gpi_mult': 0.8134908949214161}. Best is trial 396 with value: 2.126500323194939.
[I 2026-05-28 23:16:35,015] Trial 497 finished with value: 8.37477196224997 and parameters: {'ISTN': 68.7661799544351, 'I_gpe': 2.095559004621067, 'I_gpi': 1.7192175317800853, 'noise_stn_sigma': 7.294009496786643, 'noise_gpe_sigma': 126.67881231873262, 'noise_gpi_sigma': 96.26893206874867, 'g_stn_gpe_mult': 3.6231608649847233, 'g_gpe_stn_mult': 0.7273207270693398, 'g_stn_gpi_mult': 3.3709721899634344, 'g_gpe_gpi_mult': 0.87793860918041}. Best is trial 396 with value: 2.126500323194939.
[I 2026-05-28 23:16:35,963] Trial 498 finished with value: 1000000.0 and parameters: {'ISTN': 65.14803227929325, 'I_gpe': 2.1324930447378536, 'I_gpi': 1.7703500397625493, 'noise_stn_sigma': 7.700214586864891, 'noise_gpe_sigma': 134.16076988021388, 'noise_gpi_sigma': 99.36148847300254, 'g_stn_gpe_mult': 3.5435087029008905, 'g_gpe_stn_mult': 0.7250391063613024, 'g_stn_gpi_mult': 3.20520631854769, 'g_gpe_gpi_mult': 0.865921134712837}. Best is trial 396 with value: 2.126500323194939.
[I 2026-05-28 23:16:36,973] Trial 499 finished with value: 10.153725141842667 and parameters: {'ISTN': 65.97625391099803, 'I_gpe': 2.097872459830166, 'I_gpi': 1.5730568111989736, 'noise_stn_sigma': 7.443617242766257, 'noise_gpe_sigma': 128.99126318746536, 'noise_gpi_sigma': 88.24437116969337, 'g_stn_gpe_mult': 3.6162222218477726, 'g_gpe_stn_mult': 0.7210062327881132, 'g_stn_gpi_mult': 3.2647623923877633, 'g_gpe_gpi_mult': 0.8784007028934002}. Best is trial 396 with value: 2.126500323194939.
[I 2026-05-28 23:16:37,981] Trial 500 finished with value: 2.868413064626348 and parameters: {'ISTN': 65.109642456531, 'I_gpe': 2.018874302732063, 'I_gpi': 1.79059271907213, 'noise_stn_sigma': 7.412590460470051, 'noise_gpe_sigma': 143.42051843669617, 'noise_gpi_sigma': 99.31657215591491, 'g_stn_gpe_mult': 3.8006289186484445, 'g_gpe_stn_mult': 0.7375327882796434, 'g_stn_gpi_mult': 3.2257932123124196, 'g_gpe_gpi_mult': 0.8265007488245546}. Best is trial 396 with value: 2.126500323194939.
[I 2026-05-28 23:16:38,990] Trial 501 finished with value: 7.997493016071606 and parameters: {'ISTN': 63.85129943013098, 'I_gpe': 2.0088133189778277, 'I_gpi': 1.6567330178867699, 'noise_stn_sigma': 7.103233261176042, 'noise_gpe_sigma': 134.35711994098693, 'noise_gpi_sigma': 100.48139013885663, 'g_stn_gpe_mult': 3.935311837089462, 'g_gpe_stn_mult': 0.6823447687130395, 'g_stn_gpi_mult': 3.2542684181308053, 'g_gpe_gpi_mult': 0.8746266012779635}. Best is trial 396 with value: 2.126500323194939.
[I 2026-05-28 23:16:40,000] Trial 502 finished with value: 10.43555080103123 and parameters: {'ISTN': 64.12168492512467, 'I_gpe': 2.00882902437033, 'I_gpi': 1.8089119530434745, 'noise_stn_sigma': 7.777162067690839, 'noise_gpe_sigma': 135.4917289156886, 'noise_gpi_sigma': 102.51613578758771, 'g_stn_gpe_mult': 3.5776768383081716, 'g_gpe_stn_mult': 0.7610783169611183, 'g_stn_gpi_mult': 3.5076324472648235, 'g_gpe_gpi_mult': 0.8488091635940829}. Best is trial 396 with value: 2.126500323194939.
[I 2026-05-28 23:16:41,007] Trial 503 finished with value: 9.471038556383357 and parameters: {'ISTN': 64.76733314876306, 'I_gpe': 2.2297472987464917, 'I_gpi': 1.6422205849726743, 'noise_stn_sigma': 6.28135808063717, 'noise_gpe_sigma': 132.9011395231338, 'noise_gpi_sigma': 90.9942461711702, 'g_stn_gpe_mult': 3.4011960989064693, 'g_gpe_stn_mult': 0.673852636156309, 'g_stn_gpi_mult': 3.0307764941540167, 'g_gpe_gpi_mult': 0.7733659903101273}. Best is trial 396 with value: 2.126500323194939.
[I 2026-05-28 23:16:42,015] Trial 504 finished with value: 10.433196395029885 and parameters: {'ISTN': 64.79222978790867, 'I_gpe': 1.9150407580826232, 'I_gpi': 1.7300656497855345, 'noise_stn_sigma': 6.816970626933197, 'noise_gpe_sigma': 140.24072204906656, 'noise_gpi_sigma': 99.39585286188385, 'g_stn_gpe_mult': 3.8055429141417574, 'g_gpe_stn_mult': 0.6770558991807615, 'g_stn_gpi_mult': 3.255048077807974, 'g_gpe_gpi_mult': 0.7927888457479271}. Best is trial 396 with value: 2.126500323194939.
[I 2026-05-28 23:16:43,024] Trial 505 finished with value: 9.75160655110624 and parameters: {'ISTN': 65.5107019443659, 'I_gpe': 2.0005052667103502, 'I_gpi': 1.6037578336820462, 'noise_stn_sigma': 6.981513196722675, 'noise_gpe_sigma': 126.6520991158542, 'noise_gpi_sigma': 106.33842060064823, 'g_stn_gpe_mult': 3.533946322832997, 'g_gpe_stn_mult': 0.6940664193079309, 'g_stn_gpi_mult': 3.1785588988546065, 'g_gpe_gpi_mult': 0.8471682996534216}. Best is trial 396 with value: 2.126500323194939.
[I 2026-05-28 23:16:44,031] Trial 506 finished with value: 11.030080641005117 and parameters: {'ISTN': 65.04947447673126, 'I_gpe': 2.115794245566051, 'I_gpi': 1.6660947280620975, 'noise_stn_sigma': 7.240770871833041, 'noise_gpe_sigma': 131.15485914102288, 'noise_gpi_sigma': 104.86648754319577, 'g_stn_gpe_mult': 3.5136922769938983, 'g_gpe_stn_mult': 0.6887749231248483, 'g_stn_gpi_mult': 2.981215198169983, 'g_gpe_gpi_mult': 0.8532283230353062}. Best is trial 396 with value: 2.126500323194939.
[I 2026-05-28 23:16:45,041] Trial 507 finished with value: 9.849303039713421 and parameters: {'ISTN': 64.37317366221613, 'I_gpe': 2.208485597363537, 'I_gpi': 1.5146613165696703, 'noise_stn_sigma': 6.340601714279913, 'noise_gpe_sigma': 139.13181779240156, 'noise_gpi_sigma': 91.66846997908654, 'g_stn_gpe_mult': 3.7477630024991186, 'g_gpe_stn_mult': 0.6750120935455703, 'g_stn_gpi_mult': 3.1929896082488796, 'g_gpe_gpi_mult': 0.820974411490901}. Best is trial 396 with value: 2.126500323194939.
[I 2026-05-28 23:16:46,050] Trial 508 finished with value: 9.492002583183897 and parameters: {'ISTN': 65.94387902646034, 'I_gpe': 2.0056122934675393, 'I_gpi': 1.7961317797756688, 'noise_stn_sigma': 7.105341411076132, 'noise_gpe_sigma': 132.98678579883904, 'noise_gpi_sigma': 98.11192834323214, 'g_stn_gpe_mult': 3.5567934454696393, 'g_gpe_stn_mult': 0.7043653187545476, 'g_stn_gpi_mult': 3.3265975694375203, 'g_gpe_gpi_mult': 0.8719093261240982}. Best is trial 396 with value: 2.126500323194939.
[I 2026-05-28 23:16:47,059] Trial 509 finished with value: 9.74637547308432 and parameters: {'ISTN': 62.05111190702731, 'I_gpe': 2.112208704719792, 'I_gpi': 1.6033591457927987, 'noise_stn_sigma': 6.9721572428156176, 'noise_gpe_sigma': 124.1665069213721, 'noise_gpi_sigma': 102.0709198583162, 'g_stn_gpe_mult': 3.5850295047374963, 'g_gpe_stn_mult': 0.6669015526896234, 'g_stn_gpi_mult': 3.102048705714626, 'g_gpe_gpi_mult': 0.8035127733973462}. Best is trial 396 with value: 2.126500323194939.
[I 2026-05-28 23:16:48,067] Trial 510 finished with value: 10.173223762613862 and parameters: {'ISTN': 65.87061708119612, 'I_gpe': 2.03852697502938, 'I_gpi': 1.6250084593953633, 'noise_stn_sigma': 7.081270992954218, 'noise_gpe_sigma': 137.44461212198377, 'noise_gpi_sigma': 93.16059613901996, 'g_stn_gpe_mult': 3.8445118977799693, 'g_gpe_stn_mult': 0.7323091783869755, 'g_stn_gpi_mult': 3.2049598275015607, 'g_gpe_gpi_mult': 0.8541110675121453}. Best is trial 396 with value: 2.126500323194939.
[I 2026-05-28 23:16:49,078] Trial 511 finished with value: 2.688863452133098 and parameters: {'ISTN': 62.788767467999705, 'I_gpe': 2.0979813088771833, 'I_gpi': 1.7174149098776952, 'noise_stn_sigma': 7.047557746350851, 'noise_gpe_sigma': 131.68157112919803, 'noise_gpi_sigma': 95.82762548105018, 'g_stn_gpe_mult': 3.782792838985339, 'g_gpe_stn_mult': 0.6929213422771873, 'g_stn_gpi_mult': 3.1275249832181995, 'g_gpe_gpi_mult': 0.8785158676614828}. Best is trial 396 with value: 2.126500323194939.
[I 2026-05-28 23:16:50,083] Trial 512 finished with value: 10.709037843362648 and parameters: {'ISTN': 62.479550643546816, 'I_gpe': 1.904666053695801, 'I_gpi': 1.5677275202413878, 'noise_stn_sigma': 6.900547062154259, 'noise_gpe_sigma': 121.06430457659707, 'noise_gpi_sigma': 104.58587047088211, 'g_stn_gpe_mult': 3.6280810427281662, 'g_gpe_stn_mult': 0.6584528078756499, 'g_stn_gpi_mult': 3.2209427692324724, 'g_gpe_gpi_mult': 0.8473253087427519}. Best is trial 396 with value: 2.126500323194939.
[I 2026-05-28 23:16:51,091] Trial 513 finished with value: 8.797190944893078 and parameters: {'ISTN': 66.38780107790879, 'I_gpe': 2.1374084189241818, 'I_gpi': 1.8872015052854696, 'noise_stn_sigma': 6.607459568862179, 'noise_gpe_sigma': 133.64448790174566, 'noise_gpi_sigma': 101.12046395836961, 'g_stn_gpe_mult': 3.6346835244419387, 'g_gpe_stn_mult': 0.6755356194363109, 'g_stn_gpi_mult': 3.4095917895262198, 'g_gpe_gpi_mult': 0.8057055670895668}. Best is trial 396 with value: 2.126500323194939.
[I 2026-05-28 23:16:52,097] Trial 514 finished with value: 10.327307520237264 and parameters: {'ISTN': 65.77247787100322, 'I_gpe': 2.0479358001147285, 'I_gpi': 1.8160823900164922, 'noise_stn_sigma': 6.748491843096677, 'noise_gpe_sigma': 129.35721163653312, 'noise_gpi_sigma': 98.41684855619155, 'g_stn_gpe_mult': 3.7696764041334783, 'g_gpe_stn_mult': 0.7303917414176349, 'g_stn_gpi_mult': 3.4120876762598535, 'g_gpe_gpi_mult': 0.8829237591144525}. Best is trial 396 with value: 2.126500323194939.
[I 2026-05-28 23:16:53,107] Trial 515 finished with value: 9.4654587537753 and parameters: {'ISTN': 66.02764090089069, 'I_gpe': 2.078535285526234, 'I_gpi': 1.8940401257998687, 'noise_stn_sigma': 7.033653939833938, 'noise_gpe_sigma': 134.4990755610034, 'noise_gpi_sigma': 90.97445444450477, 'g_stn_gpe_mult': 3.643304500922354, 'g_gpe_stn_mult': 0.710783218547076, 'g_stn_gpi_mult': 3.079139517737582, 'g_gpe_gpi_mult': 0.8303017369336629}. Best is trial 396 with value: 2.126500323194939.
[I 2026-05-28 23:16:54,115] Trial 516 finished with value: 8.104849210268533 and parameters: {'ISTN': 67.37060327567343, 'I_gpe': 2.1010355228812014, 'I_gpi': 1.7383680059643325, 'noise_stn_sigma': 6.309989565828605, 'noise_gpe_sigma': 132.24836941279193, 'noise_gpi_sigma': 93.44299263584617, 'g_stn_gpe_mult': 3.4650795245565487, 'g_gpe_stn_mult': 0.6922358798382418, 'g_stn_gpi_mult': 3.172901195839568, 'g_gpe_gpi_mult': 0.881514149531037}. Best is trial 396 with value: 2.126500323194939.
[I 2026-05-28 23:16:55,124] Trial 517 finished with value: 10.789601994100073 and parameters: {'ISTN': 62.95762349205047, 'I_gpe': 2.1687825927518265, 'I_gpi': 1.499455065368547, 'noise_stn_sigma': 7.055053561662672, 'noise_gpe_sigma': 130.3895990450398, 'noise_gpi_sigma': 101.20916011398532, 'g_stn_gpe_mult': 3.6385683732522467, 'g_gpe_stn_mult': 0.649366366423526, 'g_stn_gpi_mult': 3.0971788092352326, 'g_gpe_gpi_mult': 0.8366288125375727}. Best is trial 396 with value: 2.126500323194939.
[I 2026-05-28 23:16:56,134] Trial 518 finished with value: 9.000043393889316 and parameters: {'ISTN': 66.10868521885568, 'I_gpe': 2.0953682533713907, 'I_gpi': 1.5729325357356188, 'noise_stn_sigma': 7.158651110470164, 'noise_gpe_sigma': 127.40201817455781, 'noise_gpi_sigma': 96.3587624609117, 'g_stn_gpe_mult': 3.390040229618655, 'g_gpe_stn_mult': 0.6775410578765397, 'g_stn_gpi_mult': 3.0866239374444158, 'g_gpe_gpi_mult': 0.8545483975072439}. Best is trial 396 with value: 2.126500323194939.
[I 2026-05-28 23:16:57,143] Trial 519 finished with value: 8.72757238696987 and parameters: {'ISTN': 67.28430780158324, 'I_gpe': 2.084942218335777, 'I_gpi': 1.7632470823236184, 'noise_stn_sigma': 6.824791401752738, 'noise_gpe_sigma': 127.85459234478644, 'noise_gpi_sigma': 101.93772592866004, 'g_stn_gpe_mult': 3.811062372712522, 'g_gpe_stn_mult': 0.6858940971795972, 'g_stn_gpi_mult': 3.3732504709157656, 'g_gpe_gpi_mult': 0.8645920765972706}. Best is trial 396 with value: 2.126500323194939.
[I 2026-05-28 23:16:58,151] Trial 520 finished with value: 7.5165716605643755 and parameters: {'ISTN': 61.62949395193391, 'I_gpe': 2.0110632345159485, 'I_gpi': 1.7961576177852967, 'noise_stn_sigma': 7.149063181346222, 'noise_gpe_sigma': 135.74675619880796, 'noise_gpi_sigma': 103.82361508481557, 'g_stn_gpe_mult': 3.749207609054643, 'g_gpe_stn_mult': 0.7165636373230441, 'g_stn_gpi_mult': 3.2490449398434604, 'g_gpe_gpi_mult': 0.9081145023919961}. Best is trial 396 with value: 2.126500323194939.
[I 2026-05-28 23:16:59,160] Trial 521 finished with value: 9.930714622178867 and parameters: {'ISTN': 63.42921071596545, 'I_gpe': 2.025937540618399, 'I_gpi': 1.6543943193361077, 'noise_stn_sigma': 6.942802741620753, 'noise_gpe_sigma': 132.29739190241452, 'noise_gpi_sigma': 94.56366436743593, 'g_stn_gpe_mult': 3.7036806035020433, 'g_gpe_stn_mult': 0.7039249507159687, 'g_stn_gpi_mult': 3.22169077596218, 'g_gpe_gpi_mult': 0.9052130556379878}. Best is trial 396 with value: 2.126500323194939.
[I 2026-05-28 23:17:00,167] Trial 522 finished with value: 6.272642018157165 and parameters: {'ISTN': 63.20978205872563, 'I_gpe': 2.0964003474976627, 'I_gpi': 1.8760869144827828, 'noise_stn_sigma': 6.914345399626177, 'noise_gpe_sigma': 134.9929052168721, 'noise_gpi_sigma': 98.05647857563018, 'g_stn_gpe_mult': 3.7311184142388316, 'g_gpe_stn_mult': 0.7214118332893842, 'g_stn_gpi_mult': 3.328226869586452, 'g_gpe_gpi_mult': 0.8739518934368782}. Best is trial 396 with value: 2.126500323194939.
[I 2026-05-28 23:17:01,174] Trial 523 finished with value: 10.21432366796214 and parameters: {'ISTN': 64.36312675508609, 'I_gpe': 2.044426344468473, 'I_gpi': 1.736372696317929, 'noise_stn_sigma': 7.126700982117388, 'noise_gpe_sigma': 129.09449288660818, 'noise_gpi_sigma': 90.91303349094666, 'g_stn_gpe_mult': 3.8111867120117986, 'g_gpe_stn_mult': 0.6987606560653674, 'g_stn_gpi_mult': 3.197131269287698, 'g_gpe_gpi_mult': 0.9208592627326211}. Best is trial 396 with value: 2.126500323194939.
[I 2026-05-28 23:17:02,182] Trial 524 finished with value: 8.710010570392448 and parameters: {'ISTN': 62.521674635021924, 'I_gpe': 2.0646981465036633, 'I_gpi': 1.7023893082358401, 'noise_stn_sigma': 6.953964352469603, 'noise_gpe_sigma': 128.53904836489556, 'noise_gpi_sigma': 100.20858401155087, 'g_stn_gpe_mult': 3.7580536937070836, 'g_gpe_stn_mult': 0.7079192117940597, 'g_stn_gpi_mult': 3.1702920873856275, 'g_gpe_gpi_mult': 0.9096202883141127}. Best is trial 396 with value: 2.126500323194939.
[I 2026-05-28 23:17:03,130] Trial 525 finished with value: 1000000.0 and parameters: {'ISTN': 65.04659421924923, 'I_gpe': 2.1435389672178005, 'I_gpi': 1.7867670952921455, 'noise_stn_sigma': 7.023221145161197, 'noise_gpe_sigma': 131.10950272623262, 'noise_gpi_sigma': 100.6130331312935, 'g_stn_gpe_mult': 3.774309134288768, 'g_gpe_stn_mult': 0.7162955329512279, 'g_stn_gpi_mult': 3.1995706225442406, 'g_gpe_gpi_mult': 0.8761104727254281}. Best is trial 396 with value: 2.126500323194939.
[I 2026-05-28 23:17:04,138] Trial 526 finished with value: 10.257736126195578 and parameters: {'ISTN': 64.2852673062088, 'I_gpe': 2.158193893072154, 'I_gpi': 1.6486602175768386, 'noise_stn_sigma': 6.656004701800459, 'noise_gpe_sigma': 137.85553781383675, 'noise_gpi_sigma': 100.62232534942693, 'g_stn_gpe_mult': 3.8079804755022404, 'g_gpe_stn_mult': 0.6906510543603447, 'g_stn_gpi_mult': 3.185589329490713, 'g_gpe_gpi_mult': 0.8267944417074127}. Best is trial 396 with value: 2.126500323194939.
[I 2026-05-28 23:17:05,144] Trial 527 finished with value: 6.400422154121273 and parameters: {'ISTN': 64.76931857474061, 'I_gpe': 2.1267630511560434, 'I_gpi': 1.6900031215028646, 'noise_stn_sigma': 6.910453202800243, 'noise_gpe_sigma': 128.053025619432, 'noise_gpi_sigma': 106.77547799192163, 'g_stn_gpe_mult': 3.6881124038529434, 'g_gpe_stn_mult': 0.7171077509258619, 'g_stn_gpi_mult': 3.190628199627973, 'g_gpe_gpi_mult': 0.8777311395182807}. Best is trial 396 with value: 2.126500323194939.
