[I 2026-05-29 00:09:28,288] Trial 616 finished with value: 0.14753102228160023 and parameters: {'ISTN': 60.52050370643895, 'I_gpe': 1.3532260964451115, 'I_gpi': 2.045564896727911, 'noise_stn_sigma': 2.860731660850653, 'noise_gpe_sigma': 124.98649508098805, 'noise_gpi_sigma': 72.48161633541227, 'g_stn_gpe_mult': 2.608773723516288, 'g_gpe_stn_mult': 0.13650361157136148, 'g_stn_gpi_mult': 2.3598877943205263, 'g_gpe_gpi_mult': 0.41649332417694573}. Best is trial 602 with value: 0.14212297858384645.
[I 2026-05-29 00:09:29,293] Trial 617 finished with value: 0.29270500291626395 and parameters: {'ISTN': 60.93202490174123, 'I_gpe': 1.4131207842518316, 'I_gpi': 1.9221904254850957, 'noise_stn_sigma': 2.6341475614624956, 'noise_gpe_sigma': 126.70726172655972, 'noise_gpi_sigma': 75.86824526634211, 'g_stn_gpe_mult': 2.616154755594553, 'g_gpe_stn_mult': 0.1720659112687158, 'g_stn_gpi_mult': 2.498651518473889, 'g_gpe_gpi_mult': 0.3204099608298359}. Best is trial 602 with value: 0.14212297858384645.
[I 2026-05-29 00:09:30,299] Trial 618 finished with value: 0.143917568899032 and parameters: {'ISTN': 61.187945163343, 'I_gpe': 1.4633171966960008, 'I_gpi': 1.985741088802758, 'noise_stn_sigma': 2.912454431750088, 'noise_gpe_sigma': 124.53629103847209, 'noise_gpi_sigma': 75.35253900019296, 'g_stn_gpe_mult': 2.5721334839870877, 'g_gpe_stn_mult': 0.14261464977666866, 'g_stn_gpi_mult': 2.514966294660879, 'g_gpe_gpi_mult': 0.3084536576099076}. Best is trial 602 with value: 0.14212297858384645.
[I 2026-05-29 00:09:31,308] Trial 619 finished with value: 0.1613412243630949 and parameters: {'ISTN': 60.21236236877921, 'I_gpe': 1.2275868348994237, 'I_gpi': 1.8507040918374755, 'noise_stn_sigma': 2.675897411411742, 'noise_gpe_sigma': 128.5840398340538, 'noise_gpi_sigma': 67.53766403130783, 'g_stn_gpe_mult': 2.4658984124478436, 'g_gpe_stn_mult': 0.17565872474470268, 'g_stn_gpi_mult': 2.567523098434383, 'g_gpe_gpi_mult': 0.33514466577157165}. Best is trial 602 with value: 0.14212297858384645.
[I 2026-05-29 00:09:32,315] Trial 620 finished with value: 0.15327219553079408 and parameters: {'ISTN': 61.811899743647125, 'I_gpe': 1.3236333149091632, 'I_gpi': 1.8639124385024441, 'noise_stn_sigma': 2.7187897543762807, 'noise_gpe_sigma': 119.51644495211808, 'noise_gpi_sigma': 72.39629359965812, 'g_stn_gpe_mult': 2.6166775170026257, 'g_gpe_stn_mult': 0.11920797160813529, 'g_stn_gpi_mult': 2.5655364573269943, 'g_gpe_gpi_mult': 0.35318778842125864}. Best is trial 602 with value: 0.14212297858384645.
[I 2026-05-29 00:09:33,321] Trial 621 finished with value: 0.16314703216332424 and parameters: {'ISTN': 60.36148973163719, 'I_gpe': 1.485763975202026, 'I_gpi': 2.2124008664160204, 'noise_stn_sigma': 2.8363043199288764, 'noise_gpe_sigma': 127.77088252697948, 'noise_gpi_sigma': 70.29547476806908, 'g_stn_gpe_mult': 2.518571456068334, 'g_gpe_stn_mult': 0.13991045541057384, 'g_stn_gpi_mult': 2.4355198171232506, 'g_gpe_gpi_mult': 0.3688764901245072}. Best is trial 602 with value: 0.14212297858384645.
[I 2026-05-29 00:09:34,328] Trial 622 finished with value: 0.16401957835903797 and parameters: {'ISTN': 61.895178081741435, 'I_gpe': 1.3654467710658884, 'I_gpi': 1.8053068598737796, 'noise_stn_sigma': 2.9434036994584174, 'noise_gpe_sigma': 120.19569897743777, 'noise_gpi_sigma': 78.12127110710674, 'g_stn_gpe_mult': 2.696624461454424, 'g_gpe_stn_mult': 0.1236807505936803, 'g_stn_gpi_mult': 2.3825773988193855, 'g_gpe_gpi_mult': 0.3006540833819843}. Best is trial 602 with value: 0.14212297858384645.
[I 2026-05-29 00:09:35,338] Trial 623 finished with value: 0.16243339707470417 and parameters: {'ISTN': 60.565929339958565, 'I_gpe': 1.2664148907852968, 'I_gpi': 1.7927248541798648, 'noise_stn_sigma': 3.0449833238639794, 'noise_gpe_sigma': 119.45224338921032, 'noise_gpi_sigma': 77.95165371504964, 'g_stn_gpe_mult': 2.7711581522994555, 'g_gpe_stn_mult': 0.15217664020718424, 'g_stn_gpi_mult': 2.532345025033457, 'g_gpe_gpi_mult': 0.3173278231603938}. Best is trial 602 with value: 0.14212297858384645.
[I 2026-05-29 00:09:36,344] Trial 624 finished with value: 3.7550344389989236 and parameters: {'ISTN': 61.775798785283065, 'I_gpe': 1.5244143232637137, 'I_gpi': 2.2381693681883204, 'noise_stn_sigma': 2.892755558598596, 'noise_gpe_sigma': 121.33553475880284, 'noise_gpi_sigma': 74.66987779112776, 'g_stn_gpe_mult': 2.619315169195011, 'g_gpe_stn_mult': 0.15560308156962596, 'g_stn_gpi_mult': 2.370334704120878, 'g_gpe_gpi_mult': 0.36864066481925417}. Best is trial 602 with value: 0.14212297858384645.
[I 2026-05-29 00:09:37,352] Trial 625 finished with value: 0.13225422991309096 and parameters: {'ISTN': 61.31813326790651, 'I_gpe': 1.3519375935506557, 'I_gpi': 2.103119537194228, 'noise_stn_sigma': 2.95661849695786, 'noise_gpe_sigma': 119.73545541790841, 'noise_gpi_sigma': 73.32613100765978, 'g_stn_gpe_mult': 2.597679543188932, 'g_gpe_stn_mult': 0.14790786208736897, 'g_stn_gpi_mult': 2.4173123933836216, 'g_gpe_gpi_mult': 0.36029363387793023}. Best is trial 625 with value: 0.13225422991309096.
[I 2026-05-29 00:09:38,360] Trial 626 finished with value: 0.14880982403776818 and parameters: {'ISTN': 60.62658537487105, 'I_gpe': 1.4872740346789972, 'I_gpi': 1.9921312549424584, 'noise_stn_sigma': 2.744629833127989, 'noise_gpe_sigma': 127.74574671940428, 'noise_gpi_sigma': 75.0472340625852, 'g_stn_gpe_mult': 2.711261397322801, 'g_gpe_stn_mult': 0.14936911732632993, 'g_stn_gpi_mult': 2.5632185313215556, 'g_gpe_gpi_mult': 0.3066902434378158}. Best is trial 625 with value: 0.13225422991309096.
[I 2026-05-29 00:09:39,369] Trial 627 finished with value: 0.33224855843021484 and parameters: {'ISTN': 61.14453116525219, 'I_gpe': 1.3495446028522717, 'I_gpi': 2.0604152120461015, 'noise_stn_sigma': 2.994137860817821, 'noise_gpe_sigma': 125.65122670236079, 'noise_gpi_sigma': 64.67774041921945, 'g_stn_gpe_mult': 2.640267199357468, 'g_gpe_stn_mult': 0.13273479218923834, 'g_stn_gpi_mult': 2.606617778629029, 'g_gpe_gpi_mult': 0.32653690513786565}. Best is trial 625 with value: 0.13225422991309096.
[I 2026-05-29 00:09:40,376] Trial 628 finished with value: 0.1442157288211666 and parameters: {'ISTN': 61.031520542757214, 'I_gpe': 1.4056484717379416, 'I_gpi': 1.974070653259173, 'noise_stn_sigma': 3.0162913083947007, 'noise_gpe_sigma': 120.91981780351908, 'noise_gpi_sigma': 74.93534047670855, 'g_stn_gpe_mult': 2.6049860462794463, 'g_gpe_stn_mult': 0.12299999550874403, 'g_stn_gpi_mult': 2.50506650957107, 'g_gpe_gpi_mult': 0.36810565294726605}. Best is trial 625 with value: 0.13225422991309096.
[I 2026-05-29 00:09:41,386] Trial 629 finished with value: 0.14604269175901896 and parameters: {'ISTN': 61.93919247550954, 'I_gpe': 1.3172062137871086, 'I_gpi': 2.020832601390046, 'noise_stn_sigma': 2.8201352749364705, 'noise_gpe_sigma': 120.15771343724144, 'noise_gpi_sigma': 75.22817534249745, 'g_stn_gpe_mult': 2.531779645454211, 'g_gpe_stn_mult': 0.1099393623679212, 'g_stn_gpi_mult': 2.2637577483978175, 'g_gpe_gpi_mult': 0.3835571362271787}. Best is trial 625 with value: 0.13225422991309096.
[I 2026-05-29 00:09:42,391] Trial 630 finished with value: 0.14869014469836192 and parameters: {'ISTN': 60.49158493584166, 'I_gpe': 1.3782457087955706, 'I_gpi': 1.976881144251869, 'noise_stn_sigma': 2.557830004120012, 'noise_gpe_sigma': 121.59465757265832, 'noise_gpi_sigma': 78.61701061987486, 'g_stn_gpe_mult': 2.6161558930945237, 'g_gpe_stn_mult': 0.12598768245080785, 'g_stn_gpi_mult': 2.208649609065939, 'g_gpe_gpi_mult': 0.4038857307100808}. Best is trial 625 with value: 0.13225422991309096.
[I 2026-05-29 00:09:43,403] Trial 631 finished with value: 0.1532799186567614 and parameters: {'ISTN': 60.237661729333084, 'I_gpe': 1.4795421659971377, 'I_gpi': 2.1718139291803045, 'noise_stn_sigma': 3.067630060654134, 'noise_gpe_sigma': 127.38398838009404, 'noise_gpi_sigma': 73.0243676293631, 'g_stn_gpe_mult': 2.684306754049587, 'g_gpe_stn_mult': 0.16404547176818587, 'g_stn_gpi_mult': 2.451813473794588, 'g_gpe_gpi_mult': 0.3361161691940952}. Best is trial 625 with value: 0.13225422991309096.
[I 2026-05-29 00:09:44,412] Trial 632 finished with value: 0.14689596704063004 and parameters: {'ISTN': 62.57779933274795, 'I_gpe': 1.416972637014211, 'I_gpi': 1.9379262492949065, 'noise_stn_sigma': 2.695547974897851, 'noise_gpe_sigma': 120.95313777950952, 'noise_gpi_sigma': 70.48281311875373, 'g_stn_gpe_mult': 2.4426720007054135, 'g_gpe_stn_mult': 0.12650215828225528, 'g_stn_gpi_mult': 2.5478713631342447, 'g_gpe_gpi_mult': 0.34473862281286044}. Best is trial 625 with value: 0.13225422991309096.
[I 2026-05-29 00:09:45,419] Trial 633 finished with value: 0.14038874582783545 and parameters: {'ISTN': 62.95269986767594, 'I_gpe': 1.3181940839247115, 'I_gpi': 1.9798908979608199, 'noise_stn_sigma': 2.813363005138416, 'noise_gpe_sigma': 109.00026674719854, 'noise_gpi_sigma': 75.03287499286296, 'g_stn_gpe_mult': 2.5962721049728645, 'g_gpe_stn_mult': 0.1353069057680484, 'g_stn_gpi_mult': 2.4852244082764585, 'g_gpe_gpi_mult': 0.4092355293934855}. Best is trial 625 with value: 0.13225422991309096.
[I 2026-05-29 00:09:46,426] Trial 634 finished with value: 0.2138375140713413 and parameters: {'ISTN': 62.683069407680804, 'I_gpe': 1.4199042005876308, 'I_gpi': 2.160102406777029, 'noise_stn_sigma': 3.1213927228878204, 'noise_gpe_sigma': 119.17603793439703, 'noise_gpi_sigma': 76.37453452106185, 'g_stn_gpe_mult': 2.6778570364930485, 'g_gpe_stn_mult': 0.11806847004466249, 'g_stn_gpi_mult': 2.4547598646635898, 'g_gpe_gpi_mult': 0.34572421156258937}. Best is trial 625 with value: 0.13225422991309096.
[I 2026-05-29 00:09:47,433] Trial 635 finished with value: 0.15682310636622948 and parameters: {'ISTN': 62.3822507730686, 'I_gpe': 1.3959221616992044, 'I_gpi': 1.9059573050843563, 'noise_stn_sigma': 2.847170041981584, 'noise_gpe_sigma': 123.26112178467942, 'noise_gpi_sigma': 75.68815631508812, 'g_stn_gpe_mult': 2.5693336181085042, 'g_gpe_stn_mult': 0.1177460228950796, 'g_stn_gpi_mult': 2.448216791686917, 'g_gpe_gpi_mult': 0.33617865225197674}. Best is trial 625 with value: 0.13225422991309096.
[I 2026-05-29 00:09:48,443] Trial 636 finished with value: 0.14157626613504548 and parameters: {'ISTN': 60.38027168249935, 'I_gpe': 1.3862156211760381, 'I_gpi': 2.000202749600384, 'noise_stn_sigma': 2.8288772484250817, 'noise_gpe_sigma': 124.44927311560052, 'noise_gpi_sigma': 79.51362986563223, 'g_stn_gpe_mult': 2.6131372920242817, 'g_gpe_stn_mult': 0.14726352725536895, 'g_stn_gpi_mult': 2.4597833592715928, 'g_gpe_gpi_mult': 0.3695035702689366}. Best is trial 625 with value: 0.13225422991309096.
[I 2026-05-29 00:09:49,452] Trial 637 finished with value: 0.14092953720559234 and parameters: {'ISTN': 60.88568328448773, 'I_gpe': 1.3165288622476674, 'I_gpi': 2.016238107812624, 'noise_stn_sigma': 3.354551301554465, 'noise_gpe_sigma': 121.62062197347751, 'noise_gpi_sigma': 71.6046339816927, 'g_stn_gpe_mult': 2.729414893873619, 'g_gpe_stn_mult': 0.12826664131238516, 'g_stn_gpi_mult': 2.4609963141276463, 'g_gpe_gpi_mult': 0.3650881002867246}. Best is trial 625 with value: 0.13225422991309096.
[I 2026-05-29 00:09:50,460] Trial 638 finished with value: 0.6522953234537917 and parameters: {'ISTN': 62.124453449313485, 'I_gpe': 1.4176955201617778, 'I_gpi': 2.0969208808812736, 'noise_stn_sigma': 3.0338612543138113, 'noise_gpe_sigma': 116.28501549591583, 'noise_gpi_sigma': 76.76615280657856, 'g_stn_gpe_mult': 2.7406545562083573, 'g_gpe_stn_mult': 0.14954343855736596, 'g_stn_gpi_mult': 2.4970454836541536, 'g_gpe_gpi_mult': 0.3412427953851133}. Best is trial 625 with value: 0.13225422991309096.
[I 2026-05-29 00:09:51,465] Trial 639 finished with value: 0.1483799072796617 and parameters: {'ISTN': 62.17095640360803, 'I_gpe': 1.3964144047095326, 'I_gpi': 2.022198647865748, 'noise_stn_sigma': 2.8988707815749817, 'noise_gpe_sigma': 123.71047325702784, 'noise_gpi_sigma': 76.57512690187394, 'g_stn_gpe_mult': 2.6539542120900697, 'g_gpe_stn_mult': 0.12415143883481068, 'g_stn_gpi_mult': 2.4200912586470507, 'g_gpe_gpi_mult': 0.3811836207784519}. Best is trial 625 with value: 0.13225422991309096.
[I 2026-05-29 00:09:52,471] Trial 640 finished with value: 0.1453289374929545 and parameters: {'ISTN': 60.8893085904357, 'I_gpe': 1.3258007248388897, 'I_gpi': 2.1064689924560875, 'noise_stn_sigma': 2.738263130568975, 'noise_gpe_sigma': 128.75700007291977, 'noise_gpi_sigma': 70.8951691986187, 'g_stn_gpe_mult': 2.695511616979622, 'g_gpe_stn_mult': 0.15793154023678588, 'g_stn_gpi_mult': 2.4005472761568085, 'g_gpe_gpi_mult': 0.32077796296005}. Best is trial 625 with value: 0.13225422991309096.
[I 2026-05-29 00:09:53,480] Trial 641 finished with value: 0.14490498451876416 and parameters: {'ISTN': 62.50510600286247, 'I_gpe': 1.4393421106751347, 'I_gpi': 2.061905151106045, 'noise_stn_sigma': 2.945530080289563, 'noise_gpe_sigma': 119.89529013681195, 'noise_gpi_sigma': 75.7129366974841, 'g_stn_gpe_mult': 2.7527443243929026, 'g_gpe_stn_mult': 0.12527390731628524, 'g_stn_gpi_mult': 2.5072152288651885, 'g_gpe_gpi_mult': 0.37651254748692353}. Best is trial 625 with value: 0.13225422991309096.
[I 2026-05-29 00:09:54,487] Trial 642 finished with value: 0.13626286153785125 and parameters: {'ISTN': 61.55072346166219, 'I_gpe': 1.3073372205070202, 'I_gpi': 1.9586263701818039, 'noise_stn_sigma': 3.1616606548039523, 'noise_gpe_sigma': 112.94434407665632, 'noise_gpi_sigma': 72.89117086955382, 'g_stn_gpe_mult': 2.561743545396335, 'g_gpe_stn_mult': 0.15364389628409134, 'g_stn_gpi_mult': 2.5489346803293564, 'g_gpe_gpi_mult': 0.4322760264761435}. Best is trial 625 with value: 0.13225422991309096.
[I 2026-05-29 00:09:55,495] Trial 643 finished with value: 0.15787971330058 and parameters: {'ISTN': 62.07450863206028, 'I_gpe': 1.3510843374417685, 'I_gpi': 2.2426305517504, 'noise_stn_sigma': 2.8080430146637867, 'noise_gpe_sigma': 117.95480507913585, 'noise_gpi_sigma': 74.37064022363137, 'g_stn_gpe_mult': 2.622385290198178, 'g_gpe_stn_mult': 0.13288365325358545, 'g_stn_gpi_mult': 2.514540035816469, 'g_gpe_gpi_mult': 0.3512242651914817}. Best is trial 625 with value: 0.13225422991309096.
[I 2026-05-29 00:09:56,503] Trial 644 finished with value: 0.4579627296353411 and parameters: {'ISTN': 63.242245488762734, 'I_gpe': 1.4799715468393724, 'I_gpi': 2.06638205886419, 'noise_stn_sigma': 3.0328721984426976, 'noise_gpe_sigma': 122.55748327111222, 'noise_gpi_sigma': 72.27439395286426, 'g_stn_gpe_mult': 2.8027510754207423, 'g_gpe_stn_mult': 0.1471478732057803, 'g_stn_gpi_mult': 2.6884300600802997, 'g_gpe_gpi_mult': 0.36830860945631766}. Best is trial 625 with value: 0.13225422991309096.
[I 2026-05-29 00:09:57,514] Trial 645 finished with value: 0.15877880313300158 and parameters: {'ISTN': 61.71152491518235, 'I_gpe': 1.2551794376234051, 'I_gpi': 1.8805952545666877, 'noise_stn_sigma': 2.8394418423993817, 'noise_gpe_sigma': 118.43304775350656, 'noise_gpi_sigma': 75.01715811805326, 'g_stn_gpe_mult': 2.613177470869035, 'g_gpe_stn_mult': 0.11864886025717067, 'g_stn_gpi_mult': 2.4370158548300687, 'g_gpe_gpi_mult': 0.3683272478644023}. Best is trial 625 with value: 0.13225422991309096.
[I 2026-05-29 00:09:58,524] Trial 646 finished with value: 0.13829517840161043 and parameters: {'ISTN': 61.24232090669171, 'I_gpe': 1.243821432531425, 'I_gpi': 1.9292410084369678, 'noise_stn_sigma': 3.062803735444114, 'noise_gpe_sigma': 113.86086159701564, 'noise_gpi_sigma': 77.65202918897378, 'g_stn_gpe_mult': 2.8093626140732155, 'g_gpe_stn_mult': 0.13961973582776055, 'g_stn_gpi_mult': 2.475737882000472, 'g_gpe_gpi_mult': 0.3804211046878863}. Best is trial 625 with value: 0.13225422991309096.
[I 2026-05-29 00:09:59,532] Trial 647 finished with value: 0.1453461319011538 and parameters: {'ISTN': 61.707452051259665, 'I_gpe': 1.268384544040301, 'I_gpi': 2.0726523155423133, 'noise_stn_sigma': 2.5632911453740927, 'noise_gpe_sigma': 119.43000712822607, 'noise_gpi_sigma': 64.90862640540888, 'g_stn_gpe_mult': 2.5445681345249924, 'g_gpe_stn_mult': 0.13952110909328563, 'g_stn_gpi_mult': 2.488590142051639, 'g_gpe_gpi_mult': 0.38176177307254455}. Best is trial 625 with value: 0.13225422991309096.
[I 2026-05-29 00:10:00,538] Trial 648 finished with value: 0.14007134586963585 and parameters: {'ISTN': 60.35027584030956, 'I_gpe': 1.4608099514545536, 'I_gpi': 1.9760627781934863, 'noise_stn_sigma': 2.8403842008658815, 'noise_gpe_sigma': 123.52059911640252, 'noise_gpi_sigma': 75.24335686711086, 'g_stn_gpe_mult': 2.636395996540947, 'g_gpe_stn_mult': 0.16098922720434516, 'g_stn_gpi_mult': 2.6176280397104943, 'g_gpe_gpi_mult': 0.25931579813174493}. Best is trial 625 with value: 0.13225422991309096.
[I 2026-05-29 00:10:01,548] Trial 649 finished with value: 0.7259032030927397 and parameters: {'ISTN': 60.68462648863775, 'I_gpe': 1.265906234723285, 'I_gpi': 1.8818577523362325, 'noise_stn_sigma': 3.264265702218008, 'noise_gpe_sigma': 118.158342973364, 'noise_gpi_sigma': 72.0371071400483, 'g_stn_gpe_mult': 2.6786664845635753, 'g_gpe_stn_mult': 0.1550909178018722, 'g_stn_gpi_mult': 2.4547741519432176, 'g_gpe_gpi_mult': 0.37030431940544084}. Best is trial 625 with value: 0.13225422991309096.
[I 2026-05-29 00:10:02,554] Trial 650 finished with value: 0.1311030163443351 and parameters: {'ISTN': 61.39326101320747, 'I_gpe': 1.339555994900271, 'I_gpi': 1.9964508276747162, 'noise_stn_sigma': 3.0444083770970907, 'noise_gpe_sigma': 115.80607360343463, 'noise_gpi_sigma': 72.54192145601367, 'g_stn_gpe_mult': 2.737176226340517, 'g_gpe_stn_mult': 0.15203560629811746, 'g_stn_gpi_mult': 2.4280648933528775, 'g_gpe_gpi_mult': 0.41410827738907496}. Best is trial 650 with value: 0.1311030163443351.
[I 2026-05-29 00:10:03,565] Trial 651 finished with value: 1.0880333185846338 and parameters: {'ISTN': 62.74992811828952, 'I_gpe': 1.2867663326813763, 'I_gpi': 1.8378884162753464, 'noise_stn_sigma': 3.376007329376988, 'noise_gpe_sigma': 115.83293634474612, 'noise_gpi_sigma': 72.40606308976848, 'g_stn_gpe_mult': 2.7076252723426473, 'g_gpe_stn_mult': 0.1527540819291897, 'g_stn_gpi_mult': 2.663589570191981, 'g_gpe_gpi_mult': 0.35850521867852336}. Best is trial 650 with value: 0.1311030163443351.
[I 2026-05-29 00:10:04,576] Trial 652 finished with value: 0.24935892874506835 and parameters: {'ISTN': 60.73982445178732, 'I_gpe': 1.4311212392090855, 'I_gpi': 1.9266807399511985, 'noise_stn_sigma': 3.0373163156238987, 'noise_gpe_sigma': 116.43342908364835, 'noise_gpi_sigma': 74.41144333033424, 'g_stn_gpe_mult': 2.5832247376751187, 'g_gpe_stn_mult': 0.14525996705011426, 'g_stn_gpi_mult': 2.515722993522704, 'g_gpe_gpi_mult': 0.36117256967588196}. Best is trial 650 with value: 0.1311030163443351.
[I 2026-05-29 00:10:05,586] Trial 653 finished with value: 0.2494477002999978 and parameters: {'ISTN': 62.815896556356314, 'I_gpe': 1.1530771512413724, 'I_gpi': 1.9974526549313092, 'noise_stn_sigma': 3.4263476693505477, 'noise_gpe_sigma': 108.23046061883822, 'noise_gpi_sigma': 73.67565215803333, 'g_stn_gpe_mult': 2.5710435036649013, 'g_gpe_stn_mult': 0.10805669030200123, 'g_stn_gpi_mult': 2.422639010727944, 'g_gpe_gpi_mult': 0.47432899392131794}. Best is trial 650 with value: 0.1311030163443351.
[I 2026-05-29 00:10:06,595] Trial 654 finished with value: 0.13576083048364268 and parameters: {'ISTN': 60.5175025547493, 'I_gpe': 1.407568539438471, 'I_gpi': 1.898760863535243, 'noise_stn_sigma': 3.0241724712103353, 'noise_gpe_sigma': 113.34997451960038, 'noise_gpi_sigma': 76.17667513201017, 'g_stn_gpe_mult': 2.739028917313709, 'g_gpe_stn_mult': 0.15277530283464227, 'g_stn_gpi_mult': 2.525677156181903, 'g_gpe_gpi_mult': 0.4479291894557541}. Best is trial 650 with value: 0.1311030163443351.
[I 2026-05-29 00:10:07,606] Trial 655 finished with value: 0.14721792130311237 and parameters: {'ISTN': 61.436724241303736, 'I_gpe': 1.3438828467293595, 'I_gpi': 1.846266989738412, 'noise_stn_sigma': 3.312687030590509, 'noise_gpe_sigma': 116.61888763741851, 'noise_gpi_sigma': 80.20009032042378, 'g_stn_gpe_mult': 2.832679185894526, 'g_gpe_stn_mult': 0.1089116341140442, 'g_stn_gpi_mult': 2.54185674262806, 'g_gpe_gpi_mult': 0.40602332463927227}. Best is trial 650 with value: 0.1311030163443351.
[I 2026-05-29 00:10:08,614] Trial 656 finished with value: 0.1462852670430839 and parameters: {'ISTN': 61.96145264073371, 'I_gpe': 1.3875358875851533, 'I_gpi': 1.9638099534481546, 'noise_stn_sigma': 2.8374731877600867, 'noise_gpe_sigma': 124.11389388053969, 'noise_gpi_sigma': 75.2714359387173, 'g_stn_gpe_mult': 2.6240163407839754, 'g_gpe_stn_mult': 0.14888563805499394, 'g_stn_gpi_mult': 2.574870523553911, 'g_gpe_gpi_mult': 0.33222988492963756}. Best is trial 650 with value: 0.1311030163443351.
[I 2026-05-29 00:10:09,623] Trial 657 finished with value: 0.13722616421357178 and parameters: {'ISTN': 61.03973492148192, 'I_gpe': 1.2996713874872774, 'I_gpi': 1.9561751018973204, 'noise_stn_sigma': 3.098543521663074, 'noise_gpe_sigma': 110.66833041911593, 'noise_gpi_sigma': 73.46472210315244, 'g_stn_gpe_mult': 2.5617123493035305, 'g_gpe_stn_mult': 0.16351336246404968, 'g_stn_gpi_mult': 2.4112282634522124, 'g_gpe_gpi_mult': 0.4384704015662615}. Best is trial 650 with value: 0.1311030163443351.
[I 2026-05-29 00:10:10,632] Trial 658 finished with value: 0.1579639302473677 and parameters: {'ISTN': 60.8832682377115, 'I_gpe': 1.4182199442653323, 'I_gpi': 1.80900944849667, 'noise_stn_sigma': 2.747093932174363, 'noise_gpe_sigma': 116.23478157708645, 'noise_gpi_sigma': 73.1674379717731, 'g_stn_gpe_mult': 2.693968351733334, 'g_gpe_stn_mult': 0.1289024969371234, 'g_stn_gpi_mult': 2.6147118507558242, 'g_gpe_gpi_mult': 0.3329705694539725}. Best is trial 650 with value: 0.1311030163443351.
[I 2026-05-29 00:10:11,642] Trial 659 finished with value: 0.12461601951942765 and parameters: {'ISTN': 61.155081046922476, 'I_gpe': 1.3277286794151992, 'I_gpi': 1.9958205834796603, 'noise_stn_sigma': 3.1898313874862243, 'noise_gpe_sigma': 109.56180619242664, 'noise_gpi_sigma': 73.95286358499891, 'g_stn_gpe_mult': 2.8245700404806646, 'g_gpe_stn_mult': 0.14944924838634221, 'g_stn_gpi_mult': 2.484571474780731, 'g_gpe_gpi_mult': 0.40632110203949257}. Best is trial 659 with value: 0.12461601951942765.
