[I 2026-05-28 23:56:11,219] Trial 836 finished with value: 0.6624240176479265 and parameters: {'ISTN': 60.467448728095505, 'I_gpe': 1.3777157443466095, 'I_gpi': 2.134868724186084, 'noise_stn_sigma': 3.3077874345234477, 'noise_gpe_sigma': 96.46952582879054, 'noise_gpi_sigma': 91.00299982486767, 'g_stn_gpe_mult': 2.8386089700870194, 'g_gpe_stn_mult': 0.17261602390568825, 'g_stn_gpi_mult': 2.1731297574819775, 'g_gpe_gpi_mult': 1.1817940841038965}. Best is trial 796 with value: 0.12426752802654112.
[I 2026-05-28 23:56:12,223] Trial 837 finished with value: 0.14454847225976747 and parameters: {'ISTN': 60.94180890875894, 'I_gpe': 1.3411542854594545, 'I_gpi': 2.039640488903931, 'noise_stn_sigma': 3.145000904051155, 'noise_gpe_sigma': 94.07423407666775, 'noise_gpi_sigma': 91.1515106476347, 'g_stn_gpe_mult': 2.834325711931805, 'g_gpe_stn_mult': 0.1363124578799499, 'g_stn_gpi_mult': 1.9588985231885123, 'g_gpe_gpi_mult': 1.1584783542746946}. Best is trial 796 with value: 0.12426752802654112.
[I 2026-05-28 23:56:13,231] Trial 838 finished with value: 0.13805233830743852 and parameters: {'ISTN': 60.79238952804567, 'I_gpe': 1.271549262532102, 'I_gpi': 2.055215126834731, 'noise_stn_sigma': 3.2309008356554036, 'noise_gpe_sigma': 95.50509068472333, 'noise_gpi_sigma': 91.23053561764797, 'g_stn_gpe_mult': 2.808757759242355, 'g_gpe_stn_mult': 0.15178749523815324, 'g_stn_gpi_mult': 1.9588898420842897, 'g_gpe_gpi_mult': 1.1872030907132398}. Best is trial 796 with value: 0.12426752802654112.
[I 2026-05-28 23:56:14,238] Trial 839 finished with value: 0.13338719424153167 and parameters: {'ISTN': 60.239405050102356, 'I_gpe': 1.3939843566155932, 'I_gpi': 2.059784733201413, 'noise_stn_sigma': 3.009231875211217, 'noise_gpe_sigma': 97.99780615088213, 'noise_gpi_sigma': 92.24429792672473, 'g_stn_gpe_mult': 2.8046044977253137, 'g_gpe_stn_mult': 0.168559712164494, 'g_stn_gpi_mult': 2.0731877076763885, 'g_gpe_gpi_mult': 1.1663404186080286}. Best is trial 796 with value: 0.12426752802654112.
[I 2026-05-28 23:56:15,247] Trial 840 finished with value: 0.20854364157914365 and parameters: {'ISTN': 61.04591039698353, 'I_gpe': 1.3254681332811231, 'I_gpi': 1.9798729445972105, 'noise_stn_sigma': 3.148830981809741, 'noise_gpe_sigma': 93.48874045094087, 'noise_gpi_sigma': 85.52424210407398, 'g_stn_gpe_mult': 2.7559060271343947, 'g_gpe_stn_mult': 0.15965249034467066, 'g_stn_gpi_mult': 2.0661967392595932, 'g_gpe_gpi_mult': 1.1636286069463382}. Best is trial 796 with value: 0.12426752802654112.
[I 2026-05-28 23:56:16,254] Trial 841 finished with value: 0.13010934594804116 and parameters: {'ISTN': 60.70155074778456, 'I_gpe': 1.3488288402215869, 'I_gpi': 2.107587670413917, 'noise_stn_sigma': 2.8516224564042014, 'noise_gpe_sigma': 95.69381456707137, 'noise_gpi_sigma': 95.49044954522687, 'g_stn_gpe_mult': 2.769923829793835, 'g_gpe_stn_mult': 0.16316395010643112, 'g_stn_gpi_mult': 2.0468918669280978, 'g_gpe_gpi_mult': 1.1713193610104151}. Best is trial 796 with value: 0.12426752802654112.
[I 2026-05-28 23:56:17,261] Trial 842 finished with value: 0.1353067501072224 and parameters: {'ISTN': 60.76693310787324, 'I_gpe': 1.3969582091647106, 'I_gpi': 2.1147187243230583, 'noise_stn_sigma': 3.0594989042231338, 'noise_gpe_sigma': 94.24849688512721, 'noise_gpi_sigma': 88.2539271798743, 'g_stn_gpe_mult': 2.8025045438245746, 'g_gpe_stn_mult': 0.17097222579243176, 'g_stn_gpi_mult': 2.000953607527549, 'g_gpe_gpi_mult': 1.1573987853622922}. Best is trial 796 with value: 0.12426752802654112.
[I 2026-05-28 23:56:18,265] Trial 843 finished with value: 0.12886404922303285 and parameters: {'ISTN': 60.83949893121335, 'I_gpe': 1.377109302651997, 'I_gpi': 2.1172975845743736, 'noise_stn_sigma': 2.8342676280055246, 'noise_gpe_sigma': 97.01944204170924, 'noise_gpi_sigma': 90.27234254320778, 'g_stn_gpe_mult': 2.747681678723458, 'g_gpe_stn_mult': 0.1620054017786687, 'g_stn_gpi_mult': 2.025404131370354, 'g_gpe_gpi_mult': 1.155080920116117}. Best is trial 796 with value: 0.12426752802654112.
[I 2026-05-28 23:56:19,273] Trial 844 finished with value: 0.129125992802895 and parameters: {'ISTN': 61.086497419748234, 'I_gpe': 1.2938468100058103, 'I_gpi': 2.200917610960789, 'noise_stn_sigma': 3.034535433738968, 'noise_gpe_sigma': 96.69199185983021, 'noise_gpi_sigma': 94.22414152975473, 'g_stn_gpe_mult': 2.7803839383508056, 'g_gpe_stn_mult': 0.1524655320730843, 'g_stn_gpi_mult': 1.9007467659038357, 'g_gpe_gpi_mult': 1.1447076574701582}. Best is trial 796 with value: 0.12426752802654112.
[I 2026-05-28 23:56:20,279] Trial 845 finished with value: 0.13214887262238498 and parameters: {'ISTN': 60.23033620367587, 'I_gpe': 1.3277246910659475, 'I_gpi': 2.2238233582845632, 'noise_stn_sigma': 2.999305407189426, 'noise_gpe_sigma': 93.66018567697759, 'noise_gpi_sigma': 91.19001034641963, 'g_stn_gpe_mult': 2.603203735864097, 'g_gpe_stn_mult': 0.15666274721454893, 'g_stn_gpi_mult': 2.0274481480529714, 'g_gpe_gpi_mult': 1.1816439901231317}. Best is trial 796 with value: 0.12426752802654112.
[I 2026-05-28 23:56:21,288] Trial 846 finished with value: 0.13379723930453924 and parameters: {'ISTN': 60.60272792702843, 'I_gpe': 1.324602385652862, 'I_gpi': 2.0805990907866256, 'noise_stn_sigma': 3.169471620126713, 'noise_gpe_sigma': 94.92578956475465, 'noise_gpi_sigma': 93.54186712813876, 'g_stn_gpe_mult': 2.693564120734009, 'g_gpe_stn_mult': 0.15612535713109627, 'g_stn_gpi_mult': 2.035501982421432, 'g_gpe_gpi_mult': 1.1593777213837129}. Best is trial 796 with value: 0.12426752802654112.
[I 2026-05-28 23:56:22,294] Trial 847 finished with value: 0.1255374818393401 and parameters: {'ISTN': 60.61309151153702, 'I_gpe': 1.348491679457827, 'I_gpi': 2.080715426923792, 'noise_stn_sigma': 3.076168103539622, 'noise_gpe_sigma': 97.10191162423858, 'noise_gpi_sigma': 85.10867849610442, 'g_stn_gpe_mult': 2.7816607228947907, 'g_gpe_stn_mult': 0.15578287087254858, 'g_stn_gpi_mult': 2.031132325257605, 'g_gpe_gpi_mult': 1.1410978652338566}. Best is trial 796 with value: 0.12426752802654112.
[I 2026-05-28 23:56:23,300] Trial 848 finished with value: 0.1391056217286527 and parameters: {'ISTN': 60.808858665828744, 'I_gpe': 1.3917972238884317, 'I_gpi': 2.0803281009625803, 'noise_stn_sigma': 3.1308212027593685, 'noise_gpe_sigma': 93.35096800495243, 'noise_gpi_sigma': 92.61660019472237, 'g_stn_gpe_mult': 2.830516065084851, 'g_gpe_stn_mult': 0.1461806553444117, 'g_stn_gpi_mult': 1.9418785567875132, 'g_gpe_gpi_mult': 1.1726325564068276}. Best is trial 796 with value: 0.12426752802654112.
[I 2026-05-28 23:56:24,308] Trial 849 finished with value: 0.13656272058699204 and parameters: {'ISTN': 61.694864924509396, 'I_gpe': 1.381570662360701, 'I_gpi': 2.122316710617273, 'noise_stn_sigma': 3.2610207946125507, 'noise_gpe_sigma': 95.2545509509333, 'noise_gpi_sigma': 93.92739345823138, 'g_stn_gpe_mult': 2.6557172090615477, 'g_gpe_stn_mult': 0.14448281077630273, 'g_stn_gpi_mult': 2.121190834589995, 'g_gpe_gpi_mult': 1.1413735217092615}. Best is trial 796 with value: 0.12426752802654112.
[I 2026-05-28 23:56:25,314] Trial 850 finished with value: 0.1349216189107641 and parameters: {'ISTN': 60.819105599381714, 'I_gpe': 1.2271232051058778, 'I_gpi': 2.2040851998161357, 'noise_stn_sigma': 3.1411323487745944, 'noise_gpe_sigma': 93.21196189523911, 'noise_gpi_sigma': 95.08164501070198, 'g_stn_gpe_mult': 2.6962626844360944, 'g_gpe_stn_mult': 0.1565227966879759, 'g_stn_gpi_mult': 1.8588089471365543, 'g_gpe_gpi_mult': 1.1737254726050552}. Best is trial 796 with value: 0.12426752802654112.
[I 2026-05-28 23:56:26,322] Trial 851 finished with value: 0.17344524713543316 and parameters: {'ISTN': 62.07465280269644, 'I_gpe': 1.3574351879104738, 'I_gpi': 2.1269548828225853, 'noise_stn_sigma': 3.1875162067969134, 'noise_gpe_sigma': 89.80183122272157, 'noise_gpi_sigma': 91.13729780963922, 'g_stn_gpe_mult': 2.6231789391282065, 'g_gpe_stn_mult': 0.1279262087994737, 'g_stn_gpi_mult': 1.9870838006365852, 'g_gpe_gpi_mult': 1.1131890113475975}. Best is trial 796 with value: 0.12426752802654112.
[I 2026-05-28 23:56:27,331] Trial 852 finished with value: 0.11948221723841748 and parameters: {'ISTN': 60.403845016430225, 'I_gpe': 1.329952587460274, 'I_gpi': 2.10986270213297, 'noise_stn_sigma': 2.6389485182179038, 'noise_gpe_sigma': 100.67092033657794, 'noise_gpi_sigma': 92.69226989126273, 'g_stn_gpe_mult': 2.760603861413819, 'g_gpe_stn_mult': 0.16546488856011254, 'g_stn_gpi_mult': 2.0302381880446667, 'g_gpe_gpi_mult': 1.156804216836654}. Best is trial 852 with value: 0.11948221723841748.
[I 2026-05-28 23:56:28,338] Trial 853 finished with value: 0.13376952701012718 and parameters: {'ISTN': 60.97702714177942, 'I_gpe': 1.3649255659178368, 'I_gpi': 2.129520315245835, 'noise_stn_sigma': 3.193618957973725, 'noise_gpe_sigma': 94.24730690142493, 'noise_gpi_sigma': 92.88783433463422, 'g_stn_gpe_mult': 2.6963897148742935, 'g_gpe_stn_mult': 0.15167082634687595, 'g_stn_gpi_mult': 2.0187617045722597, 'g_gpe_gpi_mult': 1.108481098202813}. Best is trial 852 with value: 0.11948221723841748.
[I 2026-05-28 23:56:29,347] Trial 854 finished with value: 0.13063320731024394 and parameters: {'ISTN': 61.278457079148815, 'I_gpe': 1.331540965043924, 'I_gpi': 2.1227485305473186, 'noise_stn_sigma': 3.1580298278615313, 'noise_gpe_sigma': 97.47032589849898, 'noise_gpi_sigma': 88.28349228325416, 'g_stn_gpe_mult': 2.7991389416497388, 'g_gpe_stn_mult': 0.14757209013309303, 'g_stn_gpi_mult': 2.018187258196503, 'g_gpe_gpi_mult': 1.1215537477912674}. Best is trial 852 with value: 0.11948221723841748.
[I 2026-05-28 23:56:30,355] Trial 855 finished with value: 0.13105363523533992 and parameters: {'ISTN': 60.40704553661582, 'I_gpe': 1.3958273672599244, 'I_gpi': 2.124410348832293, 'noise_stn_sigma': 3.0326647238048916, 'noise_gpe_sigma': 99.53773135535998, 'noise_gpi_sigma': 87.11640499659794, 'g_stn_gpe_mult': 2.815599754673091, 'g_gpe_stn_mult': 0.1544084505858817, 'g_stn_gpi_mult': 2.0275181575138213, 'g_gpe_gpi_mult': 1.152994040618721}. Best is trial 852 with value: 0.11948221723841748.
[I 2026-05-28 23:56:31,362] Trial 856 finished with value: 0.13406348727608153 and parameters: {'ISTN': 61.17096087738073, 'I_gpe': 1.3398785415573589, 'I_gpi': 2.0860937957673533, 'noise_stn_sigma': 2.691182395332419, 'noise_gpe_sigma': 93.29947182672255, 'noise_gpi_sigma': 88.69192094533824, 'g_stn_gpe_mult': 2.776644636810948, 'g_gpe_stn_mult': 0.17291685894977593, 'g_stn_gpi_mult': 1.956497877384855, 'g_gpe_gpi_mult': 1.1476639368843324}. Best is trial 852 with value: 0.11948221723841748.
[I 2026-05-28 23:56:32,369] Trial 857 finished with value: 0.12946280237867508 and parameters: {'ISTN': 60.44486539627536, 'I_gpe': 1.360402164572907, 'I_gpi': 2.170203967849573, 'noise_stn_sigma': 3.1379835798715376, 'noise_gpe_sigma': 92.8929921605491, 'noise_gpi_sigma': 88.39019551976074, 'g_stn_gpe_mult': 2.80655847099108, 'g_gpe_stn_mult': 0.15408284304487707, 'g_stn_gpi_mult': 2.0441377916697516, 'g_gpe_gpi_mult': 1.1446911902515535}. Best is trial 852 with value: 0.11948221723841748.
[I 2026-05-28 23:56:33,375] Trial 858 finished with value: 0.12942873061106544 and parameters: {'ISTN': 61.098490798638196, 'I_gpe': 1.3337330507248972, 'I_gpi': 2.1140202109025132, 'noise_stn_sigma': 3.127170410801313, 'noise_gpe_sigma': 93.40094495967541, 'noise_gpi_sigma': 90.3972239153491, 'g_stn_gpe_mult': 2.776162432987794, 'g_gpe_stn_mult': 0.15083047421944834, 'g_stn_gpi_mult': 1.9808540225829672, 'g_gpe_gpi_mult': 1.1190932259092186}. Best is trial 852 with value: 0.11948221723841748.
[I 2026-05-28 23:56:34,383] Trial 859 finished with value: 0.1319413244634101 and parameters: {'ISTN': 60.56798792860407, 'I_gpe': 1.4074091151358399, 'I_gpi': 2.126626652628825, 'noise_stn_sigma': 3.093807922603976, 'noise_gpe_sigma': 95.44649697388618, 'noise_gpi_sigma': 88.28115073032517, 'g_stn_gpe_mult': 2.7393497121339845, 'g_gpe_stn_mult': 0.14944338081119382, 'g_stn_gpi_mult': 2.0119397583498353, 'g_gpe_gpi_mult': 1.1214015690142065}. Best is trial 852 with value: 0.11948221723841748.
[I 2026-05-28 23:56:35,392] Trial 860 finished with value: 0.13504854785344705 and parameters: {'ISTN': 61.006934641582276, 'I_gpe': 1.2897328552494838, 'I_gpi': 2.102575554539503, 'noise_stn_sigma': 3.102574470881192, 'noise_gpe_sigma': 95.39350497485795, 'noise_gpi_sigma': 89.4363599154132, 'g_stn_gpe_mult': 2.681642619832634, 'g_gpe_stn_mult': 0.14543737641784948, 'g_stn_gpi_mult': 2.008707166216142, 'g_gpe_gpi_mult': 1.1502417400072393}. Best is trial 852 with value: 0.11948221723841748.
[I 2026-05-28 23:56:36,400] Trial 861 finished with value: 0.1292104718759509 and parameters: {'ISTN': 60.81965593789982, 'I_gpe': 1.2871873055276726, 'I_gpi': 2.1060958879806675, 'noise_stn_sigma': 2.9953352559502737, 'noise_gpe_sigma': 97.20774417506595, 'noise_gpi_sigma': 91.9656213320029, 'g_stn_gpe_mult': 2.784071220190736, 'g_gpe_stn_mult': 0.1590361069114626, 'g_stn_gpi_mult': 1.991211256934697, 'g_gpe_gpi_mult': 1.1491611735271814}. Best is trial 852 with value: 0.11948221723841748.
[I 2026-05-28 23:56:37,408] Trial 862 finished with value: 0.1351121771093937 and parameters: {'ISTN': 60.49668347162305, 'I_gpe': 1.3773416432386183, 'I_gpi': 2.08279804374908, 'noise_stn_sigma': 2.8024042054866714, 'noise_gpe_sigma': 103.47019316069012, 'noise_gpi_sigma': 94.5040574515443, 'g_stn_gpe_mult': 2.7813357238346805, 'g_gpe_stn_mult': 0.15666504983158935, 'g_stn_gpi_mult': 2.017700029405224, 'g_gpe_gpi_mult': 1.142391140917018}. Best is trial 852 with value: 0.11948221723841748.
[I 2026-05-28 23:56:38,417] Trial 863 finished with value: 0.8636325177364021 and parameters: {'ISTN': 61.98087553310318, 'I_gpe': 1.3205067553130023, 'I_gpi': 2.0757227551423574, 'noise_stn_sigma': 2.9546453065460336, 'noise_gpe_sigma': 94.72433763182144, 'noise_gpi_sigma': 88.61534628334142, 'g_stn_gpe_mult': 2.7581285319376976, 'g_gpe_stn_mult': 0.14458435997195704, 'g_stn_gpi_mult': 1.979113510701232, 'g_gpe_gpi_mult': 1.158042867103034}. Best is trial 852 with value: 0.11948221723841748.
[I 2026-05-28 23:56:39,421] Trial 864 finished with value: 0.1322797402262174 and parameters: {'ISTN': 60.35450531215512, 'I_gpe': 1.3241571143398885, 'I_gpi': 2.130220281521447, 'noise_stn_sigma': 2.8766826474725278, 'noise_gpe_sigma': 95.02665042892998, 'noise_gpi_sigma': 96.45735747775129, 'g_stn_gpe_mult': 2.673020602573512, 'g_gpe_stn_mult': 0.15669855924128093, 'g_stn_gpi_mult': 1.9942963622794894, 'g_gpe_gpi_mult': 1.1163822245072652}. Best is trial 852 with value: 0.11948221723841748.
[I 2026-05-28 23:56:40,426] Trial 865 finished with value: 0.1259342923765954 and parameters: {'ISTN': 60.075259785097685, 'I_gpe': 1.3533212752119264, 'I_gpi': 2.1446364181908453, 'noise_stn_sigma': 2.7405895419310706, 'noise_gpe_sigma': 97.11152531843909, 'noise_gpi_sigma': 91.03347647170983, 'g_stn_gpe_mult': 2.6648373683841213, 'g_gpe_stn_mult': 0.16304999614909782, 'g_stn_gpi_mult': 2.011986126350308, 'g_gpe_gpi_mult': 1.110221101469137}. Best is trial 852 with value: 0.11948221723841748.
[I 2026-05-28 23:56:41,435] Trial 866 finished with value: 0.13266761386892184 and parameters: {'ISTN': 60.80811685253441, 'I_gpe': 1.3354975405729999, 'I_gpi': 2.1534768660690977, 'noise_stn_sigma': 2.918385303857092, 'noise_gpe_sigma': 98.82062222396877, 'noise_gpi_sigma': 91.5638334015813, 'g_stn_gpe_mult': 2.7787362563498035, 'g_gpe_stn_mult': 0.1645816888741575, 'g_stn_gpi_mult': 2.0477427797568857, 'g_gpe_gpi_mult': 1.1474538620386188}. Best is trial 852 with value: 0.11948221723841748.
[I 2026-05-28 23:56:42,441] Trial 867 finished with value: 0.13378458219536724 and parameters: {'ISTN': 61.211623077677686, 'I_gpe': 1.2476669263158273, 'I_gpi': 2.0897907768573565, 'noise_stn_sigma': 2.847572803474687, 'noise_gpe_sigma': 95.77498930792189, 'noise_gpi_sigma': 90.80299446791176, 'g_stn_gpe_mult': 2.760756315955549, 'g_gpe_stn_mult': 0.14909831857227948, 'g_stn_gpi_mult': 1.9508859999204482, 'g_gpe_gpi_mult': 1.1155700245347993}. Best is trial 852 with value: 0.11948221723841748.
[I 2026-05-28 23:56:43,451] Trial 868 finished with value: 0.23961829790039887 and parameters: {'ISTN': 60.60396264457553, 'I_gpe': 1.39001726697422, 'I_gpi': 2.1927323340215783, 'noise_stn_sigma': 2.8911536319504583, 'noise_gpe_sigma': 95.68266131435567, 'noise_gpi_sigma': 95.80237280923514, 'g_stn_gpe_mult': 2.7700371757918276, 'g_gpe_stn_mult': 0.16705353440906773, 'g_stn_gpi_mult': 1.9840800540748889, 'g_gpe_gpi_mult': 1.1138412895770986}. Best is trial 852 with value: 0.11948221723841748.
[I 2026-05-28 23:56:44,458] Trial 869 finished with value: 0.12535681067317428 and parameters: {'ISTN': 60.504040431984535, 'I_gpe': 1.354960220995974, 'I_gpi': 2.1119229513998508, 'noise_stn_sigma': 2.874537885155061, 'noise_gpe_sigma': 97.20178880689517, 'noise_gpi_sigma': 93.65252674136453, 'g_stn_gpe_mult': 2.7721629412443303, 'g_gpe_stn_mult': 0.16088956402563975, 'g_stn_gpi_mult': 2.0703097749881323, 'g_gpe_gpi_mult': 1.1874392730413312}. Best is trial 852 with value: 0.11948221723841748.
[I 2026-05-28 23:56:45,465] Trial 870 finished with value: 0.12916918324604737 and parameters: {'ISTN': 60.87205874091941, 'I_gpe': 1.3576781717565078, 'I_gpi': 2.1155494284926757, 'noise_stn_sigma': 2.873200127776463, 'noise_gpe_sigma': 97.54648150268736, 'noise_gpi_sigma': 92.40614666214915, 'g_stn_gpe_mult': 2.7546339462294966, 'g_gpe_stn_mult': 0.15705388876776977, 'g_stn_gpi_mult': 1.8864179636523453, 'g_gpe_gpi_mult': 1.1502115598732625}. Best is trial 852 with value: 0.11948221723841748.
[I 2026-05-28 23:56:46,473] Trial 871 finished with value: 0.13352309125693626 and parameters: {'ISTN': 60.91085299806169, 'I_gpe': 1.314683583185936, 'I_gpi': 2.1465041449975555, 'noise_stn_sigma': 2.658093257322924, 'noise_gpe_sigma': 97.88687253328033, 'noise_gpi_sigma': 92.47324654507904, 'g_stn_gpe_mult': 2.773801792737227, 'g_gpe_stn_mult': 0.17408090247244623, 'g_stn_gpi_mult': 2.0336894154493947, 'g_gpe_gpi_mult': 1.1490994508010866}. Best is trial 852 with value: 0.11948221723841748.
[I 2026-05-28 23:56:47,480] Trial 872 finished with value: 0.129121575872549 and parameters: {'ISTN': 60.51828193727766, 'I_gpe': 1.326301961190796, 'I_gpi': 2.136516436118416, 'noise_stn_sigma': 2.87038549155616, 'noise_gpe_sigma': 95.01770598124996, 'noise_gpi_sigma': 93.3209280149038, 'g_stn_gpe_mult': 2.7891045405768637, 'g_gpe_stn_mult': 0.16371988453134742, 'g_stn_gpi_mult': 1.9515375442964273, 'g_gpe_gpi_mult': 1.1523149225066311}. Best is trial 852 with value: 0.11948221723841748.
[I 2026-05-28 23:56:48,488] Trial 873 finished with value: 0.13412297605483547 and parameters: {'ISTN': 60.81912999488619, 'I_gpe': 1.390281194334364, 'I_gpi': 2.1250294543390984, 'noise_stn_sigma': 3.133662449539325, 'noise_gpe_sigma': 97.68017753462306, 'noise_gpi_sigma': 91.19016844421184, 'g_stn_gpe_mult': 2.750655390961711, 'g_gpe_stn_mult': 0.1489698539093355, 'g_stn_gpi_mult': 2.100656499356794, 'g_gpe_gpi_mult': 1.1671648337002973}. Best is trial 852 with value: 0.11948221723841748.
[I 2026-05-28 23:56:49,497] Trial 874 finished with value: 0.12581799901489063 and parameters: {'ISTN': 60.2317877213134, 'I_gpe': 1.2277975614762147, 'I_gpi': 2.1033112515509638, 'noise_stn_sigma': 2.7842096789451043, 'noise_gpe_sigma': 98.0165524895835, 'noise_gpi_sigma': 91.48482224843852, 'g_stn_gpe_mult': 2.7161190856013757, 'g_gpe_stn_mult': 0.16582624704288063, 'g_stn_gpi_mult': 2.0514292734596546, 'g_gpe_gpi_mult': 1.157508854974018}. Best is trial 852 with value: 0.11948221723841748.
[I 2026-05-28 23:56:50,504] Trial 875 finished with value: 0.15027008191619606 and parameters: {'ISTN': 60.29105296262993, 'I_gpe': 1.4178594027002303, 'I_gpi': 2.1049336202930324, 'noise_stn_sigma': 2.7565438080483933, 'noise_gpe_sigma': 99.8316610092922, 'noise_gpi_sigma': 94.21749254178692, 'g_stn_gpe_mult': 2.7541002464588473, 'g_gpe_stn_mult': 0.15237376208016132, 'g_stn_gpi_mult': 2.080164279231474, 'g_gpe_gpi_mult': 1.1675862430726254}. Best is trial 852 with value: 0.11948221723841748.
[I 2026-05-28 23:56:51,510] Trial 876 finished with value: 0.1316729224082978 and parameters: {'ISTN': 60.15718876094537, 'I_gpe': 1.3624859083782723, 'I_gpi': 2.1110504438109565, 'noise_stn_sigma': 2.951510019350162, 'noise_gpe_sigma': 94.37333437480645, 'noise_gpi_sigma': 92.30711915748724, 'g_stn_gpe_mult': 2.757782099354931, 'g_gpe_stn_mult': 0.1610361785136117, 'g_stn_gpi_mult': 2.07350320580694, 'g_gpe_gpi_mult': 1.1744947634020015}. Best is trial 852 with value: 0.11948221723841748.
[I 2026-05-28 23:56:52,456] Trial 877 finished with value: 1000000.0 and parameters: {'ISTN': 61.084879652848585, 'I_gpe': 1.3243035220285284, 'I_gpi': 2.1518356065914066, 'noise_stn_sigma': 2.9961592065950553, 'noise_gpe_sigma': 96.02498567873862, 'noise_gpi_sigma': 90.46296975995243, 'g_stn_gpe_mult': 2.736198120242598, 'g_gpe_stn_mult': 0.15672908385641462, 'g_stn_gpi_mult': 1.9881930086992858, 'g_gpe_gpi_mult': 1.1081386461803253}. Best is trial 852 with value: 0.11948221723841748.
[I 2026-05-28 23:56:53,461] Trial 878 finished with value: 0.13074859756309298 and parameters: {'ISTN': 60.7314829667482, 'I_gpe': 1.3728105396530148, 'I_gpi': 2.121261351352717, 'noise_stn_sigma': 2.6922737721575194, 'noise_gpe_sigma': 99.72154219237314, 'noise_gpi_sigma': 93.82307736787816, 'g_stn_gpe_mult': 2.7103646925845455, 'g_gpe_stn_mult': 0.15831470834532013, 'g_stn_gpi_mult': 2.0131046943844852, 'g_gpe_gpi_mult': 1.1609469944787674}. Best is trial 852 with value: 0.11948221723841748.
[I 2026-05-28 23:56:54,469] Trial 879 finished with value: 0.12893502480241367 and parameters: {'ISTN': 60.99096165392074, 'I_gpe': 1.3095172848875751, 'I_gpi': 2.0893896918707306, 'noise_stn_sigma': 2.8745754257140637, 'noise_gpe_sigma': 98.54992337328721, 'noise_gpi_sigma': 86.38032426910078, 'g_stn_gpe_mult': 2.790836293652876, 'g_gpe_stn_mult': 0.15757743017723547, 'g_stn_gpi_mult': 2.0087401188793743, 'g_gpe_gpi_mult': 1.1394374610644782}. Best is trial 852 with value: 0.11948221723841748.
