[I 2026-05-28 23:20:47,615] Trial 748 finished with value: 7.145779737598916 and parameters: {'ISTN': 64.27892553005694, 'I_gpe': 2.0908317521904403, 'I_gpi': 2.05382082845658, 'noise_stn_sigma': 6.910853599597757, 'noise_gpe_sigma': 130.62406375348436, 'noise_gpi_sigma': 91.38598140492289, 'g_stn_gpe_mult': 3.4980568932201392, 'g_gpe_stn_mult': 0.7269733009368099, 'g_stn_gpi_mult': 3.2813829441447, 'g_gpe_gpi_mult': 0.9296842899154534}. Best is trial 659 with value: 1.772618881235328.
[I 2026-05-28 23:20:48,623] Trial 749 finished with value: 7.128150855025218 and parameters: {'ISTN': 61.02610833443634, 'I_gpe': 2.068370952881402, 'I_gpi': 1.965787140506979, 'noise_stn_sigma': 7.39406579126362, 'noise_gpe_sigma': 127.26221117495106, 'noise_gpi_sigma': 95.91966673945608, 'g_stn_gpe_mult': 3.60542081968569, 'g_gpe_stn_mult': 0.711748637874955, 'g_stn_gpi_mult': 3.2509172493986425, 'g_gpe_gpi_mult': 0.9361676077388248}. Best is trial 659 with value: 1.772618881235328.
[I 2026-05-28 23:20:49,571] Trial 750 finished with value: 1000000.0 and parameters: {'ISTN': 61.71107888212706, 'I_gpe': 2.076216061856642, 'I_gpi': 2.0052817987555667, 'noise_stn_sigma': 7.174320471923511, 'noise_gpe_sigma': 133.39100194523667, 'noise_gpi_sigma': 89.0316200491351, 'g_stn_gpe_mult': 3.5622646241548095, 'g_gpe_stn_mult': 0.7131932645664264, 'g_stn_gpi_mult': 3.1359565818338675, 'g_gpe_gpi_mult': 0.8977180122970543}. Best is trial 659 with value: 1.772618881235328.
[I 2026-05-28 23:20:50,580] Trial 751 finished with value: 6.926730885220442 and parameters: {'ISTN': 62.369800348437494, 'I_gpe': 2.0725682646278414, 'I_gpi': 1.980015170099151, 'noise_stn_sigma': 7.370530842896309, 'noise_gpe_sigma': 127.3035778180424, 'noise_gpi_sigma': 95.85175885638178, 'g_stn_gpe_mult': 3.3929653521853425, 'g_gpe_stn_mult': 0.7211649577482881, 'g_stn_gpi_mult': 3.36275689108483, 'g_gpe_gpi_mult': 0.9191123017291469}. Best is trial 659 with value: 1.772618881235328.
[I 2026-05-28 23:20:51,590] Trial 752 finished with value: 9.83021288873892 and parameters: {'ISTN': 62.53938217276389, 'I_gpe': 2.152639070231466, 'I_gpi': 1.9342892939251857, 'noise_stn_sigma': 6.997089772422081, 'noise_gpe_sigma': 125.21906916330886, 'noise_gpi_sigma': 90.66156383801628, 'g_stn_gpe_mult': 3.3713367103240888, 'g_gpe_stn_mult': 0.7232353544931858, 'g_stn_gpi_mult': 3.2543228078834963, 'g_gpe_gpi_mult': 0.8915885539937973}. Best is trial 659 with value: 1.772618881235328.
[I 2026-05-28 23:20:52,600] Trial 753 finished with value: 6.707221897388418 and parameters: {'ISTN': 64.54775668730237, 'I_gpe': 2.0786128560579487, 'I_gpi': 2.0052854910985882, 'noise_stn_sigma': 6.805619771905286, 'noise_gpe_sigma': 132.2967443329101, 'noise_gpi_sigma': 84.16798518544294, 'g_stn_gpe_mult': 3.4508764283002202, 'g_gpe_stn_mult': 0.7039652785004769, 'g_stn_gpi_mult': 3.228573214184489, 'g_gpe_gpi_mult': 0.8640406531678326}. Best is trial 659 with value: 1.772618881235328.
[I 2026-05-28 23:20:53,606] Trial 754 finished with value: 8.319901841862317 and parameters: {'ISTN': 64.01691975932373, 'I_gpe': 2.1185716843504867, 'I_gpi': 1.9672250558975464, 'noise_stn_sigma': 7.120970806155574, 'noise_gpe_sigma': 129.41433070380123, 'noise_gpi_sigma': 91.10617389763877, 'g_stn_gpe_mult': 3.5337565523602725, 'g_gpe_stn_mult': 0.7087316202902556, 'g_stn_gpi_mult': 3.214125635999717, 'g_gpe_gpi_mult': 0.9355067636988328}. Best is trial 659 with value: 1.772618881235328.
[I 2026-05-28 23:20:54,615] Trial 755 finished with value: 6.377548656182475 and parameters: {'ISTN': 62.936876504332986, 'I_gpe': 2.0805622861028876, 'I_gpi': 2.0280831381924886, 'noise_stn_sigma': 7.108587890383422, 'noise_gpe_sigma': 128.08411471869786, 'noise_gpi_sigma': 85.84707239224907, 'g_stn_gpe_mult': 3.482045863626875, 'g_gpe_stn_mult': 0.721985627118933, 'g_stn_gpi_mult': 3.3301521672251564, 'g_gpe_gpi_mult': 0.912729412650316}. Best is trial 659 with value: 1.772618881235328.
[I 2026-05-28 23:20:55,626] Trial 756 finished with value: 5.034355303541034 and parameters: {'ISTN': 63.48777012024324, 'I_gpe': 2.096617265514876, 'I_gpi': 2.0392984091785484, 'noise_stn_sigma': 6.977681101195555, 'noise_gpe_sigma': 128.81854929088468, 'noise_gpi_sigma': 97.60561671707377, 'g_stn_gpe_mult': 3.4507586497875975, 'g_gpe_stn_mult': 0.7165596944729393, 'g_stn_gpi_mult': 3.3622617313342746, 'g_gpe_gpi_mult': 0.8882433734138739}. Best is trial 659 with value: 1.772618881235328.
[I 2026-05-28 23:20:56,632] Trial 757 finished with value: 4.2609992806958665 and parameters: {'ISTN': 63.51692720367826, 'I_gpe': 2.065860217042056, 'I_gpi': 1.9670436170200083, 'noise_stn_sigma': 7.274940727327764, 'noise_gpe_sigma': 130.71965300779675, 'noise_gpi_sigma': 90.86751737273323, 'g_stn_gpe_mult': 3.4928331770425385, 'g_gpe_stn_mult': 0.7230020212655862, 'g_stn_gpi_mult': 3.154086059666446, 'g_gpe_gpi_mult': 0.9203336441444483}. Best is trial 659 with value: 1.772618881235328.
[I 2026-05-28 23:20:57,641] Trial 758 finished with value: 8.970384939775974 and parameters: {'ISTN': 65.20331648778604, 'I_gpe': 2.0874058415714822, 'I_gpi': 1.8764779324055287, 'noise_stn_sigma': 7.270755495229303, 'noise_gpe_sigma': 129.84699273779032, 'noise_gpi_sigma': 92.13630665751676, 'g_stn_gpe_mult': 3.568308324565504, 'g_gpe_stn_mult': 0.7359263852190284, 'g_stn_gpi_mult': 3.3951547011309757, 'g_gpe_gpi_mult': 0.9220685266030275}. Best is trial 659 with value: 1.772618881235328.
[I 2026-05-28 23:20:58,648] Trial 759 finished with value: 5.592924204778903 and parameters: {'ISTN': 62.96977158487875, 'I_gpe': 2.029205621222253, 'I_gpi': 2.085001163407552, 'noise_stn_sigma': 7.1561013537015965, 'noise_gpe_sigma': 124.61907430327335, 'noise_gpi_sigma': 89.52847491406652, 'g_stn_gpe_mult': 3.529384140903275, 'g_gpe_stn_mult': 0.7115592070507015, 'g_stn_gpi_mult': 3.2517674245127113, 'g_gpe_gpi_mult': 0.8753848981019205}. Best is trial 659 with value: 1.772618881235328.
[I 2026-05-28 23:20:59,655] Trial 760 finished with value: 8.390158874089117 and parameters: {'ISTN': 62.620072212718554, 'I_gpe': 2.0487203805843293, 'I_gpi': 1.9476278517153183, 'noise_stn_sigma': 7.159733616258284, 'noise_gpe_sigma': 132.78271541977665, 'noise_gpi_sigma': 93.70729094119609, 'g_stn_gpe_mult': 3.4941018025373514, 'g_gpe_stn_mult': 0.6968029951766964, 'g_stn_gpi_mult': 3.1839782967415795, 'g_gpe_gpi_mult': 0.8708613380622983}. Best is trial 659 with value: 1.772618881235328.
[I 2026-05-28 23:21:00,666] Trial 761 finished with value: 5.366497075058558 and parameters: {'ISTN': 62.61422583959556, 'I_gpe': 2.061558671613473, 'I_gpi': 2.1175865248942993, 'noise_stn_sigma': 6.664473367218154, 'noise_gpe_sigma': 126.29330887844544, 'noise_gpi_sigma': 94.88532547782779, 'g_stn_gpe_mult': 3.421348502826967, 'g_gpe_stn_mult': 0.6911583340869302, 'g_stn_gpi_mult': 3.0923400096842872, 'g_gpe_gpi_mult': 0.8902528370792879}. Best is trial 659 with value: 1.772618881235328.
[I 2026-05-28 23:21:01,673] Trial 762 finished with value: 8.950070693971549 and parameters: {'ISTN': 62.50721986913829, 'I_gpe': 2.0551491398420034, 'I_gpi': 2.062334803404961, 'noise_stn_sigma': 7.212897069090133, 'noise_gpe_sigma': 128.1297756142026, 'noise_gpi_sigma': 98.02988293941623, 'g_stn_gpe_mult': 3.4974306305914347, 'g_gpe_stn_mult': 0.7048649055897055, 'g_stn_gpi_mult': 3.303739376704778, 'g_gpe_gpi_mult': 0.8604311286973221}. Best is trial 659 with value: 1.772618881235328.
[I 2026-05-28 23:21:02,682] Trial 763 finished with value: 7.141235911672638 and parameters: {'ISTN': 64.81071016010762, 'I_gpe': 2.011652598140895, 'I_gpi': 1.93185260387677, 'noise_stn_sigma': 7.630870893879087, 'noise_gpe_sigma': 130.28600645240658, 'noise_gpi_sigma': 95.74781384942457, 'g_stn_gpe_mult': 3.4805067737702506, 'g_gpe_stn_mult': 0.7350613163437959, 'g_stn_gpi_mult': 3.272832063241519, 'g_gpe_gpi_mult': 0.9027903310196708}. Best is trial 659 with value: 1.772618881235328.
[I 2026-05-28 23:21:03,631] Trial 764 finished with value: 1000000.0 and parameters: {'ISTN': 62.90003905531704, 'I_gpe': 2.063271150579789, 'I_gpi': 2.113485558986818, 'noise_stn_sigma': 6.9510158940710784, 'noise_gpe_sigma': 129.77152108029077, 'noise_gpi_sigma': 87.5665239432587, 'g_stn_gpe_mult': 3.4073691949389056, 'g_gpe_stn_mult': 0.7244299931410688, 'g_stn_gpi_mult': 3.2126292797493243, 'g_gpe_gpi_mult': 0.8967057509174321}. Best is trial 659 with value: 1.772618881235328.
[I 2026-05-28 23:21:04,638] Trial 765 finished with value: 5.8543470492269 and parameters: {'ISTN': 62.88679380659584, 'I_gpe': 2.074944510087737, 'I_gpi': 2.046892604905156, 'noise_stn_sigma': 7.0541335625198505, 'noise_gpe_sigma': 131.8969905719135, 'noise_gpi_sigma': 93.00787896356971, 'g_stn_gpe_mult': 3.572668677695665, 'g_gpe_stn_mult': 0.712939064597826, 'g_stn_gpi_mult': 3.037031638712374, 'g_gpe_gpi_mult': 0.8868193798760686}. Best is trial 659 with value: 1.772618881235328.
[I 2026-05-28 23:21:05,644] Trial 766 finished with value: 7.264392650166945 and parameters: {'ISTN': 63.6805917744362, 'I_gpe': 2.0620683805338587, 'I_gpi': 1.9877389645008081, 'noise_stn_sigma': 7.062322129019934, 'noise_gpe_sigma': 129.66573990510287, 'noise_gpi_sigma': 89.15474238327849, 'g_stn_gpe_mult': 3.520238456136732, 'g_gpe_stn_mult': 0.7087708728494655, 'g_stn_gpi_mult': 3.209126773794978, 'g_gpe_gpi_mult': 0.881209632239115}. Best is trial 659 with value: 1.772618881235328.
[I 2026-05-28 23:21:06,654] Trial 767 finished with value: 6.109096555414522 and parameters: {'ISTN': 63.71468027573409, 'I_gpe': 2.0727718875236816, 'I_gpi': 2.076494969980396, 'noise_stn_sigma': 6.8916353913308726, 'noise_gpe_sigma': 127.03969884134472, 'noise_gpi_sigma': 96.72726748436993, 'g_stn_gpe_mult': 3.5680062982241845, 'g_gpe_stn_mult': 0.7208150680563168, 'g_stn_gpi_mult': 3.3143771788090444, 'g_gpe_gpi_mult': 0.9081333306829997}. Best is trial 659 with value: 1.772618881235328.
[I 2026-05-28 23:21:07,661] Trial 768 finished with value: 9.724779327635517 and parameters: {'ISTN': 63.977011002635635, 'I_gpe': 2.0699184789007647, 'I_gpi': 2.1573757864243235, 'noise_stn_sigma': 6.856052337057301, 'noise_gpe_sigma': 129.50926342012758, 'noise_gpi_sigma': 93.16462863448922, 'g_stn_gpe_mult': 3.5167164543625264, 'g_gpe_stn_mult': 0.7212741439905813, 'g_stn_gpi_mult': 3.2431837282316476, 'g_gpe_gpi_mult': 0.8779865631122985}. Best is trial 659 with value: 1.772618881235328.
[I 2026-05-28 23:21:08,672] Trial 769 finished with value: 6.568968574628225 and parameters: {'ISTN': 63.86536922517111, 'I_gpe': 2.035251288985781, 'I_gpi': 1.9744356228501396, 'noise_stn_sigma': 7.453746299764631, 'noise_gpe_sigma': 132.3448446380755, 'noise_gpi_sigma': 93.26075191118022, 'g_stn_gpe_mult': 3.528891339985803, 'g_gpe_stn_mult': 0.7337350143133005, 'g_stn_gpi_mult': 3.280466617349879, 'g_gpe_gpi_mult': 0.8819264858222979}. Best is trial 659 with value: 1.772618881235328.
[I 2026-05-28 23:21:09,681] Trial 770 finished with value: 7.997511483135065 and parameters: {'ISTN': 64.53205157713259, 'I_gpe': 2.02551083489048, 'I_gpi': 2.005607840215733, 'noise_stn_sigma': 7.328717246405896, 'noise_gpe_sigma': 129.88570713652774, 'noise_gpi_sigma': 96.77849093903589, 'g_stn_gpe_mult': 3.5606680382381812, 'g_gpe_stn_mult': 0.7306039132355899, 'g_stn_gpi_mult': 3.275402399354891, 'g_gpe_gpi_mult': 0.9185426621530723}. Best is trial 659 with value: 1.772618881235328.
[I 2026-05-28 23:21:10,690] Trial 771 finished with value: 6.4927281357031195 and parameters: {'ISTN': 62.40199896911145, 'I_gpe': 2.030720011548554, 'I_gpi': 2.022165520720275, 'noise_stn_sigma': 6.845475549652669, 'noise_gpe_sigma': 126.91693807185136, 'noise_gpi_sigma': 94.76325960332115, 'g_stn_gpe_mult': 3.511495047545715, 'g_gpe_stn_mult': 0.7010640984737355, 'g_stn_gpi_mult': 3.062937896702629, 'g_gpe_gpi_mult': 0.9007882796469124}. Best is trial 659 with value: 1.772618881235328.
[I 2026-05-28 23:21:11,700] Trial 772 finished with value: 6.469942041208829 and parameters: {'ISTN': 63.18191203736984, 'I_gpe': 2.0938583822467773, 'I_gpi': 2.062989153918308, 'noise_stn_sigma': 6.9363129643838, 'noise_gpe_sigma': 130.90602989051285, 'noise_gpi_sigma': 97.61945290663891, 'g_stn_gpe_mult': 3.5769150056476153, 'g_gpe_stn_mult': 0.7120419098166627, 'g_stn_gpi_mult': 3.192865187597414, 'g_gpe_gpi_mult': 0.8882009946576668}. Best is trial 659 with value: 1.772618881235328.
[I 2026-05-28 23:21:12,708] Trial 773 finished with value: 8.744711060266136 and parameters: {'ISTN': 63.11345198315819, 'I_gpe': 2.0996626602773225, 'I_gpi': 2.051519485731764, 'noise_stn_sigma': 6.651166934000869, 'noise_gpe_sigma': 129.65141140434145, 'noise_gpi_sigma': 92.88584167617506, 'g_stn_gpe_mult': 3.6490372839278686, 'g_gpe_stn_mult': 0.6890946700500983, 'g_stn_gpi_mult': 3.13928034668093, 'g_gpe_gpi_mult': 0.8952866514263238}. Best is trial 659 with value: 1.772618881235328.
[I 2026-05-28 23:21:13,714] Trial 774 finished with value: 6.39457966935514 and parameters: {'ISTN': 61.46447410829444, 'I_gpe': 2.0984191123608493, 'I_gpi': 2.135737728631283, 'noise_stn_sigma': 6.991439229262376, 'noise_gpe_sigma': 127.71719141229885, 'noise_gpi_sigma': 96.33212874043042, 'g_stn_gpe_mult': 3.37837097574671, 'g_gpe_stn_mult': 0.7071677910453708, 'g_stn_gpi_mult': 3.0965689404602705, 'g_gpe_gpi_mult': 0.8827489926367169}. Best is trial 659 with value: 1.772618881235328.
[I 2026-05-28 23:21:14,722] Trial 775 finished with value: 7.798530411693519 and parameters: {'ISTN': 63.86107560343438, 'I_gpe': 2.0276685877573835, 'I_gpi': 2.115982674969991, 'noise_stn_sigma': 7.122167985472377, 'noise_gpe_sigma': 131.76786896619217, 'noise_gpi_sigma': 95.84988974920192, 'g_stn_gpe_mult': 3.541520294583835, 'g_gpe_stn_mult': 0.7141802228990597, 'g_stn_gpi_mult': 3.163911982044996, 'g_gpe_gpi_mult': 0.8837011934990522}. Best is trial 659 with value: 1.772618881235328.
[I 2026-05-28 23:21:15,731] Trial 776 finished with value: 3.160739607261665 and parameters: {'ISTN': 63.28168306629442, 'I_gpe': 2.0625519429338754, 'I_gpi': 2.189442089580938, 'noise_stn_sigma': 6.680681120551382, 'noise_gpe_sigma': 127.96638389650025, 'noise_gpi_sigma': 96.88987610070947, 'g_stn_gpe_mult': 3.4276738021835174, 'g_gpe_stn_mult': 0.7047244279991057, 'g_stn_gpi_mult': 3.1492256864522745, 'g_gpe_gpi_mult': 0.8752983200330773}. Best is trial 659 with value: 1.772618881235328.
[I 2026-05-28 23:21:16,740] Trial 777 finished with value: 7.836952101668291 and parameters: {'ISTN': 61.198091818769875, 'I_gpe': 2.0616969485082235, 'I_gpi': 2.241425805953809, 'noise_stn_sigma': 6.43415904256449, 'noise_gpe_sigma': 126.52476967132242, 'noise_gpi_sigma': 95.2463594213228, 'g_stn_gpe_mult': 3.378217449002764, 'g_gpe_stn_mult': 0.6835422985995503, 'g_stn_gpi_mult': 2.9987602854119064, 'g_gpe_gpi_mult': 0.8403639154565983}. Best is trial 659 with value: 1.772618881235328.
[I 2026-05-28 23:21:17,749] Trial 778 finished with value: 8.952424260624234 and parameters: {'ISTN': 63.18390339018166, 'I_gpe': 2.0602759673346354, 'I_gpi': 1.9657323117697991, 'noise_stn_sigma': 6.986743541940451, 'noise_gpe_sigma': 126.33898437493703, 'noise_gpi_sigma': 96.21378272271929, 'g_stn_gpe_mult': 3.4214222968773473, 'g_gpe_stn_mult': 0.7102138219937365, 'g_stn_gpi_mult': 3.2294024368731034, 'g_gpe_gpi_mult': 0.9005441217628369}. Best is trial 659 with value: 1.772618881235328.
[I 2026-05-28 23:21:18,759] Trial 779 finished with value: 6.919871370787557 and parameters: {'ISTN': 62.41846421553171, 'I_gpe': 2.074055213597114, 'I_gpi': 2.073782143636773, 'noise_stn_sigma': 6.9070528949365295, 'noise_gpe_sigma': 130.9061128617558, 'noise_gpi_sigma': 91.7046319245595, 'g_stn_gpe_mult': 3.524649077105768, 'g_gpe_stn_mult': 0.6893053252829914, 'g_stn_gpi_mult': 3.0670357908467705, 'g_gpe_gpi_mult': 0.8841025789038239}. Best is trial 659 with value: 1.772618881235328.
[I 2026-05-28 23:21:19,767] Trial 780 finished with value: 6.009210901345693 and parameters: {'ISTN': 63.789599046448494, 'I_gpe': 2.0709729944389794, 'I_gpi': 2.0828363114785704, 'noise_stn_sigma': 6.805528211379652, 'noise_gpe_sigma': 127.50753232008778, 'noise_gpi_sigma': 97.18114004281394, 'g_stn_gpe_mult': 3.462486995013999, 'g_gpe_stn_mult': 0.7289648344934434, 'g_stn_gpi_mult': 3.224956320213543, 'g_gpe_gpi_mult': 0.8764159177904591}. Best is trial 659 with value: 1.772618881235328.
[I 2026-05-28 23:21:20,775] Trial 781 finished with value: 10.826746215721942 and parameters: {'ISTN': 62.89976148227496, 'I_gpe': 2.1279832071189784, 'I_gpi': 2.102768018889395, 'noise_stn_sigma': 6.924222017517025, 'noise_gpe_sigma': 129.51918023337552, 'noise_gpi_sigma': 92.41482835376776, 'g_stn_gpe_mult': 3.493323853056749, 'g_gpe_stn_mult': 0.722873556890938, 'g_stn_gpi_mult': 3.064252335278336, 'g_gpe_gpi_mult': 0.9228613302362219}. Best is trial 659 with value: 1.772618881235328.
[I 2026-05-28 23:21:21,784] Trial 782 finished with value: 7.39987216374007 and parameters: {'ISTN': 62.96986281226035, 'I_gpe': 2.0824034328621206, 'I_gpi': 2.1620335487415736, 'noise_stn_sigma': 6.595957985925667, 'noise_gpe_sigma': 126.08436608346906, 'noise_gpi_sigma': 94.52871813253901, 'g_stn_gpe_mult': 3.471279272642887, 'g_gpe_stn_mult': 0.6994425404533126, 'g_stn_gpi_mult': 3.144331836952635, 'g_gpe_gpi_mult': 0.9026669648029237}. Best is trial 659 with value: 1.772618881235328.
[I 2026-05-28 23:21:22,793] Trial 783 finished with value: 6.409072510597927 and parameters: {'ISTN': 63.99303134968387, 'I_gpe': 2.0995699581689857, 'I_gpi': 2.1518377497962646, 'noise_stn_sigma': 6.621235775378122, 'noise_gpe_sigma': 133.01392710946914, 'noise_gpi_sigma': 90.73932782850505, 'g_stn_gpe_mult': 3.4793318610046367, 'g_gpe_stn_mult': 0.7087279644622548, 'g_stn_gpi_mult': 3.0416863343515406, 'g_gpe_gpi_mult': 0.8599427458661353}. Best is trial 659 with value: 1.772618881235328.
[I 2026-05-28 23:21:23,802] Trial 784 finished with value: 6.5277320986989436 and parameters: {'ISTN': 64.0086761201807, 'I_gpe': 2.0363062272510772, 'I_gpi': 2.255088460678965, 'noise_stn_sigma': 7.253721663757249, 'noise_gpe_sigma': 129.39253782164758, 'noise_gpi_sigma': 99.2059060858396, 'g_stn_gpe_mult': 3.316259475913496, 'g_gpe_stn_mult': 0.7415005848710702, 'g_stn_gpi_mult': 3.280664431255327, 'g_gpe_gpi_mult': 0.8857526158239302}. Best is trial 659 with value: 1.772618881235328.
[I 2026-05-28 23:21:24,810] Trial 785 finished with value: 9.662297729903093 and parameters: {'ISTN': 62.162151313850984, 'I_gpe': 2.1195272475291507, 'I_gpi': 2.2698476960186427, 'noise_stn_sigma': 6.854767579862212, 'noise_gpe_sigma': 128.8793387251856, 'noise_gpi_sigma': 100.86252827425727, 'g_stn_gpe_mult': 3.4518022943138287, 'g_gpe_stn_mult': 0.7294269868367784, 'g_stn_gpi_mult': 3.175272705597606, 'g_gpe_gpi_mult': 0.8603082030667584}. Best is trial 659 with value: 1.772618881235328.
[I 2026-05-28 23:21:25,820] Trial 786 finished with value: 6.581419959626909 and parameters: {'ISTN': 64.2602680350139, 'I_gpe': 2.1148295308755567, 'I_gpi': 2.1612327727926743, 'noise_stn_sigma': 6.657999194972199, 'noise_gpe_sigma': 124.39433015681882, 'noise_gpi_sigma': 98.15481938863385, 'g_stn_gpe_mult': 3.3849527409360416, 'g_gpe_stn_mult': 0.7064452322266266, 'g_stn_gpi_mult': 3.1167346297736973, 'g_gpe_gpi_mult': 0.8879094385852031}. Best is trial 659 with value: 1.772618881235328.
[I 2026-05-28 23:21:26,828] Trial 787 finished with value: 2.8065461178092064 and parameters: {'ISTN': 64.45275443251998, 'I_gpe': 2.0830800386364587, 'I_gpi': 2.1020387285586706, 'noise_stn_sigma': 6.796868193502976, 'noise_gpe_sigma': 128.38047886516676, 'noise_gpi_sigma': 97.48811067380667, 'g_stn_gpe_mult': 3.506567848725573, 'g_gpe_stn_mult': 0.7151017566461153, 'g_stn_gpi_mult': 3.224808464199647, 'g_gpe_gpi_mult': 0.8532711828778234}. Best is trial 659 with value: 1.772618881235328.
[I 2026-05-28 23:21:27,835] Trial 788 finished with value: 12.044166301017126 and parameters: {'ISTN': 63.22781554409703, 'I_gpe': 2.0516029021133244, 'I_gpi': 2.1443846007680403, 'noise_stn_sigma': 6.536285149488575, 'noise_gpe_sigma': 127.2479316144425, 'noise_gpi_sigma': 98.26994180656553, 'g_stn_gpe_mult': 3.4880672243736486, 'g_gpe_stn_mult': 0.6844971250028631, 'g_stn_gpi_mult': 3.034451786564797, 'g_gpe_gpi_mult': 0.9036562206095788}. Best is trial 659 with value: 1.772618881235328.
[I 2026-05-28 23:21:28,842] Trial 789 finished with value: 7.596998382388497 and parameters: {'ISTN': 63.80367466942364, 'I_gpe': 2.0687276397871672, 'I_gpi': 2.0310933743074973, 'noise_stn_sigma': 7.151790790191761, 'noise_gpe_sigma': 128.78877847182662, 'noise_gpi_sigma': 97.01049560654454, 'g_stn_gpe_mult': 3.4937537997870365, 'g_gpe_stn_mult': 0.7215821962632691, 'g_stn_gpi_mult': 3.273428333420471, 'g_gpe_gpi_mult': 0.8863677131250229}. Best is trial 659 with value: 1.772618881235328.
[I 2026-05-28 23:21:29,849] Trial 790 finished with value: 9.52516762215512 and parameters: {'ISTN': 64.23452375663744, 'I_gpe': 2.068883542470892, 'I_gpi': 2.0601075964490323, 'noise_stn_sigma': 6.873715869656693, 'noise_gpe_sigma': 127.30532487911641, 'noise_gpi_sigma': 92.00570152092843, 'g_stn_gpe_mult': 3.3951254534958046, 'g_gpe_stn_mult': 0.7109435747579113, 'g_stn_gpi_mult': 3.2602206295758793, 'g_gpe_gpi_mult': 0.9337074955378522}. Best is trial 659 with value: 1.772618881235328.
[I 2026-05-28 23:21:30,861] Trial 791 finished with value: 6.7187024824166555 and parameters: {'ISTN': 63.588290549758035, 'I_gpe': 2.094907504521455, 'I_gpi': 2.2128051246645972, 'noise_stn_sigma': 6.623680083290731, 'noise_gpe_sigma': 135.25166156039737, 'noise_gpi_sigma': 100.22185552957667, 'g_stn_gpe_mult': 3.465871147658808, 'g_gpe_stn_mult': 0.7136329033777142, 'g_stn_gpi_mult': 3.1888679442577246, 'g_gpe_gpi_mult': 0.8637537762602425}. Best is trial 659 with value: 1.772618881235328.
