[I 2026-05-29 00:07:15,250] Trial 484 finished with value: 0.15195341987919136 and parameters: {'ISTN': 61.58153428674156, 'I_gpe': 1.420519461584985, 'I_gpi': 2.0352312871384646, 'noise_stn_sigma': 2.989419190919771, 'noise_gpe_sigma': 116.48922984830759, 'noise_gpi_sigma': 65.60153502460008, 'g_stn_gpe_mult': 2.8106166284628573, 'g_gpe_stn_mult': 0.11820102568278154, 'g_stn_gpi_mult': 2.5636993640106702, 'g_gpe_gpi_mult': 0.40767521647534327}. Best is trial 484 with value: 0.15195341987919136.
[I 2026-05-29 00:07:16,260] Trial 485 finished with value: 0.20073902259540907 and parameters: {'ISTN': 61.42661649430218, 'I_gpe': 1.2518693694029324, 'I_gpi': 2.3563744416675108, 'noise_stn_sigma': 3.3330479378355404, 'noise_gpe_sigma': 121.23743583858118, 'noise_gpi_sigma': 63.80055887434064, 'g_stn_gpe_mult': 2.6646950405258725, 'g_gpe_stn_mult': 0.1634166790448012, 'g_stn_gpi_mult': 2.382796769890321, 'g_gpe_gpi_mult': 0.44678054453381083}. Best is trial 484 with value: 0.15195341987919136.
[I 2026-05-29 00:07:17,268] Trial 486 finished with value: 0.5987946385701465 and parameters: {'ISTN': 64.35522525923136, 'I_gpe': 1.122263472483683, 'I_gpi': 1.8065580017729372, 'noise_stn_sigma': 3.169213946960667, 'noise_gpe_sigma': 110.53140674480021, 'noise_gpi_sigma': 77.37765148363277, 'g_stn_gpe_mult': 2.7154133556102362, 'g_gpe_stn_mult': 0.15676697833901673, 'g_stn_gpi_mult': 2.696185862124525, 'g_gpe_gpi_mult': 0.2998862872346023}. Best is trial 484 with value: 0.15195341987919136.
[I 2026-05-29 00:07:18,277] Trial 487 finished with value: 0.20497552545810707 and parameters: {'ISTN': 64.28847870520974, 'I_gpe': 1.0875698001592171, 'I_gpi': 1.7142970305837242, 'noise_stn_sigma': 2.9314803144891632, 'noise_gpe_sigma': 108.5512315708324, 'noise_gpi_sigma': 72.01493665504333, 'g_stn_gpe_mult': 2.7432365637992384, 'g_gpe_stn_mult': 0.1234770753797243, 'g_stn_gpi_mult': 2.748388667515285, 'g_gpe_gpi_mult': 0.3788877342751558}. Best is trial 484 with value: 0.15195341987919136.
[I 2026-05-29 00:07:19,285] Trial 488 finished with value: 0.22854989904378004 and parameters: {'ISTN': 64.76435921596556, 'I_gpe': 0.9744767665805232, 'I_gpi': 2.082606249596195, 'noise_stn_sigma': 3.603179200055976, 'noise_gpe_sigma': 106.89905458933907, 'noise_gpi_sigma': 69.7386287894642, 'g_stn_gpe_mult': 2.5240064931343222, 'g_gpe_stn_mult': 0.1585820397107402, 'g_stn_gpi_mult': 2.1497461401616063, 'g_gpe_gpi_mult': 0.5690210222773067}. Best is trial 484 with value: 0.15195341987919136.
[I 2026-05-29 00:07:20,295] Trial 489 finished with value: 1.4914683359209335 and parameters: {'ISTN': 64.10971936538192, 'I_gpe': 1.2615671532332144, 'I_gpi': 2.282036019177463, 'noise_stn_sigma': 3.2812709744206883, 'noise_gpe_sigma': 117.37970786928602, 'noise_gpi_sigma': 69.1549141984149, 'g_stn_gpe_mult': 2.5058239275476804, 'g_gpe_stn_mult': 0.13829374799799393, 'g_stn_gpi_mult': 2.3737049689505136, 'g_gpe_gpi_mult': 0.5053213780321973}. Best is trial 484 with value: 0.15195341987919136.
[I 2026-05-29 00:07:21,305] Trial 490 finished with value: 0.22888889359316447 and parameters: {'ISTN': 62.6261700396974, 'I_gpe': 0.9581081042690136, 'I_gpi': 1.7794788774749308, 'noise_stn_sigma': 3.1264115316331864, 'noise_gpe_sigma': 111.25609982315594, 'noise_gpi_sigma': 76.87604776433591, 'g_stn_gpe_mult': 2.6107945593883106, 'g_gpe_stn_mult': 0.11487504883071754, 'g_stn_gpi_mult': 2.347053696260846, 'g_gpe_gpi_mult': 0.4700363614052384}. Best is trial 484 with value: 0.15195341987919136.
[I 2026-05-29 00:07:22,313] Trial 491 finished with value: 0.18587862416018835 and parameters: {'ISTN': 62.22343470144618, 'I_gpe': 1.1146532876917021, 'I_gpi': 1.821814450349161, 'noise_stn_sigma': 2.846923577378268, 'noise_gpe_sigma': 117.7559623471813, 'noise_gpi_sigma': 64.95358239227848, 'g_stn_gpe_mult': 2.664261312520912, 'g_gpe_stn_mult': 0.11877385591422204, 'g_stn_gpi_mult': 2.4061630675594037, 'g_gpe_gpi_mult': 0.4229640238312738}. Best is trial 484 with value: 0.15195341987919136.
[I 2026-05-29 00:07:23,319] Trial 492 finished with value: 1.8517341412895778 and parameters: {'ISTN': 61.59997563672177, 'I_gpe': 1.3489734710650956, 'I_gpi': 1.9021835422808135, 'noise_stn_sigma': 2.869727819289051, 'noise_gpe_sigma': 111.75173816876126, 'noise_gpi_sigma': 61.01480498246598, 'g_stn_gpe_mult': 2.8701260202286445, 'g_gpe_stn_mult': 0.17243971985756254, 'g_stn_gpi_mult': 2.3256637932028843, 'g_gpe_gpi_mult': 0.42198406807254046}. Best is trial 484 with value: 0.15195341987919136.
[I 2026-05-29 00:07:24,326] Trial 493 finished with value: 1.2249414157810818 and parameters: {'ISTN': 64.3457614533399, 'I_gpe': 1.199251546234358, 'I_gpi': 2.153144903612662, 'noise_stn_sigma': 3.4109810803253398, 'noise_gpe_sigma': 110.88854907087725, 'noise_gpi_sigma': 71.29518043168332, 'g_stn_gpe_mult': 2.73648176583763, 'g_gpe_stn_mult': 0.14088566798682292, 'g_stn_gpi_mult': 2.3826715260018405, 'g_gpe_gpi_mult': 0.5536891303322993}. Best is trial 484 with value: 0.15195341987919136.
[I 2026-05-29 00:07:25,333] Trial 494 finished with value: 0.1930251124634841 and parameters: {'ISTN': 63.477797059213046, 'I_gpe': 1.285745308994919, 'I_gpi': 2.2695758132617034, 'noise_stn_sigma': 3.0765074243165786, 'noise_gpe_sigma': 116.69715108305876, 'noise_gpi_sigma': 61.28015344448852, 'g_stn_gpe_mult': 2.464115457890206, 'g_gpe_stn_mult': 0.1397858450364335, 'g_stn_gpi_mult': 2.3404265709225553, 'g_gpe_gpi_mult': 0.49677232422676415}. Best is trial 484 with value: 0.15195341987919136.
[I 2026-05-29 00:07:26,341] Trial 495 finished with value: 0.16559165323322086 and parameters: {'ISTN': 62.03157783279629, 'I_gpe': 1.2976622920894334, 'I_gpi': 1.8048513724682644, 'noise_stn_sigma': 2.862981944194658, 'noise_gpe_sigma': 123.738140426942, 'noise_gpi_sigma': 59.133653437372665, 'g_stn_gpe_mult': 2.630840203731252, 'g_gpe_stn_mult': 0.14920500854151328, 'g_stn_gpi_mult': 2.5941678326896804, 'g_gpe_gpi_mult': 0.3341922020228264}. Best is trial 484 with value: 0.15195341987919136.
[I 2026-05-29 00:07:27,351] Trial 496 finished with value: 0.19697273663156906 and parameters: {'ISTN': 64.85031635362334, 'I_gpe': 1.465897599117493, 'I_gpi': 2.0910767601129576, 'noise_stn_sigma': 2.6660195863342704, 'noise_gpe_sigma': 111.24251375281617, 'noise_gpi_sigma': 64.62157983656407, 'g_stn_gpe_mult': 2.594186413415412, 'g_gpe_stn_mult': 0.11306533699163597, 'g_stn_gpi_mult': 2.5291794377367536, 'g_gpe_gpi_mult': 0.4910718831559697}. Best is trial 484 with value: 0.15195341987919136.
[I 2026-05-29 00:07:28,359] Trial 497 finished with value: 0.22742870426760217 and parameters: {'ISTN': 63.919638141468184, 'I_gpe': 1.0956473586703495, 'I_gpi': 1.64881517367469, 'noise_stn_sigma': 3.4867862546167485, 'noise_gpe_sigma': 129.0512263264257, 'noise_gpi_sigma': 78.18389951855131, 'g_stn_gpe_mult': 3.01374679502862, 'g_gpe_stn_mult': 0.16986102473763753, 'g_stn_gpi_mult': 2.694806454526387, 'g_gpe_gpi_mult': 0.3813717897189364}. Best is trial 484 with value: 0.15195341987919136.
[I 2026-05-29 00:07:29,366] Trial 498 finished with value: 0.6169374367481029 and parameters: {'ISTN': 63.36637896473645, 'I_gpe': 1.376958478072836, 'I_gpi': 1.920952689417259, 'noise_stn_sigma': 3.0100711835110845, 'noise_gpe_sigma': 121.7828928080713, 'noise_gpi_sigma': 73.83493027668996, 'g_stn_gpe_mult': 2.7567406463067448, 'g_gpe_stn_mult': 0.17126625217146635, 'g_stn_gpi_mult': 2.46256226036399, 'g_gpe_gpi_mult': 0.40013359465080156}. Best is trial 484 with value: 0.15195341987919136.
[I 2026-05-29 00:07:30,373] Trial 499 finished with value: 0.20973418945494499 and parameters: {'ISTN': 63.63556035910737, 'I_gpe': 1.1463096621045077, 'I_gpi': 1.7440595694560135, 'noise_stn_sigma': 3.032524035809727, 'noise_gpe_sigma': 111.21064269570279, 'noise_gpi_sigma': 70.42664568475705, 'g_stn_gpe_mult': 2.718191142075086, 'g_gpe_stn_mult': 0.17404808861454363, 'g_stn_gpi_mult': 2.476468649921641, 'g_gpe_gpi_mult': 0.4301742931322602}. Best is trial 484 with value: 0.15195341987919136.
[I 2026-05-29 00:07:31,381] Trial 500 finished with value: 0.17760176418461954 and parameters: {'ISTN': 65.29418856632135, 'I_gpe': 1.2782832437670442, 'I_gpi': 2.1740037939133363, 'noise_stn_sigma': 2.99508829451773, 'noise_gpe_sigma': 117.18722408867916, 'noise_gpi_sigma': 67.10745004523037, 'g_stn_gpe_mult': 2.611105733429423, 'g_gpe_stn_mult': 0.10347037249678545, 'g_stn_gpi_mult': 2.442177967568778, 'g_gpe_gpi_mult': 0.46923376984912046}. Best is trial 484 with value: 0.15195341987919136.
[I 2026-05-29 00:07:32,390] Trial 501 finished with value: 0.22896915672583584 and parameters: {'ISTN': 62.549970717265715, 'I_gpe': 1.4009328888537942, 'I_gpi': 1.4911828893127959, 'noise_stn_sigma': 2.829140652000497, 'noise_gpe_sigma': 120.42197702413412, 'noise_gpi_sigma': 68.47370639188728, 'g_stn_gpe_mult': 2.5716316709225797, 'g_gpe_stn_mult': 0.13787699663221015, 'g_stn_gpi_mult': 2.8523842994509954, 'g_gpe_gpi_mult': 0.35688636483925607}. Best is trial 484 with value: 0.15195341987919136.
[I 2026-05-29 00:07:33,398] Trial 502 finished with value: 0.22583399581478963 and parameters: {'ISTN': 62.20201611231721, 'I_gpe': 1.4153789698598103, 'I_gpi': 1.541304897640384, 'noise_stn_sigma': 2.5445541705717356, 'noise_gpe_sigma': 122.24106195290607, 'noise_gpi_sigma': 79.93156918129485, 'g_stn_gpe_mult': 2.6444993050522383, 'g_gpe_stn_mult': 0.14186477506213702, 'g_stn_gpi_mult': 2.627298225867043, 'g_gpe_gpi_mult': 0.30469881590808945}. Best is trial 484 with value: 0.15195341987919136.
[I 2026-05-29 00:07:34,406] Trial 503 finished with value: 0.32091547377059904 and parameters: {'ISTN': 63.3144771125888, 'I_gpe': 1.3338653880948326, 'I_gpi': 2.5327676458433173, 'noise_stn_sigma': 2.7200519698624155, 'noise_gpe_sigma': 121.16589867456284, 'noise_gpi_sigma': 56.07367489121845, 'g_stn_gpe_mult': 2.7775289416876126, 'g_gpe_stn_mult': 0.15725907810342124, 'g_stn_gpi_mult': 2.239867317515072, 'g_gpe_gpi_mult': 0.5162412412270179}. Best is trial 484 with value: 0.15195341987919136.
[I 2026-05-29 00:07:35,416] Trial 504 finished with value: 0.16593028239779503 and parameters: {'ISTN': 63.689256704957764, 'I_gpe': 1.3703414130288314, 'I_gpi': 1.8980109440336512, 'noise_stn_sigma': 3.1107366089401833, 'noise_gpe_sigma': 112.88322029092458, 'noise_gpi_sigma': 54.36623197954953, 'g_stn_gpe_mult': 2.7564001343920896, 'g_gpe_stn_mult': 0.12271112000972952, 'g_stn_gpi_mult': 2.517737902011989, 'g_gpe_gpi_mult': 0.3728735420709899}. Best is trial 484 with value: 0.15195341987919136.
[I 2026-05-29 00:07:36,424] Trial 505 finished with value: 0.16525206221570488 and parameters: {'ISTN': 62.63614358162755, 'I_gpe': 1.2874914908197137, 'I_gpi': 1.840045990290081, 'noise_stn_sigma': 2.9057316052820346, 'noise_gpe_sigma': 120.47292435015167, 'noise_gpi_sigma': 64.81993788306026, 'g_stn_gpe_mult': 2.4671711542167616, 'g_gpe_stn_mult': 0.11523212531363805, 'g_stn_gpi_mult': 2.419946332462401, 'g_gpe_gpi_mult': 0.5009751305432282}. Best is trial 484 with value: 0.15195341987919136.
[I 2026-05-29 00:07:37,432] Trial 506 finished with value: 0.3083975960599795 and parameters: {'ISTN': 64.38264952093544, 'I_gpe': 1.2847896783469175, 'I_gpi': 1.9877306552297687, 'noise_stn_sigma': 2.839636635413269, 'noise_gpe_sigma': 123.41327152061278, 'noise_gpi_sigma': 62.000711109425914, 'g_stn_gpe_mult': 2.2416832026144795, 'g_gpe_stn_mult': 0.14778088126547886, 'g_stn_gpi_mult': 2.3895093111141437, 'g_gpe_gpi_mult': 0.46379232653496805}. Best is trial 484 with value: 0.15195341987919136.
[I 2026-05-29 00:07:38,438] Trial 507 finished with value: 0.2361255385786578 and parameters: {'ISTN': 63.376601606063595, 'I_gpe': 1.1357467877326974, 'I_gpi': 2.3505711319429645, 'noise_stn_sigma': 2.891634595779701, 'noise_gpe_sigma': 124.71083105156734, 'noise_gpi_sigma': 52.803885075019956, 'g_stn_gpe_mult': 2.8670756152885963, 'g_gpe_stn_mult': 0.11390680943169249, 'g_stn_gpi_mult': 2.438345312391134, 'g_gpe_gpi_mult': 0.41637613083150027}. Best is trial 484 with value: 0.15195341987919136.
[I 2026-05-29 00:07:39,447] Trial 508 finished with value: 0.289274127133908 and parameters: {'ISTN': 65.73165635707636, 'I_gpe': 1.4538878136348035, 'I_gpi': 1.886579034657345, 'noise_stn_sigma': 2.9500240652402496, 'noise_gpe_sigma': 123.21424175800362, 'noise_gpi_sigma': 68.90853696791102, 'g_stn_gpe_mult': 2.643000705066507, 'g_gpe_stn_mult': 0.10705730022879355, 'g_stn_gpi_mult': 2.434359402272174, 'g_gpe_gpi_mult': 0.39113605447898164}. Best is trial 484 with value: 0.15195341987919136.
[I 2026-05-29 00:07:40,456] Trial 509 finished with value: 0.17215847019647015 and parameters: {'ISTN': 64.42387253351104, 'I_gpe': 1.2413416079760158, 'I_gpi': 2.1241203224355383, 'noise_stn_sigma': 2.500350033321426, 'noise_gpe_sigma': 114.37309203114818, 'noise_gpi_sigma': 61.173479956697456, 'g_stn_gpe_mult': 2.4204463136638514, 'g_gpe_stn_mult': 0.11217530656336414, 'g_stn_gpi_mult': 2.417798425861438, 'g_gpe_gpi_mult': 0.5078496155379774}. Best is trial 484 with value: 0.15195341987919136.
[I 2026-05-29 00:07:41,463] Trial 510 finished with value: 0.16989126692071913 and parameters: {'ISTN': 63.378555408132364, 'I_gpe': 1.3465732562108155, 'I_gpi': 1.9997680936359004, 'noise_stn_sigma': 2.930822623465987, 'noise_gpe_sigma': 126.53326903663077, 'noise_gpi_sigma': 62.60752141113707, 'g_stn_gpe_mult': 2.6631099740506063, 'g_gpe_stn_mult': 0.12804081090935984, 'g_stn_gpi_mult': 2.7866820643470755, 'g_gpe_gpi_mult': 0.36902158819886993}. Best is trial 484 with value: 0.15195341987919136.
[I 2026-05-29 00:07:42,471] Trial 511 finished with value: 0.17840545181867365 and parameters: {'ISTN': 64.55259755026353, 'I_gpe': 1.273360361343862, 'I_gpi': 1.928404712907825, 'noise_stn_sigma': 2.4463807071145163, 'noise_gpe_sigma': 117.745978288387, 'noise_gpi_sigma': 64.81397878193314, 'g_stn_gpe_mult': 2.6419403957856282, 'g_gpe_stn_mult': 0.11491947691767385, 'g_stn_gpi_mult': 2.4840263806954233, 'g_gpe_gpi_mult': 0.47651039401789186}. Best is trial 484 with value: 0.15195341987919136.
[I 2026-05-29 00:07:43,481] Trial 512 finished with value: 0.16951096217207134 and parameters: {'ISTN': 62.13845483009179, 'I_gpe': 1.3262218860421326, 'I_gpi': 1.8987755910782929, 'noise_stn_sigma': 2.9385209854914853, 'noise_gpe_sigma': 126.20731796322487, 'noise_gpi_sigma': 51.024655025884, 'g_stn_gpe_mult': 2.6110737415961958, 'g_gpe_stn_mult': 0.13634104630361504, 'g_stn_gpi_mult': 2.529336533166807, 'g_gpe_gpi_mult': 0.37010583319528}. Best is trial 484 with value: 0.15195341987919136.
[I 2026-05-29 00:07:44,490] Trial 513 finished with value: 1.3500202855590722 and parameters: {'ISTN': 65.45860675864431, 'I_gpe': 1.257811289779263, 'I_gpi': 2.1390239495370897, 'noise_stn_sigma': 3.3114289952370717, 'noise_gpe_sigma': 124.38427588676288, 'noise_gpi_sigma': 51.85238142973841, 'g_stn_gpe_mult': 2.559295859467043, 'g_gpe_stn_mult': 0.15947015496789033, 'g_stn_gpi_mult': 2.426533272969975, 'g_gpe_gpi_mult': 0.3987478963680454}. Best is trial 484 with value: 0.15195341987919136.
[I 2026-05-29 00:07:45,496] Trial 514 finished with value: 0.793040946698456 and parameters: {'ISTN': 64.07475868629807, 'I_gpe': 1.4619321309637803, 'I_gpi': 2.358596776017036, 'noise_stn_sigma': 2.697153859524432, 'noise_gpe_sigma': 121.96105581817797, 'noise_gpi_sigma': 56.314367015976195, 'g_stn_gpe_mult': 2.62296988845233, 'g_gpe_stn_mult': 0.15382739240851778, 'g_stn_gpi_mult': 2.5614174568681554, 'g_gpe_gpi_mult': 0.5060277293636993}. Best is trial 484 with value: 0.15195341987919136.
[I 2026-05-29 00:07:46,501] Trial 515 finished with value: 0.19450927024725337 and parameters: {'ISTN': 65.48282043742167, 'I_gpe': 1.1577737868575548, 'I_gpi': 1.8849520794262826, 'noise_stn_sigma': 2.999446787645776, 'noise_gpe_sigma': 120.98390608812649, 'noise_gpi_sigma': 61.18428418097563, 'g_stn_gpe_mult': 2.8870400191047545, 'g_gpe_stn_mult': 0.11425526763069964, 'g_stn_gpi_mult': 2.5275829074584655, 'g_gpe_gpi_mult': 0.5106983605013493}. Best is trial 484 with value: 0.15195341987919136.
[I 2026-05-29 00:07:47,509] Trial 516 finished with value: 0.32217594884819706 and parameters: {'ISTN': 65.23865141009102, 'I_gpe': 1.5667238143625695, 'I_gpi': 2.0006135259510778, 'noise_stn_sigma': 3.17393598946119, 'noise_gpe_sigma': 121.37002856074946, 'noise_gpi_sigma': 61.805987267733954, 'g_stn_gpe_mult': 2.9357001193933563, 'g_gpe_stn_mult': 0.12327525602357944, 'g_stn_gpi_mult': 2.646676306163175, 'g_gpe_gpi_mult': 0.36845613835119184}. Best is trial 484 with value: 0.15195341987919136.
[I 2026-05-29 00:07:48,518] Trial 517 finished with value: 0.15441031011664796 and parameters: {'ISTN': 62.92633646191403, 'I_gpe': 1.3855625396281799, 'I_gpi': 1.9804353095397065, 'noise_stn_sigma': 2.769938878059368, 'noise_gpe_sigma': 124.25266115383418, 'noise_gpi_sigma': 60.84825195125414, 'g_stn_gpe_mult': 2.530113649552887, 'g_gpe_stn_mult': 0.12288564612254595, 'g_stn_gpi_mult': 2.428492618129297, 'g_gpe_gpi_mult': 0.3464659232669764}. Best is trial 484 with value: 0.15195341987919136.
[I 2026-05-29 00:07:49,526] Trial 518 finished with value: 4.525472767620933 and parameters: {'ISTN': 65.93191531365409, 'I_gpe': 1.3452173812127133, 'I_gpi': 1.989864668245589, 'noise_stn_sigma': 3.1612278076013425, 'noise_gpe_sigma': 111.70850234463518, 'noise_gpi_sigma': 62.996231849779804, 'g_stn_gpe_mult': 2.700222807665096, 'g_gpe_stn_mult': 0.11226872032623647, 'g_stn_gpi_mult': 2.527854967483224, 'g_gpe_gpi_mult': 0.4393893167952828}. Best is trial 484 with value: 0.15195341987919136.
[I 2026-05-29 00:07:50,534] Trial 519 finished with value: 3.077093907381184 and parameters: {'ISTN': 68.00861265714782, 'I_gpe': 1.4442362760059075, 'I_gpi': 2.090309239426396, 'noise_stn_sigma': 2.757805361855448, 'noise_gpe_sigma': 122.43064800728412, 'noise_gpi_sigma': 55.859944331344565, 'g_stn_gpe_mult': 2.432012769373382, 'g_gpe_stn_mult': 0.15795960603355189, 'g_stn_gpi_mult': 2.5187619914503094, 'g_gpe_gpi_mult': 0.4669655780365719}. Best is trial 484 with value: 0.15195341987919136.
[I 2026-05-29 00:07:51,542] Trial 520 finished with value: 3.4946042129087593 and parameters: {'ISTN': 61.39102954971756, 'I_gpe': 1.3460957872508117, 'I_gpi': 2.1453694082017956, 'noise_stn_sigma': 2.3296693929938868, 'noise_gpe_sigma': 111.18963145466604, 'noise_gpi_sigma': 53.34535120920975, 'g_stn_gpe_mult': 2.6057184066073464, 'g_gpe_stn_mult': 0.10639616078044342, 'g_stn_gpi_mult': 2.3956662908689106, 'g_gpe_gpi_mult': 0.4900685907554795}. Best is trial 484 with value: 0.15195341987919136.
[I 2026-05-29 00:07:52,550] Trial 521 finished with value: 0.2068224344464626 and parameters: {'ISTN': 64.01917997395732, 'I_gpe': 1.3265255229756931, 'I_gpi': 1.937734001797264, 'noise_stn_sigma': 2.8201935012654893, 'noise_gpe_sigma': 119.71758220783953, 'noise_gpi_sigma': 73.38022416910161, 'g_stn_gpe_mult': 2.7161033765046594, 'g_gpe_stn_mult': 0.16502642478205565, 'g_stn_gpi_mult': 2.2811237960641986, 'g_gpe_gpi_mult': 0.4278615171421443}. Best is trial 484 with value: 0.15195341987919136.
[I 2026-05-29 00:07:53,557] Trial 522 finished with value: 0.1812014580379808 and parameters: {'ISTN': 62.66814501835448, 'I_gpe': 1.2708324724379505, 'I_gpi': 2.0593119245399194, 'noise_stn_sigma': 2.7676651370960714, 'noise_gpe_sigma': 128.19324679721723, 'noise_gpi_sigma': 58.237062348162205, 'g_stn_gpe_mult': 2.8023220468015997, 'g_gpe_stn_mult': 0.15919037210324077, 'g_stn_gpi_mult': 2.5120022984773565, 'g_gpe_gpi_mult': 0.3446435215442253}. Best is trial 484 with value: 0.15195341987919136.
[I 2026-05-29 00:07:54,566] Trial 523 finished with value: 0.23270519121546582 and parameters: {'ISTN': 61.38479817830756, 'I_gpe': 1.0582151358269387, 'I_gpi': 1.6902974332891958, 'noise_stn_sigma': 2.9452755531884947, 'noise_gpe_sigma': 129.87538616688204, 'noise_gpi_sigma': 69.14218582629127, 'g_stn_gpe_mult': 2.446023156871518, 'g_gpe_stn_mult': 0.10099367624065397, 'g_stn_gpi_mult': 2.3655317639378692, 'g_gpe_gpi_mult': 0.46351262476780664}. Best is trial 484 with value: 0.15195341987919136.
[I 2026-05-29 00:07:55,576] Trial 524 finished with value: 0.2575107122429758 and parameters: {'ISTN': 62.29099989993024, 'I_gpe': 1.4556971043284586, 'I_gpi': 2.2961159564818994, 'noise_stn_sigma': 3.0176337249244884, 'noise_gpe_sigma': 118.31490820382821, 'noise_gpi_sigma': 57.047480344927344, 'g_stn_gpe_mult': 2.447031592578689, 'g_gpe_stn_mult': 0.1306226395605667, 'g_stn_gpi_mult': 2.4320806806449045, 'g_gpe_gpi_mult': 0.4565652563831208}. Best is trial 484 with value: 0.15195341987919136.
[I 2026-05-29 00:07:56,584] Trial 525 finished with value: 0.1974865745836057 and parameters: {'ISTN': 67.11937082851325, 'I_gpe': 1.2845633281419166, 'I_gpi': 1.9632082835219364, 'noise_stn_sigma': 2.8098518590621007, 'noise_gpe_sigma': 120.73912690572823, 'noise_gpi_sigma': 60.08842332691513, 'g_stn_gpe_mult': 2.6558799595415707, 'g_gpe_stn_mult': 0.12501618361360756, 'g_stn_gpi_mult': 2.4495482640561828, 'g_gpe_gpi_mult': 0.3308428745004095}. Best is trial 484 with value: 0.15195341987919136.
[I 2026-05-29 00:07:57,594] Trial 526 finished with value: 0.374246939912765 and parameters: {'ISTN': 63.5064959854589, 'I_gpe': 1.212660801766405, 'I_gpi': 2.0362787191763956, 'noise_stn_sigma': 2.7723301204836006, 'noise_gpe_sigma': 115.35367250950938, 'noise_gpi_sigma': 49.19188347213304, 'g_stn_gpe_mult': 2.6175452248319293, 'g_gpe_stn_mult': 0.13033465268661193, 'g_stn_gpi_mult': 2.6768898570746202, 'g_gpe_gpi_mult': 0.395579456626645}. Best is trial 484 with value: 0.15195341987919136.
[I 2026-05-29 00:07:58,603] Trial 527 finished with value: 0.22081211882890914 and parameters: {'ISTN': 66.01652315837748, 'I_gpe': 1.2731765820021637, 'I_gpi': 1.9745879901567265, 'noise_stn_sigma': 3.0476141277413746, 'noise_gpe_sigma': 111.57135390190132, 'noise_gpi_sigma': 64.8568691512614, 'g_stn_gpe_mult': 2.7082687674522306, 'g_gpe_stn_mult': 0.11374807497011924, 'g_stn_gpi_mult': 2.437351887921542, 'g_gpe_gpi_mult': 0.35763245143293965}. Best is trial 484 with value: 0.15195341987919136.
