[I 2026-05-28 23:25:10,294] A new study created in memory with name: sensitivity_tau5
[I 2026-05-28 23:25:12,741] Trial 0 finished with value: 130.58778133163293 and parameters: {'ISTN': 93.70861069626262, 'I_gpe': 3.827500072434707, 'I_gpi': 3.9279757672456204, 'noise_stn_sigma': 5.190609389379256, 'noise_gpe_sigma': 40.28242325751675, 'noise_gpi_sigma': 40.27928764370634, 'g_stn_gpe_mult': 1.703292642588698, 'g_gpe_stn_mult': 0.7063233020424546, 'g_stn_gpi_mult': 2.8033450352296265, 'g_gpe_gpi_mult': 0.9080725777960454}. Best is trial 0 with value: 130.58778133163293.
[I 2026-05-28 23:25:13,756] Trial 1 finished with value: 21.99172033541383 and parameters: {'ISTN': 102.18398227973381, 'I_gpe': 1.7822592367307524, 'I_gpi': 2.0402078942860182, 'noise_stn_sigma': 5.527278325084124, 'noise_gpe_sigma': 64.87605951987203, 'noise_gpi_sigma': 128.16311557229506, 'g_stn_gpe_mult': 3.8783201895114314, 'g_gpe_stn_mult': 0.4633636096255428, 'g_stn_gpi_mult': 1.9201572567197984, 'g_gpe_gpi_mult': 0.5716581854888545}. Best is trial 1 with value: 21.99172033541383.
[I 2026-05-28 23:25:14,765] Trial 2 finished with value: 22.802906773794845 and parameters: {'ISTN': 104.05697545714605, 'I_gpe': 1.6990806611446447, 'I_gpi': 2.1093322736015803, 'noise_stn_sigma': 4.391415413253829, 'noise_gpe_sigma': 95.78215145683166, 'noise_gpi_sigma': 112.26271914252017, 'g_stn_gpe_mult': 3.620508535432487, 'g_gpe_stn_mult': 0.48253375989294744, 'g_stn_gpi_mult': 2.4349864676102033, 'g_gpe_gpi_mult': 0.8838728082220315}. Best is trial 1 with value: 21.99172033541383.
[I 2026-05-28 23:25:15,713] Trial 3 finished with value: 1000000.0 and parameters: {'ISTN': 124.05768254138863, 'I_gpe': 2.4404639905642638, 'I_gpi': 2.929437307767527, 'noise_stn_sigma': 4.597526383157501, 'noise_gpe_sigma': 123.71799364703026, 'noise_gpi_sigma': 102.97034598752232, 'g_stn_gpe_mult': 3.0886712355338317, 'g_gpe_stn_mult': 0.27286655747132477, 'g_stn_gpi_mult': 3.5949342956186348, 'g_gpe_gpi_mult': 0.596177167198813}. Best is trial 1 with value: 21.99172033541383.
[I 2026-05-28 23:25:16,722] Trial 4 finished with value: 4.598795903409806 and parameters: {'ISTN': 61.327006512303655, 'I_gpe': 2.322282146919423, 'I_gpi': 2.6397695163821506, 'noise_stn_sigma': 3.62253468740132, 'noise_gpe_sigma': 78.9240566977039, 'noise_gpi_sigma': 101.63027934654737, 'g_stn_gpe_mult': 3.374074127741162, 'g_gpe_stn_mult': 0.2130397972288703, 'g_stn_gpi_mult': 2.0912746715201935, 'g_gpe_gpi_mult': 0.6568869944818863}. Best is trial 4 with value: 4.598795903409806.
[I 2026-05-28 23:25:17,729] Trial 5 finished with value: 28.753197677932217 and parameters: {'ISTN': 118.21835604782609, 'I_gpe': 1.5081892774313215, 'I_gpi': 3.899768098732145, 'noise_stn_sigma': 3.936086758513816, 'noise_gpe_sigma': 119.32152160252447, 'noise_gpi_sigma': 102.30543016488373, 'g_stn_gpe_mult': 2.9807792455418993, 'g_gpe_stn_mult': 0.5137698475759706, 'g_stn_gpi_mult': 2.9949380788413196, 'g_gpe_gpi_mult': 0.9635506695066518}. Best is trial 4 with value: 4.598795903409806.
[I 2026-05-28 23:25:18,737] Trial 6 finished with value: 28.481422242103484 and parameters: {'ISTN': 121.61855037844573, 'I_gpe': 1.6513293219198029, 'I_gpi': 2.8432761902587727, 'noise_stn_sigma': 3.8480047711083603, 'noise_gpe_sigma': 74.143091992362, 'noise_gpi_sigma': 62.05518437298985, 'g_stn_gpe_mult': 3.3767409216885813, 'g_gpe_stn_mult': 0.39119594338519237, 'g_stn_gpi_mult': 2.347357900801299, 'g_gpe_gpi_mult': 0.4142625832855039}. Best is trial 4 with value: 4.598795903409806.
[I 2026-05-28 23:25:19,746] Trial 7 finished with value: 25.171214844881725 and parameters: {'ISTN': 118.14807622329761, 'I_gpe': 1.5486294089623256, 'I_gpi': 2.4516321436833994, 'noise_stn_sigma': 2.679013017620471, 'noise_gpe_sigma': 56.04599877645517, 'noise_gpi_sigma': 116.28652710522236, 'g_stn_gpe_mult': 2.9922746566942053, 'g_gpe_stn_mult': 0.2955859336866355, 'g_stn_gpi_mult': 1.716124621409335, 'g_gpe_gpi_mult': 0.5179871881249729}. Best is trial 4 with value: 4.598795903409806.
[I 2026-05-28 23:25:20,754] Trial 8 finished with value: 33.313119543969286 and parameters: {'ISTN': 125.24171270223263, 'I_gpe': 2.8526086943177944, 'I_gpi': 2.0678354736293487, 'noise_stn_sigma': 3.402302701760284, 'noise_gpe_sigma': 94.41082187084776, 'noise_gpi_sigma': 98.9600504549821, 'g_stn_gpe_mult': 3.6329764552383, 'g_gpe_stn_mult': 0.2538139817870882, 'g_stn_gpi_mult': 2.8573669779553246, 'g_gpe_gpi_mult': 0.7596331107049075}. Best is trial 4 with value: 4.598795903409806.
[I 2026-05-28 23:25:21,762] Trial 9 finished with value: 25.873740973496464 and parameters: {'ISTN': 108.06144798180426, 'I_gpe': 2.088159593914187, 'I_gpi': 2.7321182722451014, 'noise_stn_sigma': 3.3524793808782456, 'noise_gpe_sigma': 48.88483497946666, 'noise_gpi_sigma': 129.93936748396976, 'g_stn_gpe_mult': 3.302290408301439, 'g_gpe_stn_mult': 0.5428025966104797, 'g_stn_gpi_mult': 2.2888222168539225, 'g_gpe_gpi_mult': 0.6716607335175118}. Best is trial 4 with value: 4.598795903409806.
[I 2026-05-28 23:25:22,770] Trial 10 finished with value: 25.44810209363909 and parameters: {'ISTN': 105.28930217987374, 'I_gpe': 2.764126309775512, 'I_gpi': 1.33834956817683, 'noise_stn_sigma': 2.965503538344267, 'noise_gpe_sigma': 129.52996397114705, 'noise_gpi_sigma': 96.48201510531312, 'g_stn_gpe_mult': 3.0608279134787137, 'g_gpe_stn_mult': 0.462684887025272, 'g_stn_gpi_mult': 2.045535048975993, 'g_gpe_gpi_mult': 0.7985205433522264}. Best is trial 4 with value: 4.598795903409806.
[I 2026-05-28 23:25:23,780] Trial 11 finished with value: 27.42579337620083 and parameters: {'ISTN': 90.0844955668993, 'I_gpe': 3.300487206377908, 'I_gpi': 1.2689311104383252, 'noise_stn_sigma': 3.265565038520371, 'noise_gpe_sigma': 54.86927998661436, 'noise_gpi_sigma': 135.43912508713504, 'g_stn_gpe_mult': 4.335374087516424, 'g_gpe_stn_mult': 0.34791609519880706, 'g_stn_gpi_mult': 2.472143375160348, 'g_gpe_gpi_mult': 0.6237710119473752}. Best is trial 4 with value: 4.598795903409806.
[I 2026-05-28 23:25:24,788] Trial 12 finished with value: 24.452333760519075 and parameters: {'ISTN': 100.10176661274053, 'I_gpe': 2.569268012188483, 'I_gpi': 2.2037416506112253, 'noise_stn_sigma': 4.60076805487493, 'noise_gpe_sigma': 57.72142821188187, 'noise_gpi_sigma': 118.55866918214475, 'g_stn_gpe_mult': 4.373149430472838, 'g_gpe_stn_mult': 0.3469413549375839, 'g_stn_gpi_mult': 1.9075085302178705, 'g_gpe_gpi_mult': 0.9347237594785371}. Best is trial 4 with value: 4.598795903409806.
[I 2026-05-28 23:25:25,795] Trial 13 finished with value: 21.164711614807825 and parameters: {'ISTN': 88.51900103046438, 'I_gpe': 2.9094032391730638, 'I_gpi': 2.183110837104522, 'noise_stn_sigma': 6.110159974130916, 'noise_gpe_sigma': 73.39361582977554, 'noise_gpi_sigma': 137.24441378538398, 'g_stn_gpe_mult': 2.592438105051884, 'g_gpe_stn_mult': 0.4552575027324117, 'g_stn_gpi_mult': 1.3995908712203842, 'g_gpe_gpi_mult': 0.8008820135687238}. Best is trial 4 with value: 4.598795903409806.
[I 2026-05-28 23:25:26,803] Trial 14 finished with value: 21.089140922548463 and parameters: {'ISTN': 99.24722249641947, 'I_gpe': 2.534885785731719, 'I_gpi': 1.498578804556057, 'noise_stn_sigma': 4.012324970130252, 'noise_gpe_sigma': 88.37922833956684, 'noise_gpi_sigma': 38.67907699150392, 'g_stn_gpe_mult': 2.788451826647102, 'g_gpe_stn_mult': 0.32055515776957777, 'g_stn_gpi_mult': 2.2995207977751253, 'g_gpe_gpi_mult': 0.704281744167564}. Best is trial 4 with value: 4.598795903409806.
[I 2026-05-28 23:25:27,811] Trial 15 finished with value: 17.54120037180313 and parameters: {'ISTN': 77.91158060126543, 'I_gpe': 2.3732076254002226, 'I_gpi': 2.0532938514019308, 'noise_stn_sigma': 4.7526677033562805, 'noise_gpe_sigma': 47.88139281309572, 'noise_gpi_sigma': 96.83137450581465, 'g_stn_gpe_mult': 3.8231018413077336, 'g_gpe_stn_mult': 0.4050495430238461, 'g_stn_gpi_mult': 2.830234575987056, 'g_gpe_gpi_mult': 0.7992862954166275}. Best is trial 4 with value: 4.598795903409806.
[I 2026-05-28 23:25:28,819] Trial 16 finished with value: 12.124791954051883 and parameters: {'ISTN': 77.2726030843502, 'I_gpe': 1.5503590999326882, 'I_gpi': 2.4421420507367237, 'noise_stn_sigma': 4.112430355973405, 'noise_gpe_sigma': 73.01115388184476, 'noise_gpi_sigma': 115.8631334466849, 'g_stn_gpe_mult': 3.9031687243897886, 'g_gpe_stn_mult': 0.19005754928895205, 'g_stn_gpi_mult': 2.0908496284402345, 'g_gpe_gpi_mult': 0.5658277236227447}. Best is trial 4 with value: 4.598795903409806.
[I 2026-05-28 23:25:29,827] Trial 17 finished with value: 28.679864814653712 and parameters: {'ISTN': 86.67198220766124, 'I_gpe': 3.812088046986798, 'I_gpi': 2.107730715002905, 'noise_stn_sigma': 5.1427853956147676, 'noise_gpe_sigma': 89.90410347922237, 'noise_gpi_sigma': 96.89124150140896, 'g_stn_gpe_mult': 2.9614741887078524, 'g_gpe_stn_mult': 0.2256422281244245, 'g_stn_gpi_mult': 2.158521906679853, 'g_gpe_gpi_mult': 0.5192300955743794}. Best is trial 4 with value: 4.598795903409806.
[I 2026-05-28 23:25:30,833] Trial 18 finished with value: 26.41774053879717 and parameters: {'ISTN': 129.18809271015328, 'I_gpe': 2.2032374016527063, 'I_gpi': 2.384368225671067, 'noise_stn_sigma': 5.361143586089873, 'noise_gpe_sigma': 91.6891636633045, 'noise_gpi_sigma': 87.86234378598881, 'g_stn_gpe_mult': 2.8696012045516444, 'g_gpe_stn_mult': 0.336975672766358, 'g_stn_gpi_mult': 2.535434432266836, 'g_gpe_gpi_mult': 0.9872286870999598}. Best is trial 4 with value: 4.598795903409806.
[I 2026-05-28 23:25:31,840] Trial 19 finished with value: 19.159245606891584 and parameters: {'ISTN': 96.29827191004868, 'I_gpe': 2.2493479719303404, 'I_gpi': 2.5181586123934867, 'noise_stn_sigma': 3.2747717437501365, 'noise_gpe_sigma': 97.5442258242078, 'noise_gpi_sigma': 103.47586498649166, 'g_stn_gpe_mult': 3.243375673561479, 'g_gpe_stn_mult': 0.43662173893408585, 'g_stn_gpi_mult': 1.4173869687297929, 'g_gpe_gpi_mult': 0.6863529552059185}. Best is trial 4 with value: 4.598795903409806.
[I 2026-05-28 23:25:32,847] Trial 20 finished with value: 21.106610054531288 and parameters: {'ISTN': 90.82161443855543, 'I_gpe': 2.637044863579068, 'I_gpi': 1.7906400257243917, 'noise_stn_sigma': 5.0663326593814295, 'noise_gpe_sigma': 59.738888861603996, 'noise_gpi_sigma': 126.54811337004227, 'g_stn_gpe_mult': 3.2313528255765545, 'g_gpe_stn_mult': 0.3738915493142092, 'g_stn_gpi_mult': 1.7196372188115823, 'g_gpe_gpi_mult': 0.3477138988937161}. Best is trial 4 with value: 4.598795903409806.
[I 2026-05-28 23:25:33,856] Trial 21 finished with value: 17.222838518543014 and parameters: {'ISTN': 86.79771353892409, 'I_gpe': 1.5982416369163044, 'I_gpi': 1.5350319785852031, 'noise_stn_sigma': 5.146206152762802, 'noise_gpe_sigma': 59.166435294769435, 'noise_gpi_sigma': 117.76303702156346, 'g_stn_gpe_mult': 3.3973909261872333, 'g_gpe_stn_mult': 0.2494140124845802, 'g_stn_gpi_mult': 2.2990744946084503, 'g_gpe_gpi_mult': 1.0425548817971284}. Best is trial 4 with value: 4.598795903409806.
[I 2026-05-28 23:25:34,866] Trial 22 finished with value: 19.998227987945672 and parameters: {'ISTN': 90.8364503754457, 'I_gpe': 2.060746473017064, 'I_gpi': 1.883796051102659, 'noise_stn_sigma': 3.9096107707755126, 'noise_gpe_sigma': 53.39119714430444, 'noise_gpi_sigma': 76.2651621251218, 'g_stn_gpe_mult': 3.639160229949086, 'g_gpe_stn_mult': 0.40893555362088785, 'g_stn_gpi_mult': 2.1373378724576906, 'g_gpe_gpi_mult': 0.9848860566036226}. Best is trial 4 with value: 4.598795903409806.
[I 2026-05-28 23:25:35,877] Trial 23 finished with value: 24.212488498392528 and parameters: {'ISTN': 98.80003660757802, 'I_gpe': 2.8467870468732466, 'I_gpi': 1.9258672490307687, 'noise_stn_sigma': 3.986294242289343, 'noise_gpe_sigma': 63.76539947783122, 'noise_gpi_sigma': 129.33021700969226, 'g_stn_gpe_mult': 3.7417834283042333, 'g_gpe_stn_mult': 0.2821754525651313, 'g_stn_gpi_mult': 1.657267820225381, 'g_gpe_gpi_mult': 0.4333783149468198}. Best is trial 4 with value: 4.598795903409806.
[I 2026-05-28 23:25:36,885] Trial 24 finished with value: 18.471513527762404 and parameters: {'ISTN': 85.64898668532703, 'I_gpe': 2.503196741794162, 'I_gpi': 1.4246389612193282, 'noise_stn_sigma': 4.519633346478839, 'noise_gpe_sigma': 54.24850079367517, 'noise_gpi_sigma': 96.88560418603039, 'g_stn_gpe_mult': 2.5191710967604997, 'g_gpe_stn_mult': 0.37957501183357223, 'g_stn_gpi_mult': 1.1998363852167526, 'g_gpe_gpi_mult': 0.8381412124256711}. Best is trial 4 with value: 4.598795903409806.
[I 2026-05-28 23:25:37,892] Trial 25 finished with value: 18.953220539563507 and parameters: {'ISTN': 87.79469544523667, 'I_gpe': 2.348763547811025, 'I_gpi': 2.913051900412559, 'noise_stn_sigma': 4.8620607785382575, 'noise_gpe_sigma': 78.08492439971593, 'noise_gpi_sigma': 130.85598781287143, 'g_stn_gpe_mult': 3.45673059837914, 'g_gpe_stn_mult': 0.3711053799141282, 'g_stn_gpi_mult': 2.1825994880613333, 'g_gpe_gpi_mult': 0.7272313308049603}. Best is trial 4 with value: 4.598795903409806.
[I 2026-05-28 23:25:38,901] Trial 26 finished with value: 19.07149148238085 and parameters: {'ISTN': 98.67728733538974, 'I_gpe': 1.8012985372401387, 'I_gpi': 2.382429889795726, 'noise_stn_sigma': 4.062669650900503, 'noise_gpe_sigma': 59.36559648462339, 'noise_gpi_sigma': 87.38458248131813, 'g_stn_gpe_mult': 4.014998484734012, 'g_gpe_stn_mult': 0.1823298785706023, 'g_stn_gpi_mult': 2.537781017170406, 'g_gpe_gpi_mult': 0.7790489379846894}. Best is trial 4 with value: 4.598795903409806.
[I 2026-05-28 23:25:39,910] Trial 27 finished with value: 19.294992688383832 and parameters: {'ISTN': 101.44098424194037, 'I_gpe': 0.8516671196136419, 'I_gpi': 3.098756835103644, 'noise_stn_sigma': 3.2150985205797324, 'noise_gpe_sigma': 49.43594550377487, 'noise_gpi_sigma': 112.21912036424482, 'g_stn_gpe_mult': 4.278590564304864, 'g_gpe_stn_mult': 0.1487621692444244, 'g_stn_gpi_mult': 2.4456724570045676, 'g_gpe_gpi_mult': 0.5732321785585729}. Best is trial 4 with value: 4.598795903409806.
[I 2026-05-28 23:25:40,920] Trial 28 finished with value: 12.199402538764945 and parameters: {'ISTN': 65.43250312518829, 'I_gpe': 2.4887888640093716, 'I_gpi': 1.7064528187477919, 'noise_stn_sigma': 6.452350809550598, 'noise_gpe_sigma': 87.62675877258619, 'noise_gpi_sigma': 82.10601408914968, 'g_stn_gpe_mult': 3.5925893296217093, 'g_gpe_stn_mult': 0.3904988359468855, 'g_stn_gpi_mult': 2.373169242350415, 'g_gpe_gpi_mult': 0.5413750884943282}. Best is trial 4 with value: 4.598795903409806.
[I 2026-05-28 23:25:41,924] Trial 29 finished with value: 24.09933066672662 and parameters: {'ISTN': 108.0015031803711, 'I_gpe': 1.3647665018611317, 'I_gpi': 2.7279970701217855, 'noise_stn_sigma': 3.9306686505877435, 'noise_gpe_sigma': 83.48713033567859, 'noise_gpi_sigma': 113.19009951986985, 'g_stn_gpe_mult': 4.174690606851188, 'g_gpe_stn_mult': 0.5033857228032639, 'g_stn_gpi_mult': 2.1412236674111584, 'g_gpe_gpi_mult': 0.24606618555153542}. Best is trial 4 with value: 4.598795903409806.
[I 2026-05-28 23:25:42,931] Trial 30 finished with value: 17.564422972461717 and parameters: {'ISTN': 89.79840178103149, 'I_gpe': 2.1138161984515764, 'I_gpi': 2.050192490599063, 'noise_stn_sigma': 4.711862523218681, 'noise_gpe_sigma': 32.893662919672416, 'noise_gpi_sigma': 97.75437077396097, 'g_stn_gpe_mult': 4.471698491893372, 'g_gpe_stn_mult': 0.12136069605106226, 'g_stn_gpi_mult': 1.8388006363488356, 'g_gpe_gpi_mult': 0.6363024445172053}. Best is trial 4 with value: 4.598795903409806.
[I 2026-05-28 23:25:43,938] Trial 31 finished with value: 15.939174837188492 and parameters: {'ISTN': 93.59649575183613, 'I_gpe': 1.2589645392209996, 'I_gpi': 1.7802614548057094, 'noise_stn_sigma': 4.122444142259146, 'noise_gpe_sigma': 52.647757494192874, 'noise_gpi_sigma': 98.8249727872589, 'g_stn_gpe_mult': 3.315647306544184, 'g_gpe_stn_mult': 0.2990620943515393, 'g_stn_gpi_mult': 2.0371888197920143, 'g_gpe_gpi_mult': 0.9006032360761143}. Best is trial 4 with value: 4.598795903409806.
[I 2026-05-28 23:25:44,944] Trial 32 finished with value: 17.811503353674723 and parameters: {'ISTN': 88.24495250415625, 'I_gpe': 1.978225112431498, 'I_gpi': 1.9699766592596768, 'noise_stn_sigma': 6.857307813748364, 'noise_gpe_sigma': 51.12445919929603, 'noise_gpi_sigma': 114.81975763489596, 'g_stn_gpe_mult': 3.0526928113198784, 'g_gpe_stn_mult': 0.2710335003953327, 'g_stn_gpi_mult': 1.1566911836970146, 'g_gpe_gpi_mult': 0.8425049912102989}. Best is trial 4 with value: 4.598795903409806.
[I 2026-05-28 23:25:45,950] Trial 33 finished with value: 15.632773068294096 and parameters: {'ISTN': 81.2128634053181, 'I_gpe': 2.452829085941029, 'I_gpi': 1.335454171085655, 'noise_stn_sigma': 5.702344965694399, 'noise_gpe_sigma': 76.93327676109338, 'noise_gpi_sigma': 117.67123289252716, 'g_stn_gpe_mult': 3.6348039391604923, 'g_gpe_stn_mult': 0.3505503563942699, 'g_stn_gpi_mult': 1.5724209611914237, 'g_gpe_gpi_mult': 0.8050238862451402}. Best is trial 4 with value: 4.598795903409806.
[I 2026-05-28 23:25:46,961] Trial 34 finished with value: 14.02315346342646 and parameters: {'ISTN': 70.23794716254648, 'I_gpe': 2.0527558456183455, 'I_gpi': 1.3457155241538825, 'noise_stn_sigma': 5.432162050899688, 'noise_gpe_sigma': 75.35577806540206, 'noise_gpi_sigma': 85.51290429116597, 'g_stn_gpe_mult': 3.5340492085207744, 'g_gpe_stn_mult': 0.3660308118396203, 'g_stn_gpi_mult': 2.8503463011254344, 'g_gpe_gpi_mult': 0.6050892608846601}. Best is trial 4 with value: 4.598795903409806.
[I 2026-05-28 23:25:47,969] Trial 35 finished with value: 15.896132042264766 and parameters: {'ISTN': 87.21644189558556, 'I_gpe': 2.633712489087012, 'I_gpi': 1.4098236332087803, 'noise_stn_sigma': 6.517542741582346, 'noise_gpe_sigma': 49.27926271062506, 'noise_gpi_sigma': 105.57752315244653, 'g_stn_gpe_mult': 4.3476523410918855, 'g_gpe_stn_mult': 0.16177392650713945, 'g_stn_gpi_mult': 1.9129299462363623, 'g_gpe_gpi_mult': 0.6073195454091411}. Best is trial 4 with value: 4.598795903409806.
[I 2026-05-28 23:25:48,976] Trial 36 finished with value: 18.662712538215033 and parameters: {'ISTN': 93.24292483362929, 'I_gpe': 1.902788202054217, 'I_gpi': 1.954147587907851, 'noise_stn_sigma': 7.870032934293636, 'noise_gpe_sigma': 55.21602207661214, 'noise_gpi_sigma': 84.5455559299564, 'g_stn_gpe_mult': 3.183812188802128, 'g_gpe_stn_mult': 0.3277794899521475, 'g_stn_gpi_mult': 1.4887015707702145, 'g_gpe_gpi_mult': 0.28420853513572564}. Best is trial 4 with value: 4.598795903409806.
[I 2026-05-28 23:25:49,985] Trial 37 finished with value: 16.599400269232056 and parameters: {'ISTN': 62.9830003350163, 'I_gpe': 3.1048192507424472, 'I_gpi': 1.3378900610056021, 'noise_stn_sigma': 5.310045039617055, 'noise_gpe_sigma': 74.0707185151558, 'noise_gpi_sigma': 105.40804279594096, 'g_stn_gpe_mult': 3.856712846025626, 'g_gpe_stn_mult': 0.5161714333015102, 'g_stn_gpi_mult': 2.6950627777311107, 'g_gpe_gpi_mult': 0.7679858099661918}. Best is trial 4 with value: 4.598795903409806.
[I 2026-05-28 23:25:50,994] Trial 38 finished with value: 14.636977442304318 and parameters: {'ISTN': 82.28350199685545, 'I_gpe': 1.815589522892325, 'I_gpi': 1.686596371811517, 'noise_stn_sigma': 4.019582872290307, 'noise_gpe_sigma': 79.9427248887163, 'noise_gpi_sigma': 132.3742226358005, 'g_stn_gpe_mult': 3.676357835555298, 'g_gpe_stn_mult': 0.2824869648003746, 'g_stn_gpi_mult': 3.5891925398563824, 'g_gpe_gpi_mult': 0.5994807979915722}. Best is trial 4 with value: 4.598795903409806.
[I 2026-05-28 23:25:52,001] Trial 39 finished with value: 10.958486569043908 and parameters: {'ISTN': 76.96260174276136, 'I_gpe': 1.8441699734451373, 'I_gpi': 2.6240491841672755, 'noise_stn_sigma': 6.13903359052053, 'noise_gpe_sigma': 98.04335057291031, 'noise_gpi_sigma': 88.13152788738881, 'g_stn_gpe_mult': 4.06283355219102, 'g_gpe_stn_mult': 0.3434791628125543, 'g_stn_gpi_mult': 2.780194128183398, 'g_gpe_gpi_mult': 0.7423105810596446}. Best is trial 4 with value: 4.598795903409806.
[I 2026-05-28 23:25:53,009] Trial 40 finished with value: 6.185440504409067 and parameters: {'ISTN': 61.53771324294162, 'I_gpe': 2.1408204847908943, 'I_gpi': 1.4711603715018584, 'noise_stn_sigma': 5.784480303951932, 'noise_gpe_sigma': 47.2858986804305, 'noise_gpi_sigma': 98.17043715071463, 'g_stn_gpe_mult': 2.8343897856819797, 'g_gpe_stn_mult': 0.32526833658952203, 'g_stn_gpi_mult': 2.171608895130354, 'g_gpe_gpi_mult': 0.5633927404269929}. Best is trial 4 with value: 4.598795903409806.
[I 2026-05-28 23:25:54,016] Trial 41 finished with value: 12.29973894005861 and parameters: {'ISTN': 68.15479967875893, 'I_gpe': 1.8739851730416603, 'I_gpi': 1.5696715597185613, 'noise_stn_sigma': 7.022054244019533, 'noise_gpe_sigma': 72.17595744214165, 'noise_gpi_sigma': 130.9613117818272, 'g_stn_gpe_mult': 2.795395616448376, 'g_gpe_stn_mult': 0.2940570135361906, 'g_stn_gpi_mult': 2.6161966369971066, 'g_gpe_gpi_mult': 0.691221113182213}. Best is trial 4 with value: 4.598795903409806.
[I 2026-05-28 23:25:55,023] Trial 42 finished with value: 14.581244531411317 and parameters: {'ISTN': 73.59550599785057, 'I_gpe': 2.2419275269758723, 'I_gpi': 2.711772940828418, 'noise_stn_sigma': 4.305197208053501, 'noise_gpe_sigma': 91.44765380110859, 'noise_gpi_sigma': 88.45611022773754, 'g_stn_gpe_mult': 3.3957187084005813, 'g_gpe_stn_mult': 0.34555733768663094, 'g_stn_gpi_mult': 2.527814850202592, 'g_gpe_gpi_mult': 0.7330656650708562}. Best is trial 4 with value: 4.598795903409806.
[I 2026-05-28 23:25:56,030] Trial 43 finished with value: 13.297417202327976 and parameters: {'ISTN': 72.13382394946787, 'I_gpe': 0.8500707863650261, 'I_gpi': 3.318457182049903, 'noise_stn_sigma': 4.9694295568463005, 'noise_gpe_sigma': 59.85684982566065, 'noise_gpi_sigma': 98.81311029517471, 'g_stn_gpe_mult': 3.097170269680559, 'g_gpe_stn_mult': 0.1815683256699445, 'g_stn_gpi_mult': 3.3927839701190194, 'g_gpe_gpi_mult': 0.8735919220364916}. Best is trial 4 with value: 4.598795903409806.
