[I 2026-05-28 23:23:00,366] Trial 880 finished with value: 12.611860219932774 and parameters: {'ISTN': 65.03905179198362, 'I_gpe': 2.0702483110237386, 'I_gpi': 2.149979041972683, 'noise_stn_sigma': 6.5848025892304225, 'noise_gpe_sigma': 121.5250038102561, 'noise_gpi_sigma': 99.10820711628195, 'g_stn_gpe_mult': 3.340617106573177, 'g_gpe_stn_mult': 0.7111781521194105, 'g_stn_gpi_mult': 3.1756533084567438, 'g_gpe_gpi_mult': 0.8470115846447468}. Best is trial 659 with value: 1.772618881235328.
[I 2026-05-28 23:23:01,375] Trial 881 finished with value: 7.587434829400098 and parameters: {'ISTN': 63.37731114303102, 'I_gpe': 2.067845441184844, 'I_gpi': 2.2081301223009855, 'noise_stn_sigma': 7.013290500459593, 'noise_gpe_sigma': 122.51613221165519, 'noise_gpi_sigma': 101.72028851922556, 'g_stn_gpe_mult': 3.3068383722571664, 'g_gpe_stn_mult': 0.7375633650908906, 'g_stn_gpi_mult': 3.324558665506266, 'g_gpe_gpi_mult': 0.8720426500125378}. Best is trial 659 with value: 1.772618881235328.
[I 2026-05-28 23:23:02,384] Trial 882 finished with value: 4.8768156273507985 and parameters: {'ISTN': 65.0308371306295, 'I_gpe': 2.064742018025589, 'I_gpi': 2.2664693055168947, 'noise_stn_sigma': 6.70393611503476, 'noise_gpe_sigma': 126.16321048210565, 'noise_gpi_sigma': 100.46533977517134, 'g_stn_gpe_mult': 3.3448762080170322, 'g_gpe_stn_mult': 0.7316637244677029, 'g_stn_gpi_mult': 3.2419733762408716, 'g_gpe_gpi_mult': 0.8396611274648818}. Best is trial 659 with value: 1.772618881235328.
[I 2026-05-28 23:23:03,389] Trial 883 finished with value: 7.5026890866670355 and parameters: {'ISTN': 63.83859433372425, 'I_gpe': 2.088392150248745, 'I_gpi': 2.1595208376967596, 'noise_stn_sigma': 6.742010747240711, 'noise_gpe_sigma': 125.83131731477472, 'noise_gpi_sigma': 98.44184388902985, 'g_stn_gpe_mult': 3.3802901789671846, 'g_gpe_stn_mult': 0.7285277374975163, 'g_stn_gpi_mult': 3.1421008561178536, 'g_gpe_gpi_mult': 0.8523391199764614}. Best is trial 659 with value: 1.772618881235328.
[I 2026-05-28 23:23:04,398] Trial 884 finished with value: 9.366744925876562 and parameters: {'ISTN': 64.72539744757954, 'I_gpe': 2.064862195897892, 'I_gpi': 2.1677195339481212, 'noise_stn_sigma': 6.704319431490351, 'noise_gpe_sigma': 125.63339854377412, 'noise_gpi_sigma': 100.42554619204358, 'g_stn_gpe_mult': 3.3863216448025337, 'g_gpe_stn_mult': 0.7242011285683667, 'g_stn_gpi_mult': 3.190612365234136, 'g_gpe_gpi_mult': 0.8600997702791893}. Best is trial 659 with value: 1.772618881235328.
[I 2026-05-28 23:23:05,407] Trial 885 finished with value: 8.531190633188327 and parameters: {'ISTN': 63.85385684901178, 'I_gpe': 2.0610641590782564, 'I_gpi': 2.2133004506707197, 'noise_stn_sigma': 6.782336650643007, 'noise_gpe_sigma': 127.56863936011572, 'noise_gpi_sigma': 98.50516584174183, 'g_stn_gpe_mult': 3.382208214631196, 'g_gpe_stn_mult': 0.7290782198465195, 'g_stn_gpi_mult': 3.174437467982068, 'g_gpe_gpi_mult': 0.8673789115937913}. Best is trial 659 with value: 1.772618881235328.
[I 2026-05-28 23:23:06,416] Trial 886 finished with value: 7.039114835290457 and parameters: {'ISTN': 64.22844754634893, 'I_gpe': 2.0540733236445856, 'I_gpi': 2.2081117009532574, 'noise_stn_sigma': 6.694160478259691, 'noise_gpe_sigma': 123.25172479077796, 'noise_gpi_sigma': 97.3226087418448, 'g_stn_gpe_mult': 3.3665873672749456, 'g_gpe_stn_mult': 0.717491474056152, 'g_stn_gpi_mult': 3.2098525147370993, 'g_gpe_gpi_mult': 0.847459298322067}. Best is trial 659 with value: 1.772618881235328.
[I 2026-05-28 23:23:07,422] Trial 887 finished with value: 3.713027362717927 and parameters: {'ISTN': 63.578973451857514, 'I_gpe': 2.0628282873534025, 'I_gpi': 2.2514160590534407, 'noise_stn_sigma': 6.616684637027349, 'noise_gpe_sigma': 122.7204002289985, 'noise_gpi_sigma': 102.12883393364332, 'g_stn_gpe_mult': 3.34397119102994, 'g_gpe_stn_mult': 0.7183999665715817, 'g_stn_gpi_mult': 3.1915264407148087, 'g_gpe_gpi_mult': 0.8630262398464015}. Best is trial 659 with value: 1.772618881235328.
[I 2026-05-28 23:23:08,431] Trial 888 finished with value: 5.881636001654343 and parameters: {'ISTN': 63.6714192852993, 'I_gpe': 2.0425915719662795, 'I_gpi': 2.187436067976366, 'noise_stn_sigma': 6.69545145873342, 'noise_gpe_sigma': 122.36067223943392, 'noise_gpi_sigma': 101.20442020572936, 'g_stn_gpe_mult': 3.3280671284457224, 'g_gpe_stn_mult': 0.7145614018866511, 'g_stn_gpi_mult': 3.102179201005146, 'g_gpe_gpi_mult': 0.8312220118674956}. Best is trial 659 with value: 1.772618881235328.
[I 2026-05-28 23:23:09,438] Trial 889 finished with value: 9.055968446858778 and parameters: {'ISTN': 63.643191179657535, 'I_gpe': 2.076789630842416, 'I_gpi': 2.2200854953115026, 'noise_stn_sigma': 6.725704146934901, 'noise_gpe_sigma': 125.55006130783866, 'noise_gpi_sigma': 99.58055913115957, 'g_stn_gpe_mult': 3.3850157847150757, 'g_gpe_stn_mult': 0.7176175686881087, 'g_stn_gpi_mult': 3.198092901413317, 'g_gpe_gpi_mult': 0.8605684892118604}. Best is trial 659 with value: 1.772618881235328.
[I 2026-05-28 23:23:10,445] Trial 890 finished with value: 4.158796189863066 and parameters: {'ISTN': 63.39413718793688, 'I_gpe': 2.0696341441496786, 'I_gpi': 2.1860267761841596, 'noise_stn_sigma': 6.7672281752548145, 'noise_gpe_sigma': 124.34672149833432, 'noise_gpi_sigma': 98.17849157050446, 'g_stn_gpe_mult': 3.3722449808783894, 'g_gpe_stn_mult': 0.7226844461132458, 'g_stn_gpi_mult': 3.22705147882317, 'g_gpe_gpi_mult': 0.8601053398768115}. Best is trial 659 with value: 1.772618881235328.
[I 2026-05-28 23:23:11,455] Trial 891 finished with value: 7.5743845624822255 and parameters: {'ISTN': 62.43301166293699, 'I_gpe': 2.0606168933141817, 'I_gpi': 2.205265467610742, 'noise_stn_sigma': 6.797631937648533, 'noise_gpe_sigma': 121.95788008191181, 'noise_gpi_sigma': 101.48681504740028, 'g_stn_gpe_mult': 3.3705248788153823, 'g_gpe_stn_mult': 0.7160364417368619, 'g_stn_gpi_mult': 3.2468862752432166, 'g_gpe_gpi_mult': 0.8740055154891884}. Best is trial 659 with value: 1.772618881235328.
[I 2026-05-28 23:23:12,464] Trial 892 finished with value: 8.384443362617375 and parameters: {'ISTN': 64.48322321712753, 'I_gpe': 2.0452411128850203, 'I_gpi': 2.2481115925916844, 'noise_stn_sigma': 6.465987004240788, 'noise_gpe_sigma': 123.71806788157929, 'noise_gpi_sigma': 98.37637274545665, 'g_stn_gpe_mult': 3.3372313570288177, 'g_gpe_stn_mult': 0.7208520405774755, 'g_stn_gpi_mult': 3.1582946599962325, 'g_gpe_gpi_mult': 0.8607093069998459}. Best is trial 659 with value: 1.772618881235328.
[I 2026-05-28 23:23:13,473] Trial 893 finished with value: 8.047291675798665 and parameters: {'ISTN': 63.45101592968576, 'I_gpe': 2.0931429664880685, 'I_gpi': 2.2025712123420016, 'noise_stn_sigma': 6.8092387175914935, 'noise_gpe_sigma': 123.43676414616638, 'noise_gpi_sigma': 99.45506839117715, 'g_stn_gpe_mult': 3.341268935227325, 'g_gpe_stn_mult': 0.726004346743768, 'g_stn_gpi_mult': 3.2296874456331697, 'g_gpe_gpi_mult': 0.873252649413915}. Best is trial 659 with value: 1.772618881235328.
[I 2026-05-28 23:23:14,478] Trial 894 finished with value: 5.5714693786346405 and parameters: {'ISTN': 62.99573935868831, 'I_gpe': 2.0441628101806, 'I_gpi': 2.2199010881164316, 'noise_stn_sigma': 6.6691084366288935, 'noise_gpe_sigma': 123.43951749779359, 'noise_gpi_sigma': 101.28515030791637, 'g_stn_gpe_mult': 3.385711753309611, 'g_gpe_stn_mult': 0.7256138702645871, 'g_stn_gpi_mult': 3.212262866501584, 'g_gpe_gpi_mult': 0.8851131948625108}. Best is trial 659 with value: 1.772618881235328.
[I 2026-05-28 23:23:15,486] Trial 895 finished with value: 5.115245137845497 and parameters: {'ISTN': 63.82555608173354, 'I_gpe': 2.0328004735578764, 'I_gpi': 2.298970452342575, 'noise_stn_sigma': 6.46688069208878, 'noise_gpe_sigma': 121.49538234110393, 'noise_gpi_sigma': 101.58847737856813, 'g_stn_gpe_mult': 3.3862698455596707, 'g_gpe_stn_mult': 0.7184346549105044, 'g_stn_gpi_mult': 3.2244296084578705, 'g_gpe_gpi_mult': 0.8446418518440546}. Best is trial 659 with value: 1.772618881235328.
[I 2026-05-28 23:23:16,494] Trial 896 finished with value: 6.976544971263662 and parameters: {'ISTN': 64.47976216191998, 'I_gpe': 2.0741002045736434, 'I_gpi': 2.2272203376615467, 'noise_stn_sigma': 6.45502360948137, 'noise_gpe_sigma': 123.30776075983903, 'noise_gpi_sigma': 101.27910829056778, 'g_stn_gpe_mult': 3.3870661666615964, 'g_gpe_stn_mult': 0.7165432995238759, 'g_stn_gpi_mult': 3.1886648544330924, 'g_gpe_gpi_mult': 0.8450326315362193}. Best is trial 659 with value: 1.772618881235328.
[I 2026-05-28 23:23:17,502] Trial 897 finished with value: 3.257089936202987 and parameters: {'ISTN': 62.9167891141385, 'I_gpe': 2.0468387390783, 'I_gpi': 2.276708469577627, 'noise_stn_sigma': 6.691899642988504, 'noise_gpe_sigma': 123.59128664452614, 'noise_gpi_sigma': 104.4604268466486, 'g_stn_gpe_mult': 3.346700921349164, 'g_gpe_stn_mult': 0.7185414983584018, 'g_stn_gpi_mult': 3.1922372607510665, 'g_gpe_gpi_mult': 0.8744522345698973}. Best is trial 659 with value: 1.772618881235328.
[I 2026-05-28 23:23:18,509] Trial 898 finished with value: 5.064112529928384 and parameters: {'ISTN': 62.979369647716965, 'I_gpe': 2.0891719536251356, 'I_gpi': 2.2122860955595565, 'noise_stn_sigma': 6.583802414693025, 'noise_gpe_sigma': 122.42722056423534, 'noise_gpi_sigma': 100.07330720975389, 'g_stn_gpe_mult': 3.334266927327667, 'g_gpe_stn_mult': 0.7150825780186413, 'g_stn_gpi_mult': 3.1983183579399137, 'g_gpe_gpi_mult': 0.8562936154091376}. Best is trial 659 with value: 1.772618881235328.
[I 2026-05-28 23:23:19,518] Trial 899 finished with value: 6.842460801525551 and parameters: {'ISTN': 63.251459550351264, 'I_gpe': 2.0407664542923785, 'I_gpi': 2.252935517316449, 'noise_stn_sigma': 6.616287618320991, 'noise_gpe_sigma': 119.05477184556497, 'noise_gpi_sigma': 102.05525125097753, 'g_stn_gpe_mult': 3.3351494583893695, 'g_gpe_stn_mult': 0.7213530630303197, 'g_stn_gpi_mult': 3.2607250694758205, 'g_gpe_gpi_mult': 0.836971185907933}. Best is trial 659 with value: 1.772618881235328.
[I 2026-05-28 23:23:20,527] Trial 900 finished with value: 8.23575069021811 and parameters: {'ISTN': 64.33065913784824, 'I_gpe': 2.0906478602519316, 'I_gpi': 2.2644741217951334, 'noise_stn_sigma': 6.440905762793171, 'noise_gpe_sigma': 125.44534083761134, 'noise_gpi_sigma': 102.32167716377515, 'g_stn_gpe_mult': 3.3683176056767863, 'g_gpe_stn_mult': 0.7242430434858421, 'g_stn_gpi_mult': 3.2136796163036934, 'g_gpe_gpi_mult': 0.8362220093749566}. Best is trial 659 with value: 1.772618881235328.
[I 2026-05-28 23:23:21,536] Trial 901 finished with value: 5.153592369690488 and parameters: {'ISTN': 62.83539712830964, 'I_gpe': 2.034778760203045, 'I_gpi': 2.2524191567536676, 'noise_stn_sigma': 6.5192841289068495, 'noise_gpe_sigma': 121.72569488937559, 'noise_gpi_sigma': 102.75787320506177, 'g_stn_gpe_mult': 3.384118838187474, 'g_gpe_stn_mult': 0.7144352644484603, 'g_stn_gpi_mult': 3.2169331739244686, 'g_gpe_gpi_mult': 0.8606327537365144}. Best is trial 659 with value: 1.772618881235328.
[I 2026-05-28 23:23:22,543] Trial 902 finished with value: 9.66272344876905 and parameters: {'ISTN': 62.98589564354256, 'I_gpe': 2.0085793163624968, 'I_gpi': 2.2325198248576994, 'noise_stn_sigma': 6.694117899824676, 'noise_gpe_sigma': 119.6204019071472, 'noise_gpi_sigma': 102.86478130918546, 'g_stn_gpe_mult': 3.373272359826668, 'g_gpe_stn_mult': 0.7240241017078846, 'g_stn_gpi_mult': 3.2267727959024075, 'g_gpe_gpi_mult': 0.8735710028503487}. Best is trial 659 with value: 1.772618881235328.
[I 2026-05-28 23:23:23,551] Trial 903 finished with value: 5.924641158308736 and parameters: {'ISTN': 63.84575143241738, 'I_gpe': 2.0560096846098324, 'I_gpi': 2.2768787859343065, 'noise_stn_sigma': 6.628212505219135, 'noise_gpe_sigma': 124.51556990530517, 'noise_gpi_sigma': 100.24060267994078, 'g_stn_gpe_mult': 3.365824100824505, 'g_gpe_stn_mult': 0.7256903625950331, 'g_stn_gpi_mult': 3.2222474070409004, 'g_gpe_gpi_mult': 0.852319343617012}. Best is trial 659 with value: 1.772618881235328.
[I 2026-05-28 23:23:24,560] Trial 904 finished with value: 9.800259138010107 and parameters: {'ISTN': 61.96425965624225, 'I_gpe': 2.0539967873843477, 'I_gpi': 2.194580157623739, 'noise_stn_sigma': 6.832800767682505, 'noise_gpe_sigma': 124.88456354556467, 'noise_gpi_sigma': 100.26277364226101, 'g_stn_gpe_mult': 3.4009975525285694, 'g_gpe_stn_mult': 0.716119846115024, 'g_stn_gpi_mult': 3.235789865235231, 'g_gpe_gpi_mult': 0.8728559659073996}. Best is trial 659 with value: 1.772618881235328.
[I 2026-05-28 23:23:25,568] Trial 905 finished with value: 4.955079740992352 and parameters: {'ISTN': 63.27724980824608, 'I_gpe': 2.0752166233477176, 'I_gpi': 2.2814070229275614, 'noise_stn_sigma': 6.466880329708218, 'noise_gpe_sigma': 120.09248902467228, 'noise_gpi_sigma': 104.99722565524188, 'g_stn_gpe_mult': 3.34793994991007, 'g_gpe_stn_mult': 0.7150446198019277, 'g_stn_gpi_mult': 3.1857319870604788, 'g_gpe_gpi_mult': 0.8672042358359637}. Best is trial 659 with value: 1.772618881235328.
[I 2026-05-28 23:23:26,578] Trial 906 finished with value: 6.505092950421882 and parameters: {'ISTN': 62.275553504327284, 'I_gpe': 2.0743187578656155, 'I_gpi': 2.224556309324247, 'noise_stn_sigma': 6.621518605386565, 'noise_gpe_sigma': 125.05078177497782, 'noise_gpi_sigma': 103.03294501923908, 'g_stn_gpe_mult': 3.3723226640379087, 'g_gpe_stn_mult': 0.7117225845801601, 'g_stn_gpi_mult': 3.2183505634579115, 'g_gpe_gpi_mult': 0.8689609811413164}. Best is trial 659 with value: 1.772618881235328.
[I 2026-05-28 23:23:27,589] Trial 907 finished with value: 5.495998871345579 and parameters: {'ISTN': 62.47586595354935, 'I_gpe': 2.0551193875111204, 'I_gpi': 2.2402459759584126, 'noise_stn_sigma': 6.685064561920796, 'noise_gpe_sigma': 125.49170893833002, 'noise_gpi_sigma': 100.74620232609104, 'g_stn_gpe_mult': 3.409215289492318, 'g_gpe_stn_mult': 0.7122100201401316, 'g_stn_gpi_mult': 3.2642802548017418, 'g_gpe_gpi_mult': 0.8700930315286706}. Best is trial 659 with value: 1.772618881235328.
[I 2026-05-28 23:23:28,600] Trial 908 finished with value: 6.405587996111782 and parameters: {'ISTN': 62.79035911073162, 'I_gpe': 2.0612597275953877, 'I_gpi': 2.2777357786146712, 'noise_stn_sigma': 6.542633045522568, 'noise_gpe_sigma': 122.02597076080967, 'noise_gpi_sigma': 100.71294979860154, 'g_stn_gpe_mult': 3.338393664337654, 'g_gpe_stn_mult': 0.7084129016918874, 'g_stn_gpi_mult': 3.1678059027005903, 'g_gpe_gpi_mult': 0.868942654497493}. Best is trial 659 with value: 1.772618881235328.
[I 2026-05-28 23:23:29,611] Trial 909 finished with value: 8.125075424260418 and parameters: {'ISTN': 63.48757287538925, 'I_gpe': 2.0517255326420223, 'I_gpi': 2.2786099742388104, 'noise_stn_sigma': 6.559146793699544, 'noise_gpe_sigma': 120.57243496415468, 'noise_gpi_sigma': 101.29566546389421, 'g_stn_gpe_mult': 3.2927435558247433, 'g_gpe_stn_mult': 0.7213985561529721, 'g_stn_gpi_mult': 3.247209756875464, 'g_gpe_gpi_mult': 0.8739664692888365}. Best is trial 659 with value: 1.772618881235328.
[I 2026-05-28 23:23:30,621] Trial 910 finished with value: 5.567239464613736 and parameters: {'ISTN': 64.0384525007654, 'I_gpe': 2.035862437358814, 'I_gpi': 2.3118594333574087, 'noise_stn_sigma': 6.753769783243344, 'noise_gpe_sigma': 126.00344518564738, 'noise_gpi_sigma': 99.55619881866612, 'g_stn_gpe_mult': 3.3743020915827673, 'g_gpe_stn_mult': 0.7293090663381446, 'g_stn_gpi_mult': 3.1750213716881115, 'g_gpe_gpi_mult': 0.8653484564278631}. Best is trial 659 with value: 1.772618881235328.
[I 2026-05-28 23:23:31,631] Trial 911 finished with value: 10.081536296826924 and parameters: {'ISTN': 62.44722354020793, 'I_gpe': 2.0363175629522354, 'I_gpi': 2.222876628529211, 'noise_stn_sigma': 6.3920348270608836, 'noise_gpe_sigma': 118.24179814044149, 'noise_gpi_sigma': 104.02368731334845, 'g_stn_gpe_mult': 3.3895204624302187, 'g_gpe_stn_mult': 0.7065205919681488, 'g_stn_gpi_mult': 3.185500681033713, 'g_gpe_gpi_mult': 0.8646801671739295}. Best is trial 659 with value: 1.772618881235328.
[I 2026-05-28 23:23:32,641] Trial 912 finished with value: 10.591274237049902 and parameters: {'ISTN': 62.63973940296031, 'I_gpe': 2.0207478808980026, 'I_gpi': 2.3609540266595372, 'noise_stn_sigma': 6.454784531214472, 'noise_gpe_sigma': 119.14580386414212, 'noise_gpi_sigma': 106.64740478360834, 'g_stn_gpe_mult': 3.330583517144797, 'g_gpe_stn_mult': 0.7130244739919724, 'g_stn_gpi_mult': 3.2000747945702575, 'g_gpe_gpi_mult': 0.8542603881067716}. Best is trial 659 with value: 1.772618881235328.
[I 2026-05-28 23:23:33,649] Trial 913 finished with value: 9.101651638973895 and parameters: {'ISTN': 64.2779095127339, 'I_gpe': 2.090338132726155, 'I_gpi': 2.2619521908327087, 'noise_stn_sigma': 6.498874208224793, 'noise_gpe_sigma': 122.36543979012836, 'noise_gpi_sigma': 100.99383252894839, 'g_stn_gpe_mult': 3.348513038064766, 'g_gpe_stn_mult': 0.7191022462147035, 'g_stn_gpi_mult': 3.2437912740237573, 'g_gpe_gpi_mult': 0.863090103583694}. Best is trial 659 with value: 1.772618881235328.
[I 2026-05-28 23:23:34,661] Trial 914 finished with value: 8.183355890701208 and parameters: {'ISTN': 62.82566005094233, 'I_gpe': 2.0206975982269455, 'I_gpi': 2.2649878548953737, 'noise_stn_sigma': 6.702020248710605, 'noise_gpe_sigma': 119.68696871129028, 'noise_gpi_sigma': 104.2304077942096, 'g_stn_gpe_mult': 3.379872211235101, 'g_gpe_stn_mult': 0.7219366353832952, 'g_stn_gpi_mult': 3.264026524086963, 'g_gpe_gpi_mult': 0.883122120938064}. Best is trial 659 with value: 1.772618881235328.
[I 2026-05-28 23:23:35,668] Trial 915 finished with value: 4.518287849202992 and parameters: {'ISTN': 62.62902222462832, 'I_gpe': 2.0627390628167848, 'I_gpi': 2.2290063720125692, 'noise_stn_sigma': 6.415723752996389, 'noise_gpe_sigma': 120.78684322926362, 'noise_gpi_sigma': 99.10327416153913, 'g_stn_gpe_mult': 3.3563748754107983, 'g_gpe_stn_mult': 0.7067714476645158, 'g_stn_gpi_mult': 3.0964322673891136, 'g_gpe_gpi_mult': 0.8576143257843287}. Best is trial 659 with value: 1.772618881235328.
[I 2026-05-28 23:23:36,676] Trial 916 finished with value: 11.775045489787463 and parameters: {'ISTN': 63.023165075377435, 'I_gpe': 2.0603684974042924, 'I_gpi': 2.2479112644623207, 'noise_stn_sigma': 6.78078852188556, 'noise_gpe_sigma': 123.95998329066656, 'noise_gpi_sigma': 105.31601585690133, 'g_stn_gpe_mult': 3.412138789981939, 'g_gpe_stn_mult': 0.7266398294461753, 'g_stn_gpi_mult': 3.2557017543550373, 'g_gpe_gpi_mult': 0.8832227454609745}. Best is trial 659 with value: 1.772618881235328.
[I 2026-05-28 23:23:37,686] Trial 917 finished with value: 5.551648413792222 and parameters: {'ISTN': 62.86130626980247, 'I_gpe': 2.0934025485252805, 'I_gpi': 2.2480419776594407, 'noise_stn_sigma': 6.498912648857989, 'noise_gpe_sigma': 125.03230614191015, 'noise_gpi_sigma': 102.21396155478216, 'g_stn_gpe_mult': 3.406909897943806, 'g_gpe_stn_mult': 0.7081350187213293, 'g_stn_gpi_mult': 3.190074364025028, 'g_gpe_gpi_mult': 0.8459063399961937}. Best is trial 659 with value: 1.772618881235328.
[I 2026-05-28 23:23:38,696] Trial 918 finished with value: 6.920521222058396 and parameters: {'ISTN': 63.82306874622596, 'I_gpe': 2.0780038524463627, 'I_gpi': 2.2245031578674435, 'noise_stn_sigma': 6.513685558314045, 'noise_gpe_sigma': 123.44018560051684, 'noise_gpi_sigma': 100.154842912598, 'g_stn_gpe_mult': 3.40412933583297, 'g_gpe_stn_mult': 0.7145235240946608, 'g_stn_gpi_mult': 3.1849213972101946, 'g_gpe_gpi_mult': 0.8643895952050187}. Best is trial 659 with value: 1.772618881235328.
[I 2026-05-28 23:23:39,705] Trial 919 finished with value: 4.417197807528151 and parameters: {'ISTN': 62.83713741325458, 'I_gpe': 2.039409645566886, 'I_gpi': 2.335119447730993, 'noise_stn_sigma': 6.534836018931824, 'noise_gpe_sigma': 123.84696275554202, 'noise_gpi_sigma': 103.794201416351, 'g_stn_gpe_mult': 3.3248752366475762, 'g_gpe_stn_mult': 0.7105807937825829, 'g_stn_gpi_mult': 3.20675774858814, 'g_gpe_gpi_mult': 0.8617173341375179}. Best is trial 659 with value: 1.772618881235328.
[I 2026-05-28 23:23:40,714] Trial 920 finished with value: 8.600727541219538 and parameters: {'ISTN': 62.346199112461115, 'I_gpe': 2.039606953822723, 'I_gpi': 2.277180564698435, 'noise_stn_sigma': 6.569724109540812, 'noise_gpe_sigma': 119.80887399735222, 'noise_gpi_sigma': 106.55205720657425, 'g_stn_gpe_mult': 3.4148652017330847, 'g_gpe_stn_mult': 0.710710553068014, 'g_stn_gpi_mult': 3.1911517035058803, 'g_gpe_gpi_mult': 0.8702240157103502}. Best is trial 659 with value: 1.772618881235328.
[I 2026-05-28 23:23:41,724] Trial 921 finished with value: 3.8828228049401883 and parameters: {'ISTN': 62.51175287085684, 'I_gpe': 2.0429553017739948, 'I_gpi': 2.2789649962888063, 'noise_stn_sigma': 6.6038908854532155, 'noise_gpe_sigma': 124.17059086472338, 'noise_gpi_sigma': 102.20936391865455, 'g_stn_gpe_mult': 3.394036259981747, 'g_gpe_stn_mult': 0.6999004263167459, 'g_stn_gpi_mult': 3.1163394021793485, 'g_gpe_gpi_mult': 0.8579565789492938}. Best is trial 659 with value: 1.772618881235328.
[I 2026-05-28 23:23:42,734] Trial 922 finished with value: 1.7293348371804143 and parameters: {'ISTN': 62.22986775043233, 'I_gpe': 2.046847758754452, 'I_gpi': 2.220162676681184, 'noise_stn_sigma': 6.65480846224706, 'noise_gpe_sigma': 122.72344296219345, 'noise_gpi_sigma': 103.80356209197888, 'g_stn_gpe_mult': 3.3763005078340536, 'g_gpe_stn_mult': 0.7098546838680169, 'g_stn_gpi_mult': 3.1589206383874124, 'g_gpe_gpi_mult': 0.8562553669694302}. Best is trial 922 with value: 1.7293348371804143.
[I 2026-05-28 23:23:43,744] Trial 923 finished with value: 5.444877197978121 and parameters: {'ISTN': 62.99039334124718, 'I_gpe': 2.070233065032662, 'I_gpi': 2.292056171244566, 'noise_stn_sigma': 6.691113179663545, 'noise_gpe_sigma': 122.98489066220385, 'noise_gpi_sigma': 102.63922213480697, 'g_stn_gpe_mult': 3.3927444852713915, 'g_gpe_stn_mult': 0.7182675457295029, 'g_stn_gpi_mult': 3.2408625439044223, 'g_gpe_gpi_mult': 0.8738648928446942}. Best is trial 922 with value: 1.7293348371804143.
