[I 2026-05-28 23:46:36,212] Trial 264 finished with value: 7.157497802805619 and parameters: {'ISTN': 69.88479779251456, 'I_gpe': 1.2373996743591287, 'I_gpi': 2.2670308971846755, 'noise_stn_sigma': 3.661506184419033, 'noise_gpe_sigma': 120.14248762925955, 'noise_gpi_sigma': 117.79615137937508, 'g_stn_gpe_mult': 2.863645592917626, 'g_gpe_stn_mult': 0.20506760396092, 'g_stn_gpi_mult': 1.686468686552186, 'g_gpe_gpi_mult': 0.9812397590742468}. Best is trial 240 with value: 0.31206677036848784.
[I 2026-05-28 23:46:37,219] Trial 265 finished with value: 9.433195999490662 and parameters: {'ISTN': 69.63540900766006, 'I_gpe': 1.3304970586785854, 'I_gpi': 2.177666416043281, 'noise_stn_sigma': 4.1135837368538235, 'noise_gpe_sigma': 106.02492142042924, 'noise_gpi_sigma': 127.74374718872063, 'g_stn_gpe_mult': 2.923454098159417, 'g_gpe_stn_mult': 0.25972199989703004, 'g_stn_gpi_mult': 1.6008664521207172, 'g_gpe_gpi_mult': 0.9627186720325913}. Best is trial 240 with value: 0.31206677036848784.
[I 2026-05-28 23:46:38,223] Trial 266 finished with value: 6.925876962722299 and parameters: {'ISTN': 66.60366455443481, 'I_gpe': 1.3429682622117665, 'I_gpi': 1.9844548358665692, 'noise_stn_sigma': 4.275505890924787, 'noise_gpe_sigma': 114.15823233897332, 'noise_gpi_sigma': 109.51208893565466, 'g_stn_gpe_mult': 2.793534794883274, 'g_gpe_stn_mult': 0.2116088716295227, 'g_stn_gpi_mult': 1.5655804679765846, 'g_gpe_gpi_mult': 0.8897769281699834}. Best is trial 240 with value: 0.31206677036848784.
[I 2026-05-28 23:46:39,230] Trial 267 finished with value: 9.522281681748664 and parameters: {'ISTN': 70.84108486722904, 'I_gpe': 1.208924520308049, 'I_gpi': 2.0008903056129355, 'noise_stn_sigma': 4.315627050167475, 'noise_gpe_sigma': 116.41935907640485, 'noise_gpi_sigma': 111.04160404549347, 'g_stn_gpe_mult': 2.9282539004585186, 'g_gpe_stn_mult': 0.21595968017173017, 'g_stn_gpi_mult': 1.692185603914938, 'g_gpe_gpi_mult': 0.9711137500165403}. Best is trial 240 with value: 0.31206677036848784.
[I 2026-05-28 23:46:40,237] Trial 268 finished with value: 5.123580728441017 and parameters: {'ISTN': 69.32405533682032, 'I_gpe': 1.4013284944774558, 'I_gpi': 2.3239048688350508, 'noise_stn_sigma': 4.652054756720988, 'noise_gpe_sigma': 106.18606593880705, 'noise_gpi_sigma': 110.45573633974374, 'g_stn_gpe_mult': 3.2716862351249025, 'g_gpe_stn_mult': 0.19066262153177993, 'g_stn_gpi_mult': 1.5881347227291913, 'g_gpe_gpi_mult': 0.8860399477658605}. Best is trial 240 with value: 0.31206677036848784.
[I 2026-05-28 23:46:41,244] Trial 269 finished with value: 5.745542461564119 and parameters: {'ISTN': 65.11812397984538, 'I_gpe': 1.4067544965956498, 'I_gpi': 2.5204473096874134, 'noise_stn_sigma': 4.8080512294443265, 'noise_gpe_sigma': 111.61580298178173, 'noise_gpi_sigma': 116.43754918300078, 'g_stn_gpe_mult': 2.5994620283229994, 'g_gpe_stn_mult': 0.2034470846044516, 'g_stn_gpi_mult': 1.8474562469109823, 'g_gpe_gpi_mult': 1.0461921470206637}. Best is trial 240 with value: 0.31206677036848784.
[I 2026-05-28 23:46:42,252] Trial 270 finished with value: 6.391113997275236 and parameters: {'ISTN': 62.56976757082777, 'I_gpe': 1.1740199111218148, 'I_gpi': 2.5235466629027945, 'noise_stn_sigma': 5.076006548067325, 'noise_gpe_sigma': 104.00552148296329, 'noise_gpi_sigma': 115.68223721954301, 'g_stn_gpe_mult': 2.7159843161930137, 'g_gpe_stn_mult': 0.1977428405923929, 'g_stn_gpi_mult': 1.7832851502372398, 'g_gpe_gpi_mult': 0.8007750817088719}. Best is trial 240 with value: 0.31206677036848784.
[I 2026-05-28 23:46:43,198] Trial 271 finished with value: 1000000.0 and parameters: {'ISTN': 67.44035052785733, 'I_gpe': 1.2507581149900906, 'I_gpi': 2.4181995933026554, 'noise_stn_sigma': 5.399584991862285, 'noise_gpe_sigma': 114.40858582200232, 'noise_gpi_sigma': 115.21780471961145, 'g_stn_gpe_mult': 2.9135431304822115, 'g_gpe_stn_mult': 0.18733721943503073, 'g_stn_gpi_mult': 1.5972127453691762, 'g_gpe_gpi_mult': 0.9261065363683914}. Best is trial 240 with value: 0.31206677036848784.
[I 2026-05-28 23:46:44,205] Trial 272 finished with value: 11.677366835628435 and parameters: {'ISTN': 68.70900983396412, 'I_gpe': 1.5281443731004853, 'I_gpi': 2.4067164228708458, 'noise_stn_sigma': 4.311324723898505, 'noise_gpe_sigma': 97.74665312345687, 'noise_gpi_sigma': 100.91451064190908, 'g_stn_gpe_mult': 2.7825728805594467, 'g_gpe_stn_mult': 0.2740308285445332, 'g_stn_gpi_mult': 2.1424720049340857, 'g_gpe_gpi_mult': 0.9945142192327283}. Best is trial 240 with value: 0.31206677036848784.
[I 2026-05-28 23:46:45,211] Trial 273 finished with value: 4.211708234763825 and parameters: {'ISTN': 63.842232793410325, 'I_gpe': 1.4166302765923902, 'I_gpi': 2.3151963684556525, 'noise_stn_sigma': 5.0772562676980835, 'noise_gpe_sigma': 100.89488366272231, 'noise_gpi_sigma': 106.84838929633862, 'g_stn_gpe_mult': 2.654510561988096, 'g_gpe_stn_mult': 0.17145587171463617, 'g_stn_gpi_mult': 1.7812957446019302, 'g_gpe_gpi_mult': 0.8397590005654683}. Best is trial 240 with value: 0.31206677036848784.
[I 2026-05-28 23:46:46,156] Trial 274 finished with value: 1000000.0 and parameters: {'ISTN': 64.11367907564838, 'I_gpe': 1.3930234471193028, 'I_gpi': 2.1034634759915396, 'noise_stn_sigma': 3.541894355721226, 'noise_gpe_sigma': 110.99090749348545, 'noise_gpi_sigma': 114.20709586730041, 'g_stn_gpe_mult': 2.9047419057743453, 'g_gpe_stn_mult': 0.16894387068003056, 'g_stn_gpi_mult': 1.5565989887623193, 'g_gpe_gpi_mult': 0.8887952016247584}. Best is trial 240 with value: 0.31206677036848784.
[I 2026-05-28 23:46:47,163] Trial 275 finished with value: 6.185842037289687 and parameters: {'ISTN': 65.2618191373328, 'I_gpe': 1.0764566316678597, 'I_gpi': 2.3178011694221503, 'noise_stn_sigma': 4.300066042907899, 'noise_gpe_sigma': 100.3450001127061, 'noise_gpi_sigma': 118.61965845121303, 'g_stn_gpe_mult': 2.721796520958844, 'g_gpe_stn_mult': 0.21937721504906232, 'g_stn_gpi_mult': 1.900722139965152, 'g_gpe_gpi_mult': 0.7949734981390513}. Best is trial 240 with value: 0.31206677036848784.
[I 2026-05-28 23:46:48,171] Trial 276 finished with value: 3.1808406479392204 and parameters: {'ISTN': 62.94476954780194, 'I_gpe': 1.6847860117951918, 'I_gpi': 2.249256239705576, 'noise_stn_sigma': 4.677246663953868, 'noise_gpe_sigma': 97.64563288250767, 'noise_gpi_sigma': 115.24523935354685, 'g_stn_gpe_mult': 2.9982571208324393, 'g_gpe_stn_mult': 0.18885658894945856, 'g_stn_gpi_mult': 1.7184008170931113, 'g_gpe_gpi_mult': 0.9551999193143021}. Best is trial 240 with value: 0.31206677036848784.
[I 2026-05-28 23:46:49,177] Trial 277 finished with value: 7.311953510357467 and parameters: {'ISTN': 64.63037797446805, 'I_gpe': 1.4670989727108625, 'I_gpi': 2.470396953640119, 'noise_stn_sigma': 4.650628597339648, 'noise_gpe_sigma': 97.72558774188083, 'noise_gpi_sigma': 112.36804623067017, 'g_stn_gpe_mult': 2.7445138836208995, 'g_gpe_stn_mult': 0.20556467588609129, 'g_stn_gpi_mult': 1.8822451443555095, 'g_gpe_gpi_mult': 0.8964306496947563}. Best is trial 240 with value: 0.31206677036848784.
[I 2026-05-28 23:46:50,185] Trial 278 finished with value: 2.649859714647801 and parameters: {'ISTN': 60.69283383523866, 'I_gpe': 1.4447837921501707, 'I_gpi': 2.624261574878778, 'noise_stn_sigma': 4.208344903321741, 'noise_gpe_sigma': 116.11131392443153, 'noise_gpi_sigma': 120.66314430590327, 'g_stn_gpe_mult': 2.4717621697080068, 'g_gpe_stn_mult': 0.2670992940458337, 'g_stn_gpi_mult': 2.019016424327997, 'g_gpe_gpi_mult': 0.9827315548041835}. Best is trial 240 with value: 0.31206677036848784.
[I 2026-05-28 23:46:51,191] Trial 279 finished with value: 1.4100300408786335 and parameters: {'ISTN': 63.58057002282885, 'I_gpe': 1.5164964431559533, 'I_gpi': 2.2204756377639328, 'noise_stn_sigma': 4.440087090798382, 'noise_gpe_sigma': 108.19408499979505, 'noise_gpi_sigma': 109.89442903482026, 'g_stn_gpe_mult': 2.6474718984383507, 'g_gpe_stn_mult': 0.18928815147094197, 'g_stn_gpi_mult': 2.0545962481141458, 'g_gpe_gpi_mult': 0.9714608356981731}. Best is trial 240 with value: 0.31206677036848784.
[I 2026-05-28 23:46:52,197] Trial 280 finished with value: 9.995722885650624 and parameters: {'ISTN': 64.6513793100917, 'I_gpe': 1.7890714916797397, 'I_gpi': 2.624616133745832, 'noise_stn_sigma': 4.875654932658293, 'noise_gpe_sigma': 102.15855407932776, 'noise_gpi_sigma': 109.52727743040074, 'g_stn_gpe_mult': 2.412613979190493, 'g_gpe_stn_mult': 0.3135248004814686, 'g_stn_gpi_mult': 2.0884236065228543, 'g_gpe_gpi_mult': 0.9849015198104865}. Best is trial 240 with value: 0.31206677036848784.
[I 2026-05-28 23:46:53,207] Trial 281 finished with value: 4.383694985388879 and parameters: {'ISTN': 66.01170071759734, 'I_gpe': 1.5622134436039805, 'I_gpi': 2.203653360495414, 'noise_stn_sigma': 4.52509004151075, 'noise_gpe_sigma': 98.22440301383938, 'noise_gpi_sigma': 113.48992454981284, 'g_stn_gpe_mult': 2.6959384397156505, 'g_gpe_stn_mult': 0.22428558143173238, 'g_stn_gpi_mult': 1.8834715965216615, 'g_gpe_gpi_mult': 0.9048984534117639}. Best is trial 240 with value: 0.31206677036848784.
[I 2026-05-28 23:46:54,214] Trial 282 finished with value: 0.9225205500889337 and parameters: {'ISTN': 61.8590220310116, 'I_gpe': 1.684682285685849, 'I_gpi': 2.3422518664258387, 'noise_stn_sigma': 4.246929782270697, 'noise_gpe_sigma': 104.70132755528884, 'noise_gpi_sigma': 120.81627005927457, 'g_stn_gpe_mult': 2.4777642159671975, 'g_gpe_stn_mult': 0.1878029994821369, 'g_stn_gpi_mult': 1.9828743203618449, 'g_gpe_gpi_mult': 0.979416165176167}. Best is trial 240 with value: 0.31206677036848784.
[I 2026-05-28 23:46:55,224] Trial 283 finished with value: 5.544636719705382 and parameters: {'ISTN': 72.6776552492374, 'I_gpe': 1.4151778491506546, 'I_gpi': 2.3857576483466305, 'noise_stn_sigma': 4.38380058432177, 'noise_gpe_sigma': 108.67719403694537, 'noise_gpi_sigma': 117.35316360494642, 'g_stn_gpe_mult': 2.5523372133116142, 'g_gpe_stn_mult': 0.22574909003845225, 'g_stn_gpi_mult': 2.212721524880069, 'g_gpe_gpi_mult': 0.8774533093229537}. Best is trial 240 with value: 0.31206677036848784.
[I 2026-05-28 23:46:56,229] Trial 284 finished with value: 4.432673271696855 and parameters: {'ISTN': 62.103232886672814, 'I_gpe': 1.174161618194645, 'I_gpi': 2.5324620123211523, 'noise_stn_sigma': 4.212436160665756, 'noise_gpe_sigma': 118.3492643323562, 'noise_gpi_sigma': 96.69565808656316, 'g_stn_gpe_mult': 2.6912063579446057, 'g_gpe_stn_mult': 0.23789756629106282, 'g_stn_gpi_mult': 2.1767777491294367, 'g_gpe_gpi_mult': 1.0573146308127244}. Best is trial 240 with value: 0.31206677036848784.
[I 2026-05-28 23:46:57,236] Trial 285 finished with value: 10.740054994081984 and parameters: {'ISTN': 68.09115442970621, 'I_gpe': 1.7137443519268638, 'I_gpi': 2.422613482570216, 'noise_stn_sigma': 4.793829797833537, 'noise_gpe_sigma': 101.39172984486532, 'noise_gpi_sigma': 105.43790183642552, 'g_stn_gpe_mult': 2.3371592448761347, 'g_gpe_stn_mult': 0.178430003955668, 'g_stn_gpi_mult': 2.1445849688395118, 'g_gpe_gpi_mult': 1.0304443797128908}. Best is trial 240 with value: 0.31206677036848784.
[I 2026-05-28 23:46:58,241] Trial 286 finished with value: 12.157059698385055 and parameters: {'ISTN': 67.50202361304854, 'I_gpe': 1.5826642983941925, 'I_gpi': 2.334072652978528, 'noise_stn_sigma': 4.741848465367934, 'noise_gpe_sigma': 103.06212108860305, 'noise_gpi_sigma': 104.21309932313491, 'g_stn_gpe_mult': 2.8752659458725853, 'g_gpe_stn_mult': 0.20098935685993258, 'g_stn_gpi_mult': 1.89868398835313, 'g_gpe_gpi_mult': 0.9220586798561907}. Best is trial 240 with value: 0.31206677036848784.
[I 2026-05-28 23:46:59,247] Trial 287 finished with value: 9.934322304728465 and parameters: {'ISTN': 65.79658844332566, 'I_gpe': 1.4715918024531958, 'I_gpi': 2.6640438144111607, 'noise_stn_sigma': 4.795511404673512, 'noise_gpe_sigma': 100.57147255264745, 'noise_gpi_sigma': 119.53379757970279, 'g_stn_gpe_mult': 2.6571532347973745, 'g_gpe_stn_mult': 0.20208420700035518, 'g_stn_gpi_mult': 2.144020476381705, 'g_gpe_gpi_mult': 0.8834948685332558}. Best is trial 240 with value: 0.31206677036848784.
[I 2026-05-28 23:47:00,252] Trial 288 finished with value: 1.9836932557691318 and parameters: {'ISTN': 63.5596349860549, 'I_gpe': 1.452265373472756, 'I_gpi': 2.4157870273409943, 'noise_stn_sigma': 4.2773572625523215, 'noise_gpe_sigma': 118.35203851168124, 'noise_gpi_sigma': 112.85045214485805, 'g_stn_gpe_mult': 2.735551500494216, 'g_gpe_stn_mult': 0.20259116320332454, 'g_stn_gpi_mult': 1.8637498194337803, 'g_gpe_gpi_mult': 1.0694229235093438}. Best is trial 240 with value: 0.31206677036848784.
[I 2026-05-28 23:47:01,259] Trial 289 finished with value: 6.338829377234371 and parameters: {'ISTN': 65.7915488263871, 'I_gpe': 1.4232961706001048, 'I_gpi': 2.0567292549520615, 'noise_stn_sigma': 4.319528306861299, 'noise_gpe_sigma': 117.8945637794488, 'noise_gpi_sigma': 128.724706794579, 'g_stn_gpe_mult': 2.6400850515634326, 'g_gpe_stn_mult': 0.19268513527718012, 'g_stn_gpi_mult': 1.5377995335444354, 'g_gpe_gpi_mult': 0.9771685184324996}. Best is trial 240 with value: 0.31206677036848784.
[I 2026-05-28 23:47:02,265] Trial 290 finished with value: 2.6115376229119773 and parameters: {'ISTN': 63.13878604305993, 'I_gpe': 1.7086026900414397, 'I_gpi': 2.0607478816631506, 'noise_stn_sigma': 4.832658889712449, 'noise_gpe_sigma': 104.36366780674317, 'noise_gpi_sigma': 110.67746233073814, 'g_stn_gpe_mult': 2.5700435455227737, 'g_gpe_stn_mult': 0.1591125149758656, 'g_stn_gpi_mult': 2.1231901576070724, 'g_gpe_gpi_mult': 0.9805538833077281}. Best is trial 240 with value: 0.31206677036848784.
[I 2026-05-28 23:47:03,271] Trial 291 finished with value: 5.356084380442807 and parameters: {'ISTN': 62.57823620181815, 'I_gpe': 1.3568706698955468, 'I_gpi': 2.3054786098969844, 'noise_stn_sigma': 4.457382799030967, 'noise_gpe_sigma': 105.37738213293635, 'noise_gpi_sigma': 120.55862995368784, 'g_stn_gpe_mult': 2.4556937216326276, 'g_gpe_stn_mult': 0.21053394265126196, 'g_stn_gpi_mult': 2.0766666495319273, 'g_gpe_gpi_mult': 0.9315731520529349}. Best is trial 240 with value: 0.31206677036848784.
[I 2026-05-28 23:47:04,278] Trial 292 finished with value: 0.3669000027312481 and parameters: {'ISTN': 60.777416546702355, 'I_gpe': 1.6617498497295178, 'I_gpi': 1.6233707682353167, 'noise_stn_sigma': 4.326970193133209, 'noise_gpe_sigma': 102.25946192356069, 'noise_gpi_sigma': 116.05220598173582, 'g_stn_gpe_mult': 2.5364703856368838, 'g_gpe_stn_mult': 0.14538259010289947, 'g_stn_gpi_mult': 1.73647644824766, 'g_gpe_gpi_mult': 0.8960547230657598}. Best is trial 240 with value: 0.31206677036848784.
[I 2026-05-28 23:47:05,285] Trial 293 finished with value: 0.27103858031520883 and parameters: {'ISTN': 60.59027337013784, 'I_gpe': 1.7563833897647705, 'I_gpi': 2.0092599514275507, 'noise_stn_sigma': 4.025228527324043, 'noise_gpe_sigma': 113.79449866935897, 'noise_gpi_sigma': 117.69457442097965, 'g_stn_gpe_mult': 2.4247448163188894, 'g_gpe_stn_mult': 0.14506908929208093, 'g_stn_gpi_mult': 1.8237056900404702, 'g_gpe_gpi_mult': 1.0639636507553272}. Best is trial 293 with value: 0.27103858031520883.
[I 2026-05-28 23:47:06,293] Trial 294 finished with value: 0.2676253679071351 and parameters: {'ISTN': 61.2374751155162, 'I_gpe': 1.6975346058856704, 'I_gpi': 2.238959490934887, 'noise_stn_sigma': 3.9922562385073483, 'noise_gpe_sigma': 114.10752773656864, 'noise_gpi_sigma': 113.13711806469298, 'g_stn_gpe_mult': 2.643384314028592, 'g_gpe_stn_mult': 0.17270720672450926, 'g_stn_gpi_mult': 1.8192402060837622, 'g_gpe_gpi_mult': 0.9511004460162114}. Best is trial 294 with value: 0.2676253679071351.
[I 2026-05-28 23:47:07,300] Trial 295 finished with value: 4.247451085016548 and parameters: {'ISTN': 66.33961969078939, 'I_gpe': 1.5360362491249937, 'I_gpi': 2.0619504084977827, 'noise_stn_sigma': 3.7666443898484716, 'noise_gpe_sigma': 112.29189850842417, 'noise_gpi_sigma': 112.62767439796269, 'g_stn_gpe_mult': 2.4667599926689974, 'g_gpe_stn_mult': 0.18783418897318246, 'g_stn_gpi_mult': 1.9030094684271264, 'g_gpe_gpi_mult': 0.9954603137355007}. Best is trial 294 with value: 0.2676253679071351.
[I 2026-05-28 23:47:08,304] Trial 296 finished with value: 3.661484890627675 and parameters: {'ISTN': 65.9131572053612, 'I_gpe': 1.5594000069755165, 'I_gpi': 2.320173038970606, 'noise_stn_sigma': 4.501811171675886, 'noise_gpe_sigma': 103.16549356109458, 'noise_gpi_sigma': 103.58484365564146, 'g_stn_gpe_mult': 2.534471910337591, 'g_gpe_stn_mult': 0.15846607672148605, 'g_stn_gpi_mult': 2.1056780394070347, 'g_gpe_gpi_mult': 0.9681655629220747}. Best is trial 294 with value: 0.2676253679071351.
[I 2026-05-28 23:47:09,312] Trial 297 finished with value: 5.410300139373081 and parameters: {'ISTN': 67.88461705380386, 'I_gpe': 1.4568317194693277, 'I_gpi': 2.125531598781456, 'noise_stn_sigma': 5.196623487276516, 'noise_gpe_sigma': 115.05433364939688, 'noise_gpi_sigma': 111.10758611652133, 'g_stn_gpe_mult': 2.25980954820424, 'g_gpe_stn_mult': 0.12681539470625844, 'g_stn_gpi_mult': 1.8770237026649799, 'g_gpe_gpi_mult': 1.0032515995752924}. Best is trial 294 with value: 0.2676253679071351.
[I 2026-05-28 23:47:10,257] Trial 298 finished with value: 1000000.0 and parameters: {'ISTN': 64.62778725242651, 'I_gpe': 1.6856123063176454, 'I_gpi': 2.6130726549589194, 'noise_stn_sigma': 4.2791102687800855, 'noise_gpe_sigma': 108.1576021484101, 'noise_gpi_sigma': 117.59933579541016, 'g_stn_gpe_mult': 2.440349181916279, 'g_gpe_stn_mult': 0.22224046649369655, 'g_stn_gpi_mult': 1.9364910550405492, 'g_gpe_gpi_mult': 1.005123774166989}. Best is trial 294 with value: 0.2676253679071351.
[I 2026-05-28 23:47:11,264] Trial 299 finished with value: 0.2586792910903493 and parameters: {'ISTN': 61.09814385255338, 'I_gpe': 1.7365661483500223, 'I_gpi': 2.109223467392418, 'noise_stn_sigma': 3.2980342846967887, 'noise_gpe_sigma': 100.18420950132511, 'noise_gpi_sigma': 122.02854893496202, 'g_stn_gpe_mult': 2.509231384646305, 'g_gpe_stn_mult': 0.1595571665796775, 'g_stn_gpi_mult': 1.8036952241379198, 'g_gpe_gpi_mult': 1.1260998132362265}. Best is trial 299 with value: 0.2586792910903493.
[I 2026-05-28 23:47:12,269] Trial 300 finished with value: 10.784421353756338 and parameters: {'ISTN': 69.89577925559234, 'I_gpe': 1.6232089987565266, 'I_gpi': 2.2909095838548446, 'noise_stn_sigma': 4.242419136820133, 'noise_gpe_sigma': 104.47460375576915, 'noise_gpi_sigma': 111.70962817516588, 'g_stn_gpe_mult': 2.8164644385616384, 'g_gpe_stn_mult': 0.17232769745587764, 'g_stn_gpi_mult': 1.9123261465539028, 'g_gpe_gpi_mult': 1.051740236790284}. Best is trial 299 with value: 0.2586792910903493.
[I 2026-05-28 23:47:13,278] Trial 301 finished with value: 3.921676552378702 and parameters: {'ISTN': 63.13945771120033, 'I_gpe': 1.779732785139316, 'I_gpi': 2.078894947691385, 'noise_stn_sigma': 4.74481583126265, 'noise_gpe_sigma': 107.64670778800178, 'noise_gpi_sigma': 117.79434008971164, 'g_stn_gpe_mult': 2.893241578870269, 'g_gpe_stn_mult': 0.11739648588223858, 'g_stn_gpi_mult': 1.566621057001677, 'g_gpe_gpi_mult': 1.009446722371578}. Best is trial 299 with value: 0.2586792910903493.
[I 2026-05-28 23:47:14,286] Trial 302 finished with value: 0.4297634723079984 and parameters: {'ISTN': 60.68336686618122, 'I_gpe': 1.6677979889487267, 'I_gpi': 2.1237468780778412, 'noise_stn_sigma': 4.5584427055595, 'noise_gpe_sigma': 109.69019315695975, 'noise_gpi_sigma': 105.93807213159847, 'g_stn_gpe_mult': 2.5085800122919153, 'g_gpe_stn_mult': 0.172017632735789, 'g_stn_gpi_mult': 1.7172028125935166, 'g_gpe_gpi_mult': 0.9988201929073912}. Best is trial 299 with value: 0.2586792910903493.
[I 2026-05-28 23:47:15,293] Trial 303 finished with value: 0.9134438188989582 and parameters: {'ISTN': 61.534851086407606, 'I_gpe': 1.5755614587279394, 'I_gpi': 1.907437571956612, 'noise_stn_sigma': 3.628609219930461, 'noise_gpe_sigma': 119.54094756895748, 'noise_gpi_sigma': 127.26691132855704, 'g_stn_gpe_mult': 2.5026469525506982, 'g_gpe_stn_mult': 0.15533776250535972, 'g_stn_gpi_mult': 2.073590917333486, 'g_gpe_gpi_mult': 1.0238470354191576}. Best is trial 299 with value: 0.2586792910903493.
[I 2026-05-28 23:47:16,300] Trial 304 finished with value: 5.9215245700631405 and parameters: {'ISTN': 63.303455430702705, 'I_gpe': 1.604747881201121, 'I_gpi': 2.257384893657597, 'noise_stn_sigma': 3.3891076412451633, 'noise_gpe_sigma': 117.20337596561589, 'noise_gpi_sigma': 117.72533846398186, 'g_stn_gpe_mult': 2.6478884225469588, 'g_gpe_stn_mult': 0.2544447378362693, 'g_stn_gpi_mult': 1.584168101383827, 'g_gpe_gpi_mult': 0.9439327180400019}. Best is trial 299 with value: 0.2586792910903493.
[I 2026-05-28 23:47:17,307] Trial 305 finished with value: 13.317924810865822 and parameters: {'ISTN': 67.69130221599957, 'I_gpe': 1.8998704659411405, 'I_gpi': 1.9767923924670514, 'noise_stn_sigma': 4.095041415539837, 'noise_gpe_sigma': 110.76815226127759, 'noise_gpi_sigma': 132.87817424252353, 'g_stn_gpe_mult': 2.532324347911748, 'g_gpe_stn_mult': 0.16269886847131787, 'g_stn_gpi_mult': 1.6061756987971978, 'g_gpe_gpi_mult': 0.9567907306069698}. Best is trial 299 with value: 0.2586792910903493.
[I 2026-05-28 23:47:18,312] Trial 306 finished with value: 3.0887956643283228 and parameters: {'ISTN': 64.78619368788506, 'I_gpe': 1.8873649740564498, 'I_gpi': 2.2430439514749305, 'noise_stn_sigma': 4.66266266566485, 'noise_gpe_sigma': 101.77196009472377, 'noise_gpi_sigma': 113.69096897286013, 'g_stn_gpe_mult': 2.6219246952113364, 'g_gpe_stn_mult': 0.1353256690407833, 'g_stn_gpi_mult': 1.832287662624494, 'g_gpe_gpi_mult': 1.1191188536241967}. Best is trial 299 with value: 0.2586792910903493.
[I 2026-05-28 23:47:19,318] Trial 307 finished with value: 0.21215795407685914 and parameters: {'ISTN': 63.87210865068648, 'I_gpe': 1.474789144741358, 'I_gpi': 2.2362856252631564, 'noise_stn_sigma': 4.5455665349634415, 'noise_gpe_sigma': 99.83337920583172, 'noise_gpi_sigma': 116.34392675975508, 'g_stn_gpe_mult': 2.572244643064966, 'g_gpe_stn_mult': 0.11344053821370327, 'g_stn_gpi_mult': 1.6773475963467228, 'g_gpe_gpi_mult': 0.9564782373044518}. Best is trial 307 with value: 0.21215795407685914.
