[I 2026-05-28 23:58:24,137] Trial 968 finished with value: 0.12388144534499622 and parameters: {'ISTN': 60.2081056418781, 'I_gpe': 1.2161403351097193, 'I_gpi': 2.063355700627372, 'noise_stn_sigma': 1.9893764277518553, 'noise_gpe_sigma': 107.53821997908314, 'noise_gpi_sigma': 85.40719124965831, 'g_stn_gpe_mult': 2.959008433825367, 'g_gpe_stn_mult': 0.17266083729586523, 'g_stn_gpi_mult': 2.045840245979437, 'g_gpe_gpi_mult': 1.1919761940113918}. Best is trial 960 with value: 0.11799995208881166.
[I 2026-05-28 23:58:25,145] Trial 969 finished with value: 0.12555681492512444 and parameters: {'ISTN': 60.88751838382362, 'I_gpe': 1.2822611779181083, 'I_gpi': 2.1018014619340644, 'noise_stn_sigma': 2.240616542325448, 'noise_gpe_sigma': 106.85456519316989, 'noise_gpi_sigma': 81.51961608559644, 'g_stn_gpe_mult': 2.893795728496667, 'g_gpe_stn_mult': 0.1600188674928688, 'g_stn_gpi_mult': 1.8994198954611536, 'g_gpe_gpi_mult': 1.1654998296388852}. Best is trial 960 with value: 0.11799995208881166.
[I 2026-05-28 23:58:26,152] Trial 970 finished with value: 0.1240818666295253 and parameters: {'ISTN': 60.78142213535649, 'I_gpe': 1.2401866149751948, 'I_gpi': 2.124009663183897, 'noise_stn_sigma': 2.222751441636034, 'noise_gpe_sigma': 104.47520185795665, 'noise_gpi_sigma': 84.32470261526754, 'g_stn_gpe_mult': 3.007618456489553, 'g_gpe_stn_mult': 0.17407085655122512, 'g_stn_gpi_mult': 1.8744880395894459, 'g_gpe_gpi_mult': 1.1480830698137088}. Best is trial 960 with value: 0.11799995208881166.
[I 2026-05-28 23:58:27,159] Trial 971 finished with value: 0.1273118028814619 and parameters: {'ISTN': 61.43186714277472, 'I_gpe': 1.308654918842663, 'I_gpi': 2.156697039652646, 'noise_stn_sigma': 2.11618359855665, 'noise_gpe_sigma': 104.3131153244107, 'noise_gpi_sigma': 80.19527103151925, 'g_stn_gpe_mult': 2.9154489996197066, 'g_gpe_stn_mult': 0.16756511628064014, 'g_stn_gpi_mult': 2.2176757128049243, 'g_gpe_gpi_mult': 1.1985234723906708}. Best is trial 960 with value: 0.11799995208881166.
[I 2026-05-28 23:58:28,168] Trial 972 finished with value: 0.6054755040636604 and parameters: {'ISTN': 60.83096880910913, 'I_gpe': 1.238309821027062, 'I_gpi': 2.0966936234654696, 'noise_stn_sigma': 2.1237923531407548, 'noise_gpe_sigma': 99.5986583187048, 'noise_gpi_sigma': 74.78280118141276, 'g_stn_gpe_mult': 2.9220297888261677, 'g_gpe_stn_mult': 0.15646139315529178, 'g_stn_gpi_mult': 1.9410348474497845, 'g_gpe_gpi_mult': 1.1743877016008706}. Best is trial 960 with value: 0.11799995208881166.
[I 2026-05-28 23:58:29,172] Trial 973 finished with value: 0.12459850845096637 and parameters: {'ISTN': 60.482752518967374, 'I_gpe': 1.2047879904681713, 'I_gpi': 2.1687036258220855, 'noise_stn_sigma': 2.539697745187053, 'noise_gpe_sigma': 101.70754767649218, 'noise_gpi_sigma': 82.09343544540673, 'g_stn_gpe_mult': 3.014094974639362, 'g_gpe_stn_mult': 0.17880883648042895, 'g_stn_gpi_mult': 2.0336059264637467, 'g_gpe_gpi_mult': 1.1705354591724275}. Best is trial 960 with value: 0.11799995208881166.
[I 2026-05-28 23:58:30,176] Trial 974 finished with value: 0.13968474706637 and parameters: {'ISTN': 61.13268969156727, 'I_gpe': 1.2971167550421319, 'I_gpi': 2.006687847198414, 'noise_stn_sigma': 2.419605994930845, 'noise_gpe_sigma': 100.71935889541986, 'noise_gpi_sigma': 76.14372310907888, 'g_stn_gpe_mult': 2.914746550886405, 'g_gpe_stn_mult': 0.17933351170276451, 'g_stn_gpi_mult': 2.097636147748026, 'g_gpe_gpi_mult': 1.1667904840843806}. Best is trial 960 with value: 0.11799995208881166.
[I 2026-05-28 23:58:31,184] Trial 975 finished with value: 0.12315910420521772 and parameters: {'ISTN': 60.50253306580444, 'I_gpe': 1.246945517496446, 'I_gpi': 2.1413373308935912, 'noise_stn_sigma': 1.9841524803778827, 'noise_gpe_sigma': 101.57774528469292, 'noise_gpi_sigma': 87.9418298098907, 'g_stn_gpe_mult': 2.738659974895215, 'g_gpe_stn_mult': 0.18593927710954422, 'g_stn_gpi_mult': 2.15054748014405, 'g_gpe_gpi_mult': 1.1895405904512266}. Best is trial 960 with value: 0.11799995208881166.
[I 2026-05-28 23:58:32,191] Trial 976 finished with value: 0.12017739051782278 and parameters: {'ISTN': 61.12735156186325, 'I_gpe': 1.2734798576698476, 'I_gpi': 2.087969621362539, 'noise_stn_sigma': 2.136935594818565, 'noise_gpe_sigma': 100.96499714271245, 'noise_gpi_sigma': 85.77396584335891, 'g_stn_gpe_mult': 2.750893663554917, 'g_gpe_stn_mult': 0.15845401053140631, 'g_stn_gpi_mult': 2.170745948734009, 'g_gpe_gpi_mult': 1.1898835606683036}. Best is trial 960 with value: 0.11799995208881166.
[I 2026-05-28 23:58:33,199] Trial 977 finished with value: 0.1588284168436004 and parameters: {'ISTN': 60.54960116359167, 'I_gpe': 1.1750762956906327, 'I_gpi': 2.1952934076460764, 'noise_stn_sigma': 1.5974455368308744, 'noise_gpe_sigma': 102.87842913151802, 'noise_gpi_sigma': 79.45539221287908, 'g_stn_gpe_mult': 2.8412967846802895, 'g_gpe_stn_mult': 0.17601657798069742, 'g_stn_gpi_mult': 2.043319048764302, 'g_gpe_gpi_mult': 1.1508606139778268}. Best is trial 960 with value: 0.11799995208881166.
[I 2026-05-28 23:58:34,206] Trial 978 finished with value: 0.12153394180353139 and parameters: {'ISTN': 60.498369168858126, 'I_gpe': 1.2967158997277148, 'I_gpi': 2.159807362459919, 'noise_stn_sigma': 2.379601426965259, 'noise_gpe_sigma': 98.442656383779, 'noise_gpi_sigma': 83.74997296371916, 'g_stn_gpe_mult': 2.8568998370468064, 'g_gpe_stn_mult': 0.1692089572316326, 'g_stn_gpi_mult': 2.0608279253450346, 'g_gpe_gpi_mult': 1.1719297382497578}. Best is trial 960 with value: 0.11799995208881166.
[I 2026-05-28 23:58:35,215] Trial 979 finished with value: 0.1216165020261324 and parameters: {'ISTN': 60.23372707766619, 'I_gpe': 1.2428328013888943, 'I_gpi': 2.043620146479824, 'noise_stn_sigma': 1.977289379105994, 'noise_gpe_sigma': 104.7825649489518, 'noise_gpi_sigma': 80.01487315296295, 'g_stn_gpe_mult': 2.80418752931355, 'g_gpe_stn_mult': 0.1896997163457701, 'g_stn_gpi_mult': 2.096894482141386, 'g_gpe_gpi_mult': 1.1824349670168808}. Best is trial 960 with value: 0.11799995208881166.
[I 2026-05-28 23:58:36,224] Trial 980 finished with value: 0.13282565019588408 and parameters: {'ISTN': 60.95449264260696, 'I_gpe': 1.2184891118170076, 'I_gpi': 2.1326037690687807, 'noise_stn_sigma': 2.269367626157271, 'noise_gpe_sigma': 105.03100327295168, 'noise_gpi_sigma': 82.26866985929874, 'g_stn_gpe_mult': 2.9057650259123955, 'g_gpe_stn_mult': 0.18580570495836607, 'g_stn_gpi_mult': 2.065274394020963, 'g_gpe_gpi_mult': 1.1968830101476822}. Best is trial 960 with value: 0.11799995208881166.
[I 2026-05-28 23:58:37,235] Trial 981 finished with value: 0.11989383445690127 and parameters: {'ISTN': 60.78306313207103, 'I_gpe': 1.3181655279248123, 'I_gpi': 2.0955698903441125, 'noise_stn_sigma': 2.1623251349430235, 'noise_gpe_sigma': 98.19741680127335, 'noise_gpi_sigma': 85.81713603740985, 'g_stn_gpe_mult': 2.797120262930317, 'g_gpe_stn_mult': 0.16248681011102425, 'g_stn_gpi_mult': 2.1788371900866714, 'g_gpe_gpi_mult': 1.1692380819193413}. Best is trial 960 with value: 0.11799995208881166.
[I 2026-05-28 23:58:38,182] Trial 982 finished with value: 1000000.0 and parameters: {'ISTN': 60.666080100720485, 'I_gpe': 1.3451900092063918, 'I_gpi': 2.150418385460377, 'noise_stn_sigma': 2.514393203387778, 'noise_gpe_sigma': 100.02231471305731, 'noise_gpi_sigma': 81.55879969827924, 'g_stn_gpe_mult': 2.760672674648678, 'g_gpe_stn_mult': 0.16141041746058296, 'g_stn_gpi_mult': 2.2305718403782455, 'g_gpe_gpi_mult': 1.1875810458327605}. Best is trial 960 with value: 0.11799995208881166.
[I 2026-05-28 23:58:39,190] Trial 983 finished with value: 0.12315824233480024 and parameters: {'ISTN': 61.05477236911729, 'I_gpe': 1.2937331224531845, 'I_gpi': 2.0902399271578167, 'noise_stn_sigma': 2.3915148324055817, 'noise_gpe_sigma': 97.1428087900851, 'noise_gpi_sigma': 82.52063428908691, 'g_stn_gpe_mult': 2.7849694437193113, 'g_gpe_stn_mult': 0.16106887395851865, 'g_stn_gpi_mult': 2.1601890075006365, 'g_gpe_gpi_mult': 1.1275549501572335}. Best is trial 960 with value: 0.11799995208881166.
[I 2026-05-28 23:58:40,198] Trial 984 finished with value: 0.11871020488404223 and parameters: {'ISTN': 60.324536531487645, 'I_gpe': 1.2920184677990916, 'I_gpi': 2.132921197885519, 'noise_stn_sigma': 2.417215262265419, 'noise_gpe_sigma': 102.8810013300242, 'noise_gpi_sigma': 85.41445063793155, 'g_stn_gpe_mult': 2.895083101032176, 'g_gpe_stn_mult': 0.1729988997622109, 'g_stn_gpi_mult': 2.0719874780509127, 'g_gpe_gpi_mult': 1.1708791149989404}. Best is trial 960 with value: 0.11799995208881166.
[I 2026-05-28 23:58:41,206] Trial 985 finished with value: 0.11893884231082893 and parameters: {'ISTN': 60.33724613515906, 'I_gpe': 1.2960258088634036, 'I_gpi': 2.0861504274530596, 'noise_stn_sigma': 2.0332663249206773, 'noise_gpe_sigma': 104.93819108360924, 'noise_gpi_sigma': 80.76892129009137, 'g_stn_gpe_mult': 2.8089734970366713, 'g_gpe_stn_mult': 0.1722603949026792, 'g_stn_gpi_mult': 2.0372171969696495, 'g_gpe_gpi_mult': 1.1656547587896406}. Best is trial 960 with value: 0.11799995208881166.
[I 2026-05-28 23:58:42,214] Trial 986 finished with value: 0.12718287396604822 and parameters: {'ISTN': 60.59298875538877, 'I_gpe': 1.2284142721558446, 'I_gpi': 2.078928747332811, 'noise_stn_sigma': 2.1636489459613735, 'noise_gpe_sigma': 101.02285858821946, 'noise_gpi_sigma': 86.40392549604944, 'g_stn_gpe_mult': 2.726217286378936, 'g_gpe_stn_mult': 0.16960631974572032, 'g_stn_gpi_mult': 2.154069062700385, 'g_gpe_gpi_mult': 1.159356013326244}. Best is trial 960 with value: 0.11799995208881166.
[I 2026-05-28 23:58:43,221] Trial 987 finished with value: 0.13062919128389772 and parameters: {'ISTN': 61.228932183434885, 'I_gpe': 1.317091712582123, 'I_gpi': 2.0910888140230073, 'noise_stn_sigma': 2.211051445296132, 'noise_gpe_sigma': 103.4805173693009, 'noise_gpi_sigma': 80.73712966478172, 'g_stn_gpe_mult': 2.8205504243320654, 'g_gpe_stn_mult': 0.17532536832007797, 'g_stn_gpi_mult': 2.1970216142083907, 'g_gpe_gpi_mult': 1.1864163408566402}. Best is trial 960 with value: 0.11799995208881166.
[I 2026-05-28 23:58:44,229] Trial 988 finished with value: 0.12135726227126861 and parameters: {'ISTN': 60.243901867730365, 'I_gpe': 1.2500984198154694, 'I_gpi': 2.106401025416483, 'noise_stn_sigma': 2.482172020217282, 'noise_gpe_sigma': 104.49914610560988, 'noise_gpi_sigma': 84.46681955512821, 'g_stn_gpe_mult': 2.8178466070196357, 'g_gpe_stn_mult': 0.17356606900527566, 'g_stn_gpi_mult': 2.0878167211948258, 'g_gpe_gpi_mult': 1.1729448122985648}. Best is trial 960 with value: 0.11799995208881166.
[I 2026-05-28 23:58:45,237] Trial 989 finished with value: 0.12202550425472079 and parameters: {'ISTN': 60.34614214087645, 'I_gpe': 1.2287437425833267, 'I_gpi': 2.080288437953878, 'noise_stn_sigma': 2.1456083848990035, 'noise_gpe_sigma': 107.1758343082146, 'noise_gpi_sigma': 83.08352699591634, 'g_stn_gpe_mult': 2.887973153303773, 'g_gpe_stn_mult': 0.1743148418818217, 'g_stn_gpi_mult': 2.006356772370343, 'g_gpe_gpi_mult': 1.1666101637805992}. Best is trial 960 with value: 0.11799995208881166.
[I 2026-05-28 23:58:46,245] Trial 990 finished with value: 0.12390275344805035 and parameters: {'ISTN': 60.770365501303594, 'I_gpe': 1.2791509066605529, 'I_gpi': 2.066155351120626, 'noise_stn_sigma': 2.173044140547673, 'noise_gpe_sigma': 97.57004808089049, 'noise_gpi_sigma': 80.25033947763808, 'g_stn_gpe_mult': 2.7992875910935764, 'g_gpe_stn_mult': 0.16890885703327405, 'g_stn_gpi_mult': 2.204535171509332, 'g_gpe_gpi_mult': 1.1775107144791916}. Best is trial 960 with value: 0.11799995208881166.
[I 2026-05-28 23:58:47,255] Trial 991 finished with value: 0.133911092688693 and parameters: {'ISTN': 60.03027952516736, 'I_gpe': 1.305468773272897, 'I_gpi': 2.0676462414105847, 'noise_stn_sigma': 2.1631488135068975, 'noise_gpe_sigma': 103.49241285848329, 'noise_gpi_sigma': 84.75284734714388, 'g_stn_gpe_mult': 2.745402913476436, 'g_gpe_stn_mult': 0.16704474213820256, 'g_stn_gpi_mult': 2.0748689235708673, 'g_gpe_gpi_mult': 1.1809710970351806}. Best is trial 960 with value: 0.11799995208881166.
[I 2026-05-28 23:58:48,262] Trial 992 finished with value: 0.12430670920239797 and parameters: {'ISTN': 60.101898589450954, 'I_gpe': 1.2738371475390737, 'I_gpi': 2.037568148231614, 'noise_stn_sigma': 1.914740753329588, 'noise_gpe_sigma': 106.36642233326822, 'noise_gpi_sigma': 83.59601454313216, 'g_stn_gpe_mult': 2.8489773652991017, 'g_gpe_stn_mult': 0.17290228367451405, 'g_stn_gpi_mult': 2.0365658833793097, 'g_gpe_gpi_mult': 1.1472424748383956}. Best is trial 960 with value: 0.11799995208881166.
[I 2026-05-28 23:58:49,271] Trial 993 finished with value: 0.11757926599199549 and parameters: {'ISTN': 60.047258696954664, 'I_gpe': 1.2577623159538414, 'I_gpi': 2.12069434631342, 'noise_stn_sigma': 2.107725127349722, 'noise_gpe_sigma': 105.58789770656814, 'noise_gpi_sigma': 83.73434999750657, 'g_stn_gpe_mult': 2.9773591300004694, 'g_gpe_stn_mult': 0.18711412689160278, 'g_stn_gpi_mult': 2.025517698494669, 'g_gpe_gpi_mult': 1.1503527216165301}. Best is trial 993 with value: 0.11757926599199549.
[I 2026-05-28 23:58:50,281] Trial 994 finished with value: 0.12376812685343906 and parameters: {'ISTN': 60.74603865916968, 'I_gpe': 1.272253526780814, 'I_gpi': 2.089238471599212, 'noise_stn_sigma': 2.001588003235778, 'noise_gpe_sigma': 101.93500512613095, 'noise_gpi_sigma': 78.92957925633249, 'g_stn_gpe_mult': 2.753620749967741, 'g_gpe_stn_mult': 0.17645970972965397, 'g_stn_gpi_mult': 2.1440408458850184, 'g_gpe_gpi_mult': 1.1527169760284905}. Best is trial 993 with value: 0.11757926599199549.
[I 2026-05-28 23:58:51,289] Trial 995 finished with value: 0.12368015342885152 and parameters: {'ISTN': 60.38904344449639, 'I_gpe': 1.3199179702114705, 'I_gpi': 2.122729523627127, 'noise_stn_sigma': 2.320053714703301, 'noise_gpe_sigma': 102.2743513920676, 'noise_gpi_sigma': 84.11731833564515, 'g_stn_gpe_mult': 2.8175380920310693, 'g_gpe_stn_mult': 0.17775815870513823, 'g_stn_gpi_mult': 1.9531936669519157, 'g_gpe_gpi_mult': 1.1829363231226817}. Best is trial 993 with value: 0.11757926599199549.
[I 2026-05-28 23:58:52,296] Trial 996 finished with value: 0.12710669675139535 and parameters: {'ISTN': 60.88558969890674, 'I_gpe': 1.3033433355112916, 'I_gpi': 2.08532815767554, 'noise_stn_sigma': 2.3187283470156865, 'noise_gpe_sigma': 105.32882710915416, 'noise_gpi_sigma': 81.59559843847467, 'g_stn_gpe_mult': 2.938724641387925, 'g_gpe_stn_mult': 0.16974749389163013, 'g_stn_gpi_mult': 1.9944199892023988, 'g_gpe_gpi_mult': 1.1656606653945139}. Best is trial 993 with value: 0.11757926599199549.
[I 2026-05-28 23:58:53,302] Trial 997 finished with value: 0.12084922403968962 and parameters: {'ISTN': 61.27181275473329, 'I_gpe': 1.260572697102425, 'I_gpi': 2.119227823093702, 'noise_stn_sigma': 2.1725791553437896, 'noise_gpe_sigma': 98.91632499658455, 'noise_gpi_sigma': 82.97728684474095, 'g_stn_gpe_mult': 2.7630570317614613, 'g_gpe_stn_mult': 0.1571601317964978, 'g_stn_gpi_mult': 2.1162330268059395, 'g_gpe_gpi_mult': 1.152963094080503}. Best is trial 993 with value: 0.11757926599199549.
[I 2026-05-28 23:58:54,309] Trial 998 finished with value: 0.12416775895512645 and parameters: {'ISTN': 60.25561821557612, 'I_gpe': 1.2400632958432296, 'I_gpi': 2.069957419709085, 'noise_stn_sigma': 2.1637059250346127, 'noise_gpe_sigma': 104.82837025125697, 'noise_gpi_sigma': 81.44303023258274, 'g_stn_gpe_mult': 2.987338320387451, 'g_gpe_stn_mult': 0.18424201304889892, 'g_stn_gpi_mult': 2.003313485703615, 'g_gpe_gpi_mult': 1.183661940402482}. Best is trial 993 with value: 0.11757926599199549.
[I 2026-05-28 23:58:55,316] Trial 999 finished with value: 0.12085827496397213 and parameters: {'ISTN': 60.55413695291805, 'I_gpe': 1.3073850799281252, 'I_gpi': 2.080927891870795, 'noise_stn_sigma': 2.2263223777831613, 'noise_gpe_sigma': 98.49606528163795, 'noise_gpi_sigma': 87.11214349113482, 'g_stn_gpe_mult': 2.747019488782453, 'g_gpe_stn_mult': 0.16629218949853447, 'g_stn_gpi_mult': 2.1443837989862344, 'g_gpe_gpi_mult': 1.1750773108455455}. Best is trial 993 with value: 0.11757926599199549.
Condition: tau10
Seed: 42, Trials: 1000
Bounds:
  ISTN: [60.0, 150.0]
  I_gpe: [0.5, 4.0]
  I_gpi: [1.0, 5.0]
  noise_stn_sigma: [1.0, 8.0]
  noise_gpe_sigma: [20.0, 150.0]
  noise_gpi_sigma: [20.0, 150.0]
  g_stn_gpe_mult: [1.5, 5.0]
  g_gpe_stn_mult: [0.1, 0.8]
  g_stn_gpi_mult: [1.0, 4.0]
  g_gpe_gpi_mult: [0.2, 1.2]
Weights: {'rate': 5.0, 'cv': 0.2, 'beta': 15.0}
JAX devices: [CudaDevice(id=0)]

Building simulator...
Warming up JIT...
JIT ready.


============================================================
DONE: tau10 (seed=42)
  Time: 16.8 min
  Best loss: 0.1176
  STN: 28.3 Hz (target 27.5)
  GPe: 42.1 Hz (target 42.5)
  GPi: 82.2 Hz (target 82.5)
  GPe beta: 31.2%
  STN beta: 60.7%
  Synaptic multipliers:
    g_stn_gpe_mult: 2.977
    g_gpe_stn_mult: 0.187
    g_stn_gpi_mult: 2.026
    g_gpe_gpi_mult: 1.150
  Saved: results/sensitivity2/ou_tau/tau10.pkl
