[I 2026-05-29 00:00:36,438] Trial 88 finished with value: 2.5428934154018266 and parameters: {'ISTN': 72.5586221403493, 'I_gpe': 1.4439082868187185, 'I_gpi': 2.7490030376413785, 'noise_stn_sigma': 5.768897742406155, 'noise_gpe_sigma': 143.81610119115356, 'noise_gpi_sigma': 96.31450182021854, 'g_stn_gpe_mult': 4.77135965320887, 'g_gpe_stn_mult': 0.18727732060885077, 'g_stn_gpi_mult': 2.6338853256654806, 'g_gpe_gpi_mult': 0.7463448664788801}. Best is trial 24 with value: 0.5317873240560836.
[I 2026-05-29 00:00:37,447] Trial 89 finished with value: 10.956000705150043 and parameters: {'ISTN': 77.59819766620002, 'I_gpe': 1.9419744976876439, 'I_gpi': 2.8191379246836537, 'noise_stn_sigma': 4.952990264660775, 'noise_gpe_sigma': 145.90146071408017, 'noise_gpi_sigma': 101.02306344238303, 'g_stn_gpe_mult': 4.241541041563865, 'g_gpe_stn_mult': 0.28344400427071287, 'g_stn_gpi_mult': 2.345530634841001, 'g_gpe_gpi_mult': 0.5146953768133962}. Best is trial 24 with value: 0.5317873240560836.
[I 2026-05-29 00:00:38,454] Trial 90 finished with value: 6.321992130288473 and parameters: {'ISTN': 83.08739782499384, 'I_gpe': 1.0991284338058933, 'I_gpi': 2.552440549449499, 'noise_stn_sigma': 5.803346044988719, 'noise_gpe_sigma': 113.70396450287883, 'noise_gpi_sigma': 79.1815204767156, 'g_stn_gpe_mult': 4.111122988457075, 'g_gpe_stn_mult': 0.3813150268310642, 'g_stn_gpi_mult': 2.533256714354205, 'g_gpe_gpi_mult': 0.5369459662946776}. Best is trial 24 with value: 0.5317873240560836.
[I 2026-05-29 00:00:39,462] Trial 91 finished with value: 10.689000212602535 and parameters: {'ISTN': 86.16994681394779, 'I_gpe': 1.1878212922802835, 'I_gpi': 1.4551827692820363, 'noise_stn_sigma': 4.622723017806009, 'noise_gpe_sigma': 147.39665548565603, 'noise_gpi_sigma': 90.3865759996489, 'g_stn_gpe_mult': 4.178270941424866, 'g_gpe_stn_mult': 0.2839314979067491, 'g_stn_gpi_mult': 3.1225917810162342, 'g_gpe_gpi_mult': 0.471905587948621}. Best is trial 24 with value: 0.5317873240560836.
[I 2026-05-29 00:00:40,469] Trial 92 finished with value: 10.560541681364718 and parameters: {'ISTN': 72.56142315502859, 'I_gpe': 1.1205137235683904, 'I_gpi': 1.4064445982807794, 'noise_stn_sigma': 7.352658244617408, 'noise_gpe_sigma': 101.63390170990559, 'noise_gpi_sigma': 117.44887390703869, 'g_stn_gpe_mult': 4.1269248986658695, 'g_gpe_stn_mult': 0.22222750095734248, 'g_stn_gpi_mult': 2.6437150233501883, 'g_gpe_gpi_mult': 0.574845701355748}. Best is trial 24 with value: 0.5317873240560836.
[I 2026-05-29 00:00:41,478] Trial 93 finished with value: 9.500858650577072 and parameters: {'ISTN': 92.21582423896228, 'I_gpe': 0.8885184754791104, 'I_gpi': 2.7694899955588603, 'noise_stn_sigma': 6.34073897205842, 'noise_gpe_sigma': 93.69053571723272, 'noise_gpi_sigma': 70.8626402716931, 'g_stn_gpe_mult': 4.28638627953044, 'g_gpe_stn_mult': 0.11436479379774882, 'g_stn_gpi_mult': 2.481881208469326, 'g_gpe_gpi_mult': 0.6190256984593234}. Best is trial 24 with value: 0.5317873240560836.
[I 2026-05-29 00:00:42,483] Trial 94 finished with value: 9.306049135905218 and parameters: {'ISTN': 67.72905831675338, 'I_gpe': 1.667347479167363, 'I_gpi': 2.3187806475175554, 'noise_stn_sigma': 5.540503072287016, 'noise_gpe_sigma': 135.9814484114754, 'noise_gpi_sigma': 91.38582383779382, 'g_stn_gpe_mult': 3.895411692875842, 'g_gpe_stn_mult': 0.3522273019610611, 'g_stn_gpi_mult': 2.78324540370094, 'g_gpe_gpi_mult': 0.4998956850771014}. Best is trial 24 with value: 0.5317873240560836.
[I 2026-05-29 00:00:43,488] Trial 95 finished with value: 12.927222480274782 and parameters: {'ISTN': 86.97989127517012, 'I_gpe': 1.744426032445843, 'I_gpi': 3.4947073924678422, 'noise_stn_sigma': 6.048435367328747, 'noise_gpe_sigma': 123.44519103932289, 'noise_gpi_sigma': 124.31039242720023, 'g_stn_gpe_mult': 3.418528557575388, 'g_gpe_stn_mult': 0.21797945669642826, 'g_stn_gpi_mult': 2.6805082898303594, 'g_gpe_gpi_mult': 0.561038812739183}. Best is trial 24 with value: 0.5317873240560836.
[I 2026-05-29 00:00:44,492] Trial 96 finished with value: 10.291197507517978 and parameters: {'ISTN': 77.44547000089233, 'I_gpe': 1.203819459951962, 'I_gpi': 2.2174388673171217, 'noise_stn_sigma': 6.563610568396732, 'noise_gpe_sigma': 142.38585424282093, 'noise_gpi_sigma': 91.71310082257297, 'g_stn_gpe_mult': 3.7710014191795005, 'g_gpe_stn_mult': 0.2608063936686396, 'g_stn_gpi_mult': 3.6177792751734312, 'g_gpe_gpi_mult': 0.9197919864624089}. Best is trial 24 with value: 0.5317873240560836.
[I 2026-05-29 00:00:45,498] Trial 97 finished with value: 11.275420709372229 and parameters: {'ISTN': 70.2179560247979, 'I_gpe': 1.6778569790211217, 'I_gpi': 3.271288759076736, 'noise_stn_sigma': 4.264463499464812, 'noise_gpe_sigma': 134.47678311181028, 'noise_gpi_sigma': 121.51644963525098, 'g_stn_gpe_mult': 3.323781723868153, 'g_gpe_stn_mult': 0.3240462508452395, 'g_stn_gpi_mult': 2.1448934010822267, 'g_gpe_gpi_mult': 0.5750752739762777}. Best is trial 24 with value: 0.5317873240560836.
[I 2026-05-29 00:00:46,505] Trial 98 finished with value: 6.262180372787271 and parameters: {'ISTN': 67.69821127266323, 'I_gpe': 1.3153807429840183, 'I_gpi': 2.336765134172918, 'noise_stn_sigma': 5.383001276907005, 'noise_gpe_sigma': 128.78094674645138, 'noise_gpi_sigma': 93.04288805114994, 'g_stn_gpe_mult': 3.804466917506774, 'g_gpe_stn_mult': 0.21462730393103396, 'g_stn_gpi_mult': 2.8821630351178635, 'g_gpe_gpi_mult': 0.4257227669408036}. Best is trial 24 with value: 0.5317873240560836.
[I 2026-05-29 00:00:47,512] Trial 99 finished with value: 11.667882831407372 and parameters: {'ISTN': 72.55929304266802, 'I_gpe': 1.3171785563331642, 'I_gpi': 2.8458201506097724, 'noise_stn_sigma': 5.460417115148358, 'noise_gpe_sigma': 123.47929640305159, 'noise_gpi_sigma': 105.92660237911932, 'g_stn_gpe_mult': 4.8451190373552215, 'g_gpe_stn_mult': 0.26425882126059486, 'g_stn_gpi_mult': 2.515795350010916, 'g_gpe_gpi_mult': 0.7309189805366565}. Best is trial 24 with value: 0.5317873240560836.
[I 2026-05-29 00:00:48,519] Trial 100 finished with value: 11.821954236284034 and parameters: {'ISTN': 75.32550258171851, 'I_gpe': 1.0006377250547884, 'I_gpi': 2.6305346862175893, 'noise_stn_sigma': 6.901137222558802, 'noise_gpe_sigma': 132.5545014270864, 'noise_gpi_sigma': 90.75622083474842, 'g_stn_gpe_mult': 4.072485981306087, 'g_gpe_stn_mult': 0.30503347062797376, 'g_stn_gpi_mult': 2.382310872183721, 'g_gpe_gpi_mult': 0.4255681475085756}. Best is trial 24 with value: 0.5317873240560836.
[I 2026-05-29 00:00:49,529] Trial 101 finished with value: 7.879269243095263 and parameters: {'ISTN': 81.33244013554267, 'I_gpe': 1.267703161212196, 'I_gpi': 2.149314686262877, 'noise_stn_sigma': 4.903337041420055, 'noise_gpe_sigma': 134.1640197430475, 'noise_gpi_sigma': 67.39758678101545, 'g_stn_gpe_mult': 4.083208450833193, 'g_gpe_stn_mult': 0.19213639335520344, 'g_stn_gpi_mult': 2.3082034565375555, 'g_gpe_gpi_mult': 0.41163491807627905}. Best is trial 24 with value: 0.5317873240560836.
[I 2026-05-29 00:00:50,536] Trial 102 finished with value: 9.355649790280673 and parameters: {'ISTN': 72.94024282869708, 'I_gpe': 0.8467127032263434, 'I_gpi': 2.9119946999636106, 'noise_stn_sigma': 6.986882609797787, 'noise_gpe_sigma': 129.19623709909447, 'noise_gpi_sigma': 109.65258323275823, 'g_stn_gpe_mult': 3.6653834081696983, 'g_gpe_stn_mult': 0.16627081453638137, 'g_stn_gpi_mult': 2.5156581362715853, 'g_gpe_gpi_mult': 0.5618574272475518}. Best is trial 24 with value: 0.5317873240560836.
[I 2026-05-29 00:00:51,544] Trial 103 finished with value: 9.342875362211847 and parameters: {'ISTN': 72.17744498269667, 'I_gpe': 1.9994020761438078, 'I_gpi': 1.842564994830764, 'noise_stn_sigma': 5.00210544651557, 'noise_gpe_sigma': 131.85215150833676, 'noise_gpi_sigma': 92.13459799139292, 'g_stn_gpe_mult': 2.9569306928789625, 'g_gpe_stn_mult': 0.3016966850765192, 'g_stn_gpi_mult': 2.7876261055508254, 'g_gpe_gpi_mult': 0.6103581349453914}. Best is trial 24 with value: 0.5317873240560836.
[I 2026-05-29 00:00:52,553] Trial 104 finished with value: 6.768941064743276 and parameters: {'ISTN': 61.22779295590364, 'I_gpe': 1.1659999853532683, 'I_gpi': 2.0157499887765757, 'noise_stn_sigma': 5.939106764495705, 'noise_gpe_sigma': 120.19615029611376, 'noise_gpi_sigma': 94.1676247547794, 'g_stn_gpe_mult': 3.9888956356356253, 'g_gpe_stn_mult': 0.34289233086740345, 'g_stn_gpi_mult': 2.1002255468188102, 'g_gpe_gpi_mult': 0.4296334342298641}. Best is trial 24 with value: 0.5317873240560836.
[I 2026-05-29 00:00:53,562] Trial 105 finished with value: 8.116896213964987 and parameters: {'ISTN': 60.80241100361107, 'I_gpe': 1.2208005099015422, 'I_gpi': 2.3040149362467597, 'noise_stn_sigma': 5.534498223623606, 'noise_gpe_sigma': 104.64540390409884, 'noise_gpi_sigma': 96.51551291975554, 'g_stn_gpe_mult': 3.982560588213943, 'g_gpe_stn_mult': 0.24753509769304863, 'g_stn_gpi_mult': 2.0164693417094814, 'g_gpe_gpi_mult': 0.44895704099069306}. Best is trial 24 with value: 0.5317873240560836.
[I 2026-05-29 00:00:54,570] Trial 106 finished with value: 13.509859130471073 and parameters: {'ISTN': 77.25420685923046, 'I_gpe': 1.538571095115634, 'I_gpi': 1.566636364735793, 'noise_stn_sigma': 5.494886271067, 'noise_gpe_sigma': 121.70001357625168, 'noise_gpi_sigma': 100.84133934742196, 'g_stn_gpe_mult': 3.672631944705846, 'g_gpe_stn_mult': 0.38124536361316586, 'g_stn_gpi_mult': 2.356365258089303, 'g_gpe_gpi_mult': 0.4428609408841912}. Best is trial 24 with value: 0.5317873240560836.
[I 2026-05-29 00:00:55,578] Trial 107 finished with value: 14.164127358444668 and parameters: {'ISTN': 81.00552511177516, 'I_gpe': 0.9403242960961151, 'I_gpi': 2.8141570753143137, 'noise_stn_sigma': 5.858869717177209, 'noise_gpe_sigma': 132.20564325477315, 'noise_gpi_sigma': 104.25983031424781, 'g_stn_gpe_mult': 3.836533161378637, 'g_gpe_stn_mult': 0.3213443857643751, 'g_stn_gpi_mult': 3.3410681897891497, 'g_gpe_gpi_mult': 0.6613651168591068}. Best is trial 24 with value: 0.5317873240560836.
[I 2026-05-29 00:00:56,586] Trial 108 finished with value: 14.473289580652771 and parameters: {'ISTN': 82.45560985530267, 'I_gpe': 1.646227416537387, 'I_gpi': 2.7033744850071177, 'noise_stn_sigma': 5.838042110531702, 'noise_gpe_sigma': 130.87918836084057, 'noise_gpi_sigma': 98.40262322246762, 'g_stn_gpe_mult': 3.280556637746169, 'g_gpe_stn_mult': 0.38227840160169724, 'g_stn_gpi_mult': 3.1841348914920125, 'g_gpe_gpi_mult': 0.5790779951144903}. Best is trial 24 with value: 0.5317873240560836.
[I 2026-05-29 00:00:57,595] Trial 109 finished with value: 7.115625140073615 and parameters: {'ISTN': 70.7685152969853, 'I_gpe': 1.924895078241963, 'I_gpi': 2.935917794218431, 'noise_stn_sigma': 5.543586914944262, 'noise_gpe_sigma': 137.1293074506125, 'noise_gpi_sigma': 78.16553600149416, 'g_stn_gpe_mult': 3.9530925373914405, 'g_gpe_stn_mult': 0.37985691307752945, 'g_stn_gpi_mult': 3.523322696813038, 'g_gpe_gpi_mult': 0.48244013068339137}. Best is trial 24 with value: 0.5317873240560836.
[I 2026-05-29 00:00:58,603] Trial 110 finished with value: 5.102912484336511 and parameters: {'ISTN': 78.63365373655262, 'I_gpe': 1.0997332425810429, 'I_gpi': 1.9757551817918404, 'noise_stn_sigma': 5.3287603186409065, 'noise_gpe_sigma': 116.1159873523222, 'noise_gpi_sigma': 93.35482583910033, 'g_stn_gpe_mult': 3.3517968466676846, 'g_gpe_stn_mult': 0.24652977966591735, 'g_stn_gpi_mult': 2.7703694527313454, 'g_gpe_gpi_mult': 0.2890260123029293}. Best is trial 24 with value: 0.5317873240560836.
[I 2026-05-29 00:00:59,613] Trial 111 finished with value: 11.147555060865619 and parameters: {'ISTN': 77.42510172792316, 'I_gpe': 0.596409893794809, 'I_gpi': 2.911382624007308, 'noise_stn_sigma': 6.625893687881988, 'noise_gpe_sigma': 120.38105773499835, 'noise_gpi_sigma': 78.94824894074168, 'g_stn_gpe_mult': 3.40315483265735, 'g_gpe_stn_mult': 0.3174837785705792, 'g_stn_gpi_mult': 2.5679038438225352, 'g_gpe_gpi_mult': 0.41950651688253393}. Best is trial 24 with value: 0.5317873240560836.
[I 2026-05-29 00:01:00,621] Trial 112 finished with value: 3.6593614202662232 and parameters: {'ISTN': 74.50087048493283, 'I_gpe': 1.5922082519016223, 'I_gpi': 2.3151384839832856, 'noise_stn_sigma': 5.271446046026464, 'noise_gpe_sigma': 120.16061402615729, 'noise_gpi_sigma': 64.31239380983841, 'g_stn_gpe_mult': 3.385236310260323, 'g_gpe_stn_mult': 0.19021182284029986, 'g_stn_gpi_mult': 2.7673545199641922, 'g_gpe_gpi_mult': 0.4268519358210044}. Best is trial 24 with value: 0.5317873240560836.
[I 2026-05-29 00:01:01,629] Trial 113 finished with value: 16.589022026293087 and parameters: {'ISTN': 89.28819452743167, 'I_gpe': 1.5327796474371131, 'I_gpi': 2.5355098912605225, 'noise_stn_sigma': 6.010661331330757, 'noise_gpe_sigma': 101.81738036229059, 'noise_gpi_sigma': 110.96940369824182, 'g_stn_gpe_mult': 3.910591054929005, 'g_gpe_stn_mult': 0.28490768675432393, 'g_stn_gpi_mult': 2.3867868456783397, 'g_gpe_gpi_mult': 0.2981333144885348}. Best is trial 24 with value: 0.5317873240560836.
[I 2026-05-29 00:01:02,637] Trial 114 finished with value: 9.914655834924265 and parameters: {'ISTN': 73.74219857905445, 'I_gpe': 1.4997083726986928, 'I_gpi': 2.181240202711893, 'noise_stn_sigma': 4.127109427911259, 'noise_gpe_sigma': 125.56657963216152, 'noise_gpi_sigma': 80.7517367347055, 'g_stn_gpe_mult': 3.108419727723841, 'g_gpe_stn_mult': 0.3004446029134195, 'g_stn_gpi_mult': 2.376714397457112, 'g_gpe_gpi_mult': 0.4560937667737082}. Best is trial 24 with value: 0.5317873240560836.
[I 2026-05-29 00:01:03,646] Trial 115 finished with value: 10.101102917145319 and parameters: {'ISTN': 69.38218539430594, 'I_gpe': 0.5862499051901894, 'I_gpi': 2.3323161241231505, 'noise_stn_sigma': 4.009790722253829, 'noise_gpe_sigma': 93.44680025159205, 'noise_gpi_sigma': 104.51636507586211, 'g_stn_gpe_mult': 3.553864025236091, 'g_gpe_stn_mult': 0.3120621244063151, 'g_stn_gpi_mult': 2.6729986082388475, 'g_gpe_gpi_mult': 0.298244116142063}. Best is trial 24 with value: 0.5317873240560836.
[I 2026-05-29 00:01:04,655] Trial 116 finished with value: 7.78243712342968 and parameters: {'ISTN': 76.60335856091257, 'I_gpe': 1.0188346108865236, 'I_gpi': 2.3373606676433756, 'noise_stn_sigma': 5.588239443169683, 'noise_gpe_sigma': 121.97529132515398, 'noise_gpi_sigma': 70.50139338713207, 'g_stn_gpe_mult': 3.3703681105457006, 'g_gpe_stn_mult': 0.3800324599018514, 'g_stn_gpi_mult': 2.871715791041514, 'g_gpe_gpi_mult': 0.2361636457235008}. Best is trial 24 with value: 0.5317873240560836.
[I 2026-05-29 00:01:05,661] Trial 117 finished with value: 9.831735319644446 and parameters: {'ISTN': 64.30099118851767, 'I_gpe': 0.7483634124669856, 'I_gpi': 1.634859214613261, 'noise_stn_sigma': 6.488697977199134, 'noise_gpe_sigma': 124.01164134538594, 'noise_gpi_sigma': 97.11932753774394, 'g_stn_gpe_mult': 4.2606717063283295, 'g_gpe_stn_mult': 0.2323554577465175, 'g_stn_gpi_mult': 2.2716740801450492, 'g_gpe_gpi_mult': 0.2693078146594182}. Best is trial 24 with value: 0.5317873240560836.
[I 2026-05-29 00:01:06,673] Trial 118 finished with value: 11.593607582382482 and parameters: {'ISTN': 76.63378964308681, 'I_gpe': 1.4933808751885143, 'I_gpi': 2.5759287433403193, 'noise_stn_sigma': 5.066003634872516, 'noise_gpe_sigma': 118.96114264028832, 'noise_gpi_sigma': 92.64653021371791, 'g_stn_gpe_mult': 3.725987483560436, 'g_gpe_stn_mult': 0.4524628931253527, 'g_stn_gpi_mult': 2.47996919759718, 'g_gpe_gpi_mult': 0.3697050698034635}. Best is trial 24 with value: 0.5317873240560836.
[I 2026-05-29 00:01:07,683] Trial 119 finished with value: 14.684620812572696 and parameters: {'ISTN': 80.96031902724397, 'I_gpe': 1.5437568091870721, 'I_gpi': 2.1349637553561944, 'noise_stn_sigma': 4.953201451256956, 'noise_gpe_sigma': 100.94549531766414, 'noise_gpi_sigma': 86.31636474245101, 'g_stn_gpe_mult': 4.183906582223031, 'g_gpe_stn_mult': 0.1784923891580537, 'g_stn_gpi_mult': 1.9338508819755003, 'g_gpe_gpi_mult': 0.4553659594978359}. Best is trial 24 with value: 0.5317873240560836.
[I 2026-05-29 00:01:08,692] Trial 120 finished with value: 13.221240439290952 and parameters: {'ISTN': 83.68744535090603, 'I_gpe': 1.3462385496146037, 'I_gpi': 2.1959913451874824, 'noise_stn_sigma': 5.315182817692542, 'noise_gpe_sigma': 84.75509210872683, 'noise_gpi_sigma': 81.18764293904854, 'g_stn_gpe_mult': 3.80811237150146, 'g_gpe_stn_mult': 0.39436002965326844, 'g_stn_gpi_mult': 3.0419766817063976, 'g_gpe_gpi_mult': 0.5674358962922392}. Best is trial 24 with value: 0.5317873240560836.
[I 2026-05-29 00:01:09,702] Trial 121 finished with value: 7.853581999837967 and parameters: {'ISTN': 65.46897876756627, 'I_gpe': 1.6428087347084677, 'I_gpi': 2.0738951710316456, 'noise_stn_sigma': 5.037645522519008, 'noise_gpe_sigma': 146.87699753396586, 'noise_gpi_sigma': 71.76948506864983, 'g_stn_gpe_mult': 3.3059029890454106, 'g_gpe_stn_mult': 0.5095870289525578, 'g_stn_gpi_mult': 2.43483774477485, 'g_gpe_gpi_mult': 0.2454117674893529}. Best is trial 24 with value: 0.5317873240560836.
[I 2026-05-29 00:01:10,711] Trial 122 finished with value: 12.102589979755535 and parameters: {'ISTN': 92.86902068818802, 'I_gpe': 1.0864708607181157, 'I_gpi': 2.1066738860899226, 'noise_stn_sigma': 5.9840881739678595, 'noise_gpe_sigma': 112.84767734242604, 'noise_gpi_sigma': 61.4898742653627, 'g_stn_gpe_mult': 3.691756966654363, 'g_gpe_stn_mult': 0.21121328868002914, 'g_stn_gpi_mult': 2.2002275098976547, 'g_gpe_gpi_mult': 0.33785790022589757}. Best is trial 24 with value: 0.5317873240560836.
[I 2026-05-29 00:01:11,718] Trial 123 finished with value: 13.659952114186877 and parameters: {'ISTN': 81.18884443960914, 'I_gpe': 1.7200770416260562, 'I_gpi': 2.5120963103584293, 'noise_stn_sigma': 6.170181283853285, 'noise_gpe_sigma': 129.8827124320257, 'noise_gpi_sigma': 65.13311603981127, 'g_stn_gpe_mult': 3.5851981020628005, 'g_gpe_stn_mult': 0.3781070507843882, 'g_stn_gpi_mult': 3.000749854030778, 'g_gpe_gpi_mult': 0.6050253469231007}. Best is trial 24 with value: 0.5317873240560836.
[I 2026-05-29 00:01:12,722] Trial 124 finished with value: 6.850390559782338 and parameters: {'ISTN': 68.04340880006416, 'I_gpe': 0.9925577050409781, 'I_gpi': 1.9253179258821111, 'noise_stn_sigma': 4.181406284795713, 'noise_gpe_sigma': 123.8742071079417, 'noise_gpi_sigma': 71.06882333061269, 'g_stn_gpe_mult': 3.409617444581603, 'g_gpe_stn_mult': 0.2691517915813469, 'g_stn_gpi_mult': 2.686232431722831, 'g_gpe_gpi_mult': 0.5075245426545877}. Best is trial 24 with value: 0.5317873240560836.
[I 2026-05-29 00:01:13,729] Trial 125 finished with value: 7.573804738222865 and parameters: {'ISTN': 80.29356413520435, 'I_gpe': 1.3173808222140022, 'I_gpi': 1.4044843300415666, 'noise_stn_sigma': 5.500080034368226, 'noise_gpe_sigma': 108.50177831870928, 'noise_gpi_sigma': 103.47932039942864, 'g_stn_gpe_mult': 3.5732353680843545, 'g_gpe_stn_mult': 0.16081007587087304, 'g_stn_gpi_mult': 2.6432002522725124, 'g_gpe_gpi_mult': 0.45927586948226223}. Best is trial 24 with value: 0.5317873240560836.
[I 2026-05-29 00:01:14,736] Trial 126 finished with value: 12.469208019398831 and parameters: {'ISTN': 74.19857447744246, 'I_gpe': 2.020394480323729, 'I_gpi': 2.1819192219352423, 'noise_stn_sigma': 5.260847752770535, 'noise_gpe_sigma': 121.6355812681772, 'noise_gpi_sigma': 71.30265364326061, 'g_stn_gpe_mult': 3.369252146474837, 'g_gpe_stn_mult': 0.2375372700255018, 'g_stn_gpi_mult': 2.6922633598219723, 'g_gpe_gpi_mult': 0.25725001358885524}. Best is trial 24 with value: 0.5317873240560836.
[I 2026-05-29 00:01:15,742] Trial 127 finished with value: 10.113716120624352 and parameters: {'ISTN': 79.17985355957983, 'I_gpe': 1.67762801799906, 'I_gpi': 1.996718640287973, 'noise_stn_sigma': 5.46753709625562, 'noise_gpe_sigma': 126.88142710174154, 'noise_gpi_sigma': 37.61703271697088, 'g_stn_gpe_mult': 4.4701520224249585, 'g_gpe_stn_mult': 0.29176904922034635, 'g_stn_gpi_mult': 2.2320018854301384, 'g_gpe_gpi_mult': 0.3278642978907716}. Best is trial 24 with value: 0.5317873240560836.
[I 2026-05-29 00:01:16,749] Trial 128 finished with value: 12.712119378919937 and parameters: {'ISTN': 77.03877567144121, 'I_gpe': 1.1651707095956194, 'I_gpi': 2.5458667010001577, 'noise_stn_sigma': 4.044921085680291, 'noise_gpe_sigma': 129.00766866824688, 'noise_gpi_sigma': 78.80528509821204, 'g_stn_gpe_mult': 3.6074385069208477, 'g_gpe_stn_mult': 0.33153896311917974, 'g_stn_gpi_mult': 2.8299577675005967, 'g_gpe_gpi_mult': 0.2053537588515401}. Best is trial 24 with value: 0.5317873240560836.
[I 2026-05-29 00:01:17,755] Trial 129 finished with value: 10.682653049918473 and parameters: {'ISTN': 81.4746461205489, 'I_gpe': 1.0016294083583401, 'I_gpi': 2.4881867620345477, 'noise_stn_sigma': 5.24453841286047, 'noise_gpe_sigma': 114.45437978773126, 'noise_gpi_sigma': 74.52146625261119, 'g_stn_gpe_mult': 3.315471072801746, 'g_gpe_stn_mult': 0.2811906037746425, 'g_stn_gpi_mult': 2.6792942682491585, 'g_gpe_gpi_mult': 0.45799173703801965}. Best is trial 24 with value: 0.5317873240560836.
[I 2026-05-29 00:01:18,763] Trial 130 finished with value: 3.345389802521499 and parameters: {'ISTN': 68.94474266434642, 'I_gpe': 1.4514859362066923, 'I_gpi': 2.510786156279446, 'noise_stn_sigma': 4.874112913086868, 'noise_gpe_sigma': 116.51634370255536, 'noise_gpi_sigma': 61.64990343516286, 'g_stn_gpe_mult': 4.382218763495895, 'g_gpe_stn_mult': 0.2628494961495542, 'g_stn_gpi_mult': 2.9938586934152043, 'g_gpe_gpi_mult': 0.29028253696506845}. Best is trial 24 with value: 0.5317873240560836.
[I 2026-05-29 00:01:19,773] Trial 131 finished with value: 0.5277539948936589 and parameters: {'ISTN': 60.92625104480511, 'I_gpe': 1.0112182685855347, 'I_gpi': 2.2759585293901305, 'noise_stn_sigma': 4.399876701560803, 'noise_gpe_sigma': 126.89699631713103, 'noise_gpi_sigma': 85.92617716717828, 'g_stn_gpe_mult': 4.042390419637599, 'g_gpe_stn_mult': 0.21277462067301617, 'g_stn_gpi_mult': 2.1329117764970373, 'g_gpe_gpi_mult': 0.25418105514869255}. Best is trial 131 with value: 0.5277539948936589.
