[I 2026-05-29 00:06:30,946] Trial 440 finished with value: 0.23415839948763906 and parameters: {'ISTN': 61.60560964447393, 'I_gpe': 0.9407265385792504, 'I_gpi': 2.17329523817491, 'noise_stn_sigma': 2.6412011417645314, 'noise_gpe_sigma': 112.41452509564843, 'noise_gpi_sigma': 56.15541065817425, 'g_stn_gpe_mult': 2.531730281376127, 'g_gpe_stn_mult': 0.17891713928032404, 'g_stn_gpi_mult': 2.431475713564025, 'g_gpe_gpi_mult': 0.5071672647798418}. Best is trial 438 with value: 0.22309983787259802.
[I 2026-05-29 00:06:31,954] Trial 441 finished with value: 0.4264876471875307 and parameters: {'ISTN': 66.15096709332175, 'I_gpe': 1.0956265871755406, 'I_gpi': 2.69967966766664, 'noise_stn_sigma': 2.8462349611309294, 'noise_gpe_sigma': 102.50570388792674, 'noise_gpi_sigma': 44.95753215962664, 'g_stn_gpe_mult': 2.539149832393683, 'g_gpe_stn_mult': 0.15828761615498663, 'g_stn_gpi_mult': 2.332674857541222, 'g_gpe_gpi_mult': 0.5283307475807549}. Best is trial 438 with value: 0.22309983787259802.
[I 2026-05-29 00:06:32,962] Trial 442 finished with value: 0.26781166695478986 and parameters: {'ISTN': 63.72925738327088, 'I_gpe': 1.1586727359184792, 'I_gpi': 2.3025409823599112, 'noise_stn_sigma': 3.1195838857301075, 'noise_gpe_sigma': 113.37550405785038, 'noise_gpi_sigma': 65.97176248802788, 'g_stn_gpe_mult': 2.588001765596239, 'g_gpe_stn_mult': 0.10500851757168217, 'g_stn_gpi_mult': 2.4929511856641815, 'g_gpe_gpi_mult': 0.548868038013935}. Best is trial 438 with value: 0.22309983787259802.
[I 2026-05-29 00:06:33,969] Trial 443 finished with value: 0.26829561429322635 and parameters: {'ISTN': 61.748013980886704, 'I_gpe': 0.7784104125057701, 'I_gpi': 1.8831143734767166, 'noise_stn_sigma': 2.8761209743118643, 'noise_gpe_sigma': 115.12675753214216, 'noise_gpi_sigma': 63.018603853963015, 'g_stn_gpe_mult': 2.6957992206355703, 'g_gpe_stn_mult': 0.14017566821689645, 'g_stn_gpi_mult': 2.5295250068907507, 'g_gpe_gpi_mult': 0.5240971592602833}. Best is trial 438 with value: 0.22309983787259802.
[I 2026-05-29 00:06:34,975] Trial 444 finished with value: 1.2498178106599713 and parameters: {'ISTN': 62.78921278314749, 'I_gpe': 0.9407226235652368, 'I_gpi': 2.0374607754091016, 'noise_stn_sigma': 2.743219882343757, 'noise_gpe_sigma': 121.30352390244238, 'noise_gpi_sigma': 64.5521731329559, 'g_stn_gpe_mult': 2.447239396275995, 'g_gpe_stn_mult': 0.17880900602646807, 'g_stn_gpi_mult': 2.5408375945069217, 'g_gpe_gpi_mult': 0.45848879788485863}. Best is trial 438 with value: 0.22309983787259802.
[I 2026-05-29 00:06:35,981] Trial 445 finished with value: 2.5972688868598466 and parameters: {'ISTN': 60.93429718449714, 'I_gpe': 1.0265928523694416, 'I_gpi': 2.2606429745360206, 'noise_stn_sigma': 3.401492769035969, 'noise_gpe_sigma': 113.37331256888781, 'noise_gpi_sigma': 71.70431511599372, 'g_stn_gpe_mult': 3.086025965726245, 'g_gpe_stn_mult': 0.15721942171240663, 'g_stn_gpi_mult': 2.5738623557600864, 'g_gpe_gpi_mult': 0.498733009528513}. Best is trial 438 with value: 0.22309983787259802.
[I 2026-05-29 00:06:36,929] Trial 446 finished with value: 1000000.0 and parameters: {'ISTN': 64.88703339046593, 'I_gpe': 0.945314226153135, 'I_gpi': 2.718383362848888, 'noise_stn_sigma': 2.8004411878181203, 'noise_gpe_sigma': 105.42265342727985, 'noise_gpi_sigma': 47.665615003526696, 'g_stn_gpe_mult': 2.7011828722941917, 'g_gpe_stn_mult': 0.15372043684513265, 'g_stn_gpi_mult': 2.1638125494207943, 'g_gpe_gpi_mult': 0.6146847415165585}. Best is trial 438 with value: 0.22309983787259802.
[I 2026-05-29 00:06:37,938] Trial 447 finished with value: 1.630595233735642 and parameters: {'ISTN': 60.22799459210166, 'I_gpe': 0.8304006349544171, 'I_gpi': 1.9982841372095619, 'noise_stn_sigma': 2.9556569312973013, 'noise_gpe_sigma': 114.8266415807167, 'noise_gpi_sigma': 68.71426432913316, 'g_stn_gpe_mult': 2.764626827539481, 'g_gpe_stn_mult': 0.1077702625090021, 'g_stn_gpi_mult': 2.4017854766484605, 'g_gpe_gpi_mult': 0.5021929126805726}. Best is trial 438 with value: 0.22309983787259802.
[I 2026-05-29 00:06:38,947] Trial 448 finished with value: 0.24474280634058745 and parameters: {'ISTN': 62.82554595537215, 'I_gpe': 1.1230295967648103, 'I_gpi': 2.326733673476068, 'noise_stn_sigma': 3.233112495435541, 'noise_gpe_sigma': 121.70057397573517, 'noise_gpi_sigma': 60.589793890052924, 'g_stn_gpe_mult': 3.0144641616197347, 'g_gpe_stn_mult': 0.17348025247402182, 'g_stn_gpi_mult': 2.565753201882271, 'g_gpe_gpi_mult': 0.4507525593556754}. Best is trial 438 with value: 0.22309983787259802.
[I 2026-05-29 00:06:39,957] Trial 449 finished with value: 0.19942269299247767 and parameters: {'ISTN': 62.953365632584266, 'I_gpe': 1.025936444160696, 'I_gpi': 2.0149459089626696, 'noise_stn_sigma': 3.2468777284661487, 'noise_gpe_sigma': 105.64111359316782, 'noise_gpi_sigma': 57.67705518031089, 'g_stn_gpe_mult': 2.5403471968377507, 'g_gpe_stn_mult': 0.13615921447434157, 'g_stn_gpi_mult': 2.4595397608987466, 'g_gpe_gpi_mult': 0.5484758418745999}. Best is trial 449 with value: 0.19942269299247767.
[I 2026-05-29 00:06:40,968] Trial 450 finished with value: 4.7968900209338665 and parameters: {'ISTN': 66.37694015915467, 'I_gpe': 1.0718172358437343, 'I_gpi': 2.3764681956122184, 'noise_stn_sigma': 3.096027601800281, 'noise_gpe_sigma': 122.02859593938601, 'noise_gpi_sigma': 51.823663890616274, 'g_stn_gpe_mult': 2.8115866177951214, 'g_gpe_stn_mult': 0.18944087653035813, 'g_stn_gpi_mult': 2.464584551636998, 'g_gpe_gpi_mult': 0.5197766950607869}. Best is trial 449 with value: 0.19942269299247767.
[I 2026-05-29 00:06:41,977] Trial 451 finished with value: 0.243193165222077 and parameters: {'ISTN': 62.23517021443485, 'I_gpe': 1.0730122644018996, 'I_gpi': 2.366539765918717, 'noise_stn_sigma': 2.7916992665742097, 'noise_gpe_sigma': 119.79791362796821, 'noise_gpi_sigma': 52.94217583936197, 'g_stn_gpe_mult': 2.565487918029153, 'g_gpe_stn_mult': 0.14792828827602145, 'g_stn_gpi_mult': 2.352889805804008, 'g_gpe_gpi_mult': 0.5697150118656508}. Best is trial 449 with value: 0.19942269299247767.
[I 2026-05-29 00:06:42,986] Trial 452 finished with value: 0.21429576350394094 and parameters: {'ISTN': 62.58354891497358, 'I_gpe': 1.160217806968566, 'I_gpi': 2.356414746632881, 'noise_stn_sigma': 3.27489209985833, 'noise_gpe_sigma': 104.72844832994429, 'noise_gpi_sigma': 56.631879759802715, 'g_stn_gpe_mult': 2.7407452113904496, 'g_gpe_stn_mult': 0.11642306314856367, 'g_stn_gpi_mult': 2.441128822640114, 'g_gpe_gpi_mult': 0.5124468417101795}. Best is trial 449 with value: 0.19942269299247767.
[I 2026-05-29 00:06:43,995] Trial 453 finished with value: 0.20637681458995108 and parameters: {'ISTN': 60.527765766590136, 'I_gpe': 1.144684817772506, 'I_gpi': 2.2253949502212382, 'noise_stn_sigma': 2.8190842096512867, 'noise_gpe_sigma': 107.20723749070015, 'noise_gpi_sigma': 55.38063447651188, 'g_stn_gpe_mult': 2.614331982144501, 'g_gpe_stn_mult': 0.2095368872572656, 'g_stn_gpi_mult': 2.445130436392311, 'g_gpe_gpi_mult': 0.45859992485838147}. Best is trial 449 with value: 0.19942269299247767.
[I 2026-05-29 00:06:45,005] Trial 454 finished with value: 5.973099467787544 and parameters: {'ISTN': 65.08557856341203, 'I_gpe': 1.2026501027919858, 'I_gpi': 2.2430284729615257, 'noise_stn_sigma': 3.3928568055299406, 'noise_gpe_sigma': 100.01387624021028, 'noise_gpi_sigma': 60.31107194934051, 'g_stn_gpe_mult': 2.4207022855752385, 'g_gpe_stn_mult': 0.14293239745271055, 'g_stn_gpi_mult': 2.537686719376741, 'g_gpe_gpi_mult': 0.6216402369780218}. Best is trial 449 with value: 0.19942269299247767.
[I 2026-05-29 00:06:46,014] Trial 455 finished with value: 1.1585607072019464 and parameters: {'ISTN': 61.51970919969799, 'I_gpe': 1.271303678659013, 'I_gpi': 2.211206107351474, 'noise_stn_sigma': 2.8275647743317767, 'noise_gpe_sigma': 105.81349431452712, 'noise_gpi_sigma': 49.926761469364436, 'g_stn_gpe_mult': 2.595832204119037, 'g_gpe_stn_mult': 0.18651170976645912, 'g_stn_gpi_mult': 2.5684484672877073, 'g_gpe_gpi_mult': 0.5449365980439351}. Best is trial 449 with value: 0.19942269299247767.
[I 2026-05-29 00:06:47,020] Trial 456 finished with value: 1.1022801295777045 and parameters: {'ISTN': 61.347694840975656, 'I_gpe': 1.0516979392847492, 'I_gpi': 1.9671237839450197, 'noise_stn_sigma': 3.2890028437412666, 'noise_gpe_sigma': 117.93561423554861, 'noise_gpi_sigma': 65.16948590414563, 'g_stn_gpe_mult': 2.7169085389597747, 'g_gpe_stn_mult': 0.1482410764352613, 'g_stn_gpi_mult': 2.332797169789191, 'g_gpe_gpi_mult': 0.5779847980014592}. Best is trial 449 with value: 0.19942269299247767.
[I 2026-05-29 00:06:48,028] Trial 457 finished with value: 0.20383417139492954 and parameters: {'ISTN': 61.28016731916661, 'I_gpe': 0.9240411296413866, 'I_gpi': 2.1187113651358898, 'noise_stn_sigma': 3.6880600311957914, 'noise_gpe_sigma': 115.55294920361352, 'noise_gpi_sigma': 67.29449201184781, 'g_stn_gpe_mult': 2.6357395673844675, 'g_gpe_stn_mult': 0.10238520131913376, 'g_stn_gpi_mult': 2.39202162971441, 'g_gpe_gpi_mult': 0.5107821728966817}. Best is trial 449 with value: 0.19942269299247767.
[I 2026-05-29 00:06:49,038] Trial 458 finished with value: 2.282942416756257 and parameters: {'ISTN': 62.43434312172019, 'I_gpe': 1.062196515196293, 'I_gpi': 2.070683449335234, 'noise_stn_sigma': 3.5905887678685544, 'noise_gpe_sigma': 113.80425648338098, 'noise_gpi_sigma': 50.46298606470465, 'g_stn_gpe_mult': 2.451547231973585, 'g_gpe_stn_mult': 0.13562298664535488, 'g_stn_gpi_mult': 2.5352762923486587, 'g_gpe_gpi_mult': 0.5029329207401325}. Best is trial 449 with value: 0.19942269299247767.
[I 2026-05-29 00:06:50,048] Trial 459 finished with value: 0.2962169294349514 and parameters: {'ISTN': 61.70766078995314, 'I_gpe': 0.7819539916685299, 'I_gpi': 1.8178836388742319, 'noise_stn_sigma': 2.991653476115855, 'noise_gpe_sigma': 106.84922136047612, 'noise_gpi_sigma': 62.499421276187654, 'g_stn_gpe_mult': 2.472539730218965, 'g_gpe_stn_mult': 0.21187782030494218, 'g_stn_gpi_mult': 2.5116563215403827, 'g_gpe_gpi_mult': 0.48669529030362996}. Best is trial 449 with value: 0.19942269299247767.
[I 2026-05-29 00:06:51,056] Trial 460 finished with value: 3.6600318887800234 and parameters: {'ISTN': 62.66188047510249, 'I_gpe': 1.1846229054322754, 'I_gpi': 2.2557849834215222, 'noise_stn_sigma': 3.4293227174010728, 'noise_gpe_sigma': 113.08738730570668, 'noise_gpi_sigma': 61.39047661123944, 'g_stn_gpe_mult': 2.6319781521236356, 'g_gpe_stn_mult': 0.15614589705475518, 'g_stn_gpi_mult': 2.575300658336726, 'g_gpe_gpi_mult': 0.532660966234886}. Best is trial 449 with value: 0.19942269299247767.
[I 2026-05-29 00:06:52,065] Trial 461 finished with value: 0.3033760868113066 and parameters: {'ISTN': 65.81721305600794, 'I_gpe': 0.9219081488215289, 'I_gpi': 2.325172740350368, 'noise_stn_sigma': 3.1576423691933257, 'noise_gpe_sigma': 113.4222895008677, 'noise_gpi_sigma': 59.342949752037704, 'g_stn_gpe_mult': 2.5965386049755885, 'g_gpe_stn_mult': 0.15520754701359613, 'g_stn_gpi_mult': 2.351934524872457, 'g_gpe_gpi_mult': 0.4791262904139298}. Best is trial 449 with value: 0.19942269299247767.
[I 2026-05-29 00:06:53,076] Trial 462 finished with value: 0.17896600956779787 and parameters: {'ISTN': 61.75936458415212, 'I_gpe': 1.068263811687868, 'I_gpi': 2.1830109314384845, 'noise_stn_sigma': 3.271974463928506, 'noise_gpe_sigma': 114.36879796314787, 'noise_gpi_sigma': 68.6425636408595, 'g_stn_gpe_mult': 2.5745663796225595, 'g_gpe_stn_mult': 0.10103556612683309, 'g_stn_gpi_mult': 2.380376314449966, 'g_gpe_gpi_mult': 0.4948123814462969}. Best is trial 462 with value: 0.17896600956779787.
[I 2026-05-29 00:06:54,084] Trial 463 finished with value: 0.23312327680991218 and parameters: {'ISTN': 63.152875065321005, 'I_gpe': 1.3035725328209744, 'I_gpi': 2.2407142482255087, 'noise_stn_sigma': 3.5120087791727475, 'noise_gpe_sigma': 109.41892658294324, 'noise_gpi_sigma': 63.00167473736282, 'g_stn_gpe_mult': 2.7081267888335923, 'g_gpe_stn_mult': 0.13823131556409704, 'g_stn_gpi_mult': 2.5627755247737323, 'g_gpe_gpi_mult': 0.4728449283150687}. Best is trial 462 with value: 0.17896600956779787.
[I 2026-05-29 00:06:55,092] Trial 464 finished with value: 0.22873439464691797 and parameters: {'ISTN': 61.126737010820904, 'I_gpe': 1.1869869805457613, 'I_gpi': 2.3713450770870845, 'noise_stn_sigma': 2.8078859086359444, 'noise_gpe_sigma': 117.82978099514571, 'noise_gpi_sigma': 46.07458016659438, 'g_stn_gpe_mult': 2.6627017961742223, 'g_gpe_stn_mult': 0.12319436695979917, 'g_stn_gpi_mult': 2.3043380623876404, 'g_gpe_gpi_mult': 0.4954114299489337}. Best is trial 462 with value: 0.17896600956779787.
[I 2026-05-29 00:06:56,099] Trial 465 finished with value: 0.1781692118410796 and parameters: {'ISTN': 61.84365851100705, 'I_gpe': 1.1038162592733494, 'I_gpi': 2.1719569269112586, 'noise_stn_sigma': 3.093387644486989, 'noise_gpe_sigma': 117.65679609513501, 'noise_gpi_sigma': 61.429823844047945, 'g_stn_gpe_mult': 2.484170444434449, 'g_gpe_stn_mult': 0.1068168076484036, 'g_stn_gpi_mult': 2.3746127414572475, 'g_gpe_gpi_mult': 0.5151233046953949}. Best is trial 465 with value: 0.1781692118410796.
[I 2026-05-29 00:06:57,106] Trial 466 finished with value: 0.18633762523846598 and parameters: {'ISTN': 60.59268184594058, 'I_gpe': 1.057346240513152, 'I_gpi': 2.1306063917458067, 'noise_stn_sigma': 2.957590387383622, 'noise_gpe_sigma': 112.99991524189083, 'noise_gpi_sigma': 61.541303184385185, 'g_stn_gpe_mult': 2.4972138464752733, 'g_gpe_stn_mult': 0.1466386016588779, 'g_stn_gpi_mult': 2.41035259649305, 'g_gpe_gpi_mult': 0.4900541893404867}. Best is trial 465 with value: 0.1781692118410796.
[I 2026-05-29 00:06:58,116] Trial 467 finished with value: 0.20445549607154886 and parameters: {'ISTN': 60.179195421084714, 'I_gpe': 1.0294955702171307, 'I_gpi': 2.216982180472824, 'noise_stn_sigma': 2.939788844128357, 'noise_gpe_sigma': 104.98070986062675, 'noise_gpi_sigma': 60.45079617906688, 'g_stn_gpe_mult': 2.3852397730668, 'g_gpe_stn_mult': 0.13284941399642097, 'g_stn_gpi_mult': 2.324460679233222, 'g_gpe_gpi_mult': 0.4867301039005978}. Best is trial 465 with value: 0.1781692118410796.
[I 2026-05-29 00:06:59,122] Trial 468 finished with value: 0.8468985037114228 and parameters: {'ISTN': 64.39070460507605, 'I_gpe': 0.9813947295124823, 'I_gpi': 2.4202167997278767, 'noise_stn_sigma': 3.6592158759833944, 'noise_gpe_sigma': 113.94112290800425, 'noise_gpi_sigma': 61.59575692490241, 'g_stn_gpe_mult': 2.7311275358002187, 'g_gpe_stn_mult': 0.13192078308438476, 'g_stn_gpi_mult': 2.457412104028956, 'g_gpe_gpi_mult': 0.49009547832666933}. Best is trial 465 with value: 0.1781692118410796.
[I 2026-05-29 00:07:00,131] Trial 469 finished with value: 0.2755754758940017 and parameters: {'ISTN': 60.45425728430419, 'I_gpe': 0.8895918071258557, 'I_gpi': 2.372857400812447, 'noise_stn_sigma': 3.2285634079854946, 'noise_gpe_sigma': 111.01204048809265, 'noise_gpi_sigma': 59.08162720116431, 'g_stn_gpe_mult': 2.630193706517942, 'g_gpe_stn_mult': 0.1291760678876224, 'g_stn_gpi_mult': 2.3573318135928334, 'g_gpe_gpi_mult': 0.5065947048360733}. Best is trial 465 with value: 0.1781692118410796.
[I 2026-05-29 00:07:01,138] Trial 470 finished with value: 0.5637234699296642 and parameters: {'ISTN': 62.275133607844886, 'I_gpe': 0.932749611033237, 'I_gpi': 2.1947397241302227, 'noise_stn_sigma': 3.546745001857559, 'noise_gpe_sigma': 113.11305669640518, 'noise_gpi_sigma': 59.351789274492845, 'g_stn_gpe_mult': 2.870613390476146, 'g_gpe_stn_mult': 0.12537981999864184, 'g_stn_gpi_mult': 2.3804406722800024, 'g_gpe_gpi_mult': 0.5129968059916652}. Best is trial 465 with value: 0.1781692118410796.
[I 2026-05-29 00:07:02,146] Trial 471 finished with value: 0.17382198242671695 and parameters: {'ISTN': 62.70981369829736, 'I_gpe': 1.0343435114289892, 'I_gpi': 1.9698930535351507, 'noise_stn_sigma': 3.1445083207393334, 'noise_gpe_sigma': 117.94944310839665, 'noise_gpi_sigma': 70.38084030537378, 'g_stn_gpe_mult': 3.0191303177461233, 'g_gpe_stn_mult': 0.13900782989663785, 'g_stn_gpi_mult': 2.505768342781442, 'g_gpe_gpi_mult': 0.38282686593443}. Best is trial 471 with value: 0.17382198242671695.
[I 2026-05-29 00:07:03,153] Trial 472 finished with value: 0.20571301901992245 and parameters: {'ISTN': 61.06139726336765, 'I_gpe': 1.1872276048638066, 'I_gpi': 2.3714426894643044, 'noise_stn_sigma': 3.22096790755464, 'noise_gpe_sigma': 115.53191084759538, 'noise_gpi_sigma': 55.69852995694348, 'g_stn_gpe_mult': 2.3924203500193033, 'g_gpe_stn_mult': 0.13193949871706132, 'g_stn_gpi_mult': 2.196388034463756, 'g_gpe_gpi_mult': 0.5656552360445355}. Best is trial 471 with value: 0.17382198242671695.
[I 2026-05-29 00:07:04,160] Trial 473 finished with value: 0.19858442293302447 and parameters: {'ISTN': 61.01667228676225, 'I_gpe': 1.0018771148268948, 'I_gpi': 1.8096176639029582, 'noise_stn_sigma': 3.0357056319752758, 'noise_gpe_sigma': 116.36228736581506, 'noise_gpi_sigma': 70.61216256552015, 'g_stn_gpe_mult': 2.6310175960404996, 'g_gpe_stn_mult': 0.1451714758324285, 'g_stn_gpi_mult': 2.5026212802568337, 'g_gpe_gpi_mult': 0.4134030708983685}. Best is trial 471 with value: 0.17382198242671695.
[I 2026-05-29 00:07:05,168] Trial 474 finished with value: 0.2072737533086334 and parameters: {'ISTN': 63.1533701444841, 'I_gpe': 1.2765641519271433, 'I_gpi': 2.380434152139153, 'noise_stn_sigma': 3.147485275524631, 'noise_gpe_sigma': 113.78178164658117, 'noise_gpi_sigma': 60.656669404166415, 'g_stn_gpe_mult': 2.5834821652586477, 'g_gpe_stn_mult': 0.13890501421167506, 'g_stn_gpi_mult': 2.270175037232532, 'g_gpe_gpi_mult': 0.47221160610638746}. Best is trial 471 with value: 0.17382198242671695.
[I 2026-05-29 00:07:06,174] Trial 475 finished with value: 0.19126673432302604 and parameters: {'ISTN': 63.09042290840352, 'I_gpe': 0.9895617529967409, 'I_gpi': 1.9943349353228708, 'noise_stn_sigma': 3.0935135507947717, 'noise_gpe_sigma': 109.79196805461815, 'noise_gpi_sigma': 75.28078956151884, 'g_stn_gpe_mult': 2.7743501553834924, 'g_gpe_stn_mult': 0.13212477494755898, 'g_stn_gpi_mult': 2.2418729316002604, 'g_gpe_gpi_mult': 0.5003760302323793}. Best is trial 471 with value: 0.17382198242671695.
[I 2026-05-29 00:07:07,181] Trial 476 finished with value: 0.16849007502564178 and parameters: {'ISTN': 61.359579441540454, 'I_gpe': 1.1365180971571012, 'I_gpi': 2.1136608041202223, 'noise_stn_sigma': 3.1964471289143974, 'noise_gpe_sigma': 98.21611358138777, 'noise_gpi_sigma': 64.17526462292852, 'g_stn_gpe_mult': 2.317213902363169, 'g_gpe_stn_mult': 0.11823861724007259, 'g_stn_gpi_mult': 2.3912987603345943, 'g_gpe_gpi_mult': 0.47788407311487624}. Best is trial 476 with value: 0.16849007502564178.
[I 2026-05-29 00:07:08,189] Trial 477 finished with value: 0.19221399073070167 and parameters: {'ISTN': 62.357784882374055, 'I_gpe': 1.014232155398292, 'I_gpi': 2.0634454533797437, 'noise_stn_sigma': 3.3648675080755517, 'noise_gpe_sigma': 114.17426208049547, 'noise_gpi_sigma': 59.176486035577945, 'g_stn_gpe_mult': 2.621274936399227, 'g_gpe_stn_mult': 0.11701170532540253, 'g_stn_gpi_mult': 2.365053582470728, 'g_gpe_gpi_mult': 0.497231777420066}. Best is trial 476 with value: 0.16849007502564178.
[I 2026-05-29 00:07:09,199] Trial 478 finished with value: 0.1530179013268657 and parameters: {'ISTN': 63.11382340432831, 'I_gpe': 1.2404753627642382, 'I_gpi': 2.1246933835513424, 'noise_stn_sigma': 2.906422739414167, 'noise_gpe_sigma': 113.60490481234449, 'noise_gpi_sigma': 67.96864540760888, 'g_stn_gpe_mult': 2.537830002876686, 'g_gpe_stn_mult': 0.11640540062682919, 'g_stn_gpi_mult': 2.3682924643834387, 'g_gpe_gpi_mult': 0.5094539450689497}. Best is trial 478 with value: 0.1530179013268657.
[I 2026-05-29 00:07:10,207] Trial 479 finished with value: 1.3781858911482563 and parameters: {'ISTN': 62.38370714635914, 'I_gpe': 1.1250649149296286, 'I_gpi': 2.3703686938601094, 'noise_stn_sigma': 3.5560109312956683, 'noise_gpe_sigma': 119.20340876834908, 'noise_gpi_sigma': 61.183330079636754, 'g_stn_gpe_mult': 2.4314959684997444, 'g_gpe_stn_mult': 0.13253877965301608, 'g_stn_gpi_mult': 2.4193903643916483, 'g_gpe_gpi_mult': 0.5005840877197829}. Best is trial 478 with value: 0.1530179013268657.
[I 2026-05-29 00:07:11,216] Trial 480 finished with value: 0.2215613420225523 and parameters: {'ISTN': 63.04812216505032, 'I_gpe': 0.9424179466347711, 'I_gpi': 2.183058769903946, 'noise_stn_sigma': 2.960460539876121, 'noise_gpe_sigma': 113.09570187716315, 'noise_gpi_sigma': 65.83905042550072, 'g_stn_gpe_mult': 2.599316000534258, 'g_gpe_stn_mult': 0.1062181077231809, 'g_stn_gpi_mult': 2.458736754897206, 'g_gpe_gpi_mult': 0.46899094238929667}. Best is trial 478 with value: 0.1530179013268657.
[I 2026-05-29 00:07:12,223] Trial 481 finished with value: 0.18567679176138083 and parameters: {'ISTN': 61.567554376087344, 'I_gpe': 1.0972284179641985, 'I_gpi': 1.861976387034179, 'noise_stn_sigma': 2.7354134457621324, 'noise_gpe_sigma': 113.85898563250025, 'noise_gpi_sigma': 69.53945127872953, 'g_stn_gpe_mult': 2.632739215333585, 'g_gpe_stn_mult': 0.12333974256124876, 'g_stn_gpi_mult': 2.1624665340489475, 'g_gpe_gpi_mult': 0.559521010611889}. Best is trial 478 with value: 0.1530179013268657.
[I 2026-05-29 00:07:13,231] Trial 482 finished with value: 1.3732562271747073 and parameters: {'ISTN': 60.81045341692451, 'I_gpe': 0.909966917918322, 'I_gpi': 2.104656782320293, 'noise_stn_sigma': 3.3238824379582916, 'noise_gpe_sigma': 107.02245102523693, 'noise_gpi_sigma': 69.28697541664454, 'g_stn_gpe_mult': 2.367434248892085, 'g_gpe_stn_mult': 0.1745188326536643, 'g_stn_gpi_mult': 2.357738681717446, 'g_gpe_gpi_mult': 0.49455356317533855}. Best is trial 478 with value: 0.1530179013268657.
[I 2026-05-29 00:07:14,239] Trial 483 finished with value: 0.22009132204613738 and parameters: {'ISTN': 61.82998907949967, 'I_gpe': 0.9476129415062139, 'I_gpi': 1.9704085054890834, 'noise_stn_sigma': 3.0472498454857955, 'noise_gpe_sigma': 106.62172819588268, 'noise_gpi_sigma': 61.7809066210385, 'g_stn_gpe_mult': 2.429072979162231, 'g_gpe_stn_mult': 0.11793556783743803, 'g_stn_gpi_mult': 2.4517364713811274, 'g_gpe_gpi_mult': 0.4113596405309461}. Best is trial 478 with value: 0.1530179013268657.
