[I 2026-05-28 23:14:53,327] Trial 396 finished with value: 2.126500323194939 and parameters: {'ISTN': 62.40835637274181, 'I_gpe': 2.1259438990242794, 'I_gpi': 2.0649072587184056, 'noise_stn_sigma': 6.261856705908942, 'noise_gpe_sigma': 132.2087794560934, 'noise_gpi_sigma': 93.12171005472555, 'g_stn_gpe_mult': 3.432499120516904, 'g_gpe_stn_mult': 0.7212358970513999, 'g_stn_gpi_mult': 3.100430967629675, 'g_gpe_gpi_mult': 0.9161974144075149}. Best is trial 396 with value: 2.126500323194939.
[I 2026-05-28 23:14:54,337] Trial 397 finished with value: 7.1736431323520335 and parameters: {'ISTN': 61.37101459445164, 'I_gpe': 2.0800347742877765, 'I_gpi': 2.0810296219635562, 'noise_stn_sigma': 6.191702251826202, 'noise_gpe_sigma': 118.31118886223547, 'noise_gpi_sigma': 94.42572006812368, 'g_stn_gpe_mult': 3.1832138654017648, 'g_gpe_stn_mult': 0.7148465719570204, 'g_stn_gpi_mult': 3.0170421068415223, 'g_gpe_gpi_mult': 0.8702620615083629}. Best is trial 396 with value: 2.126500323194939.
[I 2026-05-28 23:14:55,285] Trial 398 finished with value: 1000000.0 and parameters: {'ISTN': 68.98296019968556, 'I_gpe': 2.1287478682979213, 'I_gpi': 2.11331589199614, 'noise_stn_sigma': 6.4271752441703836, 'noise_gpe_sigma': 130.9237643231731, 'noise_gpi_sigma': 104.02053095478878, 'g_stn_gpe_mult': 3.37394151808836, 'g_gpe_stn_mult': 0.6996896872858267, 'g_stn_gpi_mult': 3.0024882248396763, 'g_gpe_gpi_mult': 0.9476073313789524}. Best is trial 396 with value: 2.126500323194939.
[I 2026-05-28 23:14:56,292] Trial 399 finished with value: 13.391427713833819 and parameters: {'ISTN': 61.20747818157992, 'I_gpe': 2.029127086251852, 'I_gpi': 2.2485143677412154, 'noise_stn_sigma': 6.365769464398905, 'noise_gpe_sigma': 123.25807128582663, 'noise_gpi_sigma': 85.15456943412495, 'g_stn_gpe_mult': 3.1112043239231886, 'g_gpe_stn_mult': 0.7306494703322354, 'g_stn_gpi_mult': 3.0396495976122746, 'g_gpe_gpi_mult': 0.8924534679039517}. Best is trial 396 with value: 2.126500323194939.
[I 2026-05-28 23:14:57,298] Trial 400 finished with value: 8.608580889456046 and parameters: {'ISTN': 68.39747828546305, 'I_gpe': 2.027386619467255, 'I_gpi': 1.7065736275065078, 'noise_stn_sigma': 6.772049930974951, 'noise_gpe_sigma': 120.28467192378994, 'noise_gpi_sigma': 94.90699338285121, 'g_stn_gpe_mult': 3.2599244283493602, 'g_gpe_stn_mult': 0.678237759295438, 'g_stn_gpi_mult': 3.0117705757758397, 'g_gpe_gpi_mult': 0.9026386622081224}. Best is trial 396 with value: 2.126500323194939.
[I 2026-05-28 23:14:58,308] Trial 401 finished with value: 7.821083732490067 and parameters: {'ISTN': 65.95643812413006, 'I_gpe': 2.045151323206799, 'I_gpi': 2.2213261968345486, 'noise_stn_sigma': 6.297974904321673, 'noise_gpe_sigma': 135.08638729464155, 'noise_gpi_sigma': 87.1865160014771, 'g_stn_gpe_mult': 3.1994706532993504, 'g_gpe_stn_mult': 0.7759887546093042, 'g_stn_gpi_mult': 3.2014210997617805, 'g_gpe_gpi_mult': 0.9498284909219565}. Best is trial 396 with value: 2.126500323194939.
[I 2026-05-28 23:14:59,315] Trial 402 finished with value: 6.560398143419453 and parameters: {'ISTN': 66.54137860165787, 'I_gpe': 2.2485287281767867, 'I_gpi': 2.0240083648856455, 'noise_stn_sigma': 6.492875673391415, 'noise_gpe_sigma': 121.30249314809484, 'noise_gpi_sigma': 103.93168193440353, 'g_stn_gpe_mult': 3.348598058122102, 'g_gpe_stn_mult': 0.7352141832452851, 'g_stn_gpi_mult': 3.194418560761159, 'g_gpe_gpi_mult': 0.8580484814693421}. Best is trial 396 with value: 2.126500323194939.
[I 2026-05-28 23:15:00,323] Trial 403 finished with value: 5.7425486984252485 and parameters: {'ISTN': 66.01401750256767, 'I_gpe': 2.1966900969374237, 'I_gpi': 2.031930213138926, 'noise_stn_sigma': 6.416843332776775, 'noise_gpe_sigma': 124.36732738162175, 'noise_gpi_sigma': 95.99606004560195, 'g_stn_gpe_mult': 3.02110616414321, 'g_gpe_stn_mult': 0.7213435137426991, 'g_stn_gpi_mult': 2.897878310373456, 'g_gpe_gpi_mult': 0.8795401506515983}. Best is trial 396 with value: 2.126500323194939.
[I 2026-05-28 23:15:01,330] Trial 404 finished with value: 7.1330430904347635 and parameters: {'ISTN': 65.03330087809157, 'I_gpe': 2.0181399641487543, 'I_gpi': 1.8878996571972664, 'noise_stn_sigma': 5.940760491689913, 'noise_gpe_sigma': 125.36129002458419, 'noise_gpi_sigma': 100.27293832229809, 'g_stn_gpe_mult': 3.531682491551636, 'g_gpe_stn_mult': 0.6993340560770421, 'g_stn_gpi_mult': 2.988650424916167, 'g_gpe_gpi_mult': 0.9150128087525369}. Best is trial 396 with value: 2.126500323194939.
[I 2026-05-28 23:15:02,339] Trial 405 finished with value: 10.496747246760533 and parameters: {'ISTN': 61.83643004180758, 'I_gpe': 2.049354271330717, 'I_gpi': 1.9473899606752678, 'noise_stn_sigma': 6.141416424008246, 'noise_gpe_sigma': 112.04106996297996, 'noise_gpi_sigma': 99.20952288824566, 'g_stn_gpe_mult': 3.4578009812271353, 'g_gpe_stn_mult': 0.685325526977914, 'g_stn_gpi_mult': 3.0222110414392533, 'g_gpe_gpi_mult': 0.8579461400784685}. Best is trial 396 with value: 2.126500323194939.
[I 2026-05-28 23:15:03,346] Trial 406 finished with value: 5.1651676417656525 and parameters: {'ISTN': 64.90755174968784, 'I_gpe': 2.0368419665505018, 'I_gpi': 1.967711479246312, 'noise_stn_sigma': 6.227696111758919, 'noise_gpe_sigma': 128.1395117504972, 'noise_gpi_sigma': 93.45265299516716, 'g_stn_gpe_mult': 3.3753657384103817, 'g_gpe_stn_mult': 0.7010452260592257, 'g_stn_gpi_mult': 3.066627363748858, 'g_gpe_gpi_mult': 0.8491479594013893}. Best is trial 396 with value: 2.126500323194939.
[I 2026-05-28 23:15:04,351] Trial 407 finished with value: 11.62465659971356 and parameters: {'ISTN': 67.69204335331945, 'I_gpe': 1.9084526218693427, 'I_gpi': 1.735025088362394, 'noise_stn_sigma': 6.738388925514042, 'noise_gpe_sigma': 137.33965844401138, 'noise_gpi_sigma': 81.62868410442536, 'g_stn_gpe_mult': 3.492265661295029, 'g_gpe_stn_mult': 0.7918478319163285, 'g_stn_gpi_mult': 3.393300569368653, 'g_gpe_gpi_mult': 0.9419170537374801}. Best is trial 396 with value: 2.126500323194939.
[I 2026-05-28 23:15:05,358] Trial 408 finished with value: 8.755142392057262 and parameters: {'ISTN': 63.728704802892146, 'I_gpe': 2.0784851374548254, 'I_gpi': 2.2507983109997127, 'noise_stn_sigma': 6.188514209043107, 'noise_gpe_sigma': 127.29199284187858, 'noise_gpi_sigma': 92.25128878465655, 'g_stn_gpe_mult': 3.165321875251468, 'g_gpe_stn_mult': 0.7148503924080631, 'g_stn_gpi_mult': 3.0226710506438974, 'g_gpe_gpi_mult': 0.8662851821572637}. Best is trial 396 with value: 2.126500323194939.
[I 2026-05-28 23:15:06,366] Trial 409 finished with value: 12.819588893482035 and parameters: {'ISTN': 67.08379289679799, 'I_gpe': 1.9656388537877791, 'I_gpi': 2.0671566210333023, 'noise_stn_sigma': 6.7046430902282435, 'noise_gpe_sigma': 130.93322196403022, 'noise_gpi_sigma': 105.8168868659828, 'g_stn_gpe_mult': 3.24631263479628, 'g_gpe_stn_mult': 0.7618738235919192, 'g_stn_gpi_mult': 3.221002009424439, 'g_gpe_gpi_mult': 0.9637536621667755}. Best is trial 396 with value: 2.126500323194939.
[I 2026-05-28 23:15:07,373] Trial 410 finished with value: 7.674129261450691 and parameters: {'ISTN': 64.63971647295612, 'I_gpe': 2.173300383927358, 'I_gpi': 1.8797532538631025, 'noise_stn_sigma': 6.439783125465499, 'noise_gpe_sigma': 127.21149999819522, 'noise_gpi_sigma': 97.55966088436615, 'g_stn_gpe_mult': 3.4362261057786934, 'g_gpe_stn_mult': 0.676653304393616, 'g_stn_gpi_mult': 2.7893338523910405, 'g_gpe_gpi_mult': 0.8702668156883702}. Best is trial 396 with value: 2.126500323194939.
[I 2026-05-28 23:15:08,381] Trial 411 finished with value: 7.3474973759914315 and parameters: {'ISTN': 64.73771040202386, 'I_gpe': 2.2213870684090007, 'I_gpi': 2.119778156072062, 'noise_stn_sigma': 6.185174055052662, 'noise_gpe_sigma': 136.44216082365296, 'noise_gpi_sigma': 91.4714204762019, 'g_stn_gpe_mult': 3.380791317344436, 'g_gpe_stn_mult': 0.7013074705379341, 'g_stn_gpi_mult': 2.9744767724924164, 'g_gpe_gpi_mult': 0.898192970257722}. Best is trial 396 with value: 2.126500323194939.
[I 2026-05-28 23:15:09,389] Trial 412 finished with value: 12.590414724062741 and parameters: {'ISTN': 69.21304794809649, 'I_gpe': 2.180922609544046, 'I_gpi': 1.8521590821293363, 'noise_stn_sigma': 6.560714938899749, 'noise_gpe_sigma': 127.7910827808099, 'noise_gpi_sigma': 104.34293633306535, 'g_stn_gpe_mult': 3.2758742266473435, 'g_gpe_stn_mult': 0.6979985455882498, 'g_stn_gpi_mult': 2.917637936403708, 'g_gpe_gpi_mult': 0.8417816482826606}. Best is trial 396 with value: 2.126500323194939.
[I 2026-05-28 23:15:10,397] Trial 413 finished with value: 11.01755266499233 and parameters: {'ISTN': 68.30270470480714, 'I_gpe': 2.2737407193629986, 'I_gpi': 1.9739415612852471, 'noise_stn_sigma': 6.056318261553047, 'noise_gpe_sigma': 129.15259165497181, 'noise_gpi_sigma': 99.10537488381861, 'g_stn_gpe_mult': 3.211516059341033, 'g_gpe_stn_mult': 0.6991982719870133, 'g_stn_gpi_mult': 2.8537533563206736, 'g_gpe_gpi_mult': 0.8363629720344341}. Best is trial 396 with value: 2.126500323194939.
[I 2026-05-28 23:15:11,405] Trial 414 finished with value: 8.649931159754606 and parameters: {'ISTN': 64.02155314584292, 'I_gpe': 2.0900363019167543, 'I_gpi': 1.7906331106183853, 'noise_stn_sigma': 6.487066665948863, 'noise_gpe_sigma': 130.52144008459385, 'noise_gpi_sigma': 75.75582227297751, 'g_stn_gpe_mult': 3.335653875886778, 'g_gpe_stn_mult': 0.6866260443918528, 'g_stn_gpi_mult': 2.7195782983627397, 'g_gpe_gpi_mult': 0.8656206491838847}. Best is trial 396 with value: 2.126500323194939.
[I 2026-05-28 23:15:12,412] Trial 415 finished with value: 9.848388887991023 and parameters: {'ISTN': 60.1054298012178, 'I_gpe': 2.0492236933792127, 'I_gpi': 1.6855336455849186, 'noise_stn_sigma': 6.605694362930949, 'noise_gpe_sigma': 127.06296064444793, 'noise_gpi_sigma': 97.24436375663005, 'g_stn_gpe_mult': 3.3197954658332014, 'g_gpe_stn_mult': 0.7005347504526147, 'g_stn_gpi_mult': 3.0466899631360946, 'g_gpe_gpi_mult': 0.914507195821677}. Best is trial 396 with value: 2.126500323194939.
[I 2026-05-28 23:15:13,420] Trial 416 finished with value: 8.592769962879567 and parameters: {'ISTN': 69.49853722706519, 'I_gpe': 2.1904011008904147, 'I_gpi': 1.9252022905738377, 'noise_stn_sigma': 5.7804392824615904, 'noise_gpe_sigma': 128.9786095740486, 'noise_gpi_sigma': 89.1094908989103, 'g_stn_gpe_mult': 3.4154296762862497, 'g_gpe_stn_mult': 0.7077733456338974, 'g_stn_gpi_mult': 3.139360141213603, 'g_gpe_gpi_mult': 0.8839295246640848}. Best is trial 396 with value: 2.126500323194939.
[I 2026-05-28 23:15:14,431] Trial 417 finished with value: 5.794960861873095 and parameters: {'ISTN': 60.46709141600664, 'I_gpe': 2.1039842904166246, 'I_gpi': 1.8063251233166473, 'noise_stn_sigma': 6.71163248258305, 'noise_gpe_sigma': 127.88001594009293, 'noise_gpi_sigma': 100.98884083358692, 'g_stn_gpe_mult': 3.2819143996475963, 'g_gpe_stn_mult': 0.7041018669817155, 'g_stn_gpi_mult': 3.1337458999846755, 'g_gpe_gpi_mult': 0.8318413887293667}. Best is trial 396 with value: 2.126500323194939.
[I 2026-05-28 23:15:15,439] Trial 418 finished with value: 4.904175168537148 and parameters: {'ISTN': 64.57829707000901, 'I_gpe': 2.234457907205667, 'I_gpi': 1.9947054943380162, 'noise_stn_sigma': 5.806623990944447, 'noise_gpe_sigma': 120.1975768371726, 'noise_gpi_sigma': 91.81953349475636, 'g_stn_gpe_mult': 3.401072287935061, 'g_gpe_stn_mult': 0.6803854529230153, 'g_stn_gpi_mult': 2.9056412522226345, 'g_gpe_gpi_mult': 0.8142190269658007}. Best is trial 396 with value: 2.126500323194939.
[I 2026-05-28 23:15:16,447] Trial 419 finished with value: 10.598051550594048 and parameters: {'ISTN': 70.18305611984353, 'I_gpe': 2.1843915340226445, 'I_gpi': 1.9462717946739254, 'noise_stn_sigma': 5.975967471190364, 'noise_gpe_sigma': 120.57230014980279, 'noise_gpi_sigma': 99.11918327103118, 'g_stn_gpe_mult': 3.4286851586156395, 'g_gpe_stn_mult': 0.7190621973500861, 'g_stn_gpi_mult': 3.138282296360389, 'g_gpe_gpi_mult': 0.7958001216873658}. Best is trial 396 with value: 2.126500323194939.
[I 2026-05-28 23:15:17,453] Trial 420 finished with value: 12.97977254981009 and parameters: {'ISTN': 63.37583778122375, 'I_gpe': 1.9824950904176593, 'I_gpi': 1.839878022616981, 'noise_stn_sigma': 6.118650255600263, 'noise_gpe_sigma': 128.61305578631607, 'noise_gpi_sigma': 99.62519589261055, 'g_stn_gpe_mult': 3.1915028932991767, 'g_gpe_stn_mult': 0.6985540359717719, 'g_stn_gpi_mult': 3.1234168314389574, 'g_gpe_gpi_mult': 0.8851587458132044}. Best is trial 396 with value: 2.126500323194939.
[I 2026-05-28 23:15:18,459] Trial 421 finished with value: 7.441109753422702 and parameters: {'ISTN': 61.52784795577272, 'I_gpe': 2.048643036885382, 'I_gpi': 2.0302167333551786, 'noise_stn_sigma': 6.704550814637555, 'noise_gpe_sigma': 120.8091564281302, 'noise_gpi_sigma': 98.84078333639977, 'g_stn_gpe_mult': 3.319304214476051, 'g_gpe_stn_mult': 0.6898266525927612, 'g_stn_gpi_mult': 2.981689895948567, 'g_gpe_gpi_mult': 0.9247197391086506}. Best is trial 396 with value: 2.126500323194939.
[I 2026-05-28 23:15:19,467] Trial 422 finished with value: 12.075547150666132 and parameters: {'ISTN': 64.54339923033345, 'I_gpe': 2.2699852971577044, 'I_gpi': 2.0478268746864003, 'noise_stn_sigma': 6.192212290381969, 'noise_gpe_sigma': 115.901972280347, 'noise_gpi_sigma': 93.11739304635239, 'g_stn_gpe_mult': 3.3139061616908148, 'g_gpe_stn_mult': 0.658014593831661, 'g_stn_gpi_mult': 3.0906256331500397, 'g_gpe_gpi_mult': 0.8140786763352186}. Best is trial 396 with value: 2.126500323194939.
[I 2026-05-28 23:15:20,475] Trial 423 finished with value: 9.111410157786835 and parameters: {'ISTN': 66.27588643928128, 'I_gpe': 2.2240159300009212, 'I_gpi': 2.0501185451234307, 'noise_stn_sigma': 5.825866058175251, 'noise_gpe_sigma': 126.4013989796558, 'noise_gpi_sigma': 89.21649981653664, 'g_stn_gpe_mult': 3.4912085148345495, 'g_gpe_stn_mult': 0.6812861428885392, 'g_stn_gpi_mult': 3.059776205214542, 'g_gpe_gpi_mult': 0.7913018443018138}. Best is trial 396 with value: 2.126500323194939.
[I 2026-05-28 23:15:21,482] Trial 424 finished with value: 6.843417756729985 and parameters: {'ISTN': 63.20907410411616, 'I_gpe': 2.121684556592582, 'I_gpi': 1.790707624442181, 'noise_stn_sigma': 5.800001515911503, 'noise_gpe_sigma': 123.56372700221924, 'noise_gpi_sigma': 92.38049894124384, 'g_stn_gpe_mult': 3.5165392054760214, 'g_gpe_stn_mult': 0.6466892950433561, 'g_stn_gpi_mult': 2.9681554886601886, 'g_gpe_gpi_mult': 0.8194855741019129}. Best is trial 396 with value: 2.126500323194939.
[I 2026-05-28 23:15:22,491] Trial 425 finished with value: 13.440241963861537 and parameters: {'ISTN': 64.50208001198958, 'I_gpe': 2.3254753767718612, 'I_gpi': 1.9853832223605137, 'noise_stn_sigma': 6.660405627763788, 'noise_gpe_sigma': 119.17742992480629, 'noise_gpi_sigma': 101.23374257081937, 'g_stn_gpe_mult': 3.0799525093014344, 'g_gpe_stn_mult': 0.6655823683845111, 'g_stn_gpi_mult': 2.8471194201849115, 'g_gpe_gpi_mult': 0.9371528245847525}. Best is trial 396 with value: 2.126500323194939.
[I 2026-05-28 23:15:23,500] Trial 426 finished with value: 11.354713772603994 and parameters: {'ISTN': 63.576298533956844, 'I_gpe': 2.2587408692870694, 'I_gpi': 1.9004049393624611, 'noise_stn_sigma': 6.323721414046537, 'noise_gpe_sigma': 130.74735561091268, 'noise_gpi_sigma': 88.73274180191555, 'g_stn_gpe_mult': 3.372484930575283, 'g_gpe_stn_mult': 0.670939332491732, 'g_stn_gpi_mult': 2.3155873468349557, 'g_gpe_gpi_mult': 0.8169633939901986}. Best is trial 396 with value: 2.126500323194939.
[I 2026-05-28 23:15:24,508] Trial 427 finished with value: 10.460541711356669 and parameters: {'ISTN': 60.79519274558335, 'I_gpe': 2.17222380537037, 'I_gpi': 1.7061570548127065, 'noise_stn_sigma': 5.988278763543883, 'noise_gpe_sigma': 119.398666309483, 'noise_gpi_sigma': 88.03208919840358, 'g_stn_gpe_mult': 3.1732444743650987, 'g_gpe_stn_mult': 0.6684595006418869, 'g_stn_gpi_mult': 2.9503315817137974, 'g_gpe_gpi_mult': 0.8857490127414411}. Best is trial 396 with value: 2.126500323194939.
[I 2026-05-28 23:15:25,516] Trial 428 finished with value: 9.327832803518179 and parameters: {'ISTN': 63.320343353319586, 'I_gpe': 2.3538362779533646, 'I_gpi': 1.7878534763131984, 'noise_stn_sigma': 5.699175551852193, 'noise_gpe_sigma': 125.20801379561583, 'noise_gpi_sigma': 89.98923538930985, 'g_stn_gpe_mult': 3.335804446376519, 'g_gpe_stn_mult': 0.7055052483051506, 'g_stn_gpi_mult': 3.024285086213215, 'g_gpe_gpi_mult': 0.8654387344232941}. Best is trial 396 with value: 2.126500323194939.
[I 2026-05-28 23:15:26,526] Trial 429 finished with value: 6.606347545849784 and parameters: {'ISTN': 61.615522693694025, 'I_gpe': 2.140430406088375, 'I_gpi': 2.0678630399302547, 'noise_stn_sigma': 6.760730987869333, 'noise_gpe_sigma': 120.00324389812484, 'noise_gpi_sigma': 104.68341235979256, 'g_stn_gpe_mult': 3.3674974686506745, 'g_gpe_stn_mult': 0.6929022407168817, 'g_stn_gpi_mult': 3.0130146143163214, 'g_gpe_gpi_mult': 0.883219725259252}. Best is trial 396 with value: 2.126500323194939.
[I 2026-05-28 23:15:27,533] Trial 430 finished with value: 8.346945969777474 and parameters: {'ISTN': 65.79895286596052, 'I_gpe': 2.1791549751873798, 'I_gpi': 1.9900526140703354, 'noise_stn_sigma': 5.813257741934518, 'noise_gpe_sigma': 126.6621684207296, 'noise_gpi_sigma': 92.32448081352523, 'g_stn_gpe_mult': 3.393215212825372, 'g_gpe_stn_mult': 0.6679617782577674, 'g_stn_gpi_mult': 2.910744097546653, 'g_gpe_gpi_mult': 0.8449037025467108}. Best is trial 396 with value: 2.126500323194939.
[I 2026-05-28 23:15:28,541] Trial 431 finished with value: 9.614631785522741 and parameters: {'ISTN': 64.43033661500303, 'I_gpe': 2.234570324648015, 'I_gpi': 2.027302718554981, 'noise_stn_sigma': 6.789357955178699, 'noise_gpe_sigma': 126.80213769053817, 'noise_gpi_sigma': 108.40191250916871, 'g_stn_gpe_mult': 3.2846955071342174, 'g_gpe_stn_mult': 0.752347820183588, 'g_stn_gpi_mult': 3.0775173272325347, 'g_gpe_gpi_mult': 0.908189903410964}. Best is trial 396 with value: 2.126500323194939.
[I 2026-05-28 23:15:29,547] Trial 432 finished with value: 10.597403762164634 and parameters: {'ISTN': 61.387881399986455, 'I_gpe': 1.9942591921246886, 'I_gpi': 1.966856257735457, 'noise_stn_sigma': 6.4724345978820015, 'noise_gpe_sigma': 114.68676005733484, 'noise_gpi_sigma': 93.57577968992481, 'g_stn_gpe_mult': 3.293419426646305, 'g_gpe_stn_mult': 0.6648613344026648, 'g_stn_gpi_mult': 3.031474742882091, 'g_gpe_gpi_mult': 0.8521666322310848}. Best is trial 396 with value: 2.126500323194939.
[I 2026-05-28 23:15:30,556] Trial 433 finished with value: 8.260381140455562 and parameters: {'ISTN': 60.68225035686935, 'I_gpe': 2.094459376273483, 'I_gpi': 1.7926199405832781, 'noise_stn_sigma': 6.143964296110079, 'noise_gpe_sigma': 112.03750659328063, 'noise_gpi_sigma': 96.82645194067645, 'g_stn_gpe_mult': 3.1825872491119678, 'g_gpe_stn_mult': 0.6297019073244807, 'g_stn_gpi_mult': 3.0479446785436317, 'g_gpe_gpi_mult': 0.85870005260682}. Best is trial 396 with value: 2.126500323194939.
[I 2026-05-28 23:15:31,566] Trial 434 finished with value: 11.308118412691888 and parameters: {'ISTN': 61.48227671427299, 'I_gpe': 2.241304475023366, 'I_gpi': 2.0514727187452424, 'noise_stn_sigma': 6.055551739341277, 'noise_gpe_sigma': 120.4715169030245, 'noise_gpi_sigma': 91.26897491508146, 'g_stn_gpe_mult': 3.2432050891942703, 'g_gpe_stn_mult': 0.7212243671203935, 'g_stn_gpi_mult': 2.992927586815984, 'g_gpe_gpi_mult': 0.8574398175624114}. Best is trial 396 with value: 2.126500323194939.
[I 2026-05-28 23:15:32,573] Trial 435 finished with value: 12.299175595113253 and parameters: {'ISTN': 64.19338430788149, 'I_gpe': 2.080338809146303, 'I_gpi': 2.0912624641425515, 'noise_stn_sigma': 6.681329142649505, 'noise_gpe_sigma': 121.54467495341439, 'noise_gpi_sigma': 92.60531510806128, 'g_stn_gpe_mult': 3.353752459581413, 'g_gpe_stn_mult': 0.7050567162856283, 'g_stn_gpi_mult': 3.153411481205793, 'g_gpe_gpi_mult': 0.8007730430855564}. Best is trial 396 with value: 2.126500323194939.
[I 2026-05-28 23:15:33,581] Trial 436 finished with value: 8.681946369332785 and parameters: {'ISTN': 63.500947923941645, 'I_gpe': 2.244832776927056, 'I_gpi': 2.0530863150925867, 'noise_stn_sigma': 5.7642171630469115, 'noise_gpe_sigma': 114.73419150565613, 'noise_gpi_sigma': 101.97856742525695, 'g_stn_gpe_mult': 3.3344860592366827, 'g_gpe_stn_mult': 0.6889259334173589, 'g_stn_gpi_mult': 2.9873840748148206, 'g_gpe_gpi_mult': 0.8421282408787971}. Best is trial 396 with value: 2.126500323194939.
[I 2026-05-28 23:15:34,589] Trial 437 finished with value: 8.493361958399646 and parameters: {'ISTN': 60.118734340897376, 'I_gpe': 2.153899294288232, 'I_gpi': 1.859220141527436, 'noise_stn_sigma': 6.121580693890703, 'noise_gpe_sigma': 117.48059312707896, 'noise_gpi_sigma': 99.73272163069939, 'g_stn_gpe_mult': 3.403516027340134, 'g_gpe_stn_mult': 0.6626747744162584, 'g_stn_gpi_mult': 2.8835389890698346, 'g_gpe_gpi_mult': 0.8295283922024297}. Best is trial 396 with value: 2.126500323194939.
[I 2026-05-28 23:15:35,596] Trial 438 finished with value: 5.769106218025698 and parameters: {'ISTN': 64.15807532550068, 'I_gpe': 2.16521574351371, 'I_gpi': 1.8526822734418582, 'noise_stn_sigma': 6.758616158048884, 'noise_gpe_sigma': 127.75300913869893, 'noise_gpi_sigma': 104.40285980626102, 'g_stn_gpe_mult': 3.4487239372876752, 'g_gpe_stn_mult': 0.6951644662474264, 'g_stn_gpi_mult': 3.0405708158265323, 'g_gpe_gpi_mult': 0.8527064664477422}. Best is trial 396 with value: 2.126500323194939.
[I 2026-05-28 23:15:36,604] Trial 439 finished with value: 7.513260157118065 and parameters: {'ISTN': 64.15104971272294, 'I_gpe': 2.0545741208235286, 'I_gpi': 1.7570387604667705, 'noise_stn_sigma': 6.61956212206964, 'noise_gpe_sigma': 118.95975789875554, 'noise_gpi_sigma': 96.34323993273458, 'g_stn_gpe_mult': 3.52026642756711, 'g_gpe_stn_mult': 0.6758991057388696, 'g_stn_gpi_mult': 2.929602044717461, 'g_gpe_gpi_mult': 0.8846612584716378}. Best is trial 396 with value: 2.126500323194939.
