[I 2026-05-28 23:51:45,611] Trial 572 finished with value: 0.16577958574616755 and parameters: {'ISTN': 64.42358129204595, 'I_gpe': 1.4695860855000216, 'I_gpi': 2.143540412719978, 'noise_stn_sigma': 3.5916725011569834, 'noise_gpe_sigma': 98.15932162202164, 'noise_gpi_sigma': 97.38732461457609, 'g_stn_gpe_mult': 2.749566149200167, 'g_gpe_stn_mult': 0.10123373469362139, 'g_stn_gpi_mult': 1.7034258896945416, 'g_gpe_gpi_mult': 0.9942104079943601}. Best is trial 571 with value: 0.13977144833842395.
[I 2026-05-28 23:51:46,617] Trial 573 finished with value: 0.17079491615329445 and parameters: {'ISTN': 62.528942398297396, 'I_gpe': 1.4604478325254204, 'I_gpi': 2.072710325520209, 'noise_stn_sigma': 3.3663730882933507, 'noise_gpe_sigma': 95.50217960170703, 'noise_gpi_sigma': 101.59871910977449, 'g_stn_gpe_mult': 2.669290389328995, 'g_gpe_stn_mult': 0.11104126971246579, 'g_stn_gpi_mult': 1.602811617240226, 'g_gpe_gpi_mult': 1.0062755495792768}. Best is trial 571 with value: 0.13977144833842395.
[I 2026-05-28 23:51:47,623] Trial 574 finished with value: 0.151342115544463 and parameters: {'ISTN': 61.19555231813855, 'I_gpe': 1.4421818408850535, 'I_gpi': 2.3068388816395595, 'noise_stn_sigma': 3.261082985686658, 'noise_gpe_sigma': 98.50177274932531, 'noise_gpi_sigma': 101.58845780768043, 'g_stn_gpe_mult': 2.6454890233818973, 'g_gpe_stn_mult': 0.1442961536579132, 'g_stn_gpi_mult': 1.8813552678935923, 'g_gpe_gpi_mult': 1.012667867151624}. Best is trial 571 with value: 0.13977144833842395.
[I 2026-05-28 23:51:48,628] Trial 575 finished with value: 0.1543470591974753 and parameters: {'ISTN': 62.82350497052897, 'I_gpe': 1.3580400939713229, 'I_gpi': 2.223090864246159, 'noise_stn_sigma': 3.3491842301771957, 'noise_gpe_sigma': 99.09373569664953, 'noise_gpi_sigma': 102.95953322445581, 'g_stn_gpe_mult': 2.81638193690381, 'g_gpe_stn_mult': 0.11761086027835164, 'g_stn_gpi_mult': 1.5633241072393533, 'g_gpe_gpi_mult': 1.0361237995391372}. Best is trial 571 with value: 0.13977144833842395.
[I 2026-05-28 23:51:49,635] Trial 576 finished with value: 0.14880977028939707 and parameters: {'ISTN': 61.96904614517017, 'I_gpe': 1.2705063122569382, 'I_gpi': 2.190437629526796, 'noise_stn_sigma': 3.3896986113566254, 'noise_gpe_sigma': 101.67161556986078, 'noise_gpi_sigma': 102.29557144392274, 'g_stn_gpe_mult': 2.6736193057228332, 'g_gpe_stn_mult': 0.11134582336426561, 'g_stn_gpi_mult': 1.6630612118303099, 'g_gpe_gpi_mult': 0.9889928440722646}. Best is trial 571 with value: 0.13977144833842395.
[I 2026-05-28 23:51:50,640] Trial 577 finished with value: 0.1494883502717403 and parameters: {'ISTN': 60.33429949972333, 'I_gpe': 1.4001221542343334, 'I_gpi': 2.2535624417491014, 'noise_stn_sigma': 3.4602269470165687, 'noise_gpe_sigma': 90.61603332464875, 'noise_gpi_sigma': 102.97681476013427, 'g_stn_gpe_mult': 2.581865063028464, 'g_gpe_stn_mult': 0.12452797871894564, 'g_stn_gpi_mult': 1.7363102189892605, 'g_gpe_gpi_mult': 0.93071054967762}. Best is trial 571 with value: 0.13977144833842395.
[I 2026-05-28 23:51:51,648] Trial 578 finished with value: 0.14873745742521263 and parameters: {'ISTN': 62.56903293705492, 'I_gpe': 1.3159725173601389, 'I_gpi': 2.2228784817755916, 'noise_stn_sigma': 3.4257343733326038, 'noise_gpe_sigma': 92.15316811930273, 'noise_gpi_sigma': 100.02932403237966, 'g_stn_gpe_mult': 2.5355078249287577, 'g_gpe_stn_mult': 0.10520669960550574, 'g_stn_gpi_mult': 1.7893830549426681, 'g_gpe_gpi_mult': 1.001113062306818}. Best is trial 571 with value: 0.13977144833842395.
[I 2026-05-28 23:51:52,655] Trial 579 finished with value: 0.15295450421791618 and parameters: {'ISTN': 60.663965736552434, 'I_gpe': 1.3762857449747528, 'I_gpi': 2.356314931994455, 'noise_stn_sigma': 3.3026744299249344, 'noise_gpe_sigma': 98.27889722432568, 'noise_gpi_sigma': 99.40831150329554, 'g_stn_gpe_mult': 2.562433190189596, 'g_gpe_stn_mult': 0.13232596644796285, 'g_stn_gpi_mult': 1.7168637273713858, 'g_gpe_gpi_mult': 0.9938091149466677}. Best is trial 571 with value: 0.13977144833842395.
[I 2026-05-28 23:51:53,662] Trial 580 finished with value: 0.15854899922045537 and parameters: {'ISTN': 61.37683511350242, 'I_gpe': 1.3284563056477912, 'I_gpi': 2.0447838138822423, 'noise_stn_sigma': 3.589317232639051, 'noise_gpe_sigma': 93.40838578108321, 'noise_gpi_sigma': 96.01940648700204, 'g_stn_gpe_mult': 2.5279760151909363, 'g_gpe_stn_mult': 0.10871139323351091, 'g_stn_gpi_mult': 1.705495363146525, 'g_gpe_gpi_mult': 0.9629590032147926}. Best is trial 571 with value: 0.13977144833842395.
[I 2026-05-28 23:51:54,670] Trial 581 finished with value: 0.14420089476327877 and parameters: {'ISTN': 61.421885254360504, 'I_gpe': 1.3436524414913387, 'I_gpi': 2.359713173288827, 'noise_stn_sigma': 3.2201825605235133, 'noise_gpe_sigma': 97.64744863111916, 'noise_gpi_sigma': 95.2938156862821, 'g_stn_gpe_mult': 2.7050144184202933, 'g_gpe_stn_mult': 0.13629711884708218, 'g_stn_gpi_mult': 1.5660329865100917, 'g_gpe_gpi_mult': 0.9953454666888257}. Best is trial 571 with value: 0.13977144833842395.
[I 2026-05-28 23:51:55,678] Trial 582 finished with value: 0.9193338220256556 and parameters: {'ISTN': 60.87891296724232, 'I_gpe': 1.3804742331710478, 'I_gpi': 2.1536886455467785, 'noise_stn_sigma': 3.2892005143408864, 'noise_gpe_sigma': 92.25029989809514, 'noise_gpi_sigma': 103.44921730574478, 'g_stn_gpe_mult': 2.6710137651823516, 'g_gpe_stn_mult': 0.1047614602759891, 'g_stn_gpi_mult': 1.5545431028998065, 'g_gpe_gpi_mult': 0.9481408501384463}. Best is trial 571 with value: 0.13977144833842395.
[I 2026-05-28 23:51:56,685] Trial 583 finished with value: 0.1492872475443616 and parameters: {'ISTN': 60.12715323530053, 'I_gpe': 1.2711777133579596, 'I_gpi': 2.375791562908991, 'noise_stn_sigma': 3.9868352569059127, 'noise_gpe_sigma': 93.11977644021749, 'noise_gpi_sigma': 103.45954242348502, 'g_stn_gpe_mult': 2.5294772395684477, 'g_gpe_stn_mult': 0.12664941527906295, 'g_stn_gpi_mult': 1.7026610844981414, 'g_gpe_gpi_mult': 0.9116632513315115}. Best is trial 571 with value: 0.13977144833842395.
[I 2026-05-28 23:51:57,692] Trial 584 finished with value: 0.1482036292661706 and parameters: {'ISTN': 61.68738745758579, 'I_gpe': 1.3339619760780637, 'I_gpi': 2.3291281496481036, 'noise_stn_sigma': 3.168380020069018, 'noise_gpe_sigma': 95.66225552877714, 'noise_gpi_sigma': 92.18016400474372, 'g_stn_gpe_mult': 2.5171461448911616, 'g_gpe_stn_mult': 0.1263476997559589, 'g_stn_gpi_mult': 1.7200793367220377, 'g_gpe_gpi_mult': 1.0004843867188762}. Best is trial 571 with value: 0.13977144833842395.
[I 2026-05-28 23:51:58,700] Trial 585 finished with value: 1.0154808871679886 and parameters: {'ISTN': 60.78004510790693, 'I_gpe': 1.3888340944574087, 'I_gpi': 2.1305302137335573, 'noise_stn_sigma': 2.9197980910763173, 'noise_gpe_sigma': 96.468806027485, 'noise_gpi_sigma': 96.96807351533327, 'g_stn_gpe_mult': 2.5402300853741924, 'g_gpe_stn_mult': 0.11456160828533828, 'g_stn_gpi_mult': 1.6360242807835488, 'g_gpe_gpi_mult': 1.0460744666491284}. Best is trial 571 with value: 0.13977144833842395.
[I 2026-05-28 23:51:59,707] Trial 586 finished with value: 1.540405326087812 and parameters: {'ISTN': 63.247402925896026, 'I_gpe': 1.3576587183593216, 'I_gpi': 2.3033032546189234, 'noise_stn_sigma': 3.7646992158830503, 'noise_gpe_sigma': 94.83583053673459, 'noise_gpi_sigma': 102.37290163373551, 'g_stn_gpe_mult': 2.4595487074609492, 'g_gpe_stn_mult': 0.1286844682957656, 'g_stn_gpi_mult': 1.9195131310216047, 'g_gpe_gpi_mult': 0.9552189523144017}. Best is trial 571 with value: 0.13977144833842395.
[I 2026-05-28 23:52:00,714] Trial 587 finished with value: 0.14615047529469666 and parameters: {'ISTN': 62.16751139820286, 'I_gpe': 1.2599863340356872, 'I_gpi': 2.172830664593661, 'noise_stn_sigma': 3.4498712379436194, 'noise_gpe_sigma': 97.11971928411423, 'noise_gpi_sigma': 94.88313286011606, 'g_stn_gpe_mult': 2.5537394594684257, 'g_gpe_stn_mult': 0.11874394615349543, 'g_stn_gpi_mult': 1.8002512749656114, 'g_gpe_gpi_mult': 0.9588384008143083}. Best is trial 571 with value: 0.13977144833842395.
[I 2026-05-28 23:52:01,719] Trial 588 finished with value: 2.9619862204791385 and parameters: {'ISTN': 63.00853120532005, 'I_gpe': 1.3677925997627103, 'I_gpi': 2.439502088664656, 'noise_stn_sigma': 3.54523132461185, 'noise_gpe_sigma': 96.52755940669171, 'noise_gpi_sigma': 98.01437090612862, 'g_stn_gpe_mult': 2.5013572383312073, 'g_gpe_stn_mult': 0.13210000794066312, 'g_stn_gpi_mult': 1.7213639981636644, 'g_gpe_gpi_mult': 0.9697761365016939}. Best is trial 571 with value: 0.13977144833842395.
[I 2026-05-28 23:52:02,723] Trial 589 finished with value: 0.1393420569979968 and parameters: {'ISTN': 60.92522276401486, 'I_gpe': 1.3321012313467384, 'I_gpi': 2.2501354960628355, 'noise_stn_sigma': 3.428999374185439, 'noise_gpe_sigma': 94.87384766596098, 'noise_gpi_sigma': 95.63492684859142, 'g_stn_gpe_mult': 2.645270462431911, 'g_gpe_stn_mult': 0.12480945694585535, 'g_stn_gpi_mult': 1.8131503510381644, 'g_gpe_gpi_mult': 0.978858270926187}. Best is trial 589 with value: 0.1393420569979968.
[I 2026-05-28 23:52:03,729] Trial 590 finished with value: 0.21263090059892692 and parameters: {'ISTN': 61.92228220698528, 'I_gpe': 1.3974697970429546, 'I_gpi': 2.1554419005400276, 'noise_stn_sigma': 3.147007488372717, 'noise_gpe_sigma': 90.74931164258568, 'noise_gpi_sigma': 93.29269357456549, 'g_stn_gpe_mult': 2.5253489964419993, 'g_gpe_stn_mult': 0.11104518210974568, 'g_stn_gpi_mult': 1.8663300492784067, 'g_gpe_gpi_mult': 0.9935048168247627}. Best is trial 589 with value: 0.1393420569979968.
[I 2026-05-28 23:52:04,738] Trial 591 finished with value: 0.1638516819528098 and parameters: {'ISTN': 62.04432479758148, 'I_gpe': 1.2137100969533379, 'I_gpi': 2.441684274305601, 'noise_stn_sigma': 3.0637243622537236, 'noise_gpe_sigma': 93.04349589946324, 'noise_gpi_sigma': 101.56343616260706, 'g_stn_gpe_mult': 2.603462493415474, 'g_gpe_stn_mult': 0.1477215510202778, 'g_stn_gpi_mult': 1.7059845156823314, 'g_gpe_gpi_mult': 0.9879834075253937}. Best is trial 589 with value: 0.1393420569979968.
[I 2026-05-28 23:52:05,743] Trial 592 finished with value: 0.13916128509994183 and parameters: {'ISTN': 61.06322014575602, 'I_gpe': 1.4219407345918915, 'I_gpi': 2.309944909405616, 'noise_stn_sigma': 3.300571352674319, 'noise_gpe_sigma': 93.08345884663585, 'noise_gpi_sigma': 89.12323790782187, 'g_stn_gpe_mult': 2.640249806317784, 'g_gpe_stn_mult': 0.13247438247787663, 'g_stn_gpi_mult': 1.6731601697775358, 'g_gpe_gpi_mult': 1.0064047614640081}. Best is trial 592 with value: 0.13916128509994183.
[I 2026-05-28 23:52:06,749] Trial 593 finished with value: 0.13801062154317745 and parameters: {'ISTN': 62.35715552354389, 'I_gpe': 1.2986781505008351, 'I_gpi': 2.1988193956779436, 'noise_stn_sigma': 2.9599706175454514, 'noise_gpe_sigma': 99.88186791341921, 'noise_gpi_sigma': 91.90708605278884, 'g_stn_gpe_mult': 2.732592558852762, 'g_gpe_stn_mult': 0.1276091701750467, 'g_stn_gpi_mult': 1.7342354598584204, 'g_gpe_gpi_mult': 0.98073064013778}. Best is trial 593 with value: 0.13801062154317745.
[I 2026-05-28 23:52:07,754] Trial 594 finished with value: 0.14850168465362287 and parameters: {'ISTN': 60.451501663077565, 'I_gpe': 1.2107431274160505, 'I_gpi': 2.3219113410818633, 'noise_stn_sigma': 3.4608428769135844, 'noise_gpe_sigma': 94.58468943028393, 'noise_gpi_sigma': 99.64541661931099, 'g_stn_gpe_mult': 2.707810215566166, 'g_gpe_stn_mult': 0.14718804105614325, 'g_stn_gpi_mult': 1.7562424129211185, 'g_gpe_gpi_mult': 0.9949620267259078}. Best is trial 593 with value: 0.13801062154317745.
[I 2026-05-28 23:52:08,762] Trial 595 finished with value: 0.15377116939875973 and parameters: {'ISTN': 60.840845651913504, 'I_gpe': 1.2607726702272692, 'I_gpi': 2.3867540365118383, 'noise_stn_sigma': 3.8263049683016668, 'noise_gpe_sigma': 95.57866147971286, 'noise_gpi_sigma': 97.64824123166683, 'g_stn_gpe_mult': 2.53734497166515, 'g_gpe_stn_mult': 0.13497830019542967, 'g_stn_gpi_mult': 1.7459404890626957, 'g_gpe_gpi_mult': 0.9537553116186208}. Best is trial 593 with value: 0.13801062154317745.
[I 2026-05-28 23:52:09,767] Trial 596 finished with value: 0.15610266220585275 and parameters: {'ISTN': 62.561282037430324, 'I_gpe': 1.3797744600636765, 'I_gpi': 2.3827424577045457, 'noise_stn_sigma': 3.1459100239227027, 'noise_gpe_sigma': 87.99869860034198, 'noise_gpi_sigma': 92.45465897286341, 'g_stn_gpe_mult': 2.7041938960031002, 'g_gpe_stn_mult': 0.13873336577382248, 'g_stn_gpi_mult': 1.7281194296981068, 'g_gpe_gpi_mult': 0.971261131463871}. Best is trial 593 with value: 0.13801062154317745.
[I 2026-05-28 23:52:10,772] Trial 597 finished with value: 0.1451091619032112 and parameters: {'ISTN': 62.01791142879212, 'I_gpe': 1.3287410514473352, 'I_gpi': 2.1095985985775547, 'noise_stn_sigma': 3.597055371096907, 'noise_gpe_sigma': 96.65863547113497, 'noise_gpi_sigma': 93.3719807333834, 'g_stn_gpe_mult': 2.5759736220643417, 'g_gpe_stn_mult': 0.10490935443152456, 'g_stn_gpi_mult': 1.6202669877035354, 'g_gpe_gpi_mult': 0.9541157858894056}. Best is trial 593 with value: 0.13801062154317745.
[I 2026-05-28 23:52:11,779] Trial 598 finished with value: 0.1474571616345712 and parameters: {'ISTN': 62.088331719570355, 'I_gpe': 1.361344406198361, 'I_gpi': 2.3263160037300725, 'noise_stn_sigma': 3.5994693536537343, 'noise_gpe_sigma': 85.99930960789578, 'noise_gpi_sigma': 90.07450906661406, 'g_stn_gpe_mult': 2.7855728081149667, 'g_gpe_stn_mult': 0.11896529900036584, 'g_stn_gpi_mult': 1.7909349552546712, 'g_gpe_gpi_mult': 0.923529566625978}. Best is trial 593 with value: 0.13801062154317745.
[I 2026-05-28 23:52:12,786] Trial 599 finished with value: 0.1383867203714111 and parameters: {'ISTN': 61.07993016744056, 'I_gpe': 1.3024480004616947, 'I_gpi': 2.2088246383563, 'noise_stn_sigma': 3.110167818696719, 'noise_gpe_sigma': 105.70390432337469, 'noise_gpi_sigma': 90.3974163034659, 'g_stn_gpe_mult': 2.7596314918713505, 'g_gpe_stn_mult': 0.1245015541945145, 'g_stn_gpi_mult': 1.6429626570940736, 'g_gpe_gpi_mult': 1.1394766881935203}. Best is trial 593 with value: 0.13801062154317745.
[I 2026-05-28 23:52:13,794] Trial 600 finished with value: 0.14675209789098997 and parameters: {'ISTN': 62.3881627715268, 'I_gpe': 1.3952769026863787, 'I_gpi': 2.213085748675207, 'noise_stn_sigma': 3.15346490210473, 'noise_gpe_sigma': 103.2794752454333, 'noise_gpi_sigma': 93.14065587780082, 'g_stn_gpe_mult': 2.666810757909486, 'g_gpe_stn_mult': 0.12099625405325373, 'g_stn_gpi_mult': 1.9600752687120493, 'g_gpe_gpi_mult': 1.045949377628825}. Best is trial 593 with value: 0.13801062154317745.
[I 2026-05-28 23:52:14,800] Trial 601 finished with value: 0.14571781716288723 and parameters: {'ISTN': 61.39292523055949, 'I_gpe': 1.2886106404539375, 'I_gpi': 2.34273297136191, 'noise_stn_sigma': 3.2748187929028334, 'noise_gpe_sigma': 96.6089945223583, 'noise_gpi_sigma': 90.35949190746898, 'g_stn_gpe_mult': 2.547517342695186, 'g_gpe_stn_mult': 0.13466565336489636, 'g_stn_gpi_mult': 1.7595021063545124, 'g_gpe_gpi_mult': 1.0115821077402418}. Best is trial 593 with value: 0.13801062154317745.
[I 2026-05-28 23:52:15,806] Trial 602 finished with value: 0.1418806076572326 and parameters: {'ISTN': 60.70208512748474, 'I_gpe': 1.2412341772540907, 'I_gpi': 2.147935789207386, 'noise_stn_sigma': 3.357589930377593, 'noise_gpe_sigma': 100.66810948404618, 'noise_gpi_sigma': 92.18398993984333, 'g_stn_gpe_mult': 2.559461962437828, 'g_gpe_stn_mult': 0.1313605247914328, 'g_stn_gpi_mult': 1.6926477669006124, 'g_gpe_gpi_mult': 0.9353785580050755}. Best is trial 593 with value: 0.13801062154317745.
[I 2026-05-28 23:52:16,815] Trial 603 finished with value: 0.13545363363105456 and parameters: {'ISTN': 62.180566162376465, 'I_gpe': 1.260474507229316, 'I_gpi': 2.2573084987845826, 'noise_stn_sigma': 2.930117845821819, 'noise_gpe_sigma': 98.18582955045976, 'noise_gpi_sigma': 92.6397827921625, 'g_stn_gpe_mult': 2.6451521710449883, 'g_gpe_stn_mult': 0.14408007702992578, 'g_stn_gpi_mult': 1.7534979805193447, 'g_gpe_gpi_mult': 1.036878568400704}. Best is trial 603 with value: 0.13545363363105456.
[I 2026-05-28 23:52:17,820] Trial 604 finished with value: 0.14903032733479438 and parameters: {'ISTN': 61.60914581024638, 'I_gpe': 1.4570530414304104, 'I_gpi': 2.131567129287453, 'noise_stn_sigma': 3.3142692512117806, 'noise_gpe_sigma': 95.94813470724425, 'noise_gpi_sigma': 93.78624541057336, 'g_stn_gpe_mult': 2.8894441746076254, 'g_gpe_stn_mult': 0.11429907236212976, 'g_stn_gpi_mult': 1.76663803378867, 'g_gpe_gpi_mult': 1.0013145153145735}. Best is trial 603 with value: 0.13545363363105456.
[I 2026-05-28 23:52:18,827] Trial 605 finished with value: 0.14164514630071298 and parameters: {'ISTN': 62.78165422568362, 'I_gpe': 1.2778422337299844, 'I_gpi': 2.2676275464099755, 'noise_stn_sigma': 3.129967245338767, 'noise_gpe_sigma': 100.2987170634818, 'noise_gpi_sigma': 92.22092166961377, 'g_stn_gpe_mult': 2.8410924273055596, 'g_gpe_stn_mult': 0.10726524718416076, 'g_stn_gpi_mult': 1.6511306986170218, 'g_gpe_gpi_mult': 0.9739569772204919}. Best is trial 603 with value: 0.13545363363105456.
[I 2026-05-28 23:52:19,834] Trial 606 finished with value: 0.14338013910426828 and parameters: {'ISTN': 61.4529632855402, 'I_gpe': 1.420057447112991, 'I_gpi': 2.08607537222853, 'noise_stn_sigma': 3.1298657349160757, 'noise_gpe_sigma': 106.37360466135058, 'noise_gpi_sigma': 89.6976414560065, 'g_stn_gpe_mult': 2.954259544475171, 'g_gpe_stn_mult': 0.1474266253097454, 'g_stn_gpi_mult': 1.6971837040811333, 'g_gpe_gpi_mult': 1.0337986064755378}. Best is trial 603 with value: 0.13545363363105456.
[I 2026-05-28 23:52:20,839] Trial 607 finished with value: 0.21468105392102624 and parameters: {'ISTN': 61.59898151094243, 'I_gpe': 1.389955079633597, 'I_gpi': 2.3575549374169857, 'noise_stn_sigma': 3.301740210524123, 'noise_gpe_sigma': 94.71806436975102, 'noise_gpi_sigma': 89.84981286059055, 'g_stn_gpe_mult': 2.6827203167099882, 'g_gpe_stn_mult': 0.17649356662913404, 'g_stn_gpi_mult': 1.9616145121818156, 'g_gpe_gpi_mult': 1.055285852595299}. Best is trial 603 with value: 0.13545363363105456.
[I 2026-05-28 23:52:21,844] Trial 608 finished with value: 0.14847655329737133 and parameters: {'ISTN': 63.946824368204965, 'I_gpe': 1.3027599153982, 'I_gpi': 2.203782434052881, 'noise_stn_sigma': 3.08079404269212, 'noise_gpe_sigma': 98.85987977601272, 'noise_gpi_sigma': 90.08988184918508, 'g_stn_gpe_mult': 2.5542017540915856, 'g_gpe_stn_mult': 0.10279804896018196, 'g_stn_gpi_mult': 1.840804674033472, 'g_gpe_gpi_mult': 0.9921951280920471}. Best is trial 603 with value: 0.13545363363105456.
[I 2026-05-28 23:52:22,851] Trial 609 finished with value: 0.1415678032081432 and parameters: {'ISTN': 60.473501450369305, 'I_gpe': 1.245066321072733, 'I_gpi': 2.3062154442594016, 'noise_stn_sigma': 3.329955664106979, 'noise_gpe_sigma': 95.40809989755995, 'noise_gpi_sigma': 93.58632157539061, 'g_stn_gpe_mult': 2.6398676517771493, 'g_gpe_stn_mult': 0.1358056335244877, 'g_stn_gpi_mult': 1.7145970858232105, 'g_gpe_gpi_mult': 1.0386363428231924}. Best is trial 603 with value: 0.13545363363105456.
[I 2026-05-28 23:52:23,857] Trial 610 finished with value: 0.15651673612989614 and parameters: {'ISTN': 62.29824917466874, 'I_gpe': 1.2032206198954967, 'I_gpi': 2.0025469307523314, 'noise_stn_sigma': 2.772447800434863, 'noise_gpe_sigma': 106.52325864214602, 'noise_gpi_sigma': 85.7128105439038, 'g_stn_gpe_mult': 2.7076423343625904, 'g_gpe_stn_mult': 0.11653680016988703, 'g_stn_gpi_mult': 1.8244831483757293, 'g_gpe_gpi_mult': 1.1075567211126194}. Best is trial 603 with value: 0.13545363363105456.
[I 2026-05-28 23:52:24,865] Trial 611 finished with value: 0.17338544778716244 and parameters: {'ISTN': 63.75484698494971, 'I_gpe': 1.1268733894031644, 'I_gpi': 2.298649564276059, 'noise_stn_sigma': 2.9935808741527588, 'noise_gpe_sigma': 101.92558653163064, 'noise_gpi_sigma': 85.99936705036043, 'g_stn_gpe_mult': 2.8992750535637692, 'g_gpe_stn_mult': 0.1422941047753002, 'g_stn_gpi_mult': 1.5841916744981128, 'g_gpe_gpi_mult': 1.0659437581647302}. Best is trial 603 with value: 0.13545363363105456.
[I 2026-05-28 23:52:25,871] Trial 612 finished with value: 0.1490921981470112 and parameters: {'ISTN': 62.527596665591666, 'I_gpe': 1.2211980310460846, 'I_gpi': 2.2158520236344046, 'noise_stn_sigma': 3.426007557912897, 'noise_gpe_sigma': 98.15358782999952, 'noise_gpi_sigma': 98.8929068795958, 'g_stn_gpe_mult': 2.7844240361764436, 'g_gpe_stn_mult': 0.13040423049846486, 'g_stn_gpi_mult': 1.6761873836222294, 'g_gpe_gpi_mult': 0.9675108873723792}. Best is trial 603 with value: 0.13545363363105456.
[I 2026-05-28 23:52:26,876] Trial 613 finished with value: 0.1491591189919224 and parameters: {'ISTN': 61.35167727983927, 'I_gpe': 1.3150967525508648, 'I_gpi': 2.2813681704654964, 'noise_stn_sigma': 3.139438548401135, 'noise_gpe_sigma': 97.6759311968719, 'noise_gpi_sigma': 99.08213038943815, 'g_stn_gpe_mult': 2.581466979670854, 'g_gpe_stn_mult': 0.12480580167047162, 'g_stn_gpi_mult': 1.7848004611309878, 'g_gpe_gpi_mult': 1.0143663341009617}. Best is trial 603 with value: 0.13545363363105456.
[I 2026-05-28 23:52:27,882] Trial 614 finished with value: 0.16442871525022376 and parameters: {'ISTN': 62.260227913738944, 'I_gpe': 1.2139569723897488, 'I_gpi': 2.3873054934006763, 'noise_stn_sigma': 3.0819772454719985, 'noise_gpe_sigma': 99.3354109686543, 'noise_gpi_sigma': 89.75666984829891, 'g_stn_gpe_mult': 2.763483098016236, 'g_gpe_stn_mult': 0.15431312969168937, 'g_stn_gpi_mult': 1.793331179204846, 'g_gpe_gpi_mult': 1.0860034612920713}. Best is trial 603 with value: 0.13545363363105456.
[I 2026-05-28 23:52:28,888] Trial 615 finished with value: 0.14981678012359922 and parameters: {'ISTN': 60.07800062440367, 'I_gpe': 1.2881609913983605, 'I_gpi': 2.3836840385806424, 'noise_stn_sigma': 2.937271346654971, 'noise_gpe_sigma': 96.98551582725644, 'noise_gpi_sigma': 95.64094556008543, 'g_stn_gpe_mult': 2.7191367294936954, 'g_gpe_stn_mult': 0.1416624847617386, 'g_stn_gpi_mult': 1.7879074533093562, 'g_gpe_gpi_mult': 0.9869183098105285}. Best is trial 603 with value: 0.13545363363105456.
