[I 2026-05-28 23:30:22,803] Trial 308 finished with value: 10.034886628274366 and parameters: {'ISTN': 69.41022886552797, 'I_gpe': 0.9525600379413954, 'I_gpi': 2.720246504599988, 'noise_stn_sigma': 6.677367080031079, 'noise_gpe_sigma': 128.39718525909103, 'noise_gpi_sigma': 88.63849048786402, 'g_stn_gpe_mult': 2.9737521573098604, 'g_gpe_stn_mult': 0.5806979834746686, 'g_stn_gpi_mult': 2.4435829547768035, 'g_gpe_gpi_mult': 0.472032159719349}. Best is trial 114 with value: 0.7660526910236299.
[I 2026-05-28 23:30:23,810] Trial 309 finished with value: 9.360394486599388 and parameters: {'ISTN': 76.90784059188047, 'I_gpe': 1.2863970534263718, 'I_gpi': 2.835808240378235, 'noise_stn_sigma': 6.210315139265029, 'noise_gpe_sigma': 121.7566887464019, 'noise_gpi_sigma': 58.14584340618136, 'g_stn_gpe_mult': 3.1616144860184265, 'g_gpe_stn_mult': 0.6696522620642634, 'g_stn_gpi_mult': 2.5058172086483284, 'g_gpe_gpi_mult': 0.6042636415373515}. Best is trial 114 with value: 0.7660526910236299.
[I 2026-05-28 23:30:24,816] Trial 310 finished with value: 10.881628127275109 and parameters: {'ISTN': 74.78963991733117, 'I_gpe': 0.840795845326141, 'I_gpi': 2.4945188711248227, 'noise_stn_sigma': 5.588773118908902, 'noise_gpe_sigma': 135.3243081301153, 'noise_gpi_sigma': 54.3898747444796, 'g_stn_gpe_mult': 2.5774580206225006, 'g_gpe_stn_mult': 0.6417333365623199, 'g_stn_gpi_mult': 2.726101222027503, 'g_gpe_gpi_mult': 0.4861950614754968}. Best is trial 114 with value: 0.7660526910236299.
[I 2026-05-28 23:30:25,823] Trial 311 finished with value: 5.962805469113672 and parameters: {'ISTN': 78.48682081411019, 'I_gpe': 1.437258803828904, 'I_gpi': 2.6032493663466703, 'noise_stn_sigma': 6.160494364448144, 'noise_gpe_sigma': 115.05540163564814, 'noise_gpi_sigma': 82.97677442305046, 'g_stn_gpe_mult': 2.8656250524097824, 'g_gpe_stn_mult': 0.6629935244740506, 'g_stn_gpi_mult': 2.348575059000345, 'g_gpe_gpi_mult': 0.5427647275201726}. Best is trial 114 with value: 0.7660526910236299.
[I 2026-05-28 23:30:26,830] Trial 312 finished with value: 9.034720940661868 and parameters: {'ISTN': 81.55103248983997, 'I_gpe': 1.106848331086093, 'I_gpi': 2.7202024791345405, 'noise_stn_sigma': 7.031506893075084, 'noise_gpe_sigma': 124.63565588947729, 'noise_gpi_sigma': 78.03236579311712, 'g_stn_gpe_mult': 2.668457041046596, 'g_gpe_stn_mult': 0.5934081118312627, 'g_stn_gpi_mult': 2.6557448817027094, 'g_gpe_gpi_mult': 0.4753455038192714}. Best is trial 114 with value: 0.7660526910236299.
[I 2026-05-28 23:30:27,838] Trial 313 finished with value: 9.76883312837656 and parameters: {'ISTN': 71.93949807613062, 'I_gpe': 1.4414994700673933, 'I_gpi': 2.4075967686340185, 'noise_stn_sigma': 5.028401459443683, 'noise_gpe_sigma': 121.97381064297242, 'noise_gpi_sigma': 84.42102311623248, 'g_stn_gpe_mult': 2.7803421397485613, 'g_gpe_stn_mult': 0.5894460617879944, 'g_stn_gpi_mult': 2.597452156873672, 'g_gpe_gpi_mult': 0.5875461615958483}. Best is trial 114 with value: 0.7660526910236299.
[I 2026-05-28 23:30:28,847] Trial 314 finished with value: 9.89599806554623 and parameters: {'ISTN': 78.05917278928752, 'I_gpe': 1.5613362674279745, 'I_gpi': 3.305971480302503, 'noise_stn_sigma': 5.933466488843018, 'noise_gpe_sigma': 135.0741747497936, 'noise_gpi_sigma': 101.43804349286661, 'g_stn_gpe_mult': 2.7046874453328975, 'g_gpe_stn_mult': 0.7173153629656946, 'g_stn_gpi_mult': 2.118826535892475, 'g_gpe_gpi_mult': 0.5004256335449746}. Best is trial 114 with value: 0.7660526910236299.
[I 2026-05-28 23:30:29,855] Trial 315 finished with value: 8.441248538393541 and parameters: {'ISTN': 73.8773345603586, 'I_gpe': 1.4710112613177662, 'I_gpi': 2.9139493371603367, 'noise_stn_sigma': 5.84950701499265, 'noise_gpe_sigma': 121.95784461375963, 'noise_gpi_sigma': 84.33968098929758, 'g_stn_gpe_mult': 3.135244325130877, 'g_gpe_stn_mult': 0.5995916265331679, 'g_stn_gpi_mult': 2.8968360771891613, 'g_gpe_gpi_mult': 0.5452026277410822}. Best is trial 114 with value: 0.7660526910236299.
[I 2026-05-28 23:30:30,862] Trial 316 finished with value: 10.514315820789228 and parameters: {'ISTN': 72.47024640600505, 'I_gpe': 1.7231249036874678, 'I_gpi': 2.2574433477853644, 'noise_stn_sigma': 4.3593508072041, 'noise_gpe_sigma': 120.80159954689216, 'noise_gpi_sigma': 80.88881288826687, 'g_stn_gpe_mult': 2.8053076407236306, 'g_gpe_stn_mult': 0.5978631672104737, 'g_stn_gpi_mult': 1.6810412100541103, 'g_gpe_gpi_mult': 0.7125525002182416}. Best is trial 114 with value: 0.7660526910236299.
[I 2026-05-28 23:30:31,871] Trial 317 finished with value: 7.91323343381859 and parameters: {'ISTN': 71.79200225650072, 'I_gpe': 1.4263781706341248, 'I_gpi': 3.080683313325479, 'noise_stn_sigma': 6.0043345882264205, 'noise_gpe_sigma': 112.82311692784423, 'noise_gpi_sigma': 94.7917520147031, 'g_stn_gpe_mult': 2.168975796519588, 'g_gpe_stn_mult': 0.7039887585188633, 'g_stn_gpi_mult': 2.335128673367729, 'g_gpe_gpi_mult': 0.607242782649376}. Best is trial 114 with value: 0.7660526910236299.
[I 2026-05-28 23:30:32,879] Trial 318 finished with value: 8.61776436066774 and parameters: {'ISTN': 71.6032508672691, 'I_gpe': 1.5318746684119635, 'I_gpi': 2.014653370996699, 'noise_stn_sigma': 5.469438213034447, 'noise_gpe_sigma': 122.01118926166167, 'noise_gpi_sigma': 90.85409520241905, 'g_stn_gpe_mult': 2.483182299923879, 'g_gpe_stn_mult': 0.5858861880210878, 'g_stn_gpi_mult': 2.7240327893237657, 'g_gpe_gpi_mult': 0.5954906519682222}. Best is trial 114 with value: 0.7660526910236299.
[I 2026-05-28 23:30:33,885] Trial 319 finished with value: 6.102459212285411 and parameters: {'ISTN': 75.00783396628495, 'I_gpe': 1.2669022235587395, 'I_gpi': 2.4198986572914394, 'noise_stn_sigma': 6.785200176635487, 'noise_gpe_sigma': 125.62151325672681, 'noise_gpi_sigma': 88.54799426124845, 'g_stn_gpe_mult': 2.862478937850044, 'g_gpe_stn_mult': 0.6254334246272714, 'g_stn_gpi_mult': 3.05334582022254, 'g_gpe_gpi_mult': 0.6034740906269987}. Best is trial 114 with value: 0.7660526910236299.
[I 2026-05-28 23:30:34,893] Trial 320 finished with value: 12.09054249090966 and parameters: {'ISTN': 79.52749309219628, 'I_gpe': 1.3666314502024313, 'I_gpi': 2.546840547696833, 'noise_stn_sigma': 4.708747257642243, 'noise_gpe_sigma': 130.70143857445578, 'noise_gpi_sigma': 81.16619455398788, 'g_stn_gpe_mult': 3.4857511258599745, 'g_gpe_stn_mult': 0.7227808925118069, 'g_stn_gpi_mult': 2.78938582668271, 'g_gpe_gpi_mult': 0.5899495665824608}. Best is trial 114 with value: 0.7660526910236299.
[I 2026-05-28 23:30:35,843] Trial 321 finished with value: 1000000.0 and parameters: {'ISTN': 68.6081883980286, 'I_gpe': 1.2531035503632608, 'I_gpi': 2.93056287500739, 'noise_stn_sigma': 5.8052977923956535, 'noise_gpe_sigma': 92.48134480617807, 'noise_gpi_sigma': 88.22192425480335, 'g_stn_gpe_mult': 2.7338992813561127, 'g_gpe_stn_mult': 0.5653038993304336, 'g_stn_gpi_mult': 2.3831835900969254, 'g_gpe_gpi_mult': 0.4624569146597488}. Best is trial 114 with value: 0.7660526910236299.
[I 2026-05-28 23:30:36,850] Trial 322 finished with value: 9.336453866287094 and parameters: {'ISTN': 64.85296638735461, 'I_gpe': 1.3296512127493436, 'I_gpi': 2.486209785892021, 'noise_stn_sigma': 6.6751800254299845, 'noise_gpe_sigma': 109.02482772692504, 'noise_gpi_sigma': 91.52853815603352, 'g_stn_gpe_mult': 2.451907369282954, 'g_gpe_stn_mult': 0.5763297573845781, 'g_stn_gpi_mult': 2.166300387799663, 'g_gpe_gpi_mult': 0.49658647067062506}. Best is trial 114 with value: 0.7660526910236299.
[I 2026-05-28 23:30:37,856] Trial 323 finished with value: 10.602944763110784 and parameters: {'ISTN': 74.6198066071504, 'I_gpe': 1.4006036117151754, 'I_gpi': 2.8731374407838133, 'noise_stn_sigma': 5.801543791951204, 'noise_gpe_sigma': 100.32682317674666, 'noise_gpi_sigma': 91.834104591353, 'g_stn_gpe_mult': 2.2953818020048016, 'g_gpe_stn_mult': 0.6758200855996284, 'g_stn_gpi_mult': 2.685261851257135, 'g_gpe_gpi_mult': 0.5048276683692872}. Best is trial 114 with value: 0.7660526910236299.
[I 2026-05-28 23:30:38,861] Trial 324 finished with value: 7.950771198716491 and parameters: {'ISTN': 72.04468974854147, 'I_gpe': 1.4338239075582586, 'I_gpi': 2.6910350436177133, 'noise_stn_sigma': 6.941313172717509, 'noise_gpe_sigma': 115.55672451308759, 'noise_gpi_sigma': 96.08402459230177, 'g_stn_gpe_mult': 2.7057184658637774, 'g_gpe_stn_mult': 0.6253228768966973, 'g_stn_gpi_mult': 2.924644613676037, 'g_gpe_gpi_mult': 0.582492621447406}. Best is trial 114 with value: 0.7660526910236299.
[I 2026-05-28 23:30:39,867] Trial 325 finished with value: 9.000894776947948 and parameters: {'ISTN': 80.52031302193365, 'I_gpe': 1.4145013263887227, 'I_gpi': 2.6287143778327167, 'noise_stn_sigma': 6.049526274294635, 'noise_gpe_sigma': 119.18218206958475, 'noise_gpi_sigma': 92.68649890207283, 'g_stn_gpe_mult': 2.937692890456452, 'g_gpe_stn_mult': 0.6904165134688541, 'g_stn_gpi_mult': 2.7743524492534677, 'g_gpe_gpi_mult': 0.5334399560590395}. Best is trial 114 with value: 0.7660526910236299.
[I 2026-05-28 23:30:40,872] Trial 326 finished with value: 16.614720683067613 and parameters: {'ISTN': 86.8827398706938, 'I_gpe': 1.7533188966167548, 'I_gpi': 3.2077001163228003, 'noise_stn_sigma': 5.907495875922264, 'noise_gpe_sigma': 119.6470868220622, 'noise_gpi_sigma': 85.87033879534721, 'g_stn_gpe_mult': 2.748506657215012, 'g_gpe_stn_mult': 0.7818090406893586, 'g_stn_gpi_mult': 2.489420842545905, 'g_gpe_gpi_mult': 0.5953113096368383}. Best is trial 114 with value: 0.7660526910236299.
[I 2026-05-28 23:30:41,880] Trial 327 finished with value: 5.435617703431623 and parameters: {'ISTN': 68.56893583496839, 'I_gpe': 1.1780324156093953, 'I_gpi': 2.1714702990857444, 'noise_stn_sigma': 5.136986493037021, 'noise_gpe_sigma': 111.63105454803386, 'noise_gpi_sigma': 71.66556145531601, 'g_stn_gpe_mult': 2.8153160403510302, 'g_gpe_stn_mult': 0.6794921026722716, 'g_stn_gpi_mult': 2.9213469193674166, 'g_gpe_gpi_mult': 0.5709656509209866}. Best is trial 114 with value: 0.7660526910236299.
[I 2026-05-28 23:30:42,888] Trial 328 finished with value: 5.890888792963431 and parameters: {'ISTN': 74.1322252358219, 'I_gpe': 1.5123824895217335, 'I_gpi': 2.7872163755920667, 'noise_stn_sigma': 6.512195846230473, 'noise_gpe_sigma': 126.59802818462622, 'noise_gpi_sigma': 87.44418334463631, 'g_stn_gpe_mult': 3.1263088511634853, 'g_gpe_stn_mult': 0.6147045105225651, 'g_stn_gpi_mult': 2.619573257977866, 'g_gpe_gpi_mult': 0.5369644983188693}. Best is trial 114 with value: 0.7660526910236299.
[I 2026-05-28 23:30:43,896] Trial 329 finished with value: 6.404056848196876 and parameters: {'ISTN': 75.41855446817182, 'I_gpe': 1.1765818559654053, 'I_gpi': 2.588863760558792, 'noise_stn_sigma': 6.358301893572367, 'noise_gpe_sigma': 114.34938892156245, 'noise_gpi_sigma': 78.81676563684563, 'g_stn_gpe_mult': 2.8680424923175556, 'g_gpe_stn_mult': 0.7130696474571465, 'g_stn_gpi_mult': 2.8701787570320034, 'g_gpe_gpi_mult': 0.5358312963205527}. Best is trial 114 with value: 0.7660526910236299.
[I 2026-05-28 23:30:44,902] Trial 330 finished with value: 4.804944564249063 and parameters: {'ISTN': 77.52006698386185, 'I_gpe': 1.3735145967677223, 'I_gpi': 2.744250801992168, 'noise_stn_sigma': 6.65651846603882, 'noise_gpe_sigma': 103.88308638203233, 'noise_gpi_sigma': 94.06392270449862, 'g_stn_gpe_mult': 2.7186631590297994, 'g_gpe_stn_mult': 0.5470079502333577, 'g_stn_gpi_mult': 2.5121706976091733, 'g_gpe_gpi_mult': 0.5981382971819564}. Best is trial 114 with value: 0.7660526910236299.
[I 2026-05-28 23:30:45,911] Trial 331 finished with value: 9.464741598891568 and parameters: {'ISTN': 80.35887609903251, 'I_gpe': 1.523679449214182, 'I_gpi': 2.4231273381877685, 'noise_stn_sigma': 6.086880029515104, 'noise_gpe_sigma': 93.65102568663823, 'noise_gpi_sigma': 85.9667306974712, 'g_stn_gpe_mult': 3.071084582312869, 'g_gpe_stn_mult': 0.5389174660392475, 'g_stn_gpi_mult': 2.851328798326713, 'g_gpe_gpi_mult': 0.6294238010034581}. Best is trial 114 with value: 0.7660526910236299.
[I 2026-05-28 23:30:46,915] Trial 332 finished with value: 14.114057188882146 and parameters: {'ISTN': 72.60669620391106, 'I_gpe': 1.7379379351747892, 'I_gpi': 2.493081803002637, 'noise_stn_sigma': 5.014039812868854, 'noise_gpe_sigma': 93.6228823065733, 'noise_gpi_sigma': 74.39895798658821, 'g_stn_gpe_mult': 3.316160606979602, 'g_gpe_stn_mult': 0.6546760990433407, 'g_stn_gpi_mult': 2.8329576438138484, 'g_gpe_gpi_mult': 0.6292708734211946}. Best is trial 114 with value: 0.7660526910236299.
[I 2026-05-28 23:30:47,923] Trial 333 finished with value: 7.980952454060705 and parameters: {'ISTN': 75.13355585385796, 'I_gpe': 0.8630359009026518, 'I_gpi': 2.1893881944219205, 'noise_stn_sigma': 6.72638352180702, 'noise_gpe_sigma': 98.07111240051076, 'noise_gpi_sigma': 90.51513255976315, 'g_stn_gpe_mult': 2.8677161465759724, 'g_gpe_stn_mult': 0.6018407600645288, 'g_stn_gpi_mult': 2.353295783364814, 'g_gpe_gpi_mult': 0.6032867229557777}. Best is trial 114 with value: 0.7660526910236299.
[I 2026-05-28 23:30:48,932] Trial 334 finished with value: 11.696787713063703 and parameters: {'ISTN': 78.86797010604447, 'I_gpe': 0.9789596770528919, 'I_gpi': 2.9061267050965123, 'noise_stn_sigma': 6.850534706016497, 'noise_gpe_sigma': 108.12780762458871, 'noise_gpi_sigma': 89.59786146871672, 'g_stn_gpe_mult': 2.472689661604617, 'g_gpe_stn_mult': 0.5455018907843235, 'g_stn_gpi_mult': 2.6266713320459694, 'g_gpe_gpi_mult': 0.5525931406633833}. Best is trial 114 with value: 0.7660526910236299.
[I 2026-05-28 23:30:49,940] Trial 335 finished with value: 10.908436143661593 and parameters: {'ISTN': 73.27383069716085, 'I_gpe': 0.8850275873060894, 'I_gpi': 2.555862707588402, 'noise_stn_sigma': 5.7112106574054495, 'noise_gpe_sigma': 127.46301942703244, 'noise_gpi_sigma': 83.48752066726148, 'g_stn_gpe_mult': 2.5218587791278937, 'g_gpe_stn_mult': 0.521737283155556, 'g_stn_gpi_mult': 1.991745726379858, 'g_gpe_gpi_mult': 0.4958758964138426}. Best is trial 114 with value: 0.7660526910236299.
[I 2026-05-28 23:30:50,947] Trial 336 finished with value: 9.091626689767468 and parameters: {'ISTN': 79.80926538027497, 'I_gpe': 0.8981071536020135, 'I_gpi': 2.792005417955976, 'noise_stn_sigma': 6.459133990399396, 'noise_gpe_sigma': 125.96608868778937, 'noise_gpi_sigma': 70.0414891009821, 'g_stn_gpe_mult': 2.7728499831188858, 'g_gpe_stn_mult': 0.5929861312187645, 'g_stn_gpi_mult': 2.6781127837393743, 'g_gpe_gpi_mult': 0.6342902880379203}. Best is trial 114 with value: 0.7660526910236299.
[I 2026-05-28 23:30:51,951] Trial 337 finished with value: 10.224714695772093 and parameters: {'ISTN': 69.8612448328965, 'I_gpe': 1.45157256077862, 'I_gpi': 2.3915676422971437, 'noise_stn_sigma': 6.69400651329813, 'noise_gpe_sigma': 105.53203278038698, 'noise_gpi_sigma': 89.4581349584661, 'g_stn_gpe_mult': 2.9098961202888507, 'g_gpe_stn_mult': 0.6372258311143801, 'g_stn_gpi_mult': 2.196209689792199, 'g_gpe_gpi_mult': 0.5550613396457105}. Best is trial 114 with value: 0.7660526910236299.
[I 2026-05-28 23:30:52,959] Trial 338 finished with value: 6.593789059233177 and parameters: {'ISTN': 73.11862139749668, 'I_gpe': 1.2839739908231378, 'I_gpi': 2.5353730813081903, 'noise_stn_sigma': 6.286835989986352, 'noise_gpe_sigma': 108.96120721854597, 'noise_gpi_sigma': 97.18064659902785, 'g_stn_gpe_mult': 2.4839729999355775, 'g_gpe_stn_mult': 0.5380752242933325, 'g_stn_gpi_mult': 2.6349992396079984, 'g_gpe_gpi_mult': 0.6517320214236699}. Best is trial 114 with value: 0.7660526910236299.
[I 2026-05-28 23:30:53,967] Trial 339 finished with value: 10.812781199582485 and parameters: {'ISTN': 63.39402855065993, 'I_gpe': 1.2299131828781689, 'I_gpi': 2.7886765535049984, 'noise_stn_sigma': 6.111231173968201, 'noise_gpe_sigma': 114.07705137898986, 'noise_gpi_sigma': 88.34865683484587, 'g_stn_gpe_mult': 2.625167037991472, 'g_gpe_stn_mult': 0.5924655117653507, 'g_stn_gpi_mult': 3.0441283916241693, 'g_gpe_gpi_mult': 0.5433105016615667}. Best is trial 114 with value: 0.7660526910236299.
[I 2026-05-28 23:30:54,975] Trial 340 finished with value: 6.047591147689259 and parameters: {'ISTN': 75.01924095189364, 'I_gpe': 1.3118582554895841, 'I_gpi': 2.705823932734376, 'noise_stn_sigma': 6.1956368430405115, 'noise_gpe_sigma': 128.40300457506274, 'noise_gpi_sigma': 85.32277503336832, 'g_stn_gpe_mult': 2.5480522286286815, 'g_gpe_stn_mult': 0.6377228835294679, 'g_stn_gpi_mult': 2.6482449919171147, 'g_gpe_gpi_mult': 0.5675220976466531}. Best is trial 114 with value: 0.7660526910236299.
[I 2026-05-28 23:30:55,983] Trial 341 finished with value: 9.857219572094323 and parameters: {'ISTN': 72.75566124704287, 'I_gpe': 1.3141896910080104, 'I_gpi': 2.516794896559725, 'noise_stn_sigma': 6.5190017456881275, 'noise_gpe_sigma': 106.4376305201364, 'noise_gpi_sigma': 99.28371683720489, 'g_stn_gpe_mult': 2.746744060335925, 'g_gpe_stn_mult': 0.5141375219491241, 'g_stn_gpi_mult': 2.6530818134164305, 'g_gpe_gpi_mult': 0.5510148695949808}. Best is trial 114 with value: 0.7660526910236299.
[I 2026-05-28 23:30:56,990] Trial 342 finished with value: 10.456428548113543 and parameters: {'ISTN': 73.3082957646497, 'I_gpe': 1.3322137650154087, 'I_gpi': 2.7938884500772616, 'noise_stn_sigma': 5.655124418006215, 'noise_gpe_sigma': 107.17159711969595, 'noise_gpi_sigma': 89.1648254880152, 'g_stn_gpe_mult': 2.430990966198827, 'g_gpe_stn_mult': 0.5859991905138403, 'g_stn_gpi_mult': 2.171697745234784, 'g_gpe_gpi_mult': 0.5561611168773237}. Best is trial 114 with value: 0.7660526910236299.
[I 2026-05-28 23:30:57,997] Trial 343 finished with value: 3.176750751104052 and parameters: {'ISTN': 72.88669451326908, 'I_gpe': 1.1654003331728995, 'I_gpi': 2.416518537461382, 'noise_stn_sigma': 6.555109844413799, 'noise_gpe_sigma': 112.94020430955871, 'noise_gpi_sigma': 99.19433818631235, 'g_stn_gpe_mult': 2.4717772034466923, 'g_gpe_stn_mult': 0.6512068431721133, 'g_stn_gpi_mult': 2.9971533367728718, 'g_gpe_gpi_mult': 0.6080704412061669}. Best is trial 114 with value: 0.7660526910236299.
[I 2026-05-28 23:30:59,006] Trial 344 finished with value: 11.830651860376074 and parameters: {'ISTN': 74.34824667066735, 'I_gpe': 1.063443480087038, 'I_gpi': 2.5068877498882474, 'noise_stn_sigma': 6.291309085259973, 'noise_gpe_sigma': 103.56716588731268, 'noise_gpi_sigma': 90.06086656264799, 'g_stn_gpe_mult': 2.4646079657491033, 'g_gpe_stn_mult': 0.564282963535202, 'g_stn_gpi_mult': 2.9649980084644896, 'g_gpe_gpi_mult': 0.5304629888623185}. Best is trial 114 with value: 0.7660526910236299.
[I 2026-05-28 23:31:00,016] Trial 345 finished with value: 8.633888107653954 and parameters: {'ISTN': 71.54868042558942, 'I_gpe': 1.4263227966597187, 'I_gpi': 3.0298875470508566, 'noise_stn_sigma': 6.046765825188977, 'noise_gpe_sigma': 115.1234508756585, 'noise_gpi_sigma': 86.99177902856533, 'g_stn_gpe_mult': 2.6578162512607415, 'g_gpe_stn_mult': 0.5717037474221649, 'g_stn_gpi_mult': 2.413885132193646, 'g_gpe_gpi_mult': 0.5826695028643362}. Best is trial 114 with value: 0.7660526910236299.
[I 2026-05-28 23:31:01,026] Trial 346 finished with value: 6.087477841403656 and parameters: {'ISTN': 77.2690451977245, 'I_gpe': 1.2894246282005724, 'I_gpi': 2.7660338347781335, 'noise_stn_sigma': 5.90522169320098, 'noise_gpe_sigma': 111.6841358983683, 'noise_gpi_sigma': 88.72971317856833, 'g_stn_gpe_mult': 2.4505421653589057, 'g_gpe_stn_mult': 0.6110734979241684, 'g_stn_gpi_mult': 2.7960852984791402, 'g_gpe_gpi_mult': 0.5777020345524564}. Best is trial 114 with value: 0.7660526910236299.
[I 2026-05-28 23:31:02,031] Trial 347 finished with value: 6.2081806548838365 and parameters: {'ISTN': 78.57967394698696, 'I_gpe': 1.2135772392668314, 'I_gpi': 2.4715707151272532, 'noise_stn_sigma': 5.497622245679129, 'noise_gpe_sigma': 116.40818378916019, 'noise_gpi_sigma': 84.9375100950327, 'g_stn_gpe_mult': 2.9596549824040204, 'g_gpe_stn_mult': 0.558928148591275, 'g_stn_gpi_mult': 2.41709865196731, 'g_gpe_gpi_mult': 0.6200854985833548}. Best is trial 114 with value: 0.7660526910236299.
[I 2026-05-28 23:31:03,037] Trial 348 finished with value: 7.5441862069139765 and parameters: {'ISTN': 71.75766556015603, 'I_gpe': 1.161157041963214, 'I_gpi': 2.783127390880466, 'noise_stn_sigma': 6.035182770862399, 'noise_gpe_sigma': 112.48322304032213, 'noise_gpi_sigma': 96.19420972372913, 'g_stn_gpe_mult': 2.598031230190256, 'g_gpe_stn_mult': 0.6475997234764642, 'g_stn_gpi_mult': 2.5885549750031904, 'g_gpe_gpi_mult': 0.573678496523808}. Best is trial 114 with value: 0.7660526910236299.
[I 2026-05-28 23:31:03,985] Trial 349 finished with value: 1000000.0 and parameters: {'ISTN': 79.4401110855096, 'I_gpe': 1.1309846085069708, 'I_gpi': 2.6445082933214397, 'noise_stn_sigma': 6.074044855920242, 'noise_gpe_sigma': 119.79699406062318, 'noise_gpi_sigma': 74.92519268609436, 'g_stn_gpe_mult': 3.087832237102753, 'g_gpe_stn_mult': 0.6137216965200444, 'g_stn_gpi_mult': 2.5206626149826667, 'g_gpe_gpi_mult': 0.6194648627435819}. Best is trial 114 with value: 0.7660526910236299.
[I 2026-05-28 23:31:04,994] Trial 350 finished with value: 10.281028433378872 and parameters: {'ISTN': 71.66921846980071, 'I_gpe': 1.0244169275320851, 'I_gpi': 2.190051522961416, 'noise_stn_sigma': 7.594577988452958, 'noise_gpe_sigma': 100.9734381562399, 'noise_gpi_sigma': 93.84961192567323, 'g_stn_gpe_mult': 2.428928892340192, 'g_gpe_stn_mult': 0.5063165567260284, 'g_stn_gpi_mult': 2.8029039752915264, 'g_gpe_gpi_mult': 0.7268894698692292}. Best is trial 114 with value: 0.7660526910236299.
[I 2026-05-28 23:31:06,003] Trial 351 finished with value: 8.344560474969917 and parameters: {'ISTN': 72.67294310357943, 'I_gpe': 1.3340515413791785, 'I_gpi': 2.791563435564627, 'noise_stn_sigma': 6.3247456689350825, 'noise_gpe_sigma': 115.65986574798572, 'noise_gpi_sigma': 95.91762091197074, 'g_stn_gpe_mult': 2.5667716681155146, 'g_gpe_stn_mult': 0.6309111429006711, 'g_stn_gpi_mult': 2.9194007917660714, 'g_gpe_gpi_mult': 0.5957098306889217}. Best is trial 114 with value: 0.7660526910236299.
