[I 2026-05-28 23:34:03,957] Trial 528 finished with value: 2.300374557428384 and parameters: {'ISTN': 60.64877166414397, 'I_gpe': 1.3444522231673082, 'I_gpi': 2.449058806441549, 'noise_stn_sigma': 6.125777744136443, 'noise_gpe_sigma': 117.71402806930966, 'noise_gpi_sigma': 98.09700096474856, 'g_stn_gpe_mult': 2.775966547143769, 'g_gpe_stn_mult': 0.5379768771875192, 'g_stn_gpi_mult': 2.955380949821569, 'g_gpe_gpi_mult': 0.4693276689210527}. Best is trial 459 with value: 0.6576545468262062.
[I 2026-05-28 23:34:04,965] Trial 529 finished with value: 7.867523077886887 and parameters: {'ISTN': 64.55815977734545, 'I_gpe': 1.3405432837418956, 'I_gpi': 2.400942547427925, 'noise_stn_sigma': 6.30834479642155, 'noise_gpe_sigma': 131.35323227879434, 'noise_gpi_sigma': 85.72658442332647, 'g_stn_gpe_mult': 2.9445057136029735, 'g_gpe_stn_mult': 0.5481481280819226, 'g_stn_gpi_mult': 2.9191063447355936, 'g_gpe_gpi_mult': 0.49486812621676163}. Best is trial 459 with value: 0.6576545468262062.
[I 2026-05-28 23:34:05,974] Trial 530 finished with value: 8.333627134826006 and parameters: {'ISTN': 63.5317968571033, 'I_gpe': 1.3145056874392278, 'I_gpi': 2.4607967568040303, 'noise_stn_sigma': 5.888329470145741, 'noise_gpe_sigma': 119.5420421509, 'noise_gpi_sigma': 104.3190499426475, 'g_stn_gpe_mult': 2.720130048771554, 'g_gpe_stn_mult': 0.5595513541438132, 'g_stn_gpi_mult': 3.1007558913414286, 'g_gpe_gpi_mult': 0.4573603979922157}. Best is trial 459 with value: 0.6576545468262062.
[I 2026-05-28 23:34:06,984] Trial 531 finished with value: 10.737634514368137 and parameters: {'ISTN': 65.43754222137395, 'I_gpe': 1.4167651607458986, 'I_gpi': 2.4693726662123283, 'noise_stn_sigma': 5.795389365914951, 'noise_gpe_sigma': 117.96345076083631, 'noise_gpi_sigma': 97.60402280350623, 'g_stn_gpe_mult': 2.7025927402362355, 'g_gpe_stn_mult': 0.5312797738965233, 'g_stn_gpi_mult': 3.015357853807768, 'g_gpe_gpi_mult': 0.5017762211338627}. Best is trial 459 with value: 0.6576545468262062.
[I 2026-05-28 23:34:07,992] Trial 532 finished with value: 3.8504935794043855 and parameters: {'ISTN': 63.295775446971625, 'I_gpe': 1.3279455308398085, 'I_gpi': 2.456070201506699, 'noise_stn_sigma': 6.351909900916622, 'noise_gpe_sigma': 121.77906744372302, 'noise_gpi_sigma': 97.75024878705125, 'g_stn_gpe_mult': 2.9341088191967017, 'g_gpe_stn_mult': 0.5763402391907032, 'g_stn_gpi_mult': 2.9057377354345806, 'g_gpe_gpi_mult': 0.4384308900919792}. Best is trial 459 with value: 0.6576545468262062.
[I 2026-05-28 23:34:09,002] Trial 533 finished with value: 4.315129945098442 and parameters: {'ISTN': 62.4199686571852, 'I_gpe': 1.4171137468072803, 'I_gpi': 2.2851876280215757, 'noise_stn_sigma': 6.502567471838374, 'noise_gpe_sigma': 119.35117262756941, 'noise_gpi_sigma': 100.26212403550593, 'g_stn_gpe_mult': 2.6722651252352643, 'g_gpe_stn_mult': 0.5446682515002577, 'g_stn_gpi_mult': 2.9276182174771286, 'g_gpe_gpi_mult': 0.5114357646309853}. Best is trial 459 with value: 0.6576545468262062.
[I 2026-05-28 23:34:10,010] Trial 534 finished with value: 1.5066345181895147 and parameters: {'ISTN': 60.664533342266225, 'I_gpe': 1.408971619776573, 'I_gpi': 2.3352894652226004, 'noise_stn_sigma': 6.4620640938309855, 'noise_gpe_sigma': 124.80461341348115, 'noise_gpi_sigma': 103.68549474272585, 'g_stn_gpe_mult': 2.574779276762645, 'g_gpe_stn_mult': 0.5079246483768337, 'g_stn_gpi_mult': 2.8990993809003056, 'g_gpe_gpi_mult': 0.43992720848144595}. Best is trial 459 with value: 0.6576545468262062.
[I 2026-05-28 23:34:11,018] Trial 535 finished with value: 5.064719607349305 and parameters: {'ISTN': 62.308121721337756, 'I_gpe': 1.423223256288468, 'I_gpi': 2.4993706966295397, 'noise_stn_sigma': 5.96238178333861, 'noise_gpe_sigma': 117.38349370152092, 'noise_gpi_sigma': 97.27534861820156, 'g_stn_gpe_mult': 3.0019100948045883, 'g_gpe_stn_mult': 0.5407058263516437, 'g_stn_gpi_mult': 2.996610786354617, 'g_gpe_gpi_mult': 0.4451284990839696}. Best is trial 459 with value: 0.6576545468262062.
[I 2026-05-28 23:34:11,966] Trial 536 finished with value: 1000000.0 and parameters: {'ISTN': 65.764651073722, 'I_gpe': 1.2677445428868865, 'I_gpi': 2.0604236069834645, 'noise_stn_sigma': 6.354170033762969, 'noise_gpe_sigma': 119.0942741965944, 'noise_gpi_sigma': 104.10418588468742, 'g_stn_gpe_mult': 2.559960789615802, 'g_gpe_stn_mult': 0.5139015457586297, 'g_stn_gpi_mult': 2.9320141916916, 'g_gpe_gpi_mult': 0.4429326374291175}. Best is trial 459 with value: 0.6576545468262062.
[I 2026-05-28 23:34:12,974] Trial 537 finished with value: 9.561662241123642 and parameters: {'ISTN': 64.1843625579636, 'I_gpe': 1.334728300898572, 'I_gpi': 2.380589947759869, 'noise_stn_sigma': 5.478917345119606, 'noise_gpe_sigma': 111.03437418045004, 'noise_gpi_sigma': 102.44056639746682, 'g_stn_gpe_mult': 2.8602985480978664, 'g_gpe_stn_mult': 0.5655559623197135, 'g_stn_gpi_mult': 2.8224050210613862, 'g_gpe_gpi_mult': 0.44763798542783495}. Best is trial 459 with value: 0.6576545468262062.
[I 2026-05-28 23:34:13,983] Trial 538 finished with value: 2.941147735572281 and parameters: {'ISTN': 60.00244527693673, 'I_gpe': 1.3783264874478243, 'I_gpi': 2.167762064762307, 'noise_stn_sigma': 6.071551670729437, 'noise_gpe_sigma': 116.44241815286391, 'noise_gpi_sigma': 98.25930700162638, 'g_stn_gpe_mult': 2.7146684965934123, 'g_gpe_stn_mult': 0.519305130926416, 'g_stn_gpi_mult': 2.9923124030562396, 'g_gpe_gpi_mult': 0.45125274822537614}. Best is trial 459 with value: 0.6576545468262062.
[I 2026-05-28 23:34:14,992] Trial 539 finished with value: 7.847749775913141 and parameters: {'ISTN': 62.79292567195954, 'I_gpe': 1.3286397934381133, 'I_gpi': 2.5847783684597383, 'noise_stn_sigma': 6.123406362962488, 'noise_gpe_sigma': 127.55206075249765, 'noise_gpi_sigma': 99.77118532323156, 'g_stn_gpe_mult': 2.7589697769324077, 'g_gpe_stn_mult': 0.5431444605628848, 'g_stn_gpi_mult': 3.158707036387048, 'g_gpe_gpi_mult': 0.48050200680169264}. Best is trial 459 with value: 0.6576545468262062.
[I 2026-05-28 23:34:16,000] Trial 540 finished with value: 7.995684086895596 and parameters: {'ISTN': 61.218569113470714, 'I_gpe': 1.4096843882506027, 'I_gpi': 2.4220548299214855, 'noise_stn_sigma': 6.037318029345555, 'noise_gpe_sigma': 115.27869604899317, 'noise_gpi_sigma': 100.3487364000883, 'g_stn_gpe_mult': 2.449987827154609, 'g_gpe_stn_mult': 0.6032102180261016, 'g_stn_gpi_mult': 2.8895649609651493, 'g_gpe_gpi_mult': 0.46638987882214067}. Best is trial 459 with value: 0.6576545468262062.
[I 2026-05-28 23:34:17,006] Trial 541 finished with value: 1.6676010876525493 and parameters: {'ISTN': 62.66377783847473, 'I_gpe': 1.4456227303694007, 'I_gpi': 2.6014684294478583, 'noise_stn_sigma': 6.58310170721432, 'noise_gpe_sigma': 123.32358343657793, 'noise_gpi_sigma': 97.1609850820501, 'g_stn_gpe_mult': 2.8068571376757148, 'g_gpe_stn_mult': 0.5978511655094709, 'g_stn_gpi_mult': 3.0826746620087913, 'g_gpe_gpi_mult': 0.5166405751575887}. Best is trial 459 with value: 0.6576545468262062.
[I 2026-05-28 23:34:18,012] Trial 542 finished with value: 7.893202358121178 and parameters: {'ISTN': 62.67417127899239, 'I_gpe': 1.4712003447585413, 'I_gpi': 2.1970862323595726, 'noise_stn_sigma': 6.626405177622723, 'noise_gpe_sigma': 121.64303739512395, 'noise_gpi_sigma': 107.64583629337406, 'g_stn_gpe_mult': 2.596620166543146, 'g_gpe_stn_mult': 0.5179593737037206, 'g_stn_gpi_mult': 2.9278658487936773, 'g_gpe_gpi_mult': 0.4451291942635879}. Best is trial 459 with value: 0.6576545468262062.
[I 2026-05-28 23:34:19,019] Trial 543 finished with value: 2.064357929479452 and parameters: {'ISTN': 60.28645717646213, 'I_gpe': 1.3717361740420915, 'I_gpi': 2.2391820789670063, 'noise_stn_sigma': 5.973406924341515, 'noise_gpe_sigma': 120.61857059266022, 'noise_gpi_sigma': 102.22751493902713, 'g_stn_gpe_mult': 2.517069400380495, 'g_gpe_stn_mult': 0.5367174517920003, 'g_stn_gpi_mult': 2.715147542742802, 'g_gpe_gpi_mult': 0.5106472625743019}. Best is trial 459 with value: 0.6576545468262062.
[I 2026-05-28 23:34:20,029] Trial 544 finished with value: 6.9334643520665695 and parameters: {'ISTN': 64.51806633038186, 'I_gpe': 1.338667757479566, 'I_gpi': 2.3868805221450495, 'noise_stn_sigma': 6.430563227289525, 'noise_gpe_sigma': 127.23424981472985, 'noise_gpi_sigma': 96.44714833840129, 'g_stn_gpe_mult': 2.7467161564857894, 'g_gpe_stn_mult': 0.5230751543616761, 'g_stn_gpi_mult': 2.855420683363113, 'g_gpe_gpi_mult': 0.44605114208402785}. Best is trial 459 with value: 0.6576545468262062.
[I 2026-05-28 23:34:21,037] Trial 545 finished with value: 8.25369760785254 and parameters: {'ISTN': 65.56710147902896, 'I_gpe': 1.3671021779514039, 'I_gpi': 2.306195291906895, 'noise_stn_sigma': 6.04515245619024, 'noise_gpe_sigma': 121.8710648122468, 'noise_gpi_sigma': 94.98083701869122, 'g_stn_gpe_mult': 2.7168802791276647, 'g_gpe_stn_mult': 0.5599570032154019, 'g_stn_gpi_mult': 2.9942955041889316, 'g_gpe_gpi_mult': 0.5087235862774555}. Best is trial 459 with value: 0.6576545468262062.
[I 2026-05-28 23:34:22,045] Trial 546 finished with value: 5.543695608648656 and parameters: {'ISTN': 66.32652472427237, 'I_gpe': 1.6043272714478614, 'I_gpi': 2.0765588614404384, 'noise_stn_sigma': 6.3770181181800405, 'noise_gpe_sigma': 118.94489955913762, 'noise_gpi_sigma': 111.08909908489646, 'g_stn_gpe_mult': 2.479644846843897, 'g_gpe_stn_mult': 0.5325199817426327, 'g_stn_gpi_mult': 2.8716125091838607, 'g_gpe_gpi_mult': 0.44337255348646276}. Best is trial 459 with value: 0.6576545468262062.
[I 2026-05-28 23:34:23,055] Trial 547 finished with value: 4.004876444853431 and parameters: {'ISTN': 61.92349740933477, 'I_gpe': 1.2667062181247122, 'I_gpi': 2.1008242195799616, 'noise_stn_sigma': 5.663391391529342, 'noise_gpe_sigma': 122.09803440279097, 'noise_gpi_sigma': 97.95252581734802, 'g_stn_gpe_mult': 2.7716246670361566, 'g_gpe_stn_mult': 0.5574538831864551, 'g_stn_gpi_mult': 3.1150099546678227, 'g_gpe_gpi_mult': 0.41865097602284157}. Best is trial 459 with value: 0.6576545468262062.
[I 2026-05-28 23:34:24,063] Trial 548 finished with value: 3.6648171408457513 and parameters: {'ISTN': 66.19849607647195, 'I_gpe': 1.3746774061800147, 'I_gpi': 2.402043885372282, 'noise_stn_sigma': 6.2741017863155495, 'noise_gpe_sigma': 122.94632043430684, 'noise_gpi_sigma': 96.43862869591726, 'g_stn_gpe_mult': 2.7245411614460817, 'g_gpe_stn_mult': 0.5280678714384531, 'g_stn_gpi_mult': 2.75439332066662, 'g_gpe_gpi_mult': 0.384003930716487}. Best is trial 459 with value: 0.6576545468262062.
[I 2026-05-28 23:34:25,072] Trial 549 finished with value: 2.0284946378583446 and parameters: {'ISTN': 60.976217857969154, 'I_gpe': 1.3520355397715993, 'I_gpi': 2.2593730489768693, 'noise_stn_sigma': 6.547182099555741, 'noise_gpe_sigma': 118.87260354600065, 'noise_gpi_sigma': 100.03731183549517, 'g_stn_gpe_mult': 2.714382400685671, 'g_gpe_stn_mult': 0.5229138599920995, 'g_stn_gpi_mult': 3.061698811434177, 'g_gpe_gpi_mult': 0.4484968896025826}. Best is trial 459 with value: 0.6576545468262062.
[I 2026-05-28 23:34:26,078] Trial 550 finished with value: 8.745067486513461 and parameters: {'ISTN': 65.17745198911302, 'I_gpe': 1.3420018151411186, 'I_gpi': 2.315234102254883, 'noise_stn_sigma': 6.5473516254746, 'noise_gpe_sigma': 119.21292412351202, 'noise_gpi_sigma': 109.70477809501621, 'g_stn_gpe_mult': 2.7969526194420506, 'g_gpe_stn_mult': 0.5465931050322963, 'g_stn_gpi_mult': 2.8515515731901155, 'g_gpe_gpi_mult': 0.48115208020600125}. Best is trial 459 with value: 0.6576545468262062.
[I 2026-05-28 23:34:27,086] Trial 551 finished with value: 3.427228924034971 and parameters: {'ISTN': 60.08658557446646, 'I_gpe': 1.4050601984887905, 'I_gpi': 2.2521998416688804, 'noise_stn_sigma': 6.613638061032542, 'noise_gpe_sigma': 121.39637446784052, 'noise_gpi_sigma': 101.26230609590569, 'g_stn_gpe_mult': 2.6121573944388006, 'g_gpe_stn_mult': 0.5612758207934689, 'g_stn_gpi_mult': 2.970725547032217, 'g_gpe_gpi_mult': 0.4969463509028448}. Best is trial 459 with value: 0.6576545468262062.
[I 2026-05-28 23:34:28,095] Trial 552 finished with value: 5.979244361341063 and parameters: {'ISTN': 62.95764312289652, 'I_gpe': 1.4104368688447724, 'I_gpi': 2.3921536072793623, 'noise_stn_sigma': 6.157845855457843, 'noise_gpe_sigma': 121.42340913979328, 'noise_gpi_sigma': 98.58406045560581, 'g_stn_gpe_mult': 2.6573864534791687, 'g_gpe_stn_mult': 0.5518094346914548, 'g_stn_gpi_mult': 2.9083630752758536, 'g_gpe_gpi_mult': 0.46415905191889156}. Best is trial 459 with value: 0.6576545468262062.
[I 2026-05-28 23:34:29,043] Trial 553 finished with value: 1000000.0 and parameters: {'ISTN': 65.95283470389431, 'I_gpe': 1.5402546073816457, 'I_gpi': 2.3373895133232137, 'noise_stn_sigma': 6.185168842844222, 'noise_gpe_sigma': 122.78616200931815, 'noise_gpi_sigma': 99.17795144054342, 'g_stn_gpe_mult': 2.9457510465201557, 'g_gpe_stn_mult': 0.5336225044075446, 'g_stn_gpi_mult': 3.0611399303802265, 'g_gpe_gpi_mult': 0.4837560013605131}. Best is trial 459 with value: 0.6576545468262062.
[I 2026-05-28 23:34:30,051] Trial 554 finished with value: 4.365438892150923 and parameters: {'ISTN': 61.94747478535609, 'I_gpe': 1.430074395630865, 'I_gpi': 2.3946118941567045, 'noise_stn_sigma': 6.048443761271529, 'noise_gpe_sigma': 122.34529910714151, 'noise_gpi_sigma': 97.39678157800023, 'g_stn_gpe_mult': 2.6654975161582932, 'g_gpe_stn_mult': 0.5871491215099935, 'g_stn_gpi_mult': 3.1937265176875846, 'g_gpe_gpi_mult': 0.433696089022342}. Best is trial 459 with value: 0.6576545468262062.
[I 2026-05-28 23:34:31,057] Trial 555 finished with value: 2.5475147361032198 and parameters: {'ISTN': 63.7775105372008, 'I_gpe': 1.3850906349740424, 'I_gpi': 2.51124373746765, 'noise_stn_sigma': 6.2694296832313166, 'noise_gpe_sigma': 121.17482099540712, 'noise_gpi_sigma': 96.67805714344418, 'g_stn_gpe_mult': 2.9880550655371745, 'g_gpe_stn_mult': 0.5798066636743162, 'g_stn_gpi_mult': 3.0765499513630328, 'g_gpe_gpi_mult': 0.4559727650952351}. Best is trial 459 with value: 0.6576545468262062.
[I 2026-05-28 23:34:32,064] Trial 556 finished with value: 3.5801620317093805 and parameters: {'ISTN': 62.80949415246621, 'I_gpe': 1.401381619882121, 'I_gpi': 2.436896503674669, 'noise_stn_sigma': 6.237979892697048, 'noise_gpe_sigma': 130.57949098183946, 'noise_gpi_sigma': 96.78271781170997, 'g_stn_gpe_mult': 2.702137840379798, 'g_gpe_stn_mult': 0.57658937608686, 'g_stn_gpi_mult': 3.058294890664217, 'g_gpe_gpi_mult': 0.4448240092935465}. Best is trial 459 with value: 0.6576545468262062.
[I 2026-05-28 23:34:33,013] Trial 557 finished with value: 1000000.0 and parameters: {'ISTN': 66.66213022210661, 'I_gpe': 1.3792347215338383, 'I_gpi': 2.786301007132218, 'noise_stn_sigma': 6.760923708543442, 'noise_gpe_sigma': 123.22962220451865, 'noise_gpi_sigma': 97.45030778905993, 'g_stn_gpe_mult': 2.7041797639763248, 'g_gpe_stn_mult': 0.6028956223621468, 'g_stn_gpi_mult': 2.948355204531745, 'g_gpe_gpi_mult': 0.4783162123073495}. Best is trial 459 with value: 0.6576545468262062.
[I 2026-05-28 23:34:34,020] Trial 558 finished with value: 6.322672156429615 and parameters: {'ISTN': 66.73016979903034, 'I_gpe': 1.2639234874907466, 'I_gpi': 2.545223769918813, 'noise_stn_sigma': 6.451182963354019, 'noise_gpe_sigma': 126.8612806788535, 'noise_gpi_sigma': 99.34694194836604, 'g_stn_gpe_mult': 2.670072657015558, 'g_gpe_stn_mult': 0.5287987562819266, 'g_stn_gpi_mult': 2.9612952591423856, 'g_gpe_gpi_mult': 0.5046849519875476}. Best is trial 459 with value: 0.6576545468262062.
[I 2026-05-28 23:34:35,029] Trial 559 finished with value: 4.924329830644098 and parameters: {'ISTN': 60.31995028885751, 'I_gpe': 1.351045476091719, 'I_gpi': 2.4040729985724814, 'noise_stn_sigma': 6.254940342972378, 'noise_gpe_sigma': 122.9451780219411, 'noise_gpi_sigma': 93.40551320089922, 'g_stn_gpe_mult': 2.5294393837661815, 'g_gpe_stn_mult': 0.5652769288884408, 'g_stn_gpi_mult': 2.9882987386930715, 'g_gpe_gpi_mult': 0.45914386282485015}. Best is trial 459 with value: 0.6576545468262062.
[I 2026-05-28 23:34:36,037] Trial 560 finished with value: 3.403988545889038 and parameters: {'ISTN': 61.613321084914915, 'I_gpe': 1.4202920080888144, 'I_gpi': 2.163823053446631, 'noise_stn_sigma': 6.039536768659838, 'noise_gpe_sigma': 125.64640989700173, 'noise_gpi_sigma': 93.16800039951137, 'g_stn_gpe_mult': 2.909812178505281, 'g_gpe_stn_mult': 0.5333668572823486, 'g_stn_gpi_mult': 3.2446540759102938, 'g_gpe_gpi_mult': 0.4899430596890358}. Best is trial 459 with value: 0.6576545468262062.
[I 2026-05-28 23:34:37,044] Trial 561 finished with value: 5.994345015181876 and parameters: {'ISTN': 64.93524875349466, 'I_gpe': 1.4848018566706553, 'I_gpi': 2.3877052453692116, 'noise_stn_sigma': 6.460644793105615, 'noise_gpe_sigma': 120.7420093578159, 'noise_gpi_sigma': 97.25553655620193, 'g_stn_gpe_mult': 2.7751925652032483, 'g_gpe_stn_mult': 0.5694504855422545, 'g_stn_gpi_mult': 3.1267398106660758, 'g_gpe_gpi_mult': 0.4611226352854278}. Best is trial 459 with value: 0.6576545468262062.
[I 2026-05-28 23:34:38,051] Trial 562 finished with value: 4.515437641851326 and parameters: {'ISTN': 60.54161695126275, 'I_gpe': 1.4755725210866326, 'I_gpi': 2.0966815936661916, 'noise_stn_sigma': 5.882455342694617, 'noise_gpe_sigma': 114.36510955845876, 'noise_gpi_sigma': 98.398710169948, 'g_stn_gpe_mult': 2.8198144711612003, 'g_gpe_stn_mult': 0.5209586163536283, 'g_stn_gpi_mult': 3.1414248962527362, 'g_gpe_gpi_mult': 0.49702484739569075}. Best is trial 459 with value: 0.6576545468262062.
[I 2026-05-28 23:34:39,057] Trial 563 finished with value: 2.5725093755108626 and parameters: {'ISTN': 61.947879275845544, 'I_gpe': 1.388600996393762, 'I_gpi': 2.3149885342265346, 'noise_stn_sigma': 6.611608219370051, 'noise_gpe_sigma': 121.91756702484403, 'noise_gpi_sigma': 97.23716462312625, 'g_stn_gpe_mult': 2.891764742320855, 'g_gpe_stn_mult': 0.5581226801306265, 'g_stn_gpi_mult': 3.123293335736584, 'g_gpe_gpi_mult': 0.4665662426154569}. Best is trial 459 with value: 0.6576545468262062.
[I 2026-05-28 23:34:40,065] Trial 564 finished with value: 1.7565038579459267 and parameters: {'ISTN': 61.35361211778084, 'I_gpe': 1.404272753814093, 'I_gpi': 2.425249020936822, 'noise_stn_sigma': 6.294419215568615, 'noise_gpe_sigma': 126.18423211317587, 'noise_gpi_sigma': 97.44493703792575, 'g_stn_gpe_mult': 2.8598858756325, 'g_gpe_stn_mult': 0.5247708029182068, 'g_stn_gpi_mult': 3.1130326138302022, 'g_gpe_gpi_mult': 0.5192443686184245}. Best is trial 459 with value: 0.6576545468262062.
[I 2026-05-28 23:34:41,073] Trial 565 finished with value: 3.0931523798277123 and parameters: {'ISTN': 61.923257568209095, 'I_gpe': 1.4409071609526838, 'I_gpi': 2.3100066856394568, 'noise_stn_sigma': 6.31523059516854, 'noise_gpe_sigma': 120.91004927997466, 'noise_gpi_sigma': 95.67710184926766, 'g_stn_gpe_mult': 2.761425935323577, 'g_gpe_stn_mult': 0.5527357767489507, 'g_stn_gpi_mult': 3.14479489354549, 'g_gpe_gpi_mult': 0.45144529609797257}. Best is trial 459 with value: 0.6576545468262062.
[I 2026-05-28 23:34:42,079] Trial 566 finished with value: 1.788471843988459 and parameters: {'ISTN': 60.997427940077024, 'I_gpe': 1.4130671382260558, 'I_gpi': 2.4497993385808723, 'noise_stn_sigma': 6.529084247963555, 'noise_gpe_sigma': 126.31923026088973, 'noise_gpi_sigma': 102.59720740291087, 'g_stn_gpe_mult': 2.911819564343083, 'g_gpe_stn_mult': 0.5292972758913908, 'g_stn_gpi_mult': 2.944197159487451, 'g_gpe_gpi_mult': 0.4506909270068445}. Best is trial 459 with value: 0.6576545468262062.
[I 2026-05-28 23:34:43,088] Trial 567 finished with value: 5.573374040335762 and parameters: {'ISTN': 64.55460342586221, 'I_gpe': 1.4254146916188777, 'I_gpi': 2.371703281436149, 'noise_stn_sigma': 6.215556493764116, 'noise_gpe_sigma': 118.85165126663418, 'noise_gpi_sigma': 101.47585065444316, 'g_stn_gpe_mult': 2.963561279846522, 'g_gpe_stn_mult': 0.5808122304303096, 'g_stn_gpi_mult': 3.293271917073547, 'g_gpe_gpi_mult': 0.4564767931286283}. Best is trial 459 with value: 0.6576545468262062.
[I 2026-05-28 23:34:44,096] Trial 568 finished with value: 5.6148177933685375 and parameters: {'ISTN': 61.95789067526859, 'I_gpe': 1.3307282380012544, 'I_gpi': 2.5066660691112337, 'noise_stn_sigma': 6.519829752162617, 'noise_gpe_sigma': 126.56606718484349, 'noise_gpi_sigma': 94.16844822233777, 'g_stn_gpe_mult': 2.613965319460787, 'g_gpe_stn_mult': 0.5801768518010113, 'g_stn_gpi_mult': 3.1099706056157443, 'g_gpe_gpi_mult': 0.49641832763699534}. Best is trial 459 with value: 0.6576545468262062.
[I 2026-05-28 23:34:45,104] Trial 569 finished with value: 2.261593551548801 and parameters: {'ISTN': 61.152727537342756, 'I_gpe': 1.4627408933997894, 'I_gpi': 2.188436786328202, 'noise_stn_sigma': 6.404074567709156, 'noise_gpe_sigma': 122.47352512443173, 'noise_gpi_sigma': 100.40657092560592, 'g_stn_gpe_mult': 2.7932669614366854, 'g_gpe_stn_mult': 0.5470801195705282, 'g_stn_gpi_mult': 3.106050020546785, 'g_gpe_gpi_mult': 0.4254973452101043}. Best is trial 459 with value: 0.6576545468262062.
[I 2026-05-28 23:34:46,112] Trial 570 finished with value: 4.537690076081342 and parameters: {'ISTN': 66.52965044730456, 'I_gpe': 1.4566086419475117, 'I_gpi': 2.338252630507543, 'noise_stn_sigma': 6.37034344146162, 'noise_gpe_sigma': 125.16926783571121, 'noise_gpi_sigma': 97.54242817846804, 'g_stn_gpe_mult': 3.0198065190348267, 'g_gpe_stn_mult': 0.5846821002198586, 'g_stn_gpi_mult': 3.0938859579418074, 'g_gpe_gpi_mult': 0.47135100151642295}. Best is trial 459 with value: 0.6576545468262062.
[I 2026-05-28 23:34:47,122] Trial 571 finished with value: 3.4248364714009307 and parameters: {'ISTN': 66.64706899186203, 'I_gpe': 1.4133249014760092, 'I_gpi': 2.404562006659889, 'noise_stn_sigma': 6.139335110086626, 'noise_gpe_sigma': 121.48014331171906, 'noise_gpi_sigma': 101.77462082401642, 'g_stn_gpe_mult': 2.910589198960312, 'g_gpe_stn_mult': 0.5470125095650384, 'g_stn_gpi_mult': 3.147542144561522, 'g_gpe_gpi_mult': 0.4082522644468606}. Best is trial 459 with value: 0.6576545468262062.
