[I 2026-05-28 23:22:16,121] Trial 836 finished with value: 1000000.0 and parameters: {'ISTN': 64.60980262234654, 'I_gpe': 2.092863890150198, 'I_gpi': 2.3987269215050735, 'noise_stn_sigma': 6.680121317109661, 'noise_gpe_sigma': 128.05570313446012, 'noise_gpi_sigma': 98.68171767555306, 'g_stn_gpe_mult': 3.259565019389804, 'g_gpe_stn_mult': 0.7398334574703227, 'g_stn_gpi_mult': 3.2169296447652798, 'g_gpe_gpi_mult': 0.8591212941614519}. Best is trial 659 with value: 1.772618881235328.
[I 2026-05-28 23:22:17,129] Trial 837 finished with value: 4.684302154745915 and parameters: {'ISTN': 64.15595304027958, 'I_gpe': 2.0850637819736106, 'I_gpi': 2.1766995022874225, 'noise_stn_sigma': 6.869879836258879, 'noise_gpe_sigma': 127.7625976851859, 'noise_gpi_sigma': 98.5866810537482, 'g_stn_gpe_mult': 3.444288068383786, 'g_gpe_stn_mult': 0.7204316543743047, 'g_stn_gpi_mult': 3.2288860798439103, 'g_gpe_gpi_mult': 0.8519894171084113}. Best is trial 659 with value: 1.772618881235328.
[I 2026-05-28 23:22:18,138] Trial 838 finished with value: 4.612268207356035 and parameters: {'ISTN': 64.2590335365813, 'I_gpe': 2.116338124404386, 'I_gpi': 2.1819179448155337, 'noise_stn_sigma': 6.722512319578289, 'noise_gpe_sigma': 129.35522394031767, 'noise_gpi_sigma': 97.3837137751955, 'g_stn_gpe_mult': 3.366556948894149, 'g_gpe_stn_mult': 0.7165877577262616, 'g_stn_gpi_mult': 3.215726353420055, 'g_gpe_gpi_mult': 0.853719944232211}. Best is trial 659 with value: 1.772618881235328.
[I 2026-05-28 23:22:19,147] Trial 839 finished with value: 9.967262038171326 and parameters: {'ISTN': 64.24045845387522, 'I_gpe': 2.065220526013971, 'I_gpi': 2.369125255137497, 'noise_stn_sigma': 6.71253060258342, 'noise_gpe_sigma': 130.37961068781547, 'noise_gpi_sigma': 99.41704821845538, 'g_stn_gpe_mult': 3.37827648188994, 'g_gpe_stn_mult': 0.7270708429921666, 'g_stn_gpi_mult': 3.170419586240175, 'g_gpe_gpi_mult': 0.8415128093898327}. Best is trial 659 with value: 1.772618881235328.
[I 2026-05-28 23:22:20,096] Trial 840 finished with value: 1000000.0 and parameters: {'ISTN': 63.070582465692226, 'I_gpe': 2.108392324109488, 'I_gpi': 2.3159646211334577, 'noise_stn_sigma': 6.812498035517932, 'noise_gpe_sigma': 127.15063277852997, 'noise_gpi_sigma': 98.75965536134198, 'g_stn_gpe_mult': 3.3646944844779005, 'g_gpe_stn_mult': 0.7242714421044424, 'g_stn_gpi_mult': 3.19537826486018, 'g_gpe_gpi_mult': 0.877292637303027}. Best is trial 659 with value: 1.772618881235328.
[I 2026-05-28 23:22:21,107] Trial 841 finished with value: 6.024172826309899 and parameters: {'ISTN': 64.81492782831626, 'I_gpe': 2.096961945099287, 'I_gpi': 2.242434329973313, 'noise_stn_sigma': 6.688097343381024, 'noise_gpe_sigma': 127.3947994234264, 'noise_gpi_sigma': 101.67520543285426, 'g_stn_gpe_mult': 3.408339045332869, 'g_gpe_stn_mult': 0.7266349889787498, 'g_stn_gpi_mult': 3.25377461976811, 'g_gpe_gpi_mult': 0.8472574747907149}. Best is trial 659 with value: 1.772618881235328.
[I 2026-05-28 23:22:22,115] Trial 842 finished with value: 7.729461272632999 and parameters: {'ISTN': 63.34266296308006, 'I_gpe': 2.1055165021193583, 'I_gpi': 2.217230665477552, 'noise_stn_sigma': 6.826868168300238, 'noise_gpe_sigma': 129.75402535139722, 'noise_gpi_sigma': 97.73487463959458, 'g_stn_gpe_mult': 3.386297404151179, 'g_gpe_stn_mult': 0.7222427876145391, 'g_stn_gpi_mult': 3.267720714941618, 'g_gpe_gpi_mult': 0.8419621527225309}. Best is trial 659 with value: 1.772618881235328.
[I 2026-05-28 23:22:23,124] Trial 843 finished with value: 7.200192176557892 and parameters: {'ISTN': 63.7298825329426, 'I_gpe': 2.10962161041694, 'I_gpi': 2.253150152249222, 'noise_stn_sigma': 6.658125311678919, 'noise_gpe_sigma': 129.45641458333347, 'noise_gpi_sigma': 100.99651748424976, 'g_stn_gpe_mult': 3.46491242405071, 'g_gpe_stn_mult': 0.7182137627450481, 'g_stn_gpi_mult': 3.2047582796915672, 'g_gpe_gpi_mult': 0.8518541057041249}. Best is trial 659 with value: 1.772618881235328.
[I 2026-05-28 23:22:24,132] Trial 844 finished with value: 4.810834744318333 and parameters: {'ISTN': 64.4207811819945, 'I_gpe': 2.121817991401092, 'I_gpi': 2.199687525759373, 'noise_stn_sigma': 6.559673027207095, 'noise_gpe_sigma': 126.86312651764382, 'noise_gpi_sigma': 94.92275901825052, 'g_stn_gpe_mult': 3.3428919650502644, 'g_gpe_stn_mult': 0.7144600153144693, 'g_stn_gpi_mult': 3.222990554623657, 'g_gpe_gpi_mult': 0.830327552665366}. Best is trial 659 with value: 1.772618881235328.
[I 2026-05-28 23:22:25,138] Trial 845 finished with value: 10.970401697594983 and parameters: {'ISTN': 62.354183603948705, 'I_gpe': 2.1423934568750007, 'I_gpi': 2.2514148868600525, 'noise_stn_sigma': 6.822864870463087, 'noise_gpe_sigma': 131.47082852522627, 'noise_gpi_sigma': 100.19540217117829, 'g_stn_gpe_mult': 3.3690554570304445, 'g_gpe_stn_mult': 0.7245526614174193, 'g_stn_gpi_mult': 3.25877555880591, 'g_gpe_gpi_mult': 0.8391389372140305}. Best is trial 659 with value: 1.772618881235328.
[I 2026-05-28 23:22:26,147] Trial 846 finished with value: 8.238959796112274 and parameters: {'ISTN': 64.3384944460883, 'I_gpe': 2.0968955531302287, 'I_gpi': 2.1728988654906214, 'noise_stn_sigma': 6.804269437659383, 'noise_gpe_sigma': 130.17004034157657, 'noise_gpi_sigma': 98.91361463184747, 'g_stn_gpe_mult': 3.3899394428536476, 'g_gpe_stn_mult': 0.7185742402671108, 'g_stn_gpi_mult': 3.2777212440738532, 'g_gpe_gpi_mult': 0.8598975971392155}. Best is trial 659 with value: 1.772618881235328.
[I 2026-05-28 23:22:27,156] Trial 847 finished with value: 5.523952122388982 and parameters: {'ISTN': 63.203399245361055, 'I_gpe': 2.1022995764230528, 'I_gpi': 2.1753899883791243, 'noise_stn_sigma': 6.665698816393274, 'noise_gpe_sigma': 131.17027192968607, 'noise_gpi_sigma': 97.5143031596514, 'g_stn_gpe_mult': 3.4760443587057246, 'g_gpe_stn_mult': 0.7077331752124552, 'g_stn_gpi_mult': 3.1537575851949207, 'g_gpe_gpi_mult': 0.8588700564532241}. Best is trial 659 with value: 1.772618881235328.
[I 2026-05-28 23:22:28,165] Trial 848 finished with value: 5.102012368850999 and parameters: {'ISTN': 64.14650231042306, 'I_gpe': 2.071736731965329, 'I_gpi': 2.2354039835634314, 'noise_stn_sigma': 6.867281181614604, 'noise_gpe_sigma': 127.48679916706196, 'noise_gpi_sigma': 97.19415701219586, 'g_stn_gpe_mult': 3.388705914342636, 'g_gpe_stn_mult': 0.7251272164046008, 'g_stn_gpi_mult': 3.209696714073123, 'g_gpe_gpi_mult': 0.8744845351565966}. Best is trial 659 with value: 1.772618881235328.
[I 2026-05-28 23:22:29,172] Trial 849 finished with value: 5.662915377422886 and parameters: {'ISTN': 65.36826278071104, 'I_gpe': 2.1410041616702236, 'I_gpi': 2.1470088042972426, 'noise_stn_sigma': 6.795329321330131, 'noise_gpe_sigma': 132.54399655398572, 'noise_gpi_sigma': 97.09014239396589, 'g_stn_gpe_mult': 3.43639310643874, 'g_gpe_stn_mult': 0.7251180113662691, 'g_stn_gpi_mult': 3.3171038085598785, 'g_gpe_gpi_mult': 0.8604546279518415}. Best is trial 659 with value: 1.772618881235328.
[I 2026-05-28 23:22:30,121] Trial 850 finished with value: 1000000.0 and parameters: {'ISTN': 64.9096029626804, 'I_gpe': 2.119660268137568, 'I_gpi': 2.2542797237290046, 'noise_stn_sigma': 6.533921682769906, 'noise_gpe_sigma': 125.43324864656486, 'noise_gpi_sigma': 100.9554983340199, 'g_stn_gpe_mult': 3.324322192844714, 'g_gpe_stn_mult': 0.7198075439424882, 'g_stn_gpi_mult': 3.265809900253129, 'g_gpe_gpi_mult': 0.8443524571869168}. Best is trial 659 with value: 1.772618881235328.
[I 2026-05-28 23:22:31,131] Trial 851 finished with value: 4.9267137646401356 and parameters: {'ISTN': 65.0516569903518, 'I_gpe': 2.116435017079704, 'I_gpi': 2.075737729638532, 'noise_stn_sigma': 7.059974087297858, 'noise_gpe_sigma': 131.3655290032688, 'noise_gpi_sigma': 95.86685126651118, 'g_stn_gpe_mult': 3.45576336900218, 'g_gpe_stn_mult': 0.7263242235282095, 'g_stn_gpi_mult': 3.33505732432009, 'g_gpe_gpi_mult': 0.8502188084548847}. Best is trial 659 with value: 1.772618881235328.
[I 2026-05-28 23:22:32,139] Trial 852 finished with value: 3.1292159211667325 and parameters: {'ISTN': 64.1369825212605, 'I_gpe': 2.0917764179216745, 'I_gpi': 2.293508049908712, 'noise_stn_sigma': 6.567221707364629, 'noise_gpe_sigma': 126.49861569474717, 'noise_gpi_sigma': 101.05748457266392, 'g_stn_gpe_mult': 3.3572583995457026, 'g_gpe_stn_mult': 0.7222749495362323, 'g_stn_gpi_mult': 3.179801302334698, 'g_gpe_gpi_mult': 0.838799437629488}. Best is trial 659 with value: 1.772618881235328.
[I 2026-05-28 23:22:33,145] Trial 853 finished with value: 5.574068868341845 and parameters: {'ISTN': 64.72866450269312, 'I_gpe': 2.0905928887592813, 'I_gpi': 2.1716210952105888, 'noise_stn_sigma': 7.028090014132344, 'noise_gpe_sigma': 129.8642748603972, 'noise_gpi_sigma': 96.10592957381482, 'g_stn_gpe_mult': 3.3780864902020973, 'g_gpe_stn_mult': 0.7262820240822613, 'g_stn_gpi_mult': 3.263806876829472, 'g_gpe_gpi_mult': 0.8629681470009742}. Best is trial 659 with value: 1.772618881235328.
[I 2026-05-28 23:22:34,151] Trial 854 finished with value: 4.3994596141969655 and parameters: {'ISTN': 64.1525585359816, 'I_gpe': 2.109614508224427, 'I_gpi': 2.1504984761141355, 'noise_stn_sigma': 6.857365852923646, 'noise_gpe_sigma': 128.60400980083455, 'noise_gpi_sigma': 94.59496798358671, 'g_stn_gpe_mult': 3.391355738070743, 'g_gpe_stn_mult': 0.7175653150364968, 'g_stn_gpi_mult': 3.181000798678084, 'g_gpe_gpi_mult': 0.8531249934177405}. Best is trial 659 with value: 1.772618881235328.
[I 2026-05-28 23:22:35,159] Trial 855 finished with value: 7.218170647088797 and parameters: {'ISTN': 63.511492460842724, 'I_gpe': 2.102800252606313, 'I_gpi': 2.2284983435066827, 'noise_stn_sigma': 6.656755183872731, 'noise_gpe_sigma': 127.50085580130117, 'noise_gpi_sigma': 94.47245542793584, 'g_stn_gpe_mult': 3.3787436765264056, 'g_gpe_stn_mult': 0.7134771029457367, 'g_stn_gpi_mult': 3.1755698878498424, 'g_gpe_gpi_mult': 0.8394766833137133}. Best is trial 659 with value: 1.772618881235328.
[I 2026-05-28 23:22:36,167] Trial 856 finished with value: 4.429227318551889 and parameters: {'ISTN': 65.2292075660576, 'I_gpe': 2.0947834109659875, 'I_gpi': 2.2321381514119834, 'noise_stn_sigma': 6.5501118255466, 'noise_gpe_sigma': 128.74025987208032, 'noise_gpi_sigma': 98.97839653918376, 'g_stn_gpe_mult': 3.466489657493835, 'g_gpe_stn_mult': 0.717057697443946, 'g_stn_gpi_mult': 3.2329741286161777, 'g_gpe_gpi_mult': 0.8669640427365934}. Best is trial 659 with value: 1.772618881235328.
[I 2026-05-28 23:22:37,176] Trial 857 finished with value: 10.321490925449606 and parameters: {'ISTN': 64.64461635019643, 'I_gpe': 2.1100825700566768, 'I_gpi': 2.1723648977759495, 'noise_stn_sigma': 6.730304656392456, 'noise_gpe_sigma': 129.26555730231436, 'noise_gpi_sigma': 93.22980388976295, 'g_stn_gpe_mult': 3.398910293837428, 'g_gpe_stn_mult': 0.7284209092346511, 'g_stn_gpi_mult': 3.241600505500993, 'g_gpe_gpi_mult': 0.8603684091332111}. Best is trial 659 with value: 1.772618881235328.
[I 2026-05-28 23:22:38,185] Trial 858 finished with value: 8.170888503287397 and parameters: {'ISTN': 64.72438969412389, 'I_gpe': 2.091455701845571, 'I_gpi': 2.135127934425157, 'noise_stn_sigma': 6.892178999300495, 'noise_gpe_sigma': 128.89065514669014, 'noise_gpi_sigma': 95.48664067679783, 'g_stn_gpe_mult': 3.4217599861569283, 'g_gpe_stn_mult': 0.7230053974900568, 'g_stn_gpi_mult': 3.243787521454835, 'g_gpe_gpi_mult': 0.8672206281762311}. Best is trial 659 with value: 1.772618881235328.
[I 2026-05-28 23:22:39,193] Trial 859 finished with value: 8.486390212687102 and parameters: {'ISTN': 63.92898931755086, 'I_gpe': 2.09013875850978, 'I_gpi': 2.1898890144056855, 'noise_stn_sigma': 6.861784929130072, 'noise_gpe_sigma': 129.9939322153853, 'noise_gpi_sigma': 94.83672345732384, 'g_stn_gpe_mult': 3.4210110796724322, 'g_gpe_stn_mult': 0.7193013433783402, 'g_stn_gpi_mult': 3.2265243157158405, 'g_gpe_gpi_mult': 0.8510110656497734}. Best is trial 659 with value: 1.772618881235328.
[I 2026-05-28 23:22:40,200] Trial 860 finished with value: 10.405999200681748 and parameters: {'ISTN': 64.29965024685147, 'I_gpe': 2.1207789454967285, 'I_gpi': 2.1206526266619807, 'noise_stn_sigma': 6.762005931004568, 'noise_gpe_sigma': 129.39779741203614, 'noise_gpi_sigma': 96.50209699352006, 'g_stn_gpe_mult': 3.36728490870657, 'g_gpe_stn_mult': 0.7175012084604984, 'g_stn_gpi_mult': 3.2616091645468397, 'g_gpe_gpi_mult': 0.8442708436838633}. Best is trial 659 with value: 1.772618881235328.
[I 2026-05-28 23:22:41,208] Trial 861 finished with value: 6.451612343507424 and parameters: {'ISTN': 65.00969986718344, 'I_gpe': 2.099027527144852, 'I_gpi': 2.2233992317268845, 'noise_stn_sigma': 6.663439714083751, 'noise_gpe_sigma': 128.22046156164478, 'noise_gpi_sigma': 100.10393017129391, 'g_stn_gpe_mult': 3.396257051959605, 'g_gpe_stn_mult': 0.7238721514350405, 'g_stn_gpi_mult': 3.201593397820606, 'g_gpe_gpi_mult': 0.8468801132350345}. Best is trial 659 with value: 1.772618881235328.
[I 2026-05-28 23:22:42,219] Trial 862 finished with value: 4.991933894962601 and parameters: {'ISTN': 64.095394096093, 'I_gpe': 2.0705128422126333, 'I_gpi': 2.2695824361016452, 'noise_stn_sigma': 6.940953823175557, 'noise_gpe_sigma': 127.16497426815346, 'noise_gpi_sigma': 99.62379627878188, 'g_stn_gpe_mult': 3.3377182231257723, 'g_gpe_stn_mult': 0.7280709241585999, 'g_stn_gpi_mult': 3.2158286160109215, 'g_gpe_gpi_mult': 0.8544554468724281}. Best is trial 659 with value: 1.772618881235328.
[I 2026-05-28 23:22:43,227] Trial 863 finished with value: 6.966777744314614 and parameters: {'ISTN': 65.64397856663243, 'I_gpe': 2.1145478845296197, 'I_gpi': 2.225133778876558, 'noise_stn_sigma': 6.583915605281543, 'noise_gpe_sigma': 129.80531201066648, 'noise_gpi_sigma': 97.87918936141062, 'g_stn_gpe_mult': 3.4030015962558675, 'g_gpe_stn_mult': 0.7217873057352939, 'g_stn_gpi_mult': 3.18840727092444, 'g_gpe_gpi_mult': 0.8660263568950637}. Best is trial 659 with value: 1.772618881235328.
[I 2026-05-28 23:22:44,234] Trial 864 finished with value: 4.624139659115047 and parameters: {'ISTN': 64.27065863295088, 'I_gpe': 2.0806210740471514, 'I_gpi': 2.244775338302907, 'noise_stn_sigma': 6.572644248750027, 'noise_gpe_sigma': 123.71676380132504, 'noise_gpi_sigma': 99.9139749266987, 'g_stn_gpe_mult': 3.33077132457231, 'g_gpe_stn_mult': 0.715850232627165, 'g_stn_gpi_mult': 3.183024388814834, 'g_gpe_gpi_mult': 0.849411295176288}. Best is trial 659 with value: 1.772618881235328.
[I 2026-05-28 23:22:45,243] Trial 865 finished with value: 4.899827070363801 and parameters: {'ISTN': 64.28372037537721, 'I_gpe': 2.0790861141280983, 'I_gpi': 2.2271795586076317, 'noise_stn_sigma': 6.669236966988267, 'noise_gpe_sigma': 124.36505786589147, 'noise_gpi_sigma': 96.12546762139795, 'g_stn_gpe_mult': 3.3566879466830097, 'g_gpe_stn_mult': 0.720420579600791, 'g_stn_gpi_mult': 3.2181816377553547, 'g_gpe_gpi_mult': 0.8460552047461989}. Best is trial 659 with value: 1.772618881235328.
[I 2026-05-28 23:22:46,251] Trial 866 finished with value: 8.617159062081221 and parameters: {'ISTN': 64.2211003021804, 'I_gpe': 2.1085237255178777, 'I_gpi': 2.2111896694854694, 'noise_stn_sigma': 6.790113121777566, 'noise_gpe_sigma': 127.40679601048579, 'noise_gpi_sigma': 98.9884946401976, 'g_stn_gpe_mult': 3.4115694309418605, 'g_gpe_stn_mult': 0.7217433990498434, 'g_stn_gpi_mult': 3.203186830837243, 'g_gpe_gpi_mult': 0.845764476974423}. Best is trial 659 with value: 1.772618881235328.
[I 2026-05-28 23:22:47,260] Trial 867 finished with value: 6.6821524602148665 and parameters: {'ISTN': 65.55916896454521, 'I_gpe': 2.1096131437496224, 'I_gpi': 2.233010702271484, 'noise_stn_sigma': 6.539652732223371, 'noise_gpe_sigma': 127.45168517648499, 'noise_gpi_sigma': 97.95990542492711, 'g_stn_gpe_mult': 3.3218419030820048, 'g_gpe_stn_mult': 0.7236897796302499, 'g_stn_gpi_mult': 3.223117848625746, 'g_gpe_gpi_mult': 0.8435244837761178}. Best is trial 659 with value: 1.772618881235328.
[I 2026-05-28 23:22:48,271] Trial 868 finished with value: 8.135229474629417 and parameters: {'ISTN': 63.622699706535656, 'I_gpe': 2.1102053109441794, 'I_gpi': 2.2926236909906095, 'noise_stn_sigma': 6.625211559124096, 'noise_gpe_sigma': 124.53323624711435, 'noise_gpi_sigma': 99.98405256252346, 'g_stn_gpe_mult': 3.365564530641468, 'g_gpe_stn_mult': 0.7103291140107326, 'g_stn_gpi_mult': 3.2078233130570903, 'g_gpe_gpi_mult': 0.8383056185836086}. Best is trial 659 with value: 1.772618881235328.
[I 2026-05-28 23:22:49,279] Trial 869 finished with value: 4.953946690225802 and parameters: {'ISTN': 63.627558188394545, 'I_gpe': 2.0889118133628086, 'I_gpi': 2.1698800967960903, 'noise_stn_sigma': 6.825073257464943, 'noise_gpe_sigma': 128.08679882528742, 'noise_gpi_sigma': 100.82629957759099, 'g_stn_gpe_mult': 3.4397044619335824, 'g_gpe_stn_mult': 0.7202264748075282, 'g_stn_gpi_mult': 3.203419206833583, 'g_gpe_gpi_mult': 0.8725192714629122}. Best is trial 659 with value: 1.772618881235328.
[I 2026-05-28 23:22:50,289] Trial 870 finished with value: 5.5350662912442266 and parameters: {'ISTN': 65.02117905448979, 'I_gpe': 2.091351573928905, 'I_gpi': 2.3084080164991425, 'noise_stn_sigma': 6.6238883169869665, 'noise_gpe_sigma': 127.48311434085721, 'noise_gpi_sigma': 99.65504397936033, 'g_stn_gpe_mult': 3.3842831854955255, 'g_gpe_stn_mult': 0.7280689714028322, 'g_stn_gpi_mult': 3.2367677097296914, 'g_gpe_gpi_mult': 0.8622204880556685}. Best is trial 659 with value: 1.772618881235328.
[I 2026-05-28 23:22:51,299] Trial 871 finished with value: 12.388716102963778 and parameters: {'ISTN': 64.87147160990976, 'I_gpe': 2.068777079056461, 'I_gpi': 2.206081612166961, 'noise_stn_sigma': 6.776463496147063, 'noise_gpe_sigma': 124.08044272513874, 'noise_gpi_sigma': 98.0028840129159, 'g_stn_gpe_mult': 3.3813982377699587, 'g_gpe_stn_mult': 0.7194339027037995, 'g_stn_gpi_mult': 3.253156474724936, 'g_gpe_gpi_mult': 0.8443371041890249}. Best is trial 659 with value: 1.772618881235328.
[I 2026-05-28 23:22:52,305] Trial 872 finished with value: 4.166625681589316 and parameters: {'ISTN': 64.54334645909307, 'I_gpe': 2.080506979482279, 'I_gpi': 2.264156344051934, 'noise_stn_sigma': 6.561352497615644, 'noise_gpe_sigma': 124.27225530553515, 'noise_gpi_sigma': 100.40547933728496, 'g_stn_gpe_mult': 3.3783143937711615, 'g_gpe_stn_mult': 0.7204288605599443, 'g_stn_gpi_mult': 3.2282927196967646, 'g_gpe_gpi_mult': 0.849480482386763}. Best is trial 659 with value: 1.772618881235328.
[I 2026-05-28 23:22:53,311] Trial 873 finished with value: 8.872367786240885 and parameters: {'ISTN': 63.94689361588773, 'I_gpe': 2.0805768701683025, 'I_gpi': 2.231551294127326, 'noise_stn_sigma': 6.657663002272209, 'noise_gpe_sigma': 127.56742321297259, 'noise_gpi_sigma': 99.37921984508249, 'g_stn_gpe_mult': 3.373682241480064, 'g_gpe_stn_mult': 0.7117188608723354, 'g_stn_gpi_mult': 3.098090125919443, 'g_gpe_gpi_mult': 0.8500919761785795}. Best is trial 659 with value: 1.772618881235328.
[I 2026-05-28 23:22:54,317] Trial 874 finished with value: 4.04797325073463 and parameters: {'ISTN': 64.63022866680862, 'I_gpe': 2.0894502126394565, 'I_gpi': 2.1391916509428652, 'noise_stn_sigma': 6.712483869321528, 'noise_gpe_sigma': 125.177642360984, 'noise_gpi_sigma': 98.7000108263848, 'g_stn_gpe_mult': 3.3495915816737494, 'g_gpe_stn_mult': 0.7249678181667323, 'g_stn_gpi_mult': 3.2208695216675807, 'g_gpe_gpi_mult': 0.8419932280840625}. Best is trial 659 with value: 1.772618881235328.
[I 2026-05-28 23:22:55,327] Trial 875 finished with value: 2.2022616970647784 and parameters: {'ISTN': 63.587959154846686, 'I_gpe': 2.050315828625912, 'I_gpi': 2.236002045288381, 'noise_stn_sigma': 6.857349242302591, 'noise_gpe_sigma': 125.65185913599633, 'noise_gpi_sigma': 98.03207356994844, 'g_stn_gpe_mult': 3.367402960117036, 'g_gpe_stn_mult': 0.7235531841052201, 'g_stn_gpi_mult': 3.172167635017726, 'g_gpe_gpi_mult': 0.8666808694171426}. Best is trial 659 with value: 1.772618881235328.
[I 2026-05-28 23:22:56,335] Trial 876 finished with value: 6.452475005399702 and parameters: {'ISTN': 63.60419246399121, 'I_gpe': 2.0873764651574085, 'I_gpi': 2.191717889668124, 'noise_stn_sigma': 6.628476015173773, 'noise_gpe_sigma': 125.56611108736045, 'noise_gpi_sigma': 99.43418669790337, 'g_stn_gpe_mult': 3.4238483656283485, 'g_gpe_stn_mult': 0.715035734571995, 'g_stn_gpi_mult': 3.1636800213610385, 'g_gpe_gpi_mult': 0.8556738750285282}. Best is trial 659 with value: 1.772618881235328.
[I 2026-05-28 23:22:57,341] Trial 877 finished with value: 10.55456852944453 and parameters: {'ISTN': 65.08273980010297, 'I_gpe': 2.089192289901413, 'I_gpi': 2.2929088487894616, 'noise_stn_sigma': 6.480757512507375, 'noise_gpe_sigma': 123.92733634444068, 'noise_gpi_sigma': 98.30620714003793, 'g_stn_gpe_mult': 3.3012243571004523, 'g_gpe_stn_mult': 0.7127433390365573, 'g_stn_gpi_mult': 3.167916431151447, 'g_gpe_gpi_mult': 0.8253547420668597}. Best is trial 659 with value: 1.772618881235328.
[I 2026-05-28 23:22:58,348] Trial 878 finished with value: 5.0826460767589365 and parameters: {'ISTN': 64.21781583701866, 'I_gpe': 2.0682055509484645, 'I_gpi': 2.232020537387616, 'noise_stn_sigma': 6.80854487109421, 'noise_gpe_sigma': 124.88227350048946, 'noise_gpi_sigma': 98.23747124247981, 'g_stn_gpe_mult': 3.3321387597506957, 'g_gpe_stn_mult': 0.7228172459331815, 'g_stn_gpi_mult': 3.222867560451825, 'g_gpe_gpi_mult': 0.8667411125462876}. Best is trial 659 with value: 1.772618881235328.
[I 2026-05-28 23:22:59,357] Trial 879 finished with value: 8.09922663584171 and parameters: {'ISTN': 65.35332227585546, 'I_gpe': 2.1037933816407914, 'I_gpi': 2.248403444871821, 'noise_stn_sigma': 6.588861166116699, 'noise_gpe_sigma': 127.86410170788103, 'noise_gpi_sigma': 96.45580549554124, 'g_stn_gpe_mult': 3.3468075848469487, 'g_gpe_stn_mult': 0.722021974366496, 'g_stn_gpi_mult': 3.2027494732481925, 'g_gpe_gpi_mult': 0.8313396798317338}. Best is trial 659 with value: 1.772618881235328.
