[I 2026-05-29 00:08:43,924] Trial 572 finished with value: 0.15839194956848532 and parameters: {'ISTN': 62.33952814759863, 'I_gpe': 1.3347008449747217, 'I_gpi': 1.956479143673246, 'noise_stn_sigma': 2.8165842324619783, 'noise_gpe_sigma': 130.72840095067846, 'noise_gpi_sigma': 73.97990232083616, 'g_stn_gpe_mult': 2.524410113496515, 'g_gpe_stn_mult': 0.10449178394045179, 'g_stn_gpi_mult': 2.5810110837371747, 'g_gpe_gpi_mult': 0.3733643671021857}. Best is trial 542 with value: 0.15151530881891187.
[I 2026-05-29 00:08:44,931] Trial 573 finished with value: 0.19398365009430507 and parameters: {'ISTN': 66.09275682556354, 'I_gpe': 1.183650894141631, 'I_gpi': 1.921807508456885, 'noise_stn_sigma': 2.6806405185383175, 'noise_gpe_sigma': 121.78624687590008, 'noise_gpi_sigma': 63.60538840858067, 'g_stn_gpe_mult': 2.4604262150717693, 'g_gpe_stn_mult': 0.11069164057864633, 'g_stn_gpi_mult': 2.62777310468406, 'g_gpe_gpi_mult': 0.34130890484206}. Best is trial 542 with value: 0.15151530881891187.
[I 2026-05-29 00:08:45,940] Trial 574 finished with value: 0.2109740473648794 and parameters: {'ISTN': 61.30056192601535, 'I_gpe': 1.0504796159662864, 'I_gpi': 1.701940993951486, 'noise_stn_sigma': 2.931353362595151, 'noise_gpe_sigma': 121.17529881674241, 'noise_gpi_sigma': 66.40811879308663, 'g_stn_gpe_mult': 2.592519758172516, 'g_gpe_stn_mult': 0.1779080638419068, 'g_stn_gpi_mult': 2.5679781254263045, 'g_gpe_gpi_mult': 0.30532252231301954}. Best is trial 542 with value: 0.15151530881891187.
[I 2026-05-29 00:08:46,948] Trial 575 finished with value: 0.20556483848574997 and parameters: {'ISTN': 64.48645210827888, 'I_gpe': 1.2195456298818876, 'I_gpi': 1.8199595516124414, 'noise_stn_sigma': 2.5129613803270883, 'noise_gpe_sigma': 120.90699274020031, 'noise_gpi_sigma': 56.8353778779268, 'g_stn_gpe_mult': 2.3684562536340685, 'g_gpe_stn_mult': 0.14167320889863716, 'g_stn_gpi_mult': 2.5607484276179115, 'g_gpe_gpi_mult': 0.3140996525575611}. Best is trial 542 with value: 0.15151530881891187.
[I 2026-05-29 00:08:47,956] Trial 576 finished with value: 0.1637542274739374 and parameters: {'ISTN': 62.866066763550315, 'I_gpe': 1.3026719789255716, 'I_gpi': 1.9773540371826286, 'noise_stn_sigma': 2.94920202783198, 'noise_gpe_sigma': 119.30885122241594, 'noise_gpi_sigma': 58.6088612507773, 'g_stn_gpe_mult': 2.532112859494239, 'g_gpe_stn_mult': 0.147054071811801, 'g_stn_gpi_mult': 2.5132735950950225, 'g_gpe_gpi_mult': 0.32341060799557675}. Best is trial 542 with value: 0.15151530881891187.
[I 2026-05-29 00:08:48,964] Trial 577 finished with value: 0.18180975615526335 and parameters: {'ISTN': 62.43526278523846, 'I_gpe': 1.0700102709216956, 'I_gpi': 1.9635194935308924, 'noise_stn_sigma': 3.0020514138627985, 'noise_gpe_sigma': 114.7098482242648, 'noise_gpi_sigma': 65.95243237157266, 'g_stn_gpe_mult': 2.6201852405008013, 'g_gpe_stn_mult': 0.11735801542030608, 'g_stn_gpi_mult': 2.4547285403914603, 'g_gpe_gpi_mult': 0.42528019781622467}. Best is trial 542 with value: 0.15151530881891187.
[I 2026-05-29 00:08:49,974] Trial 578 finished with value: 0.17646439760307084 and parameters: {'ISTN': 64.40577531395641, 'I_gpe': 1.2624002129931058, 'I_gpi': 1.803030773447242, 'noise_stn_sigma': 2.79731673656401, 'noise_gpe_sigma': 115.12610762298215, 'noise_gpi_sigma': 68.29727561534594, 'g_stn_gpe_mult': 2.6541121402476593, 'g_gpe_stn_mult': 0.12395197182033897, 'g_stn_gpi_mult': 2.4848677426718515, 'g_gpe_gpi_mult': 0.33429786563329034}. Best is trial 542 with value: 0.15151530881891187.
[I 2026-05-29 00:08:50,983] Trial 579 finished with value: 0.19282441977057926 and parameters: {'ISTN': 61.60292055838294, 'I_gpe': 1.0803239490241079, 'I_gpi': 1.8038938939331688, 'noise_stn_sigma': 2.962536155547127, 'noise_gpe_sigma': 120.01093470326363, 'noise_gpi_sigma': 60.67559736288592, 'g_stn_gpe_mult': 2.658167575327931, 'g_gpe_stn_mult': 0.1362925204794297, 'g_stn_gpi_mult': 2.46948551516855, 'g_gpe_gpi_mult': 0.3145316125859495}. Best is trial 542 with value: 0.15151530881891187.
[I 2026-05-29 00:08:51,992] Trial 580 finished with value: 0.16574986824347085 and parameters: {'ISTN': 64.66172893282261, 'I_gpe': 1.2577757334127668, 'I_gpi': 2.1344208484066547, 'noise_stn_sigma': 2.793855855400223, 'noise_gpe_sigma': 119.71013703891461, 'noise_gpi_sigma': 68.80213916413777, 'g_stn_gpe_mult': 2.7043962118131777, 'g_gpe_stn_mult': 0.10374460603118776, 'g_stn_gpi_mult': 2.4713107159866117, 'g_gpe_gpi_mult': 0.3571072641703574}. Best is trial 542 with value: 0.15151530881891187.
[I 2026-05-29 00:08:53,002] Trial 581 finished with value: 0.19311262456007433 and parameters: {'ISTN': 61.75503605012323, 'I_gpe': 1.1509499006150485, 'I_gpi': 1.7600215901322283, 'noise_stn_sigma': 2.6761021558170093, 'noise_gpe_sigma': 128.8248023604307, 'noise_gpi_sigma': 70.75264735407976, 'g_stn_gpe_mult': 2.6296818754343865, 'g_gpe_stn_mult': 0.12974733765021407, 'g_stn_gpi_mult': 2.391251956742426, 'g_gpe_gpi_mult': 0.33617922201345873}. Best is trial 542 with value: 0.15151530881891187.
[I 2026-05-29 00:08:54,011] Trial 582 finished with value: 0.15744908674505928 and parameters: {'ISTN': 61.89580036846908, 'I_gpe': 1.2054278924498831, 'I_gpi': 1.9645702382573411, 'noise_stn_sigma': 3.0304422349533615, 'noise_gpe_sigma': 123.92931696824586, 'noise_gpi_sigma': 74.04596358163624, 'g_stn_gpe_mult': 2.411002069397867, 'g_gpe_stn_mult': 0.1188896150197144, 'g_stn_gpi_mult': 2.4778212527571055, 'g_gpe_gpi_mult': 0.4128499058295353}. Best is trial 542 with value: 0.15151530881891187.
[I 2026-05-29 00:08:55,021] Trial 583 finished with value: 0.172401151227993 and parameters: {'ISTN': 63.42814037490451, 'I_gpe': 1.3813875219064857, 'I_gpi': 1.9388028990530835, 'noise_stn_sigma': 2.690278175942124, 'noise_gpe_sigma': 132.80157594878375, 'noise_gpi_sigma': 67.79909874464187, 'g_stn_gpe_mult': 2.814317293157594, 'g_gpe_stn_mult': 0.13223592843801502, 'g_stn_gpi_mult': 2.3554634873319475, 'g_gpe_gpi_mult': 0.3289050627828852}. Best is trial 542 with value: 0.15151530881891187.
[I 2026-05-29 00:08:56,030] Trial 584 finished with value: 0.1524241143452162 and parameters: {'ISTN': 61.30835537030265, 'I_gpe': 1.3335606165844374, 'I_gpi': 1.920317467915794, 'noise_stn_sigma': 2.6306457850707394, 'noise_gpe_sigma': 131.40270260081135, 'noise_gpi_sigma': 67.20090453307724, 'g_stn_gpe_mult': 2.6089404958691125, 'g_gpe_stn_mult': 0.14165319804363866, 'g_stn_gpi_mult': 2.451000514102706, 'g_gpe_gpi_mult': 0.2972054508412698}. Best is trial 542 with value: 0.15151530881891187.
[I 2026-05-29 00:08:57,040] Trial 585 finished with value: 0.15897215176411544 and parameters: {'ISTN': 61.08580061640241, 'I_gpe': 1.2837486893296843, 'I_gpi': 1.8254055788936157, 'noise_stn_sigma': 2.726886314639147, 'noise_gpe_sigma': 130.13812118568077, 'noise_gpi_sigma': 75.71347420075152, 'g_stn_gpe_mult': 2.4532937342451726, 'g_gpe_stn_mult': 0.14854668858295483, 'g_stn_gpi_mult': 2.5993875705044234, 'g_gpe_gpi_mult': 0.25979285729578366}. Best is trial 542 with value: 0.15151530881891187.
[I 2026-05-29 00:08:58,047] Trial 586 finished with value: 0.21139297267384344 and parameters: {'ISTN': 65.82187607000816, 'I_gpe': 1.2864843483587995, 'I_gpi': 2.13036998290196, 'noise_stn_sigma': 3.114752151464508, 'noise_gpe_sigma': 121.62973164867428, 'noise_gpi_sigma': 56.237795916885425, 'g_stn_gpe_mult': 2.628902180733061, 'g_gpe_stn_mult': 0.12975865276045787, 'g_stn_gpi_mult': 2.553785780853437, 'g_gpe_gpi_mult': 0.3557127355021463}. Best is trial 542 with value: 0.15151530881891187.
[I 2026-05-29 00:08:59,057] Trial 587 finished with value: 0.16372160727017504 and parameters: {'ISTN': 62.778958938227404, 'I_gpe': 1.3771867831031677, 'I_gpi': 2.076588680052899, 'noise_stn_sigma': 2.8570631067864634, 'noise_gpe_sigma': 127.1243588185955, 'noise_gpi_sigma': 66.99361021142613, 'g_stn_gpe_mult': 2.7473764233273625, 'g_gpe_stn_mult': 0.13350160508612052, 'g_stn_gpi_mult': 2.5464579445453266, 'g_gpe_gpi_mult': 0.34951639451024535}. Best is trial 542 with value: 0.15151530881891187.
[I 2026-05-29 00:09:00,066] Trial 588 finished with value: 0.17870556462575396 and parameters: {'ISTN': 64.46525000807853, 'I_gpe': 1.2456028975223479, 'I_gpi': 1.946812691235501, 'noise_stn_sigma': 2.9559885815059284, 'noise_gpe_sigma': 125.84684563649846, 'noise_gpi_sigma': 60.89163653656322, 'g_stn_gpe_mult': 2.6137648835800507, 'g_gpe_stn_mult': 0.124749617887815, 'g_stn_gpi_mult': 2.3638023569513225, 'g_gpe_gpi_mult': 0.3370949741751812}. Best is trial 542 with value: 0.15151530881891187.
[I 2026-05-29 00:09:01,073] Trial 589 finished with value: 0.15752013407221133 and parameters: {'ISTN': 61.3321920981317, 'I_gpe': 1.2762391129056856, 'I_gpi': 1.9751705404447648, 'noise_stn_sigma': 2.6932415485655268, 'noise_gpe_sigma': 127.2746009676477, 'noise_gpi_sigma': 64.66911925151405, 'g_stn_gpe_mult': 2.665880288382723, 'g_gpe_stn_mult': 0.12775436704175902, 'g_stn_gpi_mult': 2.5845087225438426, 'g_gpe_gpi_mult': 0.349950749146796}. Best is trial 542 with value: 0.15151530881891187.
[I 2026-05-29 00:09:02,081] Trial 590 finished with value: 0.15584047669445314 and parameters: {'ISTN': 61.52737065787821, 'I_gpe': 1.4107223752363018, 'I_gpi': 2.0485919159570924, 'noise_stn_sigma': 2.584543071793607, 'noise_gpe_sigma': 132.78657746733842, 'noise_gpi_sigma': 66.45596409084558, 'g_stn_gpe_mult': 2.4999829404957503, 'g_gpe_stn_mult': 0.14281291603094406, 'g_stn_gpi_mult': 2.6642665106914887, 'g_gpe_gpi_mult': 0.3214900401312345}. Best is trial 542 with value: 0.15151530881891187.
[I 2026-05-29 00:09:03,090] Trial 591 finished with value: 0.24561237201885552 and parameters: {'ISTN': 61.83442712450447, 'I_gpe': 1.478513936061411, 'I_gpi': 1.8750559869241932, 'noise_stn_sigma': 2.5775129179918004, 'noise_gpe_sigma': 131.31150101092393, 'noise_gpi_sigma': 76.79255935948225, 'g_stn_gpe_mult': 2.519697720030803, 'g_gpe_stn_mult': 0.16264919757478713, 'g_stn_gpi_mult': 2.419038761712616, 'g_gpe_gpi_mult': 0.35197363025240963}. Best is trial 542 with value: 0.15151530881891187.
[I 2026-05-29 00:09:04,097] Trial 592 finished with value: 0.16308777453201356 and parameters: {'ISTN': 60.85693797628795, 'I_gpe': 1.2343045057812567, 'I_gpi': 2.1027338635035377, 'noise_stn_sigma': 2.709830241179887, 'noise_gpe_sigma': 133.59132963040992, 'noise_gpi_sigma': 64.87042499230878, 'g_stn_gpe_mult': 2.547302508689479, 'g_gpe_stn_mult': 0.16470280748371802, 'g_stn_gpi_mult': 2.4646561263459152, 'g_gpe_gpi_mult': 0.28904784941252015}. Best is trial 542 with value: 0.15151530881891187.
[I 2026-05-29 00:09:05,106] Trial 593 finished with value: 0.19948096585778313 and parameters: {'ISTN': 60.228693914434444, 'I_gpe': 1.2058115177820825, 'I_gpi': 1.6665937498326933, 'noise_stn_sigma': 2.4040839370177736, 'noise_gpe_sigma': 132.44183383631767, 'noise_gpi_sigma': 79.40612685992375, 'g_stn_gpe_mult': 2.6156136763235875, 'g_gpe_stn_mult': 0.15544978283270053, 'g_stn_gpi_mult': 2.6133764621588096, 'g_gpe_gpi_mult': 0.288844437534005}. Best is trial 542 with value: 0.15151530881891187.
[I 2026-05-29 00:09:06,114] Trial 594 finished with value: 0.14691893632899428 and parameters: {'ISTN': 61.94338073952467, 'I_gpe': 1.4340455278426196, 'I_gpi': 2.036595878815317, 'noise_stn_sigma': 2.7912191080293574, 'noise_gpe_sigma': 128.47236171037667, 'noise_gpi_sigma': 75.6513630015157, 'g_stn_gpe_mult': 2.557266454170522, 'g_gpe_stn_mult': 0.1329048165634732, 'g_stn_gpi_mult': 2.5156983477757833, 'g_gpe_gpi_mult': 0.33177571213007107}. Best is trial 594 with value: 0.14691893632899428.
[I 2026-05-29 00:09:07,126] Trial 595 finished with value: 0.20050378966175816 and parameters: {'ISTN': 60.66428736839935, 'I_gpe': 1.243377637536891, 'I_gpi': 2.023464046771064, 'noise_stn_sigma': 2.6791824480331377, 'noise_gpe_sigma': 138.0276711205678, 'noise_gpi_sigma': 66.21060269491625, 'g_stn_gpe_mult': 2.651035354115744, 'g_gpe_stn_mult': 0.10441334922388351, 'g_stn_gpi_mult': 2.62858743163875, 'g_gpe_gpi_mult': 0.33692163720576307}. Best is trial 594 with value: 0.14691893632899428.
[I 2026-05-29 00:09:08,135] Trial 596 finished with value: 0.17582608349642526 and parameters: {'ISTN': 61.396113078900065, 'I_gpe': 1.3408223865678668, 'I_gpi': 2.125308241905726, 'noise_stn_sigma': 2.758960132716766, 'noise_gpe_sigma': 133.340979776864, 'noise_gpi_sigma': 67.20842921299524, 'g_stn_gpe_mult': 2.4105680971171104, 'g_gpe_stn_mult': 0.1818446135871385, 'g_stn_gpi_mult': 2.4570564275713975, 'g_gpe_gpi_mult': 0.35136694934603807}. Best is trial 594 with value: 0.14691893632899428.
[I 2026-05-29 00:09:09,145] Trial 597 finished with value: 0.1820493761784874 and parameters: {'ISTN': 60.87188623450024, 'I_gpe': 1.2870879777570008, 'I_gpi': 2.199867148897363, 'noise_stn_sigma': 2.808387968176094, 'noise_gpe_sigma': 130.29451186402454, 'noise_gpi_sigma': 56.08979710352747, 'g_stn_gpe_mult': 2.6593518391079174, 'g_gpe_stn_mult': 0.1199932040838473, 'g_stn_gpi_mult': 2.4759401526050544, 'g_gpe_gpi_mult': 0.4127651084576547}. Best is trial 594 with value: 0.14691893632899428.
[I 2026-05-29 00:09:10,152] Trial 598 finished with value: 0.16504397668501022 and parameters: {'ISTN': 60.895015978603965, 'I_gpe': 1.5187746237396738, 'I_gpi': 1.905968470224725, 'noise_stn_sigma': 2.43011650046766, 'noise_gpe_sigma': 135.21119398634966, 'noise_gpi_sigma': 61.428596761766904, 'g_stn_gpe_mult': 2.565423809931329, 'g_gpe_stn_mult': 0.1491211473857548, 'g_stn_gpi_mult': 2.577927654922675, 'g_gpe_gpi_mult': 0.3059906690211903}. Best is trial 594 with value: 0.14691893632899428.
[I 2026-05-29 00:09:11,159] Trial 599 finished with value: 0.16673807743899213 and parameters: {'ISTN': 62.08535746782892, 'I_gpe': 1.4843040273996841, 'I_gpi': 1.874834243996327, 'noise_stn_sigma': 2.5314362253969684, 'noise_gpe_sigma': 137.16966129887027, 'noise_gpi_sigma': 70.70153237919055, 'g_stn_gpe_mult': 2.5591187172580323, 'g_gpe_stn_mult': 0.12524484007818515, 'g_stn_gpi_mult': 2.618148325676972, 'g_gpe_gpi_mult': 0.26717364734945964}. Best is trial 594 with value: 0.14691893632899428.
[I 2026-05-29 00:09:12,166] Trial 600 finished with value: 0.17444780959959233 and parameters: {'ISTN': 61.27190267325986, 'I_gpe': 1.4539351661431685, 'I_gpi': 1.7700813773155106, 'noise_stn_sigma': 2.7337725560078505, 'noise_gpe_sigma': 137.43192990120582, 'noise_gpi_sigma': 66.62504158814302, 'g_stn_gpe_mult': 2.6084106028862597, 'g_gpe_stn_mult': 0.1531645035537079, 'g_stn_gpi_mult': 2.8065170869637397, 'g_gpe_gpi_mult': 0.22402243646060324}. Best is trial 594 with value: 0.14691893632899428.
[I 2026-05-29 00:09:13,173] Trial 601 finished with value: 0.14761441912863937 and parameters: {'ISTN': 60.332013482385925, 'I_gpe': 1.2688965235172187, 'I_gpi': 1.8927024888242143, 'noise_stn_sigma': 2.8289313845354607, 'noise_gpe_sigma': 134.27591781696452, 'noise_gpi_sigma': 72.27006009643927, 'g_stn_gpe_mult': 2.6033067050473724, 'g_gpe_stn_mult': 0.16578873006660766, 'g_stn_gpi_mult': 2.6058346903947776, 'g_gpe_gpi_mult': 0.2883128122108879}. Best is trial 594 with value: 0.14691893632899428.
[I 2026-05-29 00:09:14,181] Trial 602 finished with value: 0.14212297858384645 and parameters: {'ISTN': 60.61800440253406, 'I_gpe': 1.311852043631149, 'I_gpi': 1.9563198603026675, 'noise_stn_sigma': 2.7721932309239197, 'noise_gpe_sigma': 125.64997748623449, 'noise_gpi_sigma': 73.17648265627597, 'g_stn_gpe_mult': 2.5964465543226245, 'g_gpe_stn_mult': 0.1506909359358876, 'g_stn_gpi_mult': 2.38592498131821, 'g_gpe_gpi_mult': 0.3040224813667947}. Best is trial 602 with value: 0.14212297858384645.
[I 2026-05-29 00:09:15,189] Trial 603 finished with value: 0.14855276437960885 and parameters: {'ISTN': 61.12103123632991, 'I_gpe': 1.3401930755663933, 'I_gpi': 1.9358840197526133, 'noise_stn_sigma': 2.6625655163423767, 'noise_gpe_sigma': 129.4910792043329, 'noise_gpi_sigma': 70.29349440709572, 'g_stn_gpe_mult': 2.5243026395639903, 'g_gpe_stn_mult': 0.16993745526266743, 'g_stn_gpi_mult': 2.492318196023625, 'g_gpe_gpi_mult': 0.3246490136175062}. Best is trial 602 with value: 0.14212297858384645.
[I 2026-05-29 00:09:16,196] Trial 604 finished with value: 4.800082033473053 and parameters: {'ISTN': 62.40083522858639, 'I_gpe': 1.584678898190081, 'I_gpi': 2.079497364400836, 'noise_stn_sigma': 2.8113155757205472, 'noise_gpe_sigma': 130.66242926515946, 'noise_gpi_sigma': 71.02751054376773, 'g_stn_gpe_mult': 2.626724296601984, 'g_gpe_stn_mult': 0.14822354006731694, 'g_stn_gpi_mult': 2.4962631080545794, 'g_gpe_gpi_mult': 0.2403723195960384}. Best is trial 602 with value: 0.14212297858384645.
[I 2026-05-29 00:09:17,204] Trial 605 finished with value: 0.1615495264386519 and parameters: {'ISTN': 62.4545940744578, 'I_gpe': 1.471145314985274, 'I_gpi': 2.055280383489195, 'noise_stn_sigma': 2.390613299726575, 'noise_gpe_sigma': 132.82537557850387, 'noise_gpi_sigma': 73.61402664777754, 'g_stn_gpe_mult': 2.5108923669352032, 'g_gpe_stn_mult': 0.1396165741383776, 'g_stn_gpi_mult': 2.6201941291673716, 'g_gpe_gpi_mult': 0.2624922279842823}. Best is trial 602 with value: 0.14212297858384645.
[I 2026-05-29 00:09:18,212] Trial 606 finished with value: 0.1659476136325974 and parameters: {'ISTN': 62.26012928150957, 'I_gpe': 1.522912902266797, 'I_gpi': 2.0903893517939145, 'noise_stn_sigma': 2.8227096727589442, 'noise_gpe_sigma': 129.91245812446078, 'noise_gpi_sigma': 69.0528616972532, 'g_stn_gpe_mult': 2.376327467765173, 'g_gpe_stn_mult': 0.10862358269728481, 'g_stn_gpi_mult': 2.366777839963702, 'g_gpe_gpi_mult': 0.30731455252470014}. Best is trial 602 with value: 0.14212297858384645.
[I 2026-05-29 00:09:19,219] Trial 607 finished with value: 0.5723531236378049 and parameters: {'ISTN': 60.82530851524679, 'I_gpe': 1.3014130322795352, 'I_gpi': 1.9278237321719751, 'noise_stn_sigma': 3.314252983675946, 'noise_gpe_sigma': 130.13607731888493, 'noise_gpi_sigma': 75.27390444514458, 'g_stn_gpe_mult': 2.5147514549942076, 'g_gpe_stn_mult': 0.18603632462782488, 'g_stn_gpi_mult': 2.381179710865677, 'g_gpe_gpi_mult': 0.29641844002948536}. Best is trial 602 with value: 0.14212297858384645.
[I 2026-05-29 00:09:20,227] Trial 608 finished with value: 0.16345135734004781 and parameters: {'ISTN': 63.412200734109675, 'I_gpe': 1.3001182339109993, 'I_gpi': 1.9004653784031675, 'noise_stn_sigma': 2.6623980721575853, 'noise_gpe_sigma': 127.05208387407329, 'noise_gpi_sigma': 72.9658930038599, 'g_stn_gpe_mult': 2.680095776940763, 'g_gpe_stn_mult': 0.14424646905678104, 'g_stn_gpi_mult': 2.6562398646856664, 'g_gpe_gpi_mult': 0.2910384671117174}. Best is trial 602 with value: 0.14212297858384645.
[I 2026-05-29 00:09:21,235] Trial 609 finished with value: 0.18514539479889278 and parameters: {'ISTN': 62.58397719747854, 'I_gpe': 1.2925241530907146, 'I_gpi': 1.8550711647264158, 'noise_stn_sigma': 2.684300321199686, 'noise_gpe_sigma': 139.734128087008, 'noise_gpi_sigma': 69.88748102989076, 'g_stn_gpe_mult': 2.7242499994463723, 'g_gpe_stn_mult': 0.17489344913097213, 'g_stn_gpi_mult': 2.6024568077508734, 'g_gpe_gpi_mult': 0.2392230256616964}. Best is trial 602 with value: 0.14212297858384645.
[I 2026-05-29 00:09:22,243] Trial 610 finished with value: 0.14707810558270398 and parameters: {'ISTN': 60.97687428770768, 'I_gpe': 1.4096150102971965, 'I_gpi': 2.0630729128830865, 'noise_stn_sigma': 2.839075006703308, 'noise_gpe_sigma': 121.44967760548037, 'noise_gpi_sigma': 69.63192976857665, 'g_stn_gpe_mult': 2.535357546273352, 'g_gpe_stn_mult': 0.11358755116515856, 'g_stn_gpi_mult': 2.464871575304545, 'g_gpe_gpi_mult': 0.4347858403244681}. Best is trial 602 with value: 0.14212297858384645.
[I 2026-05-29 00:09:23,249] Trial 611 finished with value: 1.440385762386367 and parameters: {'ISTN': 62.27396827780718, 'I_gpe': 1.179318453273778, 'I_gpi': 1.995506978071013, 'noise_stn_sigma': 3.100734756978592, 'noise_gpe_sigma': 117.75826657066975, 'noise_gpi_sigma': 69.03812296700312, 'g_stn_gpe_mult': 2.6372805439977425, 'g_gpe_stn_mult': 0.16101226311067135, 'g_stn_gpi_mult': 2.4304076531833987, 'g_gpe_gpi_mult': 0.3994638071357978}. Best is trial 602 with value: 0.14212297858384645.
[I 2026-05-29 00:09:24,256] Trial 612 finished with value: 0.15824903988687447 and parameters: {'ISTN': 61.70793753096298, 'I_gpe': 1.3812580678273927, 'I_gpi': 1.8672242087975737, 'noise_stn_sigma': 2.936273170392713, 'noise_gpe_sigma': 127.89900802283498, 'noise_gpi_sigma': 77.63628795448652, 'g_stn_gpe_mult': 2.594206301880606, 'g_gpe_stn_mult': 0.16282199942606224, 'g_stn_gpi_mult': 2.555607029859189, 'g_gpe_gpi_mult': 0.2750543210292483}. Best is trial 602 with value: 0.14212297858384645.
[I 2026-05-29 00:09:25,264] Trial 613 finished with value: 0.15570107349819132 and parameters: {'ISTN': 61.244859170486706, 'I_gpe': 1.3920095805036892, 'I_gpi': 1.956330859900004, 'noise_stn_sigma': 2.547870157982245, 'noise_gpe_sigma': 128.83499924511386, 'noise_gpi_sigma': 76.13519606878242, 'g_stn_gpe_mult': 2.5257882400883878, 'g_gpe_stn_mult': 0.12890052089933124, 'g_stn_gpi_mult': 2.4932342858411145, 'g_gpe_gpi_mult': 0.31981322291805403}. Best is trial 602 with value: 0.14212297858384645.
[I 2026-05-29 00:09:26,272] Trial 614 finished with value: 0.1535398538476761 and parameters: {'ISTN': 61.93608272578268, 'I_gpe': 1.3092977095186094, 'I_gpi': 2.0094853478766863, 'noise_stn_sigma': 2.9061725992671055, 'noise_gpe_sigma': 122.69667809868882, 'noise_gpi_sigma': 69.10734858875584, 'g_stn_gpe_mult': 2.5211605757676705, 'g_gpe_stn_mult': 0.1285281761671947, 'g_stn_gpi_mult': 2.5142803947339623, 'g_gpe_gpi_mult': 0.41660505533424996}. Best is trial 602 with value: 0.14212297858384645.
[I 2026-05-29 00:09:27,279] Trial 615 finished with value: 0.15317002878539235 and parameters: {'ISTN': 61.027664151703874, 'I_gpe': 1.3896844932468664, 'I_gpi': 2.074045624226824, 'noise_stn_sigma': 2.749444168644909, 'noise_gpe_sigma': 126.77208050920572, 'noise_gpi_sigma': 71.75849039649218, 'g_stn_gpe_mult': 2.6544460945025787, 'g_gpe_stn_mult': 0.12055573709683007, 'g_stn_gpi_mult': 2.546687711530893, 'g_gpe_gpi_mult': 0.31013661237451573}. Best is trial 602 with value: 0.14212297858384645.
